[2023-03-23 10:54:07,864] {taskinstance.py:1159} INFO - Dependencies all met for <TaskInstance: defence_dag2.storing manual__2023-03-23T10:54:06.526256+00:00 [queued]>
[2023-03-23 10:54:07,873] {taskinstance.py:1159} INFO - Dependencies all met for <TaskInstance: defence_dag2.storing manual__2023-03-23T10:54:06.526256+00:00 [queued]>
[2023-03-23 10:54:07,873] {taskinstance.py:1356} INFO - 
--------------------------------------------------------------------------------
[2023-03-23 10:54:07,874] {taskinstance.py:1357} INFO - Starting attempt 1 of 1
[2023-03-23 10:54:07,874] {taskinstance.py:1358} INFO - 
--------------------------------------------------------------------------------
[2023-03-23 10:54:07,887] {taskinstance.py:1377} INFO - Executing <Task(BashOperator): storing> on 2023-03-23 10:54:06.526256+00:00
[2023-03-23 10:54:07,892] {standard_task_runner.py:52} INFO - Started process 318 to run task
[2023-03-23 10:54:07,895] {standard_task_runner.py:79} INFO - Running: ['***', 'tasks', 'run', 'defence_dag2', 'storing', 'manual__2023-03-23T10:54:06.526256+00:00', '--job-id', '2598', '--raw', '--subdir', 'DAGS_FOLDER/defese.py', '--cfg-path', '/tmp/tmps3hrlac5', '--error-file', '/tmp/tmpi7awosz5']
[2023-03-23 10:54:07,896] {standard_task_runner.py:80} INFO - Job 2598: Subtask storing
[2023-03-23 10:54:07,946] {task_command.py:369} INFO - Running <TaskInstance: defence_dag2.storing manual__2023-03-23T10:54:06.526256+00:00 [running]> on host 6447f1dacd32
[2023-03-23 10:54:08,013] {taskinstance.py:1571} INFO - Exporting the following env vars:
AIRFLOW_CTX_DAG_OWNER=***
AIRFLOW_CTX_DAG_ID=defence_dag2
AIRFLOW_CTX_TASK_ID=storing
AIRFLOW_CTX_EXECUTION_DATE=2023-03-23T10:54:06.526256+00:00
AIRFLOW_CTX_TRY_NUMBER=1
AIRFLOW_CTX_DAG_RUN_ID=manual__2023-03-23T10:54:06.526256+00:00
[2023-03-23 10:54:08,014] {subprocess.py:62} INFO - Tmp dir root location: 
 /tmp
[2023-03-23 10:54:08,015] {subprocess.py:74} INFO - Running command: ['bash', '-c', 'sleep 1']
[2023-03-23 10:54:08,023] {subprocess.py:85} INFO - Output:
[2023-03-23 10:54:09,027] {subprocess.py:96} INFO - Command exited with return code 0
[2023-03-23 10:54:09,070] {taskinstance.py:1400} INFO - Marking task as SUCCESS. dag_id=defence_dag2, task_id=storing, execution_date=20230323T105406, start_date=20230323T105407, end_date=20230323T105409
[2023-03-23 10:54:09,116] {local_task_job.py:156} INFO - Task exited with return code 0
[2023-03-23 10:54:09,151] {local_task_job.py:273} INFO - 1 downstream tasks scheduled from follow-on schedule check
