[2023-04-27 08:27:44,145] {taskinstance.py:1159} INFO - Dependencies all met for <TaskInstance: multi_attack_dag.to_attack_BoundaryAttack scheduled__2023-04-26T00:00:00+00:00 [queued]>
[2023-04-27 08:27:44,236] {taskinstance.py:1159} INFO - Dependencies all met for <TaskInstance: multi_attack_dag.to_attack_BoundaryAttack scheduled__2023-04-26T00:00:00+00:00 [queued]>
[2023-04-27 08:27:44,237] {taskinstance.py:1356} INFO - 
--------------------------------------------------------------------------------
[2023-04-27 08:27:44,238] {taskinstance.py:1357} INFO - Starting attempt 2 of 2
[2023-04-27 08:27:44,238] {taskinstance.py:1358} INFO - 
--------------------------------------------------------------------------------
[2023-04-27 08:27:44,287] {taskinstance.py:1377} INFO - Executing <Task(BranchPythonOperator): to_attack_BoundaryAttack> on 2023-04-26 00:00:00+00:00
[2023-04-27 08:27:44,306] {standard_task_runner.py:52} INFO - Started process 697 to run task
[2023-04-27 08:27:44,318] {standard_task_runner.py:79} INFO - Running: ['***', 'tasks', 'run', 'multi_attack_dag', 'to_attack_BoundaryAttack', 'scheduled__2023-04-26T00:00:00+00:00', '--job-id', '6350', '--raw', '--subdir', 'DAGS_FOLDER/attack_dag.py', '--cfg-path', '/tmp/tmpir5bv4dk', '--error-file', '/tmp/tmpiw_7w7f6']
[2023-04-27 08:27:44,320] {standard_task_runner.py:80} INFO - Job 6350: Subtask to_attack_BoundaryAttack
[2023-04-27 08:27:44,772] {task_command.py:369} INFO - Running <TaskInstance: multi_attack_dag.to_attack_BoundaryAttack scheduled__2023-04-26T00:00:00+00:00 [running]> on host e7e31d5a6603
[2023-04-27 08:27:45,253] {taskinstance.py:1571} INFO - Exporting the following env vars:
AIRFLOW_CTX_DAG_OWNER=***
AIRFLOW_CTX_DAG_ID=multi_attack_dag
AIRFLOW_CTX_TASK_ID=to_attack_BoundaryAttack
AIRFLOW_CTX_EXECUTION_DATE=2023-04-26T00:00:00+00:00
AIRFLOW_CTX_TRY_NUMBER=2
AIRFLOW_CTX_DAG_RUN_ID=scheduled__2023-04-26T00:00:00+00:00
[2023-04-27 08:27:45,281] {python.py:173} INFO - Done. Returned value was: default
[2023-04-27 08:27:45,282] {skipmixin.py:140} INFO - Following branch default
[2023-04-27 08:27:45,283] {skipmixin.py:175} INFO - Skipping tasks ['attack_BoundaryAttack']
[2023-04-27 08:27:45,473] {taskinstance.py:1400} INFO - Marking task as SUCCESS. dag_id=multi_attack_dag, task_id=to_attack_BoundaryAttack, execution_date=20230426T000000, start_date=20230427T082744, end_date=20230427T082745
[2023-04-27 08:27:45,559] {local_task_job.py:156} INFO - Task exited with return code 0
[2023-04-27 08:27:46,702] {local_task_job.py:273} INFO - 0 downstream tasks scheduled from follow-on schedule check
