[2023-03-23 12:02:09,462] {taskinstance.py:1159} INFO - Dependencies all met for <TaskInstance: defence_dag2.storing manual__2023-03-23T12:02:07.333987+00:00 [queued]>
[2023-03-23 12:02:09,470] {taskinstance.py:1159} INFO - Dependencies all met for <TaskInstance: defence_dag2.storing manual__2023-03-23T12:02:07.333987+00:00 [queued]>
[2023-03-23 12:02:09,471] {taskinstance.py:1356} INFO - 
--------------------------------------------------------------------------------
[2023-03-23 12:02:09,471] {taskinstance.py:1357} INFO - Starting attempt 1 of 1
[2023-03-23 12:02:09,472] {taskinstance.py:1358} INFO - 
--------------------------------------------------------------------------------
[2023-03-23 12:02:09,485] {taskinstance.py:1377} INFO - Executing <Task(BashOperator): storing> on 2023-03-23 12:02:07.333987+00:00
[2023-03-23 12:02:09,490] {standard_task_runner.py:52} INFO - Started process 3737 to run task
[2023-03-23 12:02:09,492] {standard_task_runner.py:79} INFO - Running: ['***', 'tasks', 'run', 'defence_dag2', 'storing', 'manual__2023-03-23T12:02:07.333987+00:00', '--job-id', '2691', '--raw', '--subdir', 'DAGS_FOLDER/defese.py', '--cfg-path', '/tmp/tmpy7n4b52b', '--error-file', '/tmp/tmpr_lf7vl2']
[2023-03-23 12:02:09,493] {standard_task_runner.py:80} INFO - Job 2691: Subtask storing
[2023-03-23 12:02:09,538] {task_command.py:369} INFO - Running <TaskInstance: defence_dag2.storing manual__2023-03-23T12:02:07.333987+00:00 [running]> on host 6447f1dacd32
[2023-03-23 12:02:09,594] {taskinstance.py:1571} INFO - Exporting the following env vars:
AIRFLOW_CTX_DAG_OWNER=***
AIRFLOW_CTX_DAG_ID=defence_dag2
AIRFLOW_CTX_TASK_ID=storing
AIRFLOW_CTX_EXECUTION_DATE=2023-03-23T12:02:07.333987+00:00
AIRFLOW_CTX_TRY_NUMBER=1
AIRFLOW_CTX_DAG_RUN_ID=manual__2023-03-23T12:02:07.333987+00:00
[2023-03-23 12:02:09,596] {subprocess.py:62} INFO - Tmp dir root location: 
 /tmp
[2023-03-23 12:02:09,597] {subprocess.py:74} INFO - Running command: ['bash', '-c', 'sleep 1']
[2023-03-23 12:02:09,605] {subprocess.py:85} INFO - Output:
[2023-03-23 12:02:10,608] {subprocess.py:96} INFO - Command exited with return code 0
[2023-03-23 12:02:10,654] {taskinstance.py:1400} INFO - Marking task as SUCCESS. dag_id=defence_dag2, task_id=storing, execution_date=20230323T120207, start_date=20230323T120209, end_date=20230323T120210
[2023-03-23 12:02:10,676] {local_task_job.py:156} INFO - Task exited with return code 0
[2023-03-23 12:02:10,713] {local_task_job.py:273} INFO - 1 downstream tasks scheduled from follow-on schedule check
