[2023-04-09 11:37:10,629] {taskinstance.py:1159} INFO - Dependencies all met for <TaskInstance: multi_defence_dag.choose_best manual__2023-04-09T11:36:47.078765+00:00 [queued]>
[2023-04-09 11:37:10,647] {taskinstance.py:1159} INFO - Dependencies all met for <TaskInstance: multi_defence_dag.choose_best manual__2023-04-09T11:36:47.078765+00:00 [queued]>
[2023-04-09 11:37:10,648] {taskinstance.py:1356} INFO - 
--------------------------------------------------------------------------------
[2023-04-09 11:37:10,649] {taskinstance.py:1357} INFO - Starting attempt 1 of 2
[2023-04-09 11:37:10,650] {taskinstance.py:1358} INFO - 
--------------------------------------------------------------------------------
[2023-04-09 11:37:10,679] {taskinstance.py:1377} INFO - Executing <Task(PythonOperator): choose_best> on 2023-04-09 11:36:47.078765+00:00
[2023-04-09 11:37:10,746] {standard_task_runner.py:52} INFO - Started process 11915 to run task
[2023-04-09 11:37:10,751] {standard_task_runner.py:79} INFO - Running: ['***', 'tasks', 'run', 'multi_defence_dag', 'choose_best', 'manual__2023-04-09T11:36:47.078765+00:00', '--job-id', '4959', '--raw', '--subdir', 'DAGS_FOLDER/defence_dag.py', '--cfg-path', '/tmp/tmp8xprfccy', '--error-file', '/tmp/tmp5drhgdys']
[2023-04-09 11:37:10,753] {standard_task_runner.py:80} INFO - Job 4959: Subtask choose_best
[2023-04-09 11:37:10,900] {task_command.py:369} INFO - Running <TaskInstance: multi_defence_dag.choose_best manual__2023-04-09T11:36:47.078765+00:00 [running]> on host ff3d40af78f9
[2023-04-09 11:37:11,067] {taskinstance.py:1571} INFO - Exporting the following env vars:
AIRFLOW_CTX_DAG_OWNER=***
AIRFLOW_CTX_DAG_ID=multi_defence_dag
AIRFLOW_CTX_TASK_ID=choose_best
AIRFLOW_CTX_EXECUTION_DATE=2023-04-09T11:36:47.078765+00:00
AIRFLOW_CTX_TRY_NUMBER=1
AIRFLOW_CTX_DAG_RUN_ID=manual__2023-04-09T11:36:47.078765+00:00
[2023-04-09 11:37:11,172] {transport.py:157} INFO - Attempting refresh to obtain initial access_token
[2023-04-09 11:37:11,181] {client.py:777} INFO - Refreshing access_token
[2023-04-09 11:37:12,144] {transport.py:157} INFO - Attempting refresh to obtain initial access_token
[2023-04-09 11:37:12,150] {client.py:777} INFO - Refreshing access_token
[2023-04-09 11:37:12,691] {python.py:173} INFO - Done. Returned value was: None
[2023-04-09 11:37:12,747] {taskinstance.py:1400} INFO - Marking task as SUCCESS. dag_id=multi_defence_dag, task_id=choose_best, execution_date=20230409T113647, start_date=20230409T113710, end_date=20230409T113712
[2023-04-09 11:37:12,844] {local_task_job.py:156} INFO - Task exited with return code 0
[2023-04-09 11:37:12,940] {local_task_job.py:273} INFO - 1 downstream tasks scheduled from follow-on schedule check
