[2023-04-30 09:39:08,715] {taskinstance.py:1159} INFO - Dependencies all met for <TaskInstance: multi_defence_dag.to_defend manual__2023-04-30T09:38:45.600218+00:00 [queued]>
[2023-04-30 09:39:08,737] {taskinstance.py:1159} INFO - Dependencies all met for <TaskInstance: multi_defence_dag.to_defend manual__2023-04-30T09:38:45.600218+00:00 [queued]>
[2023-04-30 09:39:08,738] {taskinstance.py:1356} INFO - 
--------------------------------------------------------------------------------
[2023-04-30 09:39:08,739] {taskinstance.py:1357} INFO - Starting attempt 1 of 2
[2023-04-30 09:39:08,740] {taskinstance.py:1358} INFO - 
--------------------------------------------------------------------------------
[2023-04-30 09:39:08,769] {taskinstance.py:1377} INFO - Executing <Task(BranchPythonOperator): to_defend> on 2023-04-30 09:38:45.600218+00:00
[2023-04-30 09:39:08,785] {standard_task_runner.py:52} INFO - Started process 1979 to run task
[2023-04-30 09:39:08,790] {standard_task_runner.py:79} INFO - Running: ['***', 'tasks', 'run', 'multi_defence_dag', 'to_defend', 'manual__2023-04-30T09:38:45.600218+00:00', '--job-id', '7342', '--raw', '--subdir', 'DAGS_FOLDER/defence_dag.py', '--cfg-path', '/tmp/tmp1ouw7t9g', '--error-file', '/tmp/tmp9eonb487']
[2023-04-30 09:39:08,791] {standard_task_runner.py:80} INFO - Job 7342: Subtask to_defend
[2023-04-30 09:39:08,894] {task_command.py:369} INFO - Running <TaskInstance: multi_defence_dag.to_defend manual__2023-04-30T09:38:45.600218+00:00 [running]> on host e7e31d5a6603
[2023-04-30 09:39:09,055] {taskinstance.py:1571} INFO - Exporting the following env vars:
AIRFLOW_CTX_DAG_OWNER=***
AIRFLOW_CTX_DAG_ID=multi_defence_dag
AIRFLOW_CTX_TASK_ID=to_defend
AIRFLOW_CTX_EXECUTION_DATE=2023-04-30T09:38:45.600218+00:00
AIRFLOW_CTX_TRY_NUMBER=1
AIRFLOW_CTX_DAG_RUN_ID=manual__2023-04-30T09:38:45.600218+00:00
[2023-04-30 09:39:09,061] {transport.py:157} INFO - Attempting refresh to obtain initial access_token
[2023-04-30 09:39:09,067] {client.py:777} INFO - Refreshing access_token
[2023-04-30 09:39:09,940] {python.py:173} INFO - Done. Returned value was: stop
[2023-04-30 09:39:09,941] {skipmixin.py:140} INFO - Following branch stop
[2023-04-30 09:39:09,942] {skipmixin.py:175} INFO - Skipping tasks ['trigger_offence']
[2023-04-30 09:39:10,104] {taskinstance.py:1400} INFO - Marking task as SUCCESS. dag_id=multi_defence_dag, task_id=to_defend, execution_date=20230430T093845, start_date=20230430T093908, end_date=20230430T093910
[2023-04-30 09:39:10,171] {local_task_job.py:156} INFO - Task exited with return code 0
[2023-04-30 09:39:10,280] {local_task_job.py:273} INFO - 1 downstream tasks scheduled from follow-on schedule check
