[2023-04-30 09:13:13,066] {taskinstance.py:1159} INFO - Dependencies all met for <TaskInstance: multi_attack_dag.attack_UniversalPerturbation manual__2023-04-30T09:07:35.568192+00:00 [queued]>
[2023-04-30 09:13:13,092] {taskinstance.py:1159} INFO - Dependencies all met for <TaskInstance: multi_attack_dag.attack_UniversalPerturbation manual__2023-04-30T09:07:35.568192+00:00 [queued]>
[2023-04-30 09:13:13,092] {taskinstance.py:1356} INFO - 
--------------------------------------------------------------------------------
[2023-04-30 09:13:13,094] {taskinstance.py:1357} INFO - Starting attempt 2 of 2
[2023-04-30 09:13:13,094] {taskinstance.py:1358} INFO - 
--------------------------------------------------------------------------------
[2023-04-30 09:13:13,156] {taskinstance.py:1377} INFO - Executing <Task(PythonOperator): attack_UniversalPerturbation> on 2023-04-30 09:07:35.568192+00:00
[2023-04-30 09:13:13,182] {standard_task_runner.py:52} INFO - Started process 522 to run task
[2023-04-30 09:13:13,202] {standard_task_runner.py:79} INFO - Running: ['***', 'tasks', 'run', 'multi_attack_dag', 'attack_UniversalPerturbation', 'manual__2023-04-30T09:07:35.568192+00:00', '--job-id', '7250', '--raw', '--subdir', 'DAGS_FOLDER/attack_dag.py', '--cfg-path', '/tmp/tmp77rsn4x7', '--error-file', '/tmp/tmp8rzna2fg']
[2023-04-30 09:13:13,205] {standard_task_runner.py:80} INFO - Job 7250: Subtask attack_UniversalPerturbation
[2023-04-30 09:13:13,385] {task_command.py:369} INFO - Running <TaskInstance: multi_attack_dag.attack_UniversalPerturbation manual__2023-04-30T09:07:35.568192+00:00 [running]> on host e7e31d5a6603
[2023-04-30 09:13:13,535] {taskinstance.py:1571} INFO - Exporting the following env vars:
AIRFLOW_CTX_DAG_OWNER=***
AIRFLOW_CTX_DAG_ID=multi_attack_dag
AIRFLOW_CTX_TASK_ID=attack_UniversalPerturbation
AIRFLOW_CTX_EXECUTION_DATE=2023-04-30T09:07:35.568192+00:00
AIRFLOW_CTX_TRY_NUMBER=2
AIRFLOW_CTX_DAG_RUN_ID=manual__2023-04-30T09:07:35.568192+00:00
[2023-04-30 09:13:13,540] {transport.py:157} INFO - Attempting refresh to obtain initial access_token
[2023-04-30 09:13:13,546] {client.py:777} INFO - Refreshing access_token
[2023-04-30 09:13:14,978] {transport.py:157} INFO - Attempting refresh to obtain initial access_token
[2023-04-30 09:13:14,985] {client.py:777} INFO - Refreshing access_token
[2023-04-30 09:13:15,795] {taskinstance.py:1889} ERROR - Task failed with exception
Traceback (most recent call last):
  File "/home/airflow/.local/lib/python3.7/site-packages/airflow/operators/python.py", line 171, in execute
    return_value = self.execute_callable()
  File "/home/airflow/.local/lib/python3.7/site-packages/airflow/operators/python.py", line 189, in execute_callable
    return self.python_callable(*self.op_args, **self.op_kwargs)
  File "/opt/airflow/dags/attack.py", line 63, in attack_UniversalPerturbation
    model_acc, adversarial_examples  = attack(UniversalPerturbation)
  File "/opt/airflow/dags/attack.py", line 33, in attack
    estimator = get_estimator()
  File "/opt/airflow/dags/estimator_helpers.py", line 53, in get_estimator
    model = load_from_bucket("ML_model.pickle")
  File "/opt/airflow/dags/helpers.py", line 123, in load_from_bucket
    raise err
  File "/opt/airflow/dags/helpers.py", line 120, in load_from_bucket
    loaded_obj = cloudpickle.load(f)
TypeError: code() takes at most 15 arguments (16 given)
[2023-04-30 09:13:15,833] {taskinstance.py:1400} INFO - Marking task as FAILED. dag_id=multi_attack_dag, task_id=attack_UniversalPerturbation, execution_date=20230430T090735, start_date=20230430T091313, end_date=20230430T091315
[2023-04-30 09:13:15,866] {standard_task_runner.py:97} ERROR - Failed to execute job 7250 for task attack_UniversalPerturbation (code() takes at most 15 arguments (16 given); 522)
[2023-04-30 09:13:15,911] {local_task_job.py:156} INFO - Task exited with return code 1
[2023-04-30 09:13:16,015] {local_task_job.py:273} INFO - 0 downstream tasks scheduled from follow-on schedule check
