[2023-03-23 12:01:00,833] {taskinstance.py:1159} INFO - Dependencies all met for <TaskInstance: attack_dag2.attack manual__2023-03-23T12:01:00.248674+00:00 [queued]>
[2023-03-23 12:01:00,841] {taskinstance.py:1159} INFO - Dependencies all met for <TaskInstance: attack_dag2.attack manual__2023-03-23T12:01:00.248674+00:00 [queued]>
[2023-03-23 12:01:00,841] {taskinstance.py:1356} INFO - 
--------------------------------------------------------------------------------
[2023-03-23 12:01:00,842] {taskinstance.py:1357} INFO - Starting attempt 1 of 1
[2023-03-23 12:01:00,842] {taskinstance.py:1358} INFO - 
--------------------------------------------------------------------------------
[2023-03-23 12:01:00,855] {taskinstance.py:1377} INFO - Executing <Task(PythonOperator): attack> on 2023-03-23 12:01:00.248674+00:00
[2023-03-23 12:01:00,860] {standard_task_runner.py:52} INFO - Started process 3601 to run task
[2023-03-23 12:01:00,862] {standard_task_runner.py:79} INFO - Running: ['***', 'tasks', 'run', 'attack_dag2', 'attack', 'manual__2023-03-23T12:01:00.248674+00:00', '--job-id', '2659', '--raw', '--subdir', 'DAGS_FOLDER/attack.py', '--cfg-path', '/tmp/tmp03i8ionz', '--error-file', '/tmp/tmpnl1jxwyu']
[2023-03-23 12:01:00,863] {standard_task_runner.py:80} INFO - Job 2659: Subtask attack
[2023-03-23 12:01:00,910] {task_command.py:369} INFO - Running <TaskInstance: attack_dag2.attack manual__2023-03-23T12:01:00.248674+00:00 [running]> on host 6447f1dacd32
[2023-03-23 12:01:00,969] {taskinstance.py:1571} INFO - Exporting the following env vars:
AIRFLOW_CTX_DAG_OWNER=***
AIRFLOW_CTX_DAG_ID=attack_dag2
AIRFLOW_CTX_TASK_ID=attack
AIRFLOW_CTX_EXECUTION_DATE=2023-03-23T12:01:00.248674+00:00
AIRFLOW_CTX_TRY_NUMBER=1
AIRFLOW_CTX_DAG_RUN_ID=manual__2023-03-23T12:01:00.248674+00:00
[2023-03-23 12:01:00,976] {transport.py:157} INFO - Attempting refresh to obtain initial access_token
[2023-03-23 12:01:00,978] {client.py:777} INFO - Refreshing access_token
[2023-03-23 12:01:03,511] {transport.py:157} INFO - Attempting refresh to obtain initial access_token
[2023-03-23 12:01:03,513] {client.py:777} INFO - Refreshing access_token
[2023-03-23 12:01:04,338] {python.py:173} INFO - Done. Returned value was: None
[2023-03-23 12:01:04,360] {taskinstance.py:1400} INFO - Marking task as SUCCESS. dag_id=attack_dag2, task_id=attack, execution_date=20230323T120100, start_date=20230323T120100, end_date=20230323T120104
[2023-03-23 12:01:04,419] {local_task_job.py:156} INFO - Task exited with return code 0
[2023-03-23 12:01:04,486] {local_task_job.py:273} INFO - 1 downstream tasks scheduled from follow-on schedule check
