[2023-04-09 08:49:47,510] {taskinstance.py:1159} INFO - Dependencies all met for <TaskInstance: multi_defence_dag.to_defence2 manual__2023-04-09T08:49:37.758189+00:00 [queued]>
[2023-04-09 08:49:47,531] {taskinstance.py:1159} INFO - Dependencies all met for <TaskInstance: multi_defence_dag.to_defence2 manual__2023-04-09T08:49:37.758189+00:00 [queued]>
[2023-04-09 08:49:47,532] {taskinstance.py:1356} INFO - 
--------------------------------------------------------------------------------
[2023-04-09 08:49:47,532] {taskinstance.py:1357} INFO - Starting attempt 1 of 2
[2023-04-09 08:49:47,533] {taskinstance.py:1358} INFO - 
--------------------------------------------------------------------------------
[2023-04-09 08:49:47,560] {taskinstance.py:1377} INFO - Executing <Task(BranchPythonOperator): to_defence2> on 2023-04-09 08:49:37.758189+00:00
[2023-04-09 08:49:47,579] {standard_task_runner.py:52} INFO - Started process 5295 to run task
[2023-04-09 08:49:47,585] {standard_task_runner.py:79} INFO - Running: ['***', 'tasks', 'run', 'multi_defence_dag', 'to_defence2', 'manual__2023-04-09T08:49:37.758189+00:00', '--job-id', '4867', '--raw', '--subdir', 'DAGS_FOLDER/defence_dag.py', '--cfg-path', '/tmp/tmp12mszabm', '--error-file', '/tmp/tmpc2bc_obp']
[2023-04-09 08:49:47,588] {standard_task_runner.py:80} INFO - Job 4867: Subtask to_defence2
[2023-04-09 08:49:47,710] {task_command.py:369} INFO - Running <TaskInstance: multi_defence_dag.to_defence2 manual__2023-04-09T08:49:37.758189+00:00 [running]> on host ff3d40af78f9
[2023-04-09 08:49:47,866] {taskinstance.py:1571} INFO - Exporting the following env vars:
AIRFLOW_CTX_DAG_OWNER=***
AIRFLOW_CTX_DAG_ID=multi_defence_dag
AIRFLOW_CTX_TASK_ID=to_defence2
AIRFLOW_CTX_EXECUTION_DATE=2023-04-09T08:49:37.758189+00:00
AIRFLOW_CTX_TRY_NUMBER=1
AIRFLOW_CTX_DAG_RUN_ID=manual__2023-04-09T08:49:37.758189+00:00
[2023-04-09 08:49:47,902] {python.py:173} INFO - Done. Returned value was: Defence2
[2023-04-09 08:49:47,903] {skipmixin.py:140} INFO - Following branch Defence2
[2023-04-09 08:49:47,906] {skipmixin.py:175} INFO - Skipping tasks ['default']
[2023-04-09 08:49:48,134] {taskinstance.py:1400} INFO - Marking task as SUCCESS. dag_id=multi_defence_dag, task_id=to_defence2, execution_date=20230409T084937, start_date=20230409T084947, end_date=20230409T084948
[2023-04-09 08:49:48,186] {local_task_job.py:156} INFO - Task exited with return code 0
[2023-04-09 08:49:48,282] {local_task_job.py:273} INFO - 1 downstream tasks scheduled from follow-on schedule check
