[2023-03-23 15:37:30,210] {taskinstance.py:1159} INFO - Dependencies all met for <TaskInstance: multi_defence_dag.to_defend manual__2023-03-23T15:37:12.600041+00:00 [queued]>
[2023-03-23 15:37:30,260] {taskinstance.py:1159} INFO - Dependencies all met for <TaskInstance: multi_defence_dag.to_defend manual__2023-03-23T15:37:12.600041+00:00 [queued]>
[2023-03-23 15:37:30,282] {taskinstance.py:1356} INFO - 
--------------------------------------------------------------------------------
[2023-03-23 15:37:30,284] {taskinstance.py:1357} INFO - Starting attempt 1 of 2
[2023-03-23 15:37:30,286] {taskinstance.py:1358} INFO - 
--------------------------------------------------------------------------------
[2023-03-23 15:37:30,780] {taskinstance.py:1377} INFO - Executing <Task(BranchPythonOperator): to_defend> on 2023-03-23 15:37:12.600041+00:00
[2023-03-23 15:37:30,799] {standard_task_runner.py:52} INFO - Started process 13360 to run task
[2023-03-23 15:37:30,818] {standard_task_runner.py:79} INFO - Running: ['***', 'tasks', 'run', 'multi_defence_dag', 'to_defend', 'manual__2023-03-23T15:37:12.600041+00:00', '--job-id', '3488', '--raw', '--subdir', 'DAGS_FOLDER/defence_dag.py', '--cfg-path', '/tmp/tmp0u6ghko8', '--error-file', '/tmp/tmpavfesmzl']
[2023-03-23 15:37:30,826] {standard_task_runner.py:80} INFO - Job 3488: Subtask to_defend
[2023-03-23 15:37:31,142] {task_command.py:369} INFO - Running <TaskInstance: multi_defence_dag.to_defend manual__2023-03-23T15:37:12.600041+00:00 [running]> on host 6447f1dacd32
[2023-03-23 15:37:33,152] {taskinstance.py:1571} INFO - Exporting the following env vars:
AIRFLOW_CTX_DAG_OWNER=***
AIRFLOW_CTX_DAG_ID=multi_defence_dag
AIRFLOW_CTX_TASK_ID=to_defend
AIRFLOW_CTX_EXECUTION_DATE=2023-03-23T15:37:12.600041+00:00
AIRFLOW_CTX_TRY_NUMBER=1
AIRFLOW_CTX_DAG_RUN_ID=manual__2023-03-23T15:37:12.600041+00:00
[2023-03-23 15:37:33,198] {transport.py:157} INFO - Attempting refresh to obtain initial access_token
[2023-03-23 15:37:33,214] {client.py:777} INFO - Refreshing access_token
[2023-03-23 15:37:36,871] {python.py:173} INFO - Done. Returned value was: stop
[2023-03-23 15:37:36,872] {skipmixin.py:140} INFO - Following branch stop
[2023-03-23 15:37:36,874] {skipmixin.py:175} INFO - Skipping tasks ['trigger_offence']
[2023-03-23 15:37:37,260] {taskinstance.py:1400} INFO - Marking task as SUCCESS. dag_id=multi_defence_dag, task_id=to_defend, execution_date=20230323T153712, start_date=20230323T153730, end_date=20230323T153737
[2023-03-23 15:37:37,388] {local_task_job.py:156} INFO - Task exited with return code 0
[2023-03-23 15:37:37,689] {local_task_job.py:273} INFO - 1 downstream tasks scheduled from follow-on schedule check
