[2023-04-18 06:14:16,639] {taskinstance.py:1159} INFO - Dependencies all met for <TaskInstance: multi_sklearn_attack_dag.to_attack_zoo scheduled__2023-04-16T00:00:00+00:00 [queued]>
[2023-04-18 06:14:16,673] {taskinstance.py:1159} INFO - Dependencies all met for <TaskInstance: multi_sklearn_attack_dag.to_attack_zoo scheduled__2023-04-16T00:00:00+00:00 [queued]>
[2023-04-18 06:14:16,674] {taskinstance.py:1356} INFO - 
--------------------------------------------------------------------------------
[2023-04-18 06:14:16,676] {taskinstance.py:1357} INFO - Starting attempt 1 of 2
[2023-04-18 06:14:16,692] {taskinstance.py:1358} INFO - 
--------------------------------------------------------------------------------
[2023-04-18 06:14:16,758] {taskinstance.py:1377} INFO - Executing <Task(BranchPythonOperator): to_attack_zoo> on 2023-04-16 00:00:00+00:00
[2023-04-18 06:14:16,789] {standard_task_runner.py:52} INFO - Started process 259 to run task
[2023-04-18 06:14:16,800] {standard_task_runner.py:79} INFO - Running: ['***', 'tasks', 'run', 'multi_sklearn_attack_dag', 'to_attack_zoo', 'scheduled__2023-04-16T00:00:00+00:00', '--job-id', '5454', '--raw', '--subdir', 'DAGS_FOLDER/sklearn_attack_dag.py', '--cfg-path', '/tmp/tmp_2wvhyju', '--error-file', '/tmp/tmpeizahz97']
[2023-04-18 06:14:16,816] {standard_task_runner.py:80} INFO - Job 5454: Subtask to_attack_zoo
[2023-04-18 06:14:17,098] {task_command.py:369} INFO - Running <TaskInstance: multi_sklearn_attack_dag.to_attack_zoo scheduled__2023-04-16T00:00:00+00:00 [running]> on host a3dd7d962104
[2023-04-18 06:14:17,400] {taskinstance.py:1571} INFO - Exporting the following env vars:
AIRFLOW_CTX_DAG_OWNER=***
AIRFLOW_CTX_DAG_ID=multi_sklearn_attack_dag
AIRFLOW_CTX_TASK_ID=to_attack_zoo
AIRFLOW_CTX_EXECUTION_DATE=2023-04-16T00:00:00+00:00
AIRFLOW_CTX_TRY_NUMBER=1
AIRFLOW_CTX_DAG_RUN_ID=scheduled__2023-04-16T00:00:00+00:00
[2023-04-18 06:14:17,470] {python.py:173} INFO - Done. Returned value was: attack_zoo
[2023-04-18 06:14:17,471] {skipmixin.py:140} INFO - Following branch attack_zoo
[2023-04-18 06:14:17,471] {skipmixin.py:175} INFO - Skipping tasks ['default']
[2023-04-18 06:14:17,797] {taskinstance.py:1400} INFO - Marking task as SUCCESS. dag_id=multi_sklearn_attack_dag, task_id=to_attack_zoo, execution_date=20230416T000000, start_date=20230418T061416, end_date=20230418T061417
[2023-04-18 06:14:17,901] {local_task_job.py:156} INFO - Task exited with return code 0
[2023-04-18 06:14:18,202] {local_task_job.py:273} INFO - 1 downstream tasks scheduled from follow-on schedule check
