[2023-03-23 15:16:42,855] {taskinstance.py:1159} INFO - Dependencies all met for <TaskInstance: multi_defence_dag.to_defence3 manual__2023-03-23T15:16:30.344788+00:00 [queued]>
[2023-03-23 15:16:42,980] {taskinstance.py:1159} INFO - Dependencies all met for <TaskInstance: multi_defence_dag.to_defence3 manual__2023-03-23T15:16:30.344788+00:00 [queued]>
[2023-03-23 15:16:42,984] {taskinstance.py:1356} INFO - 
--------------------------------------------------------------------------------
[2023-03-23 15:16:42,993] {taskinstance.py:1357} INFO - Starting attempt 1 of 2
[2023-03-23 15:16:42,995] {taskinstance.py:1358} INFO - 
--------------------------------------------------------------------------------
[2023-03-23 15:16:43,145] {taskinstance.py:1377} INFO - Executing <Task(BranchPythonOperator): to_defence3> on 2023-03-23 15:16:30.344788+00:00
[2023-03-23 15:16:43,180] {standard_task_runner.py:52} INFO - Started process 11875 to run task
[2023-03-23 15:16:43,214] {standard_task_runner.py:79} INFO - Running: ['***', 'tasks', 'run', 'multi_defence_dag', 'to_defence3', 'manual__2023-03-23T15:16:30.344788+00:00', '--job-id', '2950', '--raw', '--subdir', 'DAGS_FOLDER/defence_dag.py', '--cfg-path', '/tmp/tmpdjf8fjor', '--error-file', '/tmp/tmpbaqtg3zy']
[2023-03-23 15:16:43,219] {standard_task_runner.py:80} INFO - Job 2950: Subtask to_defence3
[2023-03-23 15:16:43,989] {task_command.py:369} INFO - Running <TaskInstance: multi_defence_dag.to_defence3 manual__2023-03-23T15:16:30.344788+00:00 [running]> on host 6447f1dacd32
[2023-03-23 15:16:44,801] {taskinstance.py:1571} INFO - Exporting the following env vars:
AIRFLOW_CTX_DAG_OWNER=***
AIRFLOW_CTX_DAG_ID=multi_defence_dag
AIRFLOW_CTX_TASK_ID=to_defence3
AIRFLOW_CTX_EXECUTION_DATE=2023-03-23T15:16:30.344788+00:00
AIRFLOW_CTX_TRY_NUMBER=1
AIRFLOW_CTX_DAG_RUN_ID=manual__2023-03-23T15:16:30.344788+00:00
[2023-03-23 15:16:44,898] {python.py:173} INFO - Done. Returned value was: Defence3
[2023-03-23 15:16:44,901] {skipmixin.py:140} INFO - Following branch Defence3
[2023-03-23 15:16:44,904] {skipmixin.py:175} INFO - Skipping tasks ['default']
[2023-03-23 15:16:45,570] {taskinstance.py:1400} INFO - Marking task as SUCCESS. dag_id=multi_defence_dag, task_id=to_defence3, execution_date=20230323T151630, start_date=20230323T151642, end_date=20230323T151645
[2023-03-23 15:16:45,738] {local_task_job.py:156} INFO - Task exited with return code 0
[2023-03-23 15:16:46,113] {local_task_job.py:273} INFO - 1 downstream tasks scheduled from follow-on schedule check
