[2023-03-12 08:56:51,486] {taskinstance.py:1159} INFO - Dependencies all met for <TaskInstance: cycle.choose_best_attack scheduled__2023-01-27T00:00:00+00:00 [queued]>
[2023-03-12 08:56:51,523] {taskinstance.py:1159} INFO - Dependencies all met for <TaskInstance: cycle.choose_best_attack scheduled__2023-01-27T00:00:00+00:00 [queued]>
[2023-03-12 08:56:51,525] {taskinstance.py:1356} INFO - 
--------------------------------------------------------------------------------
[2023-03-12 08:56:51,525] {taskinstance.py:1357} INFO - Starting attempt 1 of 1
[2023-03-12 08:56:51,527] {taskinstance.py:1358} INFO - 
--------------------------------------------------------------------------------
[2023-03-12 08:56:51,620] {taskinstance.py:1377} INFO - Executing <Task(_PythonDecoratedOperator): choose_best_attack> on 2023-01-27 00:00:00+00:00
[2023-03-12 08:56:51,638] {standard_task_runner.py:52} INFO - Started process 319 to run task
[2023-03-12 08:56:51,654] {standard_task_runner.py:79} INFO - Running: ['***', 'tasks', 'run', 'cycle', 'choose_best_attack', 'scheduled__2023-01-27T00:00:00+00:00', '--job-id', '235', '--raw', '--subdir', 'DAGS_FOLDER/cycle_dag.py', '--cfg-path', '/tmp/tmp8e541qdz', '--error-file', '/tmp/tmpfq7v3_dn']
[2023-03-12 08:56:51,656] {standard_task_runner.py:80} INFO - Job 235: Subtask choose_best_attack
[2023-03-12 08:56:51,965] {task_command.py:369} INFO - Running <TaskInstance: cycle.choose_best_attack scheduled__2023-01-27T00:00:00+00:00 [running]> on host 596adcca7378
[2023-03-12 08:56:52,377] {taskinstance.py:1571} INFO - Exporting the following env vars:
AIRFLOW_CTX_DAG_OWNER=***
AIRFLOW_CTX_DAG_ID=cycle
AIRFLOW_CTX_TASK_ID=choose_best_attack
AIRFLOW_CTX_EXECUTION_DATE=2023-01-27T00:00:00+00:00
AIRFLOW_CTX_TRY_NUMBER=1
AIRFLOW_CTX_DAG_RUN_ID=scheduled__2023-01-27T00:00:00+00:00
[2023-03-12 08:56:52,381] {python.py:173} INFO - Done. Returned value was: {'best_attack_score': 100, 'best_attack_name': ''}
[2023-03-12 08:56:52,621] {taskinstance.py:1400} INFO - Marking task as SUCCESS. dag_id=cycle, task_id=choose_best_attack, execution_date=20230127T000000, start_date=20230312T085651, end_date=20230312T085652
[2023-03-12 08:56:52,742] {local_task_job.py:156} INFO - Task exited with return code 0
[2023-03-12 08:56:52,927] {local_task_job.py:273} INFO - 0 downstream tasks scheduled from follow-on schedule check
