[2023-03-23 15:36:06,677] {taskinstance.py:1159} INFO - Dependencies all met for <TaskInstance: multi_defence_dag.to_defence3 manual__2023-03-23T15:36:01.947551+00:00 [queued]>
[2023-03-23 15:36:06,696] {taskinstance.py:1159} INFO - Dependencies all met for <TaskInstance: multi_defence_dag.to_defence3 manual__2023-03-23T15:36:01.947551+00:00 [queued]>
[2023-03-23 15:36:06,697] {taskinstance.py:1356} INFO - 
--------------------------------------------------------------------------------
[2023-03-23 15:36:06,699] {taskinstance.py:1357} INFO - Starting attempt 1 of 2
[2023-03-23 15:36:06,700] {taskinstance.py:1358} INFO - 
--------------------------------------------------------------------------------
[2023-03-23 15:36:06,730] {taskinstance.py:1377} INFO - Executing <Task(BranchPythonOperator): to_defence3> on 2023-03-23 15:36:01.947551+00:00
[2023-03-23 15:36:06,738] {standard_task_runner.py:52} INFO - Started process 13127 to run task
[2023-03-23 15:36:06,743] {standard_task_runner.py:79} INFO - Running: ['***', 'tasks', 'run', 'multi_defence_dag', 'to_defence3', 'manual__2023-03-23T15:36:01.947551+00:00', '--job-id', '3403', '--raw', '--subdir', 'DAGS_FOLDER/defence_dag.py', '--cfg-path', '/tmp/tmpaq_2zieq', '--error-file', '/tmp/tmpyjwcx2_b']
[2023-03-23 15:36:06,745] {standard_task_runner.py:80} INFO - Job 3403: Subtask to_defence3
[2023-03-23 15:36:06,856] {task_command.py:369} INFO - Running <TaskInstance: multi_defence_dag.to_defence3 manual__2023-03-23T15:36:01.947551+00:00 [running]> on host 6447f1dacd32
[2023-03-23 15:36:06,996] {taskinstance.py:1571} INFO - Exporting the following env vars:
AIRFLOW_CTX_DAG_OWNER=***
AIRFLOW_CTX_DAG_ID=multi_defence_dag
AIRFLOW_CTX_TASK_ID=to_defence3
AIRFLOW_CTX_EXECUTION_DATE=2023-03-23T15:36:01.947551+00:00
AIRFLOW_CTX_TRY_NUMBER=1
AIRFLOW_CTX_DAG_RUN_ID=manual__2023-03-23T15:36:01.947551+00:00
[2023-03-23 15:36:07,014] {python.py:173} INFO - Done. Returned value was: Defence3
[2023-03-23 15:36:07,015] {skipmixin.py:140} INFO - Following branch Defence3
[2023-03-23 15:36:07,016] {skipmixin.py:175} INFO - Skipping tasks ['default']
[2023-03-23 15:36:07,115] {taskinstance.py:1400} INFO - Marking task as SUCCESS. dag_id=multi_defence_dag, task_id=to_defence3, execution_date=20230323T153601, start_date=20230323T153606, end_date=20230323T153607
[2023-03-23 15:36:07,158] {local_task_job.py:156} INFO - Task exited with return code 0
[2023-03-23 15:36:07,239] {local_task_job.py:273} INFO - 1 downstream tasks scheduled from follow-on schedule check
