[2023-04-27 08:19:13,659] {taskinstance.py:1159} INFO - Dependencies all met for <TaskInstance: multi_defence_dag.to_defence3 scheduled__2023-04-23T00:00:00+00:00 [queued]>
[2023-04-27 08:19:13,846] {taskinstance.py:1159} INFO - Dependencies all met for <TaskInstance: multi_defence_dag.to_defence3 scheduled__2023-04-23T00:00:00+00:00 [queued]>
[2023-04-27 08:19:13,847] {taskinstance.py:1356} INFO - 
--------------------------------------------------------------------------------
[2023-04-27 08:19:13,848] {taskinstance.py:1357} INFO - Starting attempt 1 of 2
[2023-04-27 08:19:13,860] {taskinstance.py:1358} INFO - 
--------------------------------------------------------------------------------
[2023-04-27 08:19:14,037] {taskinstance.py:1377} INFO - Executing <Task(BranchPythonOperator): to_defence3> on 2023-04-23 00:00:00+00:00
[2023-04-27 08:19:14,118] {standard_task_runner.py:52} INFO - Started process 153 to run task
[2023-04-27 08:19:14,104] {standard_task_runner.py:79} INFO - Running: ['***', 'tasks', 'run', 'multi_defence_dag', 'to_defence3', 'scheduled__2023-04-23T00:00:00+00:00', '--job-id', '6297', '--raw', '--subdir', 'DAGS_FOLDER/defence_dag.py', '--cfg-path', '/tmp/tmp6r2y1hmp', '--error-file', '/tmp/tmpsgqyjarf']
[2023-04-27 08:19:14,164] {standard_task_runner.py:80} INFO - Job 6297: Subtask to_defence3
[2023-04-27 08:19:14,495] {task_command.py:369} INFO - Running <TaskInstance: multi_defence_dag.to_defence3 scheduled__2023-04-23T00:00:00+00:00 [running]> on host e7e31d5a6603
[2023-04-27 08:19:15,104] {taskinstance.py:1571} INFO - Exporting the following env vars:
AIRFLOW_CTX_DAG_OWNER=***
AIRFLOW_CTX_DAG_ID=multi_defence_dag
AIRFLOW_CTX_TASK_ID=to_defence3
AIRFLOW_CTX_EXECUTION_DATE=2023-04-23T00:00:00+00:00
AIRFLOW_CTX_TRY_NUMBER=1
AIRFLOW_CTX_DAG_RUN_ID=scheduled__2023-04-23T00:00:00+00:00
[2023-04-27 08:19:15,203] {python.py:173} INFO - Done. Returned value was: Defence3
[2023-04-27 08:19:15,213] {skipmixin.py:140} INFO - Following branch Defence3
[2023-04-27 08:19:15,232] {skipmixin.py:175} INFO - Skipping tasks ['default']
[2023-04-27 08:19:15,732] {taskinstance.py:1400} INFO - Marking task as SUCCESS. dag_id=multi_defence_dag, task_id=to_defence3, execution_date=20230423T000000, start_date=20230427T081913, end_date=20230427T081915
[2023-04-27 08:19:15,916] {local_task_job.py:156} INFO - Task exited with return code 0
[2023-04-27 08:19:16,354] {local_task_job.py:273} INFO - 1 downstream tasks scheduled from follow-on schedule check
