[2023-04-23 09:35:31,374] {taskinstance.py:1159} INFO - Dependencies all met for <TaskInstance: multi_defence_dag.Defence1 manual__2023-04-23T09:35:17.871007+00:00 [queued]>
[2023-04-23 09:35:31,397] {taskinstance.py:1159} INFO - Dependencies all met for <TaskInstance: multi_defence_dag.Defence1 manual__2023-04-23T09:35:17.871007+00:00 [queued]>
[2023-04-23 09:35:31,398] {taskinstance.py:1356} INFO - 
--------------------------------------------------------------------------------
[2023-04-23 09:35:31,400] {taskinstance.py:1357} INFO - Starting attempt 1 of 2
[2023-04-23 09:35:31,401] {taskinstance.py:1358} INFO - 
--------------------------------------------------------------------------------
[2023-04-23 09:35:31,426] {taskinstance.py:1377} INFO - Executing <Task(PythonOperator): Defence1> on 2023-04-23 09:35:17.871007+00:00
[2023-04-23 09:35:31,438] {standard_task_runner.py:52} INFO - Started process 1196 to run task
[2023-04-23 09:35:31,448] {standard_task_runner.py:79} INFO - Running: ['***', 'tasks', 'run', 'multi_defence_dag', 'Defence1', 'manual__2023-04-23T09:35:17.871007+00:00', '--job-id', '6106', '--raw', '--subdir', 'DAGS_FOLDER/defence_dag.py', '--cfg-path', '/tmp/tmphg7d44jt', '--error-file', '/tmp/tmppmx30ung']
[2023-04-23 09:35:31,450] {standard_task_runner.py:80} INFO - Job 6106: Subtask Defence1
[2023-04-23 09:35:31,576] {task_command.py:369} INFO - Running <TaskInstance: multi_defence_dag.Defence1 manual__2023-04-23T09:35:17.871007+00:00 [running]> on host a3dd7d962104
[2023-04-23 09:35:31,748] {taskinstance.py:1571} INFO - Exporting the following env vars:
AIRFLOW_CTX_DAG_OWNER=***
AIRFLOW_CTX_DAG_ID=multi_defence_dag
AIRFLOW_CTX_TASK_ID=Defence1
AIRFLOW_CTX_EXECUTION_DATE=2023-04-23T09:35:17.871007+00:00
AIRFLOW_CTX_TRY_NUMBER=1
AIRFLOW_CTX_DAG_RUN_ID=manual__2023-04-23T09:35:17.871007+00:00
[2023-04-23 09:35:31,778] {python.py:173} INFO - Done. Returned value was: None
[2023-04-23 09:35:31,805] {taskinstance.py:1400} INFO - Marking task as SUCCESS. dag_id=multi_defence_dag, task_id=Defence1, execution_date=20230423T093517, start_date=20230423T093531, end_date=20230423T093531
[2023-04-23 09:35:31,861] {local_task_job.py:156} INFO - Task exited with return code 0
[2023-04-23 09:35:31,944] {local_task_job.py:273} INFO - 0 downstream tasks scheduled from follow-on schedule check
