[2023-03-16 11:29:37,608] {taskinstance.py:1159} INFO - Dependencies all met for <TaskInstance: defence_dag.trigger_offence manual__2023-03-16T11:29:33.083478+00:00 [queued]>
[2023-03-16 11:29:37,621] {taskinstance.py:1159} INFO - Dependencies all met for <TaskInstance: defence_dag.trigger_offence manual__2023-03-16T11:29:33.083478+00:00 [queued]>
[2023-03-16 11:29:37,621] {taskinstance.py:1356} INFO - 
--------------------------------------------------------------------------------
[2023-03-16 11:29:37,622] {taskinstance.py:1357} INFO - Starting attempt 1 of 1
[2023-03-16 11:29:37,622] {taskinstance.py:1358} INFO - 
--------------------------------------------------------------------------------
[2023-03-16 11:29:37,637] {taskinstance.py:1377} INFO - Executing <Task(TriggerDagRunOperator): trigger_offence> on 2023-03-16 11:29:33.083478+00:00
[2023-03-16 11:29:37,641] {standard_task_runner.py:52} INFO - Started process 187 to run task
[2023-03-16 11:29:37,645] {standard_task_runner.py:79} INFO - Running: ['***', 'tasks', 'run', 'defence_dag', 'trigger_offence', 'manual__2023-03-16T11:29:33.083478+00:00', '--job-id', '722', '--raw', '--subdir', 'DAGS_FOLDER/defese.py', '--cfg-path', '/tmp/tmp2q_esl4b', '--error-file', '/tmp/tmpc9m9f8ml']
[2023-03-16 11:29:37,645] {standard_task_runner.py:80} INFO - Job 722: Subtask trigger_offence
[2023-03-16 11:29:37,711] {task_command.py:369} INFO - Running <TaskInstance: defence_dag.trigger_offence manual__2023-03-16T11:29:33.083478+00:00 [running]> on host 596adcca7378
[2023-03-16 11:29:37,795] {taskinstance.py:1571} INFO - Exporting the following env vars:
AIRFLOW_CTX_DAG_OWNER=***
AIRFLOW_CTX_DAG_ID=defence_dag
AIRFLOW_CTX_TASK_ID=trigger_offence
AIRFLOW_CTX_EXECUTION_DATE=2023-03-16T11:29:33.083478+00:00
AIRFLOW_CTX_TRY_NUMBER=1
AIRFLOW_CTX_DAG_RUN_ID=manual__2023-03-16T11:29:33.083478+00:00
[2023-03-16 11:29:38,798] {taskinstance.py:1400} INFO - Marking task as SUCCESS. dag_id=defence_dag, task_id=trigger_offence, execution_date=20230316T112933, start_date=20230316T112937, end_date=20230316T112938
[2023-03-16 11:29:38,862] {local_task_job.py:156} INFO - Task exited with return code 0
[2023-03-16 11:29:38,897] {local_task_job.py:273} INFO - 0 downstream tasks scheduled from follow-on schedule check
