[2023-03-12 15:21:28,045] {taskinstance.py:1159} INFO - Dependencies all met for <TaskInstance: defence_dag.trigger_offence manual__2023-03-12T15:21:21.751366+00:00 [queued]>
[2023-03-12 15:21:28,059] {taskinstance.py:1159} INFO - Dependencies all met for <TaskInstance: defence_dag.trigger_offence manual__2023-03-12T15:21:21.751366+00:00 [queued]>
[2023-03-12 15:21:28,059] {taskinstance.py:1356} INFO - 
--------------------------------------------------------------------------------
[2023-03-12 15:21:28,060] {taskinstance.py:1357} INFO - Starting attempt 1 of 1
[2023-03-12 15:21:28,061] {taskinstance.py:1358} INFO - 
--------------------------------------------------------------------------------
[2023-03-12 15:21:28,078] {taskinstance.py:1377} INFO - Executing <Task(TriggerDagRunOperator): trigger_offence> on 2023-03-12 15:21:21.751366+00:00
[2023-03-12 15:21:28,083] {standard_task_runner.py:52} INFO - Started process 484 to run task
[2023-03-12 15:21:28,087] {standard_task_runner.py:79} INFO - Running: ['***', 'tasks', 'run', 'defence_dag', 'trigger_offence', 'manual__2023-03-12T15:21:21.751366+00:00', '--job-id', '536', '--raw', '--subdir', 'DAGS_FOLDER/defese.py', '--cfg-path', '/tmp/tmpb596x9dp', '--error-file', '/tmp/tmpg989u__8']
[2023-03-12 15:21:28,088] {standard_task_runner.py:80} INFO - Job 536: Subtask trigger_offence
[2023-03-12 15:21:28,146] {task_command.py:369} INFO - Running <TaskInstance: defence_dag.trigger_offence manual__2023-03-12T15:21:21.751366+00:00 [running]> on host 596adcca7378
[2023-03-12 15:21:28,216] {taskinstance.py:1571} INFO - Exporting the following env vars:
AIRFLOW_CTX_DAG_OWNER=***
AIRFLOW_CTX_DAG_ID=defence_dag
AIRFLOW_CTX_TASK_ID=trigger_offence
AIRFLOW_CTX_EXECUTION_DATE=2023-03-12T15:21:21.751366+00:00
AIRFLOW_CTX_TRY_NUMBER=1
AIRFLOW_CTX_DAG_RUN_ID=manual__2023-03-12T15:21:21.751366+00:00
[2023-03-12 15:21:29,366] {taskinstance.py:1400} INFO - Marking task as SUCCESS. dag_id=defence_dag, task_id=trigger_offence, execution_date=20230312T152121, start_date=20230312T152128, end_date=20230312T152129
[2023-03-12 15:21:29,426] {local_task_job.py:156} INFO - Task exited with return code 0
[2023-03-12 15:21:29,465] {local_task_job.py:273} INFO - 0 downstream tasks scheduled from follow-on schedule check
