[2023-03-12 08:56:26,193] {taskinstance.py:1159} INFO - Dependencies all met for <TaskInstance: cycle.attack_elastic_net scheduled__2023-01-11T00:00:00+00:00 [queued]>
[2023-03-12 08:56:26,234] {taskinstance.py:1159} INFO - Dependencies all met for <TaskInstance: cycle.attack_elastic_net scheduled__2023-01-11T00:00:00+00:00 [queued]>
[2023-03-12 08:56:26,235] {taskinstance.py:1356} INFO - 
--------------------------------------------------------------------------------
[2023-03-12 08:56:26,239] {taskinstance.py:1357} INFO - Starting attempt 1 of 3
[2023-03-12 08:56:26,240] {taskinstance.py:1358} INFO - 
--------------------------------------------------------------------------------
[2023-03-12 08:56:26,279] {taskinstance.py:1377} INFO - Executing <Task(_PythonDecoratedOperator): attack_elastic_net> on 2023-01-11 00:00:00+00:00
[2023-03-12 08:56:26,288] {standard_task_runner.py:52} INFO - Started process 198 to run task
[2023-03-12 08:56:26,297] {standard_task_runner.py:79} INFO - Running: ['***', 'tasks', 'run', 'cycle', 'attack_elastic_net', 'scheduled__2023-01-11T00:00:00+00:00', '--job-id', '178', '--raw', '--subdir', 'DAGS_FOLDER/cycle_dag.py', '--cfg-path', '/tmp/tmp2i12ucym', '--error-file', '/tmp/tmp7c1zw_ki']
[2023-03-12 08:56:26,312] {standard_task_runner.py:80} INFO - Job 178: Subtask attack_elastic_net
[2023-03-12 08:56:26,553] {task_command.py:369} INFO - Running <TaskInstance: cycle.attack_elastic_net scheduled__2023-01-11T00:00:00+00:00 [running]> on host 596adcca7378
[2023-03-12 08:56:27,297] {taskinstance.py:1571} INFO - Exporting the following env vars:
AIRFLOW_CTX_DAG_OWNER=***
AIRFLOW_CTX_DAG_ID=cycle
AIRFLOW_CTX_TASK_ID=attack_elastic_net
AIRFLOW_CTX_EXECUTION_DATE=2023-01-11T00:00:00+00:00
AIRFLOW_CTX_TRY_NUMBER=1
AIRFLOW_CTX_DAG_RUN_ID=scheduled__2023-01-11T00:00:00+00:00
[2023-03-12 08:56:27,302] {python.py:173} INFO - Done. Returned value was: None
[2023-03-12 08:56:27,609] {taskinstance.py:1400} INFO - Marking task as SUCCESS. dag_id=cycle, task_id=attack_elastic_net, execution_date=20230111T000000, start_date=20230312T085626, end_date=20230312T085627
[2023-03-12 08:56:27,699] {local_task_job.py:156} INFO - Task exited with return code 0
[2023-03-12 08:56:27,862] {local_task_job.py:273} INFO - 1 downstream tasks scheduled from follow-on schedule check
