[2023-04-30 09:07:51,997] {taskinstance.py:1159} INFO - Dependencies all met for <TaskInstance: multi_attack_dag.to_attack_FastGradientMethod manual__2023-04-30T09:07:35.568192+00:00 [queued]>
[2023-04-30 09:07:52,057] {taskinstance.py:1159} INFO - Dependencies all met for <TaskInstance: multi_attack_dag.to_attack_FastGradientMethod manual__2023-04-30T09:07:35.568192+00:00 [queued]>
[2023-04-30 09:07:52,058] {taskinstance.py:1356} INFO - 
--------------------------------------------------------------------------------
[2023-04-30 09:07:52,059] {taskinstance.py:1357} INFO - Starting attempt 1 of 2
[2023-04-30 09:07:52,060] {taskinstance.py:1358} INFO - 
--------------------------------------------------------------------------------
[2023-04-30 09:07:52,110] {taskinstance.py:1377} INFO - Executing <Task(BranchPythonOperator): to_attack_FastGradientMethod> on 2023-04-30 09:07:35.568192+00:00
[2023-04-30 09:07:52,160] {standard_task_runner.py:52} INFO - Started process 243 to run task
[2023-04-30 09:07:52,192] {standard_task_runner.py:79} INFO - Running: ['***', 'tasks', 'run', 'multi_attack_dag', 'to_attack_FastGradientMethod', 'manual__2023-04-30T09:07:35.568192+00:00', '--job-id', '7239', '--raw', '--subdir', 'DAGS_FOLDER/attack_dag.py', '--cfg-path', '/tmp/tmp9nwdc0rf', '--error-file', '/tmp/tmpoobc7ash']
[2023-04-30 09:07:52,196] {standard_task_runner.py:80} INFO - Job 7239: Subtask to_attack_FastGradientMethod
[2023-04-30 09:07:52,357] {task_command.py:369} INFO - Running <TaskInstance: multi_attack_dag.to_attack_FastGradientMethod manual__2023-04-30T09:07:35.568192+00:00 [running]> on host e7e31d5a6603
[2023-04-30 09:07:52,778] {taskinstance.py:1571} INFO - Exporting the following env vars:
AIRFLOW_CTX_DAG_OWNER=***
AIRFLOW_CTX_DAG_ID=multi_attack_dag
AIRFLOW_CTX_TASK_ID=to_attack_FastGradientMethod
AIRFLOW_CTX_EXECUTION_DATE=2023-04-30T09:07:35.568192+00:00
AIRFLOW_CTX_TRY_NUMBER=1
AIRFLOW_CTX_DAG_RUN_ID=manual__2023-04-30T09:07:35.568192+00:00
[2023-04-30 09:07:52,883] {python.py:173} INFO - Done. Returned value was: attack_FastGradientMethod
[2023-04-30 09:07:52,884] {skipmixin.py:140} INFO - Following branch attack_FastGradientMethod
[2023-04-30 09:07:52,887] {skipmixin.py:175} INFO - Skipping tasks ['default_attack']
[2023-04-30 09:07:53,166] {taskinstance.py:1400} INFO - Marking task as SUCCESS. dag_id=multi_attack_dag, task_id=to_attack_FastGradientMethod, execution_date=20230430T090735, start_date=20230430T090751, end_date=20230430T090753
[2023-04-30 09:07:53,328] {local_task_job.py:156} INFO - Task exited with return code 0
[2023-04-30 09:07:53,521] {local_task_job.py:273} INFO - 1 downstream tasks scheduled from follow-on schedule check
