[2023-03-23 15:19:20,526] {taskinstance.py:1159} INFO - Dependencies all met for <TaskInstance: multi_defence_dag.to_defence2 manual__2023-03-23T15:19:08.113218+00:00 [queued]>
[2023-03-23 15:19:20,580] {taskinstance.py:1159} INFO - Dependencies all met for <TaskInstance: multi_defence_dag.to_defence2 manual__2023-03-23T15:19:08.113218+00:00 [queued]>
[2023-03-23 15:19:20,584] {taskinstance.py:1356} INFO - 
--------------------------------------------------------------------------------
[2023-03-23 15:19:20,588] {taskinstance.py:1357} INFO - Starting attempt 1 of 2
[2023-03-23 15:19:20,591] {taskinstance.py:1358} INFO - 
--------------------------------------------------------------------------------
[2023-03-23 15:19:20,719] {taskinstance.py:1377} INFO - Executing <Task(BranchPythonOperator): to_defence2> on 2023-03-23 15:19:08.113218+00:00
[2023-03-23 15:19:20,747] {standard_task_runner.py:52} INFO - Started process 12110 to run task
[2023-03-23 15:19:20,797] {standard_task_runner.py:79} INFO - Running: ['***', 'tasks', 'run', 'multi_defence_dag', 'to_defence2', 'manual__2023-03-23T15:19:08.113218+00:00', '--job-id', '3027', '--raw', '--subdir', 'DAGS_FOLDER/defence_dag.py', '--cfg-path', '/tmp/tmpxjft9ga2', '--error-file', '/tmp/tmpf4uji6ro']
[2023-03-23 15:19:20,809] {standard_task_runner.py:80} INFO - Job 3027: Subtask to_defence2
[2023-03-23 15:19:21,444] {task_command.py:369} INFO - Running <TaskInstance: multi_defence_dag.to_defence2 manual__2023-03-23T15:19:08.113218+00:00 [running]> on host 6447f1dacd32
[2023-03-23 15:19:22,057] {taskinstance.py:1571} INFO - Exporting the following env vars:
AIRFLOW_CTX_DAG_OWNER=***
AIRFLOW_CTX_DAG_ID=multi_defence_dag
AIRFLOW_CTX_TASK_ID=to_defence2
AIRFLOW_CTX_EXECUTION_DATE=2023-03-23T15:19:08.113218+00:00
AIRFLOW_CTX_TRY_NUMBER=1
AIRFLOW_CTX_DAG_RUN_ID=manual__2023-03-23T15:19:08.113218+00:00
[2023-03-23 15:19:22,156] {python.py:173} INFO - Done. Returned value was: Defence2
[2023-03-23 15:19:22,158] {skipmixin.py:140} INFO - Following branch Defence2
[2023-03-23 15:19:22,161] {skipmixin.py:175} INFO - Skipping tasks ['default']
[2023-03-23 15:19:22,566] {taskinstance.py:1400} INFO - Marking task as SUCCESS. dag_id=multi_defence_dag, task_id=to_defence2, execution_date=20230323T151908, start_date=20230323T151920, end_date=20230323T151922
[2023-03-23 15:19:22,659] {local_task_job.py:156} INFO - Task exited with return code 0
[2023-03-23 15:19:23,314] {local_task_job.py:273} INFO - 1 downstream tasks scheduled from follow-on schedule check
