[2023-03-16 11:30:07,913] {taskinstance.py:1159} INFO - Dependencies all met for <TaskInstance: defence_dag.stop manual__2023-03-16T11:30:02.591392+00:00 [queued]>
[2023-03-16 11:30:07,924] {taskinstance.py:1159} INFO - Dependencies all met for <TaskInstance: defence_dag.stop manual__2023-03-16T11:30:02.591392+00:00 [queued]>
[2023-03-16 11:30:07,925] {taskinstance.py:1356} INFO - 
--------------------------------------------------------------------------------
[2023-03-16 11:30:07,925] {taskinstance.py:1357} INFO - Starting attempt 1 of 1
[2023-03-16 11:30:07,927] {taskinstance.py:1358} INFO - 
--------------------------------------------------------------------------------
[2023-03-16 11:30:07,945] {taskinstance.py:1377} INFO - Executing <Task(PythonOperator): stop> on 2023-03-16 11:30:02.591392+00:00
[2023-03-16 11:30:07,949] {standard_task_runner.py:52} INFO - Started process 376 to run task
[2023-03-16 11:30:07,952] {standard_task_runner.py:79} INFO - Running: ['***', 'tasks', 'run', 'defence_dag', 'stop', 'manual__2023-03-16T11:30:02.591392+00:00', '--job-id', '791', '--raw', '--subdir', 'DAGS_FOLDER/defese.py', '--cfg-path', '/tmp/tmpk01_vl_9', '--error-file', '/tmp/tmpsu3sv48d']
[2023-03-16 11:30:07,953] {standard_task_runner.py:80} INFO - Job 791: Subtask stop
[2023-03-16 11:30:08,014] {task_command.py:369} INFO - Running <TaskInstance: defence_dag.stop manual__2023-03-16T11:30:02.591392+00:00 [running]> on host 596adcca7378
[2023-03-16 11:30:08,101] {taskinstance.py:1571} INFO - Exporting the following env vars:
AIRFLOW_CTX_DAG_OWNER=***
AIRFLOW_CTX_DAG_ID=defence_dag
AIRFLOW_CTX_TASK_ID=stop
AIRFLOW_CTX_EXECUTION_DATE=2023-03-16T11:30:02.591392+00:00
AIRFLOW_CTX_TRY_NUMBER=1
AIRFLOW_CTX_DAG_RUN_ID=manual__2023-03-16T11:30:02.591392+00:00
[2023-03-16 11:30:08,102] {python.py:173} INFO - Done. Returned value was: Cycle has ended
[2023-03-16 11:30:08,135] {taskinstance.py:1400} INFO - Marking task as SUCCESS. dag_id=defence_dag, task_id=stop, execution_date=20230316T113002, start_date=20230316T113007, end_date=20230316T113008
[2023-03-16 11:30:08,165] {local_task_job.py:156} INFO - Task exited with return code 0
[2023-03-16 11:30:08,198] {local_task_job.py:273} INFO - 0 downstream tasks scheduled from follow-on schedule check
