[2023-03-16 11:30:24,350] {taskinstance.py:1159} INFO - Dependencies all met for <TaskInstance: defence_dag.trigger_offence manual__2023-03-16T11:30:19.246070+00:00 [queued]>
[2023-03-16 11:30:24,363] {taskinstance.py:1159} INFO - Dependencies all met for <TaskInstance: defence_dag.trigger_offence manual__2023-03-16T11:30:19.246070+00:00 [queued]>
[2023-03-16 11:30:24,363] {taskinstance.py:1356} INFO - 
--------------------------------------------------------------------------------
[2023-03-16 11:30:24,364] {taskinstance.py:1357} INFO - Starting attempt 1 of 1
[2023-03-16 11:30:24,365] {taskinstance.py:1358} INFO - 
--------------------------------------------------------------------------------
[2023-03-16 11:30:24,381] {taskinstance.py:1377} INFO - Executing <Task(TriggerDagRunOperator): trigger_offence> on 2023-03-16 11:30:19.246070+00:00
[2023-03-16 11:30:24,385] {standard_task_runner.py:52} INFO - Started process 474 to run task
[2023-03-16 11:30:24,388] {standard_task_runner.py:79} INFO - Running: ['***', 'tasks', 'run', 'defence_dag', 'trigger_offence', 'manual__2023-03-16T11:30:19.246070+00:00', '--job-id', '826', '--raw', '--subdir', 'DAGS_FOLDER/defese.py', '--cfg-path', '/tmp/tmp5nc8wlym', '--error-file', '/tmp/tmp8h3dkh6n']
[2023-03-16 11:30:24,389] {standard_task_runner.py:80} INFO - Job 826: Subtask trigger_offence
[2023-03-16 11:30:24,449] {task_command.py:369} INFO - Running <TaskInstance: defence_dag.trigger_offence manual__2023-03-16T11:30:19.246070+00:00 [running]> on host 596adcca7378
[2023-03-16 11:30:24,539] {taskinstance.py:1571} INFO - Exporting the following env vars:
AIRFLOW_CTX_DAG_OWNER=***
AIRFLOW_CTX_DAG_ID=defence_dag
AIRFLOW_CTX_TASK_ID=trigger_offence
AIRFLOW_CTX_EXECUTION_DATE=2023-03-16T11:30:19.246070+00:00
AIRFLOW_CTX_TRY_NUMBER=1
AIRFLOW_CTX_DAG_RUN_ID=manual__2023-03-16T11:30:19.246070+00:00
[2023-03-16 11:30:25,497] {taskinstance.py:1400} INFO - Marking task as SUCCESS. dag_id=defence_dag, task_id=trigger_offence, execution_date=20230316T113019, start_date=20230316T113024, end_date=20230316T113025
[2023-03-16 11:30:25,526] {local_task_job.py:156} INFO - Task exited with return code 0
[2023-03-16 11:30:25,551] {local_task_job.py:273} INFO - 0 downstream tasks scheduled from follow-on schedule check
