[2023-03-19 12:52:47,317] {taskinstance.py:1159} INFO - Dependencies all met for <TaskInstance: defence_dag2.stop manual__2023-03-19T12:52:39.583847+00:00 [queued]>
[2023-03-19 12:52:47,326] {taskinstance.py:1159} INFO - Dependencies all met for <TaskInstance: defence_dag2.stop manual__2023-03-19T12:52:39.583847+00:00 [queued]>
[2023-03-19 12:52:47,327] {taskinstance.py:1356} INFO - 
--------------------------------------------------------------------------------
[2023-03-19 12:52:47,327] {taskinstance.py:1357} INFO - Starting attempt 1 of 1
[2023-03-19 12:52:47,329] {taskinstance.py:1358} INFO - 
--------------------------------------------------------------------------------
[2023-03-19 12:52:47,340] {taskinstance.py:1377} INFO - Executing <Task(PythonOperator): stop> on 2023-03-19 12:52:39.583847+00:00
[2023-03-19 12:52:47,344] {standard_task_runner.py:52} INFO - Started process 90 to run task
[2023-03-19 12:52:47,346] {standard_task_runner.py:79} INFO - Running: ['***', 'tasks', 'run', 'defence_dag2', 'stop', 'manual__2023-03-19T12:52:39.583847+00:00', '--job-id', '1732', '--raw', '--subdir', 'DAGS_FOLDER/defese.py', '--cfg-path', '/tmp/tmp4fmmia18', '--error-file', '/tmp/tmp0pww2p8f']
[2023-03-19 12:52:47,347] {standard_task_runner.py:80} INFO - Job 1732: Subtask stop
[2023-03-19 12:52:47,387] {task_command.py:369} INFO - Running <TaskInstance: defence_dag2.stop manual__2023-03-19T12:52:39.583847+00:00 [running]> on host e8c10a6b6dce
[2023-03-19 12:52:47,444] {taskinstance.py:1571} INFO - Exporting the following env vars:
AIRFLOW_CTX_DAG_OWNER=***
AIRFLOW_CTX_DAG_ID=defence_dag2
AIRFLOW_CTX_TASK_ID=stop
AIRFLOW_CTX_EXECUTION_DATE=2023-03-19T12:52:39.583847+00:00
AIRFLOW_CTX_TRY_NUMBER=1
AIRFLOW_CTX_DAG_RUN_ID=manual__2023-03-19T12:52:39.583847+00:00
[2023-03-19 12:52:47,446] {python.py:173} INFO - Done. Returned value was: Cycle has ended
[2023-03-19 12:52:47,470] {taskinstance.py:1400} INFO - Marking task as SUCCESS. dag_id=defence_dag2, task_id=stop, execution_date=20230319T125239, start_date=20230319T125247, end_date=20230319T125247
[2023-03-19 12:52:47,519] {local_task_job.py:156} INFO - Task exited with return code 0
[2023-03-19 12:52:47,557] {local_task_job.py:273} INFO - 0 downstream tasks scheduled from follow-on schedule check
