[2023-03-26 16:41:23,608] {taskinstance.py:1159} INFO - Dependencies all met for <TaskInstance: multi_defence_dag.to_defence2 scheduled__2023-03-23T00:00:00+00:00 [queued]>
[2023-03-26 16:41:23,657] {taskinstance.py:1159} INFO - Dependencies all met for <TaskInstance: multi_defence_dag.to_defence2 scheduled__2023-03-23T00:00:00+00:00 [queued]>
[2023-03-26 16:41:23,658] {taskinstance.py:1356} INFO - 
--------------------------------------------------------------------------------
[2023-03-26 16:41:23,659] {taskinstance.py:1357} INFO - Starting attempt 1 of 2
[2023-03-26 16:41:23,660] {taskinstance.py:1358} INFO - 
--------------------------------------------------------------------------------
[2023-03-26 16:41:24,083] {taskinstance.py:1377} INFO - Executing <Task(BranchPythonOperator): to_defence2> on 2023-03-23 00:00:00+00:00
[2023-03-26 16:41:24,151] {standard_task_runner.py:52} INFO - Started process 114 to run task
[2023-03-26 16:41:24,167] {standard_task_runner.py:79} INFO - Running: ['***', 'tasks', 'run', 'multi_defence_dag', 'to_defence2', 'scheduled__2023-03-23T00:00:00+00:00', '--job-id', '3655', '--raw', '--subdir', 'DAGS_FOLDER/defence_dag.py', '--cfg-path', '/tmp/tmps1hsn5aw', '--error-file', '/tmp/tmpir3mf5io']
[2023-03-26 16:41:24,190] {standard_task_runner.py:80} INFO - Job 3655: Subtask to_defence2
[2023-03-26 16:41:24,597] {task_command.py:369} INFO - Running <TaskInstance: multi_defence_dag.to_defence2 scheduled__2023-03-23T00:00:00+00:00 [running]> on host 6447f1dacd32
[2023-03-26 16:41:25,380] {taskinstance.py:1571} INFO - Exporting the following env vars:
AIRFLOW_CTX_DAG_OWNER=***
AIRFLOW_CTX_DAG_ID=multi_defence_dag
AIRFLOW_CTX_TASK_ID=to_defence2
AIRFLOW_CTX_EXECUTION_DATE=2023-03-23T00:00:00+00:00
AIRFLOW_CTX_TRY_NUMBER=1
AIRFLOW_CTX_DAG_RUN_ID=scheduled__2023-03-23T00:00:00+00:00
[2023-03-26 16:41:25,483] {python.py:173} INFO - Done. Returned value was: Defence2
[2023-03-26 16:41:25,488] {skipmixin.py:140} INFO - Following branch Defence2
[2023-03-26 16:41:25,495] {skipmixin.py:175} INFO - Skipping tasks ['default']
[2023-03-26 16:41:25,919] {taskinstance.py:1400} INFO - Marking task as SUCCESS. dag_id=multi_defence_dag, task_id=to_defence2, execution_date=20230323T000000, start_date=20230326T164123, end_date=20230326T164125
[2023-03-26 16:41:26,036] {local_task_job.py:156} INFO - Task exited with return code 0
[2023-03-26 16:41:27,112] {local_task_job.py:273} INFO - 0 downstream tasks scheduled from follow-on schedule check
