[2023-03-11 11:00:17,198] {processor.py:153} INFO - Started process (PID=41) to work on /opt/airflow/dags/dag.py
[2023-03-11 11:00:17,199] {processor.py:641} INFO - Processing file /opt/airflow/dags/dag.py for tasks to queue
[2023-03-11 11:00:17,201] {logging_mixin.py:115} INFO - [2023-03-11 11:00:17,200] {dagbag.py:507} INFO - Filling up the DagBag from /opt/airflow/dags/dag.py
[2023-03-11 11:00:17,228] {processor.py:651} INFO - DAG(s) dict_keys(['tutorial']) retrieved from /opt/airflow/dags/dag.py
[2023-03-11 11:00:17,322] {logging_mixin.py:115} INFO - [2023-03-11 11:00:17,322] {dag.py:2371} INFO - Sync 1 DAGs
[2023-03-11 11:00:17,353] {logging_mixin.py:115} INFO - [2023-03-11 11:00:17,352] {dag.py:2919} INFO - Setting next_dagrun for tutorial to 2023-03-09T00:00:00+00:00, run_after=2023-03-10T00:00:00+00:00
[2023-03-11 11:00:17,376] {processor.py:161} INFO - Processing /opt/airflow/dags/dag.py took 0.181 seconds
[2023-03-11 11:00:47,571] {processor.py:153} INFO - Started process (PID=103) to work on /opt/airflow/dags/dag.py
[2023-03-11 11:00:47,572] {processor.py:641} INFO - Processing file /opt/airflow/dags/dag.py for tasks to queue
[2023-03-11 11:00:47,574] {logging_mixin.py:115} INFO - [2023-03-11 11:00:47,574] {dagbag.py:507} INFO - Filling up the DagBag from /opt/airflow/dags/dag.py
[2023-03-11 11:00:47,595] {processor.py:651} INFO - DAG(s) dict_keys(['tutorial']) retrieved from /opt/airflow/dags/dag.py
[2023-03-11 11:00:47,631] {logging_mixin.py:115} INFO - [2023-03-11 11:00:47,631] {dag.py:2371} INFO - Sync 1 DAGs
[2023-03-11 11:00:47,656] {logging_mixin.py:115} INFO - [2023-03-11 11:00:47,656] {dag.py:2919} INFO - Setting next_dagrun for tutorial to 2023-03-09T00:00:00+00:00, run_after=2023-03-10T00:00:00+00:00
[2023-03-11 11:00:47,674] {processor.py:161} INFO - Processing /opt/airflow/dags/dag.py took 0.108 seconds
[2023-03-11 11:01:18,086] {processor.py:153} INFO - Started process (PID=165) to work on /opt/airflow/dags/dag.py
[2023-03-11 11:01:18,087] {processor.py:641} INFO - Processing file /opt/airflow/dags/dag.py for tasks to queue
[2023-03-11 11:01:18,088] {logging_mixin.py:115} INFO - [2023-03-11 11:01:18,088] {dagbag.py:507} INFO - Filling up the DagBag from /opt/airflow/dags/dag.py
[2023-03-11 11:01:18,102] {processor.py:651} INFO - DAG(s) dict_keys(['tutorial']) retrieved from /opt/airflow/dags/dag.py
[2023-03-11 11:01:18,115] {logging_mixin.py:115} INFO - [2023-03-11 11:01:18,114] {dag.py:2371} INFO - Sync 1 DAGs
[2023-03-11 11:01:18,135] {logging_mixin.py:115} INFO - [2023-03-11 11:01:18,135] {dag.py:2919} INFO - Setting next_dagrun for tutorial to 2023-03-09T00:00:00+00:00, run_after=2023-03-10T00:00:00+00:00
[2023-03-11 11:01:18,150] {processor.py:161} INFO - Processing /opt/airflow/dags/dag.py took 0.066 seconds
[2023-03-11 11:01:48,202] {processor.py:153} INFO - Started process (PID=218) to work on /opt/airflow/dags/dag.py
[2023-03-11 11:01:48,203] {processor.py:641} INFO - Processing file /opt/airflow/dags/dag.py for tasks to queue
[2023-03-11 11:01:48,203] {logging_mixin.py:115} INFO - [2023-03-11 11:01:48,203] {dagbag.py:507} INFO - Filling up the DagBag from /opt/airflow/dags/dag.py
[2023-03-11 11:01:48,216] {processor.py:651} INFO - DAG(s) dict_keys(['tutorial']) retrieved from /opt/airflow/dags/dag.py
[2023-03-11 11:01:48,269] {logging_mixin.py:115} INFO - [2023-03-11 11:01:48,269] {dag.py:2371} INFO - Sync 1 DAGs
[2023-03-11 11:01:48,287] {logging_mixin.py:115} INFO - [2023-03-11 11:01:48,287] {dag.py:2919} INFO - Setting next_dagrun for tutorial to 2023-03-09T00:00:00+00:00, run_after=2023-03-10T00:00:00+00:00
[2023-03-11 11:01:48,399] {processor.py:161} INFO - Processing /opt/airflow/dags/dag.py took 0.199 seconds
[2023-03-11 11:02:18,811] {processor.py:153} INFO - Started process (PID=280) to work on /opt/airflow/dags/dag.py
[2023-03-11 11:02:18,812] {processor.py:641} INFO - Processing file /opt/airflow/dags/dag.py for tasks to queue
[2023-03-11 11:02:18,813] {logging_mixin.py:115} INFO - [2023-03-11 11:02:18,813] {dagbag.py:507} INFO - Filling up the DagBag from /opt/airflow/dags/dag.py
[2023-03-11 11:02:18,827] {processor.py:651} INFO - DAG(s) dict_keys(['tutorial']) retrieved from /opt/airflow/dags/dag.py
[2023-03-11 11:02:18,849] {logging_mixin.py:115} INFO - [2023-03-11 11:02:18,849] {dag.py:2371} INFO - Sync 1 DAGs
[2023-03-11 11:02:18,867] {logging_mixin.py:115} INFO - [2023-03-11 11:02:18,867] {dag.py:2919} INFO - Setting next_dagrun for tutorial to 2023-03-09T00:00:00+00:00, run_after=2023-03-10T00:00:00+00:00
[2023-03-11 11:02:18,889] {processor.py:161} INFO - Processing /opt/airflow/dags/dag.py took 0.081 seconds
[2023-03-11 11:02:49,750] {processor.py:153} INFO - Started process (PID=341) to work on /opt/airflow/dags/dag.py
[2023-03-11 11:02:49,751] {processor.py:641} INFO - Processing file /opt/airflow/dags/dag.py for tasks to queue
[2023-03-11 11:02:49,751] {logging_mixin.py:115} INFO - [2023-03-11 11:02:49,751] {dagbag.py:507} INFO - Filling up the DagBag from /opt/airflow/dags/dag.py
[2023-03-11 11:02:49,767] {processor.py:651} INFO - DAG(s) dict_keys(['tutorial']) retrieved from /opt/airflow/dags/dag.py
[2023-03-11 11:02:49,832] {logging_mixin.py:115} INFO - [2023-03-11 11:02:49,832] {dag.py:2371} INFO - Sync 1 DAGs
[2023-03-11 11:02:49,850] {logging_mixin.py:115} INFO - [2023-03-11 11:02:49,850] {dag.py:2919} INFO - Setting next_dagrun for tutorial to 2023-03-09T00:00:00+00:00, run_after=2023-03-10T00:00:00+00:00
[2023-03-11 11:02:49,872] {processor.py:161} INFO - Processing /opt/airflow/dags/dag.py took 0.125 seconds
[2023-03-11 11:03:19,990] {processor.py:153} INFO - Started process (PID=404) to work on /opt/airflow/dags/dag.py
[2023-03-11 11:03:19,990] {processor.py:641} INFO - Processing file /opt/airflow/dags/dag.py for tasks to queue
[2023-03-11 11:03:19,991] {logging_mixin.py:115} INFO - [2023-03-11 11:03:19,991] {dagbag.py:507} INFO - Filling up the DagBag from /opt/airflow/dags/dag.py
[2023-03-11 11:03:20,004] {processor.py:651} INFO - DAG(s) dict_keys(['tutorial']) retrieved from /opt/airflow/dags/dag.py
[2023-03-11 11:03:20,029] {logging_mixin.py:115} INFO - [2023-03-11 11:03:20,029] {dag.py:2371} INFO - Sync 1 DAGs
[2023-03-11 11:03:20,048] {logging_mixin.py:115} INFO - [2023-03-11 11:03:20,048] {dag.py:2919} INFO - Setting next_dagrun for tutorial to 2023-03-09T00:00:00+00:00, run_after=2023-03-10T00:00:00+00:00
[2023-03-11 11:03:20,065] {processor.py:161} INFO - Processing /opt/airflow/dags/dag.py took 0.077 seconds
[2023-03-11 11:03:50,140] {processor.py:153} INFO - Started process (PID=457) to work on /opt/airflow/dags/dag.py
[2023-03-11 11:03:50,141] {processor.py:641} INFO - Processing file /opt/airflow/dags/dag.py for tasks to queue
[2023-03-11 11:03:50,142] {logging_mixin.py:115} INFO - [2023-03-11 11:03:50,142] {dagbag.py:507} INFO - Filling up the DagBag from /opt/airflow/dags/dag.py
[2023-03-11 11:03:50,162] {processor.py:651} INFO - DAG(s) dict_keys(['tutorial']) retrieved from /opt/airflow/dags/dag.py
[2023-03-11 11:03:50,180] {logging_mixin.py:115} INFO - [2023-03-11 11:03:50,180] {dag.py:2371} INFO - Sync 1 DAGs
[2023-03-11 11:03:50,205] {logging_mixin.py:115} INFO - [2023-03-11 11:03:50,205] {dag.py:2919} INFO - Setting next_dagrun for tutorial to 2023-03-09T00:00:00+00:00, run_after=2023-03-10T00:00:00+00:00
[2023-03-11 11:03:50,222] {processor.py:161} INFO - Processing /opt/airflow/dags/dag.py took 0.085 seconds
[2023-03-11 11:04:20,594] {processor.py:153} INFO - Started process (PID=517) to work on /opt/airflow/dags/dag.py
[2023-03-11 11:04:20,595] {processor.py:641} INFO - Processing file /opt/airflow/dags/dag.py for tasks to queue
[2023-03-11 11:04:20,595] {logging_mixin.py:115} INFO - [2023-03-11 11:04:20,595] {dagbag.py:507} INFO - Filling up the DagBag from /opt/airflow/dags/dag.py
[2023-03-11 11:04:20,609] {processor.py:651} INFO - DAG(s) dict_keys(['tutorial']) retrieved from /opt/airflow/dags/dag.py
[2023-03-11 11:04:20,660] {logging_mixin.py:115} INFO - [2023-03-11 11:04:20,659] {dag.py:2371} INFO - Sync 1 DAGs
[2023-03-11 11:04:20,674] {logging_mixin.py:115} INFO - [2023-03-11 11:04:20,674] {dag.py:2919} INFO - Setting next_dagrun for tutorial to 2023-03-09T00:00:00+00:00, run_after=2023-03-10T00:00:00+00:00
[2023-03-11 11:04:20,690] {processor.py:161} INFO - Processing /opt/airflow/dags/dag.py took 0.099 seconds
[2023-03-11 11:04:50,839] {processor.py:153} INFO - Started process (PID=579) to work on /opt/airflow/dags/dag.py
[2023-03-11 11:04:50,840] {processor.py:641} INFO - Processing file /opt/airflow/dags/dag.py for tasks to queue
[2023-03-11 11:04:50,840] {logging_mixin.py:115} INFO - [2023-03-11 11:04:50,840] {dagbag.py:507} INFO - Filling up the DagBag from /opt/airflow/dags/dag.py
[2023-03-11 11:04:50,855] {processor.py:651} INFO - DAG(s) dict_keys(['tutorial']) retrieved from /opt/airflow/dags/dag.py
[2023-03-11 11:04:50,884] {logging_mixin.py:115} INFO - [2023-03-11 11:04:50,884] {dag.py:2371} INFO - Sync 1 DAGs
[2023-03-11 11:04:50,900] {logging_mixin.py:115} INFO - [2023-03-11 11:04:50,899] {dag.py:2919} INFO - Setting next_dagrun for tutorial to 2023-03-09T00:00:00+00:00, run_after=2023-03-10T00:00:00+00:00
[2023-03-11 11:04:50,917] {processor.py:161} INFO - Processing /opt/airflow/dags/dag.py took 0.081 seconds
[2023-03-11 11:05:20,960] {processor.py:153} INFO - Started process (PID=641) to work on /opt/airflow/dags/dag.py
[2023-03-11 11:05:20,961] {processor.py:641} INFO - Processing file /opt/airflow/dags/dag.py for tasks to queue
[2023-03-11 11:05:20,961] {logging_mixin.py:115} INFO - [2023-03-11 11:05:20,961] {dagbag.py:507} INFO - Filling up the DagBag from /opt/airflow/dags/dag.py
[2023-03-11 11:05:20,977] {processor.py:651} INFO - DAG(s) dict_keys(['tutorial']) retrieved from /opt/airflow/dags/dag.py
[2023-03-11 11:05:21,021] {logging_mixin.py:115} INFO - [2023-03-11 11:05:21,021] {dag.py:2371} INFO - Sync 1 DAGs
[2023-03-11 11:05:21,048] {logging_mixin.py:115} INFO - [2023-03-11 11:05:21,047] {dag.py:2919} INFO - Setting next_dagrun for tutorial to 2023-03-09T00:00:00+00:00, run_after=2023-03-10T00:00:00+00:00
[2023-03-11 11:05:21,062] {processor.py:161} INFO - Processing /opt/airflow/dags/dag.py took 0.105 seconds
[2023-03-11 11:05:51,259] {processor.py:153} INFO - Started process (PID=694) to work on /opt/airflow/dags/dag.py
[2023-03-11 11:05:51,259] {processor.py:641} INFO - Processing file /opt/airflow/dags/dag.py for tasks to queue
[2023-03-11 11:05:51,260] {logging_mixin.py:115} INFO - [2023-03-11 11:05:51,260] {dagbag.py:507} INFO - Filling up the DagBag from /opt/airflow/dags/dag.py
[2023-03-11 11:05:51,273] {processor.py:651} INFO - DAG(s) dict_keys(['tutorial']) retrieved from /opt/airflow/dags/dag.py
[2023-03-11 11:05:51,322] {logging_mixin.py:115} INFO - [2023-03-11 11:05:51,322] {dag.py:2371} INFO - Sync 1 DAGs
[2023-03-11 11:05:51,338] {logging_mixin.py:115} INFO - [2023-03-11 11:05:51,338] {dag.py:2919} INFO - Setting next_dagrun for tutorial to 2023-03-09T00:00:00+00:00, run_after=2023-03-10T00:00:00+00:00
[2023-03-11 11:05:51,434] {processor.py:161} INFO - Processing /opt/airflow/dags/dag.py took 0.178 seconds
[2023-03-11 11:06:21,487] {processor.py:153} INFO - Started process (PID=757) to work on /opt/airflow/dags/dag.py
[2023-03-11 11:06:21,488] {processor.py:641} INFO - Processing file /opt/airflow/dags/dag.py for tasks to queue
[2023-03-11 11:06:21,489] {logging_mixin.py:115} INFO - [2023-03-11 11:06:21,489] {dagbag.py:507} INFO - Filling up the DagBag from /opt/airflow/dags/dag.py
[2023-03-11 11:06:21,503] {processor.py:651} INFO - DAG(s) dict_keys(['tutorial']) retrieved from /opt/airflow/dags/dag.py
[2023-03-11 11:06:21,527] {logging_mixin.py:115} INFO - [2023-03-11 11:06:21,527] {dag.py:2371} INFO - Sync 1 DAGs
[2023-03-11 11:06:21,545] {logging_mixin.py:115} INFO - [2023-03-11 11:06:21,544] {dag.py:2919} INFO - Setting next_dagrun for tutorial to 2023-03-09T00:00:00+00:00, run_after=2023-03-10T00:00:00+00:00
[2023-03-11 11:06:21,558] {processor.py:161} INFO - Processing /opt/airflow/dags/dag.py took 0.073 seconds
[2023-03-11 11:06:51,674] {processor.py:153} INFO - Started process (PID=820) to work on /opt/airflow/dags/dag.py
[2023-03-11 11:06:51,675] {processor.py:641} INFO - Processing file /opt/airflow/dags/dag.py for tasks to queue
[2023-03-11 11:06:51,676] {logging_mixin.py:115} INFO - [2023-03-11 11:06:51,675] {dagbag.py:507} INFO - Filling up the DagBag from /opt/airflow/dags/dag.py
[2023-03-11 11:06:51,688] {processor.py:651} INFO - DAG(s) dict_keys(['tutorial']) retrieved from /opt/airflow/dags/dag.py
[2023-03-11 11:06:51,701] {logging_mixin.py:115} INFO - [2023-03-11 11:06:51,700] {dag.py:2371} INFO - Sync 1 DAGs
[2023-03-11 11:06:51,721] {logging_mixin.py:115} INFO - [2023-03-11 11:06:51,721] {dag.py:2919} INFO - Setting next_dagrun for tutorial to 2023-03-09T00:00:00+00:00, run_after=2023-03-10T00:00:00+00:00
[2023-03-11 11:06:51,735] {processor.py:161} INFO - Processing /opt/airflow/dags/dag.py took 0.063 seconds
[2023-03-11 11:07:22,361] {processor.py:153} INFO - Started process (PID=880) to work on /opt/airflow/dags/dag.py
[2023-03-11 11:07:22,362] {processor.py:641} INFO - Processing file /opt/airflow/dags/dag.py for tasks to queue
[2023-03-11 11:07:22,363] {logging_mixin.py:115} INFO - [2023-03-11 11:07:22,363] {dagbag.py:507} INFO - Filling up the DagBag from /opt/airflow/dags/dag.py
[2023-03-11 11:07:22,377] {processor.py:651} INFO - DAG(s) dict_keys(['tutorial']) retrieved from /opt/airflow/dags/dag.py
[2023-03-11 11:07:22,430] {logging_mixin.py:115} INFO - [2023-03-11 11:07:22,430] {dag.py:2371} INFO - Sync 1 DAGs
[2023-03-11 11:07:22,447] {logging_mixin.py:115} INFO - [2023-03-11 11:07:22,447] {dag.py:2919} INFO - Setting next_dagrun for tutorial to 2023-03-09T00:00:00+00:00, run_after=2023-03-10T00:00:00+00:00
[2023-03-11 11:07:22,543] {processor.py:161} INFO - Processing /opt/airflow/dags/dag.py took 0.184 seconds
[2023-03-11 11:07:53,494] {processor.py:153} INFO - Started process (PID=934) to work on /opt/airflow/dags/dag.py
[2023-03-11 11:07:53,494] {processor.py:641} INFO - Processing file /opt/airflow/dags/dag.py for tasks to queue
[2023-03-11 11:07:53,495] {logging_mixin.py:115} INFO - [2023-03-11 11:07:53,495] {dagbag.py:507} INFO - Filling up the DagBag from /opt/airflow/dags/dag.py
[2023-03-11 11:07:53,510] {processor.py:651} INFO - DAG(s) dict_keys(['tutorial']) retrieved from /opt/airflow/dags/dag.py
[2023-03-11 11:07:53,530] {logging_mixin.py:115} INFO - [2023-03-11 11:07:53,530] {dag.py:2371} INFO - Sync 1 DAGs
[2023-03-11 11:07:53,546] {logging_mixin.py:115} INFO - [2023-03-11 11:07:53,546] {dag.py:2919} INFO - Setting next_dagrun for tutorial to 2023-03-09T00:00:00+00:00, run_after=2023-03-10T00:00:00+00:00
[2023-03-11 11:07:53,560] {processor.py:161} INFO - Processing /opt/airflow/dags/dag.py took 0.070 seconds
[2023-03-11 11:08:23,642] {processor.py:153} INFO - Started process (PID=996) to work on /opt/airflow/dags/dag.py
[2023-03-11 11:08:23,643] {processor.py:641} INFO - Processing file /opt/airflow/dags/dag.py for tasks to queue
[2023-03-11 11:08:23,644] {logging_mixin.py:115} INFO - [2023-03-11 11:08:23,643] {dagbag.py:507} INFO - Filling up the DagBag from /opt/airflow/dags/dag.py
[2023-03-11 11:08:23,656] {processor.py:651} INFO - DAG(s) dict_keys(['tutorial']) retrieved from /opt/airflow/dags/dag.py
[2023-03-11 11:08:23,667] {logging_mixin.py:115} INFO - [2023-03-11 11:08:23,667] {dag.py:2371} INFO - Sync 1 DAGs
[2023-03-11 11:08:23,684] {logging_mixin.py:115} INFO - [2023-03-11 11:08:23,684] {dag.py:2919} INFO - Setting next_dagrun for tutorial to 2023-03-09T00:00:00+00:00, run_after=2023-03-10T00:00:00+00:00
[2023-03-11 11:08:23,698] {processor.py:161} INFO - Processing /opt/airflow/dags/dag.py took 0.058 seconds
[2023-03-11 11:08:53,953] {processor.py:153} INFO - Started process (PID=1058) to work on /opt/airflow/dags/dag.py
[2023-03-11 11:08:53,953] {processor.py:641} INFO - Processing file /opt/airflow/dags/dag.py for tasks to queue
[2023-03-11 11:08:53,954] {logging_mixin.py:115} INFO - [2023-03-11 11:08:53,954] {dagbag.py:507} INFO - Filling up the DagBag from /opt/airflow/dags/dag.py
[2023-03-11 11:08:53,967] {processor.py:651} INFO - DAG(s) dict_keys(['tutorial']) retrieved from /opt/airflow/dags/dag.py
[2023-03-11 11:08:54,015] {logging_mixin.py:115} INFO - [2023-03-11 11:08:54,015] {dag.py:2371} INFO - Sync 1 DAGs
[2023-03-11 11:08:54,033] {logging_mixin.py:115} INFO - [2023-03-11 11:08:54,033] {dag.py:2919} INFO - Setting next_dagrun for tutorial to 2023-03-09T00:00:00+00:00, run_after=2023-03-10T00:00:00+00:00
[2023-03-11 11:08:54,131] {processor.py:161} INFO - Processing /opt/airflow/dags/dag.py took 0.180 seconds
[2023-03-11 11:09:24,264] {processor.py:153} INFO - Started process (PID=1120) to work on /opt/airflow/dags/dag.py
[2023-03-11 11:09:24,265] {processor.py:641} INFO - Processing file /opt/airflow/dags/dag.py for tasks to queue
[2023-03-11 11:09:24,266] {logging_mixin.py:115} INFO - [2023-03-11 11:09:24,266] {dagbag.py:507} INFO - Filling up the DagBag from /opt/airflow/dags/dag.py
[2023-03-11 11:09:24,280] {processor.py:651} INFO - DAG(s) dict_keys(['tutorial']) retrieved from /opt/airflow/dags/dag.py
[2023-03-11 11:09:24,305] {logging_mixin.py:115} INFO - [2023-03-11 11:09:24,305] {dag.py:2371} INFO - Sync 1 DAGs
[2023-03-11 11:09:24,322] {logging_mixin.py:115} INFO - [2023-03-11 11:09:24,322] {dag.py:2919} INFO - Setting next_dagrun for tutorial to 2023-03-09T00:00:00+00:00, run_after=2023-03-10T00:00:00+00:00
[2023-03-11 11:09:24,336] {processor.py:161} INFO - Processing /opt/airflow/dags/dag.py took 0.074 seconds
[2023-03-11 11:09:54,426] {processor.py:153} INFO - Started process (PID=1173) to work on /opt/airflow/dags/dag.py
[2023-03-11 11:09:54,426] {processor.py:641} INFO - Processing file /opt/airflow/dags/dag.py for tasks to queue
[2023-03-11 11:09:54,427] {logging_mixin.py:115} INFO - [2023-03-11 11:09:54,427] {dagbag.py:507} INFO - Filling up the DagBag from /opt/airflow/dags/dag.py
[2023-03-11 11:09:54,441] {processor.py:651} INFO - DAG(s) dict_keys(['tutorial']) retrieved from /opt/airflow/dags/dag.py
[2023-03-11 11:09:54,453] {logging_mixin.py:115} INFO - [2023-03-11 11:09:54,453] {dag.py:2371} INFO - Sync 1 DAGs
[2023-03-11 11:09:54,470] {logging_mixin.py:115} INFO - [2023-03-11 11:09:54,470] {dag.py:2919} INFO - Setting next_dagrun for tutorial to 2023-03-09T00:00:00+00:00, run_after=2023-03-10T00:00:00+00:00
[2023-03-11 11:09:54,488] {processor.py:161} INFO - Processing /opt/airflow/dags/dag.py took 0.065 seconds
[2023-03-11 11:10:24,591] {processor.py:153} INFO - Started process (PID=1235) to work on /opt/airflow/dags/dag.py
[2023-03-11 11:10:24,591] {processor.py:641} INFO - Processing file /opt/airflow/dags/dag.py for tasks to queue
[2023-03-11 11:10:24,592] {logging_mixin.py:115} INFO - [2023-03-11 11:10:24,592] {dagbag.py:507} INFO - Filling up the DagBag from /opt/airflow/dags/dag.py
[2023-03-11 11:10:24,604] {processor.py:651} INFO - DAG(s) dict_keys(['tutorial']) retrieved from /opt/airflow/dags/dag.py
[2023-03-11 11:10:24,665] {logging_mixin.py:115} INFO - [2023-03-11 11:10:24,665] {dag.py:2371} INFO - Sync 1 DAGs
[2023-03-11 11:10:24,768] {logging_mixin.py:115} INFO - [2023-03-11 11:10:24,768] {dag.py:2919} INFO - Setting next_dagrun for tutorial to 2023-03-09T00:00:00+00:00, run_after=2023-03-10T00:00:00+00:00
[2023-03-11 11:10:24,784] {processor.py:161} INFO - Processing /opt/airflow/dags/dag.py took 0.196 seconds
[2023-03-11 11:10:54,839] {processor.py:153} INFO - Started process (PID=1298) to work on /opt/airflow/dags/dag.py
[2023-03-11 11:10:54,840] {processor.py:641} INFO - Processing file /opt/airflow/dags/dag.py for tasks to queue
[2023-03-11 11:10:54,840] {logging_mixin.py:115} INFO - [2023-03-11 11:10:54,840] {dagbag.py:507} INFO - Filling up the DagBag from /opt/airflow/dags/dag.py
[2023-03-11 11:10:54,863] {processor.py:651} INFO - DAG(s) dict_keys(['tutorial']) retrieved from /opt/airflow/dags/dag.py
[2023-03-11 11:10:54,886] {logging_mixin.py:115} INFO - [2023-03-11 11:10:54,886] {dag.py:2371} INFO - Sync 1 DAGs
[2023-03-11 11:10:54,902] {logging_mixin.py:115} INFO - [2023-03-11 11:10:54,902] {dag.py:2919} INFO - Setting next_dagrun for tutorial to 2023-03-09T00:00:00+00:00, run_after=2023-03-10T00:00:00+00:00
[2023-03-11 11:10:54,916] {processor.py:161} INFO - Processing /opt/airflow/dags/dag.py took 0.079 seconds
[2023-03-11 11:11:24,966] {processor.py:153} INFO - Started process (PID=1357) to work on /opt/airflow/dags/dag.py
[2023-03-11 11:11:24,967] {processor.py:641} INFO - Processing file /opt/airflow/dags/dag.py for tasks to queue
[2023-03-11 11:11:24,968] {logging_mixin.py:115} INFO - [2023-03-11 11:11:24,967] {dagbag.py:507} INFO - Filling up the DagBag from /opt/airflow/dags/dag.py
[2023-03-11 11:11:24,981] {processor.py:651} INFO - DAG(s) dict_keys(['tutorial']) retrieved from /opt/airflow/dags/dag.py
[2023-03-11 11:11:24,993] {logging_mixin.py:115} INFO - [2023-03-11 11:11:24,993] {dag.py:2371} INFO - Sync 1 DAGs
[2023-03-11 11:11:25,014] {logging_mixin.py:115} INFO - [2023-03-11 11:11:25,014] {dag.py:2919} INFO - Setting next_dagrun for tutorial to 2023-03-09T00:00:00+00:00, run_after=2023-03-10T00:00:00+00:00
[2023-03-11 11:11:25,030] {processor.py:161} INFO - Processing /opt/airflow/dags/dag.py took 0.067 seconds
[2023-03-11 11:11:55,087] {processor.py:153} INFO - Started process (PID=1412) to work on /opt/airflow/dags/dag.py
[2023-03-11 11:11:55,087] {processor.py:641} INFO - Processing file /opt/airflow/dags/dag.py for tasks to queue
[2023-03-11 11:11:55,088] {logging_mixin.py:115} INFO - [2023-03-11 11:11:55,088] {dagbag.py:507} INFO - Filling up the DagBag from /opt/airflow/dags/dag.py
[2023-03-11 11:11:55,102] {processor.py:651} INFO - DAG(s) dict_keys(['tutorial']) retrieved from /opt/airflow/dags/dag.py
[2023-03-11 11:11:55,151] {logging_mixin.py:115} INFO - [2023-03-11 11:11:55,151] {dag.py:2371} INFO - Sync 1 DAGs
[2023-03-11 11:11:55,251] {logging_mixin.py:115} INFO - [2023-03-11 11:11:55,250] {dag.py:2919} INFO - Setting next_dagrun for tutorial to 2023-03-09T00:00:00+00:00, run_after=2023-03-10T00:00:00+00:00
[2023-03-11 11:11:55,268] {processor.py:161} INFO - Processing /opt/airflow/dags/dag.py took 0.184 seconds
[2023-03-11 11:12:25,340] {processor.py:153} INFO - Started process (PID=1475) to work on /opt/airflow/dags/dag.py
[2023-03-11 11:12:25,342] {processor.py:641} INFO - Processing file /opt/airflow/dags/dag.py for tasks to queue
[2023-03-11 11:12:25,343] {logging_mixin.py:115} INFO - [2023-03-11 11:12:25,343] {dagbag.py:507} INFO - Filling up the DagBag from /opt/airflow/dags/dag.py
[2023-03-11 11:12:25,361] {processor.py:651} INFO - DAG(s) dict_keys(['tutorial']) retrieved from /opt/airflow/dags/dag.py
[2023-03-11 11:12:25,382] {logging_mixin.py:115} INFO - [2023-03-11 11:12:25,381] {dag.py:2371} INFO - Sync 1 DAGs
[2023-03-11 11:12:25,398] {logging_mixin.py:115} INFO - [2023-03-11 11:12:25,397] {dag.py:2919} INFO - Setting next_dagrun for tutorial to 2023-03-09T00:00:00+00:00, run_after=2023-03-10T00:00:00+00:00
[2023-03-11 11:12:25,410] {processor.py:161} INFO - Processing /opt/airflow/dags/dag.py took 0.072 seconds
[2023-03-11 11:12:55,517] {processor.py:153} INFO - Started process (PID=1536) to work on /opt/airflow/dags/dag.py
[2023-03-11 11:12:55,518] {processor.py:641} INFO - Processing file /opt/airflow/dags/dag.py for tasks to queue
[2023-03-11 11:12:55,519] {logging_mixin.py:115} INFO - [2023-03-11 11:12:55,519] {dagbag.py:507} INFO - Filling up the DagBag from /opt/airflow/dags/dag.py
[2023-03-11 11:12:55,538] {processor.py:651} INFO - DAG(s) dict_keys(['tutorial']) retrieved from /opt/airflow/dags/dag.py
[2023-03-11 11:12:55,550] {logging_mixin.py:115} INFO - [2023-03-11 11:12:55,550] {dag.py:2371} INFO - Sync 1 DAGs
[2023-03-11 11:12:55,575] {logging_mixin.py:115} INFO - [2023-03-11 11:12:55,575] {dag.py:2919} INFO - Setting next_dagrun for tutorial to 2023-03-09T00:00:00+00:00, run_after=2023-03-10T00:00:00+00:00
[2023-03-11 11:12:55,590] {processor.py:161} INFO - Processing /opt/airflow/dags/dag.py took 0.077 seconds
[2023-03-11 11:13:25,860] {processor.py:153} INFO - Started process (PID=1589) to work on /opt/airflow/dags/dag.py
[2023-03-11 11:13:25,861] {processor.py:641} INFO - Processing file /opt/airflow/dags/dag.py for tasks to queue
[2023-03-11 11:13:25,861] {logging_mixin.py:115} INFO - [2023-03-11 11:13:25,861] {dagbag.py:507} INFO - Filling up the DagBag from /opt/airflow/dags/dag.py
[2023-03-11 11:13:25,877] {processor.py:651} INFO - DAG(s) dict_keys(['tutorial']) retrieved from /opt/airflow/dags/dag.py
[2023-03-11 11:13:25,930] {logging_mixin.py:115} INFO - [2023-03-11 11:13:25,930] {dag.py:2371} INFO - Sync 1 DAGs
[2023-03-11 11:13:26,030] {logging_mixin.py:115} INFO - [2023-03-11 11:13:26,030] {dag.py:2919} INFO - Setting next_dagrun for tutorial to 2023-03-09T00:00:00+00:00, run_after=2023-03-10T00:00:00+00:00
[2023-03-11 11:13:26,051] {processor.py:161} INFO - Processing /opt/airflow/dags/dag.py took 0.194 seconds
[2023-03-11 11:13:56,759] {processor.py:153} INFO - Started process (PID=1650) to work on /opt/airflow/dags/dag.py
[2023-03-11 11:13:56,760] {processor.py:641} INFO - Processing file /opt/airflow/dags/dag.py for tasks to queue
[2023-03-11 11:13:56,760] {logging_mixin.py:115} INFO - [2023-03-11 11:13:56,760] {dagbag.py:507} INFO - Filling up the DagBag from /opt/airflow/dags/dag.py
[2023-03-11 11:13:56,773] {processor.py:651} INFO - DAG(s) dict_keys(['tutorial']) retrieved from /opt/airflow/dags/dag.py
[2023-03-11 11:13:56,796] {logging_mixin.py:115} INFO - [2023-03-11 11:13:56,796] {dag.py:2371} INFO - Sync 1 DAGs
[2023-03-11 11:13:56,815] {logging_mixin.py:115} INFO - [2023-03-11 11:13:56,815] {dag.py:2919} INFO - Setting next_dagrun for tutorial to 2023-03-09T00:00:00+00:00, run_after=2023-03-10T00:00:00+00:00
[2023-03-11 11:13:56,838] {processor.py:161} INFO - Processing /opt/airflow/dags/dag.py took 0.083 seconds
[2023-03-11 11:14:27,732] {processor.py:153} INFO - Started process (PID=1712) to work on /opt/airflow/dags/dag.py
[2023-03-11 11:14:27,732] {processor.py:641} INFO - Processing file /opt/airflow/dags/dag.py for tasks to queue
[2023-03-11 11:14:27,733] {logging_mixin.py:115} INFO - [2023-03-11 11:14:27,733] {dagbag.py:507} INFO - Filling up the DagBag from /opt/airflow/dags/dag.py
[2023-03-11 11:14:27,747] {processor.py:651} INFO - DAG(s) dict_keys(['tutorial']) retrieved from /opt/airflow/dags/dag.py
[2023-03-11 11:14:27,760] {logging_mixin.py:115} INFO - [2023-03-11 11:14:27,760] {dag.py:2371} INFO - Sync 1 DAGs
[2023-03-11 11:14:27,777] {logging_mixin.py:115} INFO - [2023-03-11 11:14:27,777] {dag.py:2919} INFO - Setting next_dagrun for tutorial to 2023-03-09T00:00:00+00:00, run_after=2023-03-10T00:00:00+00:00
[2023-03-11 11:14:27,791] {processor.py:161} INFO - Processing /opt/airflow/dags/dag.py took 0.061 seconds
[2023-03-11 11:14:58,668] {processor.py:153} INFO - Started process (PID=1774) to work on /opt/airflow/dags/dag.py
[2023-03-11 11:14:58,668] {processor.py:641} INFO - Processing file /opt/airflow/dags/dag.py for tasks to queue
[2023-03-11 11:14:58,669] {logging_mixin.py:115} INFO - [2023-03-11 11:14:58,669] {dagbag.py:507} INFO - Filling up the DagBag from /opt/airflow/dags/dag.py
[2023-03-11 11:14:58,683] {processor.py:651} INFO - DAG(s) dict_keys(['tutorial']) retrieved from /opt/airflow/dags/dag.py
[2023-03-11 11:14:58,733] {logging_mixin.py:115} INFO - [2023-03-11 11:14:58,732] {dag.py:2371} INFO - Sync 1 DAGs
[2023-03-11 11:14:58,846] {logging_mixin.py:115} INFO - [2023-03-11 11:14:58,846] {dag.py:2919} INFO - Setting next_dagrun for tutorial to 2023-03-09T00:00:00+00:00, run_after=2023-03-10T00:00:00+00:00
[2023-03-11 11:14:58,865] {processor.py:161} INFO - Processing /opt/airflow/dags/dag.py took 0.200 seconds
[2023-03-11 11:15:28,972] {processor.py:153} INFO - Started process (PID=1829) to work on /opt/airflow/dags/dag.py
[2023-03-11 11:15:28,972] {processor.py:641} INFO - Processing file /opt/airflow/dags/dag.py for tasks to queue
[2023-03-11 11:15:28,973] {logging_mixin.py:115} INFO - [2023-03-11 11:15:28,973] {dagbag.py:507} INFO - Filling up the DagBag from /opt/airflow/dags/dag.py
[2023-03-11 11:15:28,986] {processor.py:651} INFO - DAG(s) dict_keys(['tutorial']) retrieved from /opt/airflow/dags/dag.py
[2023-03-11 11:15:29,011] {logging_mixin.py:115} INFO - [2023-03-11 11:15:29,011] {dag.py:2371} INFO - Sync 1 DAGs
[2023-03-11 11:15:29,029] {logging_mixin.py:115} INFO - [2023-03-11 11:15:29,029] {dag.py:2919} INFO - Setting next_dagrun for tutorial to 2023-03-09T00:00:00+00:00, run_after=2023-03-10T00:00:00+00:00
[2023-03-11 11:15:29,045] {processor.py:161} INFO - Processing /opt/airflow/dags/dag.py took 0.076 seconds
[2023-03-11 11:16:28,957] {processor.py:153} INFO - Started process (PID=42) to work on /opt/airflow/dags/dag.py
[2023-03-11 11:16:28,958] {processor.py:641} INFO - Processing file /opt/airflow/dags/dag.py for tasks to queue
[2023-03-11 11:16:28,959] {logging_mixin.py:115} INFO - [2023-03-11 11:16:28,959] {dagbag.py:507} INFO - Filling up the DagBag from /opt/airflow/dags/dag.py
[2023-03-11 11:16:28,986] {processor.py:651} INFO - DAG(s) dict_keys(['tutorial']) retrieved from /opt/airflow/dags/dag.py
[2023-03-11 11:16:29,090] {logging_mixin.py:115} INFO - [2023-03-11 11:16:29,090] {dag.py:2371} INFO - Sync 1 DAGs
[2023-03-11 11:16:29,129] {logging_mixin.py:115} INFO - [2023-03-11 11:16:29,128] {dag.py:2919} INFO - Setting next_dagrun for tutorial to 2023-03-09T00:00:00+00:00, run_after=2023-03-10T00:00:00+00:00
[2023-03-11 11:16:29,157] {processor.py:161} INFO - Processing /opt/airflow/dags/dag.py took 0.204 seconds
[2023-03-11 11:16:59,191] {processor.py:153} INFO - Started process (PID=105) to work on /opt/airflow/dags/dag.py
[2023-03-11 11:16:59,192] {processor.py:641} INFO - Processing file /opt/airflow/dags/dag.py for tasks to queue
[2023-03-11 11:16:59,193] {logging_mixin.py:115} INFO - [2023-03-11 11:16:59,192] {dagbag.py:507} INFO - Filling up the DagBag from /opt/airflow/dags/dag.py
[2023-03-11 11:16:59,207] {processor.py:651} INFO - DAG(s) dict_keys(['tutorial']) retrieved from /opt/airflow/dags/dag.py
[2023-03-11 11:16:59,230] {logging_mixin.py:115} INFO - [2023-03-11 11:16:59,230] {dag.py:2371} INFO - Sync 1 DAGs
[2023-03-11 11:16:59,246] {logging_mixin.py:115} INFO - [2023-03-11 11:16:59,246] {dag.py:2919} INFO - Setting next_dagrun for tutorial to 2023-03-09T00:00:00+00:00, run_after=2023-03-10T00:00:00+00:00
[2023-03-11 11:16:59,255] {processor.py:161} INFO - Processing /opt/airflow/dags/dag.py took 0.067 seconds
[2023-03-11 11:17:29,600] {processor.py:153} INFO - Started process (PID=168) to work on /opt/airflow/dags/dag.py
[2023-03-11 11:17:29,601] {processor.py:641} INFO - Processing file /opt/airflow/dags/dag.py for tasks to queue
[2023-03-11 11:17:29,602] {logging_mixin.py:115} INFO - [2023-03-11 11:17:29,602] {dagbag.py:507} INFO - Filling up the DagBag from /opt/airflow/dags/dag.py
[2023-03-11 11:17:29,615] {processor.py:651} INFO - DAG(s) dict_keys(['tutorial']) retrieved from /opt/airflow/dags/dag.py
[2023-03-11 11:17:29,628] {logging_mixin.py:115} INFO - [2023-03-11 11:17:29,628] {dag.py:2371} INFO - Sync 1 DAGs
[2023-03-11 11:17:29,644] {logging_mixin.py:115} INFO - [2023-03-11 11:17:29,644] {dag.py:2919} INFO - Setting next_dagrun for tutorial to 2023-03-09T00:00:00+00:00, run_after=2023-03-10T00:00:00+00:00
[2023-03-11 11:17:29,657] {processor.py:161} INFO - Processing /opt/airflow/dags/dag.py took 0.059 seconds
[2023-03-11 11:17:59,781] {processor.py:153} INFO - Started process (PID=222) to work on /opt/airflow/dags/dag.py
[2023-03-11 11:17:59,782] {processor.py:641} INFO - Processing file /opt/airflow/dags/dag.py for tasks to queue
[2023-03-11 11:17:59,782] {logging_mixin.py:115} INFO - [2023-03-11 11:17:59,782] {dagbag.py:507} INFO - Filling up the DagBag from /opt/airflow/dags/dag.py
[2023-03-11 11:17:59,796] {processor.py:651} INFO - DAG(s) dict_keys(['tutorial']) retrieved from /opt/airflow/dags/dag.py
[2023-03-11 11:17:59,842] {logging_mixin.py:115} INFO - [2023-03-11 11:17:59,842] {dag.py:2371} INFO - Sync 1 DAGs
[2023-03-11 11:17:59,854] {logging_mixin.py:115} INFO - [2023-03-11 11:17:59,854] {dag.py:2919} INFO - Setting next_dagrun for tutorial to 2023-03-09T00:00:00+00:00, run_after=2023-03-10T00:00:00+00:00
[2023-03-11 11:17:59,868] {processor.py:161} INFO - Processing /opt/airflow/dags/dag.py took 0.091 seconds
[2023-03-11 11:18:30,264] {processor.py:153} INFO - Started process (PID=285) to work on /opt/airflow/dags/dag.py
[2023-03-11 11:18:30,264] {processor.py:641} INFO - Processing file /opt/airflow/dags/dag.py for tasks to queue
[2023-03-11 11:18:30,265] {logging_mixin.py:115} INFO - [2023-03-11 11:18:30,265] {dagbag.py:507} INFO - Filling up the DagBag from /opt/airflow/dags/dag.py
[2023-03-11 11:18:30,281] {processor.py:651} INFO - DAG(s) dict_keys(['tutorial']) retrieved from /opt/airflow/dags/dag.py
[2023-03-11 11:18:30,304] {logging_mixin.py:115} INFO - [2023-03-11 11:18:30,304] {dag.py:2371} INFO - Sync 1 DAGs
[2023-03-11 11:18:30,323] {logging_mixin.py:115} INFO - [2023-03-11 11:18:30,323] {dag.py:2919} INFO - Setting next_dagrun for tutorial to 2023-03-09T00:00:00+00:00, run_after=2023-03-10T00:00:00+00:00
[2023-03-11 11:18:30,336] {processor.py:161} INFO - Processing /opt/airflow/dags/dag.py took 0.075 seconds
[2023-03-11 11:19:00,717] {processor.py:153} INFO - Started process (PID=348) to work on /opt/airflow/dags/dag.py
[2023-03-11 11:19:00,717] {processor.py:641} INFO - Processing file /opt/airflow/dags/dag.py for tasks to queue
[2023-03-11 11:19:00,718] {logging_mixin.py:115} INFO - [2023-03-11 11:19:00,718] {dagbag.py:507} INFO - Filling up the DagBag from /opt/airflow/dags/dag.py
[2023-03-11 11:19:00,731] {processor.py:651} INFO - DAG(s) dict_keys(['tutorial']) retrieved from /opt/airflow/dags/dag.py
[2023-03-11 11:19:00,742] {logging_mixin.py:115} INFO - [2023-03-11 11:19:00,742] {dag.py:2371} INFO - Sync 1 DAGs
[2023-03-11 11:19:00,759] {logging_mixin.py:115} INFO - [2023-03-11 11:19:00,759] {dag.py:2919} INFO - Setting next_dagrun for tutorial to 2023-03-09T00:00:00+00:00, run_after=2023-03-10T00:00:00+00:00
[2023-03-11 11:19:00,770] {processor.py:161} INFO - Processing /opt/airflow/dags/dag.py took 0.056 seconds
[2023-03-11 11:19:30,867] {processor.py:153} INFO - Started process (PID=411) to work on /opt/airflow/dags/dag.py
[2023-03-11 11:19:30,867] {processor.py:641} INFO - Processing file /opt/airflow/dags/dag.py for tasks to queue
[2023-03-11 11:19:30,868] {logging_mixin.py:115} INFO - [2023-03-11 11:19:30,868] {dagbag.py:507} INFO - Filling up the DagBag from /opt/airflow/dags/dag.py
[2023-03-11 11:19:30,880] {processor.py:651} INFO - DAG(s) dict_keys(['tutorial']) retrieved from /opt/airflow/dags/dag.py
[2023-03-11 11:19:30,925] {logging_mixin.py:115} INFO - [2023-03-11 11:19:30,925] {dag.py:2371} INFO - Sync 1 DAGs
[2023-03-11 11:19:30,937] {logging_mixin.py:115} INFO - [2023-03-11 11:19:30,937] {dag.py:2919} INFO - Setting next_dagrun for tutorial to 2023-03-09T00:00:00+00:00, run_after=2023-03-10T00:00:00+00:00
[2023-03-11 11:19:30,952] {processor.py:161} INFO - Processing /opt/airflow/dags/dag.py took 0.088 seconds
[2023-03-11 11:20:01,018] {processor.py:153} INFO - Started process (PID=465) to work on /opt/airflow/dags/dag.py
[2023-03-11 11:20:01,019] {processor.py:641} INFO - Processing file /opt/airflow/dags/dag.py for tasks to queue
[2023-03-11 11:20:01,019] {logging_mixin.py:115} INFO - [2023-03-11 11:20:01,019] {dagbag.py:507} INFO - Filling up the DagBag from /opt/airflow/dags/dag.py
[2023-03-11 11:20:01,029] {processor.py:651} INFO - DAG(s) dict_keys(['tutorial']) retrieved from /opt/airflow/dags/dag.py
[2023-03-11 11:20:01,049] {logging_mixin.py:115} INFO - [2023-03-11 11:20:01,049] {dag.py:2371} INFO - Sync 1 DAGs
[2023-03-11 11:20:01,064] {logging_mixin.py:115} INFO - [2023-03-11 11:20:01,064] {dag.py:2919} INFO - Setting next_dagrun for tutorial to 2023-03-09T00:00:00+00:00, run_after=2023-03-10T00:00:00+00:00
[2023-03-11 11:20:01,078] {processor.py:161} INFO - Processing /opt/airflow/dags/dag.py took 0.062 seconds
[2023-03-11 11:20:31,265] {processor.py:153} INFO - Started process (PID=528) to work on /opt/airflow/dags/dag.py
[2023-03-11 11:20:31,266] {processor.py:641} INFO - Processing file /opt/airflow/dags/dag.py for tasks to queue
[2023-03-11 11:20:31,266] {logging_mixin.py:115} INFO - [2023-03-11 11:20:31,266] {dagbag.py:507} INFO - Filling up the DagBag from /opt/airflow/dags/dag.py
[2023-03-11 11:20:31,279] {processor.py:651} INFO - DAG(s) dict_keys(['tutorial']) retrieved from /opt/airflow/dags/dag.py
[2023-03-11 11:20:31,292] {logging_mixin.py:115} INFO - [2023-03-11 11:20:31,292] {dag.py:2371} INFO - Sync 1 DAGs
[2023-03-11 11:20:31,311] {logging_mixin.py:115} INFO - [2023-03-11 11:20:31,311] {dag.py:2919} INFO - Setting next_dagrun for tutorial to 2023-03-09T00:00:00+00:00, run_after=2023-03-10T00:00:00+00:00
[2023-03-11 11:20:31,322] {processor.py:161} INFO - Processing /opt/airflow/dags/dag.py took 0.059 seconds
[2023-03-11 11:21:01,776] {processor.py:153} INFO - Started process (PID=591) to work on /opt/airflow/dags/dag.py
[2023-03-11 11:21:01,777] {processor.py:641} INFO - Processing file /opt/airflow/dags/dag.py for tasks to queue
[2023-03-11 11:21:01,778] {logging_mixin.py:115} INFO - [2023-03-11 11:21:01,778] {dagbag.py:507} INFO - Filling up the DagBag from /opt/airflow/dags/dag.py
[2023-03-11 11:21:01,792] {processor.py:651} INFO - DAG(s) dict_keys(['tutorial']) retrieved from /opt/airflow/dags/dag.py
[2023-03-11 11:21:01,845] {logging_mixin.py:115} INFO - [2023-03-11 11:21:01,845] {dag.py:2371} INFO - Sync 1 DAGs
[2023-03-11 11:21:01,860] {logging_mixin.py:115} INFO - [2023-03-11 11:21:01,860] {dag.py:2919} INFO - Setting next_dagrun for tutorial to 2023-03-09T00:00:00+00:00, run_after=2023-03-10T00:00:00+00:00
[2023-03-11 11:21:01,876] {processor.py:161} INFO - Processing /opt/airflow/dags/dag.py took 0.103 seconds
[2023-03-11 11:21:31,901] {processor.py:153} INFO - Started process (PID=654) to work on /opt/airflow/dags/dag.py
[2023-03-11 11:21:31,902] {processor.py:641} INFO - Processing file /opt/airflow/dags/dag.py for tasks to queue
[2023-03-11 11:21:31,902] {logging_mixin.py:115} INFO - [2023-03-11 11:21:31,902] {dagbag.py:507} INFO - Filling up the DagBag from /opt/airflow/dags/dag.py
[2023-03-11 11:21:31,912] {processor.py:651} INFO - DAG(s) dict_keys(['tutorial']) retrieved from /opt/airflow/dags/dag.py
[2023-03-11 11:21:31,930] {logging_mixin.py:115} INFO - [2023-03-11 11:21:31,930] {dag.py:2371} INFO - Sync 1 DAGs
[2023-03-11 11:21:31,945] {logging_mixin.py:115} INFO - [2023-03-11 11:21:31,945] {dag.py:2919} INFO - Setting next_dagrun for tutorial to 2023-03-09T00:00:00+00:00, run_after=2023-03-10T00:00:00+00:00
[2023-03-11 11:21:31,958] {processor.py:161} INFO - Processing /opt/airflow/dags/dag.py took 0.059 seconds
[2023-03-11 11:22:02,027] {processor.py:153} INFO - Started process (PID=708) to work on /opt/airflow/dags/dag.py
[2023-03-11 11:22:02,028] {processor.py:641} INFO - Processing file /opt/airflow/dags/dag.py for tasks to queue
[2023-03-11 11:22:02,028] {logging_mixin.py:115} INFO - [2023-03-11 11:22:02,028] {dagbag.py:507} INFO - Filling up the DagBag from /opt/airflow/dags/dag.py
[2023-03-11 11:22:02,038] {processor.py:651} INFO - DAG(s) dict_keys(['tutorial']) retrieved from /opt/airflow/dags/dag.py
[2023-03-11 11:22:02,049] {logging_mixin.py:115} INFO - [2023-03-11 11:22:02,049] {dag.py:2371} INFO - Sync 1 DAGs
[2023-03-11 11:22:02,064] {logging_mixin.py:115} INFO - [2023-03-11 11:22:02,064] {dag.py:2919} INFO - Setting next_dagrun for tutorial to 2023-03-09T00:00:00+00:00, run_after=2023-03-10T00:00:00+00:00
[2023-03-11 11:22:02,075] {processor.py:161} INFO - Processing /opt/airflow/dags/dag.py took 0.050 seconds
[2023-03-11 11:22:32,124] {processor.py:153} INFO - Started process (PID=771) to work on /opt/airflow/dags/dag.py
[2023-03-11 11:22:32,125] {processor.py:641} INFO - Processing file /opt/airflow/dags/dag.py for tasks to queue
[2023-03-11 11:22:32,125] {logging_mixin.py:115} INFO - [2023-03-11 11:22:32,125] {dagbag.py:507} INFO - Filling up the DagBag from /opt/airflow/dags/dag.py
[2023-03-11 11:22:32,137] {processor.py:651} INFO - DAG(s) dict_keys(['tutorial']) retrieved from /opt/airflow/dags/dag.py
[2023-03-11 11:22:32,189] {logging_mixin.py:115} INFO - [2023-03-11 11:22:32,189] {dag.py:2371} INFO - Sync 1 DAGs
[2023-03-11 11:22:32,208] {logging_mixin.py:115} INFO - [2023-03-11 11:22:32,208] {dag.py:2919} INFO - Setting next_dagrun for tutorial to 2023-03-09T00:00:00+00:00, run_after=2023-03-10T00:00:00+00:00
[2023-03-11 11:22:32,318] {processor.py:161} INFO - Processing /opt/airflow/dags/dag.py took 0.197 seconds
[2023-03-11 11:23:02,753] {processor.py:153} INFO - Started process (PID=833) to work on /opt/airflow/dags/dag.py
[2023-03-11 11:23:02,754] {processor.py:641} INFO - Processing file /opt/airflow/dags/dag.py for tasks to queue
[2023-03-11 11:23:02,754] {logging_mixin.py:115} INFO - [2023-03-11 11:23:02,754] {dagbag.py:507} INFO - Filling up the DagBag from /opt/airflow/dags/dag.py
[2023-03-11 11:23:02,771] {processor.py:651} INFO - DAG(s) dict_keys(['tutorial']) retrieved from /opt/airflow/dags/dag.py
[2023-03-11 11:23:02,793] {logging_mixin.py:115} INFO - [2023-03-11 11:23:02,793] {dag.py:2371} INFO - Sync 1 DAGs
[2023-03-11 11:23:02,810] {logging_mixin.py:115} INFO - [2023-03-11 11:23:02,810] {dag.py:2919} INFO - Setting next_dagrun for tutorial to 2023-03-09T00:00:00+00:00, run_after=2023-03-10T00:00:00+00:00
[2023-03-11 11:23:02,826] {processor.py:161} INFO - Processing /opt/airflow/dags/dag.py took 0.076 seconds
[2023-03-11 11:23:32,884] {processor.py:153} INFO - Started process (PID=896) to work on /opt/airflow/dags/dag.py
[2023-03-11 11:23:32,885] {processor.py:641} INFO - Processing file /opt/airflow/dags/dag.py for tasks to queue
[2023-03-11 11:23:32,886] {logging_mixin.py:115} INFO - [2023-03-11 11:23:32,885] {dagbag.py:507} INFO - Filling up the DagBag from /opt/airflow/dags/dag.py
[2023-03-11 11:23:32,902] {processor.py:651} INFO - DAG(s) dict_keys(['tutorial']) retrieved from /opt/airflow/dags/dag.py
[2023-03-11 11:23:32,917] {logging_mixin.py:115} INFO - [2023-03-11 11:23:32,917] {dag.py:2371} INFO - Sync 1 DAGs
[2023-03-11 11:23:32,941] {logging_mixin.py:115} INFO - [2023-03-11 11:23:32,941] {dag.py:2919} INFO - Setting next_dagrun for tutorial to 2023-03-09T00:00:00+00:00, run_after=2023-03-10T00:00:00+00:00
[2023-03-11 11:23:32,957] {processor.py:161} INFO - Processing /opt/airflow/dags/dag.py took 0.076 seconds
[2023-03-11 11:24:03,210] {processor.py:153} INFO - Started process (PID=950) to work on /opt/airflow/dags/dag.py
[2023-03-11 11:24:03,211] {processor.py:641} INFO - Processing file /opt/airflow/dags/dag.py for tasks to queue
[2023-03-11 11:24:03,212] {logging_mixin.py:115} INFO - [2023-03-11 11:24:03,212] {dagbag.py:507} INFO - Filling up the DagBag from /opt/airflow/dags/dag.py
[2023-03-11 11:24:03,227] {processor.py:651} INFO - DAG(s) dict_keys(['tutorial']) retrieved from /opt/airflow/dags/dag.py
[2023-03-11 11:24:03,274] {logging_mixin.py:115} INFO - [2023-03-11 11:24:03,274] {dag.py:2371} INFO - Sync 1 DAGs
[2023-03-11 11:24:03,287] {logging_mixin.py:115} INFO - [2023-03-11 11:24:03,287] {dag.py:2919} INFO - Setting next_dagrun for tutorial to 2023-03-09T00:00:00+00:00, run_after=2023-03-10T00:00:00+00:00
[2023-03-11 11:24:03,380] {processor.py:161} INFO - Processing /opt/airflow/dags/dag.py took 0.174 seconds
[2023-03-11 11:31:20,245] {processor.py:153} INFO - Started process (PID=51) to work on /opt/airflow/dags/dag.py
[2023-03-11 11:31:20,246] {processor.py:641} INFO - Processing file /opt/airflow/dags/dag.py for tasks to queue
[2023-03-11 11:31:20,248] {logging_mixin.py:115} INFO - [2023-03-11 11:31:20,247] {dagbag.py:507} INFO - Filling up the DagBag from /opt/airflow/dags/dag.py
[2023-03-11 11:31:20,278] {processor.py:651} INFO - DAG(s) dict_keys(['tutorial']) retrieved from /opt/airflow/dags/dag.py
[2023-03-11 11:31:20,326] {logging_mixin.py:115} INFO - [2023-03-11 11:31:20,326] {dag.py:2371} INFO - Sync 1 DAGs
[2023-03-11 11:31:20,532] {logging_mixin.py:115} INFO - [2023-03-11 11:31:20,532] {dag.py:2919} INFO - Setting next_dagrun for tutorial to 2023-03-09T00:00:00+00:00, run_after=2023-03-10T00:00:00+00:00
[2023-03-11 11:31:20,558] {processor.py:161} INFO - Processing /opt/airflow/dags/dag.py took 0.318 seconds
[2023-03-11 11:31:50,752] {processor.py:153} INFO - Started process (PID=105) to work on /opt/airflow/dags/dag.py
[2023-03-11 11:31:50,753] {processor.py:641} INFO - Processing file /opt/airflow/dags/dag.py for tasks to queue
[2023-03-11 11:31:50,754] {logging_mixin.py:115} INFO - [2023-03-11 11:31:50,754] {dagbag.py:507} INFO - Filling up the DagBag from /opt/airflow/dags/dag.py
[2023-03-11 11:31:50,768] {processor.py:651} INFO - DAG(s) dict_keys(['tutorial']) retrieved from /opt/airflow/dags/dag.py
[2023-03-11 11:31:50,780] {logging_mixin.py:115} INFO - [2023-03-11 11:31:50,780] {dag.py:2371} INFO - Sync 1 DAGs
[2023-03-11 11:31:50,799] {logging_mixin.py:115} INFO - [2023-03-11 11:31:50,799] {dag.py:2919} INFO - Setting next_dagrun for tutorial to 2023-03-09T00:00:00+00:00, run_after=2023-03-10T00:00:00+00:00
[2023-03-11 11:31:50,911] {processor.py:161} INFO - Processing /opt/airflow/dags/dag.py took 0.160 seconds
[2023-03-11 11:32:21,138] {processor.py:153} INFO - Started process (PID=168) to work on /opt/airflow/dags/dag.py
[2023-03-11 11:32:21,139] {processor.py:641} INFO - Processing file /opt/airflow/dags/dag.py for tasks to queue
[2023-03-11 11:32:21,139] {logging_mixin.py:115} INFO - [2023-03-11 11:32:21,139] {dagbag.py:507} INFO - Filling up the DagBag from /opt/airflow/dags/dag.py
[2023-03-11 11:32:21,154] {processor.py:651} INFO - DAG(s) dict_keys(['tutorial']) retrieved from /opt/airflow/dags/dag.py
[2023-03-11 11:32:21,289] {logging_mixin.py:115} INFO - [2023-03-11 11:32:21,289] {dag.py:2371} INFO - Sync 1 DAGs
[2023-03-11 11:32:21,304] {logging_mixin.py:115} INFO - [2023-03-11 11:32:21,304] {dag.py:2919} INFO - Setting next_dagrun for tutorial to 2023-03-09T00:00:00+00:00, run_after=2023-03-10T00:00:00+00:00
[2023-03-11 11:32:21,322] {processor.py:161} INFO - Processing /opt/airflow/dags/dag.py took 0.187 seconds
[2023-03-11 11:32:51,942] {processor.py:153} INFO - Started process (PID=230) to work on /opt/airflow/dags/dag.py
[2023-03-11 11:32:51,943] {processor.py:641} INFO - Processing file /opt/airflow/dags/dag.py for tasks to queue
[2023-03-11 11:32:51,943] {logging_mixin.py:115} INFO - [2023-03-11 11:32:51,943] {dagbag.py:507} INFO - Filling up the DagBag from /opt/airflow/dags/dag.py
[2023-03-11 11:32:51,956] {processor.py:651} INFO - DAG(s) dict_keys(['tutorial']) retrieved from /opt/airflow/dags/dag.py
[2023-03-11 11:32:51,977] {logging_mixin.py:115} INFO - [2023-03-11 11:32:51,977] {dag.py:2371} INFO - Sync 1 DAGs
[2023-03-11 11:32:52,081] {logging_mixin.py:115} INFO - [2023-03-11 11:32:52,081] {dag.py:2919} INFO - Setting next_dagrun for tutorial to 2023-03-09T00:00:00+00:00, run_after=2023-03-10T00:00:00+00:00
[2023-03-11 11:32:52,101] {processor.py:161} INFO - Processing /opt/airflow/dags/dag.py took 0.162 seconds
[2023-03-11 11:33:22,287] {processor.py:153} INFO - Started process (PID=284) to work on /opt/airflow/dags/dag.py
[2023-03-11 11:33:22,288] {processor.py:641} INFO - Processing file /opt/airflow/dags/dag.py for tasks to queue
[2023-03-11 11:33:22,289] {logging_mixin.py:115} INFO - [2023-03-11 11:33:22,289] {dagbag.py:507} INFO - Filling up the DagBag from /opt/airflow/dags/dag.py
[2023-03-11 11:33:22,306] {processor.py:651} INFO - DAG(s) dict_keys(['tutorial']) retrieved from /opt/airflow/dags/dag.py
[2023-03-11 11:33:22,352] {logging_mixin.py:115} INFO - [2023-03-11 11:33:22,352] {dag.py:2371} INFO - Sync 1 DAGs
[2023-03-11 11:33:22,464] {logging_mixin.py:115} INFO - [2023-03-11 11:33:22,464] {dag.py:2919} INFO - Setting next_dagrun for tutorial to 2023-03-09T00:00:00+00:00, run_after=2023-03-10T00:00:00+00:00
[2023-03-11 11:33:22,481] {processor.py:161} INFO - Processing /opt/airflow/dags/dag.py took 0.197 seconds
[2023-03-11 11:33:52,715] {processor.py:153} INFO - Started process (PID=347) to work on /opt/airflow/dags/dag.py
[2023-03-11 11:33:52,716] {processor.py:641} INFO - Processing file /opt/airflow/dags/dag.py for tasks to queue
[2023-03-11 11:33:52,717] {logging_mixin.py:115} INFO - [2023-03-11 11:33:52,717] {dagbag.py:507} INFO - Filling up the DagBag from /opt/airflow/dags/dag.py
[2023-03-11 11:33:52,734] {processor.py:651} INFO - DAG(s) dict_keys(['tutorial']) retrieved from /opt/airflow/dags/dag.py
[2023-03-11 11:33:52,868] {logging_mixin.py:115} INFO - [2023-03-11 11:33:52,868] {dag.py:2371} INFO - Sync 1 DAGs
[2023-03-11 11:33:52,884] {logging_mixin.py:115} INFO - [2023-03-11 11:33:52,884] {dag.py:2919} INFO - Setting next_dagrun for tutorial to 2023-03-09T00:00:00+00:00, run_after=2023-03-10T00:00:00+00:00
[2023-03-11 11:33:52,905] {processor.py:161} INFO - Processing /opt/airflow/dags/dag.py took 0.193 seconds
[2023-03-11 11:34:23,343] {processor.py:153} INFO - Started process (PID=410) to work on /opt/airflow/dags/dag.py
[2023-03-11 11:34:23,344] {processor.py:641} INFO - Processing file /opt/airflow/dags/dag.py for tasks to queue
[2023-03-11 11:34:23,344] {logging_mixin.py:115} INFO - [2023-03-11 11:34:23,344] {dagbag.py:507} INFO - Filling up the DagBag from /opt/airflow/dags/dag.py
[2023-03-11 11:34:23,358] {processor.py:651} INFO - DAG(s) dict_keys(['tutorial']) retrieved from /opt/airflow/dags/dag.py
[2023-03-11 11:34:23,380] {logging_mixin.py:115} INFO - [2023-03-11 11:34:23,380] {dag.py:2371} INFO - Sync 1 DAGs
[2023-03-11 11:34:23,510] {logging_mixin.py:115} INFO - [2023-03-11 11:34:23,510] {dag.py:2919} INFO - Setting next_dagrun for tutorial to 2023-03-09T00:00:00+00:00, run_after=2023-03-10T00:00:00+00:00
[2023-03-11 11:34:23,530] {processor.py:161} INFO - Processing /opt/airflow/dags/dag.py took 0.190 seconds
[2023-03-11 11:34:54,177] {processor.py:153} INFO - Started process (PID=473) to work on /opt/airflow/dags/dag.py
[2023-03-11 11:34:54,178] {processor.py:641} INFO - Processing file /opt/airflow/dags/dag.py for tasks to queue
[2023-03-11 11:34:54,178] {logging_mixin.py:115} INFO - [2023-03-11 11:34:54,178] {dagbag.py:507} INFO - Filling up the DagBag from /opt/airflow/dags/dag.py
[2023-03-11 11:34:54,209] {processor.py:651} INFO - DAG(s) dict_keys(['tutorial']) retrieved from /opt/airflow/dags/dag.py
[2023-03-11 11:34:54,228] {logging_mixin.py:115} INFO - [2023-03-11 11:34:54,228] {dag.py:2371} INFO - Sync 1 DAGs
[2023-03-11 11:34:54,401] {logging_mixin.py:115} INFO - [2023-03-11 11:34:54,401] {dag.py:2919} INFO - Setting next_dagrun for tutorial to 2023-03-09T00:00:00+00:00, run_after=2023-03-10T00:00:00+00:00
[2023-03-11 11:34:54,434] {processor.py:161} INFO - Processing /opt/airflow/dags/dag.py took 0.260 seconds
[2023-03-11 11:37:54,782] {processor.py:153} INFO - Started process (PID=42) to work on /opt/airflow/dags/dag.py
[2023-03-11 11:37:54,783] {processor.py:641} INFO - Processing file /opt/airflow/dags/dag.py for tasks to queue
[2023-03-11 11:37:54,784] {logging_mixin.py:115} INFO - [2023-03-11 11:37:54,784] {dagbag.py:507} INFO - Filling up the DagBag from /opt/airflow/dags/dag.py
[2023-03-11 11:37:54,817] {processor.py:651} INFO - DAG(s) dict_keys(['tutorial']) retrieved from /opt/airflow/dags/dag.py
[2023-03-11 11:37:55,031] {logging_mixin.py:115} INFO - [2023-03-11 11:37:55,031] {dag.py:2371} INFO - Sync 1 DAGs
[2023-03-11 11:37:55,059] {logging_mixin.py:115} INFO - [2023-03-11 11:37:55,058] {dag.py:2919} INFO - Setting next_dagrun for tutorial to 2023-03-09T00:00:00+00:00, run_after=2023-03-10T00:00:00+00:00
[2023-03-11 11:37:55,084] {processor.py:161} INFO - Processing /opt/airflow/dags/dag.py took 0.307 seconds
[2023-03-11 11:38:25,456] {processor.py:153} INFO - Started process (PID=105) to work on /opt/airflow/dags/dag.py
[2023-03-11 11:38:25,457] {processor.py:641} INFO - Processing file /opt/airflow/dags/dag.py for tasks to queue
[2023-03-11 11:38:25,458] {logging_mixin.py:115} INFO - [2023-03-11 11:38:25,458] {dagbag.py:507} INFO - Filling up the DagBag from /opt/airflow/dags/dag.py
[2023-03-11 11:38:25,469] {processor.py:651} INFO - DAG(s) dict_keys(['tutorial']) retrieved from /opt/airflow/dags/dag.py
[2023-03-11 11:38:25,494] {logging_mixin.py:115} INFO - [2023-03-11 11:38:25,494] {dag.py:2371} INFO - Sync 1 DAGs
[2023-03-11 11:38:25,513] {logging_mixin.py:115} INFO - [2023-03-11 11:38:25,513] {dag.py:2919} INFO - Setting next_dagrun for tutorial to 2023-03-09T00:00:00+00:00, run_after=2023-03-10T00:00:00+00:00
[2023-03-11 11:38:25,620] {processor.py:161} INFO - Processing /opt/airflow/dags/dag.py took 0.166 seconds
[2023-03-11 11:38:55,676] {processor.py:153} INFO - Started process (PID=168) to work on /opt/airflow/dags/dag.py
[2023-03-11 11:38:55,677] {processor.py:641} INFO - Processing file /opt/airflow/dags/dag.py for tasks to queue
[2023-03-11 11:38:55,678] {logging_mixin.py:115} INFO - [2023-03-11 11:38:55,678] {dagbag.py:507} INFO - Filling up the DagBag from /opt/airflow/dags/dag.py
[2023-03-11 11:38:55,691] {processor.py:651} INFO - DAG(s) dict_keys(['tutorial']) retrieved from /opt/airflow/dags/dag.py
[2023-03-11 11:38:55,702] {logging_mixin.py:115} INFO - [2023-03-11 11:38:55,702] {dag.py:2371} INFO - Sync 1 DAGs
[2023-03-11 11:38:55,718] {logging_mixin.py:115} INFO - [2023-03-11 11:38:55,718] {dag.py:2919} INFO - Setting next_dagrun for tutorial to 2023-03-09T00:00:00+00:00, run_after=2023-03-10T00:00:00+00:00
[2023-03-11 11:38:55,734] {processor.py:161} INFO - Processing /opt/airflow/dags/dag.py took 0.060 seconds
[2023-03-11 11:59:41,448] {processor.py:153} INFO - Started process (PID=48) to work on /opt/airflow/dags/dag.py
[2023-03-11 11:59:41,449] {processor.py:641} INFO - Processing file /opt/airflow/dags/dag.py for tasks to queue
[2023-03-11 11:59:41,451] {logging_mixin.py:115} INFO - [2023-03-11 11:59:41,450] {dagbag.py:507} INFO - Filling up the DagBag from /opt/airflow/dags/dag.py
[2023-03-11 11:59:41,477] {processor.py:651} INFO - DAG(s) dict_keys(['tutorial']) retrieved from /opt/airflow/dags/dag.py
[2023-03-11 11:59:41,659] {logging_mixin.py:115} INFO - [2023-03-11 11:59:41,659] {dag.py:2371} INFO - Sync 1 DAGs
[2023-03-11 11:59:41,685] {logging_mixin.py:115} INFO - [2023-03-11 11:59:41,685] {dag.py:2919} INFO - Setting next_dagrun for tutorial to 2023-03-09T00:00:00+00:00, run_after=2023-03-10T00:00:00+00:00
[2023-03-11 11:59:41,709] {processor.py:161} INFO - Processing /opt/airflow/dags/dag.py took 0.265 seconds
[2023-03-11 12:00:11,808] {processor.py:153} INFO - Started process (PID=105) to work on /opt/airflow/dags/dag.py
[2023-03-11 12:00:11,808] {processor.py:641} INFO - Processing file /opt/airflow/dags/dag.py for tasks to queue
[2023-03-11 12:00:11,809] {logging_mixin.py:115} INFO - [2023-03-11 12:00:11,809] {dagbag.py:507} INFO - Filling up the DagBag from /opt/airflow/dags/dag.py
[2023-03-11 12:00:11,822] {processor.py:651} INFO - DAG(s) dict_keys(['tutorial']) retrieved from /opt/airflow/dags/dag.py
[2023-03-11 12:00:11,843] {logging_mixin.py:115} INFO - [2023-03-11 12:00:11,843] {dag.py:2371} INFO - Sync 1 DAGs
[2023-03-11 12:00:11,861] {logging_mixin.py:115} INFO - [2023-03-11 12:00:11,861] {dag.py:2919} INFO - Setting next_dagrun for tutorial to 2023-03-09T00:00:00+00:00, run_after=2023-03-10T00:00:00+00:00
[2023-03-11 12:00:11,962] {processor.py:161} INFO - Processing /opt/airflow/dags/dag.py took 0.157 seconds
[2023-03-11 12:00:42,290] {processor.py:153} INFO - Started process (PID=168) to work on /opt/airflow/dags/dag.py
[2023-03-11 12:00:42,291] {processor.py:641} INFO - Processing file /opt/airflow/dags/dag.py for tasks to queue
[2023-03-11 12:00:42,292] {logging_mixin.py:115} INFO - [2023-03-11 12:00:42,292] {dagbag.py:507} INFO - Filling up the DagBag from /opt/airflow/dags/dag.py
[2023-03-11 12:00:42,304] {processor.py:651} INFO - DAG(s) dict_keys(['tutorial']) retrieved from /opt/airflow/dags/dag.py
[2023-03-11 12:00:42,315] {logging_mixin.py:115} INFO - [2023-03-11 12:00:42,315] {dag.py:2371} INFO - Sync 1 DAGs
[2023-03-11 12:00:42,333] {logging_mixin.py:115} INFO - [2023-03-11 12:00:42,333] {dag.py:2919} INFO - Setting next_dagrun for tutorial to 2023-03-09T00:00:00+00:00, run_after=2023-03-10T00:00:00+00:00
[2023-03-11 12:00:42,349] {processor.py:161} INFO - Processing /opt/airflow/dags/dag.py took 0.061 seconds
[2023-03-11 16:28:51,868] {processor.py:153} INFO - Started process (PID=59) to work on /opt/airflow/dags/dag.py
[2023-03-11 16:28:51,870] {processor.py:641} INFO - Processing file /opt/airflow/dags/dag.py for tasks to queue
[2023-03-11 16:28:51,873] {logging_mixin.py:115} INFO - [2023-03-11 16:28:51,873] {dagbag.py:507} INFO - Filling up the DagBag from /opt/airflow/dags/dag.py
[2023-03-11 16:28:51,920] {processor.py:651} INFO - DAG(s) dict_keys(['tutorial']) retrieved from /opt/airflow/dags/dag.py
[2023-03-11 16:28:52,379] {logging_mixin.py:115} INFO - [2023-03-11 16:28:52,378] {dag.py:2371} INFO - Sync 1 DAGs
[2023-03-11 16:28:52,484] {logging_mixin.py:115} INFO - [2023-03-11 16:28:52,484] {dag.py:2919} INFO - Setting next_dagrun for tutorial to 2023-03-09T00:00:00+00:00, run_after=2023-03-10T00:00:00+00:00
[2023-03-11 16:28:52,540] {processor.py:161} INFO - Processing /opt/airflow/dags/dag.py took 0.681 seconds
[2023-03-11 16:29:23,154] {processor.py:153} INFO - Started process (PID=113) to work on /opt/airflow/dags/dag.py
[2023-03-11 16:29:23,182] {processor.py:641} INFO - Processing file /opt/airflow/dags/dag.py for tasks to queue
[2023-03-11 16:29:23,198] {logging_mixin.py:115} INFO - [2023-03-11 16:29:23,195] {dagbag.py:507} INFO - Filling up the DagBag from /opt/airflow/dags/dag.py
[2023-03-11 16:29:23,481] {processor.py:651} INFO - DAG(s) dict_keys(['tutorial']) retrieved from /opt/airflow/dags/dag.py
[2023-03-11 16:29:23,910] {logging_mixin.py:115} INFO - [2023-03-11 16:29:23,909] {dag.py:2371} INFO - Sync 1 DAGs
[2023-03-11 16:29:23,985] {logging_mixin.py:115} INFO - [2023-03-11 16:29:23,984] {dag.py:2919} INFO - Setting next_dagrun for tutorial to 2023-03-09T00:00:00+00:00, run_after=2023-03-10T00:00:00+00:00
[2023-03-11 16:29:25,430] {processor.py:161} INFO - Processing /opt/airflow/dags/dag.py took 2.450 seconds
[2023-03-11 16:29:56,017] {processor.py:153} INFO - Started process (PID=166) to work on /opt/airflow/dags/dag.py
[2023-03-11 16:29:56,019] {processor.py:641} INFO - Processing file /opt/airflow/dags/dag.py for tasks to queue
[2023-03-11 16:29:56,021] {logging_mixin.py:115} INFO - [2023-03-11 16:29:56,021] {dagbag.py:507} INFO - Filling up the DagBag from /opt/airflow/dags/dag.py
[2023-03-11 16:29:56,073] {processor.py:651} INFO - DAG(s) dict_keys(['tutorial']) retrieved from /opt/airflow/dags/dag.py
[2023-03-11 16:29:56,103] {logging_mixin.py:115} INFO - [2023-03-11 16:29:56,103] {dag.py:2371} INFO - Sync 1 DAGs
[2023-03-11 16:29:56,140] {logging_mixin.py:115} INFO - [2023-03-11 16:29:56,140] {dag.py:2919} INFO - Setting next_dagrun for tutorial to 2023-03-09T00:00:00+00:00, run_after=2023-03-10T00:00:00+00:00
[2023-03-11 16:29:56,165] {processor.py:161} INFO - Processing /opt/airflow/dags/dag.py took 0.154 seconds
[2023-03-11 16:30:26,813] {processor.py:153} INFO - Started process (PID=228) to work on /opt/airflow/dags/dag.py
[2023-03-11 16:30:26,814] {processor.py:641} INFO - Processing file /opt/airflow/dags/dag.py for tasks to queue
[2023-03-11 16:30:26,815] {logging_mixin.py:115} INFO - [2023-03-11 16:30:26,815] {dagbag.py:507} INFO - Filling up the DagBag from /opt/airflow/dags/dag.py
[2023-03-11 16:30:26,833] {processor.py:651} INFO - DAG(s) dict_keys(['tutorial']) retrieved from /opt/airflow/dags/dag.py
[2023-03-11 16:30:27,001] {logging_mixin.py:115} INFO - [2023-03-11 16:30:27,001] {dag.py:2371} INFO - Sync 1 DAGs
[2023-03-11 16:30:27,017] {logging_mixin.py:115} INFO - [2023-03-11 16:30:27,017] {dag.py:2919} INFO - Setting next_dagrun for tutorial to 2023-03-09T00:00:00+00:00, run_after=2023-03-10T00:00:00+00:00
[2023-03-11 16:30:27,054] {processor.py:161} INFO - Processing /opt/airflow/dags/dag.py took 0.244 seconds
[2023-03-11 16:31:19,565] {processor.py:153} INFO - Started process (PID=49) to work on /opt/airflow/dags/dag.py
[2023-03-11 16:31:19,566] {processor.py:641} INFO - Processing file /opt/airflow/dags/dag.py for tasks to queue
[2023-03-11 16:31:19,567] {logging_mixin.py:115} INFO - [2023-03-11 16:31:19,567] {dagbag.py:507} INFO - Filling up the DagBag from /opt/airflow/dags/dag.py
[2023-03-11 16:31:19,615] {processor.py:651} INFO - DAG(s) dict_keys(['tutorial']) retrieved from /opt/airflow/dags/dag.py
[2023-03-11 16:31:19,697] {logging_mixin.py:115} INFO - [2023-03-11 16:31:19,697] {dag.py:2371} INFO - Sync 1 DAGs
[2023-03-11 16:31:19,767] {logging_mixin.py:115} INFO - [2023-03-11 16:31:19,767] {dag.py:2919} INFO - Setting next_dagrun for tutorial to 2023-03-09T00:00:00+00:00, run_after=2023-03-10T00:00:00+00:00
[2023-03-11 16:31:19,801] {processor.py:161} INFO - Processing /opt/airflow/dags/dag.py took 0.246 seconds
[2023-03-11 16:31:50,599] {processor.py:153} INFO - Started process (PID=105) to work on /opt/airflow/dags/dag.py
[2023-03-11 16:31:50,600] {processor.py:641} INFO - Processing file /opt/airflow/dags/dag.py for tasks to queue
[2023-03-11 16:31:50,601] {logging_mixin.py:115} INFO - [2023-03-11 16:31:50,601] {dagbag.py:507} INFO - Filling up the DagBag from /opt/airflow/dags/dag.py
[2023-03-11 16:31:50,618] {processor.py:651} INFO - DAG(s) dict_keys(['tutorial']) retrieved from /opt/airflow/dags/dag.py
[2023-03-11 16:31:50,632] {logging_mixin.py:115} INFO - [2023-03-11 16:31:50,632] {dag.py:2371} INFO - Sync 1 DAGs
[2023-03-11 16:31:50,656] {logging_mixin.py:115} INFO - [2023-03-11 16:31:50,656] {dag.py:2919} INFO - Setting next_dagrun for tutorial to 2023-03-09T00:00:00+00:00, run_after=2023-03-10T00:00:00+00:00
[2023-03-11 16:31:50,673] {processor.py:161} INFO - Processing /opt/airflow/dags/dag.py took 0.078 seconds
[2023-03-11 16:32:51,188] {processor.py:153} INFO - Started process (PID=42) to work on /opt/airflow/dags/dag.py
[2023-03-11 16:32:51,189] {processor.py:641} INFO - Processing file /opt/airflow/dags/dag.py for tasks to queue
[2023-03-11 16:32:51,191] {logging_mixin.py:115} INFO - [2023-03-11 16:32:51,191] {dagbag.py:507} INFO - Filling up the DagBag from /opt/airflow/dags/dag.py
[2023-03-11 16:32:51,237] {processor.py:651} INFO - DAG(s) dict_keys(['tutorial']) retrieved from /opt/airflow/dags/dag.py
[2023-03-11 16:32:51,448] {logging_mixin.py:115} INFO - [2023-03-11 16:32:51,447] {dag.py:2371} INFO - Sync 1 DAGs
[2023-03-11 16:32:51,492] {logging_mixin.py:115} INFO - [2023-03-11 16:32:51,491] {dag.py:2919} INFO - Setting next_dagrun for tutorial to 2023-03-09T00:00:00+00:00, run_after=2023-03-10T00:00:00+00:00
[2023-03-11 16:32:51,537] {processor.py:161} INFO - Processing /opt/airflow/dags/dag.py took 0.357 seconds
[2023-03-11 16:33:22,548] {processor.py:153} INFO - Started process (PID=105) to work on /opt/airflow/dags/dag.py
[2023-03-11 16:33:22,549] {processor.py:641} INFO - Processing file /opt/airflow/dags/dag.py for tasks to queue
[2023-03-11 16:33:22,551] {logging_mixin.py:115} INFO - [2023-03-11 16:33:22,550] {dagbag.py:507} INFO - Filling up the DagBag from /opt/airflow/dags/dag.py
[2023-03-11 16:33:22,599] {processor.py:651} INFO - DAG(s) dict_keys(['tutorial']) retrieved from /opt/airflow/dags/dag.py
[2023-03-11 16:33:22,654] {logging_mixin.py:115} INFO - [2023-03-11 16:33:22,654] {dag.py:2371} INFO - Sync 1 DAGs
[2023-03-11 16:33:22,709] {logging_mixin.py:115} INFO - [2023-03-11 16:33:22,708] {dag.py:2919} INFO - Setting next_dagrun for tutorial to 2023-03-09T00:00:00+00:00, run_after=2023-03-10T00:00:00+00:00
[2023-03-11 16:33:22,753] {processor.py:161} INFO - Processing /opt/airflow/dags/dag.py took 0.212 seconds
[2023-03-11 16:33:53,261] {processor.py:153} INFO - Started process (PID=168) to work on /opt/airflow/dags/dag.py
[2023-03-11 16:33:53,262] {processor.py:641} INFO - Processing file /opt/airflow/dags/dag.py for tasks to queue
[2023-03-11 16:33:53,263] {logging_mixin.py:115} INFO - [2023-03-11 16:33:53,263] {dagbag.py:507} INFO - Filling up the DagBag from /opt/airflow/dags/dag.py
[2023-03-11 16:33:53,285] {processor.py:651} INFO - DAG(s) dict_keys(['tutorial']) retrieved from /opt/airflow/dags/dag.py
[2023-03-11 16:33:53,305] {logging_mixin.py:115} INFO - [2023-03-11 16:33:53,305] {dag.py:2371} INFO - Sync 1 DAGs
[2023-03-11 16:33:53,338] {logging_mixin.py:115} INFO - [2023-03-11 16:33:53,338] {dag.py:2919} INFO - Setting next_dagrun for tutorial to 2023-03-09T00:00:00+00:00, run_after=2023-03-10T00:00:00+00:00
[2023-03-11 16:33:53,358] {processor.py:161} INFO - Processing /opt/airflow/dags/dag.py took 0.100 seconds
[2023-03-11 16:34:23,428] {processor.py:153} INFO - Started process (PID=222) to work on /opt/airflow/dags/dag.py
[2023-03-11 16:34:23,429] {processor.py:641} INFO - Processing file /opt/airflow/dags/dag.py for tasks to queue
[2023-03-11 16:34:23,430] {logging_mixin.py:115} INFO - [2023-03-11 16:34:23,430] {dagbag.py:507} INFO - Filling up the DagBag from /opt/airflow/dags/dag.py
[2023-03-11 16:34:23,449] {processor.py:651} INFO - DAG(s) dict_keys(['tutorial']) retrieved from /opt/airflow/dags/dag.py
[2023-03-11 16:34:23,526] {logging_mixin.py:115} INFO - [2023-03-11 16:34:23,526] {dag.py:2371} INFO - Sync 1 DAGs
[2023-03-11 16:34:23,544] {logging_mixin.py:115} INFO - [2023-03-11 16:34:23,544] {dag.py:2919} INFO - Setting next_dagrun for tutorial to 2023-03-09T00:00:00+00:00, run_after=2023-03-10T00:00:00+00:00
[2023-03-11 16:34:23,562] {processor.py:161} INFO - Processing /opt/airflow/dags/dag.py took 0.138 seconds
[2023-03-11 16:34:53,827] {processor.py:153} INFO - Started process (PID=285) to work on /opt/airflow/dags/dag.py
[2023-03-11 16:34:53,828] {processor.py:641} INFO - Processing file /opt/airflow/dags/dag.py for tasks to queue
[2023-03-11 16:34:53,829] {logging_mixin.py:115} INFO - [2023-03-11 16:34:53,829] {dagbag.py:507} INFO - Filling up the DagBag from /opt/airflow/dags/dag.py
[2023-03-11 16:34:53,853] {processor.py:651} INFO - DAG(s) dict_keys(['tutorial']) retrieved from /opt/airflow/dags/dag.py
[2023-03-11 16:34:53,881] {logging_mixin.py:115} INFO - [2023-03-11 16:34:53,881] {dag.py:2371} INFO - Sync 1 DAGs
[2023-03-11 16:34:53,901] {logging_mixin.py:115} INFO - [2023-03-11 16:34:53,901] {dag.py:2919} INFO - Setting next_dagrun for tutorial to 2023-03-09T00:00:00+00:00, run_after=2023-03-10T00:00:00+00:00
[2023-03-11 16:34:53,924] {processor.py:161} INFO - Processing /opt/airflow/dags/dag.py took 0.099 seconds
[2023-03-11 16:35:23,963] {processor.py:153} INFO - Started process (PID=348) to work on /opt/airflow/dags/dag.py
[2023-03-11 16:35:23,964] {processor.py:641} INFO - Processing file /opt/airflow/dags/dag.py for tasks to queue
[2023-03-11 16:35:23,965] {logging_mixin.py:115} INFO - [2023-03-11 16:35:23,965] {dagbag.py:507} INFO - Filling up the DagBag from /opt/airflow/dags/dag.py
[2023-03-11 16:35:23,993] {processor.py:651} INFO - DAG(s) dict_keys(['tutorial']) retrieved from /opt/airflow/dags/dag.py
[2023-03-11 16:35:24,012] {logging_mixin.py:115} INFO - [2023-03-11 16:35:24,012] {dag.py:2371} INFO - Sync 1 DAGs
[2023-03-11 16:35:24,043] {logging_mixin.py:115} INFO - [2023-03-11 16:35:24,043] {dag.py:2919} INFO - Setting next_dagrun for tutorial to 2023-03-09T00:00:00+00:00, run_after=2023-03-10T00:00:00+00:00
[2023-03-11 16:35:24,064] {processor.py:161} INFO - Processing /opt/airflow/dags/dag.py took 0.105 seconds
[2023-03-11 16:35:54,763] {processor.py:153} INFO - Started process (PID=402) to work on /opt/airflow/dags/dag.py
[2023-03-11 16:35:54,764] {processor.py:641} INFO - Processing file /opt/airflow/dags/dag.py for tasks to queue
[2023-03-11 16:35:54,765] {logging_mixin.py:115} INFO - [2023-03-11 16:35:54,765] {dagbag.py:507} INFO - Filling up the DagBag from /opt/airflow/dags/dag.py
[2023-03-11 16:35:54,783] {processor.py:651} INFO - DAG(s) dict_keys(['tutorial']) retrieved from /opt/airflow/dags/dag.py
[2023-03-11 16:35:54,845] {logging_mixin.py:115} INFO - [2023-03-11 16:35:54,845] {dag.py:2371} INFO - Sync 1 DAGs
[2023-03-11 16:35:54,864] {logging_mixin.py:115} INFO - [2023-03-11 16:35:54,864] {dag.py:2919} INFO - Setting next_dagrun for tutorial to 2023-03-09T00:00:00+00:00, run_after=2023-03-10T00:00:00+00:00
[2023-03-11 16:35:54,883] {processor.py:161} INFO - Processing /opt/airflow/dags/dag.py took 0.122 seconds
[2023-03-11 16:36:25,446] {processor.py:153} INFO - Started process (PID=465) to work on /opt/airflow/dags/dag.py
[2023-03-11 16:36:25,447] {processor.py:641} INFO - Processing file /opt/airflow/dags/dag.py for tasks to queue
[2023-03-11 16:36:25,448] {logging_mixin.py:115} INFO - [2023-03-11 16:36:25,448] {dagbag.py:507} INFO - Filling up the DagBag from /opt/airflow/dags/dag.py
[2023-03-11 16:36:25,464] {processor.py:651} INFO - DAG(s) dict_keys(['tutorial']) retrieved from /opt/airflow/dags/dag.py
[2023-03-11 16:36:25,491] {logging_mixin.py:115} INFO - [2023-03-11 16:36:25,491] {dag.py:2371} INFO - Sync 1 DAGs
[2023-03-11 16:36:25,512] {logging_mixin.py:115} INFO - [2023-03-11 16:36:25,512] {dag.py:2919} INFO - Setting next_dagrun for tutorial to 2023-03-09T00:00:00+00:00, run_after=2023-03-10T00:00:00+00:00
[2023-03-11 16:36:25,528] {processor.py:161} INFO - Processing /opt/airflow/dags/dag.py took 0.084 seconds
[2023-03-11 16:36:56,218] {processor.py:153} INFO - Started process (PID=528) to work on /opt/airflow/dags/dag.py
[2023-03-11 16:36:56,219] {processor.py:641} INFO - Processing file /opt/airflow/dags/dag.py for tasks to queue
[2023-03-11 16:36:56,220] {logging_mixin.py:115} INFO - [2023-03-11 16:36:56,219] {dagbag.py:507} INFO - Filling up the DagBag from /opt/airflow/dags/dag.py
[2023-03-11 16:36:56,241] {processor.py:651} INFO - DAG(s) dict_keys(['tutorial']) retrieved from /opt/airflow/dags/dag.py
[2023-03-11 16:36:56,257] {logging_mixin.py:115} INFO - [2023-03-11 16:36:56,257] {dag.py:2371} INFO - Sync 1 DAGs
[2023-03-11 16:36:56,278] {logging_mixin.py:115} INFO - [2023-03-11 16:36:56,278] {dag.py:2919} INFO - Setting next_dagrun for tutorial to 2023-03-09T00:00:00+00:00, run_after=2023-03-10T00:00:00+00:00
[2023-03-11 16:36:56,299] {processor.py:161} INFO - Processing /opt/airflow/dags/dag.py took 0.084 seconds
[2023-03-11 16:37:27,251] {processor.py:153} INFO - Started process (PID=582) to work on /opt/airflow/dags/dag.py
[2023-03-11 16:37:27,252] {processor.py:641} INFO - Processing file /opt/airflow/dags/dag.py for tasks to queue
[2023-03-11 16:37:27,253] {logging_mixin.py:115} INFO - [2023-03-11 16:37:27,253] {dagbag.py:507} INFO - Filling up the DagBag from /opt/airflow/dags/dag.py
[2023-03-11 16:37:27,272] {processor.py:651} INFO - DAG(s) dict_keys(['tutorial']) retrieved from /opt/airflow/dags/dag.py
[2023-03-11 16:37:27,335] {logging_mixin.py:115} INFO - [2023-03-11 16:37:27,335] {dag.py:2371} INFO - Sync 1 DAGs
[2023-03-11 16:37:27,354] {logging_mixin.py:115} INFO - [2023-03-11 16:37:27,354] {dag.py:2919} INFO - Setting next_dagrun for tutorial to 2023-03-09T00:00:00+00:00, run_after=2023-03-10T00:00:00+00:00
[2023-03-11 16:37:27,372] {processor.py:161} INFO - Processing /opt/airflow/dags/dag.py took 0.124 seconds
[2023-03-11 16:37:58,187] {processor.py:153} INFO - Started process (PID=645) to work on /opt/airflow/dags/dag.py
[2023-03-11 16:37:58,188] {processor.py:641} INFO - Processing file /opt/airflow/dags/dag.py for tasks to queue
[2023-03-11 16:37:58,189] {logging_mixin.py:115} INFO - [2023-03-11 16:37:58,189] {dagbag.py:507} INFO - Filling up the DagBag from /opt/airflow/dags/dag.py
[2023-03-11 16:37:58,213] {processor.py:651} INFO - DAG(s) dict_keys(['tutorial']) retrieved from /opt/airflow/dags/dag.py
[2023-03-11 16:37:58,242] {logging_mixin.py:115} INFO - [2023-03-11 16:37:58,242] {dag.py:2371} INFO - Sync 1 DAGs
[2023-03-11 16:37:58,263] {logging_mixin.py:115} INFO - [2023-03-11 16:37:58,263] {dag.py:2919} INFO - Setting next_dagrun for tutorial to 2023-03-09T00:00:00+00:00, run_after=2023-03-10T00:00:00+00:00
[2023-03-11 16:37:58,284] {processor.py:161} INFO - Processing /opt/airflow/dags/dag.py took 0.100 seconds
[2023-03-11 16:38:28,353] {processor.py:153} INFO - Started process (PID=707) to work on /opt/airflow/dags/dag.py
[2023-03-11 16:38:28,354] {processor.py:641} INFO - Processing file /opt/airflow/dags/dag.py for tasks to queue
[2023-03-11 16:38:28,355] {logging_mixin.py:115} INFO - [2023-03-11 16:38:28,355] {dagbag.py:507} INFO - Filling up the DagBag from /opt/airflow/dags/dag.py
[2023-03-11 16:38:28,380] {processor.py:651} INFO - DAG(s) dict_keys(['tutorial']) retrieved from /opt/airflow/dags/dag.py
[2023-03-11 16:38:28,398] {logging_mixin.py:115} INFO - [2023-03-11 16:38:28,398] {dag.py:2371} INFO - Sync 1 DAGs
[2023-03-11 16:38:28,420] {logging_mixin.py:115} INFO - [2023-03-11 16:38:28,420] {dag.py:2919} INFO - Setting next_dagrun for tutorial to 2023-03-09T00:00:00+00:00, run_after=2023-03-10T00:00:00+00:00
[2023-03-11 16:38:28,442] {processor.py:161} INFO - Processing /opt/airflow/dags/dag.py took 0.092 seconds
[2023-03-11 16:40:23,912] {processor.py:153} INFO - Started process (PID=761) to work on /opt/airflow/dags/dag.py
[2023-03-11 16:40:23,914] {processor.py:641} INFO - Processing file /opt/airflow/dags/dag.py for tasks to queue
[2023-03-11 16:40:23,915] {logging_mixin.py:115} INFO - [2023-03-11 16:40:23,915] {dagbag.py:507} INFO - Filling up the DagBag from /opt/airflow/dags/dag.py
[2023-03-11 16:40:23,988] {processor.py:651} INFO - DAG(s) dict_keys(['tutorial']) retrieved from /opt/airflow/dags/dag.py
[2023-03-11 16:40:24,186] {logging_mixin.py:115} INFO - [2023-03-11 16:40:24,186] {dag.py:2371} INFO - Sync 1 DAGs
[2023-03-11 16:40:24,245] {logging_mixin.py:115} INFO - [2023-03-11 16:40:24,245] {dag.py:2919} INFO - Setting next_dagrun for tutorial to 2023-03-09T00:00:00+00:00, run_after=2023-03-10T00:00:00+00:00
[2023-03-11 16:40:24,546] {processor.py:161} INFO - Processing /opt/airflow/dags/dag.py took 0.639 seconds
[2023-03-11 16:40:54,804] {processor.py:153} INFO - Started process (PID=824) to work on /opt/airflow/dags/dag.py
[2023-03-11 16:40:54,805] {processor.py:641} INFO - Processing file /opt/airflow/dags/dag.py for tasks to queue
[2023-03-11 16:40:54,806] {logging_mixin.py:115} INFO - [2023-03-11 16:40:54,806] {dagbag.py:507} INFO - Filling up the DagBag from /opt/airflow/dags/dag.py
[2023-03-11 16:40:54,826] {processor.py:651} INFO - DAG(s) dict_keys(['tutorial']) retrieved from /opt/airflow/dags/dag.py
[2023-03-11 16:40:54,851] {logging_mixin.py:115} INFO - [2023-03-11 16:40:54,851] {dag.py:2371} INFO - Sync 1 DAGs
[2023-03-11 16:40:54,873] {logging_mixin.py:115} INFO - [2023-03-11 16:40:54,873] {dag.py:2919} INFO - Setting next_dagrun for tutorial to 2023-03-09T00:00:00+00:00, run_after=2023-03-10T00:00:00+00:00
[2023-03-11 16:40:54,889] {processor.py:161} INFO - Processing /opt/airflow/dags/dag.py took 0.088 seconds
[2023-03-11 16:41:24,940] {processor.py:153} INFO - Started process (PID=885) to work on /opt/airflow/dags/dag.py
[2023-03-11 16:41:24,941] {processor.py:641} INFO - Processing file /opt/airflow/dags/dag.py for tasks to queue
[2023-03-11 16:41:24,943] {logging_mixin.py:115} INFO - [2023-03-11 16:41:24,942] {dagbag.py:507} INFO - Filling up the DagBag from /opt/airflow/dags/dag.py
[2023-03-11 16:41:24,963] {processor.py:651} INFO - DAG(s) dict_keys(['tutorial']) retrieved from /opt/airflow/dags/dag.py
[2023-03-11 16:41:25,052] {logging_mixin.py:115} INFO - [2023-03-11 16:41:25,052] {dag.py:2371} INFO - Sync 1 DAGs
[2023-03-11 16:41:25,084] {logging_mixin.py:115} INFO - [2023-03-11 16:41:25,084] {dag.py:2919} INFO - Setting next_dagrun for tutorial to 2023-03-09T00:00:00+00:00, run_after=2023-03-10T00:00:00+00:00
[2023-03-11 16:41:25,113] {processor.py:161} INFO - Processing /opt/airflow/dags/dag.py took 0.177 seconds
[2023-03-11 16:41:55,718] {processor.py:153} INFO - Started process (PID=939) to work on /opt/airflow/dags/dag.py
[2023-03-11 16:41:55,719] {processor.py:641} INFO - Processing file /opt/airflow/dags/dag.py for tasks to queue
[2023-03-11 16:41:55,719] {logging_mixin.py:115} INFO - [2023-03-11 16:41:55,719] {dagbag.py:507} INFO - Filling up the DagBag from /opt/airflow/dags/dag.py
[2023-03-11 16:41:55,739] {processor.py:651} INFO - DAG(s) dict_keys(['tutorial']) retrieved from /opt/airflow/dags/dag.py
[2023-03-11 16:41:55,801] {logging_mixin.py:115} INFO - [2023-03-11 16:41:55,801] {dag.py:2371} INFO - Sync 1 DAGs
[2023-03-11 16:41:55,821] {logging_mixin.py:115} INFO - [2023-03-11 16:41:55,821] {dag.py:2919} INFO - Setting next_dagrun for tutorial to 2023-03-09T00:00:00+00:00, run_after=2023-03-10T00:00:00+00:00
[2023-03-11 16:41:55,937] {processor.py:161} INFO - Processing /opt/airflow/dags/dag.py took 0.223 seconds
[2023-03-11 16:42:26,844] {processor.py:153} INFO - Started process (PID=1002) to work on /opt/airflow/dags/dag.py
[2023-03-11 16:42:26,845] {processor.py:641} INFO - Processing file /opt/airflow/dags/dag.py for tasks to queue
[2023-03-11 16:42:26,846] {logging_mixin.py:115} INFO - [2023-03-11 16:42:26,846] {dagbag.py:507} INFO - Filling up the DagBag from /opt/airflow/dags/dag.py
[2023-03-11 16:42:26,860] {processor.py:651} INFO - DAG(s) dict_keys(['tutorial']) retrieved from /opt/airflow/dags/dag.py
[2023-03-11 16:42:26,885] {logging_mixin.py:115} INFO - [2023-03-11 16:42:26,885] {dag.py:2371} INFO - Sync 1 DAGs
[2023-03-11 16:42:26,904] {logging_mixin.py:115} INFO - [2023-03-11 16:42:26,904] {dag.py:2919} INFO - Setting next_dagrun for tutorial to 2023-03-09T00:00:00+00:00, run_after=2023-03-10T00:00:00+00:00
[2023-03-11 16:42:26,925] {processor.py:161} INFO - Processing /opt/airflow/dags/dag.py took 0.084 seconds
[2023-03-11 16:42:57,738] {processor.py:153} INFO - Started process (PID=1065) to work on /opt/airflow/dags/dag.py
[2023-03-11 16:42:57,740] {processor.py:641} INFO - Processing file /opt/airflow/dags/dag.py for tasks to queue
[2023-03-11 16:42:57,740] {logging_mixin.py:115} INFO - [2023-03-11 16:42:57,740] {dagbag.py:507} INFO - Filling up the DagBag from /opt/airflow/dags/dag.py
[2023-03-11 16:42:57,758] {processor.py:651} INFO - DAG(s) dict_keys(['tutorial']) retrieved from /opt/airflow/dags/dag.py
[2023-03-11 16:42:57,823] {logging_mixin.py:115} INFO - [2023-03-11 16:42:57,822] {dag.py:2371} INFO - Sync 1 DAGs
[2023-03-11 16:42:57,942] {logging_mixin.py:115} INFO - [2023-03-11 16:42:57,942] {dag.py:2919} INFO - Setting next_dagrun for tutorial to 2023-03-09T00:00:00+00:00, run_after=2023-03-10T00:00:00+00:00
[2023-03-11 16:42:57,959] {processor.py:161} INFO - Processing /opt/airflow/dags/dag.py took 0.223 seconds
[2023-03-11 16:43:28,047] {processor.py:153} INFO - Started process (PID=1121) to work on /opt/airflow/dags/dag.py
[2023-03-11 16:43:28,048] {processor.py:641} INFO - Processing file /opt/airflow/dags/dag.py for tasks to queue
[2023-03-11 16:43:28,049] {logging_mixin.py:115} INFO - [2023-03-11 16:43:28,049] {dagbag.py:507} INFO - Filling up the DagBag from /opt/airflow/dags/dag.py
[2023-03-11 16:43:28,093] {processor.py:651} INFO - DAG(s) dict_keys(['tutorial']) retrieved from /opt/airflow/dags/dag.py
[2023-03-11 16:43:28,134] {logging_mixin.py:115} INFO - [2023-03-11 16:43:28,134] {dag.py:2371} INFO - Sync 1 DAGs
[2023-03-11 16:43:28,168] {logging_mixin.py:115} INFO - [2023-03-11 16:43:28,168] {dag.py:2919} INFO - Setting next_dagrun for tutorial to 2023-03-09T00:00:00+00:00, run_after=2023-03-10T00:00:00+00:00
[2023-03-11 16:43:28,192] {processor.py:161} INFO - Processing /opt/airflow/dags/dag.py took 0.148 seconds
[2023-03-11 16:43:58,569] {processor.py:153} INFO - Started process (PID=1182) to work on /opt/airflow/dags/dag.py
[2023-03-11 16:43:58,570] {processor.py:641} INFO - Processing file /opt/airflow/dags/dag.py for tasks to queue
[2023-03-11 16:43:58,571] {logging_mixin.py:115} INFO - [2023-03-11 16:43:58,571] {dagbag.py:507} INFO - Filling up the DagBag from /opt/airflow/dags/dag.py
[2023-03-11 16:43:58,596] {processor.py:651} INFO - DAG(s) dict_keys(['tutorial']) retrieved from /opt/airflow/dags/dag.py
[2023-03-11 16:43:58,614] {logging_mixin.py:115} INFO - [2023-03-11 16:43:58,614] {dag.py:2371} INFO - Sync 1 DAGs
[2023-03-11 16:43:58,636] {logging_mixin.py:115} INFO - [2023-03-11 16:43:58,636] {dag.py:2919} INFO - Setting next_dagrun for tutorial to 2023-03-09T00:00:00+00:00, run_after=2023-03-10T00:00:00+00:00
[2023-03-11 16:43:58,651] {processor.py:161} INFO - Processing /opt/airflow/dags/dag.py took 0.086 seconds
[2023-03-11 16:44:29,578] {processor.py:153} INFO - Started process (PID=1245) to work on /opt/airflow/dags/dag.py
[2023-03-11 16:44:29,579] {processor.py:641} INFO - Processing file /opt/airflow/dags/dag.py for tasks to queue
[2023-03-11 16:44:29,580] {logging_mixin.py:115} INFO - [2023-03-11 16:44:29,580] {dagbag.py:507} INFO - Filling up the DagBag from /opt/airflow/dags/dag.py
[2023-03-11 16:44:29,601] {processor.py:651} INFO - DAG(s) dict_keys(['tutorial']) retrieved from /opt/airflow/dags/dag.py
[2023-03-11 16:44:29,668] {logging_mixin.py:115} INFO - [2023-03-11 16:44:29,668] {dag.py:2371} INFO - Sync 1 DAGs
[2023-03-11 16:44:29,785] {logging_mixin.py:115} INFO - [2023-03-11 16:44:29,785] {dag.py:2919} INFO - Setting next_dagrun for tutorial to 2023-03-09T00:00:00+00:00, run_after=2023-03-10T00:00:00+00:00
[2023-03-11 16:44:29,809] {processor.py:161} INFO - Processing /opt/airflow/dags/dag.py took 0.234 seconds
[2023-03-11 17:20:10,444] {processor.py:153} INFO - Started process (PID=1305) to work on /opt/airflow/dags/dag.py
[2023-03-11 17:20:10,452] {processor.py:641} INFO - Processing file /opt/airflow/dags/dag.py for tasks to queue
[2023-03-11 17:20:10,457] {logging_mixin.py:115} INFO - [2023-03-11 17:20:10,457] {dagbag.py:507} INFO - Filling up the DagBag from /opt/airflow/dags/dag.py
[2023-03-11 17:20:10,606] {processor.py:651} INFO - DAG(s) dict_keys(['tutorial']) retrieved from /opt/airflow/dags/dag.py
[2023-03-11 17:20:10,673] {logging_mixin.py:115} INFO - [2023-03-11 17:20:10,673] {dag.py:2371} INFO - Sync 1 DAGs
[2023-03-11 17:20:10,744] {logging_mixin.py:115} INFO - [2023-03-11 17:20:10,742] {dag.py:2919} INFO - Setting next_dagrun for tutorial to 2023-03-09T00:00:00+00:00, run_after=2023-03-10T00:00:00+00:00
[2023-03-11 17:20:10,812] {processor.py:161} INFO - Processing /opt/airflow/dags/dag.py took 0.373 seconds
[2023-03-11 17:20:40,960] {processor.py:153} INFO - Started process (PID=1362) to work on /opt/airflow/dags/dag.py
[2023-03-11 17:20:40,961] {processor.py:641} INFO - Processing file /opt/airflow/dags/dag.py for tasks to queue
[2023-03-11 17:20:40,961] {logging_mixin.py:115} INFO - [2023-03-11 17:20:40,961] {dagbag.py:507} INFO - Filling up the DagBag from /opt/airflow/dags/dag.py
[2023-03-11 17:20:40,978] {processor.py:651} INFO - DAG(s) dict_keys(['tutorial']) retrieved from /opt/airflow/dags/dag.py
[2023-03-11 17:20:40,993] {logging_mixin.py:115} INFO - [2023-03-11 17:20:40,993] {dag.py:2371} INFO - Sync 1 DAGs
[2023-03-11 17:20:41,015] {logging_mixin.py:115} INFO - [2023-03-11 17:20:41,015] {dag.py:2919} INFO - Setting next_dagrun for tutorial to 2023-03-09T00:00:00+00:00, run_after=2023-03-10T00:00:00+00:00
[2023-03-11 17:20:41,031] {processor.py:161} INFO - Processing /opt/airflow/dags/dag.py took 0.074 seconds
[2023-03-11 17:21:11,190] {processor.py:153} INFO - Started process (PID=1423) to work on /opt/airflow/dags/dag.py
[2023-03-11 17:21:11,191] {processor.py:641} INFO - Processing file /opt/airflow/dags/dag.py for tasks to queue
[2023-03-11 17:21:11,192] {logging_mixin.py:115} INFO - [2023-03-11 17:21:11,192] {dagbag.py:507} INFO - Filling up the DagBag from /opt/airflow/dags/dag.py
[2023-03-11 17:21:11,217] {processor.py:651} INFO - DAG(s) dict_keys(['tutorial']) retrieved from /opt/airflow/dags/dag.py
[2023-03-11 17:21:11,297] {logging_mixin.py:115} INFO - [2023-03-11 17:21:11,297] {dag.py:2371} INFO - Sync 1 DAGs
[2023-03-11 17:21:11,433] {logging_mixin.py:115} INFO - [2023-03-11 17:21:11,433] {dag.py:2919} INFO - Setting next_dagrun for tutorial to 2023-03-09T00:00:00+00:00, run_after=2023-03-10T00:00:00+00:00
[2023-03-11 17:21:11,453] {processor.py:161} INFO - Processing /opt/airflow/dags/dag.py took 0.267 seconds
[2023-03-11 17:21:41,632] {processor.py:153} INFO - Started process (PID=1479) to work on /opt/airflow/dags/dag.py
[2023-03-11 17:21:41,633] {processor.py:641} INFO - Processing file /opt/airflow/dags/dag.py for tasks to queue
[2023-03-11 17:21:41,633] {logging_mixin.py:115} INFO - [2023-03-11 17:21:41,633] {dagbag.py:507} INFO - Filling up the DagBag from /opt/airflow/dags/dag.py
[2023-03-11 17:21:41,651] {processor.py:651} INFO - DAG(s) dict_keys(['tutorial']) retrieved from /opt/airflow/dags/dag.py
[2023-03-11 17:21:41,679] {logging_mixin.py:115} INFO - [2023-03-11 17:21:41,679] {dag.py:2371} INFO - Sync 1 DAGs
[2023-03-11 17:21:41,698] {logging_mixin.py:115} INFO - [2023-03-11 17:21:41,698] {dag.py:2919} INFO - Setting next_dagrun for tutorial to 2023-03-09T00:00:00+00:00, run_after=2023-03-10T00:00:00+00:00
[2023-03-11 17:21:41,714] {processor.py:161} INFO - Processing /opt/airflow/dags/dag.py took 0.086 seconds
[2023-03-11 17:42:11,936] {processor.py:153} INFO - Started process (PID=51) to work on /opt/airflow/dags/dag.py
[2023-03-11 17:42:11,938] {processor.py:641} INFO - Processing file /opt/airflow/dags/dag.py for tasks to queue
[2023-03-11 17:42:11,940] {logging_mixin.py:115} INFO - [2023-03-11 17:42:11,940] {dagbag.py:507} INFO - Filling up the DagBag from /opt/airflow/dags/dag.py
[2023-03-11 17:42:11,994] {processor.py:651} INFO - DAG(s) dict_keys(['tutorial']) retrieved from /opt/airflow/dags/dag.py
[2023-03-11 17:42:12,417] {logging_mixin.py:115} INFO - [2023-03-11 17:42:12,417] {dag.py:2371} INFO - Sync 1 DAGs
[2023-03-11 17:42:12,471] {logging_mixin.py:115} INFO - [2023-03-11 17:42:12,471] {dag.py:2919} INFO - Setting next_dagrun for tutorial to 2023-03-09T00:00:00+00:00, run_after=2023-03-10T00:00:00+00:00
[2023-03-11 17:42:12,510] {processor.py:161} INFO - Processing /opt/airflow/dags/dag.py took 0.586 seconds
[2023-03-11 17:42:42,572] {processor.py:153} INFO - Started process (PID=104) to work on /opt/airflow/dags/dag.py
[2023-03-11 17:42:42,573] {processor.py:641} INFO - Processing file /opt/airflow/dags/dag.py for tasks to queue
[2023-03-11 17:42:42,574] {logging_mixin.py:115} INFO - [2023-03-11 17:42:42,574] {dagbag.py:507} INFO - Filling up the DagBag from /opt/airflow/dags/dag.py
[2023-03-11 17:42:42,594] {processor.py:651} INFO - DAG(s) dict_keys(['tutorial']) retrieved from /opt/airflow/dags/dag.py
[2023-03-11 17:42:42,623] {logging_mixin.py:115} INFO - [2023-03-11 17:42:42,623] {dag.py:2371} INFO - Sync 1 DAGs
[2023-03-11 17:42:42,646] {logging_mixin.py:115} INFO - [2023-03-11 17:42:42,646] {dag.py:2919} INFO - Setting next_dagrun for tutorial to 2023-03-09T00:00:00+00:00, run_after=2023-03-10T00:00:00+00:00
[2023-03-11 17:42:43,088] {processor.py:161} INFO - Processing /opt/airflow/dags/dag.py took 0.519 seconds
[2023-03-11 17:44:54,975] {processor.py:153} INFO - Started process (PID=51) to work on /opt/airflow/dags/dag.py
[2023-03-11 17:44:54,982] {processor.py:641} INFO - Processing file /opt/airflow/dags/dag.py for tasks to queue
[2023-03-11 17:44:54,990] {logging_mixin.py:115} INFO - [2023-03-11 17:44:54,989] {dagbag.py:507} INFO - Filling up the DagBag from /opt/airflow/dags/dag.py
[2023-03-11 17:44:55,088] {processor.py:651} INFO - DAG(s) dict_keys(['tutorial']) retrieved from /opt/airflow/dags/dag.py
[2023-03-11 17:44:55,224] {logging_mixin.py:115} INFO - [2023-03-11 17:44:55,224] {dag.py:2371} INFO - Sync 1 DAGs
[2023-03-11 17:44:55,315] {logging_mixin.py:115} INFO - [2023-03-11 17:44:55,315] {dag.py:2919} INFO - Setting next_dagrun for tutorial to 2023-03-09T00:00:00+00:00, run_after=2023-03-10T00:00:00+00:00
[2023-03-11 17:44:55,366] {processor.py:161} INFO - Processing /opt/airflow/dags/dag.py took 0.432 seconds
[2023-03-11 17:45:25,509] {processor.py:153} INFO - Started process (PID=113) to work on /opt/airflow/dags/dag.py
[2023-03-11 17:45:25,510] {processor.py:641} INFO - Processing file /opt/airflow/dags/dag.py for tasks to queue
[2023-03-11 17:45:25,510] {logging_mixin.py:115} INFO - [2023-03-11 17:45:25,510] {dagbag.py:507} INFO - Filling up the DagBag from /opt/airflow/dags/dag.py
[2023-03-11 17:45:25,529] {processor.py:651} INFO - DAG(s) dict_keys(['tutorial']) retrieved from /opt/airflow/dags/dag.py
[2023-03-11 17:45:25,546] {logging_mixin.py:115} INFO - [2023-03-11 17:45:25,546] {dag.py:2371} INFO - Sync 1 DAGs
[2023-03-11 17:45:25,575] {logging_mixin.py:115} INFO - [2023-03-11 17:45:25,575] {dag.py:2919} INFO - Setting next_dagrun for tutorial to 2023-03-09T00:00:00+00:00, run_after=2023-03-10T00:00:00+00:00
[2023-03-11 17:45:25,595] {processor.py:161} INFO - Processing /opt/airflow/dags/dag.py took 0.090 seconds
[2023-03-11 17:47:12,956] {processor.py:153} INFO - Started process (PID=51) to work on /opt/airflow/dags/dag.py
[2023-03-11 17:47:12,959] {processor.py:641} INFO - Processing file /opt/airflow/dags/dag.py for tasks to queue
[2023-03-11 17:47:12,961] {logging_mixin.py:115} INFO - [2023-03-11 17:47:12,961] {dagbag.py:507} INFO - Filling up the DagBag from /opt/airflow/dags/dag.py
[2023-03-11 17:47:13,006] {processor.py:651} INFO - DAG(s) dict_keys(['tutorial']) retrieved from /opt/airflow/dags/dag.py
[2023-03-11 17:47:13,336] {logging_mixin.py:115} INFO - [2023-03-11 17:47:13,335] {dag.py:2371} INFO - Sync 1 DAGs
[2023-03-11 17:47:13,391] {logging_mixin.py:115} INFO - [2023-03-11 17:47:13,391] {dag.py:2919} INFO - Setting next_dagrun for tutorial to 2023-03-09T00:00:00+00:00, run_after=2023-03-10T00:00:00+00:00
[2023-03-11 17:47:13,435] {processor.py:161} INFO - Processing /opt/airflow/dags/dag.py took 0.486 seconds
[2023-03-11 17:47:43,702] {processor.py:153} INFO - Started process (PID=114) to work on /opt/airflow/dags/dag.py
[2023-03-11 17:47:43,703] {processor.py:641} INFO - Processing file /opt/airflow/dags/dag.py for tasks to queue
[2023-03-11 17:47:43,704] {logging_mixin.py:115} INFO - [2023-03-11 17:47:43,704] {dagbag.py:507} INFO - Filling up the DagBag from /opt/airflow/dags/dag.py
[2023-03-11 17:47:43,734] {processor.py:651} INFO - DAG(s) dict_keys(['tutorial']) retrieved from /opt/airflow/dags/dag.py
[2023-03-11 17:47:43,773] {logging_mixin.py:115} INFO - [2023-03-11 17:47:43,773] {dag.py:2371} INFO - Sync 1 DAGs
[2023-03-11 17:47:43,816] {logging_mixin.py:115} INFO - [2023-03-11 17:47:43,816] {dag.py:2919} INFO - Setting next_dagrun for tutorial to 2023-03-09T00:00:00+00:00, run_after=2023-03-10T00:00:00+00:00
[2023-03-11 17:47:44,223] {processor.py:161} INFO - Processing /opt/airflow/dags/dag.py took 0.528 seconds
[2023-03-11 17:48:14,915] {processor.py:153} INFO - Started process (PID=168) to work on /opt/airflow/dags/dag.py
[2023-03-11 17:48:14,915] {processor.py:641} INFO - Processing file /opt/airflow/dags/dag.py for tasks to queue
[2023-03-11 17:48:14,916] {logging_mixin.py:115} INFO - [2023-03-11 17:48:14,916] {dagbag.py:507} INFO - Filling up the DagBag from /opt/airflow/dags/dag.py
[2023-03-11 17:48:14,935] {processor.py:651} INFO - DAG(s) dict_keys(['tutorial']) retrieved from /opt/airflow/dags/dag.py
[2023-03-11 17:48:14,948] {logging_mixin.py:115} INFO - [2023-03-11 17:48:14,948] {dag.py:2371} INFO - Sync 1 DAGs
[2023-03-11 17:48:14,969] {logging_mixin.py:115} INFO - [2023-03-11 17:48:14,969] {dag.py:2919} INFO - Setting next_dagrun for tutorial to 2023-03-09T00:00:00+00:00, run_after=2023-03-10T00:00:00+00:00
[2023-03-11 17:48:14,991] {processor.py:161} INFO - Processing /opt/airflow/dags/dag.py took 0.079 seconds
[2023-03-11 17:48:45,155] {processor.py:153} INFO - Started process (PID=231) to work on /opt/airflow/dags/dag.py
[2023-03-11 17:48:45,156] {processor.py:641} INFO - Processing file /opt/airflow/dags/dag.py for tasks to queue
[2023-03-11 17:48:45,157] {logging_mixin.py:115} INFO - [2023-03-11 17:48:45,156] {dagbag.py:507} INFO - Filling up the DagBag from /opt/airflow/dags/dag.py
[2023-03-11 17:48:45,179] {processor.py:651} INFO - DAG(s) dict_keys(['tutorial']) retrieved from /opt/airflow/dags/dag.py
[2023-03-11 17:48:45,401] {logging_mixin.py:115} INFO - [2023-03-11 17:48:45,401] {dag.py:2371} INFO - Sync 1 DAGs
[2023-03-11 17:48:45,420] {logging_mixin.py:115} INFO - [2023-03-11 17:48:45,420] {dag.py:2919} INFO - Setting next_dagrun for tutorial to 2023-03-09T00:00:00+00:00, run_after=2023-03-10T00:00:00+00:00
[2023-03-11 17:48:45,440] {processor.py:161} INFO - Processing /opt/airflow/dags/dag.py took 0.289 seconds
[2023-03-11 17:49:15,692] {processor.py:153} INFO - Started process (PID=295) to work on /opt/airflow/dags/dag.py
[2023-03-11 17:49:15,693] {processor.py:641} INFO - Processing file /opt/airflow/dags/dag.py for tasks to queue
[2023-03-11 17:49:15,694] {logging_mixin.py:115} INFO - [2023-03-11 17:49:15,694] {dagbag.py:507} INFO - Filling up the DagBag from /opt/airflow/dags/dag.py
[2023-03-11 17:49:15,713] {processor.py:651} INFO - DAG(s) dict_keys(['tutorial']) retrieved from /opt/airflow/dags/dag.py
[2023-03-11 17:49:15,739] {logging_mixin.py:115} INFO - [2023-03-11 17:49:15,739] {dag.py:2371} INFO - Sync 1 DAGs
[2023-03-11 17:49:15,763] {logging_mixin.py:115} INFO - [2023-03-11 17:49:15,763] {dag.py:2919} INFO - Setting next_dagrun for tutorial to 2023-03-09T00:00:00+00:00, run_after=2023-03-10T00:00:00+00:00
[2023-03-11 17:49:15,874] {processor.py:161} INFO - Processing /opt/airflow/dags/dag.py took 0.185 seconds
[2023-03-11 17:49:46,023] {processor.py:153} INFO - Started process (PID=349) to work on /opt/airflow/dags/dag.py
[2023-03-11 17:49:46,024] {processor.py:641} INFO - Processing file /opt/airflow/dags/dag.py for tasks to queue
[2023-03-11 17:49:46,025] {logging_mixin.py:115} INFO - [2023-03-11 17:49:46,025] {dagbag.py:507} INFO - Filling up the DagBag from /opt/airflow/dags/dag.py
[2023-03-11 17:49:46,039] {processor.py:651} INFO - DAG(s) dict_keys(['tutorial']) retrieved from /opt/airflow/dags/dag.py
[2023-03-11 17:49:46,051] {logging_mixin.py:115} INFO - [2023-03-11 17:49:46,051] {dag.py:2371} INFO - Sync 1 DAGs
[2023-03-11 17:49:46,073] {logging_mixin.py:115} INFO - [2023-03-11 17:49:46,072] {dag.py:2919} INFO - Setting next_dagrun for tutorial to 2023-03-09T00:00:00+00:00, run_after=2023-03-10T00:00:00+00:00
[2023-03-11 17:49:46,088] {processor.py:161} INFO - Processing /opt/airflow/dags/dag.py took 0.068 seconds
