[2023-04-23 09:30:22,744] {taskinstance.py:1159} INFO - Dependencies all met for <TaskInstance: multi_defence_dag.choose_defence manual__2023-04-23T09:30:18.949456+00:00 [queued]>
[2023-04-23 09:30:22,750] {taskinstance.py:1159} INFO - Dependencies all met for <TaskInstance: multi_defence_dag.choose_defence manual__2023-04-23T09:30:18.949456+00:00 [queued]>
[2023-04-23 09:30:22,751] {taskinstance.py:1356} INFO - 
--------------------------------------------------------------------------------
[2023-04-23 09:30:22,751] {taskinstance.py:1357} INFO - Starting attempt 1 of 2
[2023-04-23 09:30:22,752] {taskinstance.py:1358} INFO - 
--------------------------------------------------------------------------------
[2023-04-23 09:30:22,762] {taskinstance.py:1377} INFO - Executing <Task(PythonOperator): choose_defence> on 2023-04-23 09:30:18.949456+00:00
[2023-04-23 09:30:22,769] {standard_task_runner.py:52} INFO - Started process 826 to run task
[2023-04-23 09:30:22,772] {standard_task_runner.py:79} INFO - Running: ['***', 'tasks', 'run', 'multi_defence_dag', 'choose_defence', 'manual__2023-04-23T09:30:18.949456+00:00', '--job-id', '6062', '--raw', '--subdir', 'DAGS_FOLDER/defence_dag.py', '--cfg-path', '/tmp/tmp639ys_v_', '--error-file', '/tmp/tmpknovuqhw']
[2023-04-23 09:30:22,773] {standard_task_runner.py:80} INFO - Job 6062: Subtask choose_defence
[2023-04-23 09:30:22,814] {task_command.py:369} INFO - Running <TaskInstance: multi_defence_dag.choose_defence manual__2023-04-23T09:30:18.949456+00:00 [running]> on host a3dd7d962104
[2023-04-23 09:30:22,870] {taskinstance.py:1571} INFO - Exporting the following env vars:
AIRFLOW_CTX_DAG_OWNER=***
AIRFLOW_CTX_DAG_ID=multi_defence_dag
AIRFLOW_CTX_TASK_ID=choose_defence
AIRFLOW_CTX_EXECUTION_DATE=2023-04-23T09:30:18.949456+00:00
AIRFLOW_CTX_TRY_NUMBER=1
AIRFLOW_CTX_DAG_RUN_ID=manual__2023-04-23T09:30:18.949456+00:00
[2023-04-23 09:30:22,900] {python.py:173} INFO - Done. Returned value was: None
[2023-04-23 09:30:22,910] {taskinstance.py:1400} INFO - Marking task as SUCCESS. dag_id=multi_defence_dag, task_id=choose_defence, execution_date=20230423T093018, start_date=20230423T093022, end_date=20230423T093022
[2023-04-23 09:30:22,946] {local_task_job.py:156} INFO - Task exited with return code 0
[2023-04-23 09:30:22,979] {local_task_job.py:273} INFO - 3 downstream tasks scheduled from follow-on schedule check
