[2023-03-16 11:57:58,463] {taskinstance.py:1159} INFO - Dependencies all met for <TaskInstance: defence_dag.storing manual__2023-03-12T15:52:21.922423+00:00 [queued]>
[2023-03-16 11:57:58,544] {taskinstance.py:1159} INFO - Dependencies all met for <TaskInstance: defence_dag.storing manual__2023-03-12T15:52:21.922423+00:00 [queued]>
[2023-03-16 11:57:58,545] {taskinstance.py:1356} INFO - 
--------------------------------------------------------------------------------
[2023-03-16 11:57:58,545] {taskinstance.py:1357} INFO - Starting attempt 2 of 2
[2023-03-16 11:57:58,546] {taskinstance.py:1358} INFO - 
--------------------------------------------------------------------------------
[2023-03-16 11:57:58,600] {taskinstance.py:1377} INFO - Executing <Task(BashOperator): storing> on 2023-03-12 15:52:21.922423+00:00
[2023-03-16 11:57:58,611] {standard_task_runner.py:52} INFO - Started process 1188 to run task
[2023-03-16 11:57:58,661] {standard_task_runner.py:79} INFO - Running: ['***', 'tasks', 'run', 'defence_dag', 'storing', 'manual__2023-03-12T15:52:21.922423+00:00', '--job-id', '1165', '--raw', '--subdir', 'DAGS_FOLDER/defese.py', '--cfg-path', '/tmp/tmpnuaa5r61', '--error-file', '/tmp/tmpcaiyzu7w']
[2023-03-16 11:57:58,667] {standard_task_runner.py:80} INFO - Job 1165: Subtask storing
[2023-03-16 11:57:58,892] {task_command.py:369} INFO - Running <TaskInstance: defence_dag.storing manual__2023-03-12T15:52:21.922423+00:00 [running]> on host 596adcca7378
[2023-03-16 11:57:59,271] {taskinstance.py:1571} INFO - Exporting the following env vars:
AIRFLOW_CTX_DAG_OWNER=***
AIRFLOW_CTX_DAG_ID=defence_dag
AIRFLOW_CTX_TASK_ID=storing
AIRFLOW_CTX_EXECUTION_DATE=2023-03-12T15:52:21.922423+00:00
AIRFLOW_CTX_TRY_NUMBER=2
AIRFLOW_CTX_DAG_RUN_ID=manual__2023-03-12T15:52:21.922423+00:00
[2023-03-16 11:57:59,274] {subprocess.py:62} INFO - Tmp dir root location: 
 /tmp
[2023-03-16 11:57:59,276] {subprocess.py:74} INFO - Running command: ['bash', '-c', 'sleep 1']
[2023-03-16 11:57:59,359] {subprocess.py:85} INFO - Output:
[2023-03-16 11:58:00,367] {subprocess.py:96} INFO - Command exited with return code 0
[2023-03-16 11:58:00,482] {taskinstance.py:1400} INFO - Marking task as SUCCESS. dag_id=defence_dag, task_id=storing, execution_date=20230312T155221, start_date=20230316T115758, end_date=20230316T115800
[2023-03-16 11:58:00,623] {local_task_job.py:156} INFO - Task exited with return code 0
[2023-03-16 11:58:00,813] {local_task_job.py:273} INFO - 1 downstream tasks scheduled from follow-on schedule check
