[2023-04-09 08:23:36,553] {taskinstance.py:1159} INFO - Dependencies all met for <TaskInstance: multi_attack_dag.to_attack_BasicIterativeMethod manual__2023-04-09T08:22:58.109165+00:00 [queued]>
[2023-04-09 08:23:36,626] {taskinstance.py:1159} INFO - Dependencies all met for <TaskInstance: multi_attack_dag.to_attack_BasicIterativeMethod manual__2023-04-09T08:22:58.109165+00:00 [queued]>
[2023-04-09 08:23:36,627] {taskinstance.py:1356} INFO - 
--------------------------------------------------------------------------------
[2023-04-09 08:23:36,629] {taskinstance.py:1357} INFO - Starting attempt 1 of 2
[2023-04-09 08:23:36,630] {taskinstance.py:1358} INFO - 
--------------------------------------------------------------------------------
[2023-04-09 08:23:36,743] {taskinstance.py:1377} INFO - Executing <Task(BranchPythonOperator): to_attack_BasicIterativeMethod> on 2023-04-09 08:22:58.109165+00:00
[2023-04-09 08:23:36,768] {standard_task_runner.py:52} INFO - Started process 4326 to run task
[2023-04-09 08:23:36,784] {standard_task_runner.py:79} INFO - Running: ['***', 'tasks', 'run', 'multi_attack_dag', 'to_attack_BasicIterativeMethod', 'manual__2023-04-09T08:22:58.109165+00:00', '--job-id', '4810', '--raw', '--subdir', 'DAGS_FOLDER/attack_dag.py', '--cfg-path', '/tmp/tmpc2x8qpb3', '--error-file', '/tmp/tmpb_b7egzy']
[2023-04-09 08:23:36,825] {standard_task_runner.py:80} INFO - Job 4810: Subtask to_attack_BasicIterativeMethod
[2023-04-09 08:23:37,153] {task_command.py:369} INFO - Running <TaskInstance: multi_attack_dag.to_attack_BasicIterativeMethod manual__2023-04-09T08:22:58.109165+00:00 [running]> on host ff3d40af78f9
[2023-04-09 08:23:37,636] {taskinstance.py:1571} INFO - Exporting the following env vars:
AIRFLOW_CTX_DAG_OWNER=***
AIRFLOW_CTX_DAG_ID=multi_attack_dag
AIRFLOW_CTX_TASK_ID=to_attack_BasicIterativeMethod
AIRFLOW_CTX_EXECUTION_DATE=2023-04-09T08:22:58.109165+00:00
AIRFLOW_CTX_TRY_NUMBER=1
AIRFLOW_CTX_DAG_RUN_ID=manual__2023-04-09T08:22:58.109165+00:00
[2023-04-09 08:23:37,700] {python.py:173} INFO - Done. Returned value was: attack_BasicIterativeMethod
[2023-04-09 08:23:37,701] {skipmixin.py:140} INFO - Following branch attack_BasicIterativeMethod
[2023-04-09 08:23:37,703] {skipmixin.py:175} INFO - Skipping tasks ['default']
[2023-04-09 08:23:37,928] {taskinstance.py:1400} INFO - Marking task as SUCCESS. dag_id=multi_attack_dag, task_id=to_attack_BasicIterativeMethod, execution_date=20230409T082258, start_date=20230409T082336, end_date=20230409T082337
[2023-04-09 08:23:38,032] {local_task_job.py:156} INFO - Task exited with return code 0
[2023-04-09 08:23:38,263] {local_task_job.py:273} INFO - 1 downstream tasks scheduled from follow-on schedule check
