[2023-04-27 12:08:01,318] {taskinstance.py:1159} INFO - Dependencies all met for <TaskInstance: multi_attack_dag.to_attack_GRAPHITEBlackbox manual__2023-04-27T12:06:56.081840+00:00 [queued]>
[2023-04-27 12:08:01,726] {taskinstance.py:1159} INFO - Dependencies all met for <TaskInstance: multi_attack_dag.to_attack_GRAPHITEBlackbox manual__2023-04-27T12:06:56.081840+00:00 [queued]>
[2023-04-27 12:08:01,727] {taskinstance.py:1356} INFO - 
--------------------------------------------------------------------------------
[2023-04-27 12:08:01,728] {taskinstance.py:1357} INFO - Starting attempt 1 of 2
[2023-04-27 12:08:01,746] {taskinstance.py:1358} INFO - 
--------------------------------------------------------------------------------
[2023-04-27 12:08:04,179] {taskinstance.py:1377} INFO - Executing <Task(BranchPythonOperator): to_attack_GRAPHITEBlackbox> on 2023-04-27 12:06:56.081840+00:00
[2023-04-27 12:08:04,343] {standard_task_runner.py:79} INFO - Running: ['***', 'tasks', 'run', 'multi_attack_dag', 'to_attack_GRAPHITEBlackbox', 'manual__2023-04-27T12:06:56.081840+00:00', '--job-id', '6768', '--raw', '--subdir', 'DAGS_FOLDER/attack_dag.py', '--cfg-path', '/tmp/tmpbq24dnyh', '--error-file', '/tmp/tmpvjoh_3vp']
[2023-04-27 12:08:04,360] {standard_task_runner.py:80} INFO - Job 6768: Subtask to_attack_GRAPHITEBlackbox
[2023-04-27 12:08:04,350] {standard_task_runner.py:52} INFO - Started process 3108 to run task
[2023-04-27 12:08:04,715] {task_command.py:369} INFO - Running <TaskInstance: multi_attack_dag.to_attack_GRAPHITEBlackbox manual__2023-04-27T12:06:56.081840+00:00 [running]> on host e7e31d5a6603
[2023-04-27 12:08:05,357] {taskinstance.py:1571} INFO - Exporting the following env vars:
AIRFLOW_CTX_DAG_OWNER=***
AIRFLOW_CTX_DAG_ID=multi_attack_dag
AIRFLOW_CTX_TASK_ID=to_attack_GRAPHITEBlackbox
AIRFLOW_CTX_EXECUTION_DATE=2023-04-27T12:06:56.081840+00:00
AIRFLOW_CTX_TRY_NUMBER=1
AIRFLOW_CTX_DAG_RUN_ID=manual__2023-04-27T12:06:56.081840+00:00
[2023-04-27 12:08:05,429] {python.py:173} INFO - Done. Returned value was: attack_GRAPHITEBlackbox
[2023-04-27 12:08:05,429] {skipmixin.py:140} INFO - Following branch attack_GRAPHITEBlackbox
[2023-04-27 12:08:05,430] {skipmixin.py:175} INFO - Skipping tasks ['default_attack']
[2023-04-27 12:08:06,707] {taskinstance.py:1400} INFO - Marking task as SUCCESS. dag_id=multi_attack_dag, task_id=to_attack_GRAPHITEBlackbox, execution_date=20230427T120656, start_date=20230427T120801, end_date=20230427T120806
[2023-04-27 12:08:06,921] {local_task_job.py:156} INFO - Task exited with return code 0
[2023-04-27 12:08:07,741] {local_task_job.py:273} INFO - 1 downstream tasks scheduled from follow-on schedule check
