[2023-04-30 14:07:55,849] {taskinstance.py:1159} INFO - Dependencies all met for <TaskInstance: multi_defence_dag.to_defence3 manual__2023-04-30T14:07:32.204183+00:00 [queued]>
[2023-04-30 14:07:55,951] {taskinstance.py:1159} INFO - Dependencies all met for <TaskInstance: multi_defence_dag.to_defence3 manual__2023-04-30T14:07:32.204183+00:00 [queued]>
[2023-04-30 14:07:55,955] {taskinstance.py:1356} INFO - 
--------------------------------------------------------------------------------
[2023-04-30 14:07:55,962] {taskinstance.py:1357} INFO - Starting attempt 1 of 2
[2023-04-30 14:07:55,962] {taskinstance.py:1358} INFO - 
--------------------------------------------------------------------------------
[2023-04-30 14:07:56,015] {taskinstance.py:1377} INFO - Executing <Task(BranchPythonOperator): to_defence3> on 2023-04-30 14:07:32.204183+00:00
[2023-04-30 14:07:56,059] {standard_task_runner.py:52} INFO - Started process 5130 to run task
[2023-04-30 14:07:56,093] {standard_task_runner.py:79} INFO - Running: ['***', 'tasks', 'run', 'multi_defence_dag', 'to_defence3', 'manual__2023-04-30T14:07:32.204183+00:00', '--job-id', '7484', '--raw', '--subdir', 'DAGS_FOLDER/defence_dag.py', '--cfg-path', '/tmp/tmp38xrxpe_', '--error-file', '/tmp/tmps5eymc_i']
[2023-04-30 14:07:56,136] {standard_task_runner.py:80} INFO - Job 7484: Subtask to_defence3
[2023-04-30 14:07:56,365] {task_command.py:369} INFO - Running <TaskInstance: multi_defence_dag.to_defence3 manual__2023-04-30T14:07:32.204183+00:00 [running]> on host 873e5d3a4399
[2023-04-30 14:07:56,616] {taskinstance.py:1571} INFO - Exporting the following env vars:
AIRFLOW_CTX_DAG_OWNER=***
AIRFLOW_CTX_DAG_ID=multi_defence_dag
AIRFLOW_CTX_TASK_ID=to_defence3
AIRFLOW_CTX_EXECUTION_DATE=2023-04-30T14:07:32.204183+00:00
AIRFLOW_CTX_TRY_NUMBER=1
AIRFLOW_CTX_DAG_RUN_ID=manual__2023-04-30T14:07:32.204183+00:00
[2023-04-30 14:07:56,690] {python.py:173} INFO - Done. Returned value was: Defence3
[2023-04-30 14:07:56,691] {skipmixin.py:140} INFO - Following branch Defence3
[2023-04-30 14:07:56,691] {skipmixin.py:175} INFO - Skipping tasks ['default']
[2023-04-30 14:07:56,881] {taskinstance.py:1400} INFO - Marking task as SUCCESS. dag_id=multi_defence_dag, task_id=to_defence3, execution_date=20230430T140732, start_date=20230430T140755, end_date=20230430T140756
[2023-04-30 14:07:56,957] {local_task_job.py:156} INFO - Task exited with return code 0
[2023-04-30 14:07:57,087] {local_task_job.py:273} INFO - 1 downstream tasks scheduled from follow-on schedule check
