[2023-03-23 15:13:05,482] {taskinstance.py:1159} INFO - Dependencies all met for <TaskInstance: multi_attack_dag.metadata manual__2023-03-23T15:12:53.856538+00:00 [queued]>
[2023-03-23 15:13:05,535] {taskinstance.py:1159} INFO - Dependencies all met for <TaskInstance: multi_attack_dag.metadata manual__2023-03-23T15:12:53.856538+00:00 [queued]>
[2023-03-23 15:13:05,537] {taskinstance.py:1356} INFO - 
--------------------------------------------------------------------------------
[2023-03-23 15:13:05,544] {taskinstance.py:1357} INFO - Starting attempt 1 of 2
[2023-03-23 15:13:05,547] {taskinstance.py:1358} INFO - 
--------------------------------------------------------------------------------
[2023-03-23 15:13:05,594] {taskinstance.py:1377} INFO - Executing <Task(PythonOperator): metadata> on 2023-03-23 15:12:53.856538+00:00
[2023-03-23 15:13:05,605] {standard_task_runner.py:52} INFO - Started process 11572 to run task
[2023-03-23 15:13:05,614] {standard_task_runner.py:79} INFO - Running: ['***', 'tasks', 'run', 'multi_attack_dag', 'metadata', 'manual__2023-03-23T15:12:53.856538+00:00', '--job-id', '2863', '--raw', '--subdir', 'DAGS_FOLDER/attack_dag.py', '--cfg-path', '/tmp/tmplfe4vlbo', '--error-file', '/tmp/tmploy7475s']
[2023-03-23 15:13:05,617] {standard_task_runner.py:80} INFO - Job 2863: Subtask metadata
[2023-03-23 15:13:05,788] {task_command.py:369} INFO - Running <TaskInstance: multi_attack_dag.metadata manual__2023-03-23T15:12:53.856538+00:00 [running]> on host 6447f1dacd32
[2023-03-23 15:13:06,014] {taskinstance.py:1571} INFO - Exporting the following env vars:
AIRFLOW_CTX_DAG_OWNER=***
AIRFLOW_CTX_DAG_ID=multi_attack_dag
AIRFLOW_CTX_TASK_ID=metadata
AIRFLOW_CTX_EXECUTION_DATE=2023-03-23T15:12:53.856538+00:00
AIRFLOW_CTX_TRY_NUMBER=1
AIRFLOW_CTX_DAG_RUN_ID=manual__2023-03-23T15:12:53.856538+00:00
[2023-03-23 15:13:06,049] {transport.py:157} INFO - Attempting refresh to obtain initial access_token
[2023-03-23 15:13:06,067] {client.py:777} INFO - Refreshing access_token
[2023-03-23 15:13:07,284] {python.py:173} INFO - Done. Returned value was: None
[2023-03-23 15:13:07,325] {taskinstance.py:1400} INFO - Marking task as SUCCESS. dag_id=multi_attack_dag, task_id=metadata, execution_date=20230323T151253, start_date=20230323T151305, end_date=20230323T151307
[2023-03-23 15:13:07,403] {local_task_job.py:156} INFO - Task exited with return code 0
[2023-03-23 15:13:07,594] {local_task_job.py:273} INFO - 0 downstream tasks scheduled from follow-on schedule check
