[2023-04-30 09:39:13,233] {taskinstance.py:1159} INFO - Dependencies all met for <TaskInstance: multi_defence_dag.stop manual__2023-04-30T09:38:45.600218+00:00 [queued]>
[2023-04-30 09:39:13,258] {taskinstance.py:1159} INFO - Dependencies all met for <TaskInstance: multi_defence_dag.stop manual__2023-04-30T09:38:45.600218+00:00 [queued]>
[2023-04-30 09:39:13,259] {taskinstance.py:1356} INFO - 
--------------------------------------------------------------------------------
[2023-04-30 09:39:13,259] {taskinstance.py:1357} INFO - Starting attempt 1 of 2
[2023-04-30 09:39:13,264] {taskinstance.py:1358} INFO - 
--------------------------------------------------------------------------------
[2023-04-30 09:39:13,281] {taskinstance.py:1377} INFO - Executing <Task(PythonOperator): stop> on 2023-04-30 09:38:45.600218+00:00
[2023-04-30 09:39:13,291] {standard_task_runner.py:52} INFO - Started process 1982 to run task
[2023-04-30 09:39:13,295] {standard_task_runner.py:79} INFO - Running: ['***', 'tasks', 'run', 'multi_defence_dag', 'stop', 'manual__2023-04-30T09:38:45.600218+00:00', '--job-id', '7343', '--raw', '--subdir', 'DAGS_FOLDER/defence_dag.py', '--cfg-path', '/tmp/tmpl_j4b_ul', '--error-file', '/tmp/tmp_gvgx4h3']
[2023-04-30 09:39:13,297] {standard_task_runner.py:80} INFO - Job 7343: Subtask stop
[2023-04-30 09:39:13,364] {task_command.py:369} INFO - Running <TaskInstance: multi_defence_dag.stop manual__2023-04-30T09:38:45.600218+00:00 [running]> on host e7e31d5a6603
[2023-04-30 09:39:13,452] {taskinstance.py:1571} INFO - Exporting the following env vars:
AIRFLOW_CTX_DAG_OWNER=***
AIRFLOW_CTX_DAG_ID=multi_defence_dag
AIRFLOW_CTX_TASK_ID=stop
AIRFLOW_CTX_EXECUTION_DATE=2023-04-30T09:38:45.600218+00:00
AIRFLOW_CTX_TRY_NUMBER=1
AIRFLOW_CTX_DAG_RUN_ID=manual__2023-04-30T09:38:45.600218+00:00
[2023-04-30 09:39:13,454] {python.py:173} INFO - Done. Returned value was: Cycle has ended
[2023-04-30 09:39:13,484] {taskinstance.py:1400} INFO - Marking task as SUCCESS. dag_id=multi_defence_dag, task_id=stop, execution_date=20230430T093845, start_date=20230430T093913, end_date=20230430T093913
[2023-04-30 09:39:13,509] {local_task_job.py:156} INFO - Task exited with return code 0
[2023-04-30 09:39:13,544] {local_task_job.py:273} INFO - 0 downstream tasks scheduled from follow-on schedule check
