[2023-04-30 08:02:42,357] {taskinstance.py:1159} INFO - Dependencies all met for <TaskInstance: multi_defence_dag.to_defence2 manual__2023-04-30T08:02:31.201544+00:00 [queued]>
[2023-04-30 08:02:42,377] {taskinstance.py:1159} INFO - Dependencies all met for <TaskInstance: multi_defence_dag.to_defence2 manual__2023-04-30T08:02:31.201544+00:00 [queued]>
[2023-04-30 08:02:42,378] {taskinstance.py:1356} INFO - 
--------------------------------------------------------------------------------
[2023-04-30 08:02:42,379] {taskinstance.py:1357} INFO - Starting attempt 1 of 2
[2023-04-30 08:02:42,384] {taskinstance.py:1358} INFO - 
--------------------------------------------------------------------------------
[2023-04-30 08:02:42,416] {taskinstance.py:1377} INFO - Executing <Task(BranchPythonOperator): to_defence2> on 2023-04-30 08:02:31.201544+00:00
[2023-04-30 08:02:42,435] {standard_task_runner.py:52} INFO - Started process 490 to run task
[2023-04-30 08:02:42,444] {standard_task_runner.py:79} INFO - Running: ['***', 'tasks', 'run', 'multi_defence_dag', 'to_defence2', 'manual__2023-04-30T08:02:31.201544+00:00', '--job-id', '7085', '--raw', '--subdir', 'DAGS_FOLDER/defence_dag.py', '--cfg-path', '/tmp/tmp7rz67atv', '--error-file', '/tmp/tmp_0589fyc']
[2023-04-30 08:02:42,447] {standard_task_runner.py:80} INFO - Job 7085: Subtask to_defence2
[2023-04-30 08:02:42,573] {task_command.py:369} INFO - Running <TaskInstance: multi_defence_dag.to_defence2 manual__2023-04-30T08:02:31.201544+00:00 [running]> on host e7e31d5a6603
[2023-04-30 08:02:42,724] {taskinstance.py:1571} INFO - Exporting the following env vars:
AIRFLOW_CTX_DAG_OWNER=***
AIRFLOW_CTX_DAG_ID=multi_defence_dag
AIRFLOW_CTX_TASK_ID=to_defence2
AIRFLOW_CTX_EXECUTION_DATE=2023-04-30T08:02:31.201544+00:00
AIRFLOW_CTX_TRY_NUMBER=1
AIRFLOW_CTX_DAG_RUN_ID=manual__2023-04-30T08:02:31.201544+00:00
[2023-04-30 08:02:42,753] {python.py:173} INFO - Done. Returned value was: Defence2
[2023-04-30 08:02:42,754] {skipmixin.py:140} INFO - Following branch Defence2
[2023-04-30 08:02:42,755] {skipmixin.py:175} INFO - Skipping tasks ['default']
[2023-04-30 08:02:42,894] {taskinstance.py:1400} INFO - Marking task as SUCCESS. dag_id=multi_defence_dag, task_id=to_defence2, execution_date=20230430T080231, start_date=20230430T080242, end_date=20230430T080242
[2023-04-30 08:02:42,940] {local_task_job.py:156} INFO - Task exited with return code 0
[2023-04-30 08:02:43,049] {local_task_job.py:273} INFO - 1 downstream tasks scheduled from follow-on schedule check
