[2023-03-28 12:07:01,332] {taskinstance.py:1159} INFO - Dependencies all met for <TaskInstance: defence_dag2.storing manual__2023-03-28T12:06:58.957363+00:00 [queued]>
[2023-03-28 12:07:01,338] {taskinstance.py:1159} INFO - Dependencies all met for <TaskInstance: defence_dag2.storing manual__2023-03-28T12:06:58.957363+00:00 [queued]>
[2023-03-28 12:07:01,339] {taskinstance.py:1356} INFO - 
--------------------------------------------------------------------------------
[2023-03-28 12:07:01,339] {taskinstance.py:1357} INFO - Starting attempt 1 of 1
[2023-03-28 12:07:01,339] {taskinstance.py:1358} INFO - 
--------------------------------------------------------------------------------
[2023-03-28 12:07:01,352] {taskinstance.py:1377} INFO - Executing <Task(BashOperator): storing> on 2023-03-28 12:06:58.957363+00:00
[2023-03-28 12:07:01,360] {standard_task_runner.py:52} INFO - Started process 1926 to run task
[2023-03-28 12:07:01,363] {standard_task_runner.py:79} INFO - Running: ['***', 'tasks', 'run', 'defence_dag2', 'storing', 'manual__2023-03-28T12:06:58.957363+00:00', '--job-id', '4546', '--raw', '--subdir', 'DAGS_FOLDER/defese.py', '--cfg-path', '/tmp/tmpb8t7_qpe', '--error-file', '/tmp/tmpghe5xenm']
[2023-03-28 12:07:01,364] {standard_task_runner.py:80} INFO - Job 4546: Subtask storing
[2023-03-28 12:07:01,416] {task_command.py:369} INFO - Running <TaskInstance: defence_dag2.storing manual__2023-03-28T12:06:58.957363+00:00 [running]> on host ff3d40af78f9
[2023-03-28 12:07:01,485] {taskinstance.py:1571} INFO - Exporting the following env vars:
AIRFLOW_CTX_DAG_OWNER=***
AIRFLOW_CTX_DAG_ID=defence_dag2
AIRFLOW_CTX_TASK_ID=storing
AIRFLOW_CTX_EXECUTION_DATE=2023-03-28T12:06:58.957363+00:00
AIRFLOW_CTX_TRY_NUMBER=1
AIRFLOW_CTX_DAG_RUN_ID=manual__2023-03-28T12:06:58.957363+00:00
[2023-03-28 12:07:01,487] {subprocess.py:62} INFO - Tmp dir root location: 
 /tmp
[2023-03-28 12:07:01,487] {subprocess.py:74} INFO - Running command: ['bash', '-c', 'sleep 1']
[2023-03-28 12:07:01,501] {subprocess.py:85} INFO - Output:
[2023-03-28 12:07:02,504] {subprocess.py:96} INFO - Command exited with return code 0
[2023-03-28 12:07:02,600] {taskinstance.py:1400} INFO - Marking task as SUCCESS. dag_id=defence_dag2, task_id=storing, execution_date=20230328T120658, start_date=20230328T120701, end_date=20230328T120702
[2023-03-28 12:07:02,661] {local_task_job.py:156} INFO - Task exited with return code 0
[2023-03-28 12:07:02,736] {local_task_job.py:273} INFO - 1 downstream tasks scheduled from follow-on schedule check
