[2023-04-30 08:05:40,632] {taskinstance.py:1159} INFO - Dependencies all met for <TaskInstance: multi_attack_dag.trigger_defence scheduled__2023-04-27T00:00:00+00:00 [queued]>
[2023-04-30 08:05:40,652] {taskinstance.py:1159} INFO - Dependencies all met for <TaskInstance: multi_attack_dag.trigger_defence scheduled__2023-04-27T00:00:00+00:00 [queued]>
[2023-04-30 08:05:40,653] {taskinstance.py:1356} INFO - 
--------------------------------------------------------------------------------
[2023-04-30 08:05:40,654] {taskinstance.py:1357} INFO - Starting attempt 1 of 2
[2023-04-30 08:05:40,654] {taskinstance.py:1358} INFO - 
--------------------------------------------------------------------------------
[2023-04-30 08:05:40,683] {taskinstance.py:1377} INFO - Executing <Task(TriggerDagRunOperator): trigger_defence> on 2023-04-27 00:00:00+00:00
[2023-04-30 08:05:40,738] {standard_task_runner.py:52} INFO - Started process 691 to run task
[2023-04-30 08:05:40,745] {standard_task_runner.py:79} INFO - Running: ['***', 'tasks', 'run', 'multi_attack_dag', 'trigger_defence', 'scheduled__2023-04-27T00:00:00+00:00', '--job-id', '7113', '--raw', '--subdir', 'DAGS_FOLDER/attack_dag.py', '--cfg-path', '/tmp/tmpxukunnu_', '--error-file', '/tmp/tmpau3c46jl']
[2023-04-30 08:05:40,747] {standard_task_runner.py:80} INFO - Job 7113: Subtask trigger_defence
[2023-04-30 08:05:40,854] {task_command.py:369} INFO - Running <TaskInstance: multi_attack_dag.trigger_defence scheduled__2023-04-27T00:00:00+00:00 [running]> on host e7e31d5a6603
[2023-04-30 08:05:41,021] {taskinstance.py:1571} INFO - Exporting the following env vars:
AIRFLOW_CTX_DAG_OWNER=***
AIRFLOW_CTX_DAG_ID=multi_attack_dag
AIRFLOW_CTX_TASK_ID=trigger_defence
AIRFLOW_CTX_EXECUTION_DATE=2023-04-27T00:00:00+00:00
AIRFLOW_CTX_TRY_NUMBER=1
AIRFLOW_CTX_DAG_RUN_ID=scheduled__2023-04-27T00:00:00+00:00
[2023-04-30 08:05:42,462] {taskinstance.py:1400} INFO - Marking task as SUCCESS. dag_id=multi_attack_dag, task_id=trigger_defence, execution_date=20230427T000000, start_date=20230430T080540, end_date=20230430T080542
[2023-04-30 08:05:42,526] {local_task_job.py:156} INFO - Task exited with return code 0
[2023-04-30 08:05:42,593] {local_task_job.py:273} INFO - 0 downstream tasks scheduled from follow-on schedule check
