[2023-04-30 09:13:44,352] {taskinstance.py:1159} INFO - Dependencies all met for <TaskInstance: multi_defence_dag.to_defend manual__2023-04-30T09:13:25.224634+00:00 [queued]>
[2023-04-30 09:13:44,360] {taskinstance.py:1159} INFO - Dependencies all met for <TaskInstance: multi_defence_dag.to_defend manual__2023-04-30T09:13:25.224634+00:00 [queued]>
[2023-04-30 09:13:44,361] {taskinstance.py:1356} INFO - 
--------------------------------------------------------------------------------
[2023-04-30 09:13:44,361] {taskinstance.py:1357} INFO - Starting attempt 1 of 2
[2023-04-30 09:13:44,362] {taskinstance.py:1358} INFO - 
--------------------------------------------------------------------------------
[2023-04-30 09:13:44,373] {taskinstance.py:1377} INFO - Executing <Task(BranchPythonOperator): to_defend> on 2023-04-30 09:13:25.224634+00:00
[2023-04-30 09:13:44,380] {standard_task_runner.py:52} INFO - Started process 578 to run task
[2023-04-30 09:13:44,385] {standard_task_runner.py:79} INFO - Running: ['***', 'tasks', 'run', 'multi_defence_dag', 'to_defend', 'manual__2023-04-30T09:13:25.224634+00:00', '--job-id', '7264', '--raw', '--subdir', 'DAGS_FOLDER/defence_dag.py', '--cfg-path', '/tmp/tmpo3s9duhy', '--error-file', '/tmp/tmp705h6wgb']
[2023-04-30 09:13:44,386] {standard_task_runner.py:80} INFO - Job 7264: Subtask to_defend
[2023-04-30 09:13:44,434] {task_command.py:369} INFO - Running <TaskInstance: multi_defence_dag.to_defend manual__2023-04-30T09:13:25.224634+00:00 [running]> on host e7e31d5a6603
[2023-04-30 09:13:44,500] {taskinstance.py:1571} INFO - Exporting the following env vars:
AIRFLOW_CTX_DAG_OWNER=***
AIRFLOW_CTX_DAG_ID=multi_defence_dag
AIRFLOW_CTX_TASK_ID=to_defend
AIRFLOW_CTX_EXECUTION_DATE=2023-04-30T09:13:25.224634+00:00
AIRFLOW_CTX_TRY_NUMBER=1
AIRFLOW_CTX_DAG_RUN_ID=manual__2023-04-30T09:13:25.224634+00:00
[2023-04-30 09:13:44,503] {transport.py:157} INFO - Attempting refresh to obtain initial access_token
[2023-04-30 09:13:44,506] {client.py:777} INFO - Refreshing access_token
[2023-04-30 09:13:45,310] {python.py:173} INFO - Done. Returned value was: stop
[2023-04-30 09:13:45,311] {skipmixin.py:140} INFO - Following branch stop
[2023-04-30 09:13:45,311] {skipmixin.py:175} INFO - Skipping tasks ['trigger_offence']
[2023-04-30 09:13:45,388] {taskinstance.py:1400} INFO - Marking task as SUCCESS. dag_id=multi_defence_dag, task_id=to_defend, execution_date=20230430T091325, start_date=20230430T091344, end_date=20230430T091345
[2023-04-30 09:13:45,442] {local_task_job.py:156} INFO - Task exited with return code 0
[2023-04-30 09:13:45,569] {local_task_job.py:273} INFO - 1 downstream tasks scheduled from follow-on schedule check
