[2023-04-23 07:54:48,424] {taskinstance.py:1159} INFO - Dependencies all met for <TaskInstance: multi_defence_dag.to_defence3 scheduled__2023-04-18T00:00:00+00:00 [queued]>
[2023-04-23 07:54:48,477] {taskinstance.py:1159} INFO - Dependencies all met for <TaskInstance: multi_defence_dag.to_defence3 scheduled__2023-04-18T00:00:00+00:00 [queued]>
[2023-04-23 07:54:48,478] {taskinstance.py:1356} INFO - 
--------------------------------------------------------------------------------
[2023-04-23 07:54:48,480] {taskinstance.py:1357} INFO - Starting attempt 1 of 2
[2023-04-23 07:54:48,480] {taskinstance.py:1358} INFO - 
--------------------------------------------------------------------------------
[2023-04-23 07:54:48,543] {taskinstance.py:1377} INFO - Executing <Task(BranchPythonOperator): to_defence3> on 2023-04-18 00:00:00+00:00
[2023-04-23 07:54:48,562] {standard_task_runner.py:52} INFO - Started process 517 to run task
[2023-04-23 07:54:48,571] {standard_task_runner.py:79} INFO - Running: ['***', 'tasks', 'run', 'multi_defence_dag', 'to_defence3', 'scheduled__2023-04-18T00:00:00+00:00', '--job-id', '5915', '--raw', '--subdir', 'DAGS_FOLDER/defence_dag.py', '--cfg-path', '/tmp/tmplc34r3d5', '--error-file', '/tmp/tmpbtb4yu7w']
[2023-04-23 07:54:48,577] {standard_task_runner.py:80} INFO - Job 5915: Subtask to_defence3
[2023-04-23 07:54:48,802] {task_command.py:369} INFO - Running <TaskInstance: multi_defence_dag.to_defence3 scheduled__2023-04-18T00:00:00+00:00 [running]> on host a3dd7d962104
[2023-04-23 07:54:48,999] {taskinstance.py:1571} INFO - Exporting the following env vars:
AIRFLOW_CTX_DAG_OWNER=***
AIRFLOW_CTX_DAG_ID=multi_defence_dag
AIRFLOW_CTX_TASK_ID=to_defence3
AIRFLOW_CTX_EXECUTION_DATE=2023-04-18T00:00:00+00:00
AIRFLOW_CTX_TRY_NUMBER=1
AIRFLOW_CTX_DAG_RUN_ID=scheduled__2023-04-18T00:00:00+00:00
[2023-04-23 07:54:49,031] {python.py:173} INFO - Done. Returned value was: Defence3
[2023-04-23 07:54:49,047] {skipmixin.py:140} INFO - Following branch Defence3
[2023-04-23 07:54:49,048] {skipmixin.py:175} INFO - Skipping tasks ['default']
[2023-04-23 07:54:49,176] {taskinstance.py:1400} INFO - Marking task as SUCCESS. dag_id=multi_defence_dag, task_id=to_defence3, execution_date=20230418T000000, start_date=20230423T075448, end_date=20230423T075449
[2023-04-23 07:54:49,235] {local_task_job.py:156} INFO - Task exited with return code 0
[2023-04-23 07:54:49,368] {local_task_job.py:273} INFO - 1 downstream tasks scheduled from follow-on schedule check
