[2023-03-23 07:54:59,329] {taskinstance.py:1159} INFO - Dependencies all met for <TaskInstance: xcom_dag.to_attack3 scheduled__2023-03-19T00:00:00+00:00 [queued]>
[2023-03-23 07:54:59,349] {taskinstance.py:1159} INFO - Dependencies all met for <TaskInstance: xcom_dag.to_attack3 scheduled__2023-03-19T00:00:00+00:00 [queued]>
[2023-03-23 07:54:59,351] {taskinstance.py:1356} INFO - 
--------------------------------------------------------------------------------
[2023-03-23 07:54:59,353] {taskinstance.py:1357} INFO - Starting attempt 1 of 2
[2023-03-23 07:54:59,363] {taskinstance.py:1358} INFO - 
--------------------------------------------------------------------------------
[2023-03-23 07:54:59,426] {taskinstance.py:1377} INFO - Executing <Task(BranchPythonOperator): to_attack3> on 2023-03-19 00:00:00+00:00
[2023-03-23 07:54:59,436] {standard_task_runner.py:52} INFO - Started process 84 to run task
[2023-03-23 07:54:59,448] {standard_task_runner.py:79} INFO - Running: ['***', 'tasks', 'run', 'xcom_dag', 'to_attack3', 'scheduled__2023-03-19T00:00:00+00:00', '--job-id', '2134', '--raw', '--subdir', 'DAGS_FOLDER/dynamic_dag.py', '--cfg-path', '/tmp/tmp1j1l11ob', '--error-file', '/tmp/tmpw30ikaoa']
[2023-03-23 07:54:59,451] {standard_task_runner.py:80} INFO - Job 2134: Subtask to_attack3
[2023-03-23 07:54:59,568] {task_command.py:369} INFO - Running <TaskInstance: xcom_dag.to_attack3 scheduled__2023-03-19T00:00:00+00:00 [running]> on host 6447f1dacd32
[2023-03-23 07:54:59,681] {taskinstance.py:1571} INFO - Exporting the following env vars:
AIRFLOW_CTX_DAG_OWNER=***
AIRFLOW_CTX_DAG_ID=xcom_dag
AIRFLOW_CTX_TASK_ID=to_attack3
AIRFLOW_CTX_EXECUTION_DATE=2023-03-19T00:00:00+00:00
AIRFLOW_CTX_TRY_NUMBER=1
AIRFLOW_CTX_DAG_RUN_ID=scheduled__2023-03-19T00:00:00+00:00
[2023-03-23 07:54:59,721] {python.py:173} INFO - Done. Returned value was: attack3
[2023-03-23 07:54:59,722] {skipmixin.py:140} INFO - Following branch attack3
[2023-03-23 07:54:59,722] {skipmixin.py:175} INFO - Skipping tasks ['default']
[2023-03-23 07:54:59,814] {taskinstance.py:1400} INFO - Marking task as SUCCESS. dag_id=xcom_dag, task_id=to_attack3, execution_date=20230319T000000, start_date=20230323T075459, end_date=20230323T075459
[2023-03-23 07:54:59,874] {local_task_job.py:156} INFO - Task exited with return code 0
[2023-03-23 07:54:59,948] {local_task_job.py:273} INFO - 1 downstream tasks scheduled from follow-on schedule check
