[2023-03-23 15:32:09,945] {taskinstance.py:1159} INFO - Dependencies all met for <TaskInstance: multi_defence_dag.trigger_offence manual__2023-03-23T15:31:55.782164+00:00 [queued]>
[2023-03-23 15:32:09,955] {taskinstance.py:1159} INFO - Dependencies all met for <TaskInstance: multi_defence_dag.trigger_offence manual__2023-03-23T15:31:55.782164+00:00 [queued]>
[2023-03-23 15:32:09,956] {taskinstance.py:1356} INFO - 
--------------------------------------------------------------------------------
[2023-03-23 15:32:09,956] {taskinstance.py:1357} INFO - Starting attempt 1 of 2
[2023-03-23 15:32:09,957] {taskinstance.py:1358} INFO - 
--------------------------------------------------------------------------------
[2023-03-23 15:32:09,970] {taskinstance.py:1377} INFO - Executing <Task(TriggerDagRunOperator): trigger_offence> on 2023-03-23 15:31:55.782164+00:00
[2023-03-23 15:32:09,975] {standard_task_runner.py:52} INFO - Started process 12345 to run task
[2023-03-23 15:32:09,978] {standard_task_runner.py:79} INFO - Running: ['***', 'tasks', 'run', 'multi_defence_dag', 'trigger_offence', 'manual__2023-03-23T15:31:55.782164+00:00', '--job-id', '3108', '--raw', '--subdir', 'DAGS_FOLDER/defence_dag.py', '--cfg-path', '/tmp/tmpun14_olq', '--error-file', '/tmp/tmpjo9hv7zg']
[2023-03-23 15:32:09,979] {standard_task_runner.py:80} INFO - Job 3108: Subtask trigger_offence
[2023-03-23 15:32:10,029] {task_command.py:369} INFO - Running <TaskInstance: multi_defence_dag.trigger_offence manual__2023-03-23T15:31:55.782164+00:00 [running]> on host 6447f1dacd32
[2023-03-23 15:32:10,093] {taskinstance.py:1571} INFO - Exporting the following env vars:
AIRFLOW_CTX_DAG_OWNER=***
AIRFLOW_CTX_DAG_ID=multi_defence_dag
AIRFLOW_CTX_TASK_ID=trigger_offence
AIRFLOW_CTX_EXECUTION_DATE=2023-03-23T15:31:55.782164+00:00
AIRFLOW_CTX_TRY_NUMBER=1
AIRFLOW_CTX_DAG_RUN_ID=manual__2023-03-23T15:31:55.782164+00:00
[2023-03-23 15:32:10,849] {taskinstance.py:1400} INFO - Marking task as SUCCESS. dag_id=multi_defence_dag, task_id=trigger_offence, execution_date=20230323T153155, start_date=20230323T153209, end_date=20230323T153210
[2023-03-23 15:32:10,874] {local_task_job.py:156} INFO - Task exited with return code 0
[2023-03-23 15:32:10,898] {local_task_job.py:273} INFO - 0 downstream tasks scheduled from follow-on schedule check
