[2023-03-23 15:33:28,610] {taskinstance.py:1159} INFO - Dependencies all met for <TaskInstance: multi_defence_dag.Defence2 manual__2023-03-23T15:33:22.772833+00:00 [queued]>
[2023-03-23 15:33:28,641] {taskinstance.py:1159} INFO - Dependencies all met for <TaskInstance: multi_defence_dag.Defence2 manual__2023-03-23T15:33:22.772833+00:00 [queued]>
[2023-03-23 15:33:28,642] {taskinstance.py:1356} INFO - 
--------------------------------------------------------------------------------
[2023-03-23 15:33:28,643] {taskinstance.py:1357} INFO - Starting attempt 1 of 2
[2023-03-23 15:33:28,643] {taskinstance.py:1358} INFO - 
--------------------------------------------------------------------------------
[2023-03-23 15:33:28,674] {taskinstance.py:1377} INFO - Executing <Task(PythonOperator): Defence2> on 2023-03-23 15:33:22.772833+00:00
[2023-03-23 15:33:28,684] {standard_task_runner.py:52} INFO - Started process 12721 to run task
[2023-03-23 15:33:28,693] {standard_task_runner.py:79} INFO - Running: ['***', 'tasks', 'run', 'multi_defence_dag', 'Defence2', 'manual__2023-03-23T15:33:22.772833+00:00', '--job-id', '3257', '--raw', '--subdir', 'DAGS_FOLDER/defence_dag.py', '--cfg-path', '/tmp/tmpnufxrz4x', '--error-file', '/tmp/tmpfy1ulswn']
[2023-03-23 15:33:28,695] {standard_task_runner.py:80} INFO - Job 3257: Subtask Defence2
[2023-03-23 15:33:28,857] {task_command.py:369} INFO - Running <TaskInstance: multi_defence_dag.Defence2 manual__2023-03-23T15:33:22.772833+00:00 [running]> on host 6447f1dacd32
[2023-03-23 15:33:29,082] {taskinstance.py:1571} INFO - Exporting the following env vars:
AIRFLOW_CTX_DAG_OWNER=***
AIRFLOW_CTX_DAG_ID=multi_defence_dag
AIRFLOW_CTX_TASK_ID=Defence2
AIRFLOW_CTX_EXECUTION_DATE=2023-03-23T15:33:22.772833+00:00
AIRFLOW_CTX_TRY_NUMBER=1
AIRFLOW_CTX_DAG_RUN_ID=manual__2023-03-23T15:33:22.772833+00:00
[2023-03-23 15:33:29,118] {python.py:173} INFO - Done. Returned value was: None
[2023-03-23 15:33:29,157] {taskinstance.py:1400} INFO - Marking task as SUCCESS. dag_id=multi_defence_dag, task_id=Defence2, execution_date=20230323T153322, start_date=20230323T153328, end_date=20230323T153329
[2023-03-23 15:33:29,207] {local_task_job.py:156} INFO - Task exited with return code 0
[2023-03-23 15:33:29,293] {local_task_job.py:273} INFO - 0 downstream tasks scheduled from follow-on schedule check
