[2023-04-23 09:36:33,887] {taskinstance.py:1159} INFO - Dependencies all met for <TaskInstance: multi_defence_dag.to_defence3 manual__2023-04-23T09:36:24.954875+00:00 [queued]>
[2023-04-23 09:36:33,911] {taskinstance.py:1159} INFO - Dependencies all met for <TaskInstance: multi_defence_dag.to_defence3 manual__2023-04-23T09:36:24.954875+00:00 [queued]>
[2023-04-23 09:36:33,912] {taskinstance.py:1356} INFO - 
--------------------------------------------------------------------------------
[2023-04-23 09:36:33,913] {taskinstance.py:1357} INFO - Starting attempt 1 of 2
[2023-04-23 09:36:33,913] {taskinstance.py:1358} INFO - 
--------------------------------------------------------------------------------
[2023-04-23 09:36:33,969] {taskinstance.py:1377} INFO - Executing <Task(BranchPythonOperator): to_defence3> on 2023-04-23 09:36:24.954875+00:00
[2023-04-23 09:36:33,980] {standard_task_runner.py:52} INFO - Started process 1293 to run task
[2023-04-23 09:36:33,994] {standard_task_runner.py:79} INFO - Running: ['***', 'tasks', 'run', 'multi_defence_dag', 'to_defence3', 'manual__2023-04-23T09:36:24.954875+00:00', '--job-id', '6120', '--raw', '--subdir', 'DAGS_FOLDER/defence_dag.py', '--cfg-path', '/tmp/tmpw1x1jay9', '--error-file', '/tmp/tmpp3pphcw1']
[2023-04-23 09:36:33,996] {standard_task_runner.py:80} INFO - Job 6120: Subtask to_defence3
[2023-04-23 09:36:34,124] {task_command.py:369} INFO - Running <TaskInstance: multi_defence_dag.to_defence3 manual__2023-04-23T09:36:24.954875+00:00 [running]> on host a3dd7d962104
[2023-04-23 09:36:34,281] {taskinstance.py:1571} INFO - Exporting the following env vars:
AIRFLOW_CTX_DAG_OWNER=***
AIRFLOW_CTX_DAG_ID=multi_defence_dag
AIRFLOW_CTX_TASK_ID=to_defence3
AIRFLOW_CTX_EXECUTION_DATE=2023-04-23T09:36:24.954875+00:00
AIRFLOW_CTX_TRY_NUMBER=1
AIRFLOW_CTX_DAG_RUN_ID=manual__2023-04-23T09:36:24.954875+00:00
[2023-04-23 09:36:34,308] {python.py:173} INFO - Done. Returned value was: Defence3
[2023-04-23 09:36:34,310] {skipmixin.py:140} INFO - Following branch Defence3
[2023-04-23 09:36:34,311] {skipmixin.py:175} INFO - Skipping tasks ['default']
[2023-04-23 09:36:34,488] {taskinstance.py:1400} INFO - Marking task as SUCCESS. dag_id=multi_defence_dag, task_id=to_defence3, execution_date=20230423T093624, start_date=20230423T093633, end_date=20230423T093634
[2023-04-23 09:36:34,550] {local_task_job.py:156} INFO - Task exited with return code 0
[2023-04-23 09:36:34,666] {local_task_job.py:273} INFO - 1 downstream tasks scheduled from follow-on schedule check
