[2023-04-09 12:50:09,440] {taskinstance.py:1159} INFO - Dependencies all met for <TaskInstance: multi_defence_dag.choose_defence manual__2023-04-09T12:50:04.821153+00:00 [queued]>
[2023-04-09 12:50:09,454] {taskinstance.py:1159} INFO - Dependencies all met for <TaskInstance: multi_defence_dag.choose_defence manual__2023-04-09T12:50:04.821153+00:00 [queued]>
[2023-04-09 12:50:09,455] {taskinstance.py:1356} INFO - 
--------------------------------------------------------------------------------
[2023-04-09 12:50:09,455] {taskinstance.py:1357} INFO - Starting attempt 1 of 2
[2023-04-09 12:50:09,456] {taskinstance.py:1358} INFO - 
--------------------------------------------------------------------------------
[2023-04-09 12:50:09,475] {taskinstance.py:1377} INFO - Executing <Task(PythonOperator): choose_defence> on 2023-04-09 12:50:04.821153+00:00
[2023-04-09 12:50:09,487] {standard_task_runner.py:52} INFO - Started process 15160 to run task
[2023-04-09 12:50:09,492] {standard_task_runner.py:79} INFO - Running: ['***', 'tasks', 'run', 'multi_defence_dag', 'choose_defence', 'manual__2023-04-09T12:50:04.821153+00:00', '--job-id', '5009', '--raw', '--subdir', 'DAGS_FOLDER/defence_dag.py', '--cfg-path', '/tmp/tmpj0ul856a', '--error-file', '/tmp/tmpx6fnt349']
[2023-04-09 12:50:09,493] {standard_task_runner.py:80} INFO - Job 5009: Subtask choose_defence
[2023-04-09 12:50:09,566] {task_command.py:369} INFO - Running <TaskInstance: multi_defence_dag.choose_defence manual__2023-04-09T12:50:04.821153+00:00 [running]> on host ff3d40af78f9
[2023-04-09 12:50:09,645] {taskinstance.py:1571} INFO - Exporting the following env vars:
AIRFLOW_CTX_DAG_OWNER=***
AIRFLOW_CTX_DAG_ID=multi_defence_dag
AIRFLOW_CTX_TASK_ID=choose_defence
AIRFLOW_CTX_EXECUTION_DATE=2023-04-09T12:50:04.821153+00:00
AIRFLOW_CTX_TRY_NUMBER=1
AIRFLOW_CTX_DAG_RUN_ID=manual__2023-04-09T12:50:04.821153+00:00
[2023-04-09 12:50:09,684] {python.py:173} INFO - Done. Returned value was: None
[2023-04-09 12:50:09,696] {taskinstance.py:1400} INFO - Marking task as SUCCESS. dag_id=multi_defence_dag, task_id=choose_defence, execution_date=20230409T125004, start_date=20230409T125009, end_date=20230409T125009
[2023-04-09 12:50:09,746] {local_task_job.py:156} INFO - Task exited with return code 0
[2023-04-09 12:50:09,787] {local_task_job.py:273} INFO - 3 downstream tasks scheduled from follow-on schedule check
