[2023-03-28 10:29:22,875] {taskinstance.py:1159} INFO - Dependencies all met for <TaskInstance: defence_dag2.stop manual__2023-03-28T10:29:08.867222+00:00 [queued]>
[2023-03-28 10:29:22,897] {taskinstance.py:1159} INFO - Dependencies all met for <TaskInstance: defence_dag2.stop manual__2023-03-28T10:29:08.867222+00:00 [queued]>
[2023-03-28 10:29:22,898] {taskinstance.py:1356} INFO - 
--------------------------------------------------------------------------------
[2023-03-28 10:29:22,899] {taskinstance.py:1357} INFO - Starting attempt 1 of 1
[2023-03-28 10:29:22,901] {taskinstance.py:1358} INFO - 
--------------------------------------------------------------------------------
[2023-03-28 10:29:22,924] {taskinstance.py:1377} INFO - Executing <Task(PythonOperator): stop> on 2023-03-28 10:29:08.867222+00:00
[2023-03-28 10:29:22,936] {standard_task_runner.py:52} INFO - Started process 2259 to run task
[2023-03-28 10:29:22,941] {standard_task_runner.py:79} INFO - Running: ['***', 'tasks', 'run', 'defence_dag2', 'stop', 'manual__2023-03-28T10:29:08.867222+00:00', '--job-id', '4285', '--raw', '--subdir', 'DAGS_FOLDER/defese.py', '--cfg-path', '/tmp/tmp52z5v3an', '--error-file', '/tmp/tmp7kz24ey4']
[2023-03-28 10:29:22,942] {standard_task_runner.py:80} INFO - Job 4285: Subtask stop
[2023-03-28 10:29:23,029] {task_command.py:369} INFO - Running <TaskInstance: defence_dag2.stop manual__2023-03-28T10:29:08.867222+00:00 [running]> on host 70f8824ef075
[2023-03-28 10:29:23,137] {taskinstance.py:1571} INFO - Exporting the following env vars:
AIRFLOW_CTX_DAG_OWNER=***
AIRFLOW_CTX_DAG_ID=defence_dag2
AIRFLOW_CTX_TASK_ID=stop
AIRFLOW_CTX_EXECUTION_DATE=2023-03-28T10:29:08.867222+00:00
AIRFLOW_CTX_TRY_NUMBER=1
AIRFLOW_CTX_DAG_RUN_ID=manual__2023-03-28T10:29:08.867222+00:00
[2023-03-28 10:29:23,139] {python.py:173} INFO - Done. Returned value was: Cycle has ended
[2023-03-28 10:29:23,183] {taskinstance.py:1400} INFO - Marking task as SUCCESS. dag_id=defence_dag2, task_id=stop, execution_date=20230328T102908, start_date=20230328T102922, end_date=20230328T102923
[2023-03-28 10:29:23,237] {local_task_job.py:156} INFO - Task exited with return code 0
[2023-03-28 10:29:23,271] {local_task_job.py:273} INFO - 0 downstream tasks scheduled from follow-on schedule check
