[2023-03-19 12:54:50,700] {taskinstance.py:1159} INFO - Dependencies all met for <TaskInstance: defence_dag2.to_attack manual__2023-03-19T12:54:45.819786+00:00 [queued]>
[2023-03-19 12:54:50,709] {taskinstance.py:1159} INFO - Dependencies all met for <TaskInstance: defence_dag2.to_attack manual__2023-03-19T12:54:45.819786+00:00 [queued]>
[2023-03-19 12:54:50,710] {taskinstance.py:1356} INFO - 
--------------------------------------------------------------------------------
[2023-03-19 12:54:50,710] {taskinstance.py:1357} INFO - Starting attempt 1 of 1
[2023-03-19 12:54:50,711] {taskinstance.py:1358} INFO - 
--------------------------------------------------------------------------------
[2023-03-19 12:54:50,725] {taskinstance.py:1377} INFO - Executing <Task(BranchPythonOperator): to_attack> on 2023-03-19 12:54:45.819786+00:00
[2023-03-19 12:54:50,729] {standard_task_runner.py:52} INFO - Started process 203 to run task
[2023-03-19 12:54:50,732] {standard_task_runner.py:79} INFO - Running: ['***', 'tasks', 'run', 'defence_dag2', 'to_attack', 'manual__2023-03-19T12:54:45.819786+00:00', '--job-id', '1737', '--raw', '--subdir', 'DAGS_FOLDER/defese.py', '--cfg-path', '/tmp/tmpt16okjph', '--error-file', '/tmp/tmp21ve_81q']
[2023-03-19 12:54:50,734] {standard_task_runner.py:80} INFO - Job 1737: Subtask to_attack
[2023-03-19 12:54:50,783] {task_command.py:369} INFO - Running <TaskInstance: defence_dag2.to_attack manual__2023-03-19T12:54:45.819786+00:00 [running]> on host e8c10a6b6dce
[2023-03-19 12:54:50,856] {taskinstance.py:1571} INFO - Exporting the following env vars:
AIRFLOW_CTX_DAG_OWNER=***
AIRFLOW_CTX_DAG_ID=defence_dag2
AIRFLOW_CTX_TASK_ID=to_attack
AIRFLOW_CTX_EXECUTION_DATE=2023-03-19T12:54:45.819786+00:00
AIRFLOW_CTX_TRY_NUMBER=1
AIRFLOW_CTX_DAG_RUN_ID=manual__2023-03-19T12:54:45.819786+00:00
[2023-03-19 12:54:50,868] {transport.py:157} INFO - Attempting refresh to obtain initial access_token
[2023-03-19 12:54:50,871] {client.py:777} INFO - Refreshing access_token
[2023-03-19 12:54:51,750] {logging_mixin.py:115} INFO - Ran out of input
[2023-03-19 12:54:51,750] {python.py:173} INFO - Done. Returned value was: stop
[2023-03-19 12:54:51,751] {skipmixin.py:140} INFO - Following branch stop
[2023-03-19 12:54:51,752] {skipmixin.py:175} INFO - Skipping tasks ['trigger_offence']
[2023-03-19 12:54:51,820] {taskinstance.py:1400} INFO - Marking task as SUCCESS. dag_id=defence_dag2, task_id=to_attack, execution_date=20230319T125445, start_date=20230319T125450, end_date=20230319T125451
[2023-03-19 12:54:51,870] {local_task_job.py:156} INFO - Task exited with return code 0
[2023-03-19 12:54:51,941] {local_task_job.py:273} INFO - 1 downstream tasks scheduled from follow-on schedule check
