[2023-04-27 13:01:13,033] {taskinstance.py:1159} INFO - Dependencies all met for <TaskInstance: multi_defence_dag.Defence2 manual__2023-04-27T13:00:07.786313+00:00 [queued]>
[2023-04-27 13:01:13,115] {taskinstance.py:1159} INFO - Dependencies all met for <TaskInstance: multi_defence_dag.Defence2 manual__2023-04-27T13:00:07.786313+00:00 [queued]>
[2023-04-27 13:01:13,118] {taskinstance.py:1356} INFO - 
--------------------------------------------------------------------------------
[2023-04-27 13:01:13,122] {taskinstance.py:1357} INFO - Starting attempt 1 of 2
[2023-04-27 13:01:13,123] {taskinstance.py:1358} INFO - 
--------------------------------------------------------------------------------
[2023-04-27 13:01:13,201] {taskinstance.py:1377} INFO - Executing <Task(PythonOperator): Defence2> on 2023-04-27 13:00:07.786313+00:00
[2023-04-27 13:01:13,234] {standard_task_runner.py:52} INFO - Started process 772 to run task
[2023-04-27 13:01:13,274] {standard_task_runner.py:79} INFO - Running: ['***', 'tasks', 'run', 'multi_defence_dag', 'Defence2', 'manual__2023-04-27T13:00:07.786313+00:00', '--job-id', '6893', '--raw', '--subdir', 'DAGS_FOLDER/defence_dag.py', '--cfg-path', '/tmp/tmp8gm53mux', '--error-file', '/tmp/tmpyn17bqmc']
[2023-04-27 13:01:13,279] {standard_task_runner.py:80} INFO - Job 6893: Subtask Defence2
[2023-04-27 13:01:13,497] {task_command.py:369} INFO - Running <TaskInstance: multi_defence_dag.Defence2 manual__2023-04-27T13:00:07.786313+00:00 [running]> on host e7e31d5a6603
[2023-04-27 13:01:13,773] {taskinstance.py:1571} INFO - Exporting the following env vars:
AIRFLOW_CTX_DAG_OWNER=***
AIRFLOW_CTX_DAG_ID=multi_defence_dag
AIRFLOW_CTX_TASK_ID=Defence2
AIRFLOW_CTX_EXECUTION_DATE=2023-04-27T13:00:07.786313+00:00
AIRFLOW_CTX_TRY_NUMBER=1
AIRFLOW_CTX_DAG_RUN_ID=manual__2023-04-27T13:00:07.786313+00:00
[2023-04-27 13:01:13,847] {python.py:173} INFO - Done. Returned value was: None
[2023-04-27 13:01:13,933] {taskinstance.py:1400} INFO - Marking task as SUCCESS. dag_id=multi_defence_dag, task_id=Defence2, execution_date=20230427T130007, start_date=20230427T130113, end_date=20230427T130113
[2023-04-27 13:01:14,044] {local_task_job.py:156} INFO - Task exited with return code 0
[2023-04-27 13:01:14,346] {local_task_job.py:273} INFO - 0 downstream tasks scheduled from follow-on schedule check
