[2023-04-27 12:08:30,885] {taskinstance.py:1159} INFO - Dependencies all met for <TaskInstance: multi_attack_dag.to_attack_AdversarialPatch manual__2023-04-27T12:06:56.081840+00:00 [queued]>
[2023-04-27 12:08:31,077] {taskinstance.py:1159} INFO - Dependencies all met for <TaskInstance: multi_attack_dag.to_attack_AdversarialPatch manual__2023-04-27T12:06:56.081840+00:00 [queued]>
[2023-04-27 12:08:31,078] {taskinstance.py:1356} INFO - 
--------------------------------------------------------------------------------
[2023-04-27 12:08:31,079] {taskinstance.py:1357} INFO - Starting attempt 1 of 2
[2023-04-27 12:08:31,080] {taskinstance.py:1358} INFO - 
--------------------------------------------------------------------------------
[2023-04-27 12:08:31,161] {taskinstance.py:1377} INFO - Executing <Task(BranchPythonOperator): to_attack_AdversarialPatch> on 2023-04-27 12:06:56.081840+00:00
[2023-04-27 12:08:31,249] {standard_task_runner.py:52} INFO - Started process 3162 to run task
[2023-04-27 12:08:31,284] {standard_task_runner.py:79} INFO - Running: ['***', 'tasks', 'run', 'multi_attack_dag', 'to_attack_AdversarialPatch', 'manual__2023-04-27T12:06:56.081840+00:00', '--job-id', '6780', '--raw', '--subdir', 'DAGS_FOLDER/attack_dag.py', '--cfg-path', '/tmp/tmpitx1zbr_', '--error-file', '/tmp/tmpjxati_sx']
[2023-04-27 12:08:31,296] {standard_task_runner.py:80} INFO - Job 6780: Subtask to_attack_AdversarialPatch
[2023-04-27 12:08:31,899] {task_command.py:369} INFO - Running <TaskInstance: multi_attack_dag.to_attack_AdversarialPatch manual__2023-04-27T12:06:56.081840+00:00 [running]> on host e7e31d5a6603
[2023-04-27 12:08:32,368] {taskinstance.py:1571} INFO - Exporting the following env vars:
AIRFLOW_CTX_DAG_OWNER=***
AIRFLOW_CTX_DAG_ID=multi_attack_dag
AIRFLOW_CTX_TASK_ID=to_attack_AdversarialPatch
AIRFLOW_CTX_EXECUTION_DATE=2023-04-27T12:06:56.081840+00:00
AIRFLOW_CTX_TRY_NUMBER=1
AIRFLOW_CTX_DAG_RUN_ID=manual__2023-04-27T12:06:56.081840+00:00
[2023-04-27 12:08:32,405] {python.py:173} INFO - Done. Returned value was: attack_AdversarialPatch
[2023-04-27 12:08:32,407] {skipmixin.py:140} INFO - Following branch attack_AdversarialPatch
[2023-04-27 12:08:32,417] {skipmixin.py:175} INFO - Skipping tasks ['default_attack']
[2023-04-27 12:08:33,400] {taskinstance.py:1400} INFO - Marking task as SUCCESS. dag_id=multi_attack_dag, task_id=to_attack_AdversarialPatch, execution_date=20230427T120656, start_date=20230427T120830, end_date=20230427T120833
[2023-04-27 12:08:33,517] {local_task_job.py:156} INFO - Task exited with return code 0
[2023-04-27 12:08:34,300] {local_task_job.py:273} INFO - 1 downstream tasks scheduled from follow-on schedule check
