[2023-04-23 09:28:16,721] {taskinstance.py:1159} INFO - Dependencies all met for <TaskInstance: multi_defence_dag.to_defence3 manual__2023-04-23T09:28:03.088662+00:00 [queued]>
[2023-04-23 09:28:16,758] {taskinstance.py:1159} INFO - Dependencies all met for <TaskInstance: multi_defence_dag.to_defence3 manual__2023-04-23T09:28:03.088662+00:00 [queued]>
[2023-04-23 09:28:16,759] {taskinstance.py:1356} INFO - 
--------------------------------------------------------------------------------
[2023-04-23 09:28:16,760] {taskinstance.py:1357} INFO - Starting attempt 1 of 2
[2023-04-23 09:28:16,761] {taskinstance.py:1358} INFO - 
--------------------------------------------------------------------------------
[2023-04-23 09:28:16,803] {taskinstance.py:1377} INFO - Executing <Task(BranchPythonOperator): to_defence3> on 2023-04-23 09:28:03.088662+00:00
[2023-04-23 09:28:16,815] {standard_task_runner.py:52} INFO - Started process 697 to run task
[2023-04-23 09:28:16,823] {standard_task_runner.py:79} INFO - Running: ['***', 'tasks', 'run', 'multi_defence_dag', 'to_defence3', 'manual__2023-04-23T09:28:03.088662+00:00', '--job-id', '6051', '--raw', '--subdir', 'DAGS_FOLDER/defence_dag.py', '--cfg-path', '/tmp/tmpccuz063j', '--error-file', '/tmp/tmphnk7g226']
[2023-04-23 09:28:16,826] {standard_task_runner.py:80} INFO - Job 6051: Subtask to_defence3
[2023-04-23 09:28:16,967] {task_command.py:369} INFO - Running <TaskInstance: multi_defence_dag.to_defence3 manual__2023-04-23T09:28:03.088662+00:00 [running]> on host a3dd7d962104
[2023-04-23 09:28:17,181] {taskinstance.py:1571} INFO - Exporting the following env vars:
AIRFLOW_CTX_DAG_OWNER=***
AIRFLOW_CTX_DAG_ID=multi_defence_dag
AIRFLOW_CTX_TASK_ID=to_defence3
AIRFLOW_CTX_EXECUTION_DATE=2023-04-23T09:28:03.088662+00:00
AIRFLOW_CTX_TRY_NUMBER=1
AIRFLOW_CTX_DAG_RUN_ID=manual__2023-04-23T09:28:03.088662+00:00
[2023-04-23 09:28:17,217] {python.py:173} INFO - Done. Returned value was: Defence3
[2023-04-23 09:28:17,219] {skipmixin.py:140} INFO - Following branch Defence3
[2023-04-23 09:28:17,220] {skipmixin.py:175} INFO - Skipping tasks ['default']
[2023-04-23 09:28:17,445] {taskinstance.py:1400} INFO - Marking task as SUCCESS. dag_id=multi_defence_dag, task_id=to_defence3, execution_date=20230423T092803, start_date=20230423T092816, end_date=20230423T092817
[2023-04-23 09:28:17,507] {local_task_job.py:156} INFO - Task exited with return code 0
[2023-04-23 09:28:17,630] {local_task_job.py:273} INFO - 1 downstream tasks scheduled from follow-on schedule check
