[2023-03-28 10:48:40,347] {taskinstance.py:1159} INFO - Dependencies all met for <TaskInstance: attack_dag2.trigger_defence manual__2023-03-28T10:48:31.513000+00:00 [queued]>
[2023-03-28 10:48:40,363] {taskinstance.py:1159} INFO - Dependencies all met for <TaskInstance: attack_dag2.trigger_defence manual__2023-03-28T10:48:31.513000+00:00 [queued]>
[2023-03-28 10:48:40,363] {taskinstance.py:1356} INFO - 
--------------------------------------------------------------------------------
[2023-03-28 10:48:40,365] {taskinstance.py:1357} INFO - Starting attempt 1 of 1
[2023-03-28 10:48:40,366] {taskinstance.py:1358} INFO - 
--------------------------------------------------------------------------------
[2023-03-28 10:48:40,387] {taskinstance.py:1377} INFO - Executing <Task(TriggerDagRunOperator): trigger_defence> on 2023-03-28 10:48:31.513000+00:00
[2023-03-28 10:48:40,397] {standard_task_runner.py:52} INFO - Started process 152 to run task
[2023-03-28 10:48:40,403] {standard_task_runner.py:79} INFO - Running: ['***', 'tasks', 'run', 'attack_dag2', 'trigger_defence', 'manual__2023-03-28T10:48:31.513000+00:00', '--job-id', '4446', '--raw', '--subdir', 'DAGS_FOLDER/attack.py', '--cfg-path', '/tmp/tmpvwqf_8nv', '--error-file', '/tmp/tmpbe19wf2_']
[2023-03-28 10:48:40,405] {standard_task_runner.py:80} INFO - Job 4446: Subtask trigger_defence
[2023-03-28 10:48:40,537] {task_command.py:369} INFO - Running <TaskInstance: attack_dag2.trigger_defence manual__2023-03-28T10:48:31.513000+00:00 [running]> on host a826a5b95b6c
[2023-03-28 10:48:40,720] {taskinstance.py:1571} INFO - Exporting the following env vars:
AIRFLOW_CTX_DAG_OWNER=***
AIRFLOW_CTX_DAG_ID=attack_dag2
AIRFLOW_CTX_TASK_ID=trigger_defence
AIRFLOW_CTX_EXECUTION_DATE=2023-03-28T10:48:31.513000+00:00
AIRFLOW_CTX_TRY_NUMBER=1
AIRFLOW_CTX_DAG_RUN_ID=manual__2023-03-28T10:48:31.513000+00:00
[2023-03-28 10:48:41,970] {taskinstance.py:1400} INFO - Marking task as SUCCESS. dag_id=attack_dag2, task_id=trigger_defence, execution_date=20230328T104831, start_date=20230328T104840, end_date=20230328T104841
[2023-03-28 10:48:42,027] {local_task_job.py:156} INFO - Task exited with return code 0
[2023-03-28 10:48:42,080] {local_task_job.py:273} INFO - 0 downstream tasks scheduled from follow-on schedule check
