[2023-03-16 11:56:59,801] {taskinstance.py:1159} INFO - Dependencies all met for <TaskInstance: defence_dag.defence1 manual__2023-03-12T15:19:50.083730+00:00 [queued]>
[2023-03-16 11:56:59,870] {taskinstance.py:1159} INFO - Dependencies all met for <TaskInstance: defence_dag.defence1 manual__2023-03-12T15:19:50.083730+00:00 [queued]>
[2023-03-16 11:56:59,872] {taskinstance.py:1356} INFO - 
--------------------------------------------------------------------------------
[2023-03-16 11:56:59,874] {taskinstance.py:1357} INFO - Starting attempt 2 of 2
[2023-03-16 11:56:59,875] {taskinstance.py:1358} INFO - 
--------------------------------------------------------------------------------
[2023-03-16 11:56:59,924] {taskinstance.py:1377} INFO - Executing <Task(PythonOperator): defence1> on 2023-03-12 15:19:50.083730+00:00
[2023-03-16 11:56:59,935] {standard_task_runner.py:52} INFO - Started process 855 to run task
[2023-03-16 11:56:59,966] {standard_task_runner.py:79} INFO - Running: ['***', 'tasks', 'run', 'defence_dag', 'defence1', 'manual__2023-03-12T15:19:50.083730+00:00', '--job-id', '1041', '--raw', '--subdir', 'DAGS_FOLDER/defese.py', '--cfg-path', '/tmp/tmpnddybw13', '--error-file', '/tmp/tmpjsvcf2qm']
[2023-03-16 11:56:59,968] {standard_task_runner.py:80} INFO - Job 1041: Subtask defence1
[2023-03-16 11:57:00,354] {task_command.py:369} INFO - Running <TaskInstance: defence_dag.defence1 manual__2023-03-12T15:19:50.083730+00:00 [running]> on host 596adcca7378
[2023-03-16 11:57:00,982] {taskinstance.py:1571} INFO - Exporting the following env vars:
AIRFLOW_CTX_DAG_OWNER=***
AIRFLOW_CTX_DAG_ID=defence_dag
AIRFLOW_CTX_TASK_ID=defence1
AIRFLOW_CTX_EXECUTION_DATE=2023-03-12T15:19:50.083730+00:00
AIRFLOW_CTX_TRY_NUMBER=2
AIRFLOW_CTX_DAG_RUN_ID=manual__2023-03-12T15:19:50.083730+00:00
[2023-03-16 11:57:00,985] {logging_mixin.py:115} INFO - defensing
[2023-03-16 11:57:00,986] {python.py:173} INFO - Done. Returned value was: None
[2023-03-16 11:57:01,732] {taskinstance.py:1400} INFO - Marking task as SUCCESS. dag_id=defence_dag, task_id=defence1, execution_date=20230312T151950, start_date=20230316T115659, end_date=20230316T115701
[2023-03-16 11:57:01,947] {local_task_job.py:156} INFO - Task exited with return code 0
[2023-03-16 11:57:02,438] {local_task_job.py:273} INFO - 1 downstream tasks scheduled from follow-on schedule check
