[2023-03-12 15:20:12,440] {taskinstance.py:1159} INFO - Dependencies all met for <TaskInstance: defence_dag.defence1 manual__2023-03-12T15:20:07.916504+00:00 [queued]>
[2023-03-12 15:20:12,455] {taskinstance.py:1159} INFO - Dependencies all met for <TaskInstance: defence_dag.defence1 manual__2023-03-12T15:20:07.916504+00:00 [queued]>
[2023-03-12 15:20:12,456] {taskinstance.py:1356} INFO - 
--------------------------------------------------------------------------------
[2023-03-12 15:20:12,456] {taskinstance.py:1357} INFO - Starting attempt 1 of 1
[2023-03-12 15:20:12,457] {taskinstance.py:1358} INFO - 
--------------------------------------------------------------------------------
[2023-03-12 15:20:12,477] {taskinstance.py:1377} INFO - Executing <Task(PythonOperator): defence1> on 2023-03-12 15:20:07.916504+00:00
[2023-03-12 15:20:12,481] {standard_task_runner.py:52} INFO - Started process 314 to run task
[2023-03-12 15:20:12,485] {standard_task_runner.py:79} INFO - Running: ['***', 'tasks', 'run', 'defence_dag', 'defence1', 'manual__2023-03-12T15:20:07.916504+00:00', '--job-id', '495', '--raw', '--subdir', 'DAGS_FOLDER/defese.py', '--cfg-path', '/tmp/tmp8mntepb6', '--error-file', '/tmp/tmp1ksfy8tf']
[2023-03-12 15:20:12,486] {standard_task_runner.py:80} INFO - Job 495: Subtask defence1
[2023-03-12 15:20:12,559] {task_command.py:369} INFO - Running <TaskInstance: defence_dag.defence1 manual__2023-03-12T15:20:07.916504+00:00 [running]> on host 596adcca7378
[2023-03-12 15:20:12,671] {taskinstance.py:1571} INFO - Exporting the following env vars:
AIRFLOW_CTX_DAG_OWNER=***
AIRFLOW_CTX_DAG_ID=defence_dag
AIRFLOW_CTX_TASK_ID=defence1
AIRFLOW_CTX_EXECUTION_DATE=2023-03-12T15:20:07.916504+00:00
AIRFLOW_CTX_TRY_NUMBER=1
AIRFLOW_CTX_DAG_RUN_ID=manual__2023-03-12T15:20:07.916504+00:00
[2023-03-12 15:20:12,673] {logging_mixin.py:115} INFO - defensing
[2023-03-12 15:20:12,673] {python.py:173} INFO - Done. Returned value was: None
[2023-03-12 15:20:12,692] {taskinstance.py:1400} INFO - Marking task as SUCCESS. dag_id=defence_dag, task_id=defence1, execution_date=20230312T152007, start_date=20230312T152012, end_date=20230312T152012
[2023-03-12 15:20:12,738] {local_task_job.py:156} INFO - Task exited with return code 0
[2023-03-12 15:20:12,799] {local_task_job.py:273} INFO - 1 downstream tasks scheduled from follow-on schedule check
