[2023-03-16 12:06:24,263] {taskinstance.py:1159} INFO - Dependencies all met for <TaskInstance: defence_dag2.stop scheduled__2023-03-15T00:00:00+00:00 [queued]>
[2023-03-16 12:06:24,272] {taskinstance.py:1159} INFO - Dependencies all met for <TaskInstance: defence_dag2.stop scheduled__2023-03-15T00:00:00+00:00 [queued]>
[2023-03-16 12:06:24,272] {taskinstance.py:1356} INFO - 
--------------------------------------------------------------------------------
[2023-03-16 12:06:24,272] {taskinstance.py:1357} INFO - Starting attempt 1 of 1
[2023-03-16 12:06:24,273] {taskinstance.py:1358} INFO - 
--------------------------------------------------------------------------------
[2023-03-16 12:06:24,283] {taskinstance.py:1377} INFO - Executing <Task(PythonOperator): stop> on 2023-03-15 00:00:00+00:00
[2023-03-16 12:06:24,286] {standard_task_runner.py:52} INFO - Started process 96 to run task
[2023-03-16 12:06:24,289] {standard_task_runner.py:79} INFO - Running: ['***', 'tasks', 'run', 'defence_dag2', 'stop', 'scheduled__2023-03-15T00:00:00+00:00', '--job-id', '1249', '--raw', '--subdir', 'DAGS_FOLDER/defese.py', '--cfg-path', '/tmp/tmpgi_bm9vq', '--error-file', '/tmp/tmpjpep_1vn']
[2023-03-16 12:06:24,289] {standard_task_runner.py:80} INFO - Job 1249: Subtask stop
[2023-03-16 12:06:24,328] {task_command.py:369} INFO - Running <TaskInstance: defence_dag2.stop scheduled__2023-03-15T00:00:00+00:00 [running]> on host 596adcca7378
[2023-03-16 12:06:24,377] {taskinstance.py:1571} INFO - Exporting the following env vars:
AIRFLOW_CTX_DAG_OWNER=***
AIRFLOW_CTX_DAG_ID=defence_dag2
AIRFLOW_CTX_TASK_ID=stop
AIRFLOW_CTX_EXECUTION_DATE=2023-03-15T00:00:00+00:00
AIRFLOW_CTX_TRY_NUMBER=1
AIRFLOW_CTX_DAG_RUN_ID=scheduled__2023-03-15T00:00:00+00:00
[2023-03-16 12:06:24,378] {python.py:173} INFO - Done. Returned value was: Cycle has ended
[2023-03-16 12:06:24,399] {taskinstance.py:1400} INFO - Marking task as SUCCESS. dag_id=defence_dag2, task_id=stop, execution_date=20230315T000000, start_date=20230316T120624, end_date=20230316T120624
[2023-03-16 12:06:24,421] {local_task_job.py:156} INFO - Task exited with return code 0
[2023-03-16 12:06:24,445] {local_task_job.py:273} INFO - 0 downstream tasks scheduled from follow-on schedule check
