[2023-03-16 16:58:12,788] {taskinstance.py:1159} INFO - Dependencies all met for <TaskInstance: xcom_dag.choose_best manual__2023-03-16T16:58:08.303206+00:00 [queued]>
[2023-03-16 16:58:12,797] {taskinstance.py:1159} INFO - Dependencies all met for <TaskInstance: xcom_dag.choose_best manual__2023-03-16T16:58:08.303206+00:00 [queued]>
[2023-03-16 16:58:12,798] {taskinstance.py:1356} INFO - 
--------------------------------------------------------------------------------
[2023-03-16 16:58:12,798] {taskinstance.py:1357} INFO - Starting attempt 1 of 2
[2023-03-16 16:58:12,800] {taskinstance.py:1358} INFO - 
--------------------------------------------------------------------------------
[2023-03-16 16:58:12,812] {taskinstance.py:1377} INFO - Executing <Task(PythonOperator): choose_best> on 2023-03-16 16:58:08.303206+00:00
[2023-03-16 16:58:12,816] {standard_task_runner.py:52} INFO - Started process 166 to run task
[2023-03-16 16:58:12,819] {standard_task_runner.py:79} INFO - Running: ['***', 'tasks', 'run', 'xcom_dag', 'choose_best', 'manual__2023-03-16T16:58:08.303206+00:00', '--job-id', '1480', '--raw', '--subdir', 'DAGS_FOLDER/dynamic_dag.py', '--cfg-path', '/tmp/tmp3jwt_z3w', '--error-file', '/tmp/tmpmlyww8fi']
[2023-03-16 16:58:12,819] {standard_task_runner.py:80} INFO - Job 1480: Subtask choose_best
[2023-03-16 16:58:12,866] {task_command.py:369} INFO - Running <TaskInstance: xcom_dag.choose_best manual__2023-03-16T16:58:08.303206+00:00 [running]> on host 596adcca7378
[2023-03-16 16:58:12,921] {taskinstance.py:1571} INFO - Exporting the following env vars:
AIRFLOW_CTX_DAG_OWNER=***
AIRFLOW_CTX_DAG_ID=xcom_dag
AIRFLOW_CTX_TASK_ID=choose_best
AIRFLOW_CTX_EXECUTION_DATE=2023-03-16T16:58:08.303206+00:00
AIRFLOW_CTX_TRY_NUMBER=1
AIRFLOW_CTX_DAG_RUN_ID=manual__2023-03-16T16:58:08.303206+00:00
[2023-03-16 16:58:12,968] {python.py:173} INFO - Done. Returned value was: None
[2023-03-16 16:58:12,980] {taskinstance.py:1400} INFO - Marking task as SUCCESS. dag_id=xcom_dag, task_id=choose_best, execution_date=20230316T165808, start_date=20230316T165812, end_date=20230316T165812
[2023-03-16 16:58:13,032] {local_task_job.py:156} INFO - Task exited with return code 0
[2023-03-16 16:58:13,066] {local_task_job.py:273} INFO - 1 downstream tasks scheduled from follow-on schedule check
