[2023-04-09 12:55:06,457] {taskinstance.py:1159} INFO - Dependencies all met for <TaskInstance: multi_defence_dag.choose_defence manual__2023-04-09T12:55:02.601634+00:00 [queued]>
[2023-04-09 12:55:06,465] {taskinstance.py:1159} INFO - Dependencies all met for <TaskInstance: multi_defence_dag.choose_defence manual__2023-04-09T12:55:02.601634+00:00 [queued]>
[2023-04-09 12:55:06,466] {taskinstance.py:1356} INFO - 
--------------------------------------------------------------------------------
[2023-04-09 12:55:06,467] {taskinstance.py:1357} INFO - Starting attempt 1 of 2
[2023-04-09 12:55:06,467] {taskinstance.py:1358} INFO - 
--------------------------------------------------------------------------------
[2023-04-09 12:55:06,479] {taskinstance.py:1377} INFO - Executing <Task(PythonOperator): choose_defence> on 2023-04-09 12:55:02.601634+00:00
[2023-04-09 12:55:06,488] {standard_task_runner.py:52} INFO - Started process 15439 to run task
[2023-04-09 12:55:06,491] {standard_task_runner.py:79} INFO - Running: ['***', 'tasks', 'run', 'multi_defence_dag', 'choose_defence', 'manual__2023-04-09T12:55:02.601634+00:00', '--job-id', '5028', '--raw', '--subdir', 'DAGS_FOLDER/defence_dag.py', '--cfg-path', '/tmp/tmp0tcows39', '--error-file', '/tmp/tmp3xn_w85x']
[2023-04-09 12:55:06,492] {standard_task_runner.py:80} INFO - Job 5028: Subtask choose_defence
[2023-04-09 12:55:06,549] {task_command.py:369} INFO - Running <TaskInstance: multi_defence_dag.choose_defence manual__2023-04-09T12:55:02.601634+00:00 [running]> on host ff3d40af78f9
[2023-04-09 12:55:06,631] {taskinstance.py:1571} INFO - Exporting the following env vars:
AIRFLOW_CTX_DAG_OWNER=***
AIRFLOW_CTX_DAG_ID=multi_defence_dag
AIRFLOW_CTX_TASK_ID=choose_defence
AIRFLOW_CTX_EXECUTION_DATE=2023-04-09T12:55:02.601634+00:00
AIRFLOW_CTX_TRY_NUMBER=1
AIRFLOW_CTX_DAG_RUN_ID=manual__2023-04-09T12:55:02.601634+00:00
[2023-04-09 12:55:06,682] {python.py:173} INFO - Done. Returned value was: None
[2023-04-09 12:55:06,701] {taskinstance.py:1400} INFO - Marking task as SUCCESS. dag_id=multi_defence_dag, task_id=choose_defence, execution_date=20230409T125502, start_date=20230409T125506, end_date=20230409T125506
[2023-04-09 12:55:06,744] {local_task_job.py:156} INFO - Task exited with return code 0
[2023-04-09 12:55:06,804] {local_task_job.py:273} INFO - 3 downstream tasks scheduled from follow-on schedule check
