[2023-03-28 10:48:21,915] {taskinstance.py:1159} INFO - Dependencies all met for <TaskInstance: defence_dag2.defence1 manual__2023-03-28T10:48:13.860205+00:00 [queued]>
[2023-03-28 10:48:21,924] {taskinstance.py:1159} INFO - Dependencies all met for <TaskInstance: defence_dag2.defence1 manual__2023-03-28T10:48:13.860205+00:00 [queued]>
[2023-03-28 10:48:21,925] {taskinstance.py:1356} INFO - 
--------------------------------------------------------------------------------
[2023-03-28 10:48:21,925] {taskinstance.py:1357} INFO - Starting attempt 1 of 1
[2023-03-28 10:48:21,926] {taskinstance.py:1358} INFO - 
--------------------------------------------------------------------------------
[2023-03-28 10:48:21,939] {taskinstance.py:1377} INFO - Executing <Task(PythonOperator): defence1> on 2023-03-28 10:48:13.860205+00:00
[2023-03-28 10:48:21,947] {standard_task_runner.py:52} INFO - Started process 131 to run task
[2023-03-28 10:48:21,950] {standard_task_runner.py:79} INFO - Running: ['***', 'tasks', 'run', 'defence_dag2', 'defence1', 'manual__2023-03-28T10:48:13.860205+00:00', '--job-id', '4442', '--raw', '--subdir', 'DAGS_FOLDER/defese.py', '--cfg-path', '/tmp/tmpqg_s2h3c', '--error-file', '/tmp/tmpr5xq91p_']
[2023-03-28 10:48:21,952] {standard_task_runner.py:80} INFO - Job 4442: Subtask defence1
[2023-03-28 10:48:22,010] {task_command.py:369} INFO - Running <TaskInstance: defence_dag2.defence1 manual__2023-03-28T10:48:13.860205+00:00 [running]> on host a826a5b95b6c
[2023-03-28 10:48:22,080] {taskinstance.py:1571} INFO - Exporting the following env vars:
AIRFLOW_CTX_DAG_OWNER=***
AIRFLOW_CTX_DAG_ID=defence_dag2
AIRFLOW_CTX_TASK_ID=defence1
AIRFLOW_CTX_EXECUTION_DATE=2023-03-28T10:48:13.860205+00:00
AIRFLOW_CTX_TRY_NUMBER=1
AIRFLOW_CTX_DAG_RUN_ID=manual__2023-03-28T10:48:13.860205+00:00
[2023-03-28 10:48:22,095] {logging_mixin.py:115} INFO - defensing
[2023-03-28 10:48:22,096] {python.py:173} INFO - Done. Returned value was: None
[2023-03-28 10:48:22,108] {taskinstance.py:1400} INFO - Marking task as SUCCESS. dag_id=defence_dag2, task_id=defence1, execution_date=20230328T104813, start_date=20230328T104821, end_date=20230328T104822
[2023-03-28 10:48:22,165] {local_task_job.py:156} INFO - Task exited with return code 0
[2023-03-28 10:48:22,219] {local_task_job.py:273} INFO - 1 downstream tasks scheduled from follow-on schedule check
