[2023-04-30 07:59:59,737] {taskinstance.py:1159} INFO - Dependencies all met for <TaskInstance: multi_attack_dag.attack_CarliniL2Method scheduled__2023-04-27T00:00:00+00:00 [queued]>
[2023-04-30 07:59:59,789] {taskinstance.py:1159} INFO - Dependencies all met for <TaskInstance: multi_attack_dag.attack_CarliniL2Method scheduled__2023-04-27T00:00:00+00:00 [queued]>
[2023-04-30 07:59:59,795] {taskinstance.py:1356} INFO - 
--------------------------------------------------------------------------------
[2023-04-30 07:59:59,798] {taskinstance.py:1357} INFO - Starting attempt 1 of 2
[2023-04-30 07:59:59,799] {taskinstance.py:1358} INFO - 
--------------------------------------------------------------------------------
[2023-04-30 07:59:59,876] {taskinstance.py:1377} INFO - Executing <Task(PythonOperator): attack_CarliniL2Method> on 2023-04-27 00:00:00+00:00
[2023-04-30 07:59:59,958] {standard_task_runner.py:52} INFO - Started process 316 to run task
[2023-04-30 07:59:59,981] {standard_task_runner.py:79} INFO - Running: ['***', 'tasks', 'run', 'multi_attack_dag', 'attack_CarliniL2Method', 'scheduled__2023-04-27T00:00:00+00:00', '--job-id', '7057', '--raw', '--subdir', 'DAGS_FOLDER/attack_dag.py', '--cfg-path', '/tmp/tmpp11_j88c', '--error-file', '/tmp/tmpvan19imw']
[2023-04-30 08:00:00,021] {standard_task_runner.py:80} INFO - Job 7057: Subtask attack_CarliniL2Method
[2023-04-30 08:00:00,297] {task_command.py:369} INFO - Running <TaskInstance: multi_attack_dag.attack_CarliniL2Method scheduled__2023-04-27T00:00:00+00:00 [running]> on host e7e31d5a6603
[2023-04-30 08:00:00,573] {taskinstance.py:1571} INFO - Exporting the following env vars:
AIRFLOW_CTX_DAG_OWNER=***
AIRFLOW_CTX_DAG_ID=multi_attack_dag
AIRFLOW_CTX_TASK_ID=attack_CarliniL2Method
AIRFLOW_CTX_EXECUTION_DATE=2023-04-27T00:00:00+00:00
AIRFLOW_CTX_TRY_NUMBER=1
AIRFLOW_CTX_DAG_RUN_ID=scheduled__2023-04-27T00:00:00+00:00
[2023-04-30 08:00:00,585] {transport.py:157} INFO - Attempting refresh to obtain initial access_token
[2023-04-30 08:00:00,606] {client.py:777} INFO - Refreshing access_token
[2023-04-30 08:00:01,395] {taskinstance.py:1889} ERROR - Task failed with exception
Traceback (most recent call last):
  File "/home/airflow/.local/lib/python3.7/site-packages/airflow/operators/python.py", line 171, in execute
    return_value = self.execute_callable()
  File "/home/airflow/.local/lib/python3.7/site-packages/airflow/operators/python.py", line 189, in execute_callable
    return self.python_callable(*self.op_args, **self.op_kwargs)
  File "/opt/airflow/dags/attack.py", line 96, in attack_CarliniL2Method
    model_acc, adversarial_examples  = attack(CarliniL2Method)
  File "/opt/airflow/dags/attack.py", line 30, in attack
    x_train, y_train = next(data)
StopIteration
[2023-04-30 08:00:01,427] {taskinstance.py:1400} INFO - Marking task as UP_FOR_RETRY. dag_id=multi_attack_dag, task_id=attack_CarliniL2Method, execution_date=20230427T000000, start_date=20230430T075959, end_date=20230430T080001
[2023-04-30 08:00:01,550] {standard_task_runner.py:97} ERROR - Failed to execute job 7057 for task attack_CarliniL2Method (; 316)
[2023-04-30 08:00:01,615] {local_task_job.py:156} INFO - Task exited with return code 1
[2023-04-30 08:00:01,810] {local_task_job.py:273} INFO - 0 downstream tasks scheduled from follow-on schedule check
