[2023-04-30 08:05:17,944] {taskinstance.py:1159} INFO - Dependencies all met for <TaskInstance: multi_attack_dag.attack_CarliniL2Method scheduled__2023-04-27T00:00:00+00:00 [queued]>
[2023-04-30 08:05:18,046] {taskinstance.py:1159} INFO - Dependencies all met for <TaskInstance: multi_attack_dag.attack_CarliniL2Method scheduled__2023-04-27T00:00:00+00:00 [queued]>
[2023-04-30 08:05:18,058] {taskinstance.py:1356} INFO - 
--------------------------------------------------------------------------------
[2023-04-30 08:05:18,059] {taskinstance.py:1357} INFO - Starting attempt 2 of 2
[2023-04-30 08:05:18,060] {taskinstance.py:1358} INFO - 
--------------------------------------------------------------------------------
[2023-04-30 08:05:18,162] {taskinstance.py:1377} INFO - Executing <Task(PythonOperator): attack_CarliniL2Method> on 2023-04-27 00:00:00+00:00
[2023-04-30 08:05:18,208] {standard_task_runner.py:52} INFO - Started process 650 to run task
[2023-04-30 08:05:18,196] {standard_task_runner.py:79} INFO - Running: ['***', 'tasks', 'run', 'multi_attack_dag', 'attack_CarliniL2Method', 'scheduled__2023-04-27T00:00:00+00:00', '--job-id', '7099', '--raw', '--subdir', 'DAGS_FOLDER/attack_dag.py', '--cfg-path', '/tmp/tmpni39abkd', '--error-file', '/tmp/tmp8hoeg5wb']
[2023-04-30 08:05:18,238] {standard_task_runner.py:80} INFO - Job 7099: Subtask attack_CarliniL2Method
[2023-04-30 08:05:18,519] {task_command.py:369} INFO - Running <TaskInstance: multi_attack_dag.attack_CarliniL2Method scheduled__2023-04-27T00:00:00+00:00 [running]> on host e7e31d5a6603
[2023-04-30 08:05:18,880] {taskinstance.py:1571} INFO - Exporting the following env vars:
AIRFLOW_CTX_DAG_OWNER=***
AIRFLOW_CTX_DAG_ID=multi_attack_dag
AIRFLOW_CTX_TASK_ID=attack_CarliniL2Method
AIRFLOW_CTX_EXECUTION_DATE=2023-04-27T00:00:00+00:00
AIRFLOW_CTX_TRY_NUMBER=2
AIRFLOW_CTX_DAG_RUN_ID=scheduled__2023-04-27T00:00:00+00:00
[2023-04-30 08:05:18,921] {transport.py:157} INFO - Attempting refresh to obtain initial access_token
[2023-04-30 08:05:18,938] {client.py:777} INFO - Refreshing access_token
[2023-04-30 08:05:19,860] {taskinstance.py:1889} ERROR - Task failed with exception
Traceback (most recent call last):
  File "/home/airflow/.local/lib/python3.7/site-packages/airflow/operators/python.py", line 171, in execute
    return_value = self.execute_callable()
  File "/home/airflow/.local/lib/python3.7/site-packages/airflow/operators/python.py", line 189, in execute_callable
    return self.python_callable(*self.op_args, **self.op_kwargs)
  File "/opt/airflow/dags/attack.py", line 96, in attack_CarliniL2Method
    model_acc, adversarial_examples  = attack(CarliniL2Method)
  File "/opt/airflow/dags/attack.py", line 30, in attack
    x_train, y_train = next(data)
StopIteration
[2023-04-30 08:05:19,939] {taskinstance.py:1400} INFO - Marking task as FAILED. dag_id=multi_attack_dag, task_id=attack_CarliniL2Method, execution_date=20230427T000000, start_date=20230430T080517, end_date=20230430T080519
[2023-04-30 08:05:20,046] {standard_task_runner.py:97} ERROR - Failed to execute job 7099 for task attack_CarliniL2Method (; 650)
[2023-04-30 08:05:20,124] {local_task_job.py:156} INFO - Task exited with return code 1
[2023-04-30 08:05:20,266] {local_task_job.py:273} INFO - 0 downstream tasks scheduled from follow-on schedule check
