[2023-03-23 15:16:06,324] {taskinstance.py:1159} INFO - Dependencies all met for <TaskInstance: multi_attack_dag.metadata manual__2023-03-23T15:15:56.598685+00:00 [queued]>
[2023-03-23 15:16:06,369] {taskinstance.py:1159} INFO - Dependencies all met for <TaskInstance: multi_attack_dag.metadata manual__2023-03-23T15:15:56.598685+00:00 [queued]>
[2023-03-23 15:16:06,371] {taskinstance.py:1356} INFO - 
--------------------------------------------------------------------------------
[2023-03-23 15:16:06,373] {taskinstance.py:1357} INFO - Starting attempt 1 of 2
[2023-03-23 15:16:06,374] {taskinstance.py:1358} INFO - 
--------------------------------------------------------------------------------
[2023-03-23 15:16:06,469] {taskinstance.py:1377} INFO - Executing <Task(PythonOperator): metadata> on 2023-03-23 15:15:56.598685+00:00
[2023-03-23 15:16:06,488] {standard_task_runner.py:52} INFO - Started process 11818 to run task
[2023-03-23 15:16:06,507] {standard_task_runner.py:79} INFO - Running: ['***', 'tasks', 'run', 'multi_attack_dag', 'metadata', 'manual__2023-03-23T15:15:56.598685+00:00', '--job-id', '2931', '--raw', '--subdir', 'DAGS_FOLDER/attack_dag.py', '--cfg-path', '/tmp/tmpfkku2bub', '--error-file', '/tmp/tmp40da1uz_']
[2023-03-23 15:16:06,514] {standard_task_runner.py:80} INFO - Job 2931: Subtask metadata
[2023-03-23 15:16:06,852] {task_command.py:369} INFO - Running <TaskInstance: multi_attack_dag.metadata manual__2023-03-23T15:15:56.598685+00:00 [running]> on host 6447f1dacd32
[2023-03-23 15:16:07,314] {taskinstance.py:1571} INFO - Exporting the following env vars:
AIRFLOW_CTX_DAG_OWNER=***
AIRFLOW_CTX_DAG_ID=multi_attack_dag
AIRFLOW_CTX_TASK_ID=metadata
AIRFLOW_CTX_EXECUTION_DATE=2023-03-23T15:15:56.598685+00:00
AIRFLOW_CTX_TRY_NUMBER=1
AIRFLOW_CTX_DAG_RUN_ID=manual__2023-03-23T15:15:56.598685+00:00
[2023-03-23 15:16:07,363] {transport.py:157} INFO - Attempting refresh to obtain initial access_token
[2023-03-23 15:16:07,386] {client.py:777} INFO - Refreshing access_token
[2023-03-23 15:16:08,550] {python.py:173} INFO - Done. Returned value was: None
[2023-03-23 15:16:08,639] {taskinstance.py:1400} INFO - Marking task as SUCCESS. dag_id=multi_attack_dag, task_id=metadata, execution_date=20230323T151556, start_date=20230323T151606, end_date=20230323T151608
[2023-03-23 15:16:08,766] {local_task_job.py:156} INFO - Task exited with return code 0
[2023-03-23 15:16:09,074] {local_task_job.py:273} INFO - 0 downstream tasks scheduled from follow-on schedule check
