[2023-04-23 07:53:28,992] {taskinstance.py:1159} INFO - Dependencies all met for <TaskInstance: multi_defence_dag.choose_defence manual__2023-04-23T07:53:23.573684+00:00 [queued]>
[2023-04-23 07:53:29,011] {taskinstance.py:1159} INFO - Dependencies all met for <TaskInstance: multi_defence_dag.choose_defence manual__2023-04-23T07:53:23.573684+00:00 [queued]>
[2023-04-23 07:53:29,012] {taskinstance.py:1356} INFO - 
--------------------------------------------------------------------------------
[2023-04-23 07:53:29,013] {taskinstance.py:1357} INFO - Starting attempt 1 of 2
[2023-04-23 07:53:29,013] {taskinstance.py:1358} INFO - 
--------------------------------------------------------------------------------
[2023-04-23 07:53:29,044] {taskinstance.py:1377} INFO - Executing <Task(PythonOperator): choose_defence> on 2023-04-23 07:53:23.573684+00:00
[2023-04-23 07:53:29,067] {standard_task_runner.py:52} INFO - Started process 332 to run task
[2023-04-23 07:53:29,074] {standard_task_runner.py:79} INFO - Running: ['***', 'tasks', 'run', 'multi_defence_dag', 'choose_defence', 'manual__2023-04-23T07:53:23.573684+00:00', '--job-id', '5872', '--raw', '--subdir', 'DAGS_FOLDER/defence_dag.py', '--cfg-path', '/tmp/tmp0hupdjdh', '--error-file', '/tmp/tmpx0cvbill']
[2023-04-23 07:53:29,077] {standard_task_runner.py:80} INFO - Job 5872: Subtask choose_defence
[2023-04-23 07:53:29,189] {task_command.py:369} INFO - Running <TaskInstance: multi_defence_dag.choose_defence manual__2023-04-23T07:53:23.573684+00:00 [running]> on host a3dd7d962104
[2023-04-23 07:53:29,366] {taskinstance.py:1571} INFO - Exporting the following env vars:
AIRFLOW_CTX_DAG_OWNER=***
AIRFLOW_CTX_DAG_ID=multi_defence_dag
AIRFLOW_CTX_TASK_ID=choose_defence
AIRFLOW_CTX_EXECUTION_DATE=2023-04-23T07:53:23.573684+00:00
AIRFLOW_CTX_TRY_NUMBER=1
AIRFLOW_CTX_DAG_RUN_ID=manual__2023-04-23T07:53:23.573684+00:00
[2023-04-23 07:53:29,439] {python.py:173} INFO - Done. Returned value was: None
[2023-04-23 07:53:29,467] {taskinstance.py:1400} INFO - Marking task as SUCCESS. dag_id=multi_defence_dag, task_id=choose_defence, execution_date=20230423T075323, start_date=20230423T075328, end_date=20230423T075329
[2023-04-23 07:53:29,528] {local_task_job.py:156} INFO - Task exited with return code 0
[2023-04-23 07:53:29,648] {local_task_job.py:273} INFO - 3 downstream tasks scheduled from follow-on schedule check
