[2023-03-16 11:57:20,639] {taskinstance.py:1159} INFO - Dependencies all met for <TaskInstance: defence_dag.to_attack manual__2023-03-12T15:19:50.083730+00:00 [queued]>
[2023-03-16 11:57:20,665] {taskinstance.py:1159} INFO - Dependencies all met for <TaskInstance: defence_dag.to_attack manual__2023-03-12T15:19:50.083730+00:00 [queued]>
[2023-03-16 11:57:20,666] {taskinstance.py:1356} INFO - 
--------------------------------------------------------------------------------
[2023-03-16 11:57:20,667] {taskinstance.py:1357} INFO - Starting attempt 1 of 1
[2023-03-16 11:57:20,667] {taskinstance.py:1358} INFO - 
--------------------------------------------------------------------------------
[2023-03-16 11:57:21,122] {taskinstance.py:1377} INFO - Executing <Task(BranchPythonOperator): to_attack> on 2023-03-12 15:19:50.083730+00:00
[2023-03-16 11:57:21,164] {standard_task_runner.py:52} INFO - Started process 933 to run task
[2023-03-16 11:57:21,179] {standard_task_runner.py:79} INFO - Running: ['***', 'tasks', 'run', 'defence_dag', 'to_attack', 'manual__2023-03-12T15:19:50.083730+00:00', '--job-id', '1068', '--raw', '--subdir', 'DAGS_FOLDER/defese.py', '--cfg-path', '/tmp/tmp0xhar2kq', '--error-file', '/tmp/tmp273kpeek']
[2023-03-16 11:57:21,215] {standard_task_runner.py:80} INFO - Job 1068: Subtask to_attack
[2023-03-16 11:57:21,955] {task_command.py:369} INFO - Running <TaskInstance: defence_dag.to_attack manual__2023-03-12T15:19:50.083730+00:00 [running]> on host 596adcca7378
[2023-03-16 11:57:22,427] {taskinstance.py:1571} INFO - Exporting the following env vars:
AIRFLOW_CTX_DAG_OWNER=***
AIRFLOW_CTX_DAG_ID=defence_dag
AIRFLOW_CTX_TASK_ID=to_attack
AIRFLOW_CTX_EXECUTION_DATE=2023-03-12T15:19:50.083730+00:00
AIRFLOW_CTX_TRY_NUMBER=1
AIRFLOW_CTX_DAG_RUN_ID=manual__2023-03-12T15:19:50.083730+00:00
[2023-03-16 11:57:22,442] {python.py:173} INFO - Done. Returned value was: trigger_offence
[2023-03-16 11:57:22,445] {skipmixin.py:140} INFO - Following branch trigger_offence
[2023-03-16 11:57:22,446] {skipmixin.py:175} INFO - Skipping tasks ['stop']
[2023-03-16 11:57:22,875] {taskinstance.py:1400} INFO - Marking task as SUCCESS. dag_id=defence_dag, task_id=to_attack, execution_date=20230312T151950, start_date=20230316T115720, end_date=20230316T115722
[2023-03-16 11:57:23,036] {local_task_job.py:156} INFO - Task exited with return code 0
[2023-03-16 11:57:23,176] {local_task_job.py:273} INFO - 1 downstream tasks scheduled from follow-on schedule check
