[2023-04-23 09:37:09,404] {taskinstance.py:1159} INFO - Dependencies all met for <TaskInstance: multi_attack_dag.attack_ProjectedGradientDescent manual__2023-04-23T09:36:52.759458+00:00 [queued]>
[2023-04-23 09:37:09,435] {taskinstance.py:1159} INFO - Dependencies all met for <TaskInstance: multi_attack_dag.attack_ProjectedGradientDescent manual__2023-04-23T09:36:52.759458+00:00 [queued]>
[2023-04-23 09:37:09,436] {taskinstance.py:1356} INFO - 
--------------------------------------------------------------------------------
[2023-04-23 09:37:09,441] {taskinstance.py:1357} INFO - Starting attempt 1 of 2
[2023-04-23 09:37:09,442] {taskinstance.py:1358} INFO - 
--------------------------------------------------------------------------------
[2023-04-23 09:37:09,479] {taskinstance.py:1377} INFO - Executing <Task(PythonOperator): attack_ProjectedGradientDescent> on 2023-04-23 09:36:52.759458+00:00
[2023-04-23 09:37:09,489] {standard_task_runner.py:52} INFO - Started process 1360 to run task
[2023-04-23 09:37:09,498] {standard_task_runner.py:79} INFO - Running: ['***', 'tasks', 'run', 'multi_attack_dag', 'attack_ProjectedGradientDescent', 'manual__2023-04-23T09:36:52.759458+00:00', '--job-id', '6134', '--raw', '--subdir', 'DAGS_FOLDER/attack_dag.py', '--cfg-path', '/tmp/tmpohafgns5', '--error-file', '/tmp/tmpmzof2aav']
[2023-04-23 09:37:09,499] {standard_task_runner.py:80} INFO - Job 6134: Subtask attack_ProjectedGradientDescent
[2023-04-23 09:37:09,585] {task_command.py:369} INFO - Running <TaskInstance: multi_attack_dag.attack_ProjectedGradientDescent manual__2023-04-23T09:36:52.759458+00:00 [running]> on host a3dd7d962104
[2023-04-23 09:37:09,687] {taskinstance.py:1571} INFO - Exporting the following env vars:
AIRFLOW_CTX_DAG_OWNER=***
AIRFLOW_CTX_DAG_ID=multi_attack_dag
AIRFLOW_CTX_TASK_ID=attack_ProjectedGradientDescent
AIRFLOW_CTX_EXECUTION_DATE=2023-04-23T09:36:52.759458+00:00
AIRFLOW_CTX_TRY_NUMBER=1
AIRFLOW_CTX_DAG_RUN_ID=manual__2023-04-23T09:36:52.759458+00:00
[2023-04-23 09:37:09,691] {transport.py:157} INFO - Attempting refresh to obtain initial access_token
[2023-04-23 09:37:09,696] {client.py:777} INFO - Refreshing access_token
[2023-04-23 09:37:10,367] {transport.py:157} INFO - Attempting refresh to obtain initial access_token
[2023-04-23 09:37:10,368] {client.py:777} INFO - Refreshing access_token
[2023-04-23 09:37:15,602] {pytorch.py:1198} INFO - Inferred 5 hidden layers on PyTorch classifier.
[2023-04-23 09:37:18,613] {projected_gradient_descent.py:199} INFO - Creating adversarial samples.
[2023-04-23 09:37:18,640] {logging_mixin.py:115} WARNING - PGD - Batches:   0%|          | 0/7 [00:00<?, ?it/s]
[2023-04-23 09:37:19,428] {logging_mixin.py:115} WARNING - PGD - Batches:  14%|#4        | 1/7 [00:00<00:04,  1.27it/s]
[2023-04-23 09:37:20,199] {logging_mixin.py:115} WARNING - PGD - Batches:  29%|##8       | 2/7 [00:01<00:03,  1.29it/s]
[2023-04-23 09:37:21,429] {logging_mixin.py:115} WARNING - PGD - Batches:  43%|####2     | 3/7 [00:02<00:03,  1.02it/s]
[2023-04-23 09:37:22,015] {logging_mixin.py:115} WARNING - PGD - Batches:  57%|#####7    | 4/7 [00:03<00:02,  1.21it/s]
[2023-04-23 09:37:22,631] {logging_mixin.py:115} WARNING - PGD - Batches:  71%|#######1  | 5/7 [00:03<00:01,  1.33it/s]
[2023-04-23 09:37:22,913] {logging_mixin.py:115} WARNING - PGD - Batches:  86%|########5 | 6/7 [00:04<00:00,  1.69it/s]
[2023-04-23 09:37:23,647] {logging_mixin.py:115} WARNING - PGD - Batches: 100%|##########| 7/7 [00:05<00:00,  1.57it/s]
[2023-04-23 09:37:23,655] {logging_mixin.py:115} WARNING -                                                             
[2023-04-23 09:37:23,660] {projected_gradient_descent_pytorch.py:239} INFO - Success rate of attack: 0.51%
[2023-04-23 09:37:23,668] {transport.py:157} INFO - Attempting refresh to obtain initial access_token
[2023-04-23 09:37:23,671] {client.py:777} INFO - Refreshing access_token
[2023-04-23 09:37:24,464] {python.py:173} INFO - Done. Returned value was: None
[2023-04-23 09:37:24,488] {taskinstance.py:1400} INFO - Marking task as SUCCESS. dag_id=multi_attack_dag, task_id=attack_ProjectedGradientDescent, execution_date=20230423T093652, start_date=20230423T093709, end_date=20230423T093724
[2023-04-23 09:37:24,521] {local_task_job.py:156} INFO - Task exited with return code 0
[2023-04-23 09:37:24,587] {local_task_job.py:273} INFO - 0 downstream tasks scheduled from follow-on schedule check
