[2023-03-12 08:56:35,809] {taskinstance.py:1159} INFO - Dependencies all met for <TaskInstance: cycle.attack_FG scheduled__2023-01-17T00:00:00+00:00 [queued]>
[2023-03-12 08:56:35,837] {taskinstance.py:1159} INFO - Dependencies all met for <TaskInstance: cycle.attack_FG scheduled__2023-01-17T00:00:00+00:00 [queued]>
[2023-03-12 08:56:35,838] {taskinstance.py:1356} INFO - 
--------------------------------------------------------------------------------
[2023-03-12 08:56:35,839] {taskinstance.py:1357} INFO - Starting attempt 1 of 3
[2023-03-12 08:56:35,840] {taskinstance.py:1358} INFO - 
--------------------------------------------------------------------------------
[2023-03-12 08:56:35,880] {taskinstance.py:1377} INFO - Executing <Task(_PythonDecoratedOperator): attack_FG> on 2023-01-17 00:00:00+00:00
[2023-03-12 08:56:35,889] {standard_task_runner.py:52} INFO - Started process 235 to run task
[2023-03-12 08:56:35,897] {standard_task_runner.py:79} INFO - Running: ['***', 'tasks', 'run', 'cycle', 'attack_FG', 'scheduled__2023-01-17T00:00:00+00:00', '--job-id', '197', '--raw', '--subdir', 'DAGS_FOLDER/cycle_dag.py', '--cfg-path', '/tmp/tmpa49nprmy', '--error-file', '/tmp/tmp8n3gx8a5']
[2023-03-12 08:56:35,899] {standard_task_runner.py:80} INFO - Job 197: Subtask attack_FG
[2023-03-12 08:56:36,040] {task_command.py:369} INFO - Running <TaskInstance: cycle.attack_FG scheduled__2023-01-17T00:00:00+00:00 [running]> on host 596adcca7378
[2023-03-12 08:56:36,235] {taskinstance.py:1571} INFO - Exporting the following env vars:
AIRFLOW_CTX_DAG_OWNER=***
AIRFLOW_CTX_DAG_ID=cycle
AIRFLOW_CTX_TASK_ID=attack_FG
AIRFLOW_CTX_EXECUTION_DATE=2023-01-17T00:00:00+00:00
AIRFLOW_CTX_TRY_NUMBER=1
AIRFLOW_CTX_DAG_RUN_ID=scheduled__2023-01-17T00:00:00+00:00
[2023-03-12 08:56:36,238] {python.py:173} INFO - Done. Returned value was: None
[2023-03-12 08:56:36,272] {taskinstance.py:1400} INFO - Marking task as SUCCESS. dag_id=cycle, task_id=attack_FG, execution_date=20230117T000000, start_date=20230312T085635, end_date=20230312T085636
[2023-03-12 08:56:36,314] {local_task_job.py:156} INFO - Task exited with return code 0
[2023-03-12 08:56:36,547] {local_task_job.py:273} INFO - 1 downstream tasks scheduled from follow-on schedule check
