[2023-04-30 09:51:51,935] {taskinstance.py:1159} INFO - Dependencies all met for <TaskInstance: multi_attack_dag.attack_UniversalPerturbation manual__2023-04-30T09:46:13.115621+00:00 [queued]>
[2023-04-30 09:51:51,966] {taskinstance.py:1159} INFO - Dependencies all met for <TaskInstance: multi_attack_dag.attack_UniversalPerturbation manual__2023-04-30T09:46:13.115621+00:00 [queued]>
[2023-04-30 09:51:51,971] {taskinstance.py:1356} INFO - 
--------------------------------------------------------------------------------
[2023-04-30 09:51:51,973] {taskinstance.py:1357} INFO - Starting attempt 2 of 2
[2023-04-30 09:51:51,974] {taskinstance.py:1358} INFO - 
--------------------------------------------------------------------------------
[2023-04-30 09:51:52,029] {taskinstance.py:1377} INFO - Executing <Task(PythonOperator): attack_UniversalPerturbation> on 2023-04-30 09:46:13.115621+00:00
[2023-04-30 09:51:52,046] {standard_task_runner.py:52} INFO - Started process 403 to run task
[2023-04-30 09:51:52,057] {standard_task_runner.py:79} INFO - Running: ['***', 'tasks', 'run', 'multi_attack_dag', 'attack_UniversalPerturbation', 'manual__2023-04-30T09:46:13.115621+00:00', '--job-id', '7401', '--raw', '--subdir', 'DAGS_FOLDER/attack_dag.py', '--cfg-path', '/tmp/tmp5vj3540q', '--error-file', '/tmp/tmpm0h9d04p']
[2023-04-30 09:51:52,059] {standard_task_runner.py:80} INFO - Job 7401: Subtask attack_UniversalPerturbation
[2023-04-30 09:51:52,247] {task_command.py:369} INFO - Running <TaskInstance: multi_attack_dag.attack_UniversalPerturbation manual__2023-04-30T09:46:13.115621+00:00 [running]> on host 873e5d3a4399
[2023-04-30 09:51:52,546] {taskinstance.py:1571} INFO - Exporting the following env vars:
AIRFLOW_CTX_DAG_OWNER=***
AIRFLOW_CTX_DAG_ID=multi_attack_dag
AIRFLOW_CTX_TASK_ID=attack_UniversalPerturbation
AIRFLOW_CTX_EXECUTION_DATE=2023-04-30T09:46:13.115621+00:00
AIRFLOW_CTX_TRY_NUMBER=2
AIRFLOW_CTX_DAG_RUN_ID=manual__2023-04-30T09:46:13.115621+00:00
[2023-04-30 09:51:52,555] {transport.py:157} INFO - Attempting refresh to obtain initial access_token
[2023-04-30 09:51:52,578] {client.py:777} INFO - Refreshing access_token
[2023-04-30 09:51:54,108] {estimator_helpers.py:53} INFO - Getting estimator...
[2023-04-30 09:51:54,110] {transport.py:157} INFO - Attempting refresh to obtain initial access_token
[2023-04-30 09:51:54,114] {client.py:777} INFO - Refreshing access_token
[2023-04-30 09:51:54,891] {taskinstance.py:1889} ERROR - Task failed with exception
Traceback (most recent call last):
  File "/home/airflow/.local/lib/python3.7/site-packages/airflow/operators/python.py", line 171, in execute
    return_value = self.execute_callable()
  File "/home/airflow/.local/lib/python3.7/site-packages/airflow/operators/python.py", line 189, in execute_callable
    return self.python_callable(*self.op_args, **self.op_kwargs)
  File "/opt/airflow/dags/attack.py", line 63, in attack_UniversalPerturbation
    model_acc, adversarial_examples  = attack(UniversalPerturbation)
  File "/opt/airflow/dags/attack.py", line 33, in attack
    estimator = get_estimator()
  File "/opt/airflow/dags/estimator_helpers.py", line 56, in get_estimator
    model = load_from_bucket("ML_model.pickle")
  File "/opt/airflow/dags/helpers.py", line 123, in load_from_bucket
    raise err
  File "/opt/airflow/dags/helpers.py", line 120, in load_from_bucket
    loaded_obj = cloudpickle.load(f)
TypeError: code() takes at most 15 arguments (16 given)
[2023-04-30 09:51:54,927] {taskinstance.py:1400} INFO - Marking task as FAILED. dag_id=multi_attack_dag, task_id=attack_UniversalPerturbation, execution_date=20230430T094613, start_date=20230430T095151, end_date=20230430T095154
[2023-04-30 09:51:54,989] {standard_task_runner.py:97} ERROR - Failed to execute job 7401 for task attack_UniversalPerturbation (code() takes at most 15 arguments (16 given); 403)
[2023-04-30 09:51:55,037] {local_task_job.py:156} INFO - Task exited with return code 1
[2023-04-30 09:51:55,106] {local_task_job.py:273} INFO - 0 downstream tasks scheduled from follow-on schedule check
