[2023-04-27 13:28:25,285] {taskinstance.py:1159} INFO - Dependencies all met for <TaskInstance: multi_defence_dag.choose_defence manual__2023-04-27T13:28:19.841662+00:00 [queued]>
[2023-04-27 13:28:25,305] {taskinstance.py:1159} INFO - Dependencies all met for <TaskInstance: multi_defence_dag.choose_defence manual__2023-04-27T13:28:19.841662+00:00 [queued]>
[2023-04-27 13:28:25,306] {taskinstance.py:1356} INFO - 
--------------------------------------------------------------------------------
[2023-04-27 13:28:25,307] {taskinstance.py:1357} INFO - Starting attempt 1 of 2
[2023-04-27 13:28:25,308] {taskinstance.py:1358} INFO - 
--------------------------------------------------------------------------------
[2023-04-27 13:28:25,339] {taskinstance.py:1377} INFO - Executing <Task(PythonOperator): choose_defence> on 2023-04-27 13:28:19.841662+00:00
[2023-04-27 13:28:25,353] {standard_task_runner.py:52} INFO - Started process 224 to run task
[2023-04-27 13:28:25,359] {standard_task_runner.py:79} INFO - Running: ['***', 'tasks', 'run', 'multi_defence_dag', 'choose_defence', 'manual__2023-04-27T13:28:19.841662+00:00', '--job-id', '6915', '--raw', '--subdir', 'DAGS_FOLDER/defence_dag.py', '--cfg-path', '/tmp/tmpfp4b6y5x', '--error-file', '/tmp/tmp_3p99ljq']
[2023-04-27 13:28:25,361] {standard_task_runner.py:80} INFO - Job 6915: Subtask choose_defence
[2023-04-27 13:28:25,470] {task_command.py:369} INFO - Running <TaskInstance: multi_defence_dag.choose_defence manual__2023-04-27T13:28:19.841662+00:00 [running]> on host e7e31d5a6603
[2023-04-27 13:28:25,648] {taskinstance.py:1571} INFO - Exporting the following env vars:
AIRFLOW_CTX_DAG_OWNER=***
AIRFLOW_CTX_DAG_ID=multi_defence_dag
AIRFLOW_CTX_TASK_ID=choose_defence
AIRFLOW_CTX_EXECUTION_DATE=2023-04-27T13:28:19.841662+00:00
AIRFLOW_CTX_TRY_NUMBER=1
AIRFLOW_CTX_DAG_RUN_ID=manual__2023-04-27T13:28:19.841662+00:00
[2023-04-27 13:28:25,729] {python.py:173} INFO - Done. Returned value was: None
[2023-04-27 13:28:25,759] {taskinstance.py:1400} INFO - Marking task as SUCCESS. dag_id=multi_defence_dag, task_id=choose_defence, execution_date=20230427T132819, start_date=20230427T132825, end_date=20230427T132825
[2023-04-27 13:28:25,813] {local_task_job.py:156} INFO - Task exited with return code 0
[2023-04-27 13:28:25,936] {local_task_job.py:273} INFO - 3 downstream tasks scheduled from follow-on schedule check
