[2023-03-23 09:49:16,604] {taskinstance.py:1159} INFO - Dependencies all met for <TaskInstance: defence_dag2.defence1 manual__2023-03-23T09:49:11.315307+00:00 [queued]>
[2023-03-23 09:49:16,613] {taskinstance.py:1159} INFO - Dependencies all met for <TaskInstance: defence_dag2.defence1 manual__2023-03-23T09:49:11.315307+00:00 [queued]>
[2023-03-23 09:49:16,614] {taskinstance.py:1356} INFO - 
--------------------------------------------------------------------------------
[2023-03-23 09:49:16,614] {taskinstance.py:1357} INFO - Starting attempt 1 of 1
[2023-03-23 09:49:16,615] {taskinstance.py:1358} INFO - 
--------------------------------------------------------------------------------
[2023-03-23 09:49:16,628] {taskinstance.py:1377} INFO - Executing <Task(PythonOperator): defence1> on 2023-03-23 09:49:11.315307+00:00
[2023-03-23 09:49:16,632] {standard_task_runner.py:52} INFO - Started process 253 to run task
[2023-03-23 09:49:16,635] {standard_task_runner.py:79} INFO - Running: ['***', 'tasks', 'run', 'defence_dag2', 'defence1', 'manual__2023-03-23T09:49:11.315307+00:00', '--job-id', '2337', '--raw', '--subdir', 'DAGS_FOLDER/defese.py', '--cfg-path', '/tmp/tmpu7qu9qv2', '--error-file', '/tmp/tmphp68v779']
[2023-03-23 09:49:16,636] {standard_task_runner.py:80} INFO - Job 2337: Subtask defence1
[2023-03-23 09:49:16,686] {task_command.py:369} INFO - Running <TaskInstance: defence_dag2.defence1 manual__2023-03-23T09:49:11.315307+00:00 [running]> on host 6447f1dacd32
[2023-03-23 09:49:16,758] {taskinstance.py:1571} INFO - Exporting the following env vars:
AIRFLOW_CTX_DAG_OWNER=***
AIRFLOW_CTX_DAG_ID=defence_dag2
AIRFLOW_CTX_TASK_ID=defence1
AIRFLOW_CTX_EXECUTION_DATE=2023-03-23T09:49:11.315307+00:00
AIRFLOW_CTX_TRY_NUMBER=1
AIRFLOW_CTX_DAG_RUN_ID=manual__2023-03-23T09:49:11.315307+00:00
[2023-03-23 09:49:16,760] {logging_mixin.py:115} INFO - defensing
[2023-03-23 09:49:16,760] {python.py:173} INFO - Done. Returned value was: None
[2023-03-23 09:49:16,772] {taskinstance.py:1400} INFO - Marking task as SUCCESS. dag_id=defence_dag2, task_id=defence1, execution_date=20230323T094911, start_date=20230323T094916, end_date=20230323T094916
[2023-03-23 09:49:16,809] {local_task_job.py:156} INFO - Task exited with return code 0
[2023-03-23 09:49:16,852] {local_task_job.py:273} INFO - 1 downstream tasks scheduled from follow-on schedule check
