[2023-03-23 15:14:45,293] {taskinstance.py:1159} INFO - Dependencies all met for <TaskInstance: multi_defence_dag.trigger_offence manual__2023-03-23T15:14:20.366708+00:00 [queued]>
[2023-03-23 15:14:45,313] {taskinstance.py:1159} INFO - Dependencies all met for <TaskInstance: multi_defence_dag.trigger_offence manual__2023-03-23T15:14:20.366708+00:00 [queued]>
[2023-03-23 15:14:45,314] {taskinstance.py:1356} INFO - 
--------------------------------------------------------------------------------
[2023-03-23 15:14:45,319] {taskinstance.py:1357} INFO - Starting attempt 1 of 2
[2023-03-23 15:14:45,320] {taskinstance.py:1358} INFO - 
--------------------------------------------------------------------------------
[2023-03-23 15:14:45,343] {taskinstance.py:1377} INFO - Executing <Task(TriggerDagRunOperator): trigger_offence> on 2023-03-23 15:14:20.366708+00:00
[2023-03-23 15:14:45,351] {standard_task_runner.py:52} INFO - Started process 11702 to run task
[2023-03-23 15:14:45,357] {standard_task_runner.py:79} INFO - Running: ['***', 'tasks', 'run', 'multi_defence_dag', 'trigger_offence', 'manual__2023-03-23T15:14:20.366708+00:00', '--job-id', '2899', '--raw', '--subdir', 'DAGS_FOLDER/defence_dag.py', '--cfg-path', '/tmp/tmpo8unpivb', '--error-file', '/tmp/tmpv1i5r5t8']
[2023-03-23 15:14:45,358] {standard_task_runner.py:80} INFO - Job 2899: Subtask trigger_offence
[2023-03-23 15:14:45,445] {task_command.py:369} INFO - Running <TaskInstance: multi_defence_dag.trigger_offence manual__2023-03-23T15:14:20.366708+00:00 [running]> on host 6447f1dacd32
[2023-03-23 15:14:45,546] {taskinstance.py:1571} INFO - Exporting the following env vars:
AIRFLOW_CTX_DAG_OWNER=***
AIRFLOW_CTX_DAG_ID=multi_defence_dag
AIRFLOW_CTX_TASK_ID=trigger_offence
AIRFLOW_CTX_EXECUTION_DATE=2023-03-23T15:14:20.366708+00:00
AIRFLOW_CTX_TRY_NUMBER=1
AIRFLOW_CTX_DAG_RUN_ID=manual__2023-03-23T15:14:20.366708+00:00
[2023-03-23 15:14:46,873] {taskinstance.py:1400} INFO - Marking task as SUCCESS. dag_id=multi_defence_dag, task_id=trigger_offence, execution_date=20230323T151420, start_date=20230323T151445, end_date=20230323T151446
[2023-03-23 15:14:46,940] {local_task_job.py:156} INFO - Task exited with return code 0
[2023-03-23 15:14:46,995] {local_task_job.py:273} INFO - 0 downstream tasks scheduled from follow-on schedule check
