[2023-04-27 08:19:20,314] {taskinstance.py:1159} INFO - Dependencies all met for <TaskInstance: multi_defence_dag.to_defence2 scheduled__2023-04-23T00:00:00+00:00 [queued]>
[2023-04-27 08:19:20,434] {taskinstance.py:1159} INFO - Dependencies all met for <TaskInstance: multi_defence_dag.to_defence2 scheduled__2023-04-23T00:00:00+00:00 [queued]>
[2023-04-27 08:19:20,439] {taskinstance.py:1356} INFO - 
--------------------------------------------------------------------------------
[2023-04-27 08:19:20,448] {taskinstance.py:1357} INFO - Starting attempt 1 of 2
[2023-04-27 08:19:20,449] {taskinstance.py:1358} INFO - 
--------------------------------------------------------------------------------
[2023-04-27 08:19:20,534] {taskinstance.py:1377} INFO - Executing <Task(BranchPythonOperator): to_defence2> on 2023-04-23 00:00:00+00:00
[2023-04-27 08:19:20,558] {standard_task_runner.py:52} INFO - Started process 170 to run task
[2023-04-27 08:19:20,607] {standard_task_runner.py:79} INFO - Running: ['***', 'tasks', 'run', 'multi_defence_dag', 'to_defence2', 'scheduled__2023-04-23T00:00:00+00:00', '--job-id', '6303', '--raw', '--subdir', 'DAGS_FOLDER/defence_dag.py', '--cfg-path', '/tmp/tmp2yo8r_fl', '--error-file', '/tmp/tmp0kjanjw7']
[2023-04-27 08:19:20,612] {standard_task_runner.py:80} INFO - Job 6303: Subtask to_defence2
[2023-04-27 08:19:20,912] {task_command.py:369} INFO - Running <TaskInstance: multi_defence_dag.to_defence2 scheduled__2023-04-23T00:00:00+00:00 [running]> on host e7e31d5a6603
[2023-04-27 08:19:21,575] {taskinstance.py:1571} INFO - Exporting the following env vars:
AIRFLOW_CTX_DAG_OWNER=***
AIRFLOW_CTX_DAG_ID=multi_defence_dag
AIRFLOW_CTX_TASK_ID=to_defence2
AIRFLOW_CTX_EXECUTION_DATE=2023-04-23T00:00:00+00:00
AIRFLOW_CTX_TRY_NUMBER=1
AIRFLOW_CTX_DAG_RUN_ID=scheduled__2023-04-23T00:00:00+00:00
[2023-04-27 08:19:21,717] {python.py:173} INFO - Done. Returned value was: Defence2
[2023-04-27 08:19:21,719] {skipmixin.py:140} INFO - Following branch Defence2
[2023-04-27 08:19:21,720] {skipmixin.py:175} INFO - Skipping tasks ['default']
[2023-04-27 08:19:22,162] {taskinstance.py:1400} INFO - Marking task as SUCCESS. dag_id=multi_defence_dag, task_id=to_defence2, execution_date=20230423T000000, start_date=20230427T081920, end_date=20230427T081922
[2023-04-27 08:19:22,299] {local_task_job.py:156} INFO - Task exited with return code 0
[2023-04-27 08:19:22,713] {local_task_job.py:273} INFO - 1 downstream tasks scheduled from follow-on schedule check
