[2023-03-28 10:28:47,295] {taskinstance.py:1159} INFO - Dependencies all met for <TaskInstance: attack_dag2.trigger_defence manual__2023-03-28T10:28:35.691479+00:00 [queued]>
[2023-03-28 10:28:47,309] {taskinstance.py:1159} INFO - Dependencies all met for <TaskInstance: attack_dag2.trigger_defence manual__2023-03-28T10:28:35.691479+00:00 [queued]>
[2023-03-28 10:28:47,310] {taskinstance.py:1356} INFO - 
--------------------------------------------------------------------------------
[2023-03-28 10:28:47,312] {taskinstance.py:1357} INFO - Starting attempt 1 of 1
[2023-03-28 10:28:47,313] {taskinstance.py:1358} INFO - 
--------------------------------------------------------------------------------
[2023-03-28 10:28:47,336] {taskinstance.py:1377} INFO - Executing <Task(TriggerDagRunOperator): trigger_defence> on 2023-03-28 10:28:35.691479+00:00
[2023-03-28 10:28:47,349] {standard_task_runner.py:52} INFO - Started process 2178 to run task
[2023-03-28 10:28:47,357] {standard_task_runner.py:79} INFO - Running: ['***', 'tasks', 'run', 'attack_dag2', 'trigger_defence', 'manual__2023-03-28T10:28:35.691479+00:00', '--job-id', '4266', '--raw', '--subdir', 'DAGS_FOLDER/attack.py', '--cfg-path', '/tmp/tmpbc9mshba', '--error-file', '/tmp/tmpmic_cwxh']
[2023-03-28 10:28:47,360] {standard_task_runner.py:80} INFO - Job 4266: Subtask trigger_defence
[2023-03-28 10:28:47,535] {task_command.py:369} INFO - Running <TaskInstance: attack_dag2.trigger_defence manual__2023-03-28T10:28:35.691479+00:00 [running]> on host 70f8824ef075
[2023-03-28 10:28:47,669] {taskinstance.py:1571} INFO - Exporting the following env vars:
AIRFLOW_CTX_DAG_OWNER=***
AIRFLOW_CTX_DAG_ID=attack_dag2
AIRFLOW_CTX_TASK_ID=trigger_defence
AIRFLOW_CTX_EXECUTION_DATE=2023-03-28T10:28:35.691479+00:00
AIRFLOW_CTX_TRY_NUMBER=1
AIRFLOW_CTX_DAG_RUN_ID=manual__2023-03-28T10:28:35.691479+00:00
[2023-03-28 10:28:48,522] {taskinstance.py:1400} INFO - Marking task as SUCCESS. dag_id=attack_dag2, task_id=trigger_defence, execution_date=20230328T102835, start_date=20230328T102847, end_date=20230328T102848
[2023-03-28 10:28:48,582] {local_task_job.py:156} INFO - Task exited with return code 0
[2023-03-28 10:28:48,640] {local_task_job.py:273} INFO - 0 downstream tasks scheduled from follow-on schedule check
