[2023-04-09 06:56:25,350] {taskinstance.py:1159} INFO - Dependencies all met for <TaskInstance: multi_sklearn_attack_dag.choose_attack scheduled__2023-04-08T00:00:00+00:00 [queued]>
[2023-04-09 06:56:25,375] {taskinstance.py:1159} INFO - Dependencies all met for <TaskInstance: multi_sklearn_attack_dag.choose_attack scheduled__2023-04-08T00:00:00+00:00 [queued]>
[2023-04-09 06:56:25,375] {taskinstance.py:1356} INFO - 
--------------------------------------------------------------------------------
[2023-04-09 06:56:25,376] {taskinstance.py:1357} INFO - Starting attempt 1 of 2
[2023-04-09 06:56:25,376] {taskinstance.py:1358} INFO - 
--------------------------------------------------------------------------------
[2023-04-09 06:56:25,403] {taskinstance.py:1377} INFO - Executing <Task(PythonOperator): choose_attack> on 2023-04-08 00:00:00+00:00
[2023-04-09 06:56:25,413] {standard_task_runner.py:52} INFO - Started process 81 to run task
[2023-04-09 06:56:25,427] {standard_task_runner.py:79} INFO - Running: ['***', 'tasks', 'run', 'multi_sklearn_attack_dag', 'choose_attack', 'scheduled__2023-04-08T00:00:00+00:00', '--job-id', '4706', '--raw', '--subdir', 'DAGS_FOLDER/sklearn_attack_dag.py', '--cfg-path', '/tmp/tmpmy5k3ufg', '--error-file', '/tmp/tmpdbc8n_dw']
[2023-04-09 06:56:25,428] {standard_task_runner.py:80} INFO - Job 4706: Subtask choose_attack
[2023-04-09 06:56:25,566] {task_command.py:369} INFO - Running <TaskInstance: multi_sklearn_attack_dag.choose_attack scheduled__2023-04-08T00:00:00+00:00 [running]> on host ff3d40af78f9
[2023-04-09 06:56:25,733] {taskinstance.py:1571} INFO - Exporting the following env vars:
AIRFLOW_CTX_DAG_OWNER=***
AIRFLOW_CTX_DAG_ID=multi_sklearn_attack_dag
AIRFLOW_CTX_TASK_ID=choose_attack
AIRFLOW_CTX_EXECUTION_DATE=2023-04-08T00:00:00+00:00
AIRFLOW_CTX_TRY_NUMBER=1
AIRFLOW_CTX_DAG_RUN_ID=scheduled__2023-04-08T00:00:00+00:00
[2023-04-09 06:56:25,819] {python.py:173} INFO - Done. Returned value was: None
[2023-04-09 06:56:25,866] {taskinstance.py:1400} INFO - Marking task as SUCCESS. dag_id=multi_sklearn_attack_dag, task_id=choose_attack, execution_date=20230408T000000, start_date=20230409T065625, end_date=20230409T065625
[2023-04-09 06:56:25,958] {local_task_job.py:156} INFO - Task exited with return code 0
[2023-04-09 06:56:26,182] {local_task_job.py:273} INFO - 0 downstream tasks scheduled from follow-on schedule check
