[2023-03-16 11:29:53,625] {taskinstance.py:1159} INFO - Dependencies all met for <TaskInstance: defence_dag.defence1 manual__2023-03-16T11:29:49.820308+00:00 [queued]>
[2023-03-16 11:29:53,640] {taskinstance.py:1159} INFO - Dependencies all met for <TaskInstance: defence_dag.defence1 manual__2023-03-16T11:29:49.820308+00:00 [queued]>
[2023-03-16 11:29:53,640] {taskinstance.py:1356} INFO - 
--------------------------------------------------------------------------------
[2023-03-16 11:29:53,641] {taskinstance.py:1357} INFO - Starting attempt 1 of 1
[2023-03-16 11:29:53,642] {taskinstance.py:1358} INFO - 
--------------------------------------------------------------------------------
[2023-03-16 11:29:53,662] {taskinstance.py:1377} INFO - Executing <Task(PythonOperator): defence1> on 2023-03-16 11:29:49.820308+00:00
[2023-03-16 11:29:53,667] {standard_task_runner.py:52} INFO - Started process 287 to run task
[2023-03-16 11:29:53,670] {standard_task_runner.py:79} INFO - Running: ['***', 'tasks', 'run', 'defence_dag', 'defence1', 'manual__2023-03-16T11:29:49.820308+00:00', '--job-id', '758', '--raw', '--subdir', 'DAGS_FOLDER/defese.py', '--cfg-path', '/tmp/tmp4aqbl2gk', '--error-file', '/tmp/tmpslilo6ir']
[2023-03-16 11:29:53,671] {standard_task_runner.py:80} INFO - Job 758: Subtask defence1
[2023-03-16 11:29:53,745] {task_command.py:369} INFO - Running <TaskInstance: defence_dag.defence1 manual__2023-03-16T11:29:49.820308+00:00 [running]> on host 596adcca7378
[2023-03-16 11:29:53,842] {taskinstance.py:1571} INFO - Exporting the following env vars:
AIRFLOW_CTX_DAG_OWNER=***
AIRFLOW_CTX_DAG_ID=defence_dag
AIRFLOW_CTX_TASK_ID=defence1
AIRFLOW_CTX_EXECUTION_DATE=2023-03-16T11:29:49.820308+00:00
AIRFLOW_CTX_TRY_NUMBER=1
AIRFLOW_CTX_DAG_RUN_ID=manual__2023-03-16T11:29:49.820308+00:00
[2023-03-16 11:29:53,844] {logging_mixin.py:115} INFO - defensing
[2023-03-16 11:29:53,844] {python.py:173} INFO - Done. Returned value was: None
[2023-03-16 11:29:53,860] {taskinstance.py:1400} INFO - Marking task as SUCCESS. dag_id=defence_dag, task_id=defence1, execution_date=20230316T112949, start_date=20230316T112953, end_date=20230316T112953
[2023-03-16 11:29:53,884] {local_task_job.py:156} INFO - Task exited with return code 0
[2023-03-16 11:29:53,928] {local_task_job.py:273} INFO - 2 downstream tasks scheduled from follow-on schedule check
