[2023-03-23 11:13:59,736] {taskinstance.py:1159} INFO - Dependencies all met for <TaskInstance: defence_dag2.to_attack manual__2023-03-23T11:13:52.960279+00:00 [queued]>
[2023-03-23 11:13:59,760] {taskinstance.py:1159} INFO - Dependencies all met for <TaskInstance: defence_dag2.to_attack manual__2023-03-23T11:13:52.960279+00:00 [queued]>
[2023-03-23 11:13:59,761] {taskinstance.py:1356} INFO - 
--------------------------------------------------------------------------------
[2023-03-23 11:13:59,762] {taskinstance.py:1357} INFO - Starting attempt 1 of 1
[2023-03-23 11:13:59,762] {taskinstance.py:1358} INFO - 
--------------------------------------------------------------------------------
[2023-03-23 11:13:59,799] {taskinstance.py:1377} INFO - Executing <Task(BranchPythonOperator): to_attack> on 2023-03-23 11:13:52.960279+00:00
[2023-03-23 11:13:59,807] {standard_task_runner.py:52} INFO - Started process 1286 to run task
[2023-03-23 11:13:59,816] {standard_task_runner.py:79} INFO - Running: ['***', 'tasks', 'run', 'defence_dag2', 'to_attack', 'manual__2023-03-23T11:13:52.960279+00:00', '--job-id', '2612', '--raw', '--subdir', 'DAGS_FOLDER/defese.py', '--cfg-path', '/tmp/tmptmogheoz', '--error-file', '/tmp/tmpniex7ja_']
[2023-03-23 11:13:59,818] {standard_task_runner.py:80} INFO - Job 2612: Subtask to_attack
[2023-03-23 11:13:59,937] {task_command.py:369} INFO - Running <TaskInstance: defence_dag2.to_attack manual__2023-03-23T11:13:52.960279+00:00 [running]> on host 6447f1dacd32
[2023-03-23 11:14:00,107] {taskinstance.py:1571} INFO - Exporting the following env vars:
AIRFLOW_CTX_DAG_OWNER=***
AIRFLOW_CTX_DAG_ID=defence_dag2
AIRFLOW_CTX_TASK_ID=to_attack
AIRFLOW_CTX_EXECUTION_DATE=2023-03-23T11:13:52.960279+00:00
AIRFLOW_CTX_TRY_NUMBER=1
AIRFLOW_CTX_DAG_RUN_ID=manual__2023-03-23T11:13:52.960279+00:00
[2023-03-23 11:14:00,124] {transport.py:157} INFO - Attempting refresh to obtain initial access_token
[2023-03-23 11:14:00,132] {client.py:777} INFO - Refreshing access_token
[2023-03-23 11:14:01,159] {python.py:173} INFO - Done. Returned value was: trigger_offence
[2023-03-23 11:14:01,160] {skipmixin.py:140} INFO - Following branch trigger_offence
[2023-03-23 11:14:01,161] {skipmixin.py:175} INFO - Skipping tasks ['stop']
[2023-03-23 11:14:01,209] {taskinstance.py:1400} INFO - Marking task as SUCCESS. dag_id=defence_dag2, task_id=to_attack, execution_date=20230323T111352, start_date=20230323T111359, end_date=20230323T111401
[2023-03-23 11:14:01,235] {local_task_job.py:156} INFO - Task exited with return code 0
[2023-03-23 11:14:01,270] {local_task_job.py:273} INFO - 1 downstream tasks scheduled from follow-on schedule check
