[2023-03-23 15:32:53,221] {taskinstance.py:1159} INFO - Dependencies all met for <TaskInstance: multi_attack_dag.choose_attack manual__2023-03-23T15:32:51.867907+00:00 [queued]>
[2023-03-23 15:32:53,232] {taskinstance.py:1159} INFO - Dependencies all met for <TaskInstance: multi_attack_dag.choose_attack manual__2023-03-23T15:32:51.867907+00:00 [queued]>
[2023-03-23 15:32:53,232] {taskinstance.py:1356} INFO - 
--------------------------------------------------------------------------------
[2023-03-23 15:32:53,233] {taskinstance.py:1357} INFO - Starting attempt 1 of 2
[2023-03-23 15:32:53,234] {taskinstance.py:1358} INFO - 
--------------------------------------------------------------------------------
[2023-03-23 15:32:53,251] {taskinstance.py:1377} INFO - Executing <Task(PythonOperator): choose_attack> on 2023-03-23 15:32:51.867907+00:00
[2023-03-23 15:32:53,256] {standard_task_runner.py:52} INFO - Started process 12551 to run task
[2023-03-23 15:32:53,259] {standard_task_runner.py:79} INFO - Running: ['***', 'tasks', 'run', 'multi_attack_dag', 'choose_attack', 'manual__2023-03-23T15:32:51.867907+00:00', '--job-id', '3188', '--raw', '--subdir', 'DAGS_FOLDER/attack_dag.py', '--cfg-path', '/tmp/tmps73zqk2u', '--error-file', '/tmp/tmpbr673ips']
[2023-03-23 15:32:53,260] {standard_task_runner.py:80} INFO - Job 3188: Subtask choose_attack
[2023-03-23 15:32:53,325] {task_command.py:369} INFO - Running <TaskInstance: multi_attack_dag.choose_attack manual__2023-03-23T15:32:51.867907+00:00 [running]> on host 6447f1dacd32
[2023-03-23 15:32:53,400] {taskinstance.py:1571} INFO - Exporting the following env vars:
AIRFLOW_CTX_DAG_OWNER=***
AIRFLOW_CTX_DAG_ID=multi_attack_dag
AIRFLOW_CTX_TASK_ID=choose_attack
AIRFLOW_CTX_EXECUTION_DATE=2023-03-23T15:32:51.867907+00:00
AIRFLOW_CTX_TRY_NUMBER=1
AIRFLOW_CTX_DAG_RUN_ID=manual__2023-03-23T15:32:51.867907+00:00
[2023-03-23 15:32:53,444] {python.py:173} INFO - Done. Returned value was: None
[2023-03-23 15:32:53,458] {taskinstance.py:1400} INFO - Marking task as SUCCESS. dag_id=multi_attack_dag, task_id=choose_attack, execution_date=20230323T153251, start_date=20230323T153253, end_date=20230323T153253
[2023-03-23 15:32:53,513] {local_task_job.py:156} INFO - Task exited with return code 0
[2023-03-23 15:32:53,567] {local_task_job.py:273} INFO - 1 downstream tasks scheduled from follow-on schedule check
