[2023-03-23 15:37:17,275] {taskinstance.py:1159} INFO - Dependencies all met for <TaskInstance: multi_defence_dag.to_defence2 manual__2023-03-23T15:37:12.600733+00:00 [queued]>
[2023-03-23 15:37:17,302] {taskinstance.py:1159} INFO - Dependencies all met for <TaskInstance: multi_defence_dag.to_defence2 manual__2023-03-23T15:37:12.600733+00:00 [queued]>
[2023-03-23 15:37:17,303] {taskinstance.py:1356} INFO - 
--------------------------------------------------------------------------------
[2023-03-23 15:37:17,304] {taskinstance.py:1357} INFO - Starting attempt 1 of 2
[2023-03-23 15:37:17,305] {taskinstance.py:1358} INFO - 
--------------------------------------------------------------------------------
[2023-03-23 15:37:17,352] {taskinstance.py:1377} INFO - Executing <Task(BranchPythonOperator): to_defence2> on 2023-03-23 15:37:12.600733+00:00
[2023-03-23 15:37:17,363] {standard_task_runner.py:52} INFO - Started process 13328 to run task
[2023-03-23 15:37:17,381] {standard_task_runner.py:79} INFO - Running: ['***', 'tasks', 'run', 'multi_defence_dag', 'to_defence2', 'manual__2023-03-23T15:37:12.600733+00:00', '--job-id', '3475', '--raw', '--subdir', 'DAGS_FOLDER/defence_dag.py', '--cfg-path', '/tmp/tmpd2qi2abh', '--error-file', '/tmp/tmpgjjykp97']
[2023-03-23 15:37:17,383] {standard_task_runner.py:80} INFO - Job 3475: Subtask to_defence2
[2023-03-23 15:37:17,710] {task_command.py:369} INFO - Running <TaskInstance: multi_defence_dag.to_defence2 manual__2023-03-23T15:37:12.600733+00:00 [running]> on host 6447f1dacd32
[2023-03-23 15:37:18,063] {taskinstance.py:1571} INFO - Exporting the following env vars:
AIRFLOW_CTX_DAG_OWNER=***
AIRFLOW_CTX_DAG_ID=multi_defence_dag
AIRFLOW_CTX_TASK_ID=to_defence2
AIRFLOW_CTX_EXECUTION_DATE=2023-03-23T15:37:12.600733+00:00
AIRFLOW_CTX_TRY_NUMBER=1
AIRFLOW_CTX_DAG_RUN_ID=manual__2023-03-23T15:37:12.600733+00:00
[2023-03-23 15:37:18,114] {python.py:173} INFO - Done. Returned value was: Defence2
[2023-03-23 15:37:18,117] {skipmixin.py:140} INFO - Following branch Defence2
[2023-03-23 15:37:18,118] {skipmixin.py:175} INFO - Skipping tasks ['default']
[2023-03-23 15:37:18,328] {taskinstance.py:1400} INFO - Marking task as SUCCESS. dag_id=multi_defence_dag, task_id=to_defence2, execution_date=20230323T153712, start_date=20230323T153717, end_date=20230323T153718
[2023-03-23 15:37:18,413] {local_task_job.py:156} INFO - Task exited with return code 0
[2023-03-23 15:37:18,627] {local_task_job.py:273} INFO - 1 downstream tasks scheduled from follow-on schedule check
