[2023-04-30 09:33:28,662] {taskinstance.py:1159} INFO - Dependencies all met for <TaskInstance: multi_defence_dag.to_defence2 manual__2023-04-30T09:33:20.811586+00:00 [queued]>
[2023-04-30 09:33:28,682] {taskinstance.py:1159} INFO - Dependencies all met for <TaskInstance: multi_defence_dag.to_defence2 manual__2023-04-30T09:33:20.811586+00:00 [queued]>
[2023-04-30 09:33:28,683] {taskinstance.py:1356} INFO - 
--------------------------------------------------------------------------------
[2023-04-30 09:33:28,685] {taskinstance.py:1357} INFO - Starting attempt 1 of 2
[2023-04-30 09:33:28,685] {taskinstance.py:1358} INFO - 
--------------------------------------------------------------------------------
[2023-04-30 09:33:28,713] {taskinstance.py:1377} INFO - Executing <Task(BranchPythonOperator): to_defence2> on 2023-04-30 09:33:20.811586+00:00
[2023-04-30 09:33:28,728] {standard_task_runner.py:52} INFO - Started process 1613 to run task
[2023-04-30 09:33:28,734] {standard_task_runner.py:79} INFO - Running: ['***', 'tasks', 'run', 'multi_defence_dag', 'to_defence2', 'manual__2023-04-30T09:33:20.811586+00:00', '--job-id', '7303', '--raw', '--subdir', 'DAGS_FOLDER/defence_dag.py', '--cfg-path', '/tmp/tmp36_1kw78', '--error-file', '/tmp/tmp3iegae4x']
[2023-04-30 09:33:28,737] {standard_task_runner.py:80} INFO - Job 7303: Subtask to_defence2
[2023-04-30 09:33:28,843] {task_command.py:369} INFO - Running <TaskInstance: multi_defence_dag.to_defence2 manual__2023-04-30T09:33:20.811586+00:00 [running]> on host e7e31d5a6603
[2023-04-30 09:33:28,974] {taskinstance.py:1571} INFO - Exporting the following env vars:
AIRFLOW_CTX_DAG_OWNER=***
AIRFLOW_CTX_DAG_ID=multi_defence_dag
AIRFLOW_CTX_TASK_ID=to_defence2
AIRFLOW_CTX_EXECUTION_DATE=2023-04-30T09:33:20.811586+00:00
AIRFLOW_CTX_TRY_NUMBER=1
AIRFLOW_CTX_DAG_RUN_ID=manual__2023-04-30T09:33:20.811586+00:00
[2023-04-30 09:33:28,996] {python.py:173} INFO - Done. Returned value was: Defence2
[2023-04-30 09:33:28,997] {skipmixin.py:140} INFO - Following branch Defence2
[2023-04-30 09:33:28,998] {skipmixin.py:175} INFO - Skipping tasks ['default']
[2023-04-30 09:33:29,092] {taskinstance.py:1400} INFO - Marking task as SUCCESS. dag_id=multi_defence_dag, task_id=to_defence2, execution_date=20230430T093320, start_date=20230430T093328, end_date=20230430T093329
[2023-04-30 09:33:29,150] {local_task_job.py:156} INFO - Task exited with return code 0
[2023-04-30 09:33:29,261] {local_task_job.py:273} INFO - 1 downstream tasks scheduled from follow-on schedule check
