[2023-04-27 09:24:22,510] {taskinstance.py:1159} INFO - Dependencies all met for <TaskInstance: multi_attack_dag.to_attack_Wasserstein manual__2023-04-27T09:23:14.509759+00:00 [queued]>
[2023-04-27 09:24:22,621] {taskinstance.py:1159} INFO - Dependencies all met for <TaskInstance: multi_attack_dag.to_attack_Wasserstein manual__2023-04-27T09:23:14.509759+00:00 [queued]>
[2023-04-27 09:24:22,622] {taskinstance.py:1356} INFO - 
--------------------------------------------------------------------------------
[2023-04-27 09:24:22,623] {taskinstance.py:1357} INFO - Starting attempt 1 of 2
[2023-04-27 09:24:22,624] {taskinstance.py:1358} INFO - 
--------------------------------------------------------------------------------
[2023-04-27 09:24:22,811] {taskinstance.py:1377} INFO - Executing <Task(BranchPythonOperator): to_attack_Wasserstein> on 2023-04-27 09:23:14.509759+00:00
[2023-04-27 09:24:22,961] {standard_task_runner.py:52} INFO - Started process 3426 to run task
[2023-04-27 09:24:23,029] {standard_task_runner.py:79} INFO - Running: ['***', 'tasks', 'run', 'multi_attack_dag', 'to_attack_Wasserstein', 'manual__2023-04-27T09:23:14.509759+00:00', '--job-id', '6499', '--raw', '--subdir', 'DAGS_FOLDER/attack_dag.py', '--cfg-path', '/tmp/tmpwaoinr9k', '--error-file', '/tmp/tmprvwfwg05']
[2023-04-27 09:24:23,071] {standard_task_runner.py:80} INFO - Job 6499: Subtask to_attack_Wasserstein
[2023-04-27 09:24:23,748] {task_command.py:369} INFO - Running <TaskInstance: multi_attack_dag.to_attack_Wasserstein manual__2023-04-27T09:23:14.509759+00:00 [running]> on host e7e31d5a6603
[2023-04-27 09:24:24,511] {taskinstance.py:1571} INFO - Exporting the following env vars:
AIRFLOW_CTX_DAG_OWNER=***
AIRFLOW_CTX_DAG_ID=multi_attack_dag
AIRFLOW_CTX_TASK_ID=to_attack_Wasserstein
AIRFLOW_CTX_EXECUTION_DATE=2023-04-27T09:23:14.509759+00:00
AIRFLOW_CTX_TRY_NUMBER=1
AIRFLOW_CTX_DAG_RUN_ID=manual__2023-04-27T09:23:14.509759+00:00
[2023-04-27 09:24:24,712] {python.py:173} INFO - Done. Returned value was: attack_Wasserstein
[2023-04-27 09:24:24,720] {skipmixin.py:140} INFO - Following branch attack_Wasserstein
[2023-04-27 09:24:24,731] {skipmixin.py:175} INFO - Skipping tasks ['default']
[2023-04-27 09:24:26,282] {taskinstance.py:1400} INFO - Marking task as SUCCESS. dag_id=multi_attack_dag, task_id=to_attack_Wasserstein, execution_date=20230427T092314, start_date=20230427T092422, end_date=20230427T092426
[2023-04-27 09:24:26,494] {local_task_job.py:156} INFO - Task exited with return code 0
[2023-04-27 09:24:27,078] {local_task_job.py:273} INFO - 0 downstream tasks scheduled from follow-on schedule check
