[2023-03-28 10:54:08,101] {taskinstance.py:1159} INFO - Dependencies all met for <TaskInstance: defence_dag2.to_attack manual__2023-03-28T10:53:58.762972+00:00 [queued]>
[2023-03-28 10:54:08,109] {taskinstance.py:1159} INFO - Dependencies all met for <TaskInstance: defence_dag2.to_attack manual__2023-03-28T10:53:58.762972+00:00 [queued]>
[2023-03-28 10:54:08,110] {taskinstance.py:1356} INFO - 
--------------------------------------------------------------------------------
[2023-03-28 10:54:08,110] {taskinstance.py:1357} INFO - Starting attempt 1 of 1
[2023-03-28 10:54:08,111] {taskinstance.py:1358} INFO - 
--------------------------------------------------------------------------------
[2023-03-28 10:54:08,123] {taskinstance.py:1377} INFO - Executing <Task(BranchPythonOperator): to_attack> on 2023-03-28 10:53:58.762972+00:00
[2023-03-28 10:54:08,130] {standard_task_runner.py:52} INFO - Started process 488 to run task
[2023-03-28 10:54:08,134] {standard_task_runner.py:79} INFO - Running: ['***', 'tasks', 'run', 'defence_dag2', 'to_attack', 'manual__2023-03-28T10:53:58.762972+00:00', '--job-id', '4471', '--raw', '--subdir', 'DAGS_FOLDER/defese.py', '--cfg-path', '/tmp/tmp4smhhbdo', '--error-file', '/tmp/tmpf9xiweic']
[2023-03-28 10:54:08,135] {standard_task_runner.py:80} INFO - Job 4471: Subtask to_attack
[2023-03-28 10:54:08,205] {task_command.py:369} INFO - Running <TaskInstance: defence_dag2.to_attack manual__2023-03-28T10:53:58.762972+00:00 [running]> on host a826a5b95b6c
[2023-03-28 10:54:08,276] {taskinstance.py:1571} INFO - Exporting the following env vars:
AIRFLOW_CTX_DAG_OWNER=***
AIRFLOW_CTX_DAG_ID=defence_dag2
AIRFLOW_CTX_TASK_ID=to_attack
AIRFLOW_CTX_EXECUTION_DATE=2023-03-28T10:53:58.762972+00:00
AIRFLOW_CTX_TRY_NUMBER=1
AIRFLOW_CTX_DAG_RUN_ID=manual__2023-03-28T10:53:58.762972+00:00
[2023-03-28 10:54:08,280] {transport.py:157} INFO - Attempting refresh to obtain initial access_token
[2023-03-28 10:54:08,283] {client.py:777} INFO - Refreshing access_token
[2023-03-28 10:54:09,813] {taskinstance.py:1889} ERROR - Task failed with exception
Traceback (most recent call last):
  File "/home/airflow/.local/lib/python3.7/site-packages/airflow/operators/python.py", line 207, in execute
    branch = super().execute(context)
  File "/home/airflow/.local/lib/python3.7/site-packages/airflow/operators/python.py", line 171, in execute
    return_value = self.execute_callable()
  File "/home/airflow/.local/lib/python3.7/site-packages/airflow/operators/python.py", line 189, in execute_callable
    return self.python_callable(*self.op_args, **self.op_kwargs)
  File "/opt/airflow/dags/defese.py", line 31, in to_attack
    cycles = load_from_bucket('Estimator.pickle')
  File "/opt/airflow/dags/helpers.py", line 45, in load_from_bucket
    raise err
  File "/opt/airflow/dags/helpers.py", line 42, in load_from_bucket
    loaded_obj = cloudpickle.load(f)
  File "/home/airflow/.local/lib/python3.7/site-packages/art/estimators/classification/pytorch.py", line 1095, in __setstate__
    model.load_state_dict(torch.load(str(full_path) + ".model"))
  File "/home/airflow/.local/lib/python3.7/site-packages/torch/serialization.py", line 771, in load
    with _open_file_like(f, 'rb') as opened_file:
  File "/home/airflow/.local/lib/python3.7/site-packages/torch/serialization.py", line 270, in _open_file_like
    return _open_file(name_or_buffer, mode)
  File "/home/airflow/.local/lib/python3.7/site-packages/torch/serialization.py", line 251, in __init__
    super(_open_file, self).__init__(open(name, mode))
FileNotFoundError: [Errno 2] No such file or directory: '/home/airflow/.art/data/1676383983.7273748.model'
[2023-03-28 10:54:09,831] {taskinstance.py:1400} INFO - Marking task as FAILED. dag_id=defence_dag2, task_id=to_attack, execution_date=20230328T105358, start_date=20230328T105408, end_date=20230328T105409
[2023-03-28 10:54:09,848] {standard_task_runner.py:97} ERROR - Failed to execute job 4471 for task to_attack ([Errno 2] No such file or directory: '/home/airflow/.art/data/1676383983.7273748.model'; 488)
[2023-03-28 10:54:09,878] {local_task_job.py:156} INFO - Task exited with return code 1
[2023-03-28 10:54:09,939] {local_task_job.py:273} INFO - 0 downstream tasks scheduled from follow-on schedule check
