[2023-04-18 06:14:08,838] {taskinstance.py:1159} INFO - Dependencies all met for <TaskInstance: multi_defence_dag.Defence1 scheduled__2023-04-16T00:00:00+00:00 [queued]>
[2023-04-18 06:14:08,921] {taskinstance.py:1159} INFO - Dependencies all met for <TaskInstance: multi_defence_dag.Defence1 scheduled__2023-04-16T00:00:00+00:00 [queued]>
[2023-04-18 06:14:08,931] {taskinstance.py:1356} INFO - 
--------------------------------------------------------------------------------
[2023-04-18 06:14:08,932] {taskinstance.py:1357} INFO - Starting attempt 1 of 2
[2023-04-18 06:14:08,942] {taskinstance.py:1358} INFO - 
--------------------------------------------------------------------------------
[2023-04-18 06:14:09,092] {taskinstance.py:1377} INFO - Executing <Task(PythonOperator): Defence1> on 2023-04-16 00:00:00+00:00
[2023-04-18 06:14:09,149] {standard_task_runner.py:52} INFO - Started process 241 to run task
[2023-04-18 06:14:09,191] {standard_task_runner.py:79} INFO - Running: ['***', 'tasks', 'run', 'multi_defence_dag', 'Defence1', 'scheduled__2023-04-16T00:00:00+00:00', '--job-id', '5446', '--raw', '--subdir', 'DAGS_FOLDER/defence_dag.py', '--cfg-path', '/tmp/tmpn3ck4wmw', '--error-file', '/tmp/tmpqzxegw5m']
[2023-04-18 06:14:09,208] {standard_task_runner.py:80} INFO - Job 5446: Subtask Defence1
[2023-04-18 06:14:09,830] {task_command.py:369} INFO - Running <TaskInstance: multi_defence_dag.Defence1 scheduled__2023-04-16T00:00:00+00:00 [running]> on host a3dd7d962104
[2023-04-18 06:14:10,245] {taskinstance.py:1571} INFO - Exporting the following env vars:
AIRFLOW_CTX_DAG_OWNER=***
AIRFLOW_CTX_DAG_ID=multi_defence_dag
AIRFLOW_CTX_TASK_ID=Defence1
AIRFLOW_CTX_EXECUTION_DATE=2023-04-16T00:00:00+00:00
AIRFLOW_CTX_TRY_NUMBER=1
AIRFLOW_CTX_DAG_RUN_ID=scheduled__2023-04-16T00:00:00+00:00
[2023-04-18 06:14:10,345] {python.py:173} INFO - Done. Returned value was: None
[2023-04-18 06:14:10,482] {taskinstance.py:1400} INFO - Marking task as SUCCESS. dag_id=multi_defence_dag, task_id=Defence1, execution_date=20230416T000000, start_date=20230418T061408, end_date=20230418T061410
[2023-04-18 06:14:10,658] {local_task_job.py:156} INFO - Task exited with return code 0
[2023-04-18 06:14:11,697] {local_task_job.py:273} INFO - 0 downstream tasks scheduled from follow-on schedule check
