[2023-03-12 15:51:04,142] {taskinstance.py:1159} INFO - Dependencies all met for <TaskInstance: defence_dag.trigger_offence manual__2023-03-12T15:50:59.038083+00:00 [queued]>
[2023-03-12 15:51:04,157] {taskinstance.py:1159} INFO - Dependencies all met for <TaskInstance: defence_dag.trigger_offence manual__2023-03-12T15:50:59.038083+00:00 [queued]>
[2023-03-12 15:51:04,158] {taskinstance.py:1356} INFO - 
--------------------------------------------------------------------------------
[2023-03-12 15:51:04,159] {taskinstance.py:1357} INFO - Starting attempt 1 of 1
[2023-03-12 15:51:04,159] {taskinstance.py:1358} INFO - 
--------------------------------------------------------------------------------
[2023-03-12 15:51:04,179] {taskinstance.py:1377} INFO - Executing <Task(TriggerDagRunOperator): trigger_offence> on 2023-03-12 15:50:59.038083+00:00
[2023-03-12 15:51:04,185] {standard_task_runner.py:52} INFO - Started process 152 to run task
[2023-03-12 15:51:04,189] {standard_task_runner.py:79} INFO - Running: ['***', 'tasks', 'run', 'defence_dag', 'trigger_offence', 'manual__2023-03-12T15:50:59.038083+00:00', '--job-id', '592', '--raw', '--subdir', 'DAGS_FOLDER/defese.py', '--cfg-path', '/tmp/tmphn8go2ai', '--error-file', '/tmp/tmp3tcez9d3']
[2023-03-12 15:51:04,190] {standard_task_runner.py:80} INFO - Job 592: Subtask trigger_offence
[2023-03-12 15:51:04,269] {task_command.py:369} INFO - Running <TaskInstance: defence_dag.trigger_offence manual__2023-03-12T15:50:59.038083+00:00 [running]> on host 596adcca7378
[2023-03-12 15:51:04,354] {taskinstance.py:1571} INFO - Exporting the following env vars:
AIRFLOW_CTX_DAG_OWNER=***
AIRFLOW_CTX_DAG_ID=defence_dag
AIRFLOW_CTX_TASK_ID=trigger_offence
AIRFLOW_CTX_EXECUTION_DATE=2023-03-12T15:50:59.038083+00:00
AIRFLOW_CTX_TRY_NUMBER=1
AIRFLOW_CTX_DAG_RUN_ID=manual__2023-03-12T15:50:59.038083+00:00
[2023-03-12 15:51:05,634] {taskinstance.py:1400} INFO - Marking task as SUCCESS. dag_id=defence_dag, task_id=trigger_offence, execution_date=20230312T155059, start_date=20230312T155104, end_date=20230312T155105
[2023-03-12 15:51:05,691] {local_task_job.py:156} INFO - Task exited with return code 0
[2023-03-12 15:51:05,731] {local_task_job.py:273} INFO - 0 downstream tasks scheduled from follow-on schedule check
