[2023-04-30 07:59:11,416] {taskinstance.py:1159} INFO - Dependencies all met for <TaskInstance: defence_dag2.defence1 scheduled__2023-04-27T00:00:00+00:00 [queued]>
[2023-04-30 07:59:11,648] {taskinstance.py:1159} INFO - Dependencies all met for <TaskInstance: defence_dag2.defence1 scheduled__2023-04-27T00:00:00+00:00 [queued]>
[2023-04-30 07:59:11,658] {taskinstance.py:1356} INFO - 
--------------------------------------------------------------------------------
[2023-04-30 07:59:11,658] {taskinstance.py:1357} INFO - Starting attempt 1 of 1
[2023-04-30 07:59:11,660] {taskinstance.py:1358} INFO - 
--------------------------------------------------------------------------------
[2023-04-30 07:59:11,919] {taskinstance.py:1377} INFO - Executing <Task(PythonOperator): defence1> on 2023-04-27 00:00:00+00:00
[2023-04-30 07:59:11,973] {standard_task_runner.py:52} INFO - Started process 202 to run task
[2023-04-30 07:59:11,985] {standard_task_runner.py:79} INFO - Running: ['***', 'tasks', 'run', 'defence_dag2', 'defence1', 'scheduled__2023-04-27T00:00:00+00:00', '--job-id', '7027', '--raw', '--subdir', 'DAGS_FOLDER/defese.py', '--cfg-path', '/tmp/tmpn2ht80w2', '--error-file', '/tmp/tmpqgyvje98']
[2023-04-30 07:59:12,025] {standard_task_runner.py:80} INFO - Job 7027: Subtask defence1
[2023-04-30 07:59:12,337] {task_command.py:369} INFO - Running <TaskInstance: defence_dag2.defence1 scheduled__2023-04-27T00:00:00+00:00 [running]> on host e7e31d5a6603
[2023-04-30 07:59:12,900] {taskinstance.py:1571} INFO - Exporting the following env vars:
AIRFLOW_CTX_DAG_OWNER=***
AIRFLOW_CTX_DAG_ID=defence_dag2
AIRFLOW_CTX_TASK_ID=defence1
AIRFLOW_CTX_EXECUTION_DATE=2023-04-27T00:00:00+00:00
AIRFLOW_CTX_TRY_NUMBER=1
AIRFLOW_CTX_DAG_RUN_ID=scheduled__2023-04-27T00:00:00+00:00
[2023-04-30 07:59:13,013] {logging_mixin.py:115} INFO - defensing
[2023-04-30 07:59:13,014] {python.py:173} INFO - Done. Returned value was: None
[2023-04-30 07:59:13,079] {taskinstance.py:1400} INFO - Marking task as SUCCESS. dag_id=defence_dag2, task_id=defence1, execution_date=20230427T000000, start_date=20230430T075911, end_date=20230430T075913
[2023-04-30 07:59:13,183] {local_task_job.py:156} INFO - Task exited with return code 0
[2023-04-30 07:59:13,532] {local_task_job.py:273} INFO - 0 downstream tasks scheduled from follow-on schedule check
