[2023-04-27 08:52:39,916] {taskinstance.py:1159} INFO - Dependencies all met for <TaskInstance: multi_attack_dag.to_attack_SpatialTransformation manual__2023-04-27T08:51:22.380115+00:00 [queued]>
[2023-04-27 08:52:40,164] {taskinstance.py:1159} INFO - Dependencies all met for <TaskInstance: multi_attack_dag.to_attack_SpatialTransformation manual__2023-04-27T08:51:22.380115+00:00 [queued]>
[2023-04-27 08:52:40,165] {taskinstance.py:1356} INFO - 
--------------------------------------------------------------------------------
[2023-04-27 08:52:40,168] {taskinstance.py:1357} INFO - Starting attempt 1 of 2
[2023-04-27 08:52:40,169] {taskinstance.py:1358} INFO - 
--------------------------------------------------------------------------------
[2023-04-27 08:52:40,511] {taskinstance.py:1377} INFO - Executing <Task(BranchPythonOperator): to_attack_SpatialTransformation> on 2023-04-27 08:51:22.380115+00:00
[2023-04-27 08:52:40,639] {standard_task_runner.py:52} INFO - Started process 1940 to run task
[2023-04-27 08:52:40,681] {standard_task_runner.py:79} INFO - Running: ['***', 'tasks', 'run', 'multi_attack_dag', 'to_attack_SpatialTransformation', 'manual__2023-04-27T08:51:22.380115+00:00', '--job-id', '6389', '--raw', '--subdir', 'DAGS_FOLDER/attack_dag.py', '--cfg-path', '/tmp/tmp2xm7weac', '--error-file', '/tmp/tmpledpn29c']
[2023-04-27 08:52:40,805] {standard_task_runner.py:80} INFO - Job 6389: Subtask to_attack_SpatialTransformation
[2023-04-27 08:52:41,557] {task_command.py:369} INFO - Running <TaskInstance: multi_attack_dag.to_attack_SpatialTransformation manual__2023-04-27T08:51:22.380115+00:00 [running]> on host e7e31d5a6603
[2023-04-27 08:52:42,128] {taskinstance.py:1571} INFO - Exporting the following env vars:
AIRFLOW_CTX_DAG_OWNER=***
AIRFLOW_CTX_DAG_ID=multi_attack_dag
AIRFLOW_CTX_TASK_ID=to_attack_SpatialTransformation
AIRFLOW_CTX_EXECUTION_DATE=2023-04-27T08:51:22.380115+00:00
AIRFLOW_CTX_TRY_NUMBER=1
AIRFLOW_CTX_DAG_RUN_ID=manual__2023-04-27T08:51:22.380115+00:00
[2023-04-27 08:52:42,222] {python.py:173} INFO - Done. Returned value was: default
[2023-04-27 08:52:42,223] {skipmixin.py:140} INFO - Following branch default
[2023-04-27 08:52:42,225] {skipmixin.py:175} INFO - Skipping tasks ['attack_SpatialTransformation']
[2023-04-27 08:52:42,840] {taskinstance.py:1400} INFO - Marking task as SUCCESS. dag_id=multi_attack_dag, task_id=to_attack_SpatialTransformation, execution_date=20230427T085122, start_date=20230427T085239, end_date=20230427T085242
[2023-04-27 08:52:43,024] {local_task_job.py:156} INFO - Task exited with return code 0
[2023-04-27 08:52:43,527] {local_task_job.py:273} INFO - 0 downstream tasks scheduled from follow-on schedule check
