[2023-04-23 09:34:17,339] {taskinstance.py:1159} INFO - Dependencies all met for <TaskInstance: multi_defence_dag.choose_defence manual__2023-04-23T09:34:14.574284+00:00 [queued]>
[2023-04-23 09:34:17,351] {taskinstance.py:1159} INFO - Dependencies all met for <TaskInstance: multi_defence_dag.choose_defence manual__2023-04-23T09:34:14.574284+00:00 [queued]>
[2023-04-23 09:34:17,352] {taskinstance.py:1356} INFO - 
--------------------------------------------------------------------------------
[2023-04-23 09:34:17,358] {taskinstance.py:1357} INFO - Starting attempt 1 of 2
[2023-04-23 09:34:17,358] {taskinstance.py:1358} INFO - 
--------------------------------------------------------------------------------
[2023-04-23 09:34:17,379] {taskinstance.py:1377} INFO - Executing <Task(PythonOperator): choose_defence> on 2023-04-23 09:34:14.574284+00:00
[2023-04-23 09:34:17,388] {standard_task_runner.py:52} INFO - Started process 1061 to run task
[2023-04-23 09:34:17,393] {standard_task_runner.py:79} INFO - Running: ['***', 'tasks', 'run', 'multi_defence_dag', 'choose_defence', 'manual__2023-04-23T09:34:14.574284+00:00', '--job-id', '6081', '--raw', '--subdir', 'DAGS_FOLDER/defence_dag.py', '--cfg-path', '/tmp/tmp6ps7u4_1', '--error-file', '/tmp/tmpyp4gxdfh']
[2023-04-23 09:34:17,395] {standard_task_runner.py:80} INFO - Job 6081: Subtask choose_defence
[2023-04-23 09:34:17,474] {task_command.py:369} INFO - Running <TaskInstance: multi_defence_dag.choose_defence manual__2023-04-23T09:34:14.574284+00:00 [running]> on host a3dd7d962104
[2023-04-23 09:34:17,548] {taskinstance.py:1571} INFO - Exporting the following env vars:
AIRFLOW_CTX_DAG_OWNER=***
AIRFLOW_CTX_DAG_ID=multi_defence_dag
AIRFLOW_CTX_TASK_ID=choose_defence
AIRFLOW_CTX_EXECUTION_DATE=2023-04-23T09:34:14.574284+00:00
AIRFLOW_CTX_TRY_NUMBER=1
AIRFLOW_CTX_DAG_RUN_ID=manual__2023-04-23T09:34:14.574284+00:00
[2023-04-23 09:34:17,583] {python.py:173} INFO - Done. Returned value was: None
[2023-04-23 09:34:17,597] {taskinstance.py:1400} INFO - Marking task as SUCCESS. dag_id=multi_defence_dag, task_id=choose_defence, execution_date=20230423T093414, start_date=20230423T093417, end_date=20230423T093417
[2023-04-23 09:34:17,648] {local_task_job.py:156} INFO - Task exited with return code 0
[2023-04-23 09:34:17,698] {local_task_job.py:273} INFO - 3 downstream tasks scheduled from follow-on schedule check
