[2023-03-23 15:50:50,821] {taskinstance.py:1159} INFO - Dependencies all met for <TaskInstance: multi_defence_dag.Defence1 manual__2023-03-23T15:50:35.116324+00:00 [queued]>
[2023-03-23 15:50:50,904] {taskinstance.py:1159} INFO - Dependencies all met for <TaskInstance: multi_defence_dag.Defence1 manual__2023-03-23T15:50:35.116324+00:00 [queued]>
[2023-03-23 15:50:50,907] {taskinstance.py:1356} INFO - 
--------------------------------------------------------------------------------
[2023-03-23 15:50:50,914] {taskinstance.py:1357} INFO - Starting attempt 1 of 2
[2023-03-23 15:50:50,916] {taskinstance.py:1358} INFO - 
--------------------------------------------------------------------------------
[2023-03-23 15:50:51,047] {taskinstance.py:1377} INFO - Executing <Task(PythonOperator): Defence1> on 2023-03-23 15:50:35.116324+00:00
[2023-03-23 15:50:51,069] {standard_task_runner.py:52} INFO - Started process 14099 to run task
[2023-03-23 15:50:51,089] {standard_task_runner.py:79} INFO - Running: ['***', 'tasks', 'run', 'multi_defence_dag', 'Defence1', 'manual__2023-03-23T15:50:35.116324+00:00', '--job-id', '3620', '--raw', '--subdir', 'DAGS_FOLDER/defence_dag.py', '--cfg-path', '/tmp/tmpx049he65', '--error-file', '/tmp/tmpr0hi_co1']
[2023-03-23 15:50:51,096] {standard_task_runner.py:80} INFO - Job 3620: Subtask Defence1
[2023-03-23 15:50:51,519] {task_command.py:369} INFO - Running <TaskInstance: multi_defence_dag.Defence1 manual__2023-03-23T15:50:35.116324+00:00 [running]> on host 6447f1dacd32
[2023-03-23 15:50:52,133] {taskinstance.py:1571} INFO - Exporting the following env vars:
AIRFLOW_CTX_DAG_OWNER=***
AIRFLOW_CTX_DAG_ID=multi_defence_dag
AIRFLOW_CTX_TASK_ID=Defence1
AIRFLOW_CTX_EXECUTION_DATE=2023-03-23T15:50:35.116324+00:00
AIRFLOW_CTX_TRY_NUMBER=1
AIRFLOW_CTX_DAG_RUN_ID=manual__2023-03-23T15:50:35.116324+00:00
[2023-03-23 15:50:52,270] {python.py:173} INFO - Done. Returned value was: None
[2023-03-23 15:50:52,376] {taskinstance.py:1400} INFO - Marking task as SUCCESS. dag_id=multi_defence_dag, task_id=Defence1, execution_date=20230323T155035, start_date=20230323T155050, end_date=20230323T155052
[2023-03-23 15:50:52,523] {local_task_job.py:156} INFO - Task exited with return code 0
[2023-03-23 15:50:53,047] {local_task_job.py:273} INFO - 0 downstream tasks scheduled from follow-on schedule check
