[2023-04-16 13:57:44,514] {taskinstance.py:1159} INFO - Dependencies all met for <TaskInstance: multi_defence_dag.to_defend manual__2023-04-16T13:56:54.086572+00:00 [queued]>
[2023-04-16 13:57:44,556] {taskinstance.py:1159} INFO - Dependencies all met for <TaskInstance: multi_defence_dag.to_defend manual__2023-04-16T13:56:54.086572+00:00 [queued]>
[2023-04-16 13:57:44,557] {taskinstance.py:1356} INFO - 
--------------------------------------------------------------------------------
[2023-04-16 13:57:44,558] {taskinstance.py:1357} INFO - Starting attempt 1 of 2
[2023-04-16 13:57:44,563] {taskinstance.py:1358} INFO - 
--------------------------------------------------------------------------------
[2023-04-16 13:57:44,608] {taskinstance.py:1377} INFO - Executing <Task(BranchPythonOperator): to_defend> on 2023-04-16 13:56:54.086572+00:00
[2023-04-16 13:57:44,635] {standard_task_runner.py:52} INFO - Started process 537 to run task
[2023-04-16 13:57:44,645] {standard_task_runner.py:79} INFO - Running: ['***', 'tasks', 'run', 'multi_defence_dag', 'to_defend', 'manual__2023-04-16T13:56:54.086572+00:00', '--job-id', '5229', '--raw', '--subdir', 'DAGS_FOLDER/defence_dag.py', '--cfg-path', '/tmp/tmpniyuqw10', '--error-file', '/tmp/tmpdez4n3mr']
[2023-04-16 13:57:44,647] {standard_task_runner.py:80} INFO - Job 5229: Subtask to_defend
[2023-04-16 13:57:44,854] {task_command.py:369} INFO - Running <TaskInstance: multi_defence_dag.to_defend manual__2023-04-16T13:56:54.086572+00:00 [running]> on host c5458bb8a35c
[2023-04-16 13:57:45,067] {taskinstance.py:1571} INFO - Exporting the following env vars:
AIRFLOW_CTX_DAG_OWNER=***
AIRFLOW_CTX_DAG_ID=multi_defence_dag
AIRFLOW_CTX_TASK_ID=to_defend
AIRFLOW_CTX_EXECUTION_DATE=2023-04-16T13:56:54.086572+00:00
AIRFLOW_CTX_TRY_NUMBER=1
AIRFLOW_CTX_DAG_RUN_ID=manual__2023-04-16T13:56:54.086572+00:00
[2023-04-16 13:57:45,077] {transport.py:157} INFO - Attempting refresh to obtain initial access_token
[2023-04-16 13:57:45,093] {client.py:777} INFO - Refreshing access_token
[2023-04-16 13:57:45,965] {python.py:173} INFO - Done. Returned value was: stop
[2023-04-16 13:57:45,966] {skipmixin.py:140} INFO - Following branch stop
[2023-04-16 13:57:45,967] {skipmixin.py:175} INFO - Skipping tasks ['trigger_offence']
[2023-04-16 13:57:46,158] {taskinstance.py:1400} INFO - Marking task as SUCCESS. dag_id=multi_defence_dag, task_id=to_defend, execution_date=20230416T135654, start_date=20230416T135744, end_date=20230416T135746
[2023-04-16 13:57:46,235] {local_task_job.py:156} INFO - Task exited with return code 0
[2023-04-16 13:57:46,386] {local_task_job.py:273} INFO - 1 downstream tasks scheduled from follow-on schedule check
