[2023-03-19 16:27:36,389] {taskinstance.py:1159} INFO - Dependencies all met for <TaskInstance: defence_dag2.to_attack manual__2023-03-19T16:27:31.658982+00:00 [queued]>
[2023-03-19 16:27:36,396] {taskinstance.py:1159} INFO - Dependencies all met for <TaskInstance: defence_dag2.to_attack manual__2023-03-19T16:27:31.658982+00:00 [queued]>
[2023-03-19 16:27:36,396] {taskinstance.py:1356} INFO - 
--------------------------------------------------------------------------------
[2023-03-19 16:27:36,397] {taskinstance.py:1357} INFO - Starting attempt 1 of 1
[2023-03-19 16:27:36,398] {taskinstance.py:1358} INFO - 
--------------------------------------------------------------------------------
[2023-03-19 16:27:36,410] {taskinstance.py:1377} INFO - Executing <Task(BranchPythonOperator): to_attack> on 2023-03-19 16:27:31.658982+00:00
[2023-03-19 16:27:36,414] {standard_task_runner.py:52} INFO - Started process 325 to run task
[2023-03-19 16:27:36,416] {standard_task_runner.py:79} INFO - Running: ['***', 'tasks', 'run', 'defence_dag2', 'to_attack', 'manual__2023-03-19T16:27:31.658982+00:00', '--job-id', '1990', '--raw', '--subdir', 'DAGS_FOLDER/defese.py', '--cfg-path', '/tmp/tmpj8ncefa0', '--error-file', '/tmp/tmp3mdlerab']
[2023-03-19 16:27:36,417] {standard_task_runner.py:80} INFO - Job 1990: Subtask to_attack
[2023-03-19 16:27:36,463] {task_command.py:369} INFO - Running <TaskInstance: defence_dag2.to_attack manual__2023-03-19T16:27:31.658982+00:00 [running]> on host 6447f1dacd32
[2023-03-19 16:27:36,524] {taskinstance.py:1571} INFO - Exporting the following env vars:
AIRFLOW_CTX_DAG_OWNER=***
AIRFLOW_CTX_DAG_ID=defence_dag2
AIRFLOW_CTX_TASK_ID=to_attack
AIRFLOW_CTX_EXECUTION_DATE=2023-03-19T16:27:31.658982+00:00
AIRFLOW_CTX_TRY_NUMBER=1
AIRFLOW_CTX_DAG_RUN_ID=manual__2023-03-19T16:27:31.658982+00:00
[2023-03-19 16:27:36,538] {transport.py:157} INFO - Attempting refresh to obtain initial access_token
[2023-03-19 16:27:36,545] {client.py:777} INFO - Refreshing access_token
[2023-03-19 16:27:37,354] {logging_mixin.py:115} INFO - 404 No such object: mabdata207125196/counter.pickle (GET https://www.googleapis.com/storage/v1/b/mabdata207125196/o/counter.pickle?projection=noAcl)
[2023-03-19 16:27:37,354] {taskinstance.py:1889} ERROR - Task failed with exception
Traceback (most recent call last):
  File "/home/airflow/.local/lib/python3.7/site-packages/airflow/operators/python.py", line 207, in execute
    branch = super().execute(context)
  File "/home/airflow/.local/lib/python3.7/site-packages/airflow/operators/python.py", line 171, in execute
    return_value = self.execute_callable()
  File "/home/airflow/.local/lib/python3.7/site-packages/airflow/operators/python.py", line 189, in execute_callable
    return self.python_callable(*self.op_args, **self.op_kwargs)
  File "/opt/airflow/dags/defese.py", line 38, in to_attack
    cycles = get_counter().cycles
AttributeError: 'NoneType' object has no attribute 'cycles'
[2023-03-19 16:27:37,366] {taskinstance.py:1400} INFO - Marking task as FAILED. dag_id=defence_dag2, task_id=to_attack, execution_date=20230319T162731, start_date=20230319T162736, end_date=20230319T162737
[2023-03-19 16:27:37,380] {standard_task_runner.py:97} ERROR - Failed to execute job 1990 for task to_attack ('NoneType' object has no attribute 'cycles'; 325)
[2023-03-19 16:27:37,395] {local_task_job.py:156} INFO - Task exited with return code 1
[2023-03-19 16:27:37,439] {local_task_job.py:273} INFO - 0 downstream tasks scheduled from follow-on schedule check
