[2023-03-16 15:54:32,260] {taskinstance.py:1159} INFO - Dependencies all met for <TaskInstance: xcom_dag.choose_attack manual__2023-03-16T15:54:30.888645+00:00 [queued]>
[2023-03-16 15:54:32,267] {taskinstance.py:1159} INFO - Dependencies all met for <TaskInstance: xcom_dag.choose_attack manual__2023-03-16T15:54:30.888645+00:00 [queued]>
[2023-03-16 15:54:32,268] {taskinstance.py:1356} INFO - 
--------------------------------------------------------------------------------
[2023-03-16 15:54:32,268] {taskinstance.py:1357} INFO - Starting attempt 1 of 2
[2023-03-16 15:54:32,268] {taskinstance.py:1358} INFO - 
--------------------------------------------------------------------------------
[2023-03-16 15:54:32,278] {taskinstance.py:1377} INFO - Executing <Task(PythonOperator): choose_attack> on 2023-03-16 15:54:30.888645+00:00
[2023-03-16 15:54:32,281] {standard_task_runner.py:52} INFO - Started process 128 to run task
[2023-03-16 15:54:32,283] {standard_task_runner.py:79} INFO - Running: ['***', 'tasks', 'run', 'xcom_dag', 'choose_attack', 'manual__2023-03-16T15:54:30.888645+00:00', '--job-id', '1427', '--raw', '--subdir', 'DAGS_FOLDER/dynamic_dag.py', '--cfg-path', '/tmp/tmpefh4c195', '--error-file', '/tmp/tmpf2kyk_bf']
[2023-03-16 15:54:32,284] {standard_task_runner.py:80} INFO - Job 1427: Subtask choose_attack
[2023-03-16 15:54:32,321] {task_command.py:369} INFO - Running <TaskInstance: xcom_dag.choose_attack manual__2023-03-16T15:54:30.888645+00:00 [running]> on host 596adcca7378
[2023-03-16 15:54:32,369] {taskinstance.py:1571} INFO - Exporting the following env vars:
AIRFLOW_CTX_DAG_OWNER=***
AIRFLOW_CTX_DAG_ID=xcom_dag
AIRFLOW_CTX_TASK_ID=choose_attack
AIRFLOW_CTX_EXECUTION_DATE=2023-03-16T15:54:30.888645+00:00
AIRFLOW_CTX_TRY_NUMBER=1
AIRFLOW_CTX_DAG_RUN_ID=manual__2023-03-16T15:54:30.888645+00:00
[2023-03-16 15:54:32,395] {python.py:173} INFO - Done. Returned value was: None
[2023-03-16 15:54:32,404] {taskinstance.py:1400} INFO - Marking task as SUCCESS. dag_id=xcom_dag, task_id=choose_attack, execution_date=20230316T155430, start_date=20230316T155432, end_date=20230316T155432
[2023-03-16 15:54:32,416] {local_task_job.py:156} INFO - Task exited with return code 0
[2023-03-16 15:54:32,447] {local_task_job.py:273} INFO - 3 downstream tasks scheduled from follow-on schedule check
