[2023-03-12 15:53:21,713] {taskinstance.py:1159} INFO - Dependencies all met for <TaskInstance: defence_dag.storing manual__2023-03-12T15:53:20.661986+00:00 [queued]>
[2023-03-12 15:53:21,721] {taskinstance.py:1159} INFO - Dependencies all met for <TaskInstance: defence_dag.storing manual__2023-03-12T15:53:20.661986+00:00 [queued]>
[2023-03-12 15:53:21,721] {taskinstance.py:1356} INFO - 
--------------------------------------------------------------------------------
[2023-03-12 15:53:21,721] {taskinstance.py:1357} INFO - Starting attempt 1 of 1
[2023-03-12 15:53:21,722] {taskinstance.py:1358} INFO - 
--------------------------------------------------------------------------------
[2023-03-12 15:53:21,733] {taskinstance.py:1377} INFO - Executing <Task(BashOperator): storing> on 2023-03-12 15:53:20.661986+00:00
[2023-03-12 15:53:21,737] {standard_task_runner.py:52} INFO - Started process 239 to run task
[2023-03-12 15:53:21,739] {standard_task_runner.py:79} INFO - Running: ['***', 'tasks', 'run', 'defence_dag', 'storing', 'manual__2023-03-12T15:53:20.661986+00:00', '--job-id', '642', '--raw', '--subdir', 'DAGS_FOLDER/defese.py', '--cfg-path', '/tmp/tmpt_d40faw', '--error-file', '/tmp/tmpm2hzi46v']
[2023-03-12 15:53:21,740] {standard_task_runner.py:80} INFO - Job 642: Subtask storing
[2023-03-12 15:53:21,782] {task_command.py:369} INFO - Running <TaskInstance: defence_dag.storing manual__2023-03-12T15:53:20.661986+00:00 [running]> on host 596adcca7378
[2023-03-12 15:53:21,838] {taskinstance.py:1571} INFO - Exporting the following env vars:
AIRFLOW_CTX_DAG_OWNER=***
AIRFLOW_CTX_DAG_ID=defence_dag
AIRFLOW_CTX_TASK_ID=storing
AIRFLOW_CTX_EXECUTION_DATE=2023-03-12T15:53:20.661986+00:00
AIRFLOW_CTX_TRY_NUMBER=1
AIRFLOW_CTX_DAG_RUN_ID=manual__2023-03-12T15:53:20.661986+00:00
[2023-03-12 15:53:21,839] {subprocess.py:62} INFO - Tmp dir root location: 
 /tmp
[2023-03-12 15:53:21,840] {subprocess.py:74} INFO - Running command: ['bash', '-c', 'sleep 1']
[2023-03-12 15:53:21,849] {subprocess.py:85} INFO - Output:
[2023-03-12 15:53:22,851] {subprocess.py:96} INFO - Command exited with return code 0
[2023-03-12 15:53:22,882] {taskinstance.py:1400} INFO - Marking task as SUCCESS. dag_id=defence_dag, task_id=storing, execution_date=20230312T155320, start_date=20230312T155321, end_date=20230312T155322
[2023-03-12 15:53:22,923] {local_task_job.py:156} INFO - Task exited with return code 0
[2023-03-12 15:53:22,956] {local_task_job.py:273} INFO - 1 downstream tasks scheduled from follow-on schedule check
