[2023-03-19 12:54:47,793] {taskinstance.py:1159} INFO - Dependencies all met for <TaskInstance: defence_dag2.storing manual__2023-03-19T12:54:45.819786+00:00 [queued]>
[2023-03-19 12:54:47,803] {taskinstance.py:1159} INFO - Dependencies all met for <TaskInstance: defence_dag2.storing manual__2023-03-19T12:54:45.819786+00:00 [queued]>
[2023-03-19 12:54:47,805] {taskinstance.py:1356} INFO - 
--------------------------------------------------------------------------------
[2023-03-19 12:54:47,805] {taskinstance.py:1357} INFO - Starting attempt 1 of 1
[2023-03-19 12:54:47,806] {taskinstance.py:1358} INFO - 
--------------------------------------------------------------------------------
[2023-03-19 12:54:47,827] {taskinstance.py:1377} INFO - Executing <Task(BashOperator): storing> on 2023-03-19 12:54:45.819786+00:00
[2023-03-19 12:54:47,831] {standard_task_runner.py:52} INFO - Started process 198 to run task
[2023-03-19 12:54:47,835] {standard_task_runner.py:79} INFO - Running: ['***', 'tasks', 'run', 'defence_dag2', 'storing', 'manual__2023-03-19T12:54:45.819786+00:00', '--job-id', '1735', '--raw', '--subdir', 'DAGS_FOLDER/defese.py', '--cfg-path', '/tmp/tmpisoi5lx0', '--error-file', '/tmp/tmpc0ns3mam']
[2023-03-19 12:54:47,837] {standard_task_runner.py:80} INFO - Job 1735: Subtask storing
[2023-03-19 12:54:47,887] {task_command.py:369} INFO - Running <TaskInstance: defence_dag2.storing manual__2023-03-19T12:54:45.819786+00:00 [running]> on host e8c10a6b6dce
[2023-03-19 12:54:47,949] {taskinstance.py:1571} INFO - Exporting the following env vars:
AIRFLOW_CTX_DAG_OWNER=***
AIRFLOW_CTX_DAG_ID=defence_dag2
AIRFLOW_CTX_TASK_ID=storing
AIRFLOW_CTX_EXECUTION_DATE=2023-03-19T12:54:45.819786+00:00
AIRFLOW_CTX_TRY_NUMBER=1
AIRFLOW_CTX_DAG_RUN_ID=manual__2023-03-19T12:54:45.819786+00:00
[2023-03-19 12:54:47,951] {subprocess.py:62} INFO - Tmp dir root location: 
 /tmp
[2023-03-19 12:54:47,952] {subprocess.py:74} INFO - Running command: ['bash', '-c', 'sleep 1']
[2023-03-19 12:54:47,960] {subprocess.py:85} INFO - Output:
[2023-03-19 12:54:48,963] {subprocess.py:96} INFO - Command exited with return code 0
[2023-03-19 12:54:48,991] {taskinstance.py:1400} INFO - Marking task as SUCCESS. dag_id=defence_dag2, task_id=storing, execution_date=20230319T125445, start_date=20230319T125447, end_date=20230319T125448
[2023-03-19 12:54:49,013] {local_task_job.py:156} INFO - Task exited with return code 0
[2023-03-19 12:54:49,053] {local_task_job.py:273} INFO - 1 downstream tasks scheduled from follow-on schedule check
