[2023-03-19 09:35:57,884] {taskinstance.py:1159} INFO - Dependencies all met for <TaskInstance: xcom_dag.choose_attack manual__2023-03-19T09:35:56.040438+00:00 [queued]>
[2023-03-19 09:35:57,894] {taskinstance.py:1159} INFO - Dependencies all met for <TaskInstance: xcom_dag.choose_attack manual__2023-03-19T09:35:56.040438+00:00 [queued]>
[2023-03-19 09:35:57,894] {taskinstance.py:1356} INFO - 
--------------------------------------------------------------------------------
[2023-03-19 09:35:57,895] {taskinstance.py:1357} INFO - Starting attempt 1 of 2
[2023-03-19 09:35:57,896] {taskinstance.py:1358} INFO - 
--------------------------------------------------------------------------------
[2023-03-19 09:35:57,911] {taskinstance.py:1377} INFO - Executing <Task(PythonOperator): choose_attack> on 2023-03-19 09:35:56.040438+00:00
[2023-03-19 09:35:57,916] {standard_task_runner.py:52} INFO - Started process 242 to run task
[2023-03-19 09:35:57,920] {standard_task_runner.py:79} INFO - Running: ['***', 'tasks', 'run', 'xcom_dag', 'choose_attack', 'manual__2023-03-19T09:35:56.040438+00:00', '--job-id', '1525', '--raw', '--subdir', 'DAGS_FOLDER/dynamic_dag.py', '--cfg-path', '/tmp/tmpdfjvyrd5', '--error-file', '/tmp/tmpre3ohgki']
[2023-03-19 09:35:57,921] {standard_task_runner.py:80} INFO - Job 1525: Subtask choose_attack
[2023-03-19 09:35:57,981] {task_command.py:369} INFO - Running <TaskInstance: xcom_dag.choose_attack manual__2023-03-19T09:35:56.040438+00:00 [running]> on host 94a169178fd0
[2023-03-19 09:35:58,061] {taskinstance.py:1571} INFO - Exporting the following env vars:
AIRFLOW_CTX_DAG_OWNER=***
AIRFLOW_CTX_DAG_ID=xcom_dag
AIRFLOW_CTX_TASK_ID=choose_attack
AIRFLOW_CTX_EXECUTION_DATE=2023-03-19T09:35:56.040438+00:00
AIRFLOW_CTX_TRY_NUMBER=1
AIRFLOW_CTX_DAG_RUN_ID=manual__2023-03-19T09:35:56.040438+00:00
[2023-03-19 09:35:58,104] {python.py:173} INFO - Done. Returned value was: None
[2023-03-19 09:35:58,119] {taskinstance.py:1400} INFO - Marking task as SUCCESS. dag_id=xcom_dag, task_id=choose_attack, execution_date=20230319T093556, start_date=20230319T093557, end_date=20230319T093558
[2023-03-19 09:35:58,173] {local_task_job.py:156} INFO - Task exited with return code 0
[2023-03-19 09:35:58,224] {local_task_job.py:273} INFO - 3 downstream tasks scheduled from follow-on schedule check
