[2023-03-19 10:25:52,103] {taskinstance.py:1159} INFO - Dependencies all met for <TaskInstance: xcom_dag.attack3 manual__2023-03-19T10:25:48.414859+00:00 [queued]>
[2023-03-19 10:25:52,134] {taskinstance.py:1159} INFO - Dependencies all met for <TaskInstance: xcom_dag.attack3 manual__2023-03-19T10:25:48.414859+00:00 [queued]>
[2023-03-19 10:25:52,135] {taskinstance.py:1356} INFO - 
--------------------------------------------------------------------------------
[2023-03-19 10:25:52,136] {taskinstance.py:1357} INFO - Starting attempt 1 of 2
[2023-03-19 10:25:52,137] {taskinstance.py:1358} INFO - 
--------------------------------------------------------------------------------
[2023-03-19 10:25:52,180] {taskinstance.py:1377} INFO - Executing <Task(PythonOperator): attack3> on 2023-03-19 10:25:48.414859+00:00
[2023-03-19 10:25:52,189] {standard_task_runner.py:52} INFO - Started process 82 to run task
[2023-03-19 10:25:52,197] {standard_task_runner.py:79} INFO - Running: ['***', 'tasks', 'run', 'xcom_dag', 'attack3', 'manual__2023-03-19T10:25:48.414859+00:00', '--job-id', '1599', '--raw', '--subdir', 'DAGS_FOLDER/dynamic_dag.py', '--cfg-path', '/tmp/tmp9ocb2hy4', '--error-file', '/tmp/tmp34g15rak']
[2023-03-19 10:25:52,200] {standard_task_runner.py:80} INFO - Job 1599: Subtask attack3
[2023-03-19 10:25:52,337] {task_command.py:369} INFO - Running <TaskInstance: xcom_dag.attack3 manual__2023-03-19T10:25:48.414859+00:00 [running]> on host de4be3e36311
[2023-03-19 10:25:52,508] {taskinstance.py:1571} INFO - Exporting the following env vars:
AIRFLOW_CTX_DAG_OWNER=***
AIRFLOW_CTX_DAG_ID=xcom_dag
AIRFLOW_CTX_TASK_ID=attack3
AIRFLOW_CTX_EXECUTION_DATE=2023-03-19T10:25:48.414859+00:00
AIRFLOW_CTX_TRY_NUMBER=1
AIRFLOW_CTX_DAG_RUN_ID=manual__2023-03-19T10:25:48.414859+00:00
[2023-03-19 10:25:52,545] {python.py:173} INFO - Done. Returned value was: None
[2023-03-19 10:25:52,570] {taskinstance.py:1400} INFO - Marking task as SUCCESS. dag_id=xcom_dag, task_id=attack3, execution_date=20230319T102548, start_date=20230319T102552, end_date=20230319T102552
[2023-03-19 10:25:52,612] {local_task_job.py:156} INFO - Task exited with return code 0
[2023-03-19 10:25:52,696] {local_task_job.py:273} INFO - 0 downstream tasks scheduled from follow-on schedule check
