[2023-04-16 13:43:57,722] {taskinstance.py:1159} INFO - Dependencies all met for <TaskInstance: multi_attack_dag.attack_BasicIterativeMethod manual__2023-04-16T13:29:31.518805+00:00 [queued]>
[2023-04-16 13:43:57,851] {taskinstance.py:1159} INFO - Dependencies all met for <TaskInstance: multi_attack_dag.attack_BasicIterativeMethod manual__2023-04-16T13:29:31.518805+00:00 [queued]>
[2023-04-16 13:43:57,852] {taskinstance.py:1356} INFO - 
--------------------------------------------------------------------------------
[2023-04-16 13:43:57,861] {taskinstance.py:1357} INFO - Starting attempt 1 of 2
[2023-04-16 13:43:57,861] {taskinstance.py:1358} INFO - 
--------------------------------------------------------------------------------
[2023-04-16 13:43:58,023] {taskinstance.py:1377} INFO - Executing <Task(PythonOperator): attack_BasicIterativeMethod> on 2023-04-16 13:29:31.518805+00:00
[2023-04-16 13:43:58,122] {standard_task_runner.py:52} INFO - Started process 957 to run task
[2023-04-16 13:43:58,186] {standard_task_runner.py:79} INFO - Running: ['***', 'tasks', 'run', 'multi_attack_dag', 'attack_BasicIterativeMethod', 'manual__2023-04-16T13:29:31.518805+00:00', '--job-id', '5177', '--raw', '--subdir', 'DAGS_FOLDER/attack_dag.py', '--cfg-path', '/tmp/tmpxmvne6xn', '--error-file', '/tmp/tmpnsswmg5h']
[2023-04-16 13:43:58,221] {standard_task_runner.py:80} INFO - Job 5177: Subtask attack_BasicIterativeMethod
[2023-04-16 13:43:58,992] {task_command.py:369} INFO - Running <TaskInstance: multi_attack_dag.attack_BasicIterativeMethod manual__2023-04-16T13:29:31.518805+00:00 [running]> on host c5458bb8a35c
[2023-04-16 13:43:59,596] {taskinstance.py:1571} INFO - Exporting the following env vars:
AIRFLOW_CTX_DAG_OWNER=***
AIRFLOW_CTX_DAG_ID=multi_attack_dag
AIRFLOW_CTX_TASK_ID=attack_BasicIterativeMethod
AIRFLOW_CTX_EXECUTION_DATE=2023-04-16T13:29:31.518805+00:00
AIRFLOW_CTX_TRY_NUMBER=1
AIRFLOW_CTX_DAG_RUN_ID=manual__2023-04-16T13:29:31.518805+00:00
[2023-04-16 13:43:59,801] {transport.py:157} INFO - Attempting refresh to obtain initial access_token
[2023-04-16 13:43:59,862] {client.py:777} INFO - Refreshing access_token
[2023-04-16 13:44:01,289] {transport.py:157} INFO - Attempting refresh to obtain initial access_token
[2023-04-16 13:44:01,338] {client.py:777} INFO - Refreshing access_token
[2023-04-16 13:44:03,221] {transport.py:157} INFO - Attempting refresh to obtain initial access_token
[2023-04-16 13:44:03,242] {client.py:777} INFO - Refreshing access_token
[2023-04-16 13:44:04,160] {pytorch.py:1198} INFO - Inferred 5 hidden layers on PyTorch classifier.
[2023-04-16 13:44:04,183] {transport.py:157} INFO - Attempting refresh to obtain initial access_token
[2023-04-16 13:44:04,212] {client.py:777} INFO - Refreshing access_token
