[2023-04-27 10:57:43,046] {taskinstance.py:1159} INFO - Dependencies all met for <TaskInstance: multi_attack_dag.attack_ElasticNet manual__2023-04-27T10:40:33.319519+00:00 [queued]>
[2023-04-27 10:57:43,169] {taskinstance.py:1159} INFO - Dependencies all met for <TaskInstance: multi_attack_dag.attack_ElasticNet manual__2023-04-27T10:40:33.319519+00:00 [queued]>
[2023-04-27 10:57:43,199] {taskinstance.py:1356} INFO - 
--------------------------------------------------------------------------------
[2023-04-27 10:57:43,200] {taskinstance.py:1357} INFO - Starting attempt 1 of 2
[2023-04-27 10:57:43,200] {taskinstance.py:1358} INFO - 
--------------------------------------------------------------------------------
[2023-04-27 10:57:43,426] {taskinstance.py:1377} INFO - Executing <Task(PythonOperator): attack_ElasticNet> on 2023-04-27 10:40:33.319519+00:00
[2023-04-27 10:57:43,512] {standard_task_runner.py:79} INFO - Running: ['***', 'tasks', 'run', 'multi_attack_dag', 'attack_ElasticNet', 'manual__2023-04-27T10:40:33.319519+00:00', '--job-id', '6703', '--raw', '--subdir', 'DAGS_FOLDER/attack_dag.py', '--cfg-path', '/tmp/tmpeg2hv6gb', '--error-file', '/tmp/tmppr4zkkfs']
[2023-04-27 10:57:43,478] {standard_task_runner.py:52} INFO - Started process 339 to run task
[2023-04-27 10:57:43,579] {standard_task_runner.py:80} INFO - Job 6703: Subtask attack_ElasticNet
[2023-04-27 10:57:44,122] {task_command.py:369} INFO - Running <TaskInstance: multi_attack_dag.attack_ElasticNet manual__2023-04-27T10:40:33.319519+00:00 [running]> on host e7e31d5a6603
[2023-04-27 10:57:44,701] {taskinstance.py:1571} INFO - Exporting the following env vars:
AIRFLOW_CTX_DAG_OWNER=***
AIRFLOW_CTX_DAG_ID=multi_attack_dag
AIRFLOW_CTX_TASK_ID=attack_ElasticNet
AIRFLOW_CTX_EXECUTION_DATE=2023-04-27T10:40:33.319519+00:00
AIRFLOW_CTX_TRY_NUMBER=1
AIRFLOW_CTX_DAG_RUN_ID=manual__2023-04-27T10:40:33.319519+00:00
[2023-04-27 10:57:44,757] {transport.py:157} INFO - Attempting refresh to obtain initial access_token
[2023-04-27 10:57:44,774] {client.py:777} INFO - Refreshing access_token
[2023-04-27 10:57:45,647] {transport.py:157} INFO - Attempting refresh to obtain initial access_token
[2023-04-27 10:57:45,658] {client.py:777} INFO - Refreshing access_token
[2023-04-27 10:58:06,864] {pytorch.py:1198} INFO - Inferred 5 hidden layers on PyTorch classifier.
[2023-04-27 11:01:38,318] {attack_dag.py:643} INFO - Optimizing...
[2023-04-27 11:01:38,348] {logging_mixin.py:115} INFO - I am right here on <class 'art.attacks.evasion.elastic_net.ElasticNet'>
[2023-04-27 11:01:38,369] {taskinstance.py:1889} ERROR - Task failed with exception
Traceback (most recent call last):
  File "/opt/airflow/dags/attack_dag.py", line 645, in attack
    optimized_attack = optimize_evasion_attack(attack_obj,estimator,x_test,y_test)
  File "/opt/airflow/dags/attack_dag.py", line 617, in optimize_evasion_attack
    search_space = [v for k, v in attack_parameter_range[attack.__name__].items()]
KeyError: 'ElasticNet'

During handling of the above exception, another exception occurred:

Traceback (most recent call last):
  File "/home/airflow/.local/lib/python3.7/site-packages/airflow/operators/python.py", line 171, in execute
    return_value = self.execute_callable()
  File "/home/airflow/.local/lib/python3.7/site-packages/airflow/operators/python.py", line 189, in execute_callable
    return self.python_callable(*self.op_args, **self.op_kwargs)
  File "/opt/airflow/dags/attack_dag.py", line 450, in attack_ElasticNet
    model_acc, adversarial_examples  = attack(ElasticNet)
  File "/opt/airflow/dags/attack_dag.py", line 648, in attack
    optimized_attack = attack_obj(estimator=estimator, eps=0.2)
TypeError: __init__() got an unexpected keyword argument 'estimator'
[2023-04-27 11:01:38,579] {taskinstance.py:1400} INFO - Marking task as UP_FOR_RETRY. dag_id=multi_attack_dag, task_id=attack_ElasticNet, execution_date=20230427T104033, start_date=20230427T105743, end_date=20230427T110138
[2023-04-27 11:01:38,812] {standard_task_runner.py:97} ERROR - Failed to execute job 6703 for task attack_ElasticNet (__init__() got an unexpected keyword argument 'estimator'; 339)
[2023-04-27 11:01:38,875] {local_task_job.py:156} INFO - Task exited with return code 1
[2023-04-27 11:01:39,472] {local_task_job.py:273} INFO - 0 downstream tasks scheduled from follow-on schedule check
