[2023-03-23 15:36:40,078] {taskinstance.py:1159} INFO - Dependencies all met for <TaskInstance: multi_defence_dag.to_defence1 manual__2023-03-23T15:36:30.778027+00:00 [queued]>
[2023-03-23 15:36:40,105] {taskinstance.py:1159} INFO - Dependencies all met for <TaskInstance: multi_defence_dag.to_defence1 manual__2023-03-23T15:36:30.778027+00:00 [queued]>
[2023-03-23 15:36:40,107] {taskinstance.py:1356} INFO - 
--------------------------------------------------------------------------------
[2023-03-23 15:36:40,108] {taskinstance.py:1357} INFO - Starting attempt 1 of 2
[2023-03-23 15:36:40,109] {taskinstance.py:1358} INFO - 
--------------------------------------------------------------------------------
[2023-03-23 15:36:40,152] {taskinstance.py:1377} INFO - Executing <Task(BranchPythonOperator): to_defence1> on 2023-03-23 15:36:30.778027+00:00
[2023-03-23 15:36:40,167] {standard_task_runner.py:52} INFO - Started process 13233 to run task
[2023-03-23 15:36:40,182] {standard_task_runner.py:79} INFO - Running: ['***', 'tasks', 'run', 'multi_defence_dag', 'to_defence1', 'manual__2023-03-23T15:36:30.778027+00:00', '--job-id', '3440', '--raw', '--subdir', 'DAGS_FOLDER/defence_dag.py', '--cfg-path', '/tmp/tmpesruuoj2', '--error-file', '/tmp/tmpv_1908x_']
[2023-03-23 15:36:40,185] {standard_task_runner.py:80} INFO - Job 3440: Subtask to_defence1
[2023-03-23 15:36:40,366] {task_command.py:369} INFO - Running <TaskInstance: multi_defence_dag.to_defence1 manual__2023-03-23T15:36:30.778027+00:00 [running]> on host 6447f1dacd32
[2023-03-23 15:36:40,575] {taskinstance.py:1571} INFO - Exporting the following env vars:
AIRFLOW_CTX_DAG_OWNER=***
AIRFLOW_CTX_DAG_ID=multi_defence_dag
AIRFLOW_CTX_TASK_ID=to_defence1
AIRFLOW_CTX_EXECUTION_DATE=2023-03-23T15:36:30.778027+00:00
AIRFLOW_CTX_TRY_NUMBER=1
AIRFLOW_CTX_DAG_RUN_ID=manual__2023-03-23T15:36:30.778027+00:00
[2023-03-23 15:36:40,599] {python.py:173} INFO - Done. Returned value was: Defence1
[2023-03-23 15:36:40,600] {skipmixin.py:140} INFO - Following branch Defence1
[2023-03-23 15:36:40,602] {skipmixin.py:175} INFO - Skipping tasks ['default']
[2023-03-23 15:36:40,805] {taskinstance.py:1400} INFO - Marking task as SUCCESS. dag_id=multi_defence_dag, task_id=to_defence1, execution_date=20230323T153630, start_date=20230323T153640, end_date=20230323T153640
[2023-03-23 15:36:40,879] {local_task_job.py:156} INFO - Task exited with return code 0
[2023-03-23 15:36:40,981] {local_task_job.py:273} INFO - 1 downstream tasks scheduled from follow-on schedule check
