[2023-04-30 09:13:48,232] {taskinstance.py:1159} INFO - Dependencies all met for <TaskInstance: multi_defence_dag.stop manual__2023-04-30T09:13:25.224634+00:00 [queued]>
[2023-04-30 09:13:48,246] {taskinstance.py:1159} INFO - Dependencies all met for <TaskInstance: multi_defence_dag.stop manual__2023-04-30T09:13:25.224634+00:00 [queued]>
[2023-04-30 09:13:48,247] {taskinstance.py:1356} INFO - 
--------------------------------------------------------------------------------
[2023-04-30 09:13:48,247] {taskinstance.py:1357} INFO - Starting attempt 1 of 2
[2023-04-30 09:13:48,253] {taskinstance.py:1358} INFO - 
--------------------------------------------------------------------------------
[2023-04-30 09:13:48,278] {taskinstance.py:1377} INFO - Executing <Task(PythonOperator): stop> on 2023-04-30 09:13:25.224634+00:00
[2023-04-30 09:13:48,292] {standard_task_runner.py:52} INFO - Started process 589 to run task
[2023-04-30 09:13:48,297] {standard_task_runner.py:79} INFO - Running: ['***', 'tasks', 'run', 'multi_defence_dag', 'stop', 'manual__2023-04-30T09:13:25.224634+00:00', '--job-id', '7265', '--raw', '--subdir', 'DAGS_FOLDER/defence_dag.py', '--cfg-path', '/tmp/tmp9i5g621x', '--error-file', '/tmp/tmpiaehfaeb']
[2023-04-30 09:13:48,300] {standard_task_runner.py:80} INFO - Job 7265: Subtask stop
[2023-04-30 09:13:48,367] {task_command.py:369} INFO - Running <TaskInstance: multi_defence_dag.stop manual__2023-04-30T09:13:25.224634+00:00 [running]> on host e7e31d5a6603
[2023-04-30 09:13:48,467] {taskinstance.py:1571} INFO - Exporting the following env vars:
AIRFLOW_CTX_DAG_OWNER=***
AIRFLOW_CTX_DAG_ID=multi_defence_dag
AIRFLOW_CTX_TASK_ID=stop
AIRFLOW_CTX_EXECUTION_DATE=2023-04-30T09:13:25.224634+00:00
AIRFLOW_CTX_TRY_NUMBER=1
AIRFLOW_CTX_DAG_RUN_ID=manual__2023-04-30T09:13:25.224634+00:00
[2023-04-30 09:13:48,469] {python.py:173} INFO - Done. Returned value was: Cycle has ended
[2023-04-30 09:13:48,504] {taskinstance.py:1400} INFO - Marking task as SUCCESS. dag_id=multi_defence_dag, task_id=stop, execution_date=20230430T091325, start_date=20230430T091348, end_date=20230430T091348
[2023-04-30 09:13:48,553] {local_task_job.py:156} INFO - Task exited with return code 0
[2023-04-30 09:13:48,594] {local_task_job.py:273} INFO - 0 downstream tasks scheduled from follow-on schedule check
