[2023-03-23 15:47:35,852] {taskinstance.py:1159} INFO - Dependencies all met for <TaskInstance: multi_attack_dag.choose_attack manual__2023-03-23T15:47:30.858021+00:00 [queued]>
[2023-03-23 15:47:35,890] {taskinstance.py:1159} INFO - Dependencies all met for <TaskInstance: multi_attack_dag.choose_attack manual__2023-03-23T15:47:30.858021+00:00 [queued]>
[2023-03-23 15:47:35,892] {taskinstance.py:1356} INFO - 
--------------------------------------------------------------------------------
[2023-03-23 15:47:35,895] {taskinstance.py:1357} INFO - Starting attempt 1 of 2
[2023-03-23 15:47:35,897] {taskinstance.py:1358} INFO - 
--------------------------------------------------------------------------------
[2023-03-23 15:47:35,986] {taskinstance.py:1377} INFO - Executing <Task(PythonOperator): choose_attack> on 2023-03-23 15:47:30.858021+00:00
[2023-03-23 15:47:36,003] {standard_task_runner.py:52} INFO - Started process 13848 to run task
[2023-03-23 15:47:36,017] {standard_task_runner.py:79} INFO - Running: ['***', 'tasks', 'run', 'multi_attack_dag', 'choose_attack', 'manual__2023-03-23T15:47:30.858021+00:00', '--job-id', '3549', '--raw', '--subdir', 'DAGS_FOLDER/attack_dag.py', '--cfg-path', '/tmp/tmp2ydld3qr', '--error-file', '/tmp/tmp3fo_1cr3']
[2023-03-23 15:47:36,020] {standard_task_runner.py:80} INFO - Job 3549: Subtask choose_attack
[2023-03-23 15:47:36,316] {task_command.py:369} INFO - Running <TaskInstance: multi_attack_dag.choose_attack manual__2023-03-23T15:47:30.858021+00:00 [running]> on host 6447f1dacd32
[2023-03-23 15:47:36,729] {taskinstance.py:1571} INFO - Exporting the following env vars:
AIRFLOW_CTX_DAG_OWNER=***
AIRFLOW_CTX_DAG_ID=multi_attack_dag
AIRFLOW_CTX_TASK_ID=choose_attack
AIRFLOW_CTX_EXECUTION_DATE=2023-03-23T15:47:30.858021+00:00
AIRFLOW_CTX_TRY_NUMBER=1
AIRFLOW_CTX_DAG_RUN_ID=manual__2023-03-23T15:47:30.858021+00:00
[2023-03-23 15:47:36,946] {python.py:173} INFO - Done. Returned value was: None
[2023-03-23 15:47:37,031] {taskinstance.py:1400} INFO - Marking task as SUCCESS. dag_id=multi_attack_dag, task_id=choose_attack, execution_date=20230323T154730, start_date=20230323T154735, end_date=20230323T154737
[2023-03-23 15:47:37,164] {local_task_job.py:156} INFO - Task exited with return code 0
[2023-03-23 15:47:37,564] {local_task_job.py:273} INFO - 0 downstream tasks scheduled from follow-on schedule check
