[2023-04-27 08:52:41,113] {taskinstance.py:1159} INFO - Dependencies all met for <TaskInstance: multi_attack_dag.to_attack_SaliencyMapMethod manual__2023-04-27T08:51:22.380115+00:00 [queued]>
[2023-04-27 08:52:41,265] {taskinstance.py:1159} INFO - Dependencies all met for <TaskInstance: multi_attack_dag.to_attack_SaliencyMapMethod manual__2023-04-27T08:51:22.380115+00:00 [queued]>
[2023-04-27 08:52:41,267] {taskinstance.py:1356} INFO - 
--------------------------------------------------------------------------------
[2023-04-27 08:52:41,268] {taskinstance.py:1357} INFO - Starting attempt 1 of 2
[2023-04-27 08:52:41,269] {taskinstance.py:1358} INFO - 
--------------------------------------------------------------------------------
[2023-04-27 08:52:41,304] {taskinstance.py:1377} INFO - Executing <Task(BranchPythonOperator): to_attack_SaliencyMapMethod> on 2023-04-27 08:51:22.380115+00:00
[2023-04-27 08:52:41,376] {standard_task_runner.py:52} INFO - Started process 1942 to run task
[2023-04-27 08:52:41,429] {standard_task_runner.py:79} INFO - Running: ['***', 'tasks', 'run', 'multi_attack_dag', 'to_attack_SaliencyMapMethod', 'manual__2023-04-27T08:51:22.380115+00:00', '--job-id', '6391', '--raw', '--subdir', 'DAGS_FOLDER/attack_dag.py', '--cfg-path', '/tmp/tmpswmt2f7u', '--error-file', '/tmp/tmp1d8vgfph']
[2023-04-27 08:52:41,452] {standard_task_runner.py:80} INFO - Job 6391: Subtask to_attack_SaliencyMapMethod
[2023-04-27 08:52:42,055] {task_command.py:369} INFO - Running <TaskInstance: multi_attack_dag.to_attack_SaliencyMapMethod manual__2023-04-27T08:51:22.380115+00:00 [running]> on host e7e31d5a6603
[2023-04-27 08:52:42,729] {taskinstance.py:1571} INFO - Exporting the following env vars:
AIRFLOW_CTX_DAG_OWNER=***
AIRFLOW_CTX_DAG_ID=multi_attack_dag
AIRFLOW_CTX_TASK_ID=to_attack_SaliencyMapMethod
AIRFLOW_CTX_EXECUTION_DATE=2023-04-27T08:51:22.380115+00:00
AIRFLOW_CTX_TRY_NUMBER=1
AIRFLOW_CTX_DAG_RUN_ID=manual__2023-04-27T08:51:22.380115+00:00
[2023-04-27 08:52:42,784] {python.py:173} INFO - Done. Returned value was: default
[2023-04-27 08:52:42,791] {skipmixin.py:140} INFO - Following branch default
[2023-04-27 08:52:42,792] {skipmixin.py:175} INFO - Skipping tasks ['attack_SaliencyMapMethod']
[2023-04-27 08:52:43,121] {taskinstance.py:1400} INFO - Marking task as SUCCESS. dag_id=multi_attack_dag, task_id=to_attack_SaliencyMapMethod, execution_date=20230427T085122, start_date=20230427T085241, end_date=20230427T085243
[2023-04-27 08:52:43,264] {local_task_job.py:156} INFO - Task exited with return code 0
[2023-04-27 08:52:44,139] {local_task_job.py:273} INFO - 0 downstream tasks scheduled from follow-on schedule check
