[2023-03-23 15:49:53,585] {taskinstance.py:1159} INFO - Dependencies all met for <TaskInstance: multi_defence_dag.Defence1 manual__2023-03-23T15:49:39.805327+00:00 [queued]>
[2023-03-23 15:49:53,703] {taskinstance.py:1159} INFO - Dependencies all met for <TaskInstance: multi_defence_dag.Defence1 manual__2023-03-23T15:49:39.805327+00:00 [queued]>
[2023-03-23 15:49:53,706] {taskinstance.py:1356} INFO - 
--------------------------------------------------------------------------------
[2023-03-23 15:49:53,709] {taskinstance.py:1357} INFO - Starting attempt 1 of 2
[2023-03-23 15:49:53,714] {taskinstance.py:1358} INFO - 
--------------------------------------------------------------------------------
[2023-03-23 15:49:53,809] {taskinstance.py:1377} INFO - Executing <Task(PythonOperator): Defence1> on 2023-03-23 15:49:39.805327+00:00
[2023-03-23 15:49:53,877] {standard_task_runner.py:79} INFO - Running: ['***', 'tasks', 'run', 'multi_defence_dag', 'Defence1', 'manual__2023-03-23T15:49:39.805327+00:00', '--job-id', '3602', '--raw', '--subdir', 'DAGS_FOLDER/defence_dag.py', '--cfg-path', '/tmp/tmpcp4n3wfa', '--error-file', '/tmp/tmpu01nlqas']
[2023-03-23 15:49:53,886] {standard_task_runner.py:80} INFO - Job 3602: Subtask Defence1
[2023-03-23 15:49:53,837] {standard_task_runner.py:52} INFO - Started process 14033 to run task
[2023-03-23 15:49:54,348] {task_command.py:369} INFO - Running <TaskInstance: multi_defence_dag.Defence1 manual__2023-03-23T15:49:39.805327+00:00 [running]> on host 6447f1dacd32
[2023-03-23 15:49:54,972] {taskinstance.py:1571} INFO - Exporting the following env vars:
AIRFLOW_CTX_DAG_OWNER=***
AIRFLOW_CTX_DAG_ID=multi_defence_dag
AIRFLOW_CTX_TASK_ID=Defence1
AIRFLOW_CTX_EXECUTION_DATE=2023-03-23T15:49:39.805327+00:00
AIRFLOW_CTX_TRY_NUMBER=1
AIRFLOW_CTX_DAG_RUN_ID=manual__2023-03-23T15:49:39.805327+00:00
[2023-03-23 15:49:55,220] {python.py:173} INFO - Done. Returned value was: None
[2023-03-23 15:49:55,311] {taskinstance.py:1400} INFO - Marking task as SUCCESS. dag_id=multi_defence_dag, task_id=Defence1, execution_date=20230323T154939, start_date=20230323T154953, end_date=20230323T154955
[2023-03-23 15:49:55,413] {local_task_job.py:156} INFO - Task exited with return code 0
[2023-03-23 15:49:55,785] {local_task_job.py:273} INFO - 0 downstream tasks scheduled from follow-on schedule check
