[2023-04-30 09:06:11,698] {taskinstance.py:1159} INFO - Dependencies all met for <TaskInstance: multi_defence_dag.choose_best manual__2023-04-30T09:05:56.025241+00:00 [queued]>
[2023-04-30 09:06:11,710] {taskinstance.py:1159} INFO - Dependencies all met for <TaskInstance: multi_defence_dag.choose_best manual__2023-04-30T09:05:56.025241+00:00 [queued]>
[2023-04-30 09:06:11,711] {taskinstance.py:1356} INFO - 
--------------------------------------------------------------------------------
[2023-04-30 09:06:11,716] {taskinstance.py:1357} INFO - Starting attempt 1 of 2
[2023-04-30 09:06:11,717] {taskinstance.py:1358} INFO - 
--------------------------------------------------------------------------------
[2023-04-30 09:06:11,732] {taskinstance.py:1377} INFO - Executing <Task(PythonOperator): choose_best> on 2023-04-30 09:05:56.025241+00:00
[2023-04-30 09:06:11,741] {standard_task_runner.py:52} INFO - Started process 134 to run task
[2023-04-30 09:06:11,745] {standard_task_runner.py:79} INFO - Running: ['***', 'tasks', 'run', 'multi_defence_dag', 'choose_best', 'manual__2023-04-30T09:05:56.025241+00:00', '--job-id', '7231', '--raw', '--subdir', 'DAGS_FOLDER/defence_dag.py', '--cfg-path', '/tmp/tmpar315kno', '--error-file', '/tmp/tmphey19eii']
[2023-04-30 09:06:11,746] {standard_task_runner.py:80} INFO - Job 7231: Subtask choose_best
[2023-04-30 09:06:11,805] {task_command.py:369} INFO - Running <TaskInstance: multi_defence_dag.choose_best manual__2023-04-30T09:05:56.025241+00:00 [running]> on host e7e31d5a6603
[2023-04-30 09:06:11,893] {taskinstance.py:1571} INFO - Exporting the following env vars:
AIRFLOW_CTX_DAG_OWNER=***
AIRFLOW_CTX_DAG_ID=multi_defence_dag
AIRFLOW_CTX_TASK_ID=choose_best
AIRFLOW_CTX_EXECUTION_DATE=2023-04-30T09:05:56.025241+00:00
AIRFLOW_CTX_TRY_NUMBER=1
AIRFLOW_CTX_DAG_RUN_ID=manual__2023-04-30T09:05:56.025241+00:00
[2023-04-30 09:06:11,957] {transport.py:157} INFO - Attempting refresh to obtain initial access_token
[2023-04-30 09:06:11,960] {client.py:777} INFO - Refreshing access_token
[2023-04-30 09:06:12,745] {transport.py:157} INFO - Attempting refresh to obtain initial access_token
[2023-04-30 09:06:12,748] {client.py:777} INFO - Refreshing access_token
[2023-04-30 09:06:13,224] {python.py:173} INFO - Done. Returned value was: None
[2023-04-30 09:06:13,234] {taskinstance.py:1400} INFO - Marking task as SUCCESS. dag_id=multi_defence_dag, task_id=choose_best, execution_date=20230430T090556, start_date=20230430T090611, end_date=20230430T090613
[2023-04-30 09:06:13,285] {local_task_job.py:156} INFO - Task exited with return code 0
[2023-04-30 09:06:13,338] {local_task_job.py:273} INFO - 1 downstream tasks scheduled from follow-on schedule check
