[2023-03-28 14:09:54,134] {taskinstance.py:1159} INFO - Dependencies all met for <TaskInstance: defence_dag2.storing manual__2023-03-28T14:09:52.221595+00:00 [queued]>
[2023-03-28 14:09:54,144] {taskinstance.py:1159} INFO - Dependencies all met for <TaskInstance: defence_dag2.storing manual__2023-03-28T14:09:52.221595+00:00 [queued]>
[2023-03-28 14:09:54,145] {taskinstance.py:1356} INFO - 
--------------------------------------------------------------------------------
[2023-03-28 14:09:54,146] {taskinstance.py:1357} INFO - Starting attempt 1 of 1
[2023-03-28 14:09:54,147] {taskinstance.py:1358} INFO - 
--------------------------------------------------------------------------------
[2023-03-28 14:09:54,164] {taskinstance.py:1377} INFO - Executing <Task(BashOperator): storing> on 2023-03-28 14:09:52.221595+00:00
[2023-03-28 14:09:54,171] {standard_task_runner.py:52} INFO - Started process 8062 to run task
[2023-03-28 14:09:54,175] {standard_task_runner.py:79} INFO - Running: ['***', 'tasks', 'run', 'defence_dag2', 'storing', 'manual__2023-03-28T14:09:52.221595+00:00', '--job-id', '4608', '--raw', '--subdir', 'DAGS_FOLDER/defese.py', '--cfg-path', '/tmp/tmpop53sskl', '--error-file', '/tmp/tmpe3jpfytf']
[2023-03-28 14:09:54,176] {standard_task_runner.py:80} INFO - Job 4608: Subtask storing
[2023-03-28 14:09:54,234] {task_command.py:369} INFO - Running <TaskInstance: defence_dag2.storing manual__2023-03-28T14:09:52.221595+00:00 [running]> on host ff3d40af78f9
[2023-03-28 14:09:54,298] {taskinstance.py:1571} INFO - Exporting the following env vars:
AIRFLOW_CTX_DAG_OWNER=***
AIRFLOW_CTX_DAG_ID=defence_dag2
AIRFLOW_CTX_TASK_ID=storing
AIRFLOW_CTX_EXECUTION_DATE=2023-03-28T14:09:52.221595+00:00
AIRFLOW_CTX_TRY_NUMBER=1
AIRFLOW_CTX_DAG_RUN_ID=manual__2023-03-28T14:09:52.221595+00:00
[2023-03-28 14:09:54,299] {subprocess.py:62} INFO - Tmp dir root location: 
 /tmp
[2023-03-28 14:09:54,300] {subprocess.py:74} INFO - Running command: ['bash', '-c', 'sleep 1']
[2023-03-28 14:09:54,313] {subprocess.py:85} INFO - Output:
[2023-03-28 14:09:55,315] {subprocess.py:96} INFO - Command exited with return code 0
[2023-03-28 14:09:55,358] {taskinstance.py:1400} INFO - Marking task as SUCCESS. dag_id=defence_dag2, task_id=storing, execution_date=20230328T140952, start_date=20230328T140954, end_date=20230328T140955
[2023-03-28 14:09:55,395] {local_task_job.py:156} INFO - Task exited with return code 0
[2023-03-28 14:09:55,445] {local_task_job.py:273} INFO - 1 downstream tasks scheduled from follow-on schedule check
