[2023-04-30 07:59:35,004] {taskinstance.py:1159} INFO - Dependencies all met for <TaskInstance: multi_sklearn_attack_dag.to_attack_zoo scheduled__2023-04-27T00:00:00+00:00 [queued]>
[2023-04-30 07:59:35,026] {taskinstance.py:1159} INFO - Dependencies all met for <TaskInstance: multi_sklearn_attack_dag.to_attack_zoo scheduled__2023-04-27T00:00:00+00:00 [queued]>
[2023-04-30 07:59:35,027] {taskinstance.py:1356} INFO - 
--------------------------------------------------------------------------------
[2023-04-30 07:59:35,037] {taskinstance.py:1357} INFO - Starting attempt 1 of 2
[2023-04-30 07:59:35,038] {taskinstance.py:1358} INFO - 
--------------------------------------------------------------------------------
[2023-04-30 07:59:35,151] {taskinstance.py:1377} INFO - Executing <Task(BranchPythonOperator): to_attack_zoo> on 2023-04-27 00:00:00+00:00
[2023-04-30 07:59:35,197] {standard_task_runner.py:52} INFO - Started process 256 to run task
[2023-04-30 07:59:35,270] {standard_task_runner.py:79} INFO - Running: ['***', 'tasks', 'run', 'multi_sklearn_attack_dag', 'to_attack_zoo', 'scheduled__2023-04-27T00:00:00+00:00', '--job-id', '7042', '--raw', '--subdir', 'DAGS_FOLDER/sklearn_attack_dag.py', '--cfg-path', '/tmp/tmpid_y9wu8', '--error-file', '/tmp/tmpz68c6plt']
[2023-04-30 07:59:35,307] {standard_task_runner.py:80} INFO - Job 7042: Subtask to_attack_zoo
[2023-04-30 07:59:35,930] {task_command.py:369} INFO - Running <TaskInstance: multi_sklearn_attack_dag.to_attack_zoo scheduled__2023-04-27T00:00:00+00:00 [running]> on host e7e31d5a6603
[2023-04-30 07:59:36,305] {taskinstance.py:1571} INFO - Exporting the following env vars:
AIRFLOW_CTX_DAG_OWNER=***
AIRFLOW_CTX_DAG_ID=multi_sklearn_attack_dag
AIRFLOW_CTX_TASK_ID=to_attack_zoo
AIRFLOW_CTX_EXECUTION_DATE=2023-04-27T00:00:00+00:00
AIRFLOW_CTX_TRY_NUMBER=1
AIRFLOW_CTX_DAG_RUN_ID=scheduled__2023-04-27T00:00:00+00:00
[2023-04-30 07:59:36,331] {python.py:173} INFO - Done. Returned value was: attack_zoo
[2023-04-30 07:59:36,333] {skipmixin.py:140} INFO - Following branch attack_zoo
[2023-04-30 07:59:36,334] {skipmixin.py:175} INFO - Skipping tasks ['default']
[2023-04-30 07:59:36,512] {taskinstance.py:1400} INFO - Marking task as SUCCESS. dag_id=multi_sklearn_attack_dag, task_id=to_attack_zoo, execution_date=20230427T000000, start_date=20230430T075935, end_date=20230430T075936
[2023-04-30 07:59:36,673] {local_task_job.py:156} INFO - Task exited with return code 0
[2023-04-30 07:59:36,929] {local_task_job.py:273} INFO - 1 downstream tasks scheduled from follow-on schedule check
