[2023-04-18 14:35:19,908] {taskinstance.py:1159} INFO - Dependencies all met for <TaskInstance: multi_attack_dag.choose_attack manual__2023-04-18T14:35:16.604678+00:00 [queued]>
[2023-04-18 14:35:19,929] {taskinstance.py:1159} INFO - Dependencies all met for <TaskInstance: multi_attack_dag.choose_attack manual__2023-04-18T14:35:16.604678+00:00 [queued]>
[2023-04-18 14:35:19,930] {taskinstance.py:1356} INFO - 
--------------------------------------------------------------------------------
[2023-04-18 14:35:19,937] {taskinstance.py:1357} INFO - Starting attempt 1 of 2
[2023-04-18 14:35:19,940] {taskinstance.py:1358} INFO - 
--------------------------------------------------------------------------------
[2023-04-18 14:35:19,978] {taskinstance.py:1377} INFO - Executing <Task(PythonOperator): choose_attack> on 2023-04-18 14:35:16.604678+00:00
[2023-04-18 14:35:19,989] {standard_task_runner.py:52} INFO - Started process 1608 to run task
[2023-04-18 14:35:19,995] {standard_task_runner.py:79} INFO - Running: ['***', 'tasks', 'run', 'multi_attack_dag', 'choose_attack', 'manual__2023-04-18T14:35:16.604678+00:00', '--job-id', '5688', '--raw', '--subdir', 'DAGS_FOLDER/attack_dag.py', '--cfg-path', '/tmp/tmp2o37mgnu', '--error-file', '/tmp/tmp_2p2ildu']
[2023-04-18 14:35:19,999] {standard_task_runner.py:80} INFO - Job 5688: Subtask choose_attack
[2023-04-18 14:35:20,095] {task_command.py:369} INFO - Running <TaskInstance: multi_attack_dag.choose_attack manual__2023-04-18T14:35:16.604678+00:00 [running]> on host a3dd7d962104
[2023-04-18 14:35:20,246] {taskinstance.py:1571} INFO - Exporting the following env vars:
AIRFLOW_CTX_DAG_OWNER=***
AIRFLOW_CTX_DAG_ID=multi_attack_dag
AIRFLOW_CTX_TASK_ID=choose_attack
AIRFLOW_CTX_EXECUTION_DATE=2023-04-18T14:35:16.604678+00:00
AIRFLOW_CTX_TRY_NUMBER=1
AIRFLOW_CTX_DAG_RUN_ID=manual__2023-04-18T14:35:16.604678+00:00
[2023-04-18 14:35:24,050] {pytorch.py:1198} INFO - Inferred 5 hidden layers on PyTorch classifier.
[2023-04-18 14:35:27,788] {pytorch.py:1198} INFO - Inferred 5 hidden layers on PyTorch classifier.
[2023-04-18 14:35:29,108] {transport.py:157} INFO - Attempting refresh to obtain initial access_token
[2023-04-18 14:35:29,112] {client.py:777} INFO - Refreshing access_token
[2023-04-18 14:35:30,210] {taskinstance.py:1889} ERROR - Task failed with exception
Traceback (most recent call last):
  File "/home/airflow/.local/lib/python3.7/site-packages/airflow/operators/python.py", line 171, in execute
    return_value = self.execute_callable()
  File "/home/airflow/.local/lib/python3.7/site-packages/airflow/operators/python.py", line 189, in execute_callable
    return self.python_callable(*self.op_args, **self.op_kwargs)
  File "/opt/airflow/dags/attack_dag.py", line 95, in pars_json
    model2 = load_from_bucket("ML_model.pickle")
  File "/opt/airflow/dags/helpers.py", line 122, in load_from_bucket
    raise err
  File "/opt/airflow/dags/helpers.py", line 119, in load_from_bucket
    loaded_obj = cloudpickle.load(f)
AttributeError: Can't get attribute 'NeuralNetworkClassificationModel' on <module '__main__' from '/home/***/.local/bin/***'>
[2023-04-18 14:35:30,238] {taskinstance.py:1400} INFO - Marking task as UP_FOR_RETRY. dag_id=multi_attack_dag, task_id=choose_attack, execution_date=20230418T143516, start_date=20230418T143519, end_date=20230418T143530
[2023-04-18 14:35:30,269] {standard_task_runner.py:97} ERROR - Failed to execute job 5688 for task choose_attack (Can't get attribute 'NeuralNetworkClassificationModel' on <module '__main__' from '/home/***/.local/bin/***'>; 1608)
[2023-04-18 14:35:30,302] {local_task_job.py:156} INFO - Task exited with return code 1
[2023-04-18 14:35:30,408] {local_task_job.py:273} INFO - 0 downstream tasks scheduled from follow-on schedule check
