[2023-03-19 15:37:40,599] {taskinstance.py:1159} INFO - Dependencies all met for <TaskInstance: defence_dag2.storing manual__2023-03-19T15:37:38.835733+00:00 [queued]>
[2023-03-19 15:37:40,615] {taskinstance.py:1159} INFO - Dependencies all met for <TaskInstance: defence_dag2.storing manual__2023-03-19T15:37:38.835733+00:00 [queued]>
[2023-03-19 15:37:40,615] {taskinstance.py:1356} INFO - 
--------------------------------------------------------------------------------
[2023-03-19 15:37:40,616] {taskinstance.py:1357} INFO - Starting attempt 1 of 1
[2023-03-19 15:37:40,616] {taskinstance.py:1358} INFO - 
--------------------------------------------------------------------------------
[2023-03-19 15:37:40,645] {taskinstance.py:1377} INFO - Executing <Task(BashOperator): storing> on 2023-03-19 15:37:38.835733+00:00
[2023-03-19 15:37:40,652] {standard_task_runner.py:52} INFO - Started process 405 to run task
[2023-03-19 15:37:40,659] {standard_task_runner.py:79} INFO - Running: ['***', 'tasks', 'run', 'defence_dag2', 'storing', 'manual__2023-03-19T15:37:38.835733+00:00', '--job-id', '1892', '--raw', '--subdir', 'DAGS_FOLDER/defese.py', '--cfg-path', '/tmp/tmpu_nda64g', '--error-file', '/tmp/tmp3unmu14z']
[2023-03-19 15:37:40,661] {standard_task_runner.py:80} INFO - Job 1892: Subtask storing
[2023-03-19 15:37:40,752] {task_command.py:369} INFO - Running <TaskInstance: defence_dag2.storing manual__2023-03-19T15:37:38.835733+00:00 [running]> on host 6447f1dacd32
[2023-03-19 15:37:40,885] {taskinstance.py:1571} INFO - Exporting the following env vars:
AIRFLOW_CTX_DAG_OWNER=***
AIRFLOW_CTX_DAG_ID=defence_dag2
AIRFLOW_CTX_TASK_ID=storing
AIRFLOW_CTX_EXECUTION_DATE=2023-03-19T15:37:38.835733+00:00
AIRFLOW_CTX_TRY_NUMBER=1
AIRFLOW_CTX_DAG_RUN_ID=manual__2023-03-19T15:37:38.835733+00:00
[2023-03-19 15:37:40,888] {subprocess.py:62} INFO - Tmp dir root location: 
 /tmp
[2023-03-19 15:37:40,891] {subprocess.py:74} INFO - Running command: ['bash', '-c', 'sleep 1']
[2023-03-19 15:37:40,908] {subprocess.py:85} INFO - Output:
[2023-03-19 15:37:41,911] {subprocess.py:96} INFO - Command exited with return code 0
[2023-03-19 15:37:41,952] {taskinstance.py:1400} INFO - Marking task as SUCCESS. dag_id=defence_dag2, task_id=storing, execution_date=20230319T153738, start_date=20230319T153740, end_date=20230319T153741
[2023-03-19 15:37:41,999] {local_task_job.py:156} INFO - Task exited with return code 0
[2023-03-19 15:37:42,067] {local_task_job.py:273} INFO - 1 downstream tasks scheduled from follow-on schedule check
