[2023-03-12 08:57:41,528] {taskinstance.py:1159} INFO - Dependencies all met for <TaskInstance: cycle.attack_elastic_net scheduled__2023-03-07T00:00:00+00:00 [queued]>
[2023-03-12 08:57:41,575] {taskinstance.py:1159} INFO - Dependencies all met for <TaskInstance: cycle.attack_elastic_net scheduled__2023-03-07T00:00:00+00:00 [queued]>
[2023-03-12 08:57:41,577] {taskinstance.py:1356} INFO - 
--------------------------------------------------------------------------------
[2023-03-12 08:57:41,578] {taskinstance.py:1357} INFO - Starting attempt 1 of 3
[2023-03-12 08:57:41,579] {taskinstance.py:1358} INFO - 
--------------------------------------------------------------------------------
[2023-03-12 08:57:41,711] {taskinstance.py:1377} INFO - Executing <Task(_PythonDecoratedOperator): attack_elastic_net> on 2023-03-07 00:00:00+00:00
[2023-03-12 08:57:41,728] {standard_task_runner.py:52} INFO - Started process 571 to run task
[2023-03-12 08:57:41,746] {standard_task_runner.py:79} INFO - Running: ['***', 'tasks', 'run', 'cycle', 'attack_elastic_net', 'scheduled__2023-03-07T00:00:00+00:00', '--job-id', '342', '--raw', '--subdir', 'DAGS_FOLDER/cycle_dag.py', '--cfg-path', '/tmp/tmpgl04_el5', '--error-file', '/tmp/tmpdbuuz5_l']
[2023-03-12 08:57:41,747] {standard_task_runner.py:80} INFO - Job 342: Subtask attack_elastic_net
[2023-03-12 08:57:42,105] {task_command.py:369} INFO - Running <TaskInstance: cycle.attack_elastic_net scheduled__2023-03-07T00:00:00+00:00 [running]> on host 596adcca7378
[2023-03-12 08:57:43,190] {taskinstance.py:1571} INFO - Exporting the following env vars:
AIRFLOW_CTX_DAG_OWNER=***
AIRFLOW_CTX_DAG_ID=cycle
AIRFLOW_CTX_TASK_ID=attack_elastic_net
AIRFLOW_CTX_EXECUTION_DATE=2023-03-07T00:00:00+00:00
AIRFLOW_CTX_TRY_NUMBER=1
AIRFLOW_CTX_DAG_RUN_ID=scheduled__2023-03-07T00:00:00+00:00
[2023-03-12 08:57:43,197] {python.py:173} INFO - Done. Returned value was: None
[2023-03-12 08:57:43,281] {taskinstance.py:1400} INFO - Marking task as SUCCESS. dag_id=cycle, task_id=attack_elastic_net, execution_date=20230307T000000, start_date=20230312T085741, end_date=20230312T085743
[2023-03-12 08:57:43,403] {local_task_job.py:156} INFO - Task exited with return code 0
[2023-03-12 08:57:43,853] {local_task_job.py:273} INFO - 0 downstream tasks scheduled from follow-on schedule check
