[2023-04-09 13:46:51,704] {taskinstance.py:1159} INFO - Dependencies all met for <TaskInstance: multi_defence_dag.stop manual__2023-04-09T13:46:22.820575+00:00 [queued]>
[2023-04-09 13:46:51,724] {taskinstance.py:1159} INFO - Dependencies all met for <TaskInstance: multi_defence_dag.stop manual__2023-04-09T13:46:22.820575+00:00 [queued]>
[2023-04-09 13:46:51,725] {taskinstance.py:1356} INFO - 
--------------------------------------------------------------------------------
[2023-04-09 13:46:51,726] {taskinstance.py:1357} INFO - Starting attempt 1 of 2
[2023-04-09 13:46:51,727] {taskinstance.py:1358} INFO - 
--------------------------------------------------------------------------------
[2023-04-09 13:46:51,747] {taskinstance.py:1377} INFO - Executing <Task(PythonOperator): stop> on 2023-04-09 13:46:22.820575+00:00
[2023-04-09 13:46:51,758] {standard_task_runner.py:52} INFO - Started process 1051 to run task
[2023-04-09 13:46:51,763] {standard_task_runner.py:79} INFO - Running: ['***', 'tasks', 'run', 'multi_defence_dag', 'stop', 'manual__2023-04-09T13:46:22.820575+00:00', '--job-id', '5097', '--raw', '--subdir', 'DAGS_FOLDER/defence_dag.py', '--cfg-path', '/tmp/tmp7ofewdj_', '--error-file', '/tmp/tmp7nwc2pwr']
[2023-04-09 13:46:51,765] {standard_task_runner.py:80} INFO - Job 5097: Subtask stop
[2023-04-09 13:46:51,855] {task_command.py:369} INFO - Running <TaskInstance: multi_defence_dag.stop manual__2023-04-09T13:46:22.820575+00:00 [running]> on host c5458bb8a35c
[2023-04-09 13:46:51,963] {taskinstance.py:1571} INFO - Exporting the following env vars:
AIRFLOW_CTX_DAG_OWNER=***
AIRFLOW_CTX_DAG_ID=multi_defence_dag
AIRFLOW_CTX_TASK_ID=stop
AIRFLOW_CTX_EXECUTION_DATE=2023-04-09T13:46:22.820575+00:00
AIRFLOW_CTX_TRY_NUMBER=1
AIRFLOW_CTX_DAG_RUN_ID=manual__2023-04-09T13:46:22.820575+00:00
[2023-04-09 13:46:51,965] {python.py:173} INFO - Done. Returned value was: Cycle has ended
[2023-04-09 13:46:52,004] {taskinstance.py:1400} INFO - Marking task as SUCCESS. dag_id=multi_defence_dag, task_id=stop, execution_date=20230409T134622, start_date=20230409T134651, end_date=20230409T134652
[2023-04-09 13:46:52,057] {local_task_job.py:156} INFO - Task exited with return code 0
[2023-04-09 13:46:52,104] {local_task_job.py:273} INFO - 0 downstream tasks scheduled from follow-on schedule check
