[2023-03-28 12:11:41,659] {taskinstance.py:1159} INFO - Dependencies all met for <TaskInstance: defence_dag2.storing manual__2023-03-28T12:11:39.745890+00:00 [queued]>
[2023-03-28 12:11:41,665] {taskinstance.py:1159} INFO - Dependencies all met for <TaskInstance: defence_dag2.storing manual__2023-03-28T12:11:39.745890+00:00 [queued]>
[2023-03-28 12:11:41,666] {taskinstance.py:1356} INFO - 
--------------------------------------------------------------------------------
[2023-03-28 12:11:41,666] {taskinstance.py:1357} INFO - Starting attempt 1 of 1
[2023-03-28 12:11:41,667] {taskinstance.py:1358} INFO - 
--------------------------------------------------------------------------------
[2023-03-28 12:11:41,677] {taskinstance.py:1377} INFO - Executing <Task(BashOperator): storing> on 2023-03-28 12:11:39.745890+00:00
[2023-03-28 12:11:41,682] {standard_task_runner.py:52} INFO - Started process 2187 to run task
[2023-03-28 12:11:41,685] {standard_task_runner.py:79} INFO - Running: ['***', 'tasks', 'run', 'defence_dag2', 'storing', 'manual__2023-03-28T12:11:39.745890+00:00', '--job-id', '4556', '--raw', '--subdir', 'DAGS_FOLDER/defese.py', '--cfg-path', '/tmp/tmp3tmle4lk', '--error-file', '/tmp/tmp08yhs66b']
[2023-03-28 12:11:41,686] {standard_task_runner.py:80} INFO - Job 4556: Subtask storing
[2023-03-28 12:11:41,730] {task_command.py:369} INFO - Running <TaskInstance: defence_dag2.storing manual__2023-03-28T12:11:39.745890+00:00 [running]> on host ff3d40af78f9
[2023-03-28 12:11:41,786] {taskinstance.py:1571} INFO - Exporting the following env vars:
AIRFLOW_CTX_DAG_OWNER=***
AIRFLOW_CTX_DAG_ID=defence_dag2
AIRFLOW_CTX_TASK_ID=storing
AIRFLOW_CTX_EXECUTION_DATE=2023-03-28T12:11:39.745890+00:00
AIRFLOW_CTX_TRY_NUMBER=1
AIRFLOW_CTX_DAG_RUN_ID=manual__2023-03-28T12:11:39.745890+00:00
[2023-03-28 12:11:41,787] {subprocess.py:62} INFO - Tmp dir root location: 
 /tmp
[2023-03-28 12:11:41,788] {subprocess.py:74} INFO - Running command: ['bash', '-c', 'sleep 1']
[2023-03-28 12:11:41,799] {subprocess.py:85} INFO - Output:
[2023-03-28 12:11:42,801] {subprocess.py:96} INFO - Command exited with return code 0
[2023-03-28 12:11:42,837] {taskinstance.py:1400} INFO - Marking task as SUCCESS. dag_id=defence_dag2, task_id=storing, execution_date=20230328T121139, start_date=20230328T121141, end_date=20230328T121142
[2023-03-28 12:11:42,863] {local_task_job.py:156} INFO - Task exited with return code 0
[2023-03-28 12:11:42,908] {local_task_job.py:273} INFO - 1 downstream tasks scheduled from follow-on schedule check
