[2023-04-16 13:27:12,940] {taskinstance.py:1159} INFO - Dependencies all met for <TaskInstance: multi_defence_dag.to_defence1 manual__2023-04-16T13:26:53.928329+00:00 [queued]>
[2023-04-16 13:27:12,977] {taskinstance.py:1159} INFO - Dependencies all met for <TaskInstance: multi_defence_dag.to_defence1 manual__2023-04-16T13:26:53.928329+00:00 [queued]>
[2023-04-16 13:27:12,978] {taskinstance.py:1356} INFO - 
--------------------------------------------------------------------------------
[2023-04-16 13:27:12,980] {taskinstance.py:1357} INFO - Starting attempt 1 of 2
[2023-04-16 13:27:12,981] {taskinstance.py:1358} INFO - 
--------------------------------------------------------------------------------
[2023-04-16 13:27:13,041] {taskinstance.py:1377} INFO - Executing <Task(BranchPythonOperator): to_defence1> on 2023-04-16 13:26:53.928329+00:00
[2023-04-16 13:27:13,077] {standard_task_runner.py:52} INFO - Started process 376 to run task
[2023-04-16 13:27:13,102] {standard_task_runner.py:79} INFO - Running: ['***', 'tasks', 'run', 'multi_defence_dag', 'to_defence1', 'manual__2023-04-16T13:26:53.928329+00:00', '--job-id', '5147', '--raw', '--subdir', 'DAGS_FOLDER/defence_dag.py', '--cfg-path', '/tmp/tmp246p2ud6', '--error-file', '/tmp/tmpd9vbkpx6']
[2023-04-16 13:27:13,108] {standard_task_runner.py:80} INFO - Job 5147: Subtask to_defence1
[2023-04-16 13:27:13,342] {task_command.py:369} INFO - Running <TaskInstance: multi_defence_dag.to_defence1 manual__2023-04-16T13:26:53.928329+00:00 [running]> on host c5458bb8a35c
[2023-04-16 13:27:13,678] {taskinstance.py:1571} INFO - Exporting the following env vars:
AIRFLOW_CTX_DAG_OWNER=***
AIRFLOW_CTX_DAG_ID=multi_defence_dag
AIRFLOW_CTX_TASK_ID=to_defence1
AIRFLOW_CTX_EXECUTION_DATE=2023-04-16T13:26:53.928329+00:00
AIRFLOW_CTX_TRY_NUMBER=1
AIRFLOW_CTX_DAG_RUN_ID=manual__2023-04-16T13:26:53.928329+00:00
[2023-04-16 13:27:13,728] {python.py:173} INFO - Done. Returned value was: Defence1
[2023-04-16 13:27:13,737] {skipmixin.py:140} INFO - Following branch Defence1
[2023-04-16 13:27:13,738] {skipmixin.py:175} INFO - Skipping tasks ['default']
[2023-04-16 13:27:14,040] {taskinstance.py:1400} INFO - Marking task as SUCCESS. dag_id=multi_defence_dag, task_id=to_defence1, execution_date=20230416T132653, start_date=20230416T132712, end_date=20230416T132714
[2023-04-16 13:27:14,131] {local_task_job.py:156} INFO - Task exited with return code 0
[2023-04-16 13:27:14,401] {local_task_job.py:273} INFO - 1 downstream tasks scheduled from follow-on schedule check
