[2023-03-28 09:59:09,366] {taskinstance.py:1159} INFO - Dependencies all met for <TaskInstance: defence_dag2.storing manual__2023-03-28T09:59:07.324257+00:00 [queued]>
[2023-03-28 09:59:09,376] {taskinstance.py:1159} INFO - Dependencies all met for <TaskInstance: defence_dag2.storing manual__2023-03-28T09:59:07.324257+00:00 [queued]>
[2023-03-28 09:59:09,377] {taskinstance.py:1356} INFO - 
--------------------------------------------------------------------------------
[2023-03-28 09:59:09,377] {taskinstance.py:1357} INFO - Starting attempt 1 of 1
[2023-03-28 09:59:09,378] {taskinstance.py:1358} INFO - 
--------------------------------------------------------------------------------
[2023-03-28 09:59:09,391] {taskinstance.py:1377} INFO - Executing <Task(BashOperator): storing> on 2023-03-28 09:59:07.324257+00:00
[2023-03-28 09:59:09,396] {standard_task_runner.py:52} INFO - Started process 1288 to run task
[2023-03-28 09:59:09,400] {standard_task_runner.py:79} INFO - Running: ['***', 'tasks', 'run', 'defence_dag2', 'storing', 'manual__2023-03-28T09:59:07.324257+00:00', '--job-id', '4090', '--raw', '--subdir', 'DAGS_FOLDER/defese.py', '--cfg-path', '/tmp/tmph43y7bb2', '--error-file', '/tmp/tmpu7hiulwd']
[2023-03-28 09:59:09,402] {standard_task_runner.py:80} INFO - Job 4090: Subtask storing
[2023-03-28 09:59:09,457] {task_command.py:369} INFO - Running <TaskInstance: defence_dag2.storing manual__2023-03-28T09:59:07.324257+00:00 [running]> on host 70f8824ef075
[2023-03-28 09:59:09,525] {taskinstance.py:1571} INFO - Exporting the following env vars:
AIRFLOW_CTX_DAG_OWNER=***
AIRFLOW_CTX_DAG_ID=defence_dag2
AIRFLOW_CTX_TASK_ID=storing
AIRFLOW_CTX_EXECUTION_DATE=2023-03-28T09:59:07.324257+00:00
AIRFLOW_CTX_TRY_NUMBER=1
AIRFLOW_CTX_DAG_RUN_ID=manual__2023-03-28T09:59:07.324257+00:00
[2023-03-28 09:59:09,527] {subprocess.py:62} INFO - Tmp dir root location: 
 /tmp
[2023-03-28 09:59:09,528] {subprocess.py:74} INFO - Running command: ['bash', '-c', 'sleep 1']
[2023-03-28 09:59:09,537] {subprocess.py:85} INFO - Output:
[2023-03-28 09:59:10,540] {subprocess.py:96} INFO - Command exited with return code 0
[2023-03-28 09:59:10,585] {taskinstance.py:1400} INFO - Marking task as SUCCESS. dag_id=defence_dag2, task_id=storing, execution_date=20230328T095907, start_date=20230328T095909, end_date=20230328T095910
[2023-03-28 09:59:10,620] {local_task_job.py:156} INFO - Task exited with return code 0
[2023-03-28 09:59:10,679] {local_task_job.py:273} INFO - 1 downstream tasks scheduled from follow-on schedule check
