[2023-03-23 15:32:51,702] {taskinstance.py:1159} INFO - Dependencies all met for <TaskInstance: multi_defence_dag.trigger_offence manual__2023-03-23T15:32:40.546912+00:00 [queued]>
[2023-03-23 15:32:51,713] {taskinstance.py:1159} INFO - Dependencies all met for <TaskInstance: multi_defence_dag.trigger_offence manual__2023-03-23T15:32:40.546912+00:00 [queued]>
[2023-03-23 15:32:51,714] {taskinstance.py:1356} INFO - 
--------------------------------------------------------------------------------
[2023-03-23 15:32:51,715] {taskinstance.py:1357} INFO - Starting attempt 1 of 2
[2023-03-23 15:32:51,715] {taskinstance.py:1358} INFO - 
--------------------------------------------------------------------------------
[2023-03-23 15:32:51,730] {taskinstance.py:1377} INFO - Executing <Task(TriggerDagRunOperator): trigger_offence> on 2023-03-23 15:32:40.546912+00:00
[2023-03-23 15:32:51,735] {standard_task_runner.py:52} INFO - Started process 12545 to run task
[2023-03-23 15:32:51,738] {standard_task_runner.py:79} INFO - Running: ['***', 'tasks', 'run', 'multi_defence_dag', 'trigger_offence', 'manual__2023-03-23T15:32:40.546912+00:00', '--job-id', '3186', '--raw', '--subdir', 'DAGS_FOLDER/defence_dag.py', '--cfg-path', '/tmp/tmplw96yzcf', '--error-file', '/tmp/tmp_nte1v4c']
[2023-03-23 15:32:51,739] {standard_task_runner.py:80} INFO - Job 3186: Subtask trigger_offence
[2023-03-23 15:32:51,795] {task_command.py:369} INFO - Running <TaskInstance: multi_defence_dag.trigger_offence manual__2023-03-23T15:32:40.546912+00:00 [running]> on host 6447f1dacd32
[2023-03-23 15:32:51,866] {taskinstance.py:1571} INFO - Exporting the following env vars:
AIRFLOW_CTX_DAG_OWNER=***
AIRFLOW_CTX_DAG_ID=multi_defence_dag
AIRFLOW_CTX_TASK_ID=trigger_offence
AIRFLOW_CTX_EXECUTION_DATE=2023-03-23T15:32:40.546912+00:00
AIRFLOW_CTX_TRY_NUMBER=1
AIRFLOW_CTX_DAG_RUN_ID=manual__2023-03-23T15:32:40.546912+00:00
[2023-03-23 15:32:52,591] {taskinstance.py:1400} INFO - Marking task as SUCCESS. dag_id=multi_defence_dag, task_id=trigger_offence, execution_date=20230323T153240, start_date=20230323T153251, end_date=20230323T153252
[2023-03-23 15:32:52,634] {local_task_job.py:156} INFO - Task exited with return code 0
[2023-03-23 15:32:52,672] {local_task_job.py:273} INFO - 0 downstream tasks scheduled from follow-on schedule check
