[2023-04-30 07:58:54,691] {taskinstance.py:1159} INFO - Dependencies all met for <TaskInstance: multi_defence_dag.choose_defence scheduled__2023-04-27T00:00:00+00:00 [queued]>
[2023-04-30 07:58:54,750] {taskinstance.py:1159} INFO - Dependencies all met for <TaskInstance: multi_defence_dag.choose_defence scheduled__2023-04-27T00:00:00+00:00 [queued]>
[2023-04-30 07:58:54,751] {taskinstance.py:1356} INFO - 
--------------------------------------------------------------------------------
[2023-04-30 07:58:54,752] {taskinstance.py:1357} INFO - Starting attempt 1 of 2
[2023-04-30 07:58:54,753] {taskinstance.py:1358} INFO - 
--------------------------------------------------------------------------------
[2023-04-30 07:58:54,803] {taskinstance.py:1377} INFO - Executing <Task(PythonOperator): choose_defence> on 2023-04-27 00:00:00+00:00
[2023-04-30 07:58:54,847] {standard_task_runner.py:79} INFO - Running: ['***', 'tasks', 'run', 'multi_defence_dag', 'choose_defence', 'scheduled__2023-04-27T00:00:00+00:00', '--job-id', '7015', '--raw', '--subdir', 'DAGS_FOLDER/defence_dag.py', '--cfg-path', '/tmp/tmp45qos9cb', '--error-file', '/tmp/tmpki5eon9h']
[2023-04-30 07:58:54,841] {standard_task_runner.py:52} INFO - Started process 155 to run task
[2023-04-30 07:58:54,860] {standard_task_runner.py:80} INFO - Job 7015: Subtask choose_defence
[2023-04-30 07:58:55,060] {task_command.py:369} INFO - Running <TaskInstance: multi_defence_dag.choose_defence scheduled__2023-04-27T00:00:00+00:00 [running]> on host e7e31d5a6603
[2023-04-30 07:58:55,591] {taskinstance.py:1571} INFO - Exporting the following env vars:
AIRFLOW_CTX_DAG_OWNER=***
AIRFLOW_CTX_DAG_ID=multi_defence_dag
AIRFLOW_CTX_TASK_ID=choose_defence
AIRFLOW_CTX_EXECUTION_DATE=2023-04-27T00:00:00+00:00
AIRFLOW_CTX_TRY_NUMBER=1
AIRFLOW_CTX_DAG_RUN_ID=scheduled__2023-04-27T00:00:00+00:00
[2023-04-30 07:58:55,748] {python.py:173} INFO - Done. Returned value was: None
[2023-04-30 07:58:55,822] {taskinstance.py:1400} INFO - Marking task as SUCCESS. dag_id=multi_defence_dag, task_id=choose_defence, execution_date=20230427T000000, start_date=20230430T075854, end_date=20230430T075855
[2023-04-30 07:58:55,970] {local_task_job.py:156} INFO - Task exited with return code 0
[2023-04-30 07:58:56,226] {local_task_job.py:273} INFO - 3 downstream tasks scheduled from follow-on schedule check
