[2023-03-28 12:11:45,544] {taskinstance.py:1159} INFO - Dependencies all met for <TaskInstance: defence_dag2.defence1 manual__2023-03-28T12:11:39.745890+00:00 [queued]>
[2023-03-28 12:11:45,560] {taskinstance.py:1159} INFO - Dependencies all met for <TaskInstance: defence_dag2.defence1 manual__2023-03-28T12:11:39.745890+00:00 [queued]>
[2023-03-28 12:11:45,560] {taskinstance.py:1356} INFO - 
--------------------------------------------------------------------------------
[2023-03-28 12:11:45,561] {taskinstance.py:1357} INFO - Starting attempt 1 of 1
[2023-03-28 12:11:45,562] {taskinstance.py:1358} INFO - 
--------------------------------------------------------------------------------
[2023-03-28 12:11:45,583] {taskinstance.py:1377} INFO - Executing <Task(PythonOperator): defence1> on 2023-03-28 12:11:39.745890+00:00
[2023-03-28 12:11:45,592] {standard_task_runner.py:52} INFO - Started process 2191 to run task
[2023-03-28 12:11:45,596] {standard_task_runner.py:79} INFO - Running: ['***', 'tasks', 'run', 'defence_dag2', 'defence1', 'manual__2023-03-28T12:11:39.745890+00:00', '--job-id', '4557', '--raw', '--subdir', 'DAGS_FOLDER/defese.py', '--cfg-path', '/tmp/tmp4_qlo7b2', '--error-file', '/tmp/tmpcsncvf_x']
[2023-03-28 12:11:45,598] {standard_task_runner.py:80} INFO - Job 4557: Subtask defence1
[2023-03-28 12:11:45,679] {task_command.py:369} INFO - Running <TaskInstance: defence_dag2.defence1 manual__2023-03-28T12:11:39.745890+00:00 [running]> on host ff3d40af78f9
[2023-03-28 12:11:45,795] {taskinstance.py:1571} INFO - Exporting the following env vars:
AIRFLOW_CTX_DAG_OWNER=***
AIRFLOW_CTX_DAG_ID=defence_dag2
AIRFLOW_CTX_TASK_ID=defence1
AIRFLOW_CTX_EXECUTION_DATE=2023-03-28T12:11:39.745890+00:00
AIRFLOW_CTX_TRY_NUMBER=1
AIRFLOW_CTX_DAG_RUN_ID=manual__2023-03-28T12:11:39.745890+00:00
[2023-03-28 12:11:45,820] {logging_mixin.py:115} INFO - defensing
[2023-03-28 12:11:45,821] {python.py:173} INFO - Done. Returned value was: None
[2023-03-28 12:11:45,834] {taskinstance.py:1400} INFO - Marking task as SUCCESS. dag_id=defence_dag2, task_id=defence1, execution_date=20230328T121139, start_date=20230328T121145, end_date=20230328T121145
[2023-03-28 12:11:45,892] {local_task_job.py:156} INFO - Task exited with return code 0
[2023-03-28 12:11:45,944] {local_task_job.py:273} INFO - 1 downstream tasks scheduled from follow-on schedule check
