[2023-04-30 08:02:47,498] {taskinstance.py:1159} INFO - Dependencies all met for <TaskInstance: multi_defence_dag.Defence2 manual__2023-04-30T08:02:27.349183+00:00 [queued]>
[2023-04-30 08:02:47,539] {taskinstance.py:1159} INFO - Dependencies all met for <TaskInstance: multi_defence_dag.Defence2 manual__2023-04-30T08:02:27.349183+00:00 [queued]>
[2023-04-30 08:02:47,539] {taskinstance.py:1356} INFO - 
--------------------------------------------------------------------------------
[2023-04-30 08:02:47,540] {taskinstance.py:1357} INFO - Starting attempt 1 of 2
[2023-04-30 08:02:47,541] {taskinstance.py:1358} INFO - 
--------------------------------------------------------------------------------
[2023-04-30 08:02:47,584] {taskinstance.py:1377} INFO - Executing <Task(PythonOperator): Defence2> on 2023-04-30 08:02:27.349183+00:00
[2023-04-30 08:02:47,604] {standard_task_runner.py:52} INFO - Started process 500 to run task
[2023-04-30 08:02:47,619] {standard_task_runner.py:79} INFO - Running: ['***', 'tasks', 'run', 'multi_defence_dag', 'Defence2', 'manual__2023-04-30T08:02:27.349183+00:00', '--job-id', '7089', '--raw', '--subdir', 'DAGS_FOLDER/defence_dag.py', '--cfg-path', '/tmp/tmpjhaumisw', '--error-file', '/tmp/tmpe0k3tln0']
[2023-04-30 08:02:47,628] {standard_task_runner.py:80} INFO - Job 7089: Subtask Defence2
[2023-04-30 08:02:47,785] {task_command.py:369} INFO - Running <TaskInstance: multi_defence_dag.Defence2 manual__2023-04-30T08:02:27.349183+00:00 [running]> on host e7e31d5a6603
[2023-04-30 08:02:48,052] {taskinstance.py:1571} INFO - Exporting the following env vars:
AIRFLOW_CTX_DAG_OWNER=***
AIRFLOW_CTX_DAG_ID=multi_defence_dag
AIRFLOW_CTX_TASK_ID=Defence2
AIRFLOW_CTX_EXECUTION_DATE=2023-04-30T08:02:27.349183+00:00
AIRFLOW_CTX_TRY_NUMBER=1
AIRFLOW_CTX_DAG_RUN_ID=manual__2023-04-30T08:02:27.349183+00:00
[2023-04-30 08:02:48,131] {python.py:173} INFO - Done. Returned value was: None
[2023-04-30 08:02:48,181] {taskinstance.py:1400} INFO - Marking task as SUCCESS. dag_id=multi_defence_dag, task_id=Defence2, execution_date=20230430T080227, start_date=20230430T080247, end_date=20230430T080248
[2023-04-30 08:02:48,228] {local_task_job.py:156} INFO - Task exited with return code 0
[2023-04-30 08:02:48,304] {local_task_job.py:273} INFO - 0 downstream tasks scheduled from follow-on schedule check
