[2023-04-30 07:59:58,824] {taskinstance.py:1159} INFO - Dependencies all met for <TaskInstance: multi_defence_dag.choose_best scheduled__2023-04-27T00:00:00+00:00 [queued]>
[2023-04-30 07:59:58,888] {taskinstance.py:1159} INFO - Dependencies all met for <TaskInstance: multi_defence_dag.choose_best scheduled__2023-04-27T00:00:00+00:00 [queued]>
[2023-04-30 07:59:58,892] {taskinstance.py:1356} INFO - 
--------------------------------------------------------------------------------
[2023-04-30 07:59:58,898] {taskinstance.py:1357} INFO - Starting attempt 1 of 2
[2023-04-30 07:59:58,900] {taskinstance.py:1358} INFO - 
--------------------------------------------------------------------------------
[2023-04-30 07:59:58,983] {taskinstance.py:1377} INFO - Executing <Task(PythonOperator): choose_best> on 2023-04-27 00:00:00+00:00
[2023-04-30 07:59:59,078] {standard_task_runner.py:79} INFO - Running: ['***', 'tasks', 'run', 'multi_defence_dag', 'choose_best', 'scheduled__2023-04-27T00:00:00+00:00', '--job-id', '7056', '--raw', '--subdir', 'DAGS_FOLDER/defence_dag.py', '--cfg-path', '/tmp/tmpdy8f1mvl', '--error-file', '/tmp/tmpmkwyugc2']
[2023-04-30 07:59:59,081] {standard_task_runner.py:80} INFO - Job 7056: Subtask choose_best
[2023-04-30 07:59:59,046] {standard_task_runner.py:52} INFO - Started process 312 to run task
[2023-04-30 07:59:59,600] {task_command.py:369} INFO - Running <TaskInstance: multi_defence_dag.choose_best scheduled__2023-04-27T00:00:00+00:00 [running]> on host e7e31d5a6603
[2023-04-30 08:00:00,124] {taskinstance.py:1571} INFO - Exporting the following env vars:
AIRFLOW_CTX_DAG_OWNER=***
AIRFLOW_CTX_DAG_ID=multi_defence_dag
AIRFLOW_CTX_TASK_ID=choose_best
AIRFLOW_CTX_EXECUTION_DATE=2023-04-27T00:00:00+00:00
AIRFLOW_CTX_TRY_NUMBER=1
AIRFLOW_CTX_DAG_RUN_ID=scheduled__2023-04-27T00:00:00+00:00
[2023-04-30 08:00:00,360] {transport.py:157} INFO - Attempting refresh to obtain initial access_token
[2023-04-30 08:00:00,374] {client.py:777} INFO - Refreshing access_token
[2023-04-30 08:00:01,205] {transport.py:157} INFO - Attempting refresh to obtain initial access_token
[2023-04-30 08:00:01,216] {client.py:777} INFO - Refreshing access_token
[2023-04-30 08:00:01,736] {python.py:173} INFO - Done. Returned value was: None
[2023-04-30 08:00:01,780] {taskinstance.py:1400} INFO - Marking task as SUCCESS. dag_id=multi_defence_dag, task_id=choose_best, execution_date=20230427T000000, start_date=20230430T075958, end_date=20230430T080001
[2023-04-30 08:00:01,888] {local_task_job.py:156} INFO - Task exited with return code 0
[2023-04-30 08:00:02,257] {local_task_job.py:273} INFO - 0 downstream tasks scheduled from follow-on schedule check
