[2023-04-23 07:49:28,941] {taskinstance.py:1159} INFO - Dependencies all met for <TaskInstance: multi_attack_dag.choose_attack scheduled__2023-04-18T00:00:00+00:00 [queued]>
[2023-04-23 07:49:29,072] {taskinstance.py:1159} INFO - Dependencies all met for <TaskInstance: multi_attack_dag.choose_attack scheduled__2023-04-18T00:00:00+00:00 [queued]>
[2023-04-23 07:49:29,083] {taskinstance.py:1356} INFO - 
--------------------------------------------------------------------------------
[2023-04-23 07:49:29,084] {taskinstance.py:1357} INFO - Starting attempt 1 of 2
[2023-04-23 07:49:29,085] {taskinstance.py:1358} INFO - 
--------------------------------------------------------------------------------
[2023-04-23 07:49:29,231] {taskinstance.py:1377} INFO - Executing <Task(PythonOperator): choose_attack> on 2023-04-18 00:00:00+00:00
[2023-04-23 07:49:29,274] {standard_task_runner.py:52} INFO - Started process 103 to run task
[2023-04-23 07:49:29,388] {standard_task_runner.py:79} INFO - Running: ['***', 'tasks', 'run', 'multi_attack_dag', 'choose_attack', 'scheduled__2023-04-18T00:00:00+00:00', '--job-id', '5837', '--raw', '--subdir', 'DAGS_FOLDER/attack_dag.py', '--cfg-path', '/tmp/tmp8mzl250c', '--error-file', '/tmp/tmpnp7dz2g0']
[2023-04-23 07:49:29,390] {standard_task_runner.py:80} INFO - Job 5837: Subtask choose_attack
[2023-04-23 07:49:29,878] {task_command.py:369} INFO - Running <TaskInstance: multi_attack_dag.choose_attack scheduled__2023-04-18T00:00:00+00:00 [running]> on host a3dd7d962104
[2023-04-23 07:49:30,672] {taskinstance.py:1571} INFO - Exporting the following env vars:
AIRFLOW_CTX_DAG_OWNER=***
AIRFLOW_CTX_DAG_ID=multi_attack_dag
AIRFLOW_CTX_TASK_ID=choose_attack
AIRFLOW_CTX_EXECUTION_DATE=2023-04-18T00:00:00+00:00
AIRFLOW_CTX_TRY_NUMBER=1
AIRFLOW_CTX_DAG_RUN_ID=scheduled__2023-04-18T00:00:00+00:00
[2023-04-23 07:49:31,214] {python.py:173} INFO - Done. Returned value was: None
[2023-04-23 07:49:32,079] {taskinstance.py:1400} INFO - Marking task as SUCCESS. dag_id=multi_attack_dag, task_id=choose_attack, execution_date=20230418T000000, start_date=20230423T074928, end_date=20230423T074932
[2023-04-23 07:49:32,218] {local_task_job.py:156} INFO - Task exited with return code 0
[2023-04-23 07:49:32,489] {local_task_job.py:273} INFO - 1 downstream tasks scheduled from follow-on schedule check
