[2023-03-16 11:57:26,493] {taskinstance.py:1159} INFO - Dependencies all met for <TaskInstance: defence_dag.stop manual__2023-03-12T15:20:28.292302+00:00 [queued]>
[2023-03-16 11:57:26,618] {taskinstance.py:1159} INFO - Dependencies all met for <TaskInstance: defence_dag.stop manual__2023-03-12T15:20:28.292302+00:00 [queued]>
[2023-03-16 11:57:26,618] {taskinstance.py:1356} INFO - 
--------------------------------------------------------------------------------
[2023-03-16 11:57:26,619] {taskinstance.py:1357} INFO - Starting attempt 1 of 1
[2023-03-16 11:57:26,620] {taskinstance.py:1358} INFO - 
--------------------------------------------------------------------------------
[2023-03-16 11:57:26,733] {taskinstance.py:1377} INFO - Executing <Task(PythonOperator): stop> on 2023-03-12 15:20:28.292302+00:00
[2023-03-16 11:57:26,830] {standard_task_runner.py:52} INFO - Started process 978 to run task
[2023-03-16 11:57:26,859] {standard_task_runner.py:79} INFO - Running: ['***', 'tasks', 'run', 'defence_dag', 'stop', 'manual__2023-03-12T15:20:28.292302+00:00', '--job-id', '1085', '--raw', '--subdir', 'DAGS_FOLDER/defese.py', '--cfg-path', '/tmp/tmplra1bczx', '--error-file', '/tmp/tmp791wqnow']
[2023-03-16 11:57:26,862] {standard_task_runner.py:80} INFO - Job 1085: Subtask stop
[2023-03-16 11:57:27,174] {task_command.py:369} INFO - Running <TaskInstance: defence_dag.stop manual__2023-03-12T15:20:28.292302+00:00 [running]> on host 596adcca7378
[2023-03-16 11:57:27,603] {taskinstance.py:1571} INFO - Exporting the following env vars:
AIRFLOW_CTX_DAG_OWNER=***
AIRFLOW_CTX_DAG_ID=defence_dag
AIRFLOW_CTX_TASK_ID=stop
AIRFLOW_CTX_EXECUTION_DATE=2023-03-12T15:20:28.292302+00:00
AIRFLOW_CTX_TRY_NUMBER=1
AIRFLOW_CTX_DAG_RUN_ID=manual__2023-03-12T15:20:28.292302+00:00
[2023-03-16 11:57:27,608] {python.py:173} INFO - Done. Returned value was: Cycle has ended
[2023-03-16 11:57:27,745] {taskinstance.py:1400} INFO - Marking task as SUCCESS. dag_id=defence_dag, task_id=stop, execution_date=20230312T152028, start_date=20230316T115726, end_date=20230316T115727
[2023-03-16 11:57:27,891] {local_task_job.py:156} INFO - Task exited with return code 0
[2023-03-16 11:57:28,185] {local_task_job.py:273} INFO - 0 downstream tasks scheduled from follow-on schedule check
