[2023-03-23 15:19:07,956] {taskinstance.py:1159} INFO - Dependencies all met for <TaskInstance: multi_defence_dag.Defence2 manual__2023-03-23T15:18:45.274779+00:00 [queued]>
[2023-03-23 15:19:08,042] {taskinstance.py:1159} INFO - Dependencies all met for <TaskInstance: multi_defence_dag.Defence2 manual__2023-03-23T15:18:45.274779+00:00 [queued]>
[2023-03-23 15:19:08,044] {taskinstance.py:1356} INFO - 
--------------------------------------------------------------------------------
[2023-03-23 15:19:08,048] {taskinstance.py:1357} INFO - Starting attempt 1 of 2
[2023-03-23 15:19:08,050] {taskinstance.py:1358} INFO - 
--------------------------------------------------------------------------------
[2023-03-23 15:19:08,168] {taskinstance.py:1377} INFO - Executing <Task(PythonOperator): Defence2> on 2023-03-23 15:18:45.274779+00:00
[2023-03-23 15:19:08,253] {standard_task_runner.py:52} INFO - Started process 12087 to run task
[2023-03-23 15:19:08,275] {standard_task_runner.py:79} INFO - Running: ['***', 'tasks', 'run', 'multi_defence_dag', 'Defence2', 'manual__2023-03-23T15:18:45.274779+00:00', '--job-id', '3021', '--raw', '--subdir', 'DAGS_FOLDER/defence_dag.py', '--cfg-path', '/tmp/tmpvubi3txd', '--error-file', '/tmp/tmp1clkqevm']
[2023-03-23 15:19:08,290] {standard_task_runner.py:80} INFO - Job 3021: Subtask Defence2
[2023-03-23 15:19:08,930] {task_command.py:369} INFO - Running <TaskInstance: multi_defence_dag.Defence2 manual__2023-03-23T15:18:45.274779+00:00 [running]> on host 6447f1dacd32
[2023-03-23 15:19:09,407] {taskinstance.py:1571} INFO - Exporting the following env vars:
AIRFLOW_CTX_DAG_OWNER=***
AIRFLOW_CTX_DAG_ID=multi_defence_dag
AIRFLOW_CTX_TASK_ID=Defence2
AIRFLOW_CTX_EXECUTION_DATE=2023-03-23T15:18:45.274779+00:00
AIRFLOW_CTX_TRY_NUMBER=1
AIRFLOW_CTX_DAG_RUN_ID=manual__2023-03-23T15:18:45.274779+00:00
[2023-03-23 15:19:09,501] {python.py:173} INFO - Done. Returned value was: None
[2023-03-23 15:19:09,576] {taskinstance.py:1400} INFO - Marking task as SUCCESS. dag_id=multi_defence_dag, task_id=Defence2, execution_date=20230323T151845, start_date=20230323T151907, end_date=20230323T151909
[2023-03-23 15:19:09,683] {local_task_job.py:156} INFO - Task exited with return code 0
[2023-03-23 15:19:10,004] {local_task_job.py:273} INFO - 1 downstream tasks scheduled from follow-on schedule check
