[2023-04-30 08:32:14,699] {taskinstance.py:1159} INFO - Dependencies all met for <TaskInstance: multi_defence_dag.Defence1 manual__2023-04-30T08:32:02.020681+00:00 [queued]>
[2023-04-30 08:32:14,722] {taskinstance.py:1159} INFO - Dependencies all met for <TaskInstance: multi_defence_dag.Defence1 manual__2023-04-30T08:32:02.020681+00:00 [queued]>
[2023-04-30 08:32:14,723] {taskinstance.py:1356} INFO - 
--------------------------------------------------------------------------------
[2023-04-30 08:32:14,724] {taskinstance.py:1357} INFO - Starting attempt 1 of 2
[2023-04-30 08:32:14,725] {taskinstance.py:1358} INFO - 
--------------------------------------------------------------------------------
[2023-04-30 08:32:14,757] {taskinstance.py:1377} INFO - Executing <Task(PythonOperator): Defence1> on 2023-04-30 08:32:02.020681+00:00
[2023-04-30 08:32:14,808] {standard_task_runner.py:52} INFO - Started process 2181 to run task
[2023-04-30 08:32:14,815] {standard_task_runner.py:79} INFO - Running: ['***', 'tasks', 'run', 'multi_defence_dag', 'Defence1', 'manual__2023-04-30T08:32:02.020681+00:00', '--job-id', '7195', '--raw', '--subdir', 'DAGS_FOLDER/defence_dag.py', '--cfg-path', '/tmp/tmp_y1b3di5', '--error-file', '/tmp/tmp9tuzgsld']
[2023-04-30 08:32:14,817] {standard_task_runner.py:80} INFO - Job 7195: Subtask Defence1
[2023-04-30 08:32:14,935] {task_command.py:369} INFO - Running <TaskInstance: multi_defence_dag.Defence1 manual__2023-04-30T08:32:02.020681+00:00 [running]> on host e7e31d5a6603
[2023-04-30 08:32:15,093] {taskinstance.py:1571} INFO - Exporting the following env vars:
AIRFLOW_CTX_DAG_OWNER=***
AIRFLOW_CTX_DAG_ID=multi_defence_dag
AIRFLOW_CTX_TASK_ID=Defence1
AIRFLOW_CTX_EXECUTION_DATE=2023-04-30T08:32:02.020681+00:00
AIRFLOW_CTX_TRY_NUMBER=1
AIRFLOW_CTX_DAG_RUN_ID=manual__2023-04-30T08:32:02.020681+00:00
[2023-04-30 08:32:15,137] {python.py:173} INFO - Done. Returned value was: None
[2023-04-30 08:32:15,180] {taskinstance.py:1400} INFO - Marking task as SUCCESS. dag_id=multi_defence_dag, task_id=Defence1, execution_date=20230430T083202, start_date=20230430T083214, end_date=20230430T083215
[2023-04-30 08:32:15,232] {local_task_job.py:156} INFO - Task exited with return code 0
[2023-04-30 08:32:15,325] {local_task_job.py:273} INFO - 1 downstream tasks scheduled from follow-on schedule check
