[2023-04-27 09:26:34,844] {taskinstance.py:1159} INFO - Dependencies all met for <TaskInstance: multi_attack_dag.attack_SaliencyMapMethod manual__2023-04-27T09:23:14.509759+00:00 [queued]>
[2023-04-27 09:26:34,961] {taskinstance.py:1159} INFO - Dependencies all met for <TaskInstance: multi_attack_dag.attack_SaliencyMapMethod manual__2023-04-27T09:23:14.509759+00:00 [queued]>
[2023-04-27 09:26:34,971] {taskinstance.py:1356} INFO - 
--------------------------------------------------------------------------------
[2023-04-27 09:26:34,981] {taskinstance.py:1357} INFO - Starting attempt 1 of 2
[2023-04-27 09:26:34,982] {taskinstance.py:1358} INFO - 
--------------------------------------------------------------------------------
[2023-04-27 09:26:35,381] {taskinstance.py:1377} INFO - Executing <Task(PythonOperator): attack_SaliencyMapMethod> on 2023-04-27 09:23:14.509759+00:00
[2023-04-27 09:26:35,448] {standard_task_runner.py:52} INFO - Started process 3601 to run task
[2023-04-27 09:26:35,457] {standard_task_runner.py:79} INFO - Running: ['***', 'tasks', 'run', 'multi_attack_dag', 'attack_SaliencyMapMethod', 'manual__2023-04-27T09:23:14.509759+00:00', '--job-id', '6536', '--raw', '--subdir', 'DAGS_FOLDER/attack_dag.py', '--cfg-path', '/tmp/tmp4ordl38j', '--error-file', '/tmp/tmp4xbnjbrk']
[2023-04-27 09:26:35,501] {standard_task_runner.py:80} INFO - Job 6536: Subtask attack_SaliencyMapMethod
[2023-04-27 09:26:36,206] {task_command.py:369} INFO - Running <TaskInstance: multi_attack_dag.attack_SaliencyMapMethod manual__2023-04-27T09:23:14.509759+00:00 [running]> on host e7e31d5a6603
[2023-04-27 09:26:37,634] {taskinstance.py:1571} INFO - Exporting the following env vars:
AIRFLOW_CTX_DAG_OWNER=***
AIRFLOW_CTX_DAG_ID=multi_attack_dag
AIRFLOW_CTX_TASK_ID=attack_SaliencyMapMethod
AIRFLOW_CTX_EXECUTION_DATE=2023-04-27T09:23:14.509759+00:00
AIRFLOW_CTX_TRY_NUMBER=1
AIRFLOW_CTX_DAG_RUN_ID=manual__2023-04-27T09:23:14.509759+00:00
[2023-04-27 09:26:37,643] {transport.py:157} INFO - Attempting refresh to obtain initial access_token
[2023-04-27 09:26:37,647] {client.py:777} INFO - Refreshing access_token
[2023-04-27 09:26:38,373] {transport.py:157} INFO - Attempting refresh to obtain initial access_token
[2023-04-27 09:26:38,375] {client.py:777} INFO - Refreshing access_token
[2023-04-27 09:27:13,101] {pytorch.py:1198} INFO - Inferred 5 hidden layers on PyTorch classifier.
[2023-04-27 09:32:03,541] {attack_dag.py:642} INFO - Optimizing...
[2023-04-27 09:32:03,542] {logging_mixin.py:115} INFO - I am right here on <class 'art.attacks.evasion.saliency_map.SaliencyMapMethod'>
[2023-04-27 09:32:03,544] {taskinstance.py:1889} ERROR - Task failed with exception
Traceback (most recent call last):
  File "/home/airflow/.local/lib/python3.7/site-packages/airflow/operators/python.py", line 171, in execute
    return_value = self.execute_callable()
  File "/home/airflow/.local/lib/python3.7/site-packages/airflow/operators/python.py", line 189, in execute_callable
    return self.python_callable(*self.op_args, **self.op_kwargs)
  File "/opt/airflow/dags/attack_dag.py", line 499, in attack_SaliencyMapMethod
    model_acc, adversarial_examples  = attack(SaliencyMapMethod)
  File "/opt/airflow/dags/attack_dag.py", line 643, in attack
    optimized_attack = optimize_evasion_attack(attack_obj,estimator,x_test,y_test)
  File "/opt/airflow/dags/attack_dag.py", line 616, in optimize_evasion_attack
    search_space = [v for k, v in attack_parameter_range[attack.__name__].items()]
KeyError: 'SaliencyMapMethod'
[2023-04-27 09:32:03,593] {taskinstance.py:1400} INFO - Marking task as UP_FOR_RETRY. dag_id=multi_attack_dag, task_id=attack_SaliencyMapMethod, execution_date=20230427T092314, start_date=20230427T092634, end_date=20230427T093203
[2023-04-27 09:32:03,641] {standard_task_runner.py:97} ERROR - Failed to execute job 6536 for task attack_SaliencyMapMethod ('SaliencyMapMethod'; 3601)
[2023-04-27 09:32:03,996] {local_task_job.py:156} INFO - Task exited with return code 1
[2023-04-27 09:32:05,323] {local_task_job.py:273} INFO - 0 downstream tasks scheduled from follow-on schedule check
