[2023-03-28 12:14:21,830] {taskinstance.py:1159} INFO - Dependencies all met for <TaskInstance: defence_dag2.storing manual__2023-03-28T12:14:17.633016+00:00 [queued]>
[2023-03-28 12:14:21,838] {taskinstance.py:1159} INFO - Dependencies all met for <TaskInstance: defence_dag2.storing manual__2023-03-28T12:14:17.633016+00:00 [queued]>
[2023-03-28 12:14:21,839] {taskinstance.py:1356} INFO - 
--------------------------------------------------------------------------------
[2023-03-28 12:14:21,839] {taskinstance.py:1357} INFO - Starting attempt 1 of 1
[2023-03-28 12:14:21,840] {taskinstance.py:1358} INFO - 
--------------------------------------------------------------------------------
[2023-03-28 12:14:21,853] {taskinstance.py:1377} INFO - Executing <Task(BashOperator): storing> on 2023-03-28 12:14:17.633016+00:00
[2023-03-28 12:14:21,861] {standard_task_runner.py:52} INFO - Started process 2346 to run task
[2023-03-28 12:14:21,864] {standard_task_runner.py:79} INFO - Running: ['***', 'tasks', 'run', 'defence_dag2', 'storing', 'manual__2023-03-28T12:14:17.633016+00:00', '--job-id', '4566', '--raw', '--subdir', 'DAGS_FOLDER/defese.py', '--cfg-path', '/tmp/tmpmop1pglm', '--error-file', '/tmp/tmpodcmymif']
[2023-03-28 12:14:21,865] {standard_task_runner.py:80} INFO - Job 4566: Subtask storing
[2023-03-28 12:14:21,922] {task_command.py:369} INFO - Running <TaskInstance: defence_dag2.storing manual__2023-03-28T12:14:17.633016+00:00 [running]> on host ff3d40af78f9
[2023-03-28 12:14:22,000] {taskinstance.py:1571} INFO - Exporting the following env vars:
AIRFLOW_CTX_DAG_OWNER=***
AIRFLOW_CTX_DAG_ID=defence_dag2
AIRFLOW_CTX_TASK_ID=storing
AIRFLOW_CTX_EXECUTION_DATE=2023-03-28T12:14:17.633016+00:00
AIRFLOW_CTX_TRY_NUMBER=1
AIRFLOW_CTX_DAG_RUN_ID=manual__2023-03-28T12:14:17.633016+00:00
[2023-03-28 12:14:22,002] {subprocess.py:62} INFO - Tmp dir root location: 
 /tmp
[2023-03-28 12:14:22,003] {subprocess.py:74} INFO - Running command: ['bash', '-c', 'sleep 1']
[2023-03-28 12:14:22,018] {subprocess.py:85} INFO - Output:
[2023-03-28 12:14:23,021] {subprocess.py:96} INFO - Command exited with return code 0
[2023-03-28 12:14:23,050] {taskinstance.py:1400} INFO - Marking task as SUCCESS. dag_id=defence_dag2, task_id=storing, execution_date=20230328T121417, start_date=20230328T121421, end_date=20230328T121423
[2023-03-28 12:14:23,085] {local_task_job.py:156} INFO - Task exited with return code 0
[2023-03-28 12:14:23,118] {local_task_job.py:273} INFO - 1 downstream tasks scheduled from follow-on schedule check
