[2023-04-16 13:26:43,187] {taskinstance.py:1159} INFO - Dependencies all met for <TaskInstance: multi_sklearn_attack_dag.choose_best scheduled__2023-04-15T00:00:00+00:00 [queued]>
[2023-04-16 13:26:43,219] {taskinstance.py:1159} INFO - Dependencies all met for <TaskInstance: multi_sklearn_attack_dag.choose_best scheduled__2023-04-15T00:00:00+00:00 [queued]>
[2023-04-16 13:26:43,220] {taskinstance.py:1356} INFO - 
--------------------------------------------------------------------------------
[2023-04-16 13:26:43,221] {taskinstance.py:1357} INFO - Starting attempt 1 of 2
[2023-04-16 13:26:43,226] {taskinstance.py:1358} INFO - 
--------------------------------------------------------------------------------
[2023-04-16 13:26:43,287] {taskinstance.py:1377} INFO - Executing <Task(PythonOperator): choose_best> on 2023-04-15 00:00:00+00:00
[2023-04-16 13:26:43,319] {standard_task_runner.py:52} INFO - Started process 344 to run task
[2023-04-16 13:26:43,330] {standard_task_runner.py:79} INFO - Running: ['***', 'tasks', 'run', 'multi_sklearn_attack_dag', 'choose_best', 'scheduled__2023-04-15T00:00:00+00:00', '--job-id', '5143', '--raw', '--subdir', 'DAGS_FOLDER/sklearn_attack_dag.py', '--cfg-path', '/tmp/tmposmfklzn', '--error-file', '/tmp/tmpyaetrajy']
[2023-04-16 13:26:43,339] {standard_task_runner.py:80} INFO - Job 5143: Subtask choose_best
[2023-04-16 13:26:43,567] {task_command.py:369} INFO - Running <TaskInstance: multi_sklearn_attack_dag.choose_best scheduled__2023-04-15T00:00:00+00:00 [running]> on host c5458bb8a35c
[2023-04-16 13:26:43,861] {taskinstance.py:1571} INFO - Exporting the following env vars:
AIRFLOW_CTX_DAG_OWNER=***
AIRFLOW_CTX_DAG_ID=multi_sklearn_attack_dag
AIRFLOW_CTX_TASK_ID=choose_best
AIRFLOW_CTX_EXECUTION_DATE=2023-04-15T00:00:00+00:00
AIRFLOW_CTX_TRY_NUMBER=1
AIRFLOW_CTX_DAG_RUN_ID=scheduled__2023-04-15T00:00:00+00:00
[2023-04-16 13:26:43,980] {transport.py:157} INFO - Attempting refresh to obtain initial access_token
[2023-04-16 13:26:43,991] {client.py:777} INFO - Refreshing access_token
[2023-04-16 13:26:44,881] {transport.py:157} INFO - Attempting refresh to obtain initial access_token
[2023-04-16 13:26:44,890] {client.py:777} INFO - Refreshing access_token
[2023-04-16 13:26:45,460] {python.py:173} INFO - Done. Returned value was: None
[2023-04-16 13:26:45,520] {taskinstance.py:1400} INFO - Marking task as SUCCESS. dag_id=multi_sklearn_attack_dag, task_id=choose_best, execution_date=20230415T000000, start_date=20230416T132643, end_date=20230416T132645
[2023-04-16 13:26:45,620] {local_task_job.py:156} INFO - Task exited with return code 0
[2023-04-16 13:26:45,788] {local_task_job.py:273} INFO - 1 downstream tasks scheduled from follow-on schedule check
