[2023-04-16 13:27:13,078] {taskinstance.py:1159} INFO - Dependencies all met for <TaskInstance: multi_defence_dag.to_defence3 manual__2023-04-16T13:26:53.928329+00:00 [queued]>
[2023-04-16 13:27:13,127] {taskinstance.py:1159} INFO - Dependencies all met for <TaskInstance: multi_defence_dag.to_defence3 manual__2023-04-16T13:26:53.928329+00:00 [queued]>
[2023-04-16 13:27:13,128] {taskinstance.py:1356} INFO - 
--------------------------------------------------------------------------------
[2023-04-16 13:27:13,129] {taskinstance.py:1357} INFO - Starting attempt 1 of 2
[2023-04-16 13:27:13,130] {taskinstance.py:1358} INFO - 
--------------------------------------------------------------------------------
[2023-04-16 13:27:13,177] {taskinstance.py:1377} INFO - Executing <Task(BranchPythonOperator): to_defence3> on 2023-04-16 13:26:53.928329+00:00
[2023-04-16 13:27:13,211] {standard_task_runner.py:52} INFO - Started process 377 to run task
[2023-04-16 13:27:13,273] {standard_task_runner.py:79} INFO - Running: ['***', 'tasks', 'run', 'multi_defence_dag', 'to_defence3', 'manual__2023-04-16T13:26:53.928329+00:00', '--job-id', '5148', '--raw', '--subdir', 'DAGS_FOLDER/defence_dag.py', '--cfg-path', '/tmp/tmpy3b0jwc2', '--error-file', '/tmp/tmpc1tm5yjx']
[2023-04-16 13:27:13,280] {standard_task_runner.py:80} INFO - Job 5148: Subtask to_defence3
[2023-04-16 13:27:13,620] {task_command.py:369} INFO - Running <TaskInstance: multi_defence_dag.to_defence3 manual__2023-04-16T13:26:53.928329+00:00 [running]> on host c5458bb8a35c
[2023-04-16 13:27:14,038] {taskinstance.py:1571} INFO - Exporting the following env vars:
AIRFLOW_CTX_DAG_OWNER=***
AIRFLOW_CTX_DAG_ID=multi_defence_dag
AIRFLOW_CTX_TASK_ID=to_defence3
AIRFLOW_CTX_EXECUTION_DATE=2023-04-16T13:26:53.928329+00:00
AIRFLOW_CTX_TRY_NUMBER=1
AIRFLOW_CTX_DAG_RUN_ID=manual__2023-04-16T13:26:53.928329+00:00
[2023-04-16 13:27:14,121] {python.py:173} INFO - Done. Returned value was: Defence3
[2023-04-16 13:27:14,122] {skipmixin.py:140} INFO - Following branch Defence3
[2023-04-16 13:27:14,141] {skipmixin.py:175} INFO - Skipping tasks ['default']
[2023-04-16 13:27:14,479] {taskinstance.py:1400} INFO - Marking task as SUCCESS. dag_id=multi_defence_dag, task_id=to_defence3, execution_date=20230416T132653, start_date=20230416T132713, end_date=20230416T132714
[2023-04-16 13:27:14,579] {local_task_job.py:156} INFO - Task exited with return code 0
[2023-04-16 13:27:14,848] {local_task_job.py:273} INFO - 1 downstream tasks scheduled from follow-on schedule check
