[2023-03-12 15:19:55,779] {taskinstance.py:1159} INFO - Dependencies all met for <TaskInstance: defence_dag.trigger_offence manual__2023-03-12T15:19:50.083730+00:00 [queued]>
[2023-03-12 15:19:55,797] {taskinstance.py:1159} INFO - Dependencies all met for <TaskInstance: defence_dag.trigger_offence manual__2023-03-12T15:19:50.083730+00:00 [queued]>
[2023-03-12 15:19:55,798] {taskinstance.py:1356} INFO - 
--------------------------------------------------------------------------------
[2023-03-12 15:19:55,799] {taskinstance.py:1357} INFO - Starting attempt 1 of 1
[2023-03-12 15:19:55,799] {taskinstance.py:1358} INFO - 
--------------------------------------------------------------------------------
[2023-03-12 15:19:55,819] {taskinstance.py:1377} INFO - Executing <Task(TriggerDagRunOperator): trigger_offence> on 2023-03-12 15:19:50.083730+00:00
[2023-03-12 15:19:55,825] {standard_task_runner.py:52} INFO - Started process 281 to run task
[2023-03-12 15:19:55,828] {standard_task_runner.py:79} INFO - Running: ['***', 'tasks', 'run', 'defence_dag', 'trigger_offence', 'manual__2023-03-12T15:19:50.083730+00:00', '--job-id', '486', '--raw', '--subdir', 'DAGS_FOLDER/defese.py', '--cfg-path', '/tmp/tmp1yyojg7t', '--error-file', '/tmp/tmpl5rmmq2w']
[2023-03-12 15:19:55,829] {standard_task_runner.py:80} INFO - Job 486: Subtask trigger_offence
[2023-03-12 15:19:55,922] {task_command.py:369} INFO - Running <TaskInstance: defence_dag.trigger_offence manual__2023-03-12T15:19:50.083730+00:00 [running]> on host 596adcca7378
[2023-03-12 15:19:56,019] {taskinstance.py:1571} INFO - Exporting the following env vars:
AIRFLOW_CTX_DAG_OWNER=***
AIRFLOW_CTX_DAG_ID=defence_dag
AIRFLOW_CTX_TASK_ID=trigger_offence
AIRFLOW_CTX_EXECUTION_DATE=2023-03-12T15:19:50.083730+00:00
AIRFLOW_CTX_TRY_NUMBER=1
AIRFLOW_CTX_DAG_RUN_ID=manual__2023-03-12T15:19:50.083730+00:00
[2023-03-12 15:19:56,923] {taskinstance.py:1400} INFO - Marking task as SUCCESS. dag_id=defence_dag, task_id=trigger_offence, execution_date=20230312T151950, start_date=20230312T151955, end_date=20230312T151956
[2023-03-12 15:19:56,965] {local_task_job.py:156} INFO - Task exited with return code 0
[2023-03-12 15:19:56,991] {local_task_job.py:273} INFO - 0 downstream tasks scheduled from follow-on schedule check
