[2023-03-28 09:51:15,441] {taskinstance.py:1159} INFO - Dependencies all met for <TaskInstance: attack_dag2.attack manual__2023-03-28T09:51:13.133379+00:00 [queued]>
[2023-03-28 09:51:15,452] {taskinstance.py:1159} INFO - Dependencies all met for <TaskInstance: attack_dag2.attack manual__2023-03-28T09:51:13.133379+00:00 [queued]>
[2023-03-28 09:51:15,452] {taskinstance.py:1356} INFO - 
--------------------------------------------------------------------------------
[2023-03-28 09:51:15,453] {taskinstance.py:1357} INFO - Starting attempt 1 of 1
[2023-03-28 09:51:15,454] {taskinstance.py:1358} INFO - 
--------------------------------------------------------------------------------
[2023-03-28 09:51:15,471] {taskinstance.py:1377} INFO - Executing <Task(PythonOperator): attack> on 2023-03-28 09:51:13.133379+00:00
[2023-03-28 09:51:15,476] {standard_task_runner.py:52} INFO - Started process 522 to run task
[2023-03-28 09:51:15,479] {standard_task_runner.py:79} INFO - Running: ['***', 'tasks', 'run', 'attack_dag2', 'attack', 'manual__2023-03-28T09:51:13.133379+00:00', '--job-id', '3966', '--raw', '--subdir', 'DAGS_FOLDER/attack.py', '--cfg-path', '/tmp/tmp2elmljnz', '--error-file', '/tmp/tmpdfpz3sc5']
[2023-03-28 09:51:15,480] {standard_task_runner.py:80} INFO - Job 3966: Subtask attack
[2023-03-28 09:51:15,540] {task_command.py:369} INFO - Running <TaskInstance: attack_dag2.attack manual__2023-03-28T09:51:13.133379+00:00 [running]> on host 70f8824ef075
[2023-03-28 09:51:15,623] {taskinstance.py:1571} INFO - Exporting the following env vars:
AIRFLOW_CTX_DAG_OWNER=***
AIRFLOW_CTX_DAG_ID=attack_dag2
AIRFLOW_CTX_TASK_ID=attack
AIRFLOW_CTX_EXECUTION_DATE=2023-03-28T09:51:13.133379+00:00
AIRFLOW_CTX_TRY_NUMBER=1
AIRFLOW_CTX_DAG_RUN_ID=manual__2023-03-28T09:51:13.133379+00:00
[2023-03-28 09:51:15,626] {transport.py:157} INFO - Attempting refresh to obtain initial access_token
[2023-03-28 09:51:15,629] {client.py:777} INFO - Refreshing access_token
[2023-03-28 09:51:16,655] {transport.py:157} INFO - Attempting refresh to obtain initial access_token
[2023-03-28 09:51:16,657] {client.py:777} INFO - Refreshing access_token
[2023-03-28 09:51:17,210] {python.py:173} INFO - Done. Returned value was: None
[2023-03-28 09:51:17,225] {taskinstance.py:1400} INFO - Marking task as SUCCESS. dag_id=attack_dag2, task_id=attack, execution_date=20230328T095113, start_date=20230328T095115, end_date=20230328T095117
[2023-03-28 09:51:17,261] {local_task_job.py:156} INFO - Task exited with return code 0
[2023-03-28 09:51:17,303] {local_task_job.py:273} INFO - 1 downstream tasks scheduled from follow-on schedule check
