[2023-03-28 09:51:20,650] {taskinstance.py:1159} INFO - Dependencies all met for <TaskInstance: defence_dag2.storing manual__2023-03-28T09:51:18.460253+00:00 [queued]>
[2023-03-28 09:51:20,663] {taskinstance.py:1159} INFO - Dependencies all met for <TaskInstance: defence_dag2.storing manual__2023-03-28T09:51:18.460253+00:00 [queued]>
[2023-03-28 09:51:20,663] {taskinstance.py:1356} INFO - 
--------------------------------------------------------------------------------
[2023-03-28 09:51:20,664] {taskinstance.py:1357} INFO - Starting attempt 1 of 1
[2023-03-28 09:51:20,670] {taskinstance.py:1358} INFO - 
--------------------------------------------------------------------------------
[2023-03-28 09:51:20,692] {taskinstance.py:1377} INFO - Executing <Task(BashOperator): storing> on 2023-03-28 09:51:18.460253+00:00
[2023-03-28 09:51:20,700] {standard_task_runner.py:52} INFO - Started process 528 to run task
[2023-03-28 09:51:20,705] {standard_task_runner.py:79} INFO - Running: ['***', 'tasks', 'run', 'defence_dag2', 'storing', 'manual__2023-03-28T09:51:18.460253+00:00', '--job-id', '3968', '--raw', '--subdir', 'DAGS_FOLDER/defese.py', '--cfg-path', '/tmp/tmponja_e9z', '--error-file', '/tmp/tmp0jf4effe']
[2023-03-28 09:51:20,707] {standard_task_runner.py:80} INFO - Job 3968: Subtask storing
[2023-03-28 09:51:20,793] {task_command.py:369} INFO - Running <TaskInstance: defence_dag2.storing manual__2023-03-28T09:51:18.460253+00:00 [running]> on host 70f8824ef075
[2023-03-28 09:51:20,904] {taskinstance.py:1571} INFO - Exporting the following env vars:
AIRFLOW_CTX_DAG_OWNER=***
AIRFLOW_CTX_DAG_ID=defence_dag2
AIRFLOW_CTX_TASK_ID=storing
AIRFLOW_CTX_EXECUTION_DATE=2023-03-28T09:51:18.460253+00:00
AIRFLOW_CTX_TRY_NUMBER=1
AIRFLOW_CTX_DAG_RUN_ID=manual__2023-03-28T09:51:18.460253+00:00
[2023-03-28 09:51:20,906] {subprocess.py:62} INFO - Tmp dir root location: 
 /tmp
[2023-03-28 09:51:20,908] {subprocess.py:74} INFO - Running command: ['bash', '-c', 'sleep 1']
[2023-03-28 09:51:20,920] {subprocess.py:85} INFO - Output:
[2023-03-28 09:51:21,924] {subprocess.py:96} INFO - Command exited with return code 0
[2023-03-28 09:51:21,976] {taskinstance.py:1400} INFO - Marking task as SUCCESS. dag_id=defence_dag2, task_id=storing, execution_date=20230328T095118, start_date=20230328T095120, end_date=20230328T095121
[2023-03-28 09:51:22,004] {local_task_job.py:156} INFO - Task exited with return code 0
[2023-03-28 09:51:22,069] {local_task_job.py:273} INFO - 1 downstream tasks scheduled from follow-on schedule check
