[2023-03-28 14:21:53,934] {taskinstance.py:1159} INFO - Dependencies all met for <TaskInstance: defence_dag2.to_attack manual__2023-03-28T14:21:44.791416+00:00 [queued]>
[2023-03-28 14:21:53,941] {taskinstance.py:1159} INFO - Dependencies all met for <TaskInstance: defence_dag2.to_attack manual__2023-03-28T14:21:44.791416+00:00 [queued]>
[2023-03-28 14:21:53,941] {taskinstance.py:1356} INFO - 
--------------------------------------------------------------------------------
[2023-03-28 14:21:53,941] {taskinstance.py:1357} INFO - Starting attempt 1 of 1
[2023-03-28 14:21:53,942] {taskinstance.py:1358} INFO - 
--------------------------------------------------------------------------------
[2023-03-28 14:21:53,952] {taskinstance.py:1377} INFO - Executing <Task(BranchPythonOperator): to_attack> on 2023-03-28 14:21:44.791416+00:00
[2023-03-28 14:21:53,958] {standard_task_runner.py:52} INFO - Started process 8683 to run task
[2023-03-28 14:21:53,961] {standard_task_runner.py:79} INFO - Running: ['***', 'tasks', 'run', 'defence_dag2', 'to_attack', 'manual__2023-03-28T14:21:44.791416+00:00', '--job-id', '4623', '--raw', '--subdir', 'DAGS_FOLDER/defese.py', '--cfg-path', '/tmp/tmps36ujmx9', '--error-file', '/tmp/tmp3bgx0ywd']
[2023-03-28 14:21:53,962] {standard_task_runner.py:80} INFO - Job 4623: Subtask to_attack
[2023-03-28 14:21:54,010] {task_command.py:369} INFO - Running <TaskInstance: defence_dag2.to_attack manual__2023-03-28T14:21:44.791416+00:00 [running]> on host ff3d40af78f9
[2023-03-28 14:21:54,066] {taskinstance.py:1571} INFO - Exporting the following env vars:
AIRFLOW_CTX_DAG_OWNER=***
AIRFLOW_CTX_DAG_ID=defence_dag2
AIRFLOW_CTX_TASK_ID=to_attack
AIRFLOW_CTX_EXECUTION_DATE=2023-03-28T14:21:44.791416+00:00
AIRFLOW_CTX_TRY_NUMBER=1
AIRFLOW_CTX_DAG_RUN_ID=manual__2023-03-28T14:21:44.791416+00:00
[2023-03-28 14:21:54,068] {transport.py:157} INFO - Attempting refresh to obtain initial access_token
[2023-03-28 14:21:54,071] {client.py:777} INFO - Refreshing access_token
[2023-03-28 14:21:55,066] {taskinstance.py:1889} ERROR - Task failed with exception
Traceback (most recent call last):
  File "/home/airflow/.local/lib/python3.7/site-packages/airflow/operators/python.py", line 207, in execute
    branch = super().execute(context)
  File "/home/airflow/.local/lib/python3.7/site-packages/airflow/operators/python.py", line 171, in execute
    return_value = self.execute_callable()
  File "/home/airflow/.local/lib/python3.7/site-packages/airflow/operators/python.py", line 189, in execute_callable
    return self.python_callable(*self.op_args, **self.op_kwargs)
  File "/opt/airflow/dags/defese.py", line 31, in to_attack
    cycles = load_from_bucket('estim.pickle')
  File "/opt/airflow/dags/helpers.py", line 45, in load_from_bucket
    raise err
  File "/opt/airflow/dags/helpers.py", line 42, in load_from_bucket
    loaded_obj = cloudpickle.load(f)
  File "/home/airflow/.local/lib/python3.7/site-packages/art/estimators/classification/pytorch.py", line 1095, in __setstate__
    model.load_state_dict(torch.load(str(full_path) + ".model"))
  File "/home/airflow/.local/lib/python3.7/site-packages/torch/serialization.py", line 771, in load
    with _open_file_like(f, 'rb') as opened_file:
  File "/home/airflow/.local/lib/python3.7/site-packages/torch/serialization.py", line 270, in _open_file_like
    return _open_file(name_or_buffer, mode)
  File "/home/airflow/.local/lib/python3.7/site-packages/torch/serialization.py", line 251, in __init__
    super(_open_file, self).__init__(open(name, mode))
FileNotFoundError: [Errno 2] No such file or directory: '/home/airflow/.art/data/1680013021.806291.model'
[2023-03-28 14:21:55,074] {taskinstance.py:1400} INFO - Marking task as FAILED. dag_id=defence_dag2, task_id=to_attack, execution_date=20230328T142144, start_date=20230328T142153, end_date=20230328T142155
[2023-03-28 14:21:55,083] {standard_task_runner.py:97} ERROR - Failed to execute job 4623 for task to_attack ([Errno 2] No such file or directory: '/home/airflow/.art/data/1680013021.806291.model'; 8683)
[2023-03-28 14:21:55,102] {local_task_job.py:156} INFO - Task exited with return code 1
[2023-03-28 14:21:55,153] {local_task_job.py:273} INFO - 0 downstream tasks scheduled from follow-on schedule check
