[2023-04-09 07:15:50,938] {taskinstance.py:1159} INFO - Dependencies all met for <TaskInstance: multi_attack_dag.to_attack_ProjectedGradientDescent manual__2023-04-09T07:15:36.702324+00:00 [queued]>
[2023-04-09 07:15:50,952] {taskinstance.py:1159} INFO - Dependencies all met for <TaskInstance: multi_attack_dag.to_attack_ProjectedGradientDescent manual__2023-04-09T07:15:36.702324+00:00 [queued]>
[2023-04-09 07:15:50,953] {taskinstance.py:1356} INFO - 
--------------------------------------------------------------------------------
[2023-04-09 07:15:50,954] {taskinstance.py:1357} INFO - Starting attempt 1 of 2
[2023-04-09 07:15:50,954] {taskinstance.py:1358} INFO - 
--------------------------------------------------------------------------------
[2023-04-09 07:15:50,974] {taskinstance.py:1377} INFO - Executing <Task(BranchPythonOperator): to_attack_ProjectedGradientDescent> on 2023-04-09 07:15:36.702324+00:00
[2023-04-09 07:15:50,984] {standard_task_runner.py:52} INFO - Started process 1058 to run task
[2023-04-09 07:15:50,989] {standard_task_runner.py:79} INFO - Running: ['***', 'tasks', 'run', 'multi_attack_dag', 'to_attack_ProjectedGradientDescent', 'manual__2023-04-09T07:15:36.702324+00:00', '--job-id', '4736', '--raw', '--subdir', 'DAGS_FOLDER/attack_dag.py', '--cfg-path', '/tmp/tmpsrsydjdr', '--error-file', '/tmp/tmph6hb2szs']
[2023-04-09 07:15:50,990] {standard_task_runner.py:80} INFO - Job 4736: Subtask to_attack_ProjectedGradientDescent
[2023-04-09 07:15:51,057] {task_command.py:369} INFO - Running <TaskInstance: multi_attack_dag.to_attack_ProjectedGradientDescent manual__2023-04-09T07:15:36.702324+00:00 [running]> on host ff3d40af78f9
[2023-04-09 07:15:51,144] {taskinstance.py:1571} INFO - Exporting the following env vars:
AIRFLOW_CTX_DAG_OWNER=***
AIRFLOW_CTX_DAG_ID=multi_attack_dag
AIRFLOW_CTX_TASK_ID=to_attack_ProjectedGradientDescent
AIRFLOW_CTX_EXECUTION_DATE=2023-04-09T07:15:36.702324+00:00
AIRFLOW_CTX_TRY_NUMBER=1
AIRFLOW_CTX_DAG_RUN_ID=manual__2023-04-09T07:15:36.702324+00:00
[2023-04-09 07:15:51,156] {python.py:173} INFO - Done. Returned value was: attack_ProjectedGradientDescent
[2023-04-09 07:15:51,156] {skipmixin.py:140} INFO - Following branch attack_ProjectedGradientDescent
[2023-04-09 07:15:51,157] {skipmixin.py:175} INFO - Skipping tasks ['default']
[2023-04-09 07:15:51,220] {taskinstance.py:1400} INFO - Marking task as SUCCESS. dag_id=multi_attack_dag, task_id=to_attack_ProjectedGradientDescent, execution_date=20230409T071536, start_date=20230409T071550, end_date=20230409T071551
[2023-04-09 07:15:51,282] {local_task_job.py:156} INFO - Task exited with return code 0
[2023-04-09 07:15:51,359] {local_task_job.py:273} INFO - 1 downstream tasks scheduled from follow-on schedule check
