[2023-04-16 13:26:11,349] {taskinstance.py:1159} INFO - Dependencies all met for <TaskInstance: multi_attack_dag.attack_BasicIterativeMethod manual__2023-04-16T13:25:23.747525+00:00 [queued]>
[2023-04-16 13:26:11,402] {taskinstance.py:1159} INFO - Dependencies all met for <TaskInstance: multi_attack_dag.attack_BasicIterativeMethod manual__2023-04-16T13:25:23.747525+00:00 [queued]>
[2023-04-16 13:26:11,411] {taskinstance.py:1356} INFO - 
--------------------------------------------------------------------------------
[2023-04-16 13:26:11,412] {taskinstance.py:1357} INFO - Starting attempt 1 of 2
[2023-04-16 13:26:11,419] {taskinstance.py:1358} INFO - 
--------------------------------------------------------------------------------
[2023-04-16 13:26:11,491] {taskinstance.py:1377} INFO - Executing <Task(PythonOperator): attack_BasicIterativeMethod> on 2023-04-16 13:25:23.747525+00:00
[2023-04-16 13:26:11,519] {standard_task_runner.py:52} INFO - Started process 321 to run task
[2023-04-16 13:26:11,540] {standard_task_runner.py:79} INFO - Running: ['***', 'tasks', 'run', 'multi_attack_dag', 'attack_BasicIterativeMethod', 'manual__2023-04-16T13:25:23.747525+00:00', '--job-id', '5141', '--raw', '--subdir', 'DAGS_FOLDER/attack_dag.py', '--cfg-path', '/tmp/tmpquhbwnte', '--error-file', '/tmp/tmpd6ayoca3']
[2023-04-16 13:26:11,542] {standard_task_runner.py:80} INFO - Job 5141: Subtask attack_BasicIterativeMethod
[2023-04-16 13:26:11,760] {task_command.py:369} INFO - Running <TaskInstance: multi_attack_dag.attack_BasicIterativeMethod manual__2023-04-16T13:25:23.747525+00:00 [running]> on host c5458bb8a35c
[2023-04-16 13:26:12,048] {taskinstance.py:1571} INFO - Exporting the following env vars:
AIRFLOW_CTX_DAG_OWNER=***
AIRFLOW_CTX_DAG_ID=multi_attack_dag
AIRFLOW_CTX_TASK_ID=attack_BasicIterativeMethod
AIRFLOW_CTX_EXECUTION_DATE=2023-04-16T13:25:23.747525+00:00
AIRFLOW_CTX_TRY_NUMBER=1
AIRFLOW_CTX_DAG_RUN_ID=manual__2023-04-16T13:25:23.747525+00:00
[2023-04-16 13:26:12,058] {transport.py:157} INFO - Attempting refresh to obtain initial access_token
[2023-04-16 13:26:12,107] {client.py:777} INFO - Refreshing access_token
[2023-04-16 13:26:12,971] {transport.py:157} INFO - Attempting refresh to obtain initial access_token
[2023-04-16 13:26:12,977] {client.py:777} INFO - Refreshing access_token
[2023-04-16 13:26:14,260] {transport.py:157} INFO - Attempting refresh to obtain initial access_token
[2023-04-16 13:26:14,282] {client.py:777} INFO - Refreshing access_token
[2023-04-16 13:26:15,221] {pytorch.py:1198} INFO - Inferred 5 hidden layers on PyTorch classifier.
[2023-04-16 13:26:15,228] {taskinstance.py:1889} ERROR - Task failed with exception
Traceback (most recent call last):
  File "/home/airflow/.local/lib/python3.7/site-packages/airflow/operators/python.py", line 171, in execute
    return_value = self.execute_callable()
  File "/home/airflow/.local/lib/python3.7/site-packages/airflow/operators/python.py", line 189, in execute_callable
    return self.python_callable(*self.op_args, **self.op_kwargs)
  File "/opt/airflow/dags/attack_dag.py", line 122, in attack_BasicIterativeMethod
    model_acc, adversarial_examples  = attack(BasicIterativeMethod)
  File "/opt/airflow/dags/attack_dag.py", line 155, in attack
    wrap_attack = set_attack_params(attack_obj,attack_params)
TypeError: set_attack_params() missing 1 required positional argument: 'estimator'
[2023-04-16 13:26:15,292] {taskinstance.py:1400} INFO - Marking task as UP_FOR_RETRY. dag_id=multi_attack_dag, task_id=attack_BasicIterativeMethod, execution_date=20230416T132523, start_date=20230416T132611, end_date=20230416T132615
[2023-04-16 13:26:15,392] {standard_task_runner.py:97} ERROR - Failed to execute job 5141 for task attack_BasicIterativeMethod (set_attack_params() missing 1 required positional argument: 'estimator'; 321)
[2023-04-16 13:26:15,499] {local_task_job.py:156} INFO - Task exited with return code 1
[2023-04-16 13:26:15,761] {local_task_job.py:273} INFO - 0 downstream tasks scheduled from follow-on schedule check
