[2023-03-16 16:10:15,462] {taskinstance.py:1159} INFO - Dependencies all met for <TaskInstance: xcom_dag.choose_attack manual__2023-03-16T16:10:14.643598+00:00 [queued]>
[2023-03-16 16:10:15,473] {taskinstance.py:1159} INFO - Dependencies all met for <TaskInstance: xcom_dag.choose_attack manual__2023-03-16T16:10:14.643598+00:00 [queued]>
[2023-03-16 16:10:15,473] {taskinstance.py:1356} INFO - 
--------------------------------------------------------------------------------
[2023-03-16 16:10:15,474] {taskinstance.py:1357} INFO - Starting attempt 1 of 2
[2023-03-16 16:10:15,474] {taskinstance.py:1358} INFO - 
--------------------------------------------------------------------------------
[2023-03-16 16:10:15,488] {taskinstance.py:1377} INFO - Executing <Task(PythonOperator): choose_attack> on 2023-03-16 16:10:14.643598+00:00
[2023-03-16 16:10:15,492] {standard_task_runner.py:52} INFO - Started process 110 to run task
[2023-03-16 16:10:15,494] {standard_task_runner.py:79} INFO - Running: ['***', 'tasks', 'run', 'xcom_dag', 'choose_attack', 'manual__2023-03-16T16:10:14.643598+00:00', '--job-id', '1435', '--raw', '--subdir', 'DAGS_FOLDER/dynamic_dag.py', '--cfg-path', '/tmp/tmpyq5kbdo1', '--error-file', '/tmp/tmpl_xw6oiw']
[2023-03-16 16:10:15,495] {standard_task_runner.py:80} INFO - Job 1435: Subtask choose_attack
[2023-03-16 16:10:15,553] {task_command.py:369} INFO - Running <TaskInstance: xcom_dag.choose_attack manual__2023-03-16T16:10:14.643598+00:00 [running]> on host 596adcca7378
[2023-03-16 16:10:15,611] {taskinstance.py:1571} INFO - Exporting the following env vars:
AIRFLOW_CTX_DAG_OWNER=***
AIRFLOW_CTX_DAG_ID=xcom_dag
AIRFLOW_CTX_TASK_ID=choose_attack
AIRFLOW_CTX_EXECUTION_DATE=2023-03-16T16:10:14.643598+00:00
AIRFLOW_CTX_TRY_NUMBER=1
AIRFLOW_CTX_DAG_RUN_ID=manual__2023-03-16T16:10:14.643598+00:00
[2023-03-16 16:10:15,641] {python.py:173} INFO - Done. Returned value was: None
[2023-03-16 16:10:15,651] {taskinstance.py:1400} INFO - Marking task as SUCCESS. dag_id=xcom_dag, task_id=choose_attack, execution_date=20230316T161014, start_date=20230316T161015, end_date=20230316T161015
[2023-03-16 16:10:15,667] {local_task_job.py:156} INFO - Task exited with return code 0
[2023-03-16 16:10:15,702] {local_task_job.py:273} INFO - 3 downstream tasks scheduled from follow-on schedule check
