[2023-03-16 11:34:41,079] {taskinstance.py:1159} INFO - Dependencies all met for <TaskInstance: defence_dag.defence1 manual__2023-03-16T11:34:38.068912+00:00 [queued]>
[2023-03-16 11:34:41,086] {taskinstance.py:1159} INFO - Dependencies all met for <TaskInstance: defence_dag.defence1 manual__2023-03-16T11:34:38.068912+00:00 [queued]>
[2023-03-16 11:34:41,087] {taskinstance.py:1356} INFO - 
--------------------------------------------------------------------------------
[2023-03-16 11:34:41,087] {taskinstance.py:1357} INFO - Starting attempt 1 of 1
[2023-03-16 11:34:41,087] {taskinstance.py:1358} INFO - 
--------------------------------------------------------------------------------
[2023-03-16 11:34:41,098] {taskinstance.py:1377} INFO - Executing <Task(PythonOperator): defence1> on 2023-03-16 11:34:38.068912+00:00
[2023-03-16 11:34:41,102] {standard_task_runner.py:52} INFO - Started process 231 to run task
[2023-03-16 11:34:41,104] {standard_task_runner.py:79} INFO - Running: ['***', 'tasks', 'run', 'defence_dag', 'defence1', 'manual__2023-03-16T11:34:38.068912+00:00', '--job-id', '887', '--raw', '--subdir', 'DAGS_FOLDER/defese.py', '--cfg-path', '/tmp/tmpck_750m4', '--error-file', '/tmp/tmp599qtrbs']
[2023-03-16 11:34:41,104] {standard_task_runner.py:80} INFO - Job 887: Subtask defence1
[2023-03-16 11:34:41,146] {task_command.py:369} INFO - Running <TaskInstance: defence_dag.defence1 manual__2023-03-16T11:34:38.068912+00:00 [running]> on host 596adcca7378
[2023-03-16 11:34:41,199] {taskinstance.py:1571} INFO - Exporting the following env vars:
AIRFLOW_CTX_DAG_OWNER=***
AIRFLOW_CTX_DAG_ID=defence_dag
AIRFLOW_CTX_TASK_ID=defence1
AIRFLOW_CTX_EXECUTION_DATE=2023-03-16T11:34:38.068912+00:00
AIRFLOW_CTX_TRY_NUMBER=1
AIRFLOW_CTX_DAG_RUN_ID=manual__2023-03-16T11:34:38.068912+00:00
[2023-03-16 11:34:41,200] {logging_mixin.py:115} INFO - defensing
[2023-03-16 11:34:41,200] {python.py:173} INFO - Done. Returned value was: None
[2023-03-16 11:34:41,209] {taskinstance.py:1400} INFO - Marking task as SUCCESS. dag_id=defence_dag, task_id=defence1, execution_date=20230316T113438, start_date=20230316T113441, end_date=20230316T113441
[2023-03-16 11:34:41,237] {local_task_job.py:156} INFO - Task exited with return code 0
[2023-03-16 11:34:41,269] {local_task_job.py:273} INFO - 1 downstream tasks scheduled from follow-on schedule check
