[2023-03-28 13:49:01,690] {taskinstance.py:1159} INFO - Dependencies all met for <TaskInstance: defence_dag2.storing manual__2023-03-28T13:48:59.667146+00:00 [queued]>
[2023-03-28 13:49:01,699] {taskinstance.py:1159} INFO - Dependencies all met for <TaskInstance: defence_dag2.storing manual__2023-03-28T13:48:59.667146+00:00 [queued]>
[2023-03-28 13:49:01,699] {taskinstance.py:1356} INFO - 
--------------------------------------------------------------------------------
[2023-03-28 13:49:01,699] {taskinstance.py:1357} INFO - Starting attempt 1 of 1
[2023-03-28 13:49:01,700] {taskinstance.py:1358} INFO - 
--------------------------------------------------------------------------------
[2023-03-28 13:49:01,713] {taskinstance.py:1377} INFO - Executing <Task(BashOperator): storing> on 2023-03-28 13:48:59.667146+00:00
[2023-03-28 13:49:01,721] {standard_task_runner.py:52} INFO - Started process 7019 to run task
[2023-03-28 13:49:01,724] {standard_task_runner.py:79} INFO - Running: ['***', 'tasks', 'run', 'defence_dag2', 'storing', 'manual__2023-03-28T13:48:59.667146+00:00', '--job-id', '4599', '--raw', '--subdir', 'DAGS_FOLDER/defese.py', '--cfg-path', '/tmp/tmpq4xm8woh', '--error-file', '/tmp/tmpanin84mk']
[2023-03-28 13:49:01,725] {standard_task_runner.py:80} INFO - Job 4599: Subtask storing
[2023-03-28 13:49:01,780] {task_command.py:369} INFO - Running <TaskInstance: defence_dag2.storing manual__2023-03-28T13:48:59.667146+00:00 [running]> on host ff3d40af78f9
[2023-03-28 13:49:01,844] {taskinstance.py:1571} INFO - Exporting the following env vars:
AIRFLOW_CTX_DAG_OWNER=***
AIRFLOW_CTX_DAG_ID=defence_dag2
AIRFLOW_CTX_TASK_ID=storing
AIRFLOW_CTX_EXECUTION_DATE=2023-03-28T13:48:59.667146+00:00
AIRFLOW_CTX_TRY_NUMBER=1
AIRFLOW_CTX_DAG_RUN_ID=manual__2023-03-28T13:48:59.667146+00:00
[2023-03-28 13:49:01,845] {subprocess.py:62} INFO - Tmp dir root location: 
 /tmp
[2023-03-28 13:49:01,846] {subprocess.py:74} INFO - Running command: ['bash', '-c', 'sleep 1']
[2023-03-28 13:49:01,859] {subprocess.py:85} INFO - Output:
[2023-03-28 13:49:02,861] {subprocess.py:96} INFO - Command exited with return code 0
[2023-03-28 13:49:02,903] {taskinstance.py:1400} INFO - Marking task as SUCCESS. dag_id=defence_dag2, task_id=storing, execution_date=20230328T134859, start_date=20230328T134901, end_date=20230328T134902
[2023-03-28 13:49:02,950] {local_task_job.py:156} INFO - Task exited with return code 0
[2023-03-28 13:49:02,989] {local_task_job.py:273} INFO - 1 downstream tasks scheduled from follow-on schedule check
