[2023-03-23 12:01:22,406] {taskinstance.py:1159} INFO - Dependencies all met for <TaskInstance: defence_dag2.defence1 manual__2023-03-23T12:01:17.815295+00:00 [queued]>
[2023-03-23 12:01:22,417] {taskinstance.py:1159} INFO - Dependencies all met for <TaskInstance: defence_dag2.defence1 manual__2023-03-23T12:01:17.815295+00:00 [queued]>
[2023-03-23 12:01:22,418] {taskinstance.py:1356} INFO - 
--------------------------------------------------------------------------------
[2023-03-23 12:01:22,419] {taskinstance.py:1357} INFO - Starting attempt 1 of 1
[2023-03-23 12:01:22,420] {taskinstance.py:1358} INFO - 
--------------------------------------------------------------------------------
[2023-03-23 12:01:22,435] {taskinstance.py:1377} INFO - Executing <Task(PythonOperator): defence1> on 2023-03-23 12:01:17.815295+00:00
[2023-03-23 12:01:22,440] {standard_task_runner.py:52} INFO - Started process 3643 to run task
[2023-03-23 12:01:22,443] {standard_task_runner.py:79} INFO - Running: ['***', 'tasks', 'run', 'defence_dag2', 'defence1', 'manual__2023-03-23T12:01:17.815295+00:00', '--job-id', '2668', '--raw', '--subdir', 'DAGS_FOLDER/defese.py', '--cfg-path', '/tmp/tmpji3c5xlm', '--error-file', '/tmp/tmpw9gptvy1']
[2023-03-23 12:01:22,444] {standard_task_runner.py:80} INFO - Job 2668: Subtask defence1
[2023-03-23 12:01:22,496] {task_command.py:369} INFO - Running <TaskInstance: defence_dag2.defence1 manual__2023-03-23T12:01:17.815295+00:00 [running]> on host 6447f1dacd32
[2023-03-23 12:01:22,576] {taskinstance.py:1571} INFO - Exporting the following env vars:
AIRFLOW_CTX_DAG_OWNER=***
AIRFLOW_CTX_DAG_ID=defence_dag2
AIRFLOW_CTX_TASK_ID=defence1
AIRFLOW_CTX_EXECUTION_DATE=2023-03-23T12:01:17.815295+00:00
AIRFLOW_CTX_TRY_NUMBER=1
AIRFLOW_CTX_DAG_RUN_ID=manual__2023-03-23T12:01:17.815295+00:00
[2023-03-23 12:01:22,577] {logging_mixin.py:115} INFO - defensing
[2023-03-23 12:01:22,578] {python.py:173} INFO - Done. Returned value was: None
[2023-03-23 12:01:22,592] {taskinstance.py:1400} INFO - Marking task as SUCCESS. dag_id=defence_dag2, task_id=defence1, execution_date=20230323T120117, start_date=20230323T120122, end_date=20230323T120122
[2023-03-23 12:01:22,616] {local_task_job.py:156} INFO - Task exited with return code 0
[2023-03-23 12:01:22,666] {local_task_job.py:273} INFO - 1 downstream tasks scheduled from follow-on schedule check
