[2023-04-18 17:08:10,266] {taskinstance.py:1159} INFO - Dependencies all met for <TaskInstance: multi_attack_dag.attack_ProjectedGradientDescent manual__2023-04-18T17:07:24.660291+00:00 [queued]>
[2023-04-18 17:08:10,284] {taskinstance.py:1159} INFO - Dependencies all met for <TaskInstance: multi_attack_dag.attack_ProjectedGradientDescent manual__2023-04-18T17:07:24.660291+00:00 [queued]>
[2023-04-18 17:08:10,284] {taskinstance.py:1356} INFO - 
--------------------------------------------------------------------------------
[2023-04-18 17:08:10,285] {taskinstance.py:1357} INFO - Starting attempt 1 of 2
[2023-04-18 17:08:10,286] {taskinstance.py:1358} INFO - 
--------------------------------------------------------------------------------
[2023-04-18 17:08:10,303] {taskinstance.py:1377} INFO - Executing <Task(PythonOperator): attack_ProjectedGradientDescent> on 2023-04-18 17:07:24.660291+00:00
[2023-04-18 17:08:10,313] {standard_task_runner.py:52} INFO - Started process 8756 to run task
[2023-04-18 17:08:10,319] {standard_task_runner.py:79} INFO - Running: ['***', 'tasks', 'run', 'multi_attack_dag', 'attack_ProjectedGradientDescent', 'manual__2023-04-18T17:07:24.660291+00:00', '--job-id', '5786', '--raw', '--subdir', 'DAGS_FOLDER/attack_dag.py', '--cfg-path', '/tmp/tmp3noyq3qf', '--error-file', '/tmp/tmp4l7itvpe']
[2023-04-18 17:08:10,320] {standard_task_runner.py:80} INFO - Job 5786: Subtask attack_ProjectedGradientDescent
[2023-04-18 17:08:10,402] {task_command.py:369} INFO - Running <TaskInstance: multi_attack_dag.attack_ProjectedGradientDescent manual__2023-04-18T17:07:24.660291+00:00 [running]> on host a3dd7d962104
[2023-04-18 17:08:10,537] {taskinstance.py:1571} INFO - Exporting the following env vars:
AIRFLOW_CTX_DAG_OWNER=***
AIRFLOW_CTX_DAG_ID=multi_attack_dag
AIRFLOW_CTX_TASK_ID=attack_ProjectedGradientDescent
AIRFLOW_CTX_EXECUTION_DATE=2023-04-18T17:07:24.660291+00:00
AIRFLOW_CTX_TRY_NUMBER=1
AIRFLOW_CTX_DAG_RUN_ID=manual__2023-04-18T17:07:24.660291+00:00
[2023-04-18 17:08:10,540] {taskinstance.py:1889} ERROR - Task failed with exception
Traceback (most recent call last):
  File "/home/airflow/.local/lib/python3.7/site-packages/airflow/operators/python.py", line 171, in execute
    return_value = self.execute_callable()
  File "/home/airflow/.local/lib/python3.7/site-packages/airflow/operators/python.py", line 189, in execute_callable
    return self.python_callable(*self.op_args, **self.op_kwargs)
  File "/opt/airflow/dags/attack_dag.py", line 140, in attack_ProjectedGradientDescent
    model_acc,adversarial_examples = attack(ProjectedGradientDescent)
TypeError: cannot unpack non-iterable NoneType object
[2023-04-18 17:08:10,556] {taskinstance.py:1400} INFO - Marking task as UP_FOR_RETRY. dag_id=multi_attack_dag, task_id=attack_ProjectedGradientDescent, execution_date=20230418T170724, start_date=20230418T170810, end_date=20230418T170810
[2023-04-18 17:08:10,576] {standard_task_runner.py:97} ERROR - Failed to execute job 5786 for task attack_ProjectedGradientDescent (cannot unpack non-iterable NoneType object; 8756)
[2023-04-18 17:08:10,612] {local_task_job.py:156} INFO - Task exited with return code 1
[2023-04-18 17:08:10,667] {local_task_job.py:273} INFO - 0 downstream tasks scheduled from follow-on schedule check
