[2023-03-12 15:50:44,186] {taskinstance.py:1159} INFO - Dependencies all met for <TaskInstance: defence_dag.trigger_offence manual__2023-03-12T15:50:39.492726+00:00 [queued]>
[2023-03-12 15:50:44,196] {taskinstance.py:1159} INFO - Dependencies all met for <TaskInstance: defence_dag.trigger_offence manual__2023-03-12T15:50:39.492726+00:00 [queued]>
[2023-03-12 15:50:44,197] {taskinstance.py:1356} INFO - 
--------------------------------------------------------------------------------
[2023-03-12 15:50:44,197] {taskinstance.py:1357} INFO - Starting attempt 1 of 1
[2023-03-12 15:50:44,197] {taskinstance.py:1358} INFO - 
--------------------------------------------------------------------------------
[2023-03-12 15:50:44,209] {taskinstance.py:1377} INFO - Executing <Task(TriggerDagRunOperator): trigger_offence> on 2023-03-12 15:50:39.492726+00:00
[2023-03-12 15:50:44,215] {standard_task_runner.py:52} INFO - Started process 117 to run task
[2023-03-12 15:50:44,217] {standard_task_runner.py:79} INFO - Running: ['***', 'tasks', 'run', 'defence_dag', 'trigger_offence', 'manual__2023-03-12T15:50:39.492726+00:00', '--job-id', '582', '--raw', '--subdir', 'DAGS_FOLDER/defese.py', '--cfg-path', '/tmp/tmpcvuxhl6s', '--error-file', '/tmp/tmpdz8r_2gf']
[2023-03-12 15:50:44,218] {standard_task_runner.py:80} INFO - Job 582: Subtask trigger_offence
[2023-03-12 15:50:44,279] {task_command.py:369} INFO - Running <TaskInstance: defence_dag.trigger_offence manual__2023-03-12T15:50:39.492726+00:00 [running]> on host 596adcca7378
[2023-03-12 15:50:44,347] {taskinstance.py:1571} INFO - Exporting the following env vars:
AIRFLOW_CTX_DAG_OWNER=***
AIRFLOW_CTX_DAG_ID=defence_dag
AIRFLOW_CTX_TASK_ID=trigger_offence
AIRFLOW_CTX_EXECUTION_DATE=2023-03-12T15:50:39.492726+00:00
AIRFLOW_CTX_TRY_NUMBER=1
AIRFLOW_CTX_DAG_RUN_ID=manual__2023-03-12T15:50:39.492726+00:00
[2023-03-12 15:50:45,607] {taskinstance.py:1400} INFO - Marking task as SUCCESS. dag_id=defence_dag, task_id=trigger_offence, execution_date=20230312T155039, start_date=20230312T155044, end_date=20230312T155045
[2023-03-12 15:50:45,637] {local_task_job.py:156} INFO - Task exited with return code 0
[2023-03-12 15:50:45,673] {local_task_job.py:273} INFO - 0 downstream tasks scheduled from follow-on schedule check
