[2023-03-23 12:01:26,166] {taskinstance.py:1159} INFO - Dependencies all met for <TaskInstance: defence_dag2.trigger_offence manual__2023-03-23T12:01:17.815295+00:00 [queued]>
[2023-03-23 12:01:26,173] {taskinstance.py:1159} INFO - Dependencies all met for <TaskInstance: defence_dag2.trigger_offence manual__2023-03-23T12:01:17.815295+00:00 [queued]>
[2023-03-23 12:01:26,174] {taskinstance.py:1356} INFO - 
--------------------------------------------------------------------------------
[2023-03-23 12:01:26,175] {taskinstance.py:1357} INFO - Starting attempt 1 of 1
[2023-03-23 12:01:26,175] {taskinstance.py:1358} INFO - 
--------------------------------------------------------------------------------
[2023-03-23 12:01:26,185] {taskinstance.py:1377} INFO - Executing <Task(TriggerDagRunOperator): trigger_offence> on 2023-03-23 12:01:17.815295+00:00
[2023-03-23 12:01:26,190] {standard_task_runner.py:52} INFO - Started process 3647 to run task
[2023-03-23 12:01:26,192] {standard_task_runner.py:79} INFO - Running: ['***', 'tasks', 'run', 'defence_dag2', 'trigger_offence', 'manual__2023-03-23T12:01:17.815295+00:00', '--job-id', '2670', '--raw', '--subdir', 'DAGS_FOLDER/defese.py', '--cfg-path', '/tmp/tmp_dd5esv4', '--error-file', '/tmp/tmpdcmo_fq0']
[2023-03-23 12:01:26,193] {standard_task_runner.py:80} INFO - Job 2670: Subtask trigger_offence
[2023-03-23 12:01:26,236] {task_command.py:369} INFO - Running <TaskInstance: defence_dag2.trigger_offence manual__2023-03-23T12:01:17.815295+00:00 [running]> on host 6447f1dacd32
[2023-03-23 12:01:26,293] {taskinstance.py:1571} INFO - Exporting the following env vars:
AIRFLOW_CTX_DAG_OWNER=***
AIRFLOW_CTX_DAG_ID=defence_dag2
AIRFLOW_CTX_TASK_ID=trigger_offence
AIRFLOW_CTX_EXECUTION_DATE=2023-03-23T12:01:17.815295+00:00
AIRFLOW_CTX_TRY_NUMBER=1
AIRFLOW_CTX_DAG_RUN_ID=manual__2023-03-23T12:01:17.815295+00:00
[2023-03-23 12:01:26,901] {taskinstance.py:1400} INFO - Marking task as SUCCESS. dag_id=defence_dag2, task_id=trigger_offence, execution_date=20230323T120117, start_date=20230323T120126, end_date=20230323T120126
[2023-03-23 12:01:26,928] {local_task_job.py:156} INFO - Task exited with return code 0
[2023-03-23 12:01:26,952] {local_task_job.py:273} INFO - 0 downstream tasks scheduled from follow-on schedule check
