[2023-04-23 09:37:47,628] {taskinstance.py:1159} INFO - Dependencies all met for <TaskInstance: multi_defence_dag.Defence1 manual__2023-04-23T09:37:34.372717+00:00 [queued]>
[2023-04-23 09:37:47,651] {taskinstance.py:1159} INFO - Dependencies all met for <TaskInstance: multi_defence_dag.Defence1 manual__2023-04-23T09:37:34.372717+00:00 [queued]>
[2023-04-23 09:37:47,652] {taskinstance.py:1356} INFO - 
--------------------------------------------------------------------------------
[2023-04-23 09:37:47,653] {taskinstance.py:1357} INFO - Starting attempt 1 of 2
[2023-04-23 09:37:47,654] {taskinstance.py:1358} INFO - 
--------------------------------------------------------------------------------
[2023-04-23 09:37:47,678] {taskinstance.py:1377} INFO - Executing <Task(PythonOperator): Defence1> on 2023-04-23 09:37:34.372717+00:00
[2023-04-23 09:37:47,689] {standard_task_runner.py:52} INFO - Started process 1422 to run task
[2023-04-23 09:37:47,696] {standard_task_runner.py:79} INFO - Running: ['***', 'tasks', 'run', 'multi_defence_dag', 'Defence1', 'manual__2023-04-23T09:37:34.372717+00:00', '--job-id', '6144', '--raw', '--subdir', 'DAGS_FOLDER/defence_dag.py', '--cfg-path', '/tmp/tmp_uk2si_j', '--error-file', '/tmp/tmpsqb9wbc8']
[2023-04-23 09:37:47,698] {standard_task_runner.py:80} INFO - Job 6144: Subtask Defence1
[2023-04-23 09:37:47,800] {task_command.py:369} INFO - Running <TaskInstance: multi_defence_dag.Defence1 manual__2023-04-23T09:37:34.372717+00:00 [running]> on host a3dd7d962104
[2023-04-23 09:37:47,937] {taskinstance.py:1571} INFO - Exporting the following env vars:
AIRFLOW_CTX_DAG_OWNER=***
AIRFLOW_CTX_DAG_ID=multi_defence_dag
AIRFLOW_CTX_TASK_ID=Defence1
AIRFLOW_CTX_EXECUTION_DATE=2023-04-23T09:37:34.372717+00:00
AIRFLOW_CTX_TRY_NUMBER=1
AIRFLOW_CTX_DAG_RUN_ID=manual__2023-04-23T09:37:34.372717+00:00
[2023-04-23 09:37:47,961] {python.py:173} INFO - Done. Returned value was: None
[2023-04-23 09:37:47,981] {taskinstance.py:1400} INFO - Marking task as SUCCESS. dag_id=multi_defence_dag, task_id=Defence1, execution_date=20230423T093734, start_date=20230423T093747, end_date=20230423T093747
[2023-04-23 09:37:48,028] {local_task_job.py:156} INFO - Task exited with return code 0
[2023-04-23 09:37:48,100] {local_task_job.py:273} INFO - 1 downstream tasks scheduled from follow-on schedule check
