[2023-03-23 15:02:39,650] {taskinstance.py:1159} INFO - Dependencies all met for <TaskInstance: multi_attack_dag.to_attack1 manual__2023-03-23T15:02:07.873494+00:00 [queued]>
[2023-03-23 15:02:39,747] {taskinstance.py:1159} INFO - Dependencies all met for <TaskInstance: multi_attack_dag.to_attack1 manual__2023-03-23T15:02:07.873494+00:00 [queued]>
[2023-03-23 15:02:39,750] {taskinstance.py:1356} INFO - 
--------------------------------------------------------------------------------
[2023-03-23 15:02:39,762] {taskinstance.py:1357} INFO - Starting attempt 1 of 2
[2023-03-23 15:02:39,765] {taskinstance.py:1358} INFO - 
--------------------------------------------------------------------------------
[2023-03-23 15:02:40,249] {taskinstance.py:1377} INFO - Executing <Task(BranchPythonOperator): to_attack1> on 2023-03-23 15:02:07.873494+00:00
[2023-03-23 15:02:40,290] {standard_task_runner.py:52} INFO - Started process 11158 to run task
[2023-03-23 15:02:40,323] {standard_task_runner.py:79} INFO - Running: ['***', 'tasks', 'run', 'multi_attack_dag', 'to_attack1', 'manual__2023-03-23T15:02:07.873494+00:00', '--job-id', '2771', '--raw', '--subdir', 'DAGS_FOLDER/attack_dag.py', '--cfg-path', '/tmp/tmpnjlb4jev', '--error-file', '/tmp/tmp9w8xt19h']
[2023-03-23 15:02:40,335] {standard_task_runner.py:80} INFO - Job 2771: Subtask to_attack1
[2023-03-23 15:02:41,392] {task_command.py:369} INFO - Running <TaskInstance: multi_attack_dag.to_attack1 manual__2023-03-23T15:02:07.873494+00:00 [running]> on host 6447f1dacd32
[2023-03-23 15:02:49,315] {taskinstance.py:1571} INFO - Exporting the following env vars:
AIRFLOW_CTX_DAG_OWNER=***
AIRFLOW_CTX_DAG_ID=multi_attack_dag
AIRFLOW_CTX_TASK_ID=to_attack1
AIRFLOW_CTX_EXECUTION_DATE=2023-03-23T15:02:07.873494+00:00
AIRFLOW_CTX_TRY_NUMBER=1
AIRFLOW_CTX_DAG_RUN_ID=manual__2023-03-23T15:02:07.873494+00:00
[2023-03-23 15:02:49,444] {python.py:173} INFO - Done. Returned value was: attack1
[2023-03-23 15:02:49,447] {skipmixin.py:140} INFO - Following branch attack1
[2023-03-23 15:02:49,453] {skipmixin.py:175} INFO - Skipping tasks ['default']
[2023-03-23 15:03:15,775] {taskinstance.py:1400} INFO - Marking task as SUCCESS. dag_id=multi_attack_dag, task_id=to_attack1, execution_date=20230323T150207, start_date=20230323T150239, end_date=20230323T150315
[2023-03-23 15:03:15,989] {local_task_job.py:156} INFO - Task exited with return code 0
[2023-03-23 15:03:18,191] {local_task_job.py:273} INFO - 1 downstream tasks scheduled from follow-on schedule check
