[2023-04-09 12:43:28,412] {taskinstance.py:1159} INFO - Dependencies all met for <TaskInstance: multi_attack_dag.choose_best manual__2023-04-09T12:41:07.815426+00:00 [queued]>
[2023-04-09 12:43:28,422] {taskinstance.py:1159} INFO - Dependencies all met for <TaskInstance: multi_attack_dag.choose_best manual__2023-04-09T12:41:07.815426+00:00 [queued]>
[2023-04-09 12:43:28,422] {taskinstance.py:1356} INFO - 
--------------------------------------------------------------------------------
[2023-04-09 12:43:28,423] {taskinstance.py:1357} INFO - Starting attempt 1 of 2
[2023-04-09 12:43:28,424] {taskinstance.py:1358} INFO - 
--------------------------------------------------------------------------------
[2023-04-09 12:43:28,437] {taskinstance.py:1377} INFO - Executing <Task(PythonOperator): choose_best> on 2023-04-09 12:41:07.815426+00:00
[2023-04-09 12:43:28,444] {standard_task_runner.py:52} INFO - Started process 14794 to run task
[2023-04-09 12:43:28,448] {standard_task_runner.py:79} INFO - Running: ['***', 'tasks', 'run', 'multi_attack_dag', 'choose_best', 'manual__2023-04-09T12:41:07.815426+00:00', '--job-id', '4987', '--raw', '--subdir', 'DAGS_FOLDER/attack_dag.py', '--cfg-path', '/tmp/tmp5q3k2twf', '--error-file', '/tmp/tmpfimiky4g']
[2023-04-09 12:43:28,449] {standard_task_runner.py:80} INFO - Job 4987: Subtask choose_best
[2023-04-09 12:43:28,498] {task_command.py:369} INFO - Running <TaskInstance: multi_attack_dag.choose_best manual__2023-04-09T12:41:07.815426+00:00 [running]> on host ff3d40af78f9
[2023-04-09 12:43:28,562] {taskinstance.py:1571} INFO - Exporting the following env vars:
AIRFLOW_CTX_DAG_OWNER=***
AIRFLOW_CTX_DAG_ID=multi_attack_dag
AIRFLOW_CTX_TASK_ID=choose_best
AIRFLOW_CTX_EXECUTION_DATE=2023-04-09T12:41:07.815426+00:00
AIRFLOW_CTX_TRY_NUMBER=1
AIRFLOW_CTX_DAG_RUN_ID=manual__2023-04-09T12:41:07.815426+00:00
[2023-04-09 12:43:28,588] {transport.py:157} INFO - Attempting refresh to obtain initial access_token
[2023-04-09 12:43:28,591] {client.py:777} INFO - Refreshing access_token
[2023-04-09 12:43:30,202] {transport.py:157} INFO - Attempting refresh to obtain initial access_token
[2023-04-09 12:43:30,204] {client.py:777} INFO - Refreshing access_token
[2023-04-09 12:43:31,652] {taskinstance.py:1889} ERROR - Task failed with exception
Traceback (most recent call last):
  File "/home/airflow/.local/lib/python3.7/site-packages/airflow/operators/python.py", line 171, in execute
    return_value = self.execute_callable()
  File "/home/airflow/.local/lib/python3.7/site-packages/airflow/operators/python.py", line 189, in execute_callable
    return self.python_callable(*self.op_args, **self.op_kwargs)
  File "/opt/airflow/dags/attack_dag.py", line 169, in choose_best_attack
    upload_to_bucket(obj=adv_examples,file_name="adv.csv", as_csv=True)
  File "/opt/airflow/dags/helpers.py", line 112, in upload_to_bucket
    blob.upload_from_filename(file_name)
  File "/home/airflow/.local/lib/python3.7/site-packages/gcloud/storage/blob.py", line 597, in upload_from_filename
    encryption_key=encryption_key, client=client)
  File "/home/airflow/.local/lib/python3.7/site-packages/gcloud/storage/blob.py", line 543, in upload_from_file
    http_response = upload.stream_file(use_chunks=True)
  File "/home/airflow/.local/lib/python3.7/site-packages/gcloud/streaming/transfer.py", line 1086, in stream_file
    response = send_func(self.stream.tell())
  File "/home/airflow/.local/lib/python3.7/site-packages/gcloud/streaming/transfer.py", line 1215, in _send_chunk
    return self._send_media_request(request, end)
  File "/home/airflow/.local/lib/python3.7/site-packages/gcloud/streaming/transfer.py", line 1125, in _send_media_request
    self.bytes_http, request, retries=self.num_retries)
  File "/home/airflow/.local/lib/python3.7/site-packages/gcloud/streaming/http_wrapper.py", line 423, in make_api_request
    check_response_func=check_response_func)
  File "/home/airflow/.local/lib/python3.7/site-packages/gcloud/streaming/http_wrapper.py", line 371, in _make_api_request_no_retry
    redirections=redirections, connection_type=connection_type)
  File "/home/airflow/.local/lib/python3.7/site-packages/oauth2client/transport.py", line 175, in new_request
    redirections, connection_type)
  File "/home/airflow/.local/lib/python3.7/site-packages/oauth2client/transport.py", line 282, in request
    connection_type=connection_type)
  File "/home/airflow/.local/lib/python3.7/site-packages/httplib2/__init__.py", line 1709, in request
    conn, authority, uri, request_uri, method, body, headers, redirections, cachekey,
  File "/home/airflow/.local/lib/python3.7/site-packages/httplib2/__init__.py", line 1448, in _request
    _("Redirected but the response is missing a Location: header."), response, content,
httplib2.error.RedirectMissingLocation: Redirected but the response is missing a Location: header.
[2023-04-09 12:43:31,666] {taskinstance.py:1400} INFO - Marking task as UP_FOR_RETRY. dag_id=multi_attack_dag, task_id=choose_best, execution_date=20230409T124107, start_date=20230409T124328, end_date=20230409T124331
[2023-04-09 12:43:31,677] {standard_task_runner.py:97} ERROR - Failed to execute job 4987 for task choose_best (Redirected but the response is missing a Location: header.; 14794)
[2023-04-09 12:43:31,724] {local_task_job.py:156} INFO - Task exited with return code 1
[2023-04-09 12:43:31,757] {local_task_job.py:273} INFO - 0 downstream tasks scheduled from follow-on schedule check
