[2023-04-09 12:48:36,939] {taskinstance.py:1159} INFO - Dependencies all met for <TaskInstance: multi_attack_dag.choose_best manual__2023-04-09T12:41:07.815426+00:00 [queued]>
[2023-04-09 12:48:36,958] {taskinstance.py:1159} INFO - Dependencies all met for <TaskInstance: multi_attack_dag.choose_best manual__2023-04-09T12:41:07.815426+00:00 [queued]>
[2023-04-09 12:48:36,959] {taskinstance.py:1356} INFO - 
--------------------------------------------------------------------------------
[2023-04-09 12:48:36,961] {taskinstance.py:1357} INFO - Starting attempt 2 of 2
[2023-04-09 12:48:36,962] {taskinstance.py:1358} INFO - 
--------------------------------------------------------------------------------
[2023-04-09 12:48:36,989] {taskinstance.py:1377} INFO - Executing <Task(PythonOperator): choose_best> on 2023-04-09 12:41:07.815426+00:00
[2023-04-09 12:48:37,002] {standard_task_runner.py:52} INFO - Started process 15059 to run task
[2023-04-09 12:48:37,010] {standard_task_runner.py:79} INFO - Running: ['***', 'tasks', 'run', 'multi_attack_dag', 'choose_best', 'manual__2023-04-09T12:41:07.815426+00:00', '--job-id', '4995', '--raw', '--subdir', 'DAGS_FOLDER/attack_dag.py', '--cfg-path', '/tmp/tmp2lalhccr', '--error-file', '/tmp/tmpz5ov9buq']
[2023-04-09 12:48:37,012] {standard_task_runner.py:80} INFO - Job 4995: Subtask choose_best
[2023-04-09 12:48:37,128] {task_command.py:369} INFO - Running <TaskInstance: multi_attack_dag.choose_best manual__2023-04-09T12:41:07.815426+00:00 [running]> on host ff3d40af78f9
[2023-04-09 12:48:37,309] {taskinstance.py:1571} INFO - Exporting the following env vars:
AIRFLOW_CTX_DAG_OWNER=***
AIRFLOW_CTX_DAG_ID=multi_attack_dag
AIRFLOW_CTX_TASK_ID=choose_best
AIRFLOW_CTX_EXECUTION_DATE=2023-04-09T12:41:07.815426+00:00
AIRFLOW_CTX_TRY_NUMBER=2
AIRFLOW_CTX_DAG_RUN_ID=manual__2023-04-09T12:41:07.815426+00:00
[2023-04-09 12:48:37,359] {transport.py:157} INFO - Attempting refresh to obtain initial access_token
[2023-04-09 12:48:37,364] {client.py:777} INFO - Refreshing access_token
[2023-04-09 12:48:39,074] {transport.py:157} INFO - Attempting refresh to obtain initial access_token
[2023-04-09 12:48:39,079] {client.py:777} INFO - Refreshing access_token
[2023-04-09 12:48:39,728] {transport.py:157} INFO - Attempting refresh to obtain initial access_token
[2023-04-09 12:48:39,733] {client.py:777} INFO - Refreshing access_token
[2023-04-09 12:48:40,377] {python.py:173} INFO - Done. Returned value was: None
[2023-04-09 12:48:40,424] {taskinstance.py:1400} INFO - Marking task as SUCCESS. dag_id=multi_attack_dag, task_id=choose_best, execution_date=20230409T124107, start_date=20230409T124836, end_date=20230409T124840
[2023-04-09 12:48:40,533] {local_task_job.py:156} INFO - Task exited with return code 0
[2023-04-09 12:48:40,715] {local_task_job.py:273} INFO - 1 downstream tasks scheduled from follow-on schedule check
