[2023-03-23 15:04:50,554] {taskinstance.py:1159} INFO - Dependencies all met for <TaskInstance: multi_defence_dag.to_defence1 manual__2023-03-23T15:04:25.751768+00:00 [queued]>
[2023-03-23 15:04:50,614] {taskinstance.py:1159} INFO - Dependencies all met for <TaskInstance: multi_defence_dag.to_defence1 manual__2023-03-23T15:04:25.751768+00:00 [queued]>
[2023-03-23 15:04:50,617] {taskinstance.py:1356} INFO - 
--------------------------------------------------------------------------------
[2023-03-23 15:04:50,621] {taskinstance.py:1357} INFO - Starting attempt 1 of 2
[2023-03-23 15:04:50,624] {taskinstance.py:1358} INFO - 
--------------------------------------------------------------------------------
[2023-03-23 15:04:52,724] {taskinstance.py:1377} INFO - Executing <Task(BranchPythonOperator): to_defence1> on 2023-03-23 15:04:25.751768+00:00
[2023-03-23 15:04:52,783] {standard_task_runner.py:52} INFO - Started process 11209 to run task
[2023-03-23 15:04:52,879] {standard_task_runner.py:79} INFO - Running: ['***', 'tasks', 'run', 'multi_defence_dag', 'to_defence1', 'manual__2023-03-23T15:04:25.751768+00:00', '--job-id', '2781', '--raw', '--subdir', 'DAGS_FOLDER/defence_dag.py', '--cfg-path', '/tmp/tmpeqzd8vm8', '--error-file', '/tmp/tmp4zoh6pa0']
[2023-03-23 15:04:52,885] {standard_task_runner.py:80} INFO - Job 2781: Subtask to_defence1
[2023-03-23 15:04:53,681] {task_command.py:369} INFO - Running <TaskInstance: multi_defence_dag.to_defence1 manual__2023-03-23T15:04:25.751768+00:00 [running]> on host 6447f1dacd32
[2023-03-23 15:04:54,472] {taskinstance.py:1571} INFO - Exporting the following env vars:
AIRFLOW_CTX_DAG_OWNER=***
AIRFLOW_CTX_DAG_ID=multi_defence_dag
AIRFLOW_CTX_TASK_ID=to_defence1
AIRFLOW_CTX_EXECUTION_DATE=2023-03-23T15:04:25.751768+00:00
AIRFLOW_CTX_TRY_NUMBER=1
AIRFLOW_CTX_DAG_RUN_ID=manual__2023-03-23T15:04:25.751768+00:00
[2023-03-23 15:04:54,637] {python.py:173} INFO - Done. Returned value was: Defence1
[2023-03-23 15:04:54,642] {skipmixin.py:140} INFO - Following branch Defence1
[2023-03-23 15:04:54,646] {skipmixin.py:175} INFO - Skipping tasks ['default']
[2023-03-23 15:04:56,863] {taskinstance.py:1400} INFO - Marking task as SUCCESS. dag_id=multi_defence_dag, task_id=to_defence1, execution_date=20230323T150425, start_date=20230323T150450, end_date=20230323T150456
[2023-03-23 15:04:57,018] {local_task_job.py:156} INFO - Task exited with return code 0
[2023-03-23 15:04:57,508] {local_task_job.py:273} INFO - 0 downstream tasks scheduled from follow-on schedule check
