[2023-03-23 08:26:42,960] {taskinstance.py:1159} INFO - Dependencies all met for <TaskInstance: attack_dag2.attack manual__2023-03-23T08:26:41.963546+00:00 [queued]>
[2023-03-23 08:26:42,968] {taskinstance.py:1159} INFO - Dependencies all met for <TaskInstance: attack_dag2.attack manual__2023-03-23T08:26:41.963546+00:00 [queued]>
[2023-03-23 08:26:42,969] {taskinstance.py:1356} INFO - 
--------------------------------------------------------------------------------
[2023-03-23 08:26:42,969] {taskinstance.py:1357} INFO - Starting attempt 1 of 1
[2023-03-23 08:26:42,975] {taskinstance.py:1358} INFO - 
--------------------------------------------------------------------------------
[2023-03-23 08:26:42,988] {taskinstance.py:1377} INFO - Executing <Task(PythonOperator): attack> on 2023-03-23 08:26:41.963546+00:00
[2023-03-23 08:26:42,993] {standard_task_runner.py:52} INFO - Started process 131 to run task
[2023-03-23 08:26:42,996] {standard_task_runner.py:79} INFO - Running: ['***', 'tasks', 'run', 'attack_dag2', 'attack', 'manual__2023-03-23T08:26:41.963546+00:00', '--job-id', '2236', '--raw', '--subdir', 'DAGS_FOLDER/attack.py', '--cfg-path', '/tmp/tmp2829mn_7', '--error-file', '/tmp/tmpd_m9t0cw']
[2023-03-23 08:26:42,997] {standard_task_runner.py:80} INFO - Job 2236: Subtask attack
[2023-03-23 08:26:43,048] {task_command.py:369} INFO - Running <TaskInstance: attack_dag2.attack manual__2023-03-23T08:26:41.963546+00:00 [running]> on host 6447f1dacd32
[2023-03-23 08:26:43,117] {taskinstance.py:1571} INFO - Exporting the following env vars:
AIRFLOW_CTX_DAG_OWNER=***
AIRFLOW_CTX_DAG_ID=attack_dag2
AIRFLOW_CTX_TASK_ID=attack
AIRFLOW_CTX_EXECUTION_DATE=2023-03-23T08:26:41.963546+00:00
AIRFLOW_CTX_TRY_NUMBER=1
AIRFLOW_CTX_DAG_RUN_ID=manual__2023-03-23T08:26:41.963546+00:00
[2023-03-23 08:26:43,124] {transport.py:157} INFO - Attempting refresh to obtain initial access_token
[2023-03-23 08:26:43,127] {client.py:777} INFO - Refreshing access_token
[2023-03-23 08:26:44,336] {transport.py:157} INFO - Attempting refresh to obtain initial access_token
[2023-03-23 08:26:44,337] {client.py:777} INFO - Refreshing access_token
[2023-03-23 08:26:44,989] {python.py:173} INFO - Done. Returned value was: None
[2023-03-23 08:26:45,003] {taskinstance.py:1400} INFO - Marking task as SUCCESS. dag_id=attack_dag2, task_id=attack, execution_date=20230323T082641, start_date=20230323T082642, end_date=20230323T082645
[2023-03-23 08:26:45,058] {local_task_job.py:156} INFO - Task exited with return code 0
[2023-03-23 08:26:45,091] {local_task_job.py:273} INFO - 1 downstream tasks scheduled from follow-on schedule check
