[2023-03-23 15:04:48,169] {taskinstance.py:1159} INFO - Dependencies all met for <TaskInstance: multi_defence_dag.to_defence3 manual__2023-03-23T15:04:25.751768+00:00 [queued]>
[2023-03-23 15:04:48,252] {taskinstance.py:1159} INFO - Dependencies all met for <TaskInstance: multi_defence_dag.to_defence3 manual__2023-03-23T15:04:25.751768+00:00 [queued]>
[2023-03-23 15:04:48,256] {taskinstance.py:1356} INFO - 
--------------------------------------------------------------------------------
[2023-03-23 15:04:48,260] {taskinstance.py:1357} INFO - Starting attempt 1 of 2
[2023-03-23 15:04:48,263] {taskinstance.py:1358} INFO - 
--------------------------------------------------------------------------------
[2023-03-23 15:04:48,389] {taskinstance.py:1377} INFO - Executing <Task(BranchPythonOperator): to_defence3> on 2023-03-23 15:04:25.751768+00:00
[2023-03-23 15:04:48,425] {standard_task_runner.py:52} INFO - Started process 11200 to run task
[2023-03-23 15:04:48,439] {standard_task_runner.py:79} INFO - Running: ['***', 'tasks', 'run', 'multi_defence_dag', 'to_defence3', 'manual__2023-03-23T15:04:25.751768+00:00', '--job-id', '2779', '--raw', '--subdir', 'DAGS_FOLDER/defence_dag.py', '--cfg-path', '/tmp/tmpszdkxr8t', '--error-file', '/tmp/tmppfq6jud9']
[2023-03-23 15:04:48,447] {standard_task_runner.py:80} INFO - Job 2779: Subtask to_defence3
[2023-03-23 15:04:48,952] {task_command.py:369} INFO - Running <TaskInstance: multi_defence_dag.to_defence3 manual__2023-03-23T15:04:25.751768+00:00 [running]> on host 6447f1dacd32
[2023-03-23 15:04:50,570] {taskinstance.py:1571} INFO - Exporting the following env vars:
AIRFLOW_CTX_DAG_OWNER=***
AIRFLOW_CTX_DAG_ID=multi_defence_dag
AIRFLOW_CTX_TASK_ID=to_defence3
AIRFLOW_CTX_EXECUTION_DATE=2023-03-23T15:04:25.751768+00:00
AIRFLOW_CTX_TRY_NUMBER=1
AIRFLOW_CTX_DAG_RUN_ID=manual__2023-03-23T15:04:25.751768+00:00
[2023-03-23 15:04:50,635] {python.py:173} INFO - Done. Returned value was: Defence3
[2023-03-23 15:04:50,638] {skipmixin.py:140} INFO - Following branch Defence3
[2023-03-23 15:04:50,641] {skipmixin.py:175} INFO - Skipping tasks ['default']
[2023-03-23 15:04:53,038] {taskinstance.py:1400} INFO - Marking task as SUCCESS. dag_id=multi_defence_dag, task_id=to_defence3, execution_date=20230323T150425, start_date=20230323T150448, end_date=20230323T150453
[2023-03-23 15:04:53,360] {local_task_job.py:156} INFO - Task exited with return code 0
[2023-03-23 15:04:54,305] {local_task_job.py:273} INFO - 1 downstream tasks scheduled from follow-on schedule check
