[2023-03-28 13:02:14,947] {taskinstance.py:1159} INFO - Dependencies all met for <TaskInstance: defence_dag2.defence1 manual__2023-03-28T13:02:06.924336+00:00 [queued]>
[2023-03-28 13:02:14,961] {taskinstance.py:1159} INFO - Dependencies all met for <TaskInstance: defence_dag2.defence1 manual__2023-03-28T13:02:06.924336+00:00 [queued]>
[2023-03-28 13:02:14,962] {taskinstance.py:1356} INFO - 
--------------------------------------------------------------------------------
[2023-03-28 13:02:14,962] {taskinstance.py:1357} INFO - Starting attempt 1 of 1
[2023-03-28 13:02:14,963] {taskinstance.py:1358} INFO - 
--------------------------------------------------------------------------------
[2023-03-28 13:02:14,981] {taskinstance.py:1377} INFO - Executing <Task(PythonOperator): defence1> on 2023-03-28 13:02:06.924336+00:00
[2023-03-28 13:02:14,989] {standard_task_runner.py:52} INFO - Started process 4718 to run task
[2023-03-28 13:02:14,994] {standard_task_runner.py:79} INFO - Running: ['***', 'tasks', 'run', 'defence_dag2', 'defence1', 'manual__2023-03-28T13:02:06.924336+00:00', '--job-id', '4594', '--raw', '--subdir', 'DAGS_FOLDER/defese.py', '--cfg-path', '/tmp/tmp4fpxm7qg', '--error-file', '/tmp/tmpns308p14']
[2023-03-28 13:02:14,996] {standard_task_runner.py:80} INFO - Job 4594: Subtask defence1
[2023-03-28 13:02:15,058] {task_command.py:369} INFO - Running <TaskInstance: defence_dag2.defence1 manual__2023-03-28T13:02:06.924336+00:00 [running]> on host ff3d40af78f9
[2023-03-28 13:02:15,133] {taskinstance.py:1571} INFO - Exporting the following env vars:
AIRFLOW_CTX_DAG_OWNER=***
AIRFLOW_CTX_DAG_ID=defence_dag2
AIRFLOW_CTX_TASK_ID=defence1
AIRFLOW_CTX_EXECUTION_DATE=2023-03-28T13:02:06.924336+00:00
AIRFLOW_CTX_TRY_NUMBER=1
AIRFLOW_CTX_DAG_RUN_ID=manual__2023-03-28T13:02:06.924336+00:00
[2023-03-28 13:02:15,150] {logging_mixin.py:115} INFO - defensing
[2023-03-28 13:02:15,151] {python.py:173} INFO - Done. Returned value was: None
[2023-03-28 13:02:15,165] {taskinstance.py:1400} INFO - Marking task as SUCCESS. dag_id=defence_dag2, task_id=defence1, execution_date=20230328T130206, start_date=20230328T130214, end_date=20230328T130215
[2023-03-28 13:02:15,206] {local_task_job.py:156} INFO - Task exited with return code 0
[2023-03-28 13:02:15,246] {local_task_job.py:273} INFO - 1 downstream tasks scheduled from follow-on schedule check
