[2023-03-12 14:54:12,842] {processor.py:153} INFO - Started process (PID=48) to work on /opt/airflow/dags/attack.py
[2023-03-12 14:54:12,843] {processor.py:641} INFO - Processing file /opt/airflow/dags/attack.py for tasks to queue
[2023-03-12 14:54:12,845] {logging_mixin.py:115} INFO - [2023-03-12 14:54:12,844] {dagbag.py:507} INFO - Filling up the DagBag from /opt/airflow/dags/attack.py
[2023-03-12 14:54:12,898] {processor.py:651} INFO - DAG(s) dict_keys(['attack_dag']) retrieved from /opt/airflow/dags/attack.py
[2023-03-12 14:54:13,291] {logging_mixin.py:115} INFO - [2023-03-12 14:54:13,291] {manager.py:508} INFO - Created Permission View: can read on DAG:attack_dag
[2023-03-12 14:54:13,319] {logging_mixin.py:115} INFO - [2023-03-12 14:54:13,318] {manager.py:508} INFO - Created Permission View: can edit on DAG:attack_dag
[2023-03-12 14:54:13,338] {logging_mixin.py:115} INFO - [2023-03-12 14:54:13,338] {manager.py:508} INFO - Created Permission View: can delete on DAG:attack_dag
[2023-03-12 14:54:13,339] {logging_mixin.py:115} INFO - [2023-03-12 14:54:13,339] {dag.py:2371} INFO - Sync 1 DAGs
[2023-03-12 14:54:13,357] {logging_mixin.py:115} INFO - [2023-03-12 14:54:13,357] {dag.py:2390} INFO - Creating ORM DAG for attack_dag
[2023-03-12 14:54:13,392] {logging_mixin.py:115} INFO - [2023-03-12 14:54:13,391] {dag.py:2919} INFO - Setting next_dagrun for attack_dag to 2023-03-11T00:00:00+00:00, run_after=2023-03-12T00:00:00+00:00
[2023-03-12 14:54:13,426] {processor.py:161} INFO - Processing /opt/airflow/dags/attack.py took 0.590 seconds
[2023-03-12 14:54:43,502] {processor.py:153} INFO - Started process (PID=106) to work on /opt/airflow/dags/attack.py
[2023-03-12 14:54:43,503] {processor.py:641} INFO - Processing file /opt/airflow/dags/attack.py for tasks to queue
[2023-03-12 14:54:43,505] {logging_mixin.py:115} INFO - [2023-03-12 14:54:43,505] {dagbag.py:507} INFO - Filling up the DagBag from /opt/airflow/dags/attack.py
[2023-03-12 14:54:43,536] {processor.py:651} INFO - DAG(s) dict_keys(['attack_dag']) retrieved from /opt/airflow/dags/attack.py
[2023-03-12 14:54:43,580] {logging_mixin.py:115} INFO - [2023-03-12 14:54:43,580] {dag.py:2371} INFO - Sync 1 DAGs
[2023-03-12 14:54:43,758] {logging_mixin.py:115} INFO - [2023-03-12 14:54:43,758] {dag.py:2919} INFO - Setting next_dagrun for attack_dag to 2023-03-11T00:00:00+00:00, run_after=2023-03-12T00:00:00+00:00
[2023-03-12 14:54:43,779] {processor.py:161} INFO - Processing /opt/airflow/dags/attack.py took 0.281 seconds
[2023-03-12 14:55:14,153] {processor.py:153} INFO - Started process (PID=171) to work on /opt/airflow/dags/attack.py
[2023-03-12 14:55:14,154] {processor.py:641} INFO - Processing file /opt/airflow/dags/attack.py for tasks to queue
[2023-03-12 14:55:14,156] {logging_mixin.py:115} INFO - [2023-03-12 14:55:14,155] {dagbag.py:507} INFO - Filling up the DagBag from /opt/airflow/dags/attack.py
[2023-03-12 14:55:14,193] {processor.py:651} INFO - DAG(s) dict_keys(['attack_dag']) retrieved from /opt/airflow/dags/attack.py
[2023-03-12 14:55:14,248] {logging_mixin.py:115} INFO - [2023-03-12 14:55:14,248] {dag.py:2371} INFO - Sync 1 DAGs
[2023-03-12 14:55:14,432] {logging_mixin.py:115} INFO - [2023-03-12 14:55:14,432] {dag.py:2919} INFO - Setting next_dagrun for attack_dag to 2023-03-11T00:00:00+00:00, run_after=2023-03-12T00:00:00+00:00
[2023-03-12 14:55:14,454] {processor.py:161} INFO - Processing /opt/airflow/dags/attack.py took 0.306 seconds
[2023-03-12 14:55:44,862] {processor.py:153} INFO - Started process (PID=228) to work on /opt/airflow/dags/attack.py
[2023-03-12 14:55:44,862] {processor.py:641} INFO - Processing file /opt/airflow/dags/attack.py for tasks to queue
[2023-03-12 14:55:44,863] {logging_mixin.py:115} INFO - [2023-03-12 14:55:44,863] {dagbag.py:507} INFO - Filling up the DagBag from /opt/airflow/dags/attack.py
[2023-03-12 14:55:44,880] {processor.py:651} INFO - DAG(s) dict_keys(['attack_dag']) retrieved from /opt/airflow/dags/attack.py
[2023-03-12 14:55:44,900] {logging_mixin.py:115} INFO - [2023-03-12 14:55:44,900] {dag.py:2371} INFO - Sync 1 DAGs
[2023-03-12 14:55:45,000] {logging_mixin.py:115} INFO - [2023-03-12 14:55:45,000] {dag.py:2919} INFO - Setting next_dagrun for attack_dag to 2023-03-11T00:00:00+00:00, run_after=2023-03-12T00:00:00+00:00
[2023-03-12 14:55:45,012] {processor.py:161} INFO - Processing /opt/airflow/dags/attack.py took 0.153 seconds
[2023-03-12 14:56:15,523] {processor.py:153} INFO - Started process (PID=294) to work on /opt/airflow/dags/attack.py
[2023-03-12 14:56:15,525] {processor.py:641} INFO - Processing file /opt/airflow/dags/attack.py for tasks to queue
[2023-03-12 14:56:15,527] {logging_mixin.py:115} INFO - [2023-03-12 14:56:15,527] {dagbag.py:507} INFO - Filling up the DagBag from /opt/airflow/dags/attack.py
[2023-03-12 14:56:15,559] {processor.py:651} INFO - DAG(s) dict_keys(['attack_dag']) retrieved from /opt/airflow/dags/attack.py
[2023-03-12 14:56:15,689] {logging_mixin.py:115} INFO - [2023-03-12 14:56:15,689] {dag.py:2371} INFO - Sync 1 DAGs
[2023-03-12 14:56:15,893] {logging_mixin.py:115} INFO - [2023-03-12 14:56:15,892] {dag.py:2919} INFO - Setting next_dagrun for attack_dag to 2023-03-11T00:00:00+00:00, run_after=2023-03-12T00:00:00+00:00
[2023-03-12 14:56:15,917] {processor.py:161} INFO - Processing /opt/airflow/dags/attack.py took 0.399 seconds
[2023-03-12 14:56:46,324] {processor.py:153} INFO - Started process (PID=355) to work on /opt/airflow/dags/attack.py
[2023-03-12 14:56:46,337] {processor.py:641} INFO - Processing file /opt/airflow/dags/attack.py for tasks to queue
[2023-03-12 14:56:46,338] {logging_mixin.py:115} INFO - [2023-03-12 14:56:46,338] {dagbag.py:507} INFO - Filling up the DagBag from /opt/airflow/dags/attack.py
[2023-03-12 14:56:46,372] {processor.py:651} INFO - DAG(s) dict_keys(['attack_dag']) retrieved from /opt/airflow/dags/attack.py
[2023-03-12 14:56:46,397] {logging_mixin.py:115} INFO - [2023-03-12 14:56:46,397] {dag.py:2371} INFO - Sync 1 DAGs
[2023-03-12 14:56:46,503] {logging_mixin.py:115} INFO - [2023-03-12 14:56:46,503] {dag.py:2919} INFO - Setting next_dagrun for attack_dag to 2023-03-11T00:00:00+00:00, run_after=2023-03-12T00:00:00+00:00
[2023-03-12 14:56:46,518] {processor.py:161} INFO - Processing /opt/airflow/dags/attack.py took 0.198 seconds
[2023-03-12 14:57:17,246] {processor.py:153} INFO - Started process (PID=421) to work on /opt/airflow/dags/attack.py
[2023-03-12 14:57:17,253] {processor.py:641} INFO - Processing file /opt/airflow/dags/attack.py for tasks to queue
[2023-03-12 14:57:17,254] {logging_mixin.py:115} INFO - [2023-03-12 14:57:17,254] {dagbag.py:507} INFO - Filling up the DagBag from /opt/airflow/dags/attack.py
[2023-03-12 14:57:17,298] {processor.py:651} INFO - DAG(s) dict_keys(['attack_dag']) retrieved from /opt/airflow/dags/attack.py
[2023-03-12 14:57:17,362] {logging_mixin.py:115} INFO - [2023-03-12 14:57:17,362] {dag.py:2371} INFO - Sync 1 DAGs
[2023-03-12 14:57:17,596] {logging_mixin.py:115} INFO - [2023-03-12 14:57:17,595] {dag.py:2919} INFO - Setting next_dagrun for attack_dag to 2023-03-11T00:00:00+00:00, run_after=2023-03-12T00:00:00+00:00
[2023-03-12 14:57:17,623] {processor.py:161} INFO - Processing /opt/airflow/dags/attack.py took 0.382 seconds
[2023-03-12 14:57:48,251] {processor.py:153} INFO - Started process (PID=487) to work on /opt/airflow/dags/attack.py
[2023-03-12 14:57:48,252] {processor.py:641} INFO - Processing file /opt/airflow/dags/attack.py for tasks to queue
[2023-03-12 14:57:48,253] {logging_mixin.py:115} INFO - [2023-03-12 14:57:48,253] {dagbag.py:507} INFO - Filling up the DagBag from /opt/airflow/dags/attack.py
[2023-03-12 14:57:48,292] {processor.py:651} INFO - DAG(s) dict_keys(['attack_dag']) retrieved from /opt/airflow/dags/attack.py
[2023-03-12 14:57:48,328] {logging_mixin.py:115} INFO - [2023-03-12 14:57:48,328] {dag.py:2371} INFO - Sync 1 DAGs
[2023-03-12 14:57:48,472] {logging_mixin.py:115} INFO - [2023-03-12 14:57:48,471] {dag.py:2919} INFO - Setting next_dagrun for attack_dag to 2023-03-11T00:00:00+00:00, run_after=2023-03-12T00:00:00+00:00
[2023-03-12 14:57:48,503] {processor.py:161} INFO - Processing /opt/airflow/dags/attack.py took 0.257 seconds
[2023-03-12 14:58:18,948] {processor.py:153} INFO - Started process (PID=544) to work on /opt/airflow/dags/attack.py
[2023-03-12 14:58:18,948] {processor.py:641} INFO - Processing file /opt/airflow/dags/attack.py for tasks to queue
[2023-03-12 14:58:18,949] {logging_mixin.py:115} INFO - [2023-03-12 14:58:18,949] {dagbag.py:507} INFO - Filling up the DagBag from /opt/airflow/dags/attack.py
[2023-03-12 14:58:18,964] {processor.py:651} INFO - DAG(s) dict_keys(['attack_dag']) retrieved from /opt/airflow/dags/attack.py
[2023-03-12 14:58:18,985] {logging_mixin.py:115} INFO - [2023-03-12 14:58:18,985] {dag.py:2371} INFO - Sync 1 DAGs
[2023-03-12 14:58:19,089] {logging_mixin.py:115} INFO - [2023-03-12 14:58:19,088] {dag.py:2919} INFO - Setting next_dagrun for attack_dag to 2023-03-11T00:00:00+00:00, run_after=2023-03-12T00:00:00+00:00
[2023-03-12 14:58:19,105] {processor.py:161} INFO - Processing /opt/airflow/dags/attack.py took 0.160 seconds
[2023-03-12 14:58:49,728] {processor.py:153} INFO - Started process (PID=610) to work on /opt/airflow/dags/attack.py
[2023-03-12 14:58:49,729] {processor.py:641} INFO - Processing file /opt/airflow/dags/attack.py for tasks to queue
[2023-03-12 14:58:49,730] {logging_mixin.py:115} INFO - [2023-03-12 14:58:49,730] {dagbag.py:507} INFO - Filling up the DagBag from /opt/airflow/dags/attack.py
[2023-03-12 14:58:49,752] {processor.py:651} INFO - DAG(s) dict_keys(['attack_dag']) retrieved from /opt/airflow/dags/attack.py
[2023-03-12 14:58:49,778] {logging_mixin.py:115} INFO - [2023-03-12 14:58:49,778] {dag.py:2371} INFO - Sync 1 DAGs
[2023-03-12 14:58:49,885] {logging_mixin.py:115} INFO - [2023-03-12 14:58:49,885] {dag.py:2919} INFO - Setting next_dagrun for attack_dag to 2023-03-11T00:00:00+00:00, run_after=2023-03-12T00:00:00+00:00
[2023-03-12 14:58:49,898] {processor.py:161} INFO - Processing /opt/airflow/dags/attack.py took 0.173 seconds
[2023-03-12 14:59:20,715] {processor.py:153} INFO - Started process (PID=676) to work on /opt/airflow/dags/attack.py
[2023-03-12 14:59:20,720] {processor.py:641} INFO - Processing file /opt/airflow/dags/attack.py for tasks to queue
[2023-03-12 14:59:20,721] {logging_mixin.py:115} INFO - [2023-03-12 14:59:20,721] {dagbag.py:507} INFO - Filling up the DagBag from /opt/airflow/dags/attack.py
[2023-03-12 14:59:20,736] {processor.py:651} INFO - DAG(s) dict_keys(['attack_dag']) retrieved from /opt/airflow/dags/attack.py
[2023-03-12 14:59:20,757] {logging_mixin.py:115} INFO - [2023-03-12 14:59:20,757] {dag.py:2371} INFO - Sync 1 DAGs
[2023-03-12 14:59:20,777] {logging_mixin.py:115} INFO - [2023-03-12 14:59:20,777] {dag.py:2919} INFO - Setting next_dagrun for attack_dag to 2023-03-11T00:00:00+00:00, run_after=2023-03-12T00:00:00+00:00
[2023-03-12 14:59:20,789] {processor.py:161} INFO - Processing /opt/airflow/dags/attack.py took 0.076 seconds
[2023-03-12 14:59:51,116] {processor.py:153} INFO - Started process (PID=735) to work on /opt/airflow/dags/attack.py
[2023-03-12 14:59:51,117] {processor.py:641} INFO - Processing file /opt/airflow/dags/attack.py for tasks to queue
[2023-03-12 14:59:51,118] {logging_mixin.py:115} INFO - [2023-03-12 14:59:51,118] {dagbag.py:507} INFO - Filling up the DagBag from /opt/airflow/dags/attack.py
[2023-03-12 14:59:51,149] {processor.py:651} INFO - DAG(s) dict_keys(['attack_dag']) retrieved from /opt/airflow/dags/attack.py
[2023-03-12 14:59:51,182] {logging_mixin.py:115} INFO - [2023-03-12 14:59:51,181] {dag.py:2371} INFO - Sync 1 DAGs
[2023-03-12 14:59:51,225] {logging_mixin.py:115} INFO - [2023-03-12 14:59:51,225] {dag.py:2919} INFO - Setting next_dagrun for attack_dag to 2023-03-11T00:00:00+00:00, run_after=2023-03-12T00:00:00+00:00
[2023-03-12 14:59:51,258] {processor.py:161} INFO - Processing /opt/airflow/dags/attack.py took 0.146 seconds
[2023-03-12 15:00:53,668] {processor.py:153} INFO - Started process (PID=48) to work on /opt/airflow/dags/attack.py
[2023-03-12 15:00:53,670] {processor.py:641} INFO - Processing file /opt/airflow/dags/attack.py for tasks to queue
[2023-03-12 15:00:53,674] {logging_mixin.py:115} INFO - [2023-03-12 15:00:53,673] {dagbag.py:507} INFO - Filling up the DagBag from /opt/airflow/dags/attack.py
[2023-03-12 15:00:53,774] {processor.py:651} INFO - DAG(s) dict_keys(['attack_dag']) retrieved from /opt/airflow/dags/attack.py
[2023-03-12 15:00:53,869] {logging_mixin.py:115} INFO - [2023-03-12 15:00:53,869] {dag.py:2371} INFO - Sync 1 DAGs
[2023-03-12 15:00:53,996] {logging_mixin.py:115} INFO - [2023-03-12 15:00:53,996] {dag.py:2919} INFO - Setting next_dagrun for attack_dag to 2023-03-11T00:00:00+00:00, run_after=2023-03-12T00:00:00+00:00
[2023-03-12 15:00:54,281] {processor.py:161} INFO - Processing /opt/airflow/dags/attack.py took 0.620 seconds
[2023-03-12 15:01:25,928] {processor.py:153} INFO - Started process (PID=96) to work on /opt/airflow/dags/attack.py
[2023-03-12 15:01:25,929] {processor.py:641} INFO - Processing file /opt/airflow/dags/attack.py for tasks to queue
[2023-03-12 15:01:25,931] {logging_mixin.py:115} INFO - [2023-03-12 15:01:25,931] {dagbag.py:507} INFO - Filling up the DagBag from /opt/airflow/dags/attack.py
[2023-03-12 15:01:25,985] {processor.py:651} INFO - DAG(s) dict_keys(['attack_dag']) retrieved from /opt/airflow/dags/attack.py
[2023-03-12 15:01:26,066] {logging_mixin.py:115} INFO - [2023-03-12 15:01:26,066] {dag.py:2371} INFO - Sync 1 DAGs
[2023-03-12 15:01:27,505] {logging_mixin.py:115} INFO - [2023-03-12 15:01:27,505] {dag.py:2919} INFO - Setting next_dagrun for attack_dag to 2023-03-11T00:00:00+00:00, run_after=2023-03-12T00:00:00+00:00
[2023-03-12 15:01:27,548] {processor.py:161} INFO - Processing /opt/airflow/dags/attack.py took 1.628 seconds
[2023-03-12 15:01:57,976] {processor.py:153} INFO - Started process (PID=162) to work on /opt/airflow/dags/attack.py
[2023-03-12 15:01:57,979] {processor.py:641} INFO - Processing file /opt/airflow/dags/attack.py for tasks to queue
[2023-03-12 15:01:57,980] {logging_mixin.py:115} INFO - [2023-03-12 15:01:57,980] {dagbag.py:507} INFO - Filling up the DagBag from /opt/airflow/dags/attack.py
[2023-03-12 15:01:58,040] {processor.py:651} INFO - DAG(s) dict_keys(['attack_dag']) retrieved from /opt/airflow/dags/attack.py
[2023-03-12 15:01:58,110] {logging_mixin.py:115} INFO - [2023-03-12 15:01:58,110] {dag.py:2371} INFO - Sync 1 DAGs
[2023-03-12 15:01:58,454] {logging_mixin.py:115} INFO - [2023-03-12 15:01:58,453] {dag.py:2919} INFO - Setting next_dagrun for attack_dag to 2023-03-11T00:00:00+00:00, run_after=2023-03-12T00:00:00+00:00
[2023-03-12 15:01:58,513] {processor.py:161} INFO - Processing /opt/airflow/dags/attack.py took 0.544 seconds
[2023-03-12 15:02:28,705] {processor.py:153} INFO - Started process (PID=220) to work on /opt/airflow/dags/attack.py
[2023-03-12 15:02:28,707] {processor.py:641} INFO - Processing file /opt/airflow/dags/attack.py for tasks to queue
[2023-03-12 15:02:28,708] {logging_mixin.py:115} INFO - [2023-03-12 15:02:28,708] {dagbag.py:507} INFO - Filling up the DagBag from /opt/airflow/dags/attack.py
[2023-03-12 15:02:28,725] {processor.py:651} INFO - DAG(s) dict_keys(['attack_dag']) retrieved from /opt/airflow/dags/attack.py
[2023-03-12 15:02:28,743] {logging_mixin.py:115} INFO - [2023-03-12 15:02:28,743] {dag.py:2371} INFO - Sync 1 DAGs
[2023-03-12 15:02:28,839] {logging_mixin.py:115} INFO - [2023-03-12 15:02:28,839] {dag.py:2919} INFO - Setting next_dagrun for attack_dag to 2023-03-11T00:00:00+00:00, run_after=2023-03-12T00:00:00+00:00
[2023-03-12 15:02:28,850] {processor.py:161} INFO - Processing /opt/airflow/dags/attack.py took 0.150 seconds
[2023-03-12 15:03:25,144] {processor.py:153} INFO - Started process (PID=49) to work on /opt/airflow/dags/attack.py
[2023-03-12 15:03:25,146] {processor.py:641} INFO - Processing file /opt/airflow/dags/attack.py for tasks to queue
[2023-03-12 15:03:25,149] {logging_mixin.py:115} INFO - [2023-03-12 15:03:25,149] {dagbag.py:507} INFO - Filling up the DagBag from /opt/airflow/dags/attack.py
[2023-03-12 15:03:25,198] {processor.py:651} INFO - DAG(s) dict_keys(['attack_dag']) retrieved from /opt/airflow/dags/attack.py
[2023-03-12 15:03:25,276] {logging_mixin.py:115} INFO - [2023-03-12 15:03:25,276] {dag.py:2371} INFO - Sync 1 DAGs
[2023-03-12 15:03:25,362] {logging_mixin.py:115} INFO - [2023-03-12 15:03:25,362] {dag.py:2919} INFO - Setting next_dagrun for attack_dag to 2023-03-11T00:00:00+00:00, run_after=2023-03-12T00:00:00+00:00
[2023-03-12 15:03:25,738] {processor.py:161} INFO - Processing /opt/airflow/dags/attack.py took 0.604 seconds
[2023-03-12 15:03:56,501] {processor.py:153} INFO - Started process (PID=106) to work on /opt/airflow/dags/attack.py
[2023-03-12 15:03:56,502] {processor.py:641} INFO - Processing file /opt/airflow/dags/attack.py for tasks to queue
[2023-03-12 15:03:56,503] {logging_mixin.py:115} INFO - [2023-03-12 15:03:56,503] {dagbag.py:507} INFO - Filling up the DagBag from /opt/airflow/dags/attack.py
[2023-03-12 15:03:56,517] {processor.py:651} INFO - DAG(s) dict_keys(['attack_dag']) retrieved from /opt/airflow/dags/attack.py
[2023-03-12 15:03:56,538] {logging_mixin.py:115} INFO - [2023-03-12 15:03:56,538] {dag.py:2371} INFO - Sync 1 DAGs
[2023-03-12 15:03:56,636] {logging_mixin.py:115} INFO - [2023-03-12 15:03:56,636] {dag.py:2919} INFO - Setting next_dagrun for attack_dag to 2023-03-11T00:00:00+00:00, run_after=2023-03-12T00:00:00+00:00
[2023-03-12 15:03:56,652] {processor.py:161} INFO - Processing /opt/airflow/dags/attack.py took 0.153 seconds
[2023-03-12 15:04:27,269] {processor.py:153} INFO - Started process (PID=176) to work on /opt/airflow/dags/attack.py
[2023-03-12 15:04:27,270] {processor.py:641} INFO - Processing file /opt/airflow/dags/attack.py for tasks to queue
[2023-03-12 15:04:27,270] {logging_mixin.py:115} INFO - [2023-03-12 15:04:27,270] {dagbag.py:507} INFO - Filling up the DagBag from /opt/airflow/dags/attack.py
[2023-03-12 15:04:27,291] {processor.py:651} INFO - DAG(s) dict_keys(['attack_dag']) retrieved from /opt/airflow/dags/attack.py
[2023-03-12 15:04:27,314] {logging_mixin.py:115} INFO - [2023-03-12 15:04:27,314] {dag.py:2371} INFO - Sync 1 DAGs
[2023-03-12 15:04:27,435] {logging_mixin.py:115} INFO - [2023-03-12 15:04:27,435] {dag.py:2919} INFO - Setting next_dagrun for attack_dag to 2023-03-12T00:00:00+00:00, run_after=2023-03-13T00:00:00+00:00
[2023-03-12 15:04:27,446] {processor.py:161} INFO - Processing /opt/airflow/dags/attack.py took 0.180 seconds
[2023-03-12 15:04:57,844] {processor.py:153} INFO - Started process (PID=246) to work on /opt/airflow/dags/attack.py
[2023-03-12 15:04:57,845] {processor.py:641} INFO - Processing file /opt/airflow/dags/attack.py for tasks to queue
[2023-03-12 15:04:57,846] {logging_mixin.py:115} INFO - [2023-03-12 15:04:57,846] {dagbag.py:507} INFO - Filling up the DagBag from /opt/airflow/dags/attack.py
[2023-03-12 15:04:57,860] {processor.py:651} INFO - DAG(s) dict_keys(['attack_dag']) retrieved from /opt/airflow/dags/attack.py
[2023-03-12 15:04:57,881] {logging_mixin.py:115} INFO - [2023-03-12 15:04:57,880] {dag.py:2371} INFO - Sync 1 DAGs
[2023-03-12 15:04:57,984] {logging_mixin.py:115} INFO - [2023-03-12 15:04:57,984] {dag.py:2919} INFO - Setting next_dagrun for attack_dag to 2023-03-12T00:00:00+00:00, run_after=2023-03-13T00:00:00+00:00
[2023-03-12 15:04:58,001] {processor.py:161} INFO - Processing /opt/airflow/dags/attack.py took 0.159 seconds
[2023-03-12 15:05:28,495] {processor.py:153} INFO - Started process (PID=312) to work on /opt/airflow/dags/attack.py
[2023-03-12 15:05:28,495] {processor.py:641} INFO - Processing file /opt/airflow/dags/attack.py for tasks to queue
[2023-03-12 15:05:28,496] {logging_mixin.py:115} INFO - [2023-03-12 15:05:28,496] {dagbag.py:507} INFO - Filling up the DagBag from /opt/airflow/dags/attack.py
[2023-03-12 15:05:28,511] {processor.py:651} INFO - DAG(s) dict_keys(['attack_dag']) retrieved from /opt/airflow/dags/attack.py
[2023-03-12 15:05:28,537] {logging_mixin.py:115} INFO - [2023-03-12 15:05:28,537] {dag.py:2371} INFO - Sync 1 DAGs
[2023-03-12 15:05:28,667] {logging_mixin.py:115} INFO - [2023-03-12 15:05:28,667] {dag.py:2919} INFO - Setting next_dagrun for attack_dag to 2023-03-12T00:00:00+00:00, run_after=2023-03-13T00:00:00+00:00
[2023-03-12 15:05:28,678] {processor.py:161} INFO - Processing /opt/airflow/dags/attack.py took 0.186 seconds
[2023-03-12 15:06:43,839] {processor.py:153} INFO - Started process (PID=47) to work on /opt/airflow/dags/attack.py
[2023-03-12 15:06:43,841] {processor.py:641} INFO - Processing file /opt/airflow/dags/attack.py for tasks to queue
[2023-03-12 15:06:43,843] {logging_mixin.py:115} INFO - [2023-03-12 15:06:43,842] {dagbag.py:507} INFO - Filling up the DagBag from /opt/airflow/dags/attack.py
[2023-03-12 15:06:43,958] {processor.py:651} INFO - DAG(s) dict_keys(['attack_dag']) retrieved from /opt/airflow/dags/attack.py
[2023-03-12 15:06:44,563] {logging_mixin.py:115} INFO - [2023-03-12 15:06:44,562] {dag.py:2371} INFO - Sync 1 DAGs
[2023-03-12 15:06:44,623] {logging_mixin.py:115} INFO - [2023-03-12 15:06:44,623] {dag.py:2919} INFO - Setting next_dagrun for attack_dag to 2023-03-12T00:00:00+00:00, run_after=2023-03-13T00:00:00+00:00
[2023-03-12 15:06:44,678] {processor.py:161} INFO - Processing /opt/airflow/dags/attack.py took 0.849 seconds
[2023-03-12 15:07:14,844] {processor.py:153} INFO - Started process (PID=107) to work on /opt/airflow/dags/attack.py
[2023-03-12 15:07:14,845] {processor.py:641} INFO - Processing file /opt/airflow/dags/attack.py for tasks to queue
[2023-03-12 15:07:14,845] {logging_mixin.py:115} INFO - [2023-03-12 15:07:14,845] {dagbag.py:507} INFO - Filling up the DagBag from /opt/airflow/dags/attack.py
[2023-03-12 15:07:14,858] {processor.py:651} INFO - DAG(s) dict_keys(['attack_dag']) retrieved from /opt/airflow/dags/attack.py
[2023-03-12 15:07:14,875] {logging_mixin.py:115} INFO - [2023-03-12 15:07:14,875] {dag.py:2371} INFO - Sync 1 DAGs
[2023-03-12 15:07:14,976] {logging_mixin.py:115} INFO - [2023-03-12 15:07:14,976] {dag.py:2919} INFO - Setting next_dagrun for attack_dag to 2023-03-12T00:00:00+00:00, run_after=2023-03-13T00:00:00+00:00
[2023-03-12 15:07:14,987] {processor.py:161} INFO - Processing /opt/airflow/dags/attack.py took 0.145 seconds
[2023-03-12 15:07:45,376] {processor.py:153} INFO - Started process (PID=172) to work on /opt/airflow/dags/attack.py
[2023-03-12 15:07:45,381] {processor.py:641} INFO - Processing file /opt/airflow/dags/attack.py for tasks to queue
[2023-03-12 15:07:45,383] {logging_mixin.py:115} INFO - [2023-03-12 15:07:45,383] {dagbag.py:507} INFO - Filling up the DagBag from /opt/airflow/dags/attack.py
[2023-03-12 15:07:45,411] {processor.py:651} INFO - DAG(s) dict_keys(['attack_dag']) retrieved from /opt/airflow/dags/attack.py
[2023-03-12 15:07:45,493] {logging_mixin.py:115} INFO - [2023-03-12 15:07:45,493] {dag.py:2371} INFO - Sync 1 DAGs
[2023-03-12 15:07:45,642] {logging_mixin.py:115} INFO - [2023-03-12 15:07:45,642] {dag.py:2919} INFO - Setting next_dagrun for attack_dag to 2023-03-12T00:00:00+00:00, run_after=2023-03-13T00:00:00+00:00
[2023-03-12 15:07:45,661] {processor.py:161} INFO - Processing /opt/airflow/dags/attack.py took 0.289 seconds
[2023-03-12 15:08:15,893] {processor.py:153} INFO - Started process (PID=229) to work on /opt/airflow/dags/attack.py
[2023-03-12 15:08:15,894] {processor.py:641} INFO - Processing file /opt/airflow/dags/attack.py for tasks to queue
[2023-03-12 15:08:15,894] {logging_mixin.py:115} INFO - [2023-03-12 15:08:15,894] {dagbag.py:507} INFO - Filling up the DagBag from /opt/airflow/dags/attack.py
[2023-03-12 15:08:15,908] {processor.py:651} INFO - DAG(s) dict_keys(['attack_dag']) retrieved from /opt/airflow/dags/attack.py
[2023-03-12 15:08:15,927] {logging_mixin.py:115} INFO - [2023-03-12 15:08:15,927] {dag.py:2371} INFO - Sync 1 DAGs
[2023-03-12 15:08:16,022] {logging_mixin.py:115} INFO - [2023-03-12 15:08:16,022] {dag.py:2919} INFO - Setting next_dagrun for attack_dag to 2023-03-12T00:00:00+00:00, run_after=2023-03-13T00:00:00+00:00
[2023-03-12 15:08:16,037] {processor.py:161} INFO - Processing /opt/airflow/dags/attack.py took 0.146 seconds
[2023-03-12 15:08:46,154] {processor.py:153} INFO - Started process (PID=295) to work on /opt/airflow/dags/attack.py
[2023-03-12 15:08:46,154] {processor.py:641} INFO - Processing file /opt/airflow/dags/attack.py for tasks to queue
[2023-03-12 15:08:46,155] {logging_mixin.py:115} INFO - [2023-03-12 15:08:46,155] {dagbag.py:507} INFO - Filling up the DagBag from /opt/airflow/dags/attack.py
[2023-03-12 15:08:46,169] {processor.py:651} INFO - DAG(s) dict_keys(['attack_dag']) retrieved from /opt/airflow/dags/attack.py
[2023-03-12 15:08:46,190] {logging_mixin.py:115} INFO - [2023-03-12 15:08:46,190] {dag.py:2371} INFO - Sync 1 DAGs
[2023-03-12 15:08:46,288] {logging_mixin.py:115} INFO - [2023-03-12 15:08:46,287] {dag.py:2919} INFO - Setting next_dagrun for attack_dag to 2023-03-12T00:00:00+00:00, run_after=2023-03-13T00:00:00+00:00
[2023-03-12 15:08:46,301] {processor.py:161} INFO - Processing /opt/airflow/dags/attack.py took 0.149 seconds
[2023-03-12 15:09:16,663] {processor.py:153} INFO - Started process (PID=361) to work on /opt/airflow/dags/attack.py
[2023-03-12 15:09:16,664] {processor.py:641} INFO - Processing file /opt/airflow/dags/attack.py for tasks to queue
[2023-03-12 15:09:16,664] {logging_mixin.py:115} INFO - [2023-03-12 15:09:16,664] {dagbag.py:507} INFO - Filling up the DagBag from /opt/airflow/dags/attack.py
[2023-03-12 15:09:16,678] {processor.py:651} INFO - DAG(s) dict_keys(['attack_dag']) retrieved from /opt/airflow/dags/attack.py
[2023-03-12 15:09:16,698] {logging_mixin.py:115} INFO - [2023-03-12 15:09:16,698] {dag.py:2371} INFO - Sync 1 DAGs
[2023-03-12 15:09:16,801] {logging_mixin.py:115} INFO - [2023-03-12 15:09:16,801] {dag.py:2919} INFO - Setting next_dagrun for attack_dag to 2023-03-12T00:00:00+00:00, run_after=2023-03-13T00:00:00+00:00
[2023-03-12 15:09:16,819] {processor.py:161} INFO - Processing /opt/airflow/dags/attack.py took 0.158 seconds
[2023-03-12 15:09:47,293] {processor.py:153} INFO - Started process (PID=427) to work on /opt/airflow/dags/attack.py
[2023-03-12 15:09:47,294] {processor.py:641} INFO - Processing file /opt/airflow/dags/attack.py for tasks to queue
[2023-03-12 15:09:47,294] {logging_mixin.py:115} INFO - [2023-03-12 15:09:47,294] {dagbag.py:507} INFO - Filling up the DagBag from /opt/airflow/dags/attack.py
[2023-03-12 15:09:47,310] {processor.py:651} INFO - DAG(s) dict_keys(['attack_dag']) retrieved from /opt/airflow/dags/attack.py
[2023-03-12 15:09:47,335] {logging_mixin.py:115} INFO - [2023-03-12 15:09:47,335] {dag.py:2371} INFO - Sync 1 DAGs
[2023-03-12 15:09:47,462] {logging_mixin.py:115} INFO - [2023-03-12 15:09:47,462] {dag.py:2919} INFO - Setting next_dagrun for attack_dag to 2023-03-12T00:00:00+00:00, run_after=2023-03-13T00:00:00+00:00
[2023-03-12 15:09:47,476] {processor.py:161} INFO - Processing /opt/airflow/dags/attack.py took 0.185 seconds
[2023-03-12 15:10:17,511] {processor.py:153} INFO - Started process (PID=484) to work on /opt/airflow/dags/attack.py
[2023-03-12 15:10:17,512] {processor.py:641} INFO - Processing file /opt/airflow/dags/attack.py for tasks to queue
[2023-03-12 15:10:17,513] {logging_mixin.py:115} INFO - [2023-03-12 15:10:17,513] {dagbag.py:507} INFO - Filling up the DagBag from /opt/airflow/dags/attack.py
[2023-03-12 15:10:17,532] {processor.py:651} INFO - DAG(s) dict_keys(['attack_dag']) retrieved from /opt/airflow/dags/attack.py
[2023-03-12 15:10:17,629] {logging_mixin.py:115} INFO - [2023-03-12 15:10:17,629] {dag.py:2371} INFO - Sync 1 DAGs
[2023-03-12 15:10:17,738] {logging_mixin.py:115} INFO - [2023-03-12 15:10:17,738] {dag.py:2919} INFO - Setting next_dagrun for attack_dag to 2023-03-12T00:00:00+00:00, run_after=2023-03-13T00:00:00+00:00
[2023-03-12 15:10:17,753] {processor.py:161} INFO - Processing /opt/airflow/dags/attack.py took 0.244 seconds
[2023-03-12 15:10:48,222] {processor.py:153} INFO - Started process (PID=550) to work on /opt/airflow/dags/attack.py
[2023-03-12 15:10:48,223] {processor.py:641} INFO - Processing file /opt/airflow/dags/attack.py for tasks to queue
[2023-03-12 15:10:48,223] {logging_mixin.py:115} INFO - [2023-03-12 15:10:48,223] {dagbag.py:507} INFO - Filling up the DagBag from /opt/airflow/dags/attack.py
[2023-03-12 15:10:48,236] {processor.py:651} INFO - DAG(s) dict_keys(['attack_dag']) retrieved from /opt/airflow/dags/attack.py
[2023-03-12 15:10:48,298] {logging_mixin.py:115} INFO - [2023-03-12 15:10:48,297] {dag.py:2371} INFO - Sync 1 DAGs
[2023-03-12 15:10:48,402] {logging_mixin.py:115} INFO - [2023-03-12 15:10:48,402] {dag.py:2919} INFO - Setting next_dagrun for attack_dag to 2023-03-12T00:00:00+00:00, run_after=2023-03-13T00:00:00+00:00
[2023-03-12 15:10:48,419] {processor.py:161} INFO - Processing /opt/airflow/dags/attack.py took 0.199 seconds
[2023-03-12 15:11:19,112] {processor.py:153} INFO - Started process (PID=616) to work on /opt/airflow/dags/attack.py
[2023-03-12 15:11:19,113] {processor.py:641} INFO - Processing file /opt/airflow/dags/attack.py for tasks to queue
[2023-03-12 15:11:19,114] {logging_mixin.py:115} INFO - [2023-03-12 15:11:19,114] {dagbag.py:507} INFO - Filling up the DagBag from /opt/airflow/dags/attack.py
[2023-03-12 15:11:19,132] {processor.py:651} INFO - DAG(s) dict_keys(['attack_dag']) retrieved from /opt/airflow/dags/attack.py
[2023-03-12 15:11:19,153] {logging_mixin.py:115} INFO - [2023-03-12 15:11:19,153] {dag.py:2371} INFO - Sync 1 DAGs
[2023-03-12 15:11:19,267] {logging_mixin.py:115} INFO - [2023-03-12 15:11:19,267] {dag.py:2919} INFO - Setting next_dagrun for attack_dag to 2023-03-12T00:00:00+00:00, run_after=2023-03-13T00:00:00+00:00
[2023-03-12 15:11:19,282] {processor.py:161} INFO - Processing /opt/airflow/dags/attack.py took 0.173 seconds
[2023-03-12 15:11:49,783] {processor.py:153} INFO - Started process (PID=682) to work on /opt/airflow/dags/attack.py
[2023-03-12 15:11:49,784] {processor.py:641} INFO - Processing file /opt/airflow/dags/attack.py for tasks to queue
[2023-03-12 15:11:49,786] {logging_mixin.py:115} INFO - [2023-03-12 15:11:49,785] {dagbag.py:507} INFO - Filling up the DagBag from /opt/airflow/dags/attack.py
[2023-03-12 15:11:49,814] {processor.py:651} INFO - DAG(s) dict_keys(['attack_dag']) retrieved from /opt/airflow/dags/attack.py
[2023-03-12 15:11:49,860] {logging_mixin.py:115} INFO - [2023-03-12 15:11:49,860] {dag.py:2371} INFO - Sync 1 DAGs
[2023-03-12 15:11:49,910] {logging_mixin.py:115} INFO - [2023-03-12 15:11:49,910] {dag.py:2919} INFO - Setting next_dagrun for attack_dag to 2023-03-12T00:00:00+00:00, run_after=2023-03-13T00:00:00+00:00
[2023-03-12 15:11:49,933] {processor.py:161} INFO - Processing /opt/airflow/dags/attack.py took 0.155 seconds
[2023-03-12 15:12:20,067] {processor.py:153} INFO - Started process (PID=739) to work on /opt/airflow/dags/attack.py
[2023-03-12 15:12:20,068] {processor.py:641} INFO - Processing file /opt/airflow/dags/attack.py for tasks to queue
[2023-03-12 15:12:20,068] {logging_mixin.py:115} INFO - [2023-03-12 15:12:20,068] {dagbag.py:507} INFO - Filling up the DagBag from /opt/airflow/dags/attack.py
[2023-03-12 15:12:20,090] {processor.py:651} INFO - DAG(s) dict_keys(['attack_dag']) retrieved from /opt/airflow/dags/attack.py
[2023-03-12 15:12:20,118] {logging_mixin.py:115} INFO - [2023-03-12 15:12:20,118] {dag.py:2371} INFO - Sync 1 DAGs
[2023-03-12 15:12:20,144] {logging_mixin.py:115} INFO - [2023-03-12 15:12:20,144] {dag.py:2919} INFO - Setting next_dagrun for attack_dag to 2023-03-12T00:00:00+00:00, run_after=2023-03-13T00:00:00+00:00
[2023-03-12 15:12:20,162] {processor.py:161} INFO - Processing /opt/airflow/dags/attack.py took 0.098 seconds
[2023-03-12 15:12:50,909] {processor.py:153} INFO - Started process (PID=810) to work on /opt/airflow/dags/attack.py
[2023-03-12 15:12:50,910] {processor.py:641} INFO - Processing file /opt/airflow/dags/attack.py for tasks to queue
[2023-03-12 15:12:50,910] {logging_mixin.py:115} INFO - [2023-03-12 15:12:50,910] {dagbag.py:507} INFO - Filling up the DagBag from /opt/airflow/dags/attack.py
[2023-03-12 15:12:50,928] {processor.py:651} INFO - DAG(s) dict_keys(['attack_dag']) retrieved from /opt/airflow/dags/attack.py
[2023-03-12 15:12:50,947] {logging_mixin.py:115} INFO - [2023-03-12 15:12:50,947] {dag.py:2371} INFO - Sync 1 DAGs
[2023-03-12 15:12:50,965] {logging_mixin.py:115} INFO - [2023-03-12 15:12:50,965] {dag.py:2919} INFO - Setting next_dagrun for attack_dag to 2023-03-12T00:00:00+00:00, run_after=2023-03-13T00:00:00+00:00
[2023-03-12 15:12:50,983] {processor.py:161} INFO - Processing /opt/airflow/dags/attack.py took 0.077 seconds
[2023-03-12 15:13:21,532] {processor.py:153} INFO - Started process (PID=881) to work on /opt/airflow/dags/attack.py
[2023-03-12 15:13:21,533] {processor.py:641} INFO - Processing file /opt/airflow/dags/attack.py for tasks to queue
[2023-03-12 15:13:21,534] {logging_mixin.py:115} INFO - [2023-03-12 15:13:21,534] {dagbag.py:507} INFO - Filling up the DagBag from /opt/airflow/dags/attack.py
[2023-03-12 15:13:21,551] {processor.py:651} INFO - DAG(s) dict_keys(['attack_dag']) retrieved from /opt/airflow/dags/attack.py
[2023-03-12 15:13:21,570] {logging_mixin.py:115} INFO - [2023-03-12 15:13:21,569] {dag.py:2371} INFO - Sync 1 DAGs
[2023-03-12 15:13:21,587] {logging_mixin.py:115} INFO - [2023-03-12 15:13:21,587] {dag.py:2919} INFO - Setting next_dagrun for attack_dag to 2023-03-12T00:00:00+00:00, run_after=2023-03-13T00:00:00+00:00
[2023-03-12 15:13:21,603] {processor.py:161} INFO - Processing /opt/airflow/dags/attack.py took 0.073 seconds
[2023-03-12 15:13:51,769] {processor.py:153} INFO - Started process (PID=939) to work on /opt/airflow/dags/attack.py
[2023-03-12 15:13:51,769] {processor.py:641} INFO - Processing file /opt/airflow/dags/attack.py for tasks to queue
[2023-03-12 15:13:51,770] {logging_mixin.py:115} INFO - [2023-03-12 15:13:51,770] {dagbag.py:507} INFO - Filling up the DagBag from /opt/airflow/dags/attack.py
[2023-03-12 15:13:51,785] {processor.py:651} INFO - DAG(s) dict_keys(['attack_dag']) retrieved from /opt/airflow/dags/attack.py
[2023-03-12 15:13:51,868] {logging_mixin.py:115} INFO - [2023-03-12 15:13:51,868] {dag.py:2371} INFO - Sync 1 DAGs
[2023-03-12 15:13:51,891] {logging_mixin.py:115} INFO - [2023-03-12 15:13:51,891] {dag.py:2919} INFO - Setting next_dagrun for attack_dag to 2023-03-12T00:00:00+00:00, run_after=2023-03-13T00:00:00+00:00
[2023-03-12 15:13:51,907] {processor.py:161} INFO - Processing /opt/airflow/dags/attack.py took 0.141 seconds
[2023-03-12 15:14:22,556] {processor.py:153} INFO - Started process (PID=1005) to work on /opt/airflow/dags/attack.py
[2023-03-12 15:14:22,556] {processor.py:641} INFO - Processing file /opt/airflow/dags/attack.py for tasks to queue
[2023-03-12 15:14:22,557] {logging_mixin.py:115} INFO - [2023-03-12 15:14:22,557] {dagbag.py:507} INFO - Filling up the DagBag from /opt/airflow/dags/attack.py
[2023-03-12 15:14:22,572] {processor.py:651} INFO - DAG(s) dict_keys(['attack_dag']) retrieved from /opt/airflow/dags/attack.py
[2023-03-12 15:14:22,593] {logging_mixin.py:115} INFO - [2023-03-12 15:14:22,593] {dag.py:2371} INFO - Sync 1 DAGs
[2023-03-12 15:14:22,614] {logging_mixin.py:115} INFO - [2023-03-12 15:14:22,613] {dag.py:2919} INFO - Setting next_dagrun for attack_dag to 2023-03-12T00:00:00+00:00, run_after=2023-03-13T00:00:00+00:00
[2023-03-12 15:14:22,627] {processor.py:161} INFO - Processing /opt/airflow/dags/attack.py took 0.074 seconds
[2023-03-12 15:14:53,186] {processor.py:153} INFO - Started process (PID=1071) to work on /opt/airflow/dags/attack.py
[2023-03-12 15:14:53,186] {processor.py:641} INFO - Processing file /opt/airflow/dags/attack.py for tasks to queue
[2023-03-12 15:14:53,187] {logging_mixin.py:115} INFO - [2023-03-12 15:14:53,187] {dagbag.py:507} INFO - Filling up the DagBag from /opt/airflow/dags/attack.py
[2023-03-12 15:14:53,200] {processor.py:651} INFO - DAG(s) dict_keys(['attack_dag']) retrieved from /opt/airflow/dags/attack.py
[2023-03-12 15:14:53,219] {logging_mixin.py:115} INFO - [2023-03-12 15:14:53,219] {dag.py:2371} INFO - Sync 1 DAGs
[2023-03-12 15:14:53,238] {logging_mixin.py:115} INFO - [2023-03-12 15:14:53,237] {dag.py:2919} INFO - Setting next_dagrun for attack_dag to 2023-03-12T00:00:00+00:00, run_after=2023-03-13T00:00:00+00:00
[2023-03-12 15:14:53,255] {processor.py:161} INFO - Processing /opt/airflow/dags/attack.py took 0.072 seconds
[2023-03-12 15:14:59,922] {processor.py:153} INFO - Started process (PID=1101) to work on /opt/airflow/dags/attack.py
[2023-03-12 15:14:59,923] {processor.py:641} INFO - Processing file /opt/airflow/dags/attack.py for tasks to queue
[2023-03-12 15:14:59,925] {logging_mixin.py:115} INFO - [2023-03-12 15:14:59,924] {dagbag.py:507} INFO - Filling up the DagBag from /opt/airflow/dags/attack.py
[2023-03-12 15:14:59,983] {logging_mixin.py:115} INFO - [2023-03-12 15:14:59,976] {dagbag.py:320} ERROR - Failed to import: /opt/airflow/dags/attack.py
Traceback (most recent call last):
  File "/home/airflow/.local/lib/python3.7/site-packages/airflow/models/dagbag.py", line 317, in parse
    loader.exec_module(new_module)
  File "<frozen importlib._bootstrap_external>", line 728, in exec_module
  File "<frozen importlib._bootstrap>", line 219, in _call_with_frames_removed
  File "/opt/airflow/dags/attack.py", line 27, in <module>
    attacking >> trigger_target
NameError: name 'trigger_target' is not defined
[2023-03-12 15:14:59,986] {processor.py:653} WARNING - No viable dags retrieved from /opt/airflow/dags/attack.py
[2023-03-12 15:15:00,020] {processor.py:161} INFO - Processing /opt/airflow/dags/attack.py took 0.102 seconds
[2023-03-12 15:15:55,238] {processor.py:153} INFO - Started process (PID=46) to work on /opt/airflow/dags/attack.py
[2023-03-12 15:15:55,240] {processor.py:641} INFO - Processing file /opt/airflow/dags/attack.py for tasks to queue
[2023-03-12 15:15:55,241] {logging_mixin.py:115} INFO - [2023-03-12 15:15:55,241] {dagbag.py:507} INFO - Filling up the DagBag from /opt/airflow/dags/attack.py
[2023-03-12 15:15:55,292] {logging_mixin.py:115} INFO - [2023-03-12 15:15:55,284] {dagbag.py:320} ERROR - Failed to import: /opt/airflow/dags/attack.py
Traceback (most recent call last):
  File "/home/airflow/.local/lib/python3.7/site-packages/airflow/models/dagbag.py", line 317, in parse
    loader.exec_module(new_module)
  File "<frozen importlib._bootstrap_external>", line 728, in exec_module
  File "<frozen importlib._bootstrap>", line 219, in _call_with_frames_removed
  File "/opt/airflow/dags/attack.py", line 27, in <module>
    attacking >> trigger_target
NameError: name 'trigger_target' is not defined
[2023-03-12 15:15:55,306] {processor.py:653} WARNING - No viable dags retrieved from /opt/airflow/dags/attack.py
[2023-03-12 15:15:55,383] {processor.py:161} INFO - Processing /opt/airflow/dags/attack.py took 0.154 seconds
[2023-03-12 15:16:26,037] {processor.py:153} INFO - Started process (PID=103) to work on /opt/airflow/dags/attack.py
[2023-03-12 15:16:26,038] {processor.py:641} INFO - Processing file /opt/airflow/dags/attack.py for tasks to queue
[2023-03-12 15:16:26,039] {logging_mixin.py:115} INFO - [2023-03-12 15:16:26,038] {dagbag.py:507} INFO - Filling up the DagBag from /opt/airflow/dags/attack.py
[2023-03-12 15:16:26,057] {logging_mixin.py:115} INFO - [2023-03-12 15:16:26,054] {dagbag.py:320} ERROR - Failed to import: /opt/airflow/dags/attack.py
Traceback (most recent call last):
  File "/home/airflow/.local/lib/python3.7/site-packages/airflow/models/dagbag.py", line 317, in parse
    loader.exec_module(new_module)
  File "<frozen importlib._bootstrap_external>", line 728, in exec_module
  File "<frozen importlib._bootstrap>", line 219, in _call_with_frames_removed
  File "/opt/airflow/dags/attack.py", line 27, in <module>
    attacking >> trigger_target
NameError: name 'trigger_target' is not defined
[2023-03-12 15:16:26,059] {processor.py:653} WARNING - No viable dags retrieved from /opt/airflow/dags/attack.py
[2023-03-12 15:16:26,083] {processor.py:161} INFO - Processing /opt/airflow/dags/attack.py took 0.049 seconds
[2023-03-12 15:16:32,782] {processor.py:153} INFO - Started process (PID=142) to work on /opt/airflow/dags/attack.py
[2023-03-12 15:16:32,784] {processor.py:641} INFO - Processing file /opt/airflow/dags/attack.py for tasks to queue
[2023-03-12 15:16:32,787] {logging_mixin.py:115} INFO - [2023-03-12 15:16:32,786] {dagbag.py:507} INFO - Filling up the DagBag from /opt/airflow/dags/attack.py
[2023-03-12 15:16:32,858] {processor.py:651} INFO - DAG(s) dict_keys(['attack_dag']) retrieved from /opt/airflow/dags/attack.py
[2023-03-12 15:16:32,926] {logging_mixin.py:115} INFO - [2023-03-12 15:16:32,926] {dag.py:2371} INFO - Sync 1 DAGs
[2023-03-12 15:16:33,226] {logging_mixin.py:115} INFO - [2023-03-12 15:16:33,226] {dag.py:2919} INFO - Setting next_dagrun for attack_dag to 2023-03-12T00:00:00+00:00, run_after=2023-03-13T00:00:00+00:00
[2023-03-12 15:16:33,362] {processor.py:161} INFO - Processing /opt/airflow/dags/attack.py took 0.599 seconds
[2023-03-12 15:17:12,089] {processor.py:153} INFO - Started process (PID=46) to work on /opt/airflow/dags/attack.py
[2023-03-12 15:17:12,091] {processor.py:641} INFO - Processing file /opt/airflow/dags/attack.py for tasks to queue
[2023-03-12 15:17:12,095] {logging_mixin.py:115} INFO - [2023-03-12 15:17:12,095] {dagbag.py:507} INFO - Filling up the DagBag from /opt/airflow/dags/attack.py
[2023-03-12 15:17:12,130] {processor.py:651} INFO - DAG(s) dict_keys(['attack_dag']) retrieved from /opt/airflow/dags/attack.py
[2023-03-12 15:17:12,200] {logging_mixin.py:115} INFO - [2023-03-12 15:17:12,200] {dag.py:2371} INFO - Sync 1 DAGs
[2023-03-12 15:17:12,265] {logging_mixin.py:115} INFO - [2023-03-12 15:17:12,265] {dag.py:2919} INFO - Setting next_dagrun for attack_dag to 2023-03-12T00:00:00+00:00, run_after=2023-03-13T00:00:00+00:00
[2023-03-12 15:17:12,507] {processor.py:161} INFO - Processing /opt/airflow/dags/attack.py took 0.425 seconds
[2023-03-12 15:17:51,126] {processor.py:153} INFO - Started process (PID=85) to work on /opt/airflow/dags/attack.py
[2023-03-12 15:17:51,128] {processor.py:641} INFO - Processing file /opt/airflow/dags/attack.py for tasks to queue
[2023-03-12 15:17:51,131] {logging_mixin.py:115} INFO - [2023-03-12 15:17:51,130] {dagbag.py:507} INFO - Filling up the DagBag from /opt/airflow/dags/attack.py
[2023-03-12 15:17:51,181] {processor.py:651} INFO - DAG(s) dict_keys(['attack_dag']) retrieved from /opt/airflow/dags/attack.py
[2023-03-12 15:17:51,251] {logging_mixin.py:115} INFO - [2023-03-12 15:17:51,249] {dag.py:2371} INFO - Sync 1 DAGs
[2023-03-12 15:17:51,477] {logging_mixin.py:115} INFO - [2023-03-12 15:17:51,477] {dag.py:2919} INFO - Setting next_dagrun for attack_dag to 2023-03-12T00:00:00+00:00, run_after=2023-03-13T00:00:00+00:00
[2023-03-12 15:17:51,512] {processor.py:161} INFO - Processing /opt/airflow/dags/attack.py took 0.392 seconds
[2023-03-12 15:18:21,686] {processor.py:153} INFO - Started process (PID=142) to work on /opt/airflow/dags/attack.py
[2023-03-12 15:18:21,687] {processor.py:641} INFO - Processing file /opt/airflow/dags/attack.py for tasks to queue
[2023-03-12 15:18:21,688] {logging_mixin.py:115} INFO - [2023-03-12 15:18:21,688] {dagbag.py:507} INFO - Filling up the DagBag from /opt/airflow/dags/attack.py
[2023-03-12 15:18:21,708] {processor.py:651} INFO - DAG(s) dict_keys(['attack_dag']) retrieved from /opt/airflow/dags/attack.py
[2023-03-12 15:18:21,733] {logging_mixin.py:115} INFO - [2023-03-12 15:18:21,733] {dag.py:2371} INFO - Sync 1 DAGs
[2023-03-12 15:18:21,832] {logging_mixin.py:115} INFO - [2023-03-12 15:18:21,832] {dag.py:2919} INFO - Setting next_dagrun for attack_dag to 2023-03-12T00:00:00+00:00, run_after=2023-03-13T00:00:00+00:00
[2023-03-12 15:18:21,845] {processor.py:161} INFO - Processing /opt/airflow/dags/attack.py took 0.161 seconds
[2023-03-12 15:18:52,064] {processor.py:153} INFO - Started process (PID=200) to work on /opt/airflow/dags/attack.py
[2023-03-12 15:18:52,065] {processor.py:641} INFO - Processing file /opt/airflow/dags/attack.py for tasks to queue
[2023-03-12 15:18:52,067] {logging_mixin.py:115} INFO - [2023-03-12 15:18:52,066] {dagbag.py:507} INFO - Filling up the DagBag from /opt/airflow/dags/attack.py
[2023-03-12 15:18:52,090] {processor.py:651} INFO - DAG(s) dict_keys(['attack_dag']) retrieved from /opt/airflow/dags/attack.py
[2023-03-12 15:18:52,110] {logging_mixin.py:115} INFO - [2023-03-12 15:18:52,110] {dag.py:2371} INFO - Sync 1 DAGs
[2023-03-12 15:18:52,224] {logging_mixin.py:115} INFO - [2023-03-12 15:18:52,224] {dag.py:2919} INFO - Setting next_dagrun for attack_dag to 2023-03-12T00:00:00+00:00, run_after=2023-03-13T00:00:00+00:00
[2023-03-12 15:18:52,244] {processor.py:161} INFO - Processing /opt/airflow/dags/attack.py took 0.184 seconds
[2023-03-12 15:19:22,425] {processor.py:153} INFO - Started process (PID=258) to work on /opt/airflow/dags/attack.py
[2023-03-12 15:19:22,426] {processor.py:641} INFO - Processing file /opt/airflow/dags/attack.py for tasks to queue
[2023-03-12 15:19:22,427] {logging_mixin.py:115} INFO - [2023-03-12 15:19:22,427] {dagbag.py:507} INFO - Filling up the DagBag from /opt/airflow/dags/attack.py
[2023-03-12 15:19:22,443] {processor.py:651} INFO - DAG(s) dict_keys(['attack_dag']) retrieved from /opt/airflow/dags/attack.py
[2023-03-12 15:19:22,465] {logging_mixin.py:115} INFO - [2023-03-12 15:19:22,465] {dag.py:2371} INFO - Sync 1 DAGs
[2023-03-12 15:19:22,589] {logging_mixin.py:115} INFO - [2023-03-12 15:19:22,589] {dag.py:2919} INFO - Setting next_dagrun for attack_dag to 2023-03-12T00:00:00+00:00, run_after=2023-03-13T00:00:00+00:00
[2023-03-12 15:19:22,609] {processor.py:161} INFO - Processing /opt/airflow/dags/attack.py took 0.185 seconds
[2023-03-12 15:19:53,057] {processor.py:153} INFO - Started process (PID=324) to work on /opt/airflow/dags/attack.py
[2023-03-12 15:19:53,057] {processor.py:641} INFO - Processing file /opt/airflow/dags/attack.py for tasks to queue
[2023-03-12 15:19:53,058] {logging_mixin.py:115} INFO - [2023-03-12 15:19:53,058] {dagbag.py:507} INFO - Filling up the DagBag from /opt/airflow/dags/attack.py
[2023-03-12 15:19:53,072] {processor.py:651} INFO - DAG(s) dict_keys(['attack_dag']) retrieved from /opt/airflow/dags/attack.py
[2023-03-12 15:19:53,090] {logging_mixin.py:115} INFO - [2023-03-12 15:19:53,090] {dag.py:2371} INFO - Sync 1 DAGs
[2023-03-12 15:19:53,187] {logging_mixin.py:115} INFO - [2023-03-12 15:19:53,187] {dag.py:2919} INFO - Setting next_dagrun for attack_dag to 2023-03-12T00:00:00+00:00, run_after=2023-03-13T00:00:00+00:00
[2023-03-12 15:19:53,202] {processor.py:161} INFO - Processing /opt/airflow/dags/attack.py took 0.148 seconds
[2023-03-12 15:20:23,949] {processor.py:153} INFO - Started process (PID=391) to work on /opt/airflow/dags/attack.py
[2023-03-12 15:20:23,951] {processor.py:641} INFO - Processing file /opt/airflow/dags/attack.py for tasks to queue
[2023-03-12 15:20:23,953] {logging_mixin.py:115} INFO - [2023-03-12 15:20:23,953] {dagbag.py:507} INFO - Filling up the DagBag from /opt/airflow/dags/attack.py
[2023-03-12 15:20:24,000] {processor.py:651} INFO - DAG(s) dict_keys(['attack_dag']) retrieved from /opt/airflow/dags/attack.py
[2023-03-12 15:20:24,064] {logging_mixin.py:115} INFO - [2023-03-12 15:20:24,064] {dag.py:2371} INFO - Sync 1 DAGs
[2023-03-12 15:20:24,346] {logging_mixin.py:115} INFO - [2023-03-12 15:20:24,346] {dag.py:2919} INFO - Setting next_dagrun for attack_dag to 2023-03-12T00:00:00+00:00, run_after=2023-03-13T00:00:00+00:00
[2023-03-12 15:20:24,378] {processor.py:161} INFO - Processing /opt/airflow/dags/attack.py took 0.435 seconds
[2023-03-12 15:20:54,772] {processor.py:153} INFO - Started process (PID=448) to work on /opt/airflow/dags/attack.py
[2023-03-12 15:20:54,773] {processor.py:641} INFO - Processing file /opt/airflow/dags/attack.py for tasks to queue
[2023-03-12 15:20:54,774] {logging_mixin.py:115} INFO - [2023-03-12 15:20:54,773] {dagbag.py:507} INFO - Filling up the DagBag from /opt/airflow/dags/attack.py
[2023-03-12 15:20:54,797] {processor.py:651} INFO - DAG(s) dict_keys(['attack_dag']) retrieved from /opt/airflow/dags/attack.py
[2023-03-12 15:20:54,827] {logging_mixin.py:115} INFO - [2023-03-12 15:20:54,827] {dag.py:2371} INFO - Sync 1 DAGs
[2023-03-12 15:20:54,970] {logging_mixin.py:115} INFO - [2023-03-12 15:20:54,969] {dag.py:2919} INFO - Setting next_dagrun for attack_dag to 2023-03-12T00:00:00+00:00, run_after=2023-03-13T00:00:00+00:00
[2023-03-12 15:20:54,990] {processor.py:161} INFO - Processing /opt/airflow/dags/attack.py took 0.222 seconds
[2023-03-12 15:21:25,558] {processor.py:153} INFO - Started process (PID=515) to work on /opt/airflow/dags/attack.py
[2023-03-12 15:21:25,563] {processor.py:641} INFO - Processing file /opt/airflow/dags/attack.py for tasks to queue
[2023-03-12 15:21:25,564] {logging_mixin.py:115} INFO - [2023-03-12 15:21:25,564] {dagbag.py:507} INFO - Filling up the DagBag from /opt/airflow/dags/attack.py
[2023-03-12 15:21:25,583] {processor.py:651} INFO - DAG(s) dict_keys(['attack_dag']) retrieved from /opt/airflow/dags/attack.py
[2023-03-12 15:21:25,625] {logging_mixin.py:115} INFO - [2023-03-12 15:21:25,624] {dag.py:2371} INFO - Sync 1 DAGs
[2023-03-12 15:21:25,757] {logging_mixin.py:115} INFO - [2023-03-12 15:21:25,757] {dag.py:2919} INFO - Setting next_dagrun for attack_dag to 2023-03-12T00:00:00+00:00, run_after=2023-03-13T00:00:00+00:00
[2023-03-12 15:21:25,775] {processor.py:161} INFO - Processing /opt/airflow/dags/attack.py took 0.219 seconds
[2023-03-12 15:49:11,382] {processor.py:153} INFO - Started process (PID=38) to work on /opt/airflow/dags/attack.py
[2023-03-12 15:49:11,384] {processor.py:641} INFO - Processing file /opt/airflow/dags/attack.py for tasks to queue
[2023-03-12 15:49:11,384] {logging_mixin.py:115} INFO - [2023-03-12 15:49:11,384] {dagbag.py:507} INFO - Filling up the DagBag from /opt/airflow/dags/attack.py
[2023-03-12 15:49:11,407] {processor.py:651} INFO - DAG(s) dict_keys(['attack_dag']) retrieved from /opt/airflow/dags/attack.py
[2023-03-12 15:49:11,443] {logging_mixin.py:115} INFO - [2023-03-12 15:49:11,443] {dag.py:2371} INFO - Sync 1 DAGs
[2023-03-12 15:49:11,481] {logging_mixin.py:115} INFO - [2023-03-12 15:49:11,481] {dag.py:2919} INFO - Setting next_dagrun for attack_dag to 2023-03-12T00:00:00+00:00, run_after=2023-03-13T00:00:00+00:00
[2023-03-12 15:49:11,624] {processor.py:161} INFO - Processing /opt/airflow/dags/attack.py took 0.246 seconds
[2023-03-12 15:50:23,006] {processor.py:153} INFO - Started process (PID=86) to work on /opt/airflow/dags/attack.py
[2023-03-12 15:50:23,009] {processor.py:641} INFO - Processing file /opt/airflow/dags/attack.py for tasks to queue
[2023-03-12 15:50:23,011] {logging_mixin.py:115} INFO - [2023-03-12 15:50:23,011] {dagbag.py:507} INFO - Filling up the DagBag from /opt/airflow/dags/attack.py
[2023-03-12 15:50:23,054] {processor.py:651} INFO - DAG(s) dict_keys(['attack_dag']) retrieved from /opt/airflow/dags/attack.py
[2023-03-12 15:50:23,121] {logging_mixin.py:115} INFO - [2023-03-12 15:50:23,121] {dag.py:2371} INFO - Sync 1 DAGs
[2023-03-12 15:50:23,689] {logging_mixin.py:115} INFO - [2023-03-12 15:50:23,689] {dag.py:2919} INFO - Setting next_dagrun for attack_dag to 2023-03-12T00:00:00+00:00, run_after=2023-03-13T00:00:00+00:00
[2023-03-12 15:50:23,719] {processor.py:161} INFO - Processing /opt/airflow/dags/attack.py took 0.721 seconds
[2023-03-12 15:50:54,098] {processor.py:153} INFO - Started process (PID=151) to work on /opt/airflow/dags/attack.py
[2023-03-12 15:50:54,099] {processor.py:641} INFO - Processing file /opt/airflow/dags/attack.py for tasks to queue
[2023-03-12 15:50:54,102] {logging_mixin.py:115} INFO - [2023-03-12 15:50:54,101] {dagbag.py:507} INFO - Filling up the DagBag from /opt/airflow/dags/attack.py
[2023-03-12 15:50:54,151] {processor.py:651} INFO - DAG(s) dict_keys(['attack_dag']) retrieved from /opt/airflow/dags/attack.py
[2023-03-12 15:50:54,209] {logging_mixin.py:115} INFO - [2023-03-12 15:50:54,209] {dag.py:2371} INFO - Sync 1 DAGs
[2023-03-12 15:50:54,439] {logging_mixin.py:115} INFO - [2023-03-12 15:50:54,438] {dag.py:2919} INFO - Setting next_dagrun for attack_dag to 2023-03-12T00:00:00+00:00, run_after=2023-03-13T00:00:00+00:00
[2023-03-12 15:50:54,468] {processor.py:161} INFO - Processing /opt/airflow/dags/attack.py took 0.377 seconds
[2023-03-12 15:51:58,041] {processor.py:153} INFO - Started process (PID=38) to work on /opt/airflow/dags/attack.py
[2023-03-12 15:51:58,043] {processor.py:641} INFO - Processing file /opt/airflow/dags/attack.py for tasks to queue
[2023-03-12 15:51:58,045] {logging_mixin.py:115} INFO - [2023-03-12 15:51:58,044] {dagbag.py:507} INFO - Filling up the DagBag from /opt/airflow/dags/attack.py
[2023-03-12 15:51:58,087] {processor.py:651} INFO - DAG(s) dict_keys(['attack_dag']) retrieved from /opt/airflow/dags/attack.py
[2023-03-12 15:51:58,136] {logging_mixin.py:115} INFO - [2023-03-12 15:51:58,136] {dag.py:2371} INFO - Sync 1 DAGs
[2023-03-12 15:51:58,192] {logging_mixin.py:115} INFO - [2023-03-12 15:51:58,191] {dag.py:2919} INFO - Setting next_dagrun for attack_dag to 2023-03-12T00:00:00+00:00, run_after=2023-03-13T00:00:00+00:00
[2023-03-12 15:51:58,391] {processor.py:161} INFO - Processing /opt/airflow/dags/attack.py took 0.356 seconds
[2023-03-12 15:52:28,584] {processor.py:153} INFO - Started process (PID=105) to work on /opt/airflow/dags/attack.py
[2023-03-12 15:52:28,585] {processor.py:641} INFO - Processing file /opt/airflow/dags/attack.py for tasks to queue
[2023-03-12 15:52:28,586] {logging_mixin.py:115} INFO - [2023-03-12 15:52:28,586] {dagbag.py:507} INFO - Filling up the DagBag from /opt/airflow/dags/attack.py
[2023-03-12 15:52:28,608] {processor.py:651} INFO - DAG(s) dict_keys(['attack_dag']) retrieved from /opt/airflow/dags/attack.py
[2023-03-12 15:52:28,634] {logging_mixin.py:115} INFO - [2023-03-12 15:52:28,634] {dag.py:2371} INFO - Sync 1 DAGs
[2023-03-12 15:52:28,745] {logging_mixin.py:115} INFO - [2023-03-12 15:52:28,744] {dag.py:2919} INFO - Setting next_dagrun for attack_dag to 2023-03-12T00:00:00+00:00, run_after=2023-03-13T00:00:00+00:00
[2023-03-12 15:52:28,758] {processor.py:161} INFO - Processing /opt/airflow/dags/attack.py took 0.177 seconds
[2023-03-12 15:52:58,897] {processor.py:153} INFO - Started process (PID=172) to work on /opt/airflow/dags/attack.py
[2023-03-12 15:52:58,898] {processor.py:641} INFO - Processing file /opt/airflow/dags/attack.py for tasks to queue
[2023-03-12 15:52:58,899] {logging_mixin.py:115} INFO - [2023-03-12 15:52:58,899] {dagbag.py:507} INFO - Filling up the DagBag from /opt/airflow/dags/attack.py
[2023-03-12 15:52:58,918] {processor.py:651} INFO - DAG(s) dict_keys(['attack_dag']) retrieved from /opt/airflow/dags/attack.py
[2023-03-12 15:52:58,942] {logging_mixin.py:115} INFO - [2023-03-12 15:52:58,942] {dag.py:2371} INFO - Sync 1 DAGs
[2023-03-12 15:52:59,094] {logging_mixin.py:115} INFO - [2023-03-12 15:52:59,094] {dag.py:2919} INFO - Setting next_dagrun for attack_dag to 2023-03-12T00:00:00+00:00, run_after=2023-03-13T00:00:00+00:00
[2023-03-12 15:52:59,111] {processor.py:161} INFO - Processing /opt/airflow/dags/attack.py took 0.217 seconds
[2023-03-12 15:53:29,316] {processor.py:153} INFO - Started process (PID=230) to work on /opt/airflow/dags/attack.py
[2023-03-12 15:53:29,317] {processor.py:641} INFO - Processing file /opt/airflow/dags/attack.py for tasks to queue
[2023-03-12 15:53:29,317] {logging_mixin.py:115} INFO - [2023-03-12 15:53:29,317] {dagbag.py:507} INFO - Filling up the DagBag from /opt/airflow/dags/attack.py
[2023-03-12 15:53:29,338] {processor.py:651} INFO - DAG(s) dict_keys(['attack_dag']) retrieved from /opt/airflow/dags/attack.py
[2023-03-12 15:53:29,362] {logging_mixin.py:115} INFO - [2023-03-12 15:53:29,362] {dag.py:2371} INFO - Sync 1 DAGs
[2023-03-12 15:53:29,479] {logging_mixin.py:115} INFO - [2023-03-12 15:53:29,479] {dag.py:2919} INFO - Setting next_dagrun for attack_dag to 2023-03-12T00:00:00+00:00, run_after=2023-03-13T00:00:00+00:00
[2023-03-12 15:53:29,499] {processor.py:161} INFO - Processing /opt/airflow/dags/attack.py took 0.185 seconds
[2023-03-12 15:53:59,755] {processor.py:153} INFO - Started process (PID=297) to work on /opt/airflow/dags/attack.py
[2023-03-12 15:53:59,756] {processor.py:641} INFO - Processing file /opt/airflow/dags/attack.py for tasks to queue
[2023-03-12 15:53:59,757] {logging_mixin.py:115} INFO - [2023-03-12 15:53:59,757] {dagbag.py:507} INFO - Filling up the DagBag from /opt/airflow/dags/attack.py
[2023-03-12 15:53:59,770] {processor.py:651} INFO - DAG(s) dict_keys(['attack_dag']) retrieved from /opt/airflow/dags/attack.py
[2023-03-12 15:53:59,788] {logging_mixin.py:115} INFO - [2023-03-12 15:53:59,788] {dag.py:2371} INFO - Sync 1 DAGs
[2023-03-12 15:53:59,883] {logging_mixin.py:115} INFO - [2023-03-12 15:53:59,883] {dag.py:2919} INFO - Setting next_dagrun for attack_dag to 2023-03-12T00:00:00+00:00, run_after=2023-03-13T00:00:00+00:00
[2023-03-12 15:53:59,894] {processor.py:161} INFO - Processing /opt/airflow/dags/attack.py took 0.141 seconds
