[2023-03-23 09:37:57,701] {taskinstance.py:1159} INFO - Dependencies all met for <TaskInstance: defence_dag2.storing manual__2023-03-23T09:37:56.852235+00:00 [queued]>
[2023-03-23 09:37:57,708] {taskinstance.py:1159} INFO - Dependencies all met for <TaskInstance: defence_dag2.storing manual__2023-03-23T09:37:56.852235+00:00 [queued]>
[2023-03-23 09:37:57,708] {taskinstance.py:1356} INFO - 
--------------------------------------------------------------------------------
[2023-03-23 09:37:57,709] {taskinstance.py:1357} INFO - Starting attempt 1 of 1
[2023-03-23 09:37:57,710] {taskinstance.py:1358} INFO - 
--------------------------------------------------------------------------------
[2023-03-23 09:37:57,721] {taskinstance.py:1377} INFO - Executing <Task(BashOperator): storing> on 2023-03-23 09:37:56.852235+00:00
[2023-03-23 09:37:57,725] {standard_task_runner.py:52} INFO - Started process 102 to run task
[2023-03-23 09:37:57,727] {standard_task_runner.py:79} INFO - Running: ['***', 'tasks', 'run', 'defence_dag2', 'storing', 'manual__2023-03-23T09:37:56.852235+00:00', '--job-id', '2326', '--raw', '--subdir', 'DAGS_FOLDER/defese.py', '--cfg-path', '/tmp/tmpgtr4qdlm', '--error-file', '/tmp/tmprc1g7enb']
[2023-03-23 09:37:57,728] {standard_task_runner.py:80} INFO - Job 2326: Subtask storing
[2023-03-23 09:37:57,772] {task_command.py:369} INFO - Running <TaskInstance: defence_dag2.storing manual__2023-03-23T09:37:56.852235+00:00 [running]> on host 6447f1dacd32
[2023-03-23 09:37:57,835] {taskinstance.py:1571} INFO - Exporting the following env vars:
AIRFLOW_CTX_DAG_OWNER=***
AIRFLOW_CTX_DAG_ID=defence_dag2
AIRFLOW_CTX_TASK_ID=storing
AIRFLOW_CTX_EXECUTION_DATE=2023-03-23T09:37:56.852235+00:00
AIRFLOW_CTX_TRY_NUMBER=1
AIRFLOW_CTX_DAG_RUN_ID=manual__2023-03-23T09:37:56.852235+00:00
[2023-03-23 09:37:57,836] {subprocess.py:62} INFO - Tmp dir root location: 
 /tmp
[2023-03-23 09:37:57,837] {subprocess.py:74} INFO - Running command: ['bash', '-c', 'sleep 1']
[2023-03-23 09:37:57,845] {subprocess.py:85} INFO - Output:
[2023-03-23 09:37:58,848] {subprocess.py:96} INFO - Command exited with return code 0
[2023-03-23 09:37:58,890] {taskinstance.py:1400} INFO - Marking task as SUCCESS. dag_id=defence_dag2, task_id=storing, execution_date=20230323T093756, start_date=20230323T093757, end_date=20230323T093758
[2023-03-23 09:37:58,906] {local_task_job.py:156} INFO - Task exited with return code 0
[2023-03-23 09:37:58,939] {local_task_job.py:273} INFO - 1 downstream tasks scheduled from follow-on schedule check
