[2023-03-23 15:34:55,773] {taskinstance.py:1159} INFO - Dependencies all met for <TaskInstance: multi_defence_dag.choose_best manual__2023-03-23T15:34:40.542067+00:00 [queued]>
[2023-03-23 15:34:55,810] {taskinstance.py:1159} INFO - Dependencies all met for <TaskInstance: multi_defence_dag.choose_best manual__2023-03-23T15:34:40.542067+00:00 [queued]>
[2023-03-23 15:34:55,811] {taskinstance.py:1356} INFO - 
--------------------------------------------------------------------------------
[2023-03-23 15:34:55,812] {taskinstance.py:1357} INFO - Starting attempt 1 of 2
[2023-03-23 15:34:55,813] {taskinstance.py:1358} INFO - 
--------------------------------------------------------------------------------
[2023-03-23 15:34:55,905] {taskinstance.py:1377} INFO - Executing <Task(PythonOperator): choose_best> on 2023-03-23 15:34:40.542067+00:00
[2023-03-23 15:34:55,934] {standard_task_runner.py:52} INFO - Started process 12938 to run task
[2023-03-23 15:34:55,944] {standard_task_runner.py:79} INFO - Running: ['***', 'tasks', 'run', 'multi_defence_dag', 'choose_best', 'manual__2023-03-23T15:34:40.542067+00:00', '--job-id', '3335', '--raw', '--subdir', 'DAGS_FOLDER/defence_dag.py', '--cfg-path', '/tmp/tmp4k_k75e4', '--error-file', '/tmp/tmplujy1y5z']
[2023-03-23 15:34:55,947] {standard_task_runner.py:80} INFO - Job 3335: Subtask choose_best
[2023-03-23 15:34:56,164] {task_command.py:369} INFO - Running <TaskInstance: multi_defence_dag.choose_best manual__2023-03-23T15:34:40.542067+00:00 [running]> on host 6447f1dacd32
[2023-03-23 15:34:56,527] {taskinstance.py:1571} INFO - Exporting the following env vars:
AIRFLOW_CTX_DAG_OWNER=***
AIRFLOW_CTX_DAG_ID=multi_defence_dag
AIRFLOW_CTX_TASK_ID=choose_best
AIRFLOW_CTX_EXECUTION_DATE=2023-03-23T15:34:40.542067+00:00
AIRFLOW_CTX_TRY_NUMBER=1
AIRFLOW_CTX_DAG_RUN_ID=manual__2023-03-23T15:34:40.542067+00:00
[2023-03-23 15:34:56,732] {transport.py:157} INFO - Attempting refresh to obtain initial access_token
[2023-03-23 15:34:56,744] {client.py:777} INFO - Refreshing access_token
[2023-03-23 15:34:57,982] {python.py:173} INFO - Done. Returned value was: None
[2023-03-23 15:34:58,055] {taskinstance.py:1400} INFO - Marking task as SUCCESS. dag_id=multi_defence_dag, task_id=choose_best, execution_date=20230323T153440, start_date=20230323T153455, end_date=20230323T153458
[2023-03-23 15:34:58,177] {local_task_job.py:156} INFO - Task exited with return code 0
[2023-03-23 15:34:58,381] {local_task_job.py:273} INFO - 1 downstream tasks scheduled from follow-on schedule check
