[2023-04-08 14:31:54,111] {taskinstance.py:1159} INFO - Dependencies all met for <TaskInstance: multi_attack_dag.to_attack_FastGradientMethod manual__2023-04-08T14:31:40.539890+00:00 [queued]>
[2023-04-08 14:31:54,150] {taskinstance.py:1159} INFO - Dependencies all met for <TaskInstance: multi_attack_dag.to_attack_FastGradientMethod manual__2023-04-08T14:31:40.539890+00:00 [queued]>
[2023-04-08 14:31:54,151] {taskinstance.py:1356} INFO - 
--------------------------------------------------------------------------------
[2023-04-08 14:31:54,152] {taskinstance.py:1357} INFO - Starting attempt 1 of 2
[2023-04-08 14:31:54,153] {taskinstance.py:1358} INFO - 
--------------------------------------------------------------------------------
[2023-04-08 14:31:54,198] {taskinstance.py:1377} INFO - Executing <Task(BranchPythonOperator): to_attack_FastGradientMethod> on 2023-04-08 14:31:40.539890+00:00
[2023-04-08 14:31:54,224] {standard_task_runner.py:52} INFO - Started process 9120 to run task
[2023-04-08 14:31:54,242] {standard_task_runner.py:79} INFO - Running: ['***', 'tasks', 'run', 'multi_attack_dag', 'to_attack_FastGradientMethod', 'manual__2023-04-08T14:31:40.539890+00:00', '--job-id', '4679', '--raw', '--subdir', 'DAGS_FOLDER/attack_dag.py', '--cfg-path', '/tmp/tmpsbi19s2z', '--error-file', '/tmp/tmp0camsr_c']
[2023-04-08 14:31:54,248] {standard_task_runner.py:80} INFO - Job 4679: Subtask to_attack_FastGradientMethod
[2023-04-08 14:31:54,454] {task_command.py:369} INFO - Running <TaskInstance: multi_attack_dag.to_attack_FastGradientMethod manual__2023-04-08T14:31:40.539890+00:00 [running]> on host ff3d40af78f9
[2023-04-08 14:31:54,718] {taskinstance.py:1571} INFO - Exporting the following env vars:
AIRFLOW_CTX_DAG_OWNER=***
AIRFLOW_CTX_DAG_ID=multi_attack_dag
AIRFLOW_CTX_TASK_ID=to_attack_FastGradientMethod
AIRFLOW_CTX_EXECUTION_DATE=2023-04-08T14:31:40.539890+00:00
AIRFLOW_CTX_TRY_NUMBER=1
AIRFLOW_CTX_DAG_RUN_ID=manual__2023-04-08T14:31:40.539890+00:00
[2023-04-08 14:31:54,751] {python.py:173} INFO - Done. Returned value was: default
[2023-04-08 14:31:54,752] {skipmixin.py:140} INFO - Following branch default
[2023-04-08 14:31:54,752] {skipmixin.py:175} INFO - Skipping tasks ['attack_FastGradientMethod']
[2023-04-08 14:31:54,892] {taskinstance.py:1400} INFO - Marking task as SUCCESS. dag_id=multi_attack_dag, task_id=to_attack_FastGradientMethod, execution_date=20230408T143140, start_date=20230408T143154, end_date=20230408T143154
[2023-04-08 14:31:54,949] {local_task_job.py:156} INFO - Task exited with return code 0
[2023-04-08 14:31:55,018] {local_task_job.py:273} INFO - 0 downstream tasks scheduled from follow-on schedule check
