[2023-04-09 07:31:28,096] {taskinstance.py:1159} INFO - Dependencies all met for <TaskInstance: multi_attack_dag.trigger_defence manual__2023-04-09T07:29:08.611177+00:00 [queued]>
[2023-04-09 07:31:28,107] {taskinstance.py:1159} INFO - Dependencies all met for <TaskInstance: multi_attack_dag.trigger_defence manual__2023-04-09T07:29:08.611177+00:00 [queued]>
[2023-04-09 07:31:28,108] {taskinstance.py:1356} INFO - 
--------------------------------------------------------------------------------
[2023-04-09 07:31:28,114] {taskinstance.py:1357} INFO - Starting attempt 1 of 2
[2023-04-09 07:31:28,114] {taskinstance.py:1358} INFO - 
--------------------------------------------------------------------------------
[2023-04-09 07:31:28,131] {taskinstance.py:1377} INFO - Executing <Task(TriggerDagRunOperator): trigger_defence> on 2023-04-09 07:29:08.611177+00:00
[2023-04-09 07:31:28,139] {standard_task_runner.py:52} INFO - Started process 1769 to run task
[2023-04-09 07:31:28,143] {standard_task_runner.py:79} INFO - Running: ['***', 'tasks', 'run', 'multi_attack_dag', 'trigger_defence', 'manual__2023-04-09T07:29:08.611177+00:00', '--job-id', '4749', '--raw', '--subdir', 'DAGS_FOLDER/attack_dag.py', '--cfg-path', '/tmp/tmpvkaos2ij', '--error-file', '/tmp/tmpa_v8m3t7']
[2023-04-09 07:31:28,145] {standard_task_runner.py:80} INFO - Job 4749: Subtask trigger_defence
[2023-04-09 07:31:28,211] {task_command.py:369} INFO - Running <TaskInstance: multi_attack_dag.trigger_defence manual__2023-04-09T07:29:08.611177+00:00 [running]> on host ff3d40af78f9
[2023-04-09 07:31:28,310] {taskinstance.py:1571} INFO - Exporting the following env vars:
AIRFLOW_CTX_DAG_OWNER=***
AIRFLOW_CTX_DAG_ID=multi_attack_dag
AIRFLOW_CTX_TASK_ID=trigger_defence
AIRFLOW_CTX_EXECUTION_DATE=2023-04-09T07:29:08.611177+00:00
AIRFLOW_CTX_TRY_NUMBER=1
AIRFLOW_CTX_DAG_RUN_ID=manual__2023-04-09T07:29:08.611177+00:00
[2023-04-09 07:31:28,353] {taskinstance.py:1889} ERROR - Task failed with exception
Traceback (most recent call last):
  File "/home/airflow/.local/lib/python3.7/site-packages/airflow/operators/trigger_dagrun.py", line 147, in execute
    replace_microseconds=False,
  File "/home/airflow/.local/lib/python3.7/site-packages/airflow/api/common/trigger_dag.py", line 129, in trigger_dag
    replace_microseconds=replace_microseconds,
  File "/home/airflow/.local/lib/python3.7/site-packages/airflow/api/common/trigger_dag.py", line 53, in _trigger_dag
    raise DagNotFound(f"Dag id {dag_id} not found")
airflow.exceptions.DagNotFound: Dag id multi_defence_dag not found
[2023-04-09 07:31:28,357] {taskinstance.py:1400} INFO - Marking task as UP_FOR_RETRY. dag_id=multi_attack_dag, task_id=trigger_defence, execution_date=20230409T072908, start_date=20230409T073128, end_date=20230409T073128
[2023-04-09 07:31:28,373] {standard_task_runner.py:97} ERROR - Failed to execute job 4749 for task trigger_defence (Dag id multi_defence_dag not found; 1769)
[2023-04-09 07:31:28,397] {local_task_job.py:156} INFO - Task exited with return code 1
[2023-04-09 07:31:28,440] {local_task_job.py:273} INFO - 0 downstream tasks scheduled from follow-on schedule check
