[2023-04-18 17:47:37,516] {taskinstance.py:1159} INFO - Dependencies all met for <TaskInstance: multi_attack_dag.to_attack_ProjectedGradientDescent manual__2023-04-18T17:47:23.292178+00:00 [queued]>
[2023-04-18 17:47:37,535] {taskinstance.py:1159} INFO - Dependencies all met for <TaskInstance: multi_attack_dag.to_attack_ProjectedGradientDescent manual__2023-04-18T17:47:23.292178+00:00 [queued]>
[2023-04-18 17:47:37,536] {taskinstance.py:1356} INFO - 
--------------------------------------------------------------------------------
[2023-04-18 17:47:37,538] {taskinstance.py:1357} INFO - Starting attempt 1 of 2
[2023-04-18 17:47:37,539] {taskinstance.py:1358} INFO - 
--------------------------------------------------------------------------------
[2023-04-18 17:47:37,562] {taskinstance.py:1377} INFO - Executing <Task(BranchPythonOperator): to_attack_ProjectedGradientDescent> on 2023-04-18 17:47:23.292178+00:00
[2023-04-18 17:47:37,571] {standard_task_runner.py:52} INFO - Started process 10292 to run task
[2023-04-18 17:47:37,576] {standard_task_runner.py:79} INFO - Running: ['***', 'tasks', 'run', 'multi_attack_dag', 'to_attack_ProjectedGradientDescent', 'manual__2023-04-18T17:47:23.292178+00:00', '--job-id', '5810', '--raw', '--subdir', 'DAGS_FOLDER/attack_dag.py', '--cfg-path', '/tmp/tmpxp0h3dd6', '--error-file', '/tmp/tmp55inpcj9']
[2023-04-18 17:47:37,578] {standard_task_runner.py:80} INFO - Job 5810: Subtask to_attack_ProjectedGradientDescent
[2023-04-18 17:47:37,658] {task_command.py:369} INFO - Running <TaskInstance: multi_attack_dag.to_attack_ProjectedGradientDescent manual__2023-04-18T17:47:23.292178+00:00 [running]> on host a3dd7d962104
[2023-04-18 17:47:37,759] {taskinstance.py:1571} INFO - Exporting the following env vars:
AIRFLOW_CTX_DAG_OWNER=***
AIRFLOW_CTX_DAG_ID=multi_attack_dag
AIRFLOW_CTX_TASK_ID=to_attack_ProjectedGradientDescent
AIRFLOW_CTX_EXECUTION_DATE=2023-04-18T17:47:23.292178+00:00
AIRFLOW_CTX_TRY_NUMBER=1
AIRFLOW_CTX_DAG_RUN_ID=manual__2023-04-18T17:47:23.292178+00:00
[2023-04-18 17:47:37,776] {python.py:173} INFO - Done. Returned value was: attack_ProjectedGradientDescent
[2023-04-18 17:47:37,777] {skipmixin.py:140} INFO - Following branch attack_ProjectedGradientDescent
[2023-04-18 17:47:37,778] {skipmixin.py:175} INFO - Skipping tasks ['default']
[2023-04-18 17:47:37,850] {taskinstance.py:1400} INFO - Marking task as SUCCESS. dag_id=multi_attack_dag, task_id=to_attack_ProjectedGradientDescent, execution_date=20230418T174723, start_date=20230418T174737, end_date=20230418T174737
[2023-04-18 17:47:37,911] {local_task_job.py:156} INFO - Task exited with return code 0
[2023-04-18 17:47:37,979] {local_task_job.py:273} INFO - 1 downstream tasks scheduled from follow-on schedule check
