[2023-03-12 15:52:07,876] {taskinstance.py:1159} INFO - Dependencies all met for <TaskInstance: defence_dag.storing manual__2023-03-12T15:52:04.530923+00:00 [queued]>
[2023-03-12 15:52:07,894] {taskinstance.py:1159} INFO - Dependencies all met for <TaskInstance: defence_dag.storing manual__2023-03-12T15:52:04.530923+00:00 [queued]>
[2023-03-12 15:52:07,895] {taskinstance.py:1356} INFO - 
--------------------------------------------------------------------------------
[2023-03-12 15:52:07,895] {taskinstance.py:1357} INFO - Starting attempt 1 of 1
[2023-03-12 15:52:07,897] {taskinstance.py:1358} INFO - 
--------------------------------------------------------------------------------
[2023-03-12 15:52:07,925] {taskinstance.py:1377} INFO - Executing <Task(BashOperator): storing> on 2023-03-12 15:52:04.530923+00:00
[2023-03-12 15:52:07,931] {standard_task_runner.py:52} INFO - Started process 68 to run task
[2023-03-12 15:52:07,938] {standard_task_runner.py:79} INFO - Running: ['***', 'tasks', 'run', 'defence_dag', 'storing', 'manual__2023-03-12T15:52:04.530923+00:00', '--job-id', '597', '--raw', '--subdir', 'DAGS_FOLDER/defese.py', '--cfg-path', '/tmp/tmptkia4iew', '--error-file', '/tmp/tmpgqgjut4s']
[2023-03-12 15:52:07,939] {standard_task_runner.py:80} INFO - Job 597: Subtask storing
[2023-03-12 15:52:08,032] {task_command.py:369} INFO - Running <TaskInstance: defence_dag.storing manual__2023-03-12T15:52:04.530923+00:00 [running]> on host 596adcca7378
[2023-03-12 15:52:08,166] {taskinstance.py:1571} INFO - Exporting the following env vars:
AIRFLOW_CTX_DAG_OWNER=***
AIRFLOW_CTX_DAG_ID=defence_dag
AIRFLOW_CTX_TASK_ID=storing
AIRFLOW_CTX_EXECUTION_DATE=2023-03-12T15:52:04.530923+00:00
AIRFLOW_CTX_TRY_NUMBER=1
AIRFLOW_CTX_DAG_RUN_ID=manual__2023-03-12T15:52:04.530923+00:00
[2023-03-12 15:52:08,167] {subprocess.py:62} INFO - Tmp dir root location: 
 /tmp
[2023-03-12 15:52:08,168] {subprocess.py:74} INFO - Running command: ['bash', '-c', 'sleep 1']
[2023-03-12 15:52:08,179] {subprocess.py:85} INFO - Output:
[2023-03-12 15:52:09,182] {subprocess.py:96} INFO - Command exited with return code 0
[2023-03-12 15:52:09,214] {taskinstance.py:1400} INFO - Marking task as SUCCESS. dag_id=defence_dag, task_id=storing, execution_date=20230312T155204, start_date=20230312T155207, end_date=20230312T155209
[2023-03-12 15:52:09,235] {local_task_job.py:156} INFO - Task exited with return code 0
[2023-03-12 15:52:09,281] {local_task_job.py:273} INFO - 1 downstream tasks scheduled from follow-on schedule check
