[2023-03-16 11:57:53,890] {taskinstance.py:1159} INFO - Dependencies all met for <TaskInstance: defence_dag.storing manual__2023-03-12T15:52:04.530923+00:00 [queued]>
[2023-03-16 11:57:53,923] {taskinstance.py:1159} INFO - Dependencies all met for <TaskInstance: defence_dag.storing manual__2023-03-12T15:52:04.530923+00:00 [queued]>
[2023-03-16 11:57:53,924] {taskinstance.py:1356} INFO - 
--------------------------------------------------------------------------------
[2023-03-16 11:57:53,925] {taskinstance.py:1357} INFO - Starting attempt 2 of 2
[2023-03-16 11:57:53,925] {taskinstance.py:1358} INFO - 
--------------------------------------------------------------------------------
[2023-03-16 11:57:54,089] {taskinstance.py:1377} INFO - Executing <Task(BashOperator): storing> on 2023-03-12 15:52:04.530923+00:00
[2023-03-16 11:57:54,112] {standard_task_runner.py:52} INFO - Started process 1135 to run task
[2023-03-16 11:57:54,122] {standard_task_runner.py:79} INFO - Running: ['***', 'tasks', 'run', 'defence_dag', 'storing', 'manual__2023-03-12T15:52:04.530923+00:00', '--job-id', '1147', '--raw', '--subdir', 'DAGS_FOLDER/defese.py', '--cfg-path', '/tmp/tmpf158ovsa', '--error-file', '/tmp/tmp6c8aljw1']
[2023-03-16 11:57:54,123] {standard_task_runner.py:80} INFO - Job 1147: Subtask storing
[2023-03-16 11:57:54,429] {task_command.py:369} INFO - Running <TaskInstance: defence_dag.storing manual__2023-03-12T15:52:04.530923+00:00 [running]> on host 596adcca7378
[2023-03-16 11:57:54,842] {taskinstance.py:1571} INFO - Exporting the following env vars:
AIRFLOW_CTX_DAG_OWNER=***
AIRFLOW_CTX_DAG_ID=defence_dag
AIRFLOW_CTX_TASK_ID=storing
AIRFLOW_CTX_EXECUTION_DATE=2023-03-12T15:52:04.530923+00:00
AIRFLOW_CTX_TRY_NUMBER=2
AIRFLOW_CTX_DAG_RUN_ID=manual__2023-03-12T15:52:04.530923+00:00
[2023-03-16 11:57:54,844] {subprocess.py:62} INFO - Tmp dir root location: 
 /tmp
[2023-03-16 11:57:54,846] {subprocess.py:74} INFO - Running command: ['bash', '-c', 'sleep 1']
[2023-03-16 11:57:54,877] {subprocess.py:85} INFO - Output:
[2023-03-16 11:57:55,882] {subprocess.py:96} INFO - Command exited with return code 0
[2023-03-16 11:57:56,057] {taskinstance.py:1400} INFO - Marking task as SUCCESS. dag_id=defence_dag, task_id=storing, execution_date=20230312T155204, start_date=20230316T115753, end_date=20230316T115756
[2023-03-16 11:57:56,203] {local_task_job.py:156} INFO - Task exited with return code 0
[2023-03-16 11:57:56,408] {local_task_job.py:273} INFO - 1 downstream tasks scheduled from follow-on schedule check
