[2023-03-23 10:52:34,273] {taskinstance.py:1159} INFO - Dependencies all met for <TaskInstance: defence_dag2.stop manual__2023-03-23T10:52:28.034231+00:00 [queued]>
[2023-03-23 10:52:34,288] {taskinstance.py:1159} INFO - Dependencies all met for <TaskInstance: defence_dag2.stop manual__2023-03-23T10:52:28.034231+00:00 [queued]>
[2023-03-23 10:52:34,289] {taskinstance.py:1356} INFO - 
--------------------------------------------------------------------------------
[2023-03-23 10:52:34,290] {taskinstance.py:1357} INFO - Starting attempt 1 of 1
[2023-03-23 10:52:34,291] {taskinstance.py:1358} INFO - 
--------------------------------------------------------------------------------
[2023-03-23 10:52:34,310] {taskinstance.py:1377} INFO - Executing <Task(PythonOperator): stop> on 2023-03-23 10:52:28.034231+00:00
[2023-03-23 10:52:34,314] {standard_task_runner.py:52} INFO - Started process 226 to run task
[2023-03-23 10:52:34,318] {standard_task_runner.py:79} INFO - Running: ['***', 'tasks', 'run', 'defence_dag2', 'stop', 'manual__2023-03-23T10:52:28.034231+00:00', '--job-id', '2591', '--raw', '--subdir', 'DAGS_FOLDER/defese.py', '--cfg-path', '/tmp/tmpsyke19q6', '--error-file', '/tmp/tmp3adtw3ar']
[2023-03-23 10:52:34,319] {standard_task_runner.py:80} INFO - Job 2591: Subtask stop
[2023-03-23 10:52:34,368] {task_command.py:369} INFO - Running <TaskInstance: defence_dag2.stop manual__2023-03-23T10:52:28.034231+00:00 [running]> on host 6447f1dacd32
[2023-03-23 10:52:34,430] {taskinstance.py:1571} INFO - Exporting the following env vars:
AIRFLOW_CTX_DAG_OWNER=***
AIRFLOW_CTX_DAG_ID=defence_dag2
AIRFLOW_CTX_TASK_ID=stop
AIRFLOW_CTX_EXECUTION_DATE=2023-03-23T10:52:28.034231+00:00
AIRFLOW_CTX_TRY_NUMBER=1
AIRFLOW_CTX_DAG_RUN_ID=manual__2023-03-23T10:52:28.034231+00:00
[2023-03-23 10:52:34,431] {python.py:173} INFO - Done. Returned value was: Cycle has ended
[2023-03-23 10:52:34,458] {taskinstance.py:1400} INFO - Marking task as SUCCESS. dag_id=defence_dag2, task_id=stop, execution_date=20230323T105228, start_date=20230323T105234, end_date=20230323T105234
[2023-03-23 10:52:34,530] {local_task_job.py:156} INFO - Task exited with return code 0
[2023-03-23 10:52:34,571] {local_task_job.py:273} INFO - 0 downstream tasks scheduled from follow-on schedule check
