[2023-03-23 10:53:59,222] {taskinstance.py:1159} INFO - Dependencies all met for <TaskInstance: defence_dag2.to_attack manual__2023-03-23T10:53:55.072652+00:00 [queued]>
[2023-03-23 10:53:59,230] {taskinstance.py:1159} INFO - Dependencies all met for <TaskInstance: defence_dag2.to_attack manual__2023-03-23T10:53:55.072652+00:00 [queued]>
[2023-03-23 10:53:59,230] {taskinstance.py:1356} INFO - 
--------------------------------------------------------------------------------
[2023-03-23 10:53:59,230] {taskinstance.py:1357} INFO - Starting attempt 1 of 1
[2023-03-23 10:53:59,231] {taskinstance.py:1358} INFO - 
--------------------------------------------------------------------------------
[2023-03-23 10:53:59,243] {taskinstance.py:1377} INFO - Executing <Task(BranchPythonOperator): to_attack> on 2023-03-23 10:53:55.072652+00:00
[2023-03-23 10:53:59,248] {standard_task_runner.py:52} INFO - Started process 298 to run task
[2023-03-23 10:53:59,251] {standard_task_runner.py:79} INFO - Running: ['***', 'tasks', 'run', 'defence_dag2', 'to_attack', 'manual__2023-03-23T10:53:55.072652+00:00', '--job-id', '2594', '--raw', '--subdir', 'DAGS_FOLDER/defese.py', '--cfg-path', '/tmp/tmpqribqj9w', '--error-file', '/tmp/tmps6tewszb']
[2023-03-23 10:53:59,252] {standard_task_runner.py:80} INFO - Job 2594: Subtask to_attack
[2023-03-23 10:53:59,363] {task_command.py:369} INFO - Running <TaskInstance: defence_dag2.to_attack manual__2023-03-23T10:53:55.072652+00:00 [running]> on host 6447f1dacd32
[2023-03-23 10:53:59,454] {taskinstance.py:1571} INFO - Exporting the following env vars:
AIRFLOW_CTX_DAG_OWNER=***
AIRFLOW_CTX_DAG_ID=defence_dag2
AIRFLOW_CTX_TASK_ID=to_attack
AIRFLOW_CTX_EXECUTION_DATE=2023-03-23T10:53:55.072652+00:00
AIRFLOW_CTX_TRY_NUMBER=1
AIRFLOW_CTX_DAG_RUN_ID=manual__2023-03-23T10:53:55.072652+00:00
[2023-03-23 10:53:59,464] {transport.py:157} INFO - Attempting refresh to obtain initial access_token
[2023-03-23 10:53:59,468] {client.py:777} INFO - Refreshing access_token
[2023-03-23 10:54:00,595] {python.py:173} INFO - Done. Returned value was: trigger_offence
[2023-03-23 10:54:00,595] {skipmixin.py:140} INFO - Following branch trigger_offence
[2023-03-23 10:54:00,596] {skipmixin.py:175} INFO - Skipping tasks ['stop']
[2023-03-23 10:54:00,639] {taskinstance.py:1400} INFO - Marking task as SUCCESS. dag_id=defence_dag2, task_id=to_attack, execution_date=20230323T105355, start_date=20230323T105359, end_date=20230323T105400
[2023-03-23 10:54:00,670] {local_task_job.py:156} INFO - Task exited with return code 0
[2023-03-23 10:54:00,704] {local_task_job.py:273} INFO - 1 downstream tasks scheduled from follow-on schedule check
