[2023-04-30 08:05:58,758] {taskinstance.py:1159} INFO - Dependencies all met for <TaskInstance: multi_defence_dag.Defence1 manual__2023-04-30T08:05:41.023426+00:00 [queued]>
[2023-04-30 08:05:58,784] {taskinstance.py:1159} INFO - Dependencies all met for <TaskInstance: multi_defence_dag.Defence1 manual__2023-04-30T08:05:41.023426+00:00 [queued]>
[2023-04-30 08:05:58,785] {taskinstance.py:1356} INFO - 
--------------------------------------------------------------------------------
[2023-04-30 08:05:58,787] {taskinstance.py:1357} INFO - Starting attempt 1 of 2
[2023-04-30 08:05:58,787] {taskinstance.py:1358} INFO - 
--------------------------------------------------------------------------------
[2023-04-30 08:05:58,829] {taskinstance.py:1377} INFO - Executing <Task(PythonOperator): Defence1> on 2023-04-30 08:05:41.023426+00:00
[2023-04-30 08:05:58,843] {standard_task_runner.py:52} INFO - Started process 741 to run task
[2023-04-30 08:05:58,854] {standard_task_runner.py:79} INFO - Running: ['***', 'tasks', 'run', 'multi_defence_dag', 'Defence1', 'manual__2023-04-30T08:05:41.023426+00:00', '--job-id', '7123', '--raw', '--subdir', 'DAGS_FOLDER/defence_dag.py', '--cfg-path', '/tmp/tmpynoaou65', '--error-file', '/tmp/tmpezgrd2r7']
[2023-04-30 08:05:58,856] {standard_task_runner.py:80} INFO - Job 7123: Subtask Defence1
[2023-04-30 08:05:59,008] {task_command.py:369} INFO - Running <TaskInstance: multi_defence_dag.Defence1 manual__2023-04-30T08:05:41.023426+00:00 [running]> on host e7e31d5a6603
[2023-04-30 08:05:59,262] {taskinstance.py:1571} INFO - Exporting the following env vars:
AIRFLOW_CTX_DAG_OWNER=***
AIRFLOW_CTX_DAG_ID=multi_defence_dag
AIRFLOW_CTX_TASK_ID=Defence1
AIRFLOW_CTX_EXECUTION_DATE=2023-04-30T08:05:41.023426+00:00
AIRFLOW_CTX_TRY_NUMBER=1
AIRFLOW_CTX_DAG_RUN_ID=manual__2023-04-30T08:05:41.023426+00:00
[2023-04-30 08:05:59,323] {python.py:173} INFO - Done. Returned value was: None
[2023-04-30 08:05:59,359] {taskinstance.py:1400} INFO - Marking task as SUCCESS. dag_id=multi_defence_dag, task_id=Defence1, execution_date=20230430T080541, start_date=20230430T080558, end_date=20230430T080559
[2023-04-30 08:05:59,468] {local_task_job.py:156} INFO - Task exited with return code 0
[2023-04-30 08:05:59,621] {local_task_job.py:273} INFO - 0 downstream tasks scheduled from follow-on schedule check
