[2023-03-28 11:11:10,278] {taskinstance.py:1159} INFO - Dependencies all met for <TaskInstance: defence_dag2.defence1 manual__2023-03-28T11:07:43.479003+00:00 [queued]>
[2023-03-28 11:11:10,297] {taskinstance.py:1159} INFO - Dependencies all met for <TaskInstance: defence_dag2.defence1 manual__2023-03-28T11:07:43.479003+00:00 [queued]>
[2023-03-28 11:11:10,298] {taskinstance.py:1356} INFO - 
--------------------------------------------------------------------------------
[2023-03-28 11:11:10,299] {taskinstance.py:1357} INFO - Starting attempt 1 of 1
[2023-03-28 11:11:10,300] {taskinstance.py:1358} INFO - 
--------------------------------------------------------------------------------
[2023-03-28 11:11:10,321] {taskinstance.py:1377} INFO - Executing <Task(PythonOperator): defence1> on 2023-03-28 11:07:43.479003+00:00
[2023-03-28 11:11:10,332] {standard_task_runner.py:52} INFO - Started process 72 to run task
[2023-03-28 11:11:10,340] {standard_task_runner.py:79} INFO - Running: ['***', 'tasks', 'run', 'defence_dag2', 'defence1', 'manual__2023-03-28T11:07:43.479003+00:00', '--job-id', '4476', '--raw', '--subdir', 'DAGS_FOLDER/defese.py', '--cfg-path', '/tmp/tmp31v1izlu', '--error-file', '/tmp/tmp7wbjzlhf']
[2023-03-28 11:11:10,342] {standard_task_runner.py:80} INFO - Job 4476: Subtask defence1
[2023-03-28 11:11:10,468] {task_command.py:369} INFO - Running <TaskInstance: defence_dag2.defence1 manual__2023-03-28T11:07:43.479003+00:00 [running]> on host a826a5b95b6c
[2023-03-28 11:11:10,637] {taskinstance.py:1571} INFO - Exporting the following env vars:
AIRFLOW_CTX_DAG_OWNER=***
AIRFLOW_CTX_DAG_ID=defence_dag2
AIRFLOW_CTX_TASK_ID=defence1
AIRFLOW_CTX_EXECUTION_DATE=2023-03-28T11:07:43.479003+00:00
AIRFLOW_CTX_TRY_NUMBER=1
AIRFLOW_CTX_DAG_RUN_ID=manual__2023-03-28T11:07:43.479003+00:00
[2023-03-28 11:11:10,662] {logging_mixin.py:115} INFO - defensing
[2023-03-28 11:11:10,663] {python.py:173} INFO - Done. Returned value was: None
[2023-03-28 11:11:10,718] {taskinstance.py:1400} INFO - Marking task as SUCCESS. dag_id=defence_dag2, task_id=defence1, execution_date=20230328T110743, start_date=20230328T111110, end_date=20230328T111110
[2023-03-28 11:11:10,795] {local_task_job.py:156} INFO - Task exited with return code 0
[2023-03-28 11:11:10,898] {local_task_job.py:273} INFO - 0 downstream tasks scheduled from follow-on schedule check
