[2023-03-23 15:09:42,535] {taskinstance.py:1159} INFO - Dependencies all met for <TaskInstance: multi_defence_dag.to_defence1 manual__2023-03-23T15:08:47.614322+00:00 [queued]>
[2023-03-23 15:09:42,645] {taskinstance.py:1159} INFO - Dependencies all met for <TaskInstance: multi_defence_dag.to_defence1 manual__2023-03-23T15:08:47.614322+00:00 [queued]>
[2023-03-23 15:09:42,653] {taskinstance.py:1356} INFO - 
--------------------------------------------------------------------------------
[2023-03-23 15:09:42,675] {taskinstance.py:1357} INFO - Starting attempt 1 of 2
[2023-03-23 15:09:42,682] {taskinstance.py:1358} INFO - 
--------------------------------------------------------------------------------
[2023-03-23 15:09:42,841] {taskinstance.py:1377} INFO - Executing <Task(BranchPythonOperator): to_defence1> on 2023-03-23 15:08:47.614322+00:00
[2023-03-23 15:09:42,897] {standard_task_runner.py:52} INFO - Started process 11388 to run task
[2023-03-23 15:09:42,941] {standard_task_runner.py:79} INFO - Running: ['***', 'tasks', 'run', 'multi_defence_dag', 'to_defence1', 'manual__2023-03-23T15:08:47.614322+00:00', '--job-id', '2818', '--raw', '--subdir', 'DAGS_FOLDER/defence_dag.py', '--cfg-path', '/tmp/tmp7x8_ixo7', '--error-file', '/tmp/tmpu42i56g4']
[2023-03-23 15:09:42,948] {standard_task_runner.py:80} INFO - Job 2818: Subtask to_defence1
[2023-03-23 15:09:44,397] {task_command.py:369} INFO - Running <TaskInstance: multi_defence_dag.to_defence1 manual__2023-03-23T15:08:47.614322+00:00 [running]> on host 6447f1dacd32
[2023-03-23 15:09:45,330] {taskinstance.py:1571} INFO - Exporting the following env vars:
AIRFLOW_CTX_DAG_OWNER=***
AIRFLOW_CTX_DAG_ID=multi_defence_dag
AIRFLOW_CTX_TASK_ID=to_defence1
AIRFLOW_CTX_EXECUTION_DATE=2023-03-23T15:08:47.614322+00:00
AIRFLOW_CTX_TRY_NUMBER=1
AIRFLOW_CTX_DAG_RUN_ID=manual__2023-03-23T15:08:47.614322+00:00
[2023-03-23 15:09:45,435] {python.py:173} INFO - Done. Returned value was: Defence1
[2023-03-23 15:09:45,439] {skipmixin.py:140} INFO - Following branch Defence1
[2023-03-23 15:09:45,443] {skipmixin.py:175} INFO - Skipping tasks ['default']
[2023-03-23 15:09:50,315] {taskinstance.py:1400} INFO - Marking task as SUCCESS. dag_id=multi_defence_dag, task_id=to_defence1, execution_date=20230323T150847, start_date=20230323T150942, end_date=20230323T150950
[2023-03-23 15:09:50,529] {local_task_job.py:156} INFO - Task exited with return code 0
[2023-03-23 15:09:52,172] {local_task_job.py:273} INFO - 1 downstream tasks scheduled from follow-on schedule check
