[2023-03-23 15:19:00,160] {taskinstance.py:1159} INFO - Dependencies all met for <TaskInstance: multi_defence_dag.to_defence1 manual__2023-03-23T15:18:45.274779+00:00 [queued]>
[2023-03-23 15:19:00,243] {taskinstance.py:1159} INFO - Dependencies all met for <TaskInstance: multi_defence_dag.to_defence1 manual__2023-03-23T15:18:45.274779+00:00 [queued]>
[2023-03-23 15:19:00,246] {taskinstance.py:1356} INFO - 
--------------------------------------------------------------------------------
[2023-03-23 15:19:00,250] {taskinstance.py:1357} INFO - Starting attempt 1 of 2
[2023-03-23 15:19:00,251] {taskinstance.py:1358} INFO - 
--------------------------------------------------------------------------------
[2023-03-23 15:19:00,362] {taskinstance.py:1377} INFO - Executing <Task(BranchPythonOperator): to_defence1> on 2023-03-23 15:18:45.274779+00:00
[2023-03-23 15:19:00,383] {standard_task_runner.py:52} INFO - Started process 12078 to run task
[2023-03-23 15:19:00,407] {standard_task_runner.py:79} INFO - Running: ['***', 'tasks', 'run', 'multi_defence_dag', 'to_defence1', 'manual__2023-03-23T15:18:45.274779+00:00', '--job-id', '3016', '--raw', '--subdir', 'DAGS_FOLDER/defence_dag.py', '--cfg-path', '/tmp/tmpxsnl1ci6', '--error-file', '/tmp/tmpvauwxjbj']
[2023-03-23 15:19:00,415] {standard_task_runner.py:80} INFO - Job 3016: Subtask to_defence1
[2023-03-23 15:19:00,824] {task_command.py:369} INFO - Running <TaskInstance: multi_defence_dag.to_defence1 manual__2023-03-23T15:18:45.274779+00:00 [running]> on host 6447f1dacd32
[2023-03-23 15:19:01,399] {taskinstance.py:1571} INFO - Exporting the following env vars:
AIRFLOW_CTX_DAG_OWNER=***
AIRFLOW_CTX_DAG_ID=multi_defence_dag
AIRFLOW_CTX_TASK_ID=to_defence1
AIRFLOW_CTX_EXECUTION_DATE=2023-03-23T15:18:45.274779+00:00
AIRFLOW_CTX_TRY_NUMBER=1
AIRFLOW_CTX_DAG_RUN_ID=manual__2023-03-23T15:18:45.274779+00:00
[2023-03-23 15:19:01,482] {python.py:173} INFO - Done. Returned value was: Defence1
[2023-03-23 15:19:01,485] {skipmixin.py:140} INFO - Following branch Defence1
[2023-03-23 15:19:01,487] {skipmixin.py:175} INFO - Skipping tasks ['default']
[2023-03-23 15:19:01,951] {taskinstance.py:1400} INFO - Marking task as SUCCESS. dag_id=multi_defence_dag, task_id=to_defence1, execution_date=20230323T151845, start_date=20230323T151900, end_date=20230323T151901
[2023-03-23 15:19:02,078] {local_task_job.py:156} INFO - Task exited with return code 0
[2023-03-23 15:19:02,517] {local_task_job.py:273} INFO - 0 downstream tasks scheduled from follow-on schedule check
