[2023-03-28 13:02:10,335] {taskinstance.py:1159} INFO - Dependencies all met for <TaskInstance: defence_dag2.storing manual__2023-03-28T13:02:06.924336+00:00 [queued]>
[2023-03-28 13:02:10,345] {taskinstance.py:1159} INFO - Dependencies all met for <TaskInstance: defence_dag2.storing manual__2023-03-28T13:02:06.924336+00:00 [queued]>
[2023-03-28 13:02:10,345] {taskinstance.py:1356} INFO - 
--------------------------------------------------------------------------------
[2023-03-28 13:02:10,346] {taskinstance.py:1357} INFO - Starting attempt 1 of 1
[2023-03-28 13:02:10,347] {taskinstance.py:1358} INFO - 
--------------------------------------------------------------------------------
[2023-03-28 13:02:10,361] {taskinstance.py:1377} INFO - Executing <Task(BashOperator): storing> on 2023-03-28 13:02:06.924336+00:00
[2023-03-28 13:02:10,369] {standard_task_runner.py:52} INFO - Started process 4705 to run task
[2023-03-28 13:02:10,373] {standard_task_runner.py:79} INFO - Running: ['***', 'tasks', 'run', 'defence_dag2', 'storing', 'manual__2023-03-28T13:02:06.924336+00:00', '--job-id', '4593', '--raw', '--subdir', 'DAGS_FOLDER/defese.py', '--cfg-path', '/tmp/tmpn_bhxd9p', '--error-file', '/tmp/tmplvsxfqgp']
[2023-03-28 13:02:10,374] {standard_task_runner.py:80} INFO - Job 4593: Subtask storing
[2023-03-28 13:02:10,436] {task_command.py:369} INFO - Running <TaskInstance: defence_dag2.storing manual__2023-03-28T13:02:06.924336+00:00 [running]> on host ff3d40af78f9
[2023-03-28 13:02:10,530] {taskinstance.py:1571} INFO - Exporting the following env vars:
AIRFLOW_CTX_DAG_OWNER=***
AIRFLOW_CTX_DAG_ID=defence_dag2
AIRFLOW_CTX_TASK_ID=storing
AIRFLOW_CTX_EXECUTION_DATE=2023-03-28T13:02:06.924336+00:00
AIRFLOW_CTX_TRY_NUMBER=1
AIRFLOW_CTX_DAG_RUN_ID=manual__2023-03-28T13:02:06.924336+00:00
[2023-03-28 13:02:10,532] {subprocess.py:62} INFO - Tmp dir root location: 
 /tmp
[2023-03-28 13:02:10,533] {subprocess.py:74} INFO - Running command: ['bash', '-c', 'sleep 1']
[2023-03-28 13:02:10,549] {subprocess.py:85} INFO - Output:
[2023-03-28 13:02:11,552] {subprocess.py:96} INFO - Command exited with return code 0
[2023-03-28 13:02:11,586] {taskinstance.py:1400} INFO - Marking task as SUCCESS. dag_id=defence_dag2, task_id=storing, execution_date=20230328T130206, start_date=20230328T130210, end_date=20230328T130211
[2023-03-28 13:02:11,632] {local_task_job.py:156} INFO - Task exited with return code 0
[2023-03-28 13:02:11,676] {local_task_job.py:273} INFO - 1 downstream tasks scheduled from follow-on schedule check
