[2023-04-23 08:35:34,327] {taskinstance.py:1159} INFO - Dependencies all met for <TaskInstance: multi_attack_dag.to_attack_BasicIterativeMethod manual__2023-04-23T08:35:20.544164+00:00 [queued]>
[2023-04-23 08:35:34,372] {taskinstance.py:1159} INFO - Dependencies all met for <TaskInstance: multi_attack_dag.to_attack_BasicIterativeMethod manual__2023-04-23T08:35:20.544164+00:00 [queued]>
[2023-04-23 08:35:34,380] {taskinstance.py:1356} INFO - 
--------------------------------------------------------------------------------
[2023-04-23 08:35:34,383] {taskinstance.py:1357} INFO - Starting attempt 1 of 2
[2023-04-23 08:35:34,392] {taskinstance.py:1358} INFO - 
--------------------------------------------------------------------------------
[2023-04-23 08:35:34,434] {taskinstance.py:1377} INFO - Executing <Task(BranchPythonOperator): to_attack_BasicIterativeMethod> on 2023-04-23 08:35:20.544164+00:00
[2023-04-23 08:35:34,510] {standard_task_runner.py:52} INFO - Started process 2315 to run task
[2023-04-23 08:35:34,518] {standard_task_runner.py:79} INFO - Running: ['***', 'tasks', 'run', 'multi_attack_dag', 'to_attack_BasicIterativeMethod', 'manual__2023-04-23T08:35:20.544164+00:00', '--job-id', '5974', '--raw', '--subdir', 'DAGS_FOLDER/attack_dag.py', '--cfg-path', '/tmp/tmpngq9wib2', '--error-file', '/tmp/tmpt9cs8nvt']
[2023-04-23 08:35:34,523] {standard_task_runner.py:80} INFO - Job 5974: Subtask to_attack_BasicIterativeMethod
[2023-04-23 08:35:34,689] {task_command.py:369} INFO - Running <TaskInstance: multi_attack_dag.to_attack_BasicIterativeMethod manual__2023-04-23T08:35:20.544164+00:00 [running]> on host a3dd7d962104
[2023-04-23 08:35:34,971] {taskinstance.py:1571} INFO - Exporting the following env vars:
AIRFLOW_CTX_DAG_OWNER=***
AIRFLOW_CTX_DAG_ID=multi_attack_dag
AIRFLOW_CTX_TASK_ID=to_attack_BasicIterativeMethod
AIRFLOW_CTX_EXECUTION_DATE=2023-04-23T08:35:20.544164+00:00
AIRFLOW_CTX_TRY_NUMBER=1
AIRFLOW_CTX_DAG_RUN_ID=manual__2023-04-23T08:35:20.544164+00:00
[2023-04-23 08:35:34,999] {python.py:173} INFO - Done. Returned value was: attack_BasicIterativeMethod
[2023-04-23 08:35:35,004] {skipmixin.py:140} INFO - Following branch attack_BasicIterativeMethod
[2023-04-23 08:35:35,005] {skipmixin.py:175} INFO - Skipping tasks ['default']
[2023-04-23 08:35:35,184] {taskinstance.py:1400} INFO - Marking task as SUCCESS. dag_id=multi_attack_dag, task_id=to_attack_BasicIterativeMethod, execution_date=20230423T083520, start_date=20230423T083534, end_date=20230423T083535
[2023-04-23 08:35:35,247] {local_task_job.py:156} INFO - Task exited with return code 0
[2023-04-23 08:35:35,429] {local_task_job.py:273} INFO - 1 downstream tasks scheduled from follow-on schedule check
