[2023-03-12 08:57:41,793] {taskinstance.py:1159} INFO - Dependencies all met for <TaskInstance: cycle.attack_FG scheduled__2023-03-07T00:00:00+00:00 [queued]>
[2023-03-12 08:57:41,865] {taskinstance.py:1159} INFO - Dependencies all met for <TaskInstance: cycle.attack_FG scheduled__2023-03-07T00:00:00+00:00 [queued]>
[2023-03-12 08:57:41,866] {taskinstance.py:1356} INFO - 
--------------------------------------------------------------------------------
[2023-03-12 08:57:41,867] {taskinstance.py:1357} INFO - Starting attempt 1 of 3
[2023-03-12 08:57:41,868] {taskinstance.py:1358} INFO - 
--------------------------------------------------------------------------------
[2023-03-12 08:57:41,959] {taskinstance.py:1377} INFO - Executing <Task(_PythonDecoratedOperator): attack_FG> on 2023-03-07 00:00:00+00:00
[2023-03-12 08:57:41,979] {standard_task_runner.py:52} INFO - Started process 572 to run task
[2023-03-12 08:57:41,998] {standard_task_runner.py:79} INFO - Running: ['***', 'tasks', 'run', 'cycle', 'attack_FG', 'scheduled__2023-03-07T00:00:00+00:00', '--job-id', '343', '--raw', '--subdir', 'DAGS_FOLDER/cycle_dag.py', '--cfg-path', '/tmp/tmpilqzyftj', '--error-file', '/tmp/tmp7sbbdwk8']
[2023-03-12 08:57:42,006] {standard_task_runner.py:80} INFO - Job 343: Subtask attack_FG
[2023-03-12 08:57:42,582] {task_command.py:369} INFO - Running <TaskInstance: cycle.attack_FG scheduled__2023-03-07T00:00:00+00:00 [running]> on host 596adcca7378
[2023-03-12 08:57:43,588] {taskinstance.py:1571} INFO - Exporting the following env vars:
AIRFLOW_CTX_DAG_OWNER=***
AIRFLOW_CTX_DAG_ID=cycle
AIRFLOW_CTX_TASK_ID=attack_FG
AIRFLOW_CTX_EXECUTION_DATE=2023-03-07T00:00:00+00:00
AIRFLOW_CTX_TRY_NUMBER=1
AIRFLOW_CTX_DAG_RUN_ID=scheduled__2023-03-07T00:00:00+00:00
[2023-03-12 08:57:43,600] {python.py:173} INFO - Done. Returned value was: None
[2023-03-12 08:57:43,840] {taskinstance.py:1400} INFO - Marking task as SUCCESS. dag_id=cycle, task_id=attack_FG, execution_date=20230307T000000, start_date=20230312T085741, end_date=20230312T085743
[2023-03-12 08:57:44,086] {local_task_job.py:156} INFO - Task exited with return code 0
[2023-03-12 08:57:44,668] {local_task_job.py:273} INFO - 1 downstream tasks scheduled from follow-on schedule check
