[2023-03-28 10:45:10,249] {taskinstance.py:1159} INFO - Dependencies all met for <TaskInstance: defence_dag2.defence1 manual__2023-03-28T10:45:03.882433+00:00 [queued]>
[2023-03-28 10:45:10,263] {taskinstance.py:1159} INFO - Dependencies all met for <TaskInstance: defence_dag2.defence1 manual__2023-03-28T10:45:03.882433+00:00 [queued]>
[2023-03-28 10:45:10,264] {taskinstance.py:1356} INFO - 
--------------------------------------------------------------------------------
[2023-03-28 10:45:10,264] {taskinstance.py:1357} INFO - Starting attempt 1 of 1
[2023-03-28 10:45:10,265] {taskinstance.py:1358} INFO - 
--------------------------------------------------------------------------------
[2023-03-28 10:45:10,283] {taskinstance.py:1377} INFO - Executing <Task(PythonOperator): defence1> on 2023-03-28 10:45:03.882433+00:00
[2023-03-28 10:45:10,293] {standard_task_runner.py:52} INFO - Started process 3334 to run task
[2023-03-28 10:45:10,297] {standard_task_runner.py:79} INFO - Running: ['***', 'tasks', 'run', 'defence_dag2', 'defence1', 'manual__2023-03-28T10:45:03.882433+00:00', '--job-id', '4407', '--raw', '--subdir', 'DAGS_FOLDER/defese.py', '--cfg-path', '/tmp/tmpsdp9s8t3', '--error-file', '/tmp/tmpy0llgtyz']
[2023-03-28 10:45:10,298] {standard_task_runner.py:80} INFO - Job 4407: Subtask defence1
[2023-03-28 10:45:10,372] {task_command.py:369} INFO - Running <TaskInstance: defence_dag2.defence1 manual__2023-03-28T10:45:03.882433+00:00 [running]> on host 70f8824ef075
[2023-03-28 10:45:10,477] {taskinstance.py:1571} INFO - Exporting the following env vars:
AIRFLOW_CTX_DAG_OWNER=***
AIRFLOW_CTX_DAG_ID=defence_dag2
AIRFLOW_CTX_TASK_ID=defence1
AIRFLOW_CTX_EXECUTION_DATE=2023-03-28T10:45:03.882433+00:00
AIRFLOW_CTX_TRY_NUMBER=1
AIRFLOW_CTX_DAG_RUN_ID=manual__2023-03-28T10:45:03.882433+00:00
[2023-03-28 10:45:10,506] {logging_mixin.py:115} INFO - defensing
[2023-03-28 10:45:10,507] {python.py:173} INFO - Done. Returned value was: None
[2023-03-28 10:45:10,525] {taskinstance.py:1400} INFO - Marking task as SUCCESS. dag_id=defence_dag2, task_id=defence1, execution_date=20230328T104503, start_date=20230328T104510, end_date=20230328T104510
[2023-03-28 10:45:10,551] {local_task_job.py:156} INFO - Task exited with return code 0
[2023-03-28 10:45:10,617] {local_task_job.py:273} INFO - 1 downstream tasks scheduled from follow-on schedule check
