[2023-04-23 09:35:58,978] {taskinstance.py:1159} INFO - Dependencies all met for <TaskInstance: multi_attack_dag.to_attack_BasicIterativeMethod manual__2023-04-23T09:35:44.879011+00:00 [queued]>
[2023-04-23 09:35:58,996] {taskinstance.py:1159} INFO - Dependencies all met for <TaskInstance: multi_attack_dag.to_attack_BasicIterativeMethod manual__2023-04-23T09:35:44.879011+00:00 [queued]>
[2023-04-23 09:35:58,997] {taskinstance.py:1356} INFO - 
--------------------------------------------------------------------------------
[2023-04-23 09:35:58,998] {taskinstance.py:1357} INFO - Starting attempt 1 of 2
[2023-04-23 09:35:58,999] {taskinstance.py:1358} INFO - 
--------------------------------------------------------------------------------
[2023-04-23 09:35:59,019] {taskinstance.py:1377} INFO - Executing <Task(BranchPythonOperator): to_attack_BasicIterativeMethod> on 2023-04-23 09:35:44.879011+00:00
[2023-04-23 09:35:59,031] {standard_task_runner.py:52} INFO - Started process 1237 to run task
[2023-04-23 09:35:59,040] {standard_task_runner.py:79} INFO - Running: ['***', 'tasks', 'run', 'multi_attack_dag', 'to_attack_BasicIterativeMethod', 'manual__2023-04-23T09:35:44.879011+00:00', '--job-id', '6113', '--raw', '--subdir', 'DAGS_FOLDER/attack_dag.py', '--cfg-path', '/tmp/tmpxhyobg2k', '--error-file', '/tmp/tmpq_jh_4fy']
[2023-04-23 09:35:59,043] {standard_task_runner.py:80} INFO - Job 6113: Subtask to_attack_BasicIterativeMethod
[2023-04-23 09:35:59,163] {task_command.py:369} INFO - Running <TaskInstance: multi_attack_dag.to_attack_BasicIterativeMethod manual__2023-04-23T09:35:44.879011+00:00 [running]> on host a3dd7d962104
[2023-04-23 09:35:59,316] {taskinstance.py:1571} INFO - Exporting the following env vars:
AIRFLOW_CTX_DAG_OWNER=***
AIRFLOW_CTX_DAG_ID=multi_attack_dag
AIRFLOW_CTX_TASK_ID=to_attack_BasicIterativeMethod
AIRFLOW_CTX_EXECUTION_DATE=2023-04-23T09:35:44.879011+00:00
AIRFLOW_CTX_TRY_NUMBER=1
AIRFLOW_CTX_DAG_RUN_ID=manual__2023-04-23T09:35:44.879011+00:00
[2023-04-23 09:35:59,341] {python.py:173} INFO - Done. Returned value was: attack_BasicIterativeMethod
[2023-04-23 09:35:59,342] {skipmixin.py:140} INFO - Following branch attack_BasicIterativeMethod
[2023-04-23 09:35:59,343] {skipmixin.py:175} INFO - Skipping tasks ['default']
[2023-04-23 09:35:59,440] {taskinstance.py:1400} INFO - Marking task as SUCCESS. dag_id=multi_attack_dag, task_id=to_attack_BasicIterativeMethod, execution_date=20230423T093544, start_date=20230423T093558, end_date=20230423T093559
[2023-04-23 09:35:59,490] {local_task_job.py:156} INFO - Task exited with return code 0
[2023-04-23 09:35:59,584] {local_task_job.py:273} INFO - 1 downstream tasks scheduled from follow-on schedule check
