[2023-03-12 15:52:43,031] {taskinstance.py:1159} INFO - Dependencies all met for <TaskInstance: defence_dag.trigger_offence manual__2023-03-12T15:52:38.442126+00:00 [queued]>
[2023-03-12 15:52:43,038] {taskinstance.py:1159} INFO - Dependencies all met for <TaskInstance: defence_dag.trigger_offence manual__2023-03-12T15:52:38.442126+00:00 [queued]>
[2023-03-12 15:52:43,039] {taskinstance.py:1356} INFO - 
--------------------------------------------------------------------------------
[2023-03-12 15:52:43,040] {taskinstance.py:1357} INFO - Starting attempt 1 of 1
[2023-03-12 15:52:43,040] {taskinstance.py:1358} INFO - 
--------------------------------------------------------------------------------
[2023-03-12 15:52:43,050] {taskinstance.py:1377} INFO - Executing <Task(TriggerDagRunOperator): trigger_offence> on 2023-03-12 15:52:38.442126+00:00
[2023-03-12 15:52:43,054] {standard_task_runner.py:52} INFO - Started process 151 to run task
[2023-03-12 15:52:43,056] {standard_task_runner.py:79} INFO - Running: ['***', 'tasks', 'run', 'defence_dag', 'trigger_offence', 'manual__2023-03-12T15:52:38.442126+00:00', '--job-id', '619', '--raw', '--subdir', 'DAGS_FOLDER/defese.py', '--cfg-path', '/tmp/tmplx7zugd3', '--error-file', '/tmp/tmpe80fg4c9']
[2023-03-12 15:52:43,057] {standard_task_runner.py:80} INFO - Job 619: Subtask trigger_offence
[2023-03-12 15:52:43,097] {task_command.py:369} INFO - Running <TaskInstance: defence_dag.trigger_offence manual__2023-03-12T15:52:38.442126+00:00 [running]> on host 596adcca7378
[2023-03-12 15:52:43,148] {taskinstance.py:1571} INFO - Exporting the following env vars:
AIRFLOW_CTX_DAG_OWNER=***
AIRFLOW_CTX_DAG_ID=defence_dag
AIRFLOW_CTX_TASK_ID=trigger_offence
AIRFLOW_CTX_EXECUTION_DATE=2023-03-12T15:52:38.442126+00:00
AIRFLOW_CTX_TRY_NUMBER=1
AIRFLOW_CTX_DAG_RUN_ID=manual__2023-03-12T15:52:38.442126+00:00
[2023-03-12 15:52:43,846] {taskinstance.py:1400} INFO - Marking task as SUCCESS. dag_id=defence_dag, task_id=trigger_offence, execution_date=20230312T155238, start_date=20230312T155243, end_date=20230312T155243
[2023-03-12 15:52:43,872] {local_task_job.py:156} INFO - Task exited with return code 0
[2023-03-12 15:52:43,894] {local_task_job.py:273} INFO - 0 downstream tasks scheduled from follow-on schedule check
