[2023-03-23 15:47:44,862] {taskinstance.py:1159} INFO - Dependencies all met for <TaskInstance: multi_attack_dag.to_attack3 manual__2023-03-23T15:47:30.858021+00:00 [queued]>
[2023-03-23 15:47:44,896] {taskinstance.py:1159} INFO - Dependencies all met for <TaskInstance: multi_attack_dag.to_attack3 manual__2023-03-23T15:47:30.858021+00:00 [queued]>
[2023-03-23 15:47:44,898] {taskinstance.py:1356} INFO - 
--------------------------------------------------------------------------------
[2023-03-23 15:47:44,901] {taskinstance.py:1357} INFO - Starting attempt 1 of 2
[2023-03-23 15:47:44,903] {taskinstance.py:1358} INFO - 
--------------------------------------------------------------------------------
[2023-03-23 15:47:44,944] {taskinstance.py:1377} INFO - Executing <Task(BranchPythonOperator): to_attack3> on 2023-03-23 15:47:30.858021+00:00
[2023-03-23 15:47:44,956] {standard_task_runner.py:52} INFO - Started process 13857 to run task
[2023-03-23 15:47:44,967] {standard_task_runner.py:79} INFO - Running: ['***', 'tasks', 'run', 'multi_attack_dag', 'to_attack3', 'manual__2023-03-23T15:47:30.858021+00:00', '--job-id', '3552', '--raw', '--subdir', 'DAGS_FOLDER/attack_dag.py', '--cfg-path', '/tmp/tmpuud3pdd6', '--error-file', '/tmp/tmp8xvvj6jd']
[2023-03-23 15:47:44,970] {standard_task_runner.py:80} INFO - Job 3552: Subtask to_attack3
[2023-03-23 15:47:45,142] {task_command.py:369} INFO - Running <TaskInstance: multi_attack_dag.to_attack3 manual__2023-03-23T15:47:30.858021+00:00 [running]> on host 6447f1dacd32
[2023-03-23 15:47:45,435] {taskinstance.py:1571} INFO - Exporting the following env vars:
AIRFLOW_CTX_DAG_OWNER=***
AIRFLOW_CTX_DAG_ID=multi_attack_dag
AIRFLOW_CTX_TASK_ID=to_attack3
AIRFLOW_CTX_EXECUTION_DATE=2023-03-23T15:47:30.858021+00:00
AIRFLOW_CTX_TRY_NUMBER=1
AIRFLOW_CTX_DAG_RUN_ID=manual__2023-03-23T15:47:30.858021+00:00
[2023-03-23 15:47:45,483] {python.py:173} INFO - Done. Returned value was: attack3
[2023-03-23 15:47:45,485] {skipmixin.py:140} INFO - Following branch attack3
[2023-03-23 15:47:45,487] {skipmixin.py:175} INFO - Skipping tasks ['default']
[2023-03-23 15:47:45,672] {taskinstance.py:1400} INFO - Marking task as SUCCESS. dag_id=multi_attack_dag, task_id=to_attack3, execution_date=20230323T154730, start_date=20230323T154744, end_date=20230323T154745
[2023-03-23 15:47:45,747] {local_task_job.py:156} INFO - Task exited with return code 0
[2023-03-23 15:47:45,921] {local_task_job.py:273} INFO - 1 downstream tasks scheduled from follow-on schedule check
