[2023-04-23 09:20:01,211] {taskinstance.py:1159} INFO - Dependencies all met for <TaskInstance: multi_defence_dag.Defence3 manual__2023-04-23T09:19:38.287675+00:00 [queued]>
[2023-04-23 09:20:01,238] {taskinstance.py:1159} INFO - Dependencies all met for <TaskInstance: multi_defence_dag.Defence3 manual__2023-04-23T09:19:38.287675+00:00 [queued]>
[2023-04-23 09:20:01,239] {taskinstance.py:1356} INFO - 
--------------------------------------------------------------------------------
[2023-04-23 09:20:01,241] {taskinstance.py:1357} INFO - Starting attempt 1 of 2
[2023-04-23 09:20:01,242] {taskinstance.py:1358} INFO - 
--------------------------------------------------------------------------------
[2023-04-23 09:20:01,277] {taskinstance.py:1377} INFO - Executing <Task(PythonOperator): Defence3> on 2023-04-23 09:19:38.287675+00:00
[2023-04-23 09:20:01,291] {standard_task_runner.py:52} INFO - Started process 233 to run task
[2023-04-23 09:20:01,311] {standard_task_runner.py:79} INFO - Running: ['***', 'tasks', 'run', 'multi_defence_dag', 'Defence3', 'manual__2023-04-23T09:19:38.287675+00:00', '--job-id', '6027', '--raw', '--subdir', 'DAGS_FOLDER/defence_dag.py', '--cfg-path', '/tmp/tmpvhfpf67h', '--error-file', '/tmp/tmp4pw4fsg5']
[2023-04-23 09:20:01,313] {standard_task_runner.py:80} INFO - Job 6027: Subtask Defence3
[2023-04-23 09:20:01,454] {task_command.py:369} INFO - Running <TaskInstance: multi_defence_dag.Defence3 manual__2023-04-23T09:19:38.287675+00:00 [running]> on host a3dd7d962104
[2023-04-23 09:20:01,750] {taskinstance.py:1571} INFO - Exporting the following env vars:
AIRFLOW_CTX_DAG_OWNER=***
AIRFLOW_CTX_DAG_ID=multi_defence_dag
AIRFLOW_CTX_TASK_ID=Defence3
AIRFLOW_CTX_EXECUTION_DATE=2023-04-23T09:19:38.287675+00:00
AIRFLOW_CTX_TRY_NUMBER=1
AIRFLOW_CTX_DAG_RUN_ID=manual__2023-04-23T09:19:38.287675+00:00
[2023-04-23 09:20:01,791] {python.py:173} INFO - Done. Returned value was: None
[2023-04-23 09:20:01,832] {taskinstance.py:1400} INFO - Marking task as SUCCESS. dag_id=multi_defence_dag, task_id=Defence3, execution_date=20230423T091938, start_date=20230423T092001, end_date=20230423T092001
[2023-04-23 09:20:01,888] {local_task_job.py:156} INFO - Task exited with return code 0
[2023-04-23 09:20:01,979] {local_task_job.py:273} INFO - 1 downstream tasks scheduled from follow-on schedule check
