[2023-03-23 15:35:37,205] {taskinstance.py:1159} INFO - Dependencies all met for <TaskInstance: multi_defence_dag.Defence1 manual__2023-03-23T15:35:27.715418+00:00 [queued]>
[2023-03-23 15:35:37,237] {taskinstance.py:1159} INFO - Dependencies all met for <TaskInstance: multi_defence_dag.Defence1 manual__2023-03-23T15:35:27.715418+00:00 [queued]>
[2023-03-23 15:35:37,238] {taskinstance.py:1356} INFO - 
--------------------------------------------------------------------------------
[2023-03-23 15:35:37,240] {taskinstance.py:1357} INFO - Starting attempt 1 of 2
[2023-03-23 15:35:37,241] {taskinstance.py:1358} INFO - 
--------------------------------------------------------------------------------
[2023-03-23 15:35:37,288] {taskinstance.py:1377} INFO - Executing <Task(PythonOperator): Defence1> on 2023-03-23 15:35:27.715418+00:00
[2023-03-23 15:35:37,296] {standard_task_runner.py:52} INFO - Started process 13038 to run task
[2023-03-23 15:35:37,306] {standard_task_runner.py:79} INFO - Running: ['***', 'tasks', 'run', 'multi_defence_dag', 'Defence1', 'manual__2023-03-23T15:35:27.715418+00:00', '--job-id', '3368', '--raw', '--subdir', 'DAGS_FOLDER/defence_dag.py', '--cfg-path', '/tmp/tmpcxanc124', '--error-file', '/tmp/tmp_ommm1zo']
[2023-03-23 15:35:37,308] {standard_task_runner.py:80} INFO - Job 3368: Subtask Defence1
[2023-03-23 15:35:37,468] {task_command.py:369} INFO - Running <TaskInstance: multi_defence_dag.Defence1 manual__2023-03-23T15:35:27.715418+00:00 [running]> on host 6447f1dacd32
[2023-03-23 15:35:37,905] {taskinstance.py:1571} INFO - Exporting the following env vars:
AIRFLOW_CTX_DAG_OWNER=***
AIRFLOW_CTX_DAG_ID=multi_defence_dag
AIRFLOW_CTX_TASK_ID=Defence1
AIRFLOW_CTX_EXECUTION_DATE=2023-03-23T15:35:27.715418+00:00
AIRFLOW_CTX_TRY_NUMBER=1
AIRFLOW_CTX_DAG_RUN_ID=manual__2023-03-23T15:35:27.715418+00:00
[2023-03-23 15:35:37,938] {python.py:173} INFO - Done. Returned value was: None
[2023-03-23 15:35:37,968] {taskinstance.py:1400} INFO - Marking task as SUCCESS. dag_id=multi_defence_dag, task_id=Defence1, execution_date=20230323T153527, start_date=20230323T153537, end_date=20230323T153537
[2023-03-23 15:35:38,042] {local_task_job.py:156} INFO - Task exited with return code 0
[2023-03-23 15:35:38,204] {local_task_job.py:273} INFO - 0 downstream tasks scheduled from follow-on schedule check
