[2023-03-23 15:33:17,289] {taskinstance.py:1159} INFO - Dependencies all met for <TaskInstance: multi_attack_dag.to_attack2 manual__2023-03-23T15:33:12.182262+00:00 [queued]>
[2023-03-23 15:33:17,303] {taskinstance.py:1159} INFO - Dependencies all met for <TaskInstance: multi_attack_dag.to_attack2 manual__2023-03-23T15:33:12.182262+00:00 [queued]>
[2023-03-23 15:33:17,304] {taskinstance.py:1356} INFO - 
--------------------------------------------------------------------------------
[2023-03-23 15:33:17,305] {taskinstance.py:1357} INFO - Starting attempt 1 of 2
[2023-03-23 15:33:17,305] {taskinstance.py:1358} INFO - 
--------------------------------------------------------------------------------
[2023-03-23 15:33:17,322] {taskinstance.py:1377} INFO - Executing <Task(BranchPythonOperator): to_attack2> on 2023-03-23 15:33:12.182262+00:00
[2023-03-23 15:33:17,330] {standard_task_runner.py:52} INFO - Started process 12663 to run task
[2023-03-23 15:33:17,336] {standard_task_runner.py:79} INFO - Running: ['***', 'tasks', 'run', 'multi_attack_dag', 'to_attack2', 'manual__2023-03-23T15:33:12.182262+00:00', '--job-id', '3230', '--raw', '--subdir', 'DAGS_FOLDER/attack_dag.py', '--cfg-path', '/tmp/tmpsan19ctm', '--error-file', '/tmp/tmpruadpbde']
[2023-03-23 15:33:17,337] {standard_task_runner.py:80} INFO - Job 3230: Subtask to_attack2
[2023-03-23 15:33:17,410] {task_command.py:369} INFO - Running <TaskInstance: multi_attack_dag.to_attack2 manual__2023-03-23T15:33:12.182262+00:00 [running]> on host 6447f1dacd32
[2023-03-23 15:33:17,497] {taskinstance.py:1571} INFO - Exporting the following env vars:
AIRFLOW_CTX_DAG_OWNER=***
AIRFLOW_CTX_DAG_ID=multi_attack_dag
AIRFLOW_CTX_TASK_ID=to_attack2
AIRFLOW_CTX_EXECUTION_DATE=2023-03-23T15:33:12.182262+00:00
AIRFLOW_CTX_TRY_NUMBER=1
AIRFLOW_CTX_DAG_RUN_ID=manual__2023-03-23T15:33:12.182262+00:00
[2023-03-23 15:33:17,516] {python.py:173} INFO - Done. Returned value was: default
[2023-03-23 15:33:17,517] {skipmixin.py:140} INFO - Following branch default
[2023-03-23 15:33:17,517] {skipmixin.py:175} INFO - Skipping tasks ['attack2']
[2023-03-23 15:33:17,584] {taskinstance.py:1400} INFO - Marking task as SUCCESS. dag_id=multi_attack_dag, task_id=to_attack2, execution_date=20230323T153312, start_date=20230323T153317, end_date=20230323T153317
[2023-03-23 15:33:17,632] {local_task_job.py:156} INFO - Task exited with return code 0
[2023-03-23 15:33:17,717] {local_task_job.py:273} INFO - 0 downstream tasks scheduled from follow-on schedule check
