[2023-03-16 11:46:51,676] {taskinstance.py:1159} INFO - Dependencies all met for <TaskInstance: defence_dag.to_attack manual__2023-03-16T11:46:47.778267+00:00 [queued]>
[2023-03-16 11:46:51,683] {taskinstance.py:1159} INFO - Dependencies all met for <TaskInstance: defence_dag.to_attack manual__2023-03-16T11:46:47.778267+00:00 [queued]>
[2023-03-16 11:46:51,684] {taskinstance.py:1356} INFO - 
--------------------------------------------------------------------------------
[2023-03-16 11:46:51,684] {taskinstance.py:1357} INFO - Starting attempt 1 of 1
[2023-03-16 11:46:51,684] {taskinstance.py:1358} INFO - 
--------------------------------------------------------------------------------
[2023-03-16 11:46:51,695] {taskinstance.py:1377} INFO - Executing <Task(BranchPythonOperator): to_attack> on 2023-03-16 11:46:47.778267+00:00
[2023-03-16 11:46:51,698] {standard_task_runner.py:52} INFO - Started process 263 to run task
[2023-03-16 11:46:51,700] {standard_task_runner.py:79} INFO - Running: ['***', 'tasks', 'run', 'defence_dag', 'to_attack', 'manual__2023-03-16T11:46:47.778267+00:00', '--job-id', '958', '--raw', '--subdir', 'DAGS_FOLDER/defese.py', '--cfg-path', '/tmp/tmptcedxwlm', '--error-file', '/tmp/tmpunrn50zc']
[2023-03-16 11:46:51,701] {standard_task_runner.py:80} INFO - Job 958: Subtask to_attack
[2023-03-16 11:46:51,748] {task_command.py:369} INFO - Running <TaskInstance: defence_dag.to_attack manual__2023-03-16T11:46:47.778267+00:00 [running]> on host 596adcca7378
[2023-03-16 11:46:51,819] {taskinstance.py:1571} INFO - Exporting the following env vars:
AIRFLOW_CTX_DAG_OWNER=***
AIRFLOW_CTX_DAG_ID=defence_dag
AIRFLOW_CTX_TASK_ID=to_attack
AIRFLOW_CTX_EXECUTION_DATE=2023-03-16T11:46:47.778267+00:00
AIRFLOW_CTX_TRY_NUMBER=1
AIRFLOW_CTX_DAG_RUN_ID=manual__2023-03-16T11:46:47.778267+00:00
[2023-03-16 11:46:51,820] {python.py:173} INFO - Done. Returned value was: stop
[2023-03-16 11:46:51,821] {skipmixin.py:140} INFO - Following branch stop
[2023-03-16 11:46:51,822] {skipmixin.py:175} INFO - Skipping tasks ['trigger_offence']
[2023-03-16 11:46:51,882] {taskinstance.py:1400} INFO - Marking task as SUCCESS. dag_id=defence_dag, task_id=to_attack, execution_date=20230316T114647, start_date=20230316T114651, end_date=20230316T114651
[2023-03-16 11:46:51,913] {local_task_job.py:156} INFO - Task exited with return code 0
[2023-03-16 11:46:51,965] {local_task_job.py:273} INFO - 1 downstream tasks scheduled from follow-on schedule check
