[2023-03-28 10:50:12,580] {taskinstance.py:1159} INFO - Dependencies all met for <TaskInstance: defence_dag2.stop manual__2023-03-28T10:49:55.828137+00:00 [queued]>
[2023-03-28 10:50:12,609] {taskinstance.py:1159} INFO - Dependencies all met for <TaskInstance: defence_dag2.stop manual__2023-03-28T10:49:55.828137+00:00 [queued]>
[2023-03-28 10:50:12,610] {taskinstance.py:1356} INFO - 
--------------------------------------------------------------------------------
[2023-03-28 10:50:12,610] {taskinstance.py:1357} INFO - Starting attempt 1 of 1
[2023-03-28 10:50:12,611] {taskinstance.py:1358} INFO - 
--------------------------------------------------------------------------------
[2023-03-28 10:50:12,630] {taskinstance.py:1377} INFO - Executing <Task(PythonOperator): stop> on 2023-03-28 10:49:55.828137+00:00
[2023-03-28 10:50:12,638] {standard_task_runner.py:52} INFO - Started process 295 to run task
[2023-03-28 10:50:12,642] {standard_task_runner.py:79} INFO - Running: ['***', 'tasks', 'run', 'defence_dag2', 'stop', 'manual__2023-03-28T10:49:55.828137+00:00', '--job-id', '4468', '--raw', '--subdir', 'DAGS_FOLDER/defese.py', '--cfg-path', '/tmp/tmppc6030qm', '--error-file', '/tmp/tmp315ls4q_']
[2023-03-28 10:50:12,643] {standard_task_runner.py:80} INFO - Job 4468: Subtask stop
[2023-03-28 10:50:12,698] {task_command.py:369} INFO - Running <TaskInstance: defence_dag2.stop manual__2023-03-28T10:49:55.828137+00:00 [running]> on host a826a5b95b6c
[2023-03-28 10:50:12,772] {taskinstance.py:1571} INFO - Exporting the following env vars:
AIRFLOW_CTX_DAG_OWNER=***
AIRFLOW_CTX_DAG_ID=defence_dag2
AIRFLOW_CTX_TASK_ID=stop
AIRFLOW_CTX_EXECUTION_DATE=2023-03-28T10:49:55.828137+00:00
AIRFLOW_CTX_TRY_NUMBER=1
AIRFLOW_CTX_DAG_RUN_ID=manual__2023-03-28T10:49:55.828137+00:00
[2023-03-28 10:50:12,773] {python.py:173} INFO - Done. Returned value was: Cycle has ended
[2023-03-28 10:50:12,803] {taskinstance.py:1400} INFO - Marking task as SUCCESS. dag_id=defence_dag2, task_id=stop, execution_date=20230328T104955, start_date=20230328T105012, end_date=20230328T105012
[2023-03-28 10:50:12,855] {local_task_job.py:156} INFO - Task exited with return code 0
[2023-03-28 10:50:12,891] {local_task_job.py:273} INFO - 0 downstream tasks scheduled from follow-on schedule check
