[2023-03-28 10:54:05,773] {taskinstance.py:1159} INFO - Dependencies all met for <TaskInstance: defence_dag2.defence1 manual__2023-03-28T10:53:58.762972+00:00 [queued]>
[2023-03-28 10:54:05,783] {taskinstance.py:1159} INFO - Dependencies all met for <TaskInstance: defence_dag2.defence1 manual__2023-03-28T10:53:58.762972+00:00 [queued]>
[2023-03-28 10:54:05,783] {taskinstance.py:1356} INFO - 
--------------------------------------------------------------------------------
[2023-03-28 10:54:05,784] {taskinstance.py:1357} INFO - Starting attempt 1 of 1
[2023-03-28 10:54:05,785] {taskinstance.py:1358} INFO - 
--------------------------------------------------------------------------------
[2023-03-28 10:54:05,798] {taskinstance.py:1377} INFO - Executing <Task(PythonOperator): defence1> on 2023-03-28 10:53:58.762972+00:00
[2023-03-28 10:54:05,805] {standard_task_runner.py:52} INFO - Started process 485 to run task
[2023-03-28 10:54:05,809] {standard_task_runner.py:79} INFO - Running: ['***', 'tasks', 'run', 'defence_dag2', 'defence1', 'manual__2023-03-28T10:53:58.762972+00:00', '--job-id', '4470', '--raw', '--subdir', 'DAGS_FOLDER/defese.py', '--cfg-path', '/tmp/tmp20bilnok', '--error-file', '/tmp/tmpr2m3haz8']
[2023-03-28 10:54:05,810] {standard_task_runner.py:80} INFO - Job 4470: Subtask defence1
[2023-03-28 10:54:05,874] {task_command.py:369} INFO - Running <TaskInstance: defence_dag2.defence1 manual__2023-03-28T10:53:58.762972+00:00 [running]> on host a826a5b95b6c
[2023-03-28 10:54:05,945] {taskinstance.py:1571} INFO - Exporting the following env vars:
AIRFLOW_CTX_DAG_OWNER=***
AIRFLOW_CTX_DAG_ID=defence_dag2
AIRFLOW_CTX_TASK_ID=defence1
AIRFLOW_CTX_EXECUTION_DATE=2023-03-28T10:53:58.762972+00:00
AIRFLOW_CTX_TRY_NUMBER=1
AIRFLOW_CTX_DAG_RUN_ID=manual__2023-03-28T10:53:58.762972+00:00
[2023-03-28 10:54:05,961] {logging_mixin.py:115} INFO - defensing
[2023-03-28 10:54:05,961] {python.py:173} INFO - Done. Returned value was: None
[2023-03-28 10:54:05,974] {taskinstance.py:1400} INFO - Marking task as SUCCESS. dag_id=defence_dag2, task_id=defence1, execution_date=20230328T105358, start_date=20230328T105405, end_date=20230328T105405
[2023-03-28 10:54:06,022] {local_task_job.py:156} INFO - Task exited with return code 0
[2023-03-28 10:54:06,073] {local_task_job.py:273} INFO - 1 downstream tasks scheduled from follow-on schedule check
