[2023-04-27 13:32:00,603] {taskinstance.py:1159} INFO - Dependencies all met for <TaskInstance: multi_attack_dag.to_attack_UniversalPerturbation manual__2023-04-27T13:31:42.063982+00:00 [queued]>
[2023-04-27 13:32:00,634] {taskinstance.py:1159} INFO - Dependencies all met for <TaskInstance: multi_attack_dag.to_attack_UniversalPerturbation manual__2023-04-27T13:31:42.063982+00:00 [queued]>
[2023-04-27 13:32:00,636] {taskinstance.py:1356} INFO - 
--------------------------------------------------------------------------------
[2023-04-27 13:32:00,637] {taskinstance.py:1357} INFO - Starting attempt 1 of 2
[2023-04-27 13:32:00,638] {taskinstance.py:1358} INFO - 
--------------------------------------------------------------------------------
[2023-04-27 13:32:00,683] {taskinstance.py:1377} INFO - Executing <Task(BranchPythonOperator): to_attack_UniversalPerturbation> on 2023-04-27 13:31:42.063982+00:00
[2023-04-27 13:32:00,717] {standard_task_runner.py:52} INFO - Started process 444 to run task
[2023-04-27 13:32:00,731] {standard_task_runner.py:79} INFO - Running: ['***', 'tasks', 'run', 'multi_attack_dag', 'to_attack_UniversalPerturbation', 'manual__2023-04-27T13:31:42.063982+00:00', '--job-id', '6929', '--raw', '--subdir', 'DAGS_FOLDER/attack_dag.py', '--cfg-path', '/tmp/tmpqmli9w5y', '--error-file', '/tmp/tmp3nvv4_uk']
[2023-04-27 13:32:00,738] {standard_task_runner.py:80} INFO - Job 6929: Subtask to_attack_UniversalPerturbation
[2023-04-27 13:32:01,008] {task_command.py:369} INFO - Running <TaskInstance: multi_attack_dag.to_attack_UniversalPerturbation manual__2023-04-27T13:31:42.063982+00:00 [running]> on host e7e31d5a6603
[2023-04-27 13:32:01,208] {taskinstance.py:1571} INFO - Exporting the following env vars:
AIRFLOW_CTX_DAG_OWNER=***
AIRFLOW_CTX_DAG_ID=multi_attack_dag
AIRFLOW_CTX_TASK_ID=to_attack_UniversalPerturbation
AIRFLOW_CTX_EXECUTION_DATE=2023-04-27T13:31:42.063982+00:00
AIRFLOW_CTX_TRY_NUMBER=1
AIRFLOW_CTX_DAG_RUN_ID=manual__2023-04-27T13:31:42.063982+00:00
[2023-04-27 13:32:01,235] {python.py:173} INFO - Done. Returned value was: attack_UniversalPerturbation
[2023-04-27 13:32:01,237] {skipmixin.py:140} INFO - Following branch attack_UniversalPerturbation
[2023-04-27 13:32:01,238] {skipmixin.py:175} INFO - Skipping tasks ['default_attack']
[2023-04-27 13:32:01,495] {taskinstance.py:1400} INFO - Marking task as SUCCESS. dag_id=multi_attack_dag, task_id=to_attack_UniversalPerturbation, execution_date=20230427T133142, start_date=20230427T133200, end_date=20230427T133201
[2023-04-27 13:32:01,554] {local_task_job.py:156} INFO - Task exited with return code 0
[2023-04-27 13:32:01,710] {local_task_job.py:273} INFO - 1 downstream tasks scheduled from follow-on schedule check
