[2023-04-27 12:08:30,452] {taskinstance.py:1159} INFO - Dependencies all met for <TaskInstance: multi_attack_dag.to_attack_AutoProjectedGradientDescent manual__2023-04-27T12:06:56.081840+00:00 [queued]>
[2023-04-27 12:08:30,547] {taskinstance.py:1159} INFO - Dependencies all met for <TaskInstance: multi_attack_dag.to_attack_AutoProjectedGradientDescent manual__2023-04-27T12:06:56.081840+00:00 [queued]>
[2023-04-27 12:08:30,549] {taskinstance.py:1356} INFO - 
--------------------------------------------------------------------------------
[2023-04-27 12:08:30,557] {taskinstance.py:1357} INFO - Starting attempt 1 of 2
[2023-04-27 12:08:30,571] {taskinstance.py:1358} INFO - 
--------------------------------------------------------------------------------
[2023-04-27 12:08:30,655] {taskinstance.py:1377} INFO - Executing <Task(BranchPythonOperator): to_attack_AutoProjectedGradientDescent> on 2023-04-27 12:06:56.081840+00:00
[2023-04-27 12:08:30,690] {standard_task_runner.py:52} INFO - Started process 3161 to run task
[2023-04-27 12:08:30,746] {standard_task_runner.py:79} INFO - Running: ['***', 'tasks', 'run', 'multi_attack_dag', 'to_attack_AutoProjectedGradientDescent', 'manual__2023-04-27T12:06:56.081840+00:00', '--job-id', '6779', '--raw', '--subdir', 'DAGS_FOLDER/attack_dag.py', '--cfg-path', '/tmp/tmpjz4ej5hz', '--error-file', '/tmp/tmpq31hw2ak']
[2023-04-27 12:08:30,751] {standard_task_runner.py:80} INFO - Job 6779: Subtask to_attack_AutoProjectedGradientDescent
[2023-04-27 12:08:31,170] {task_command.py:369} INFO - Running <TaskInstance: multi_attack_dag.to_attack_AutoProjectedGradientDescent manual__2023-04-27T12:06:56.081840+00:00 [running]> on host e7e31d5a6603
[2023-04-27 12:08:31,968] {taskinstance.py:1571} INFO - Exporting the following env vars:
AIRFLOW_CTX_DAG_OWNER=***
AIRFLOW_CTX_DAG_ID=multi_attack_dag
AIRFLOW_CTX_TASK_ID=to_attack_AutoProjectedGradientDescent
AIRFLOW_CTX_EXECUTION_DATE=2023-04-27T12:06:56.081840+00:00
AIRFLOW_CTX_TRY_NUMBER=1
AIRFLOW_CTX_DAG_RUN_ID=manual__2023-04-27T12:06:56.081840+00:00
[2023-04-27 12:08:32,023] {python.py:173} INFO - Done. Returned value was: attack_AutoProjectedGradientDescent
[2023-04-27 12:08:32,024] {skipmixin.py:140} INFO - Following branch attack_AutoProjectedGradientDescent
[2023-04-27 12:08:32,024] {skipmixin.py:175} INFO - Skipping tasks ['default_attack']
[2023-04-27 12:08:32,399] {taskinstance.py:1400} INFO - Marking task as SUCCESS. dag_id=multi_attack_dag, task_id=to_attack_AutoProjectedGradientDescent, execution_date=20230427T120656, start_date=20230427T120830, end_date=20230427T120832
[2023-04-27 12:08:32,520] {local_task_job.py:156} INFO - Task exited with return code 0
[2023-04-27 12:08:33,077] {local_task_job.py:273} INFO - 0 downstream tasks scheduled from follow-on schedule check
