[2023-03-28 09:58:28,292] {taskinstance.py:1159} INFO - Dependencies all met for <TaskInstance: defence_dag2.to_attack manual__2023-03-28T09:58:22.595459+00:00 [queued]>
[2023-03-28 09:58:28,303] {taskinstance.py:1159} INFO - Dependencies all met for <TaskInstance: defence_dag2.to_attack manual__2023-03-28T09:58:22.595459+00:00 [queued]>
[2023-03-28 09:58:28,304] {taskinstance.py:1356} INFO - 
--------------------------------------------------------------------------------
[2023-03-28 09:58:28,305] {taskinstance.py:1357} INFO - Starting attempt 1 of 1
[2023-03-28 09:58:28,306] {taskinstance.py:1358} INFO - 
--------------------------------------------------------------------------------
[2023-03-28 09:58:28,321] {taskinstance.py:1377} INFO - Executing <Task(BranchPythonOperator): to_attack> on 2023-03-28 09:58:22.595459+00:00
[2023-03-28 09:58:28,326] {standard_task_runner.py:52} INFO - Started process 1202 to run task
[2023-03-28 09:58:28,330] {standard_task_runner.py:79} INFO - Running: ['***', 'tasks', 'run', 'defence_dag2', 'to_attack', 'manual__2023-03-28T09:58:22.595459+00:00', '--job-id', '4074', '--raw', '--subdir', 'DAGS_FOLDER/defese.py', '--cfg-path', '/tmp/tmp3s53uy5q', '--error-file', '/tmp/tmp2vxy6y72']
[2023-03-28 09:58:28,331] {standard_task_runner.py:80} INFO - Job 4074: Subtask to_attack
[2023-03-28 09:58:28,389] {task_command.py:369} INFO - Running <TaskInstance: defence_dag2.to_attack manual__2023-03-28T09:58:22.595459+00:00 [running]> on host 70f8824ef075
[2023-03-28 09:58:28,487] {taskinstance.py:1571} INFO - Exporting the following env vars:
AIRFLOW_CTX_DAG_OWNER=***
AIRFLOW_CTX_DAG_ID=defence_dag2
AIRFLOW_CTX_TASK_ID=to_attack
AIRFLOW_CTX_EXECUTION_DATE=2023-03-28T09:58:22.595459+00:00
AIRFLOW_CTX_TRY_NUMBER=1
AIRFLOW_CTX_DAG_RUN_ID=manual__2023-03-28T09:58:22.595459+00:00
[2023-03-28 09:58:28,490] {transport.py:157} INFO - Attempting refresh to obtain initial access_token
[2023-03-28 09:58:28,493] {client.py:777} INFO - Refreshing access_token
[2023-03-28 09:58:29,623] {config.py:55} INFO - set ART_DATA_PATH to /home/***/.art/data
[2023-03-28 09:58:29,898] {warnings.py:110} WARNING - /home/***/.local/lib/python3.7/site-packages/art/estimators/certification/__init__.py:14: UserWarning: PyTorch not found. Not importing DeepZ or Interval Bound Propagation functionality
  warnings.warn("PyTorch not found. Not importing DeepZ or Interval Bound Propagation functionality")

[2023-03-28 09:58:30,046] {python.py:173} INFO - Done. Returned value was: trigger_offence
[2023-03-28 09:58:30,048] {skipmixin.py:140} INFO - Following branch trigger_offence
[2023-03-28 09:58:30,049] {skipmixin.py:175} INFO - Skipping tasks ['stop']
[2023-03-28 09:58:30,119] {taskinstance.py:1400} INFO - Marking task as SUCCESS. dag_id=defence_dag2, task_id=to_attack, execution_date=20230328T095822, start_date=20230328T095828, end_date=20230328T095830
[2023-03-28 09:58:30,155] {local_task_job.py:156} INFO - Task exited with return code 0
[2023-03-28 09:58:30,213] {local_task_job.py:273} INFO - 1 downstream tasks scheduled from follow-on schedule check
