[2023-03-16 11:30:41,797] {taskinstance.py:1159} INFO - Dependencies all met for <TaskInstance: defence_dag.storing manual__2023-03-16T11:30:40.024629+00:00 [queued]>
[2023-03-16 11:30:41,809] {taskinstance.py:1159} INFO - Dependencies all met for <TaskInstance: defence_dag.storing manual__2023-03-16T11:30:40.024629+00:00 [queued]>
[2023-03-16 11:30:41,810] {taskinstance.py:1356} INFO - 
--------------------------------------------------------------------------------
[2023-03-16 11:30:41,810] {taskinstance.py:1357} INFO - Starting attempt 1 of 1
[2023-03-16 11:30:41,811] {taskinstance.py:1358} INFO - 
--------------------------------------------------------------------------------
[2023-03-16 11:30:41,833] {taskinstance.py:1377} INFO - Executing <Task(BashOperator): storing> on 2023-03-16 11:30:40.024629+00:00
[2023-03-16 11:30:41,837] {standard_task_runner.py:52} INFO - Started process 591 to run task
[2023-03-16 11:30:41,841] {standard_task_runner.py:79} INFO - Running: ['***', 'tasks', 'run', 'defence_dag', 'storing', 'manual__2023-03-16T11:30:40.024629+00:00', '--job-id', '866', '--raw', '--subdir', 'DAGS_FOLDER/defese.py', '--cfg-path', '/tmp/tmpvknxh9v6', '--error-file', '/tmp/tmpw5vspbl0']
[2023-03-16 11:30:41,842] {standard_task_runner.py:80} INFO - Job 866: Subtask storing
[2023-03-16 11:30:41,922] {task_command.py:369} INFO - Running <TaskInstance: defence_dag.storing manual__2023-03-16T11:30:40.024629+00:00 [running]> on host 596adcca7378
[2023-03-16 11:30:42,021] {taskinstance.py:1571} INFO - Exporting the following env vars:
AIRFLOW_CTX_DAG_OWNER=***
AIRFLOW_CTX_DAG_ID=defence_dag
AIRFLOW_CTX_TASK_ID=storing
AIRFLOW_CTX_EXECUTION_DATE=2023-03-16T11:30:40.024629+00:00
AIRFLOW_CTX_TRY_NUMBER=1
AIRFLOW_CTX_DAG_RUN_ID=manual__2023-03-16T11:30:40.024629+00:00
[2023-03-16 11:30:42,022] {subprocess.py:62} INFO - Tmp dir root location: 
 /tmp
[2023-03-16 11:30:42,023] {subprocess.py:74} INFO - Running command: ['bash', '-c', 'sleep 1']
[2023-03-16 11:30:42,037] {subprocess.py:85} INFO - Output:
[2023-03-16 11:30:43,038] {subprocess.py:96} INFO - Command exited with return code 0
[2023-03-16 11:30:43,077] {taskinstance.py:1400} INFO - Marking task as SUCCESS. dag_id=defence_dag, task_id=storing, execution_date=20230316T113040, start_date=20230316T113041, end_date=20230316T113043
[2023-03-16 11:30:43,098] {local_task_job.py:156} INFO - Task exited with return code 0
[2023-03-16 11:30:43,136] {local_task_job.py:273} INFO - 1 downstream tasks scheduled from follow-on schedule check
