[2023-03-16 11:31:37,656] {taskinstance.py:1159} INFO - Dependencies all met for <TaskInstance: attack_dag.trigger_defence manual__2023-03-16T11:30:42.097631+00:00 [queued]>
[2023-03-16 11:31:37,688] {taskinstance.py:1159} INFO - Dependencies all met for <TaskInstance: attack_dag.trigger_defence manual__2023-03-16T11:30:42.097631+00:00 [queued]>
[2023-03-16 11:31:37,691] {taskinstance.py:1356} INFO - 
--------------------------------------------------------------------------------
[2023-03-16 11:31:37,693] {taskinstance.py:1357} INFO - Starting attempt 1 of 1
[2023-03-16 11:31:37,695] {taskinstance.py:1358} INFO - 
--------------------------------------------------------------------------------
[2023-03-16 11:31:37,726] {taskinstance.py:1377} INFO - Executing <Task(TriggerDagRunOperator): trigger_defence> on 2023-03-16 11:30:42.097631+00:00
[2023-03-16 11:31:37,735] {standard_task_runner.py:52} INFO - Started process 68 to run task
[2023-03-16 11:31:37,745] {standard_task_runner.py:79} INFO - Running: ['***', 'tasks', 'run', 'attack_dag', 'trigger_defence', 'manual__2023-03-16T11:30:42.097631+00:00', '--job-id', '877', '--raw', '--subdir', 'DAGS_FOLDER/attack.py', '--cfg-path', '/tmp/tmp64qqo128', '--error-file', '/tmp/tmpf1dzv_ut']
[2023-03-16 11:31:37,751] {standard_task_runner.py:80} INFO - Job 877: Subtask trigger_defence
[2023-03-16 11:31:37,997] {task_command.py:369} INFO - Running <TaskInstance: attack_dag.trigger_defence manual__2023-03-16T11:30:42.097631+00:00 [running]> on host 596adcca7378
[2023-03-16 11:31:38,184] {taskinstance.py:1571} INFO - Exporting the following env vars:
AIRFLOW_CTX_DAG_OWNER=***
AIRFLOW_CTX_DAG_ID=attack_dag
AIRFLOW_CTX_TASK_ID=trigger_defence
AIRFLOW_CTX_EXECUTION_DATE=2023-03-16T11:30:42.097631+00:00
AIRFLOW_CTX_TRY_NUMBER=1
AIRFLOW_CTX_DAG_RUN_ID=manual__2023-03-16T11:30:42.097631+00:00
[2023-03-16 11:31:39,980] {taskinstance.py:1400} INFO - Marking task as SUCCESS. dag_id=attack_dag, task_id=trigger_defence, execution_date=20230316T113042, start_date=20230316T113137, end_date=20230316T113139
[2023-03-16 11:31:40,045] {local_task_job.py:156} INFO - Task exited with return code 0
[2023-03-16 11:31:40,094] {local_task_job.py:273} INFO - 0 downstream tasks scheduled from follow-on schedule check
