[2023-03-28 10:27:44,252] {taskinstance.py:1159} INFO - Dependencies all met for <TaskInstance: defence_dag2.to_attack manual__2023-03-28T10:27:38.704794+00:00 [queued]>
[2023-03-28 10:27:44,264] {taskinstance.py:1159} INFO - Dependencies all met for <TaskInstance: defence_dag2.to_attack manual__2023-03-28T10:27:38.704794+00:00 [queued]>
[2023-03-28 10:27:44,265] {taskinstance.py:1356} INFO - 
--------------------------------------------------------------------------------
[2023-03-28 10:27:44,266] {taskinstance.py:1357} INFO - Starting attempt 1 of 1
[2023-03-28 10:27:44,271] {taskinstance.py:1358} INFO - 
--------------------------------------------------------------------------------
[2023-03-28 10:27:44,286] {taskinstance.py:1377} INFO - Executing <Task(BranchPythonOperator): to_attack> on 2023-03-28 10:27:38.704794+00:00
[2023-03-28 10:27:44,292] {standard_task_runner.py:52} INFO - Started process 2038 to run task
[2023-03-28 10:27:44,296] {standard_task_runner.py:79} INFO - Running: ['***', 'tasks', 'run', 'defence_dag2', 'to_attack', 'manual__2023-03-28T10:27:38.704794+00:00', '--job-id', '4240', '--raw', '--subdir', 'DAGS_FOLDER/defese.py', '--cfg-path', '/tmp/tmpo1sfkwbe', '--error-file', '/tmp/tmp5x_kvk0r']
[2023-03-28 10:27:44,297] {standard_task_runner.py:80} INFO - Job 4240: Subtask to_attack
[2023-03-28 10:27:44,359] {task_command.py:369} INFO - Running <TaskInstance: defence_dag2.to_attack manual__2023-03-28T10:27:38.704794+00:00 [running]> on host 70f8824ef075
[2023-03-28 10:27:44,449] {taskinstance.py:1571} INFO - Exporting the following env vars:
AIRFLOW_CTX_DAG_OWNER=***
AIRFLOW_CTX_DAG_ID=defence_dag2
AIRFLOW_CTX_TASK_ID=to_attack
AIRFLOW_CTX_EXECUTION_DATE=2023-03-28T10:27:38.704794+00:00
AIRFLOW_CTX_TRY_NUMBER=1
AIRFLOW_CTX_DAG_RUN_ID=manual__2023-03-28T10:27:38.704794+00:00
[2023-03-28 10:27:44,452] {transport.py:157} INFO - Attempting refresh to obtain initial access_token
[2023-03-28 10:27:44,455] {client.py:777} INFO - Refreshing access_token
[2023-03-28 10:27:45,650] {config.py:55} INFO - set ART_DATA_PATH to /home/***/.art/data
[2023-03-28 10:27:45,936] {warnings.py:110} WARNING - /home/***/.local/lib/python3.7/site-packages/art/estimators/certification/__init__.py:14: UserWarning: PyTorch not found. Not importing DeepZ or Interval Bound Propagation functionality
  warnings.warn("PyTorch not found. Not importing DeepZ or Interval Bound Propagation functionality")

[2023-03-28 10:27:46,041] {python.py:173} INFO - Done. Returned value was: trigger_offence
[2023-03-28 10:27:46,043] {skipmixin.py:140} INFO - Following branch trigger_offence
[2023-03-28 10:27:46,044] {skipmixin.py:175} INFO - Skipping tasks ['stop']
[2023-03-28 10:27:46,102] {taskinstance.py:1400} INFO - Marking task as SUCCESS. dag_id=defence_dag2, task_id=to_attack, execution_date=20230328T102738, start_date=20230328T102744, end_date=20230328T102746
[2023-03-28 10:27:46,158] {local_task_job.py:156} INFO - Task exited with return code 0
[2023-03-28 10:27:46,207] {local_task_job.py:273} INFO - 0 downstream tasks scheduled from follow-on schedule check
