[2023-04-27 15:14:58,011] {taskinstance.py:1159} INFO - Dependencies all met for <TaskInstance: multi_defence_dag.to_defend manual__2023-04-27T15:14:42.947829+00:00 [queued]>
[2023-04-27 15:14:58,020] {taskinstance.py:1159} INFO - Dependencies all met for <TaskInstance: multi_defence_dag.to_defend manual__2023-04-27T15:14:42.947829+00:00 [queued]>
[2023-04-27 15:14:58,021] {taskinstance.py:1356} INFO - 
--------------------------------------------------------------------------------
[2023-04-27 15:14:58,022] {taskinstance.py:1357} INFO - Starting attempt 1 of 2
[2023-04-27 15:14:58,023] {taskinstance.py:1358} INFO - 
--------------------------------------------------------------------------------
[2023-04-27 15:14:58,036] {taskinstance.py:1377} INFO - Executing <Task(BranchPythonOperator): to_defend> on 2023-04-27 15:14:42.947829+00:00
[2023-04-27 15:14:58,044] {standard_task_runner.py:52} INFO - Started process 3584 to run task
[2023-04-27 15:14:58,047] {standard_task_runner.py:79} INFO - Running: ['***', 'tasks', 'run', 'multi_defence_dag', 'to_defend', 'manual__2023-04-27T15:14:42.947829+00:00', '--job-id', '7002', '--raw', '--subdir', 'DAGS_FOLDER/defence_dag.py', '--cfg-path', '/tmp/tmpcc0wxeqt', '--error-file', '/tmp/tmpobblnpxl']
[2023-04-27 15:14:58,048] {standard_task_runner.py:80} INFO - Job 7002: Subtask to_defend
[2023-04-27 15:14:58,097] {task_command.py:369} INFO - Running <TaskInstance: multi_defence_dag.to_defend manual__2023-04-27T15:14:42.947829+00:00 [running]> on host e7e31d5a6603
[2023-04-27 15:14:58,160] {taskinstance.py:1571} INFO - Exporting the following env vars:
AIRFLOW_CTX_DAG_OWNER=***
AIRFLOW_CTX_DAG_ID=multi_defence_dag
AIRFLOW_CTX_TASK_ID=to_defend
AIRFLOW_CTX_EXECUTION_DATE=2023-04-27T15:14:42.947829+00:00
AIRFLOW_CTX_TRY_NUMBER=1
AIRFLOW_CTX_DAG_RUN_ID=manual__2023-04-27T15:14:42.947829+00:00
[2023-04-27 15:14:58,163] {transport.py:157} INFO - Attempting refresh to obtain initial access_token
[2023-04-27 15:14:58,165] {client.py:777} INFO - Refreshing access_token
[2023-04-27 15:14:58,987] {python.py:173} INFO - Done. Returned value was: stop
[2023-04-27 15:14:58,988] {skipmixin.py:140} INFO - Following branch stop
[2023-04-27 15:14:58,988] {skipmixin.py:175} INFO - Skipping tasks ['trigger_offence']
[2023-04-27 15:14:59,028] {taskinstance.py:1400} INFO - Marking task as SUCCESS. dag_id=multi_defence_dag, task_id=to_defend, execution_date=20230427T151442, start_date=20230427T151458, end_date=20230427T151459
[2023-04-27 15:14:59,065] {local_task_job.py:156} INFO - Task exited with return code 0
[2023-04-27 15:14:59,095] {local_task_job.py:273} INFO - 1 downstream tasks scheduled from follow-on schedule check
