[2023-03-19 16:44:05,977] {taskinstance.py:1159} INFO - Dependencies all met for <TaskInstance: defence_dag2.storing manual__2023-03-19T16:44:04.196376+00:00 [queued]>
[2023-03-19 16:44:05,984] {taskinstance.py:1159} INFO - Dependencies all met for <TaskInstance: defence_dag2.storing manual__2023-03-19T16:44:04.196376+00:00 [queued]>
[2023-03-19 16:44:05,984] {taskinstance.py:1356} INFO - 
--------------------------------------------------------------------------------
[2023-03-19 16:44:05,985] {taskinstance.py:1357} INFO - Starting attempt 1 of 1
[2023-03-19 16:44:05,985] {taskinstance.py:1358} INFO - 
--------------------------------------------------------------------------------
[2023-03-19 16:44:05,996] {taskinstance.py:1377} INFO - Executing <Task(BashOperator): storing> on 2023-03-19 16:44:04.196376+00:00
[2023-03-19 16:44:06,001] {standard_task_runner.py:52} INFO - Started process 108 to run task
[2023-03-19 16:44:06,004] {standard_task_runner.py:79} INFO - Running: ['***', 'tasks', 'run', 'defence_dag2', 'storing', 'manual__2023-03-19T16:44:04.196376+00:00', '--job-id', '2097', '--raw', '--subdir', 'DAGS_FOLDER/defese.py', '--cfg-path', '/tmp/tmpyh0lxw66', '--error-file', '/tmp/tmpo8ufmvnz']
[2023-03-19 16:44:06,005] {standard_task_runner.py:80} INFO - Job 2097: Subtask storing
[2023-03-19 16:44:06,048] {task_command.py:369} INFO - Running <TaskInstance: defence_dag2.storing manual__2023-03-19T16:44:04.196376+00:00 [running]> on host 6447f1dacd32
[2023-03-19 16:44:06,106] {taskinstance.py:1571} INFO - Exporting the following env vars:
AIRFLOW_CTX_DAG_OWNER=***
AIRFLOW_CTX_DAG_ID=defence_dag2
AIRFLOW_CTX_TASK_ID=storing
AIRFLOW_CTX_EXECUTION_DATE=2023-03-19T16:44:04.196376+00:00
AIRFLOW_CTX_TRY_NUMBER=1
AIRFLOW_CTX_DAG_RUN_ID=manual__2023-03-19T16:44:04.196376+00:00
[2023-03-19 16:44:06,108] {subprocess.py:62} INFO - Tmp dir root location: 
 /tmp
[2023-03-19 16:44:06,108] {subprocess.py:74} INFO - Running command: ['bash', '-c', 'sleep 1']
[2023-03-19 16:44:06,116] {subprocess.py:85} INFO - Output:
[2023-03-19 16:44:07,190] {subprocess.py:96} INFO - Command exited with return code 0
[2023-03-19 16:44:07,236] {taskinstance.py:1400} INFO - Marking task as SUCCESS. dag_id=defence_dag2, task_id=storing, execution_date=20230319T164404, start_date=20230319T164405, end_date=20230319T164407
[2023-03-19 16:44:07,266] {local_task_job.py:156} INFO - Task exited with return code 0
[2023-03-19 16:44:07,303] {local_task_job.py:273} INFO - 1 downstream tasks scheduled from follow-on schedule check
