[2023-03-12 15:19:44,540] {taskinstance.py:1159} INFO - Dependencies all met for <TaskInstance: defence_dag.storing manual__2023-03-12T15:19:43.500273+00:00 [queued]>
[2023-03-12 15:19:44,550] {taskinstance.py:1159} INFO - Dependencies all met for <TaskInstance: defence_dag.storing manual__2023-03-12T15:19:43.500273+00:00 [queued]>
[2023-03-12 15:19:44,551] {taskinstance.py:1356} INFO - 
--------------------------------------------------------------------------------
[2023-03-12 15:19:44,552] {taskinstance.py:1357} INFO - Starting attempt 1 of 1
[2023-03-12 15:19:44,552] {taskinstance.py:1358} INFO - 
--------------------------------------------------------------------------------
[2023-03-12 15:19:44,567] {taskinstance.py:1377} INFO - Executing <Task(BashOperator): storing> on 2023-03-12 15:19:43.500273+00:00
[2023-03-12 15:19:44,571] {standard_task_runner.py:52} INFO - Started process 255 to run task
[2023-03-12 15:19:44,574] {standard_task_runner.py:79} INFO - Running: ['***', 'tasks', 'run', 'defence_dag', 'storing', 'manual__2023-03-12T15:19:43.500273+00:00', '--job-id', '479', '--raw', '--subdir', 'DAGS_FOLDER/defese.py', '--cfg-path', '/tmp/tmpj6zh4of7', '--error-file', '/tmp/tmpucb_d8u2']
[2023-03-12 15:19:44,574] {standard_task_runner.py:80} INFO - Job 479: Subtask storing
[2023-03-12 15:19:44,627] {task_command.py:369} INFO - Running <TaskInstance: defence_dag.storing manual__2023-03-12T15:19:43.500273+00:00 [running]> on host 596adcca7378
[2023-03-12 15:19:44,697] {taskinstance.py:1571} INFO - Exporting the following env vars:
AIRFLOW_CTX_DAG_OWNER=***
AIRFLOW_CTX_DAG_ID=defence_dag
AIRFLOW_CTX_TASK_ID=storing
AIRFLOW_CTX_EXECUTION_DATE=2023-03-12T15:19:43.500273+00:00
AIRFLOW_CTX_TRY_NUMBER=1
AIRFLOW_CTX_DAG_RUN_ID=manual__2023-03-12T15:19:43.500273+00:00
[2023-03-12 15:19:44,698] {subprocess.py:62} INFO - Tmp dir root location: 
 /tmp
[2023-03-12 15:19:44,699] {subprocess.py:74} INFO - Running command: ['bash', '-c', 'sleep 1']
[2023-03-12 15:19:44,708] {subprocess.py:85} INFO - Output:
[2023-03-12 15:19:45,711] {subprocess.py:96} INFO - Command exited with return code 0
[2023-03-12 15:19:45,751] {taskinstance.py:1400} INFO - Marking task as SUCCESS. dag_id=defence_dag, task_id=storing, execution_date=20230312T151943, start_date=20230312T151944, end_date=20230312T151945
[2023-03-12 15:19:45,797] {local_task_job.py:156} INFO - Task exited with return code 0
[2023-03-12 15:19:45,839] {local_task_job.py:273} INFO - 1 downstream tasks scheduled from follow-on schedule check
