[2023-03-28 10:27:23,899] {taskinstance.py:1159} INFO - Dependencies all met for <TaskInstance: defence_dag2.storing manual__2023-03-28T10:27:21.938570+00:00 [queued]>
[2023-03-28 10:27:23,908] {taskinstance.py:1159} INFO - Dependencies all met for <TaskInstance: defence_dag2.storing manual__2023-03-28T10:27:21.938570+00:00 [queued]>
[2023-03-28 10:27:23,909] {taskinstance.py:1356} INFO - 
--------------------------------------------------------------------------------
[2023-03-28 10:27:23,909] {taskinstance.py:1357} INFO - Starting attempt 1 of 1
[2023-03-28 10:27:23,915] {taskinstance.py:1358} INFO - 
--------------------------------------------------------------------------------
[2023-03-28 10:27:23,927] {taskinstance.py:1377} INFO - Executing <Task(BashOperator): storing> on 2023-03-28 10:27:21.938570+00:00
[2023-03-28 10:27:23,933] {standard_task_runner.py:52} INFO - Started process 1992 to run task
[2023-03-28 10:27:23,936] {standard_task_runner.py:79} INFO - Running: ['***', 'tasks', 'run', 'defence_dag2', 'storing', 'manual__2023-03-28T10:27:21.938570+00:00', '--job-id', '4229', '--raw', '--subdir', 'DAGS_FOLDER/defese.py', '--cfg-path', '/tmp/tmpy2vmzla6', '--error-file', '/tmp/tmpe591s6jh']
[2023-03-28 10:27:23,938] {standard_task_runner.py:80} INFO - Job 4229: Subtask storing
[2023-03-28 10:27:24,010] {task_command.py:369} INFO - Running <TaskInstance: defence_dag2.storing manual__2023-03-28T10:27:21.938570+00:00 [running]> on host 70f8824ef075
[2023-03-28 10:27:24,181] {taskinstance.py:1571} INFO - Exporting the following env vars:
AIRFLOW_CTX_DAG_OWNER=***
AIRFLOW_CTX_DAG_ID=defence_dag2
AIRFLOW_CTX_TASK_ID=storing
AIRFLOW_CTX_EXECUTION_DATE=2023-03-28T10:27:21.938570+00:00
AIRFLOW_CTX_TRY_NUMBER=1
AIRFLOW_CTX_DAG_RUN_ID=manual__2023-03-28T10:27:21.938570+00:00
[2023-03-28 10:27:24,185] {subprocess.py:62} INFO - Tmp dir root location: 
 /tmp
[2023-03-28 10:27:24,186] {subprocess.py:74} INFO - Running command: ['bash', '-c', 'sleep 1']
[2023-03-28 10:27:24,205] {subprocess.py:85} INFO - Output:
[2023-03-28 10:27:25,208] {subprocess.py:96} INFO - Command exited with return code 0
[2023-03-28 10:27:25,257] {taskinstance.py:1400} INFO - Marking task as SUCCESS. dag_id=defence_dag2, task_id=storing, execution_date=20230328T102721, start_date=20230328T102723, end_date=20230328T102725
[2023-03-28 10:27:25,279] {local_task_job.py:156} INFO - Task exited with return code 0
[2023-03-28 10:27:25,321] {local_task_job.py:273} INFO - 1 downstream tasks scheduled from follow-on schedule check
