[2023-03-23 15:15:18,318] {taskinstance.py:1159} INFO - Dependencies all met for <TaskInstance: multi_defence_dag.choose_best manual__2023-03-23T15:08:47.614322+00:00 [queued]>
[2023-03-23 15:15:18,369] {taskinstance.py:1159} INFO - Dependencies all met for <TaskInstance: multi_defence_dag.choose_best manual__2023-03-23T15:08:47.614322+00:00 [queued]>
[2023-03-23 15:15:18,371] {taskinstance.py:1356} INFO - 
--------------------------------------------------------------------------------
[2023-03-23 15:15:18,374] {taskinstance.py:1357} INFO - Starting attempt 2 of 2
[2023-03-23 15:15:18,376] {taskinstance.py:1358} INFO - 
--------------------------------------------------------------------------------
[2023-03-23 15:15:18,449] {taskinstance.py:1377} INFO - Executing <Task(PythonOperator): choose_best> on 2023-03-23 15:08:47.614322+00:00
[2023-03-23 15:15:18,468] {standard_task_runner.py:52} INFO - Started process 11742 to run task
[2023-03-23 15:15:18,486] {standard_task_runner.py:79} INFO - Running: ['***', 'tasks', 'run', 'multi_defence_dag', 'choose_best', 'manual__2023-03-23T15:08:47.614322+00:00', '--job-id', '2909', '--raw', '--subdir', 'DAGS_FOLDER/defence_dag.py', '--cfg-path', '/tmp/tmp6by0kmlq', '--error-file', '/tmp/tmp7ay4lcx3']
[2023-03-23 15:15:18,492] {standard_task_runner.py:80} INFO - Job 2909: Subtask choose_best
[2023-03-23 15:15:18,667] {task_command.py:369} INFO - Running <TaskInstance: multi_defence_dag.choose_best manual__2023-03-23T15:08:47.614322+00:00 [running]> on host 6447f1dacd32
[2023-03-23 15:15:18,871] {taskinstance.py:1571} INFO - Exporting the following env vars:
AIRFLOW_CTX_DAG_OWNER=***
AIRFLOW_CTX_DAG_ID=multi_defence_dag
AIRFLOW_CTX_TASK_ID=choose_best
AIRFLOW_CTX_EXECUTION_DATE=2023-03-23T15:08:47.614322+00:00
AIRFLOW_CTX_TRY_NUMBER=2
AIRFLOW_CTX_DAG_RUN_ID=manual__2023-03-23T15:08:47.614322+00:00
[2023-03-23 15:15:19,027] {transport.py:157} INFO - Attempting refresh to obtain initial access_token
[2023-03-23 15:15:19,035] {client.py:777} INFO - Refreshing access_token
[2023-03-23 15:15:20,112] {python.py:173} INFO - Done. Returned value was: None
[2023-03-23 15:15:20,198] {taskinstance.py:1400} INFO - Marking task as SUCCESS. dag_id=multi_defence_dag, task_id=choose_best, execution_date=20230323T150847, start_date=20230323T151518, end_date=20230323T151520
[2023-03-23 15:15:20,314] {local_task_job.py:156} INFO - Task exited with return code 0
[2023-03-23 15:15:20,625] {local_task_job.py:273} INFO - 1 downstream tasks scheduled from follow-on schedule check
