[2023-03-28 11:11:04,431] {taskinstance.py:1159} INFO - Dependencies all met for <TaskInstance: defence_dag2.storing manual__2023-03-28T11:07:43.479003+00:00 [queued]>
[2023-03-28 11:11:04,451] {taskinstance.py:1159} INFO - Dependencies all met for <TaskInstance: defence_dag2.storing manual__2023-03-28T11:07:43.479003+00:00 [queued]>
[2023-03-28 11:11:04,451] {taskinstance.py:1356} INFO - 
--------------------------------------------------------------------------------
[2023-03-28 11:11:04,452] {taskinstance.py:1357} INFO - Starting attempt 1 of 1
[2023-03-28 11:11:04,453] {taskinstance.py:1358} INFO - 
--------------------------------------------------------------------------------
[2023-03-28 11:11:04,493] {taskinstance.py:1377} INFO - Executing <Task(BashOperator): storing> on 2023-03-28 11:07:43.479003+00:00
[2023-03-28 11:11:04,507] {standard_task_runner.py:52} INFO - Started process 65 to run task
[2023-03-28 11:11:04,518] {standard_task_runner.py:79} INFO - Running: ['***', 'tasks', 'run', 'defence_dag2', 'storing', 'manual__2023-03-28T11:07:43.479003+00:00', '--job-id', '4475', '--raw', '--subdir', 'DAGS_FOLDER/defese.py', '--cfg-path', '/tmp/tmpm3zfkwg3', '--error-file', '/tmp/tmptz6xji09']
[2023-03-28 11:11:04,526] {standard_task_runner.py:80} INFO - Job 4475: Subtask storing
[2023-03-28 11:11:04,692] {task_command.py:369} INFO - Running <TaskInstance: defence_dag2.storing manual__2023-03-28T11:07:43.479003+00:00 [running]> on host a826a5b95b6c
[2023-03-28 11:11:04,844] {taskinstance.py:1571} INFO - Exporting the following env vars:
AIRFLOW_CTX_DAG_OWNER=***
AIRFLOW_CTX_DAG_ID=defence_dag2
AIRFLOW_CTX_TASK_ID=storing
AIRFLOW_CTX_EXECUTION_DATE=2023-03-28T11:07:43.479003+00:00
AIRFLOW_CTX_TRY_NUMBER=1
AIRFLOW_CTX_DAG_RUN_ID=manual__2023-03-28T11:07:43.479003+00:00
[2023-03-28 11:11:04,847] {subprocess.py:62} INFO - Tmp dir root location: 
 /tmp
[2023-03-28 11:11:04,848] {subprocess.py:74} INFO - Running command: ['bash', '-c', 'sleep 1']
[2023-03-28 11:11:04,872] {subprocess.py:85} INFO - Output:
[2023-03-28 11:11:05,878] {subprocess.py:96} INFO - Command exited with return code 0
[2023-03-28 11:11:05,946] {taskinstance.py:1400} INFO - Marking task as SUCCESS. dag_id=defence_dag2, task_id=storing, execution_date=20230328T110743, start_date=20230328T111104, end_date=20230328T111105
[2023-03-28 11:11:06,015] {local_task_job.py:156} INFO - Task exited with return code 0
[2023-03-28 11:11:06,088] {local_task_job.py:273} INFO - 1 downstream tasks scheduled from follow-on schedule check
