[2023-04-09 08:49:47,675] {taskinstance.py:1159} INFO - Dependencies all met for <TaskInstance: multi_defence_dag.to_defence1 manual__2023-04-09T08:49:37.758189+00:00 [queued]>
[2023-04-09 08:49:47,694] {taskinstance.py:1159} INFO - Dependencies all met for <TaskInstance: multi_defence_dag.to_defence1 manual__2023-04-09T08:49:37.758189+00:00 [queued]>
[2023-04-09 08:49:47,695] {taskinstance.py:1356} INFO - 
--------------------------------------------------------------------------------
[2023-04-09 08:49:47,696] {taskinstance.py:1357} INFO - Starting attempt 1 of 2
[2023-04-09 08:49:47,696] {taskinstance.py:1358} INFO - 
--------------------------------------------------------------------------------
[2023-04-09 08:49:47,729] {taskinstance.py:1377} INFO - Executing <Task(BranchPythonOperator): to_defence1> on 2023-04-09 08:49:37.758189+00:00
[2023-04-09 08:49:47,743] {standard_task_runner.py:52} INFO - Started process 5297 to run task
[2023-04-09 08:49:47,763] {standard_task_runner.py:79} INFO - Running: ['***', 'tasks', 'run', 'multi_defence_dag', 'to_defence1', 'manual__2023-04-09T08:49:37.758189+00:00', '--job-id', '4869', '--raw', '--subdir', 'DAGS_FOLDER/defence_dag.py', '--cfg-path', '/tmp/tmppsht5f7d', '--error-file', '/tmp/tmp_70rpge4']
[2023-04-09 08:49:47,765] {standard_task_runner.py:80} INFO - Job 4869: Subtask to_defence1
[2023-04-09 08:49:47,901] {task_command.py:369} INFO - Running <TaskInstance: multi_defence_dag.to_defence1 manual__2023-04-09T08:49:37.758189+00:00 [running]> on host ff3d40af78f9
[2023-04-09 08:49:48,137] {taskinstance.py:1571} INFO - Exporting the following env vars:
AIRFLOW_CTX_DAG_OWNER=***
AIRFLOW_CTX_DAG_ID=multi_defence_dag
AIRFLOW_CTX_TASK_ID=to_defence1
AIRFLOW_CTX_EXECUTION_DATE=2023-04-09T08:49:37.758189+00:00
AIRFLOW_CTX_TRY_NUMBER=1
AIRFLOW_CTX_DAG_RUN_ID=manual__2023-04-09T08:49:37.758189+00:00
[2023-04-09 08:49:48,169] {python.py:173} INFO - Done. Returned value was: Defence1
[2023-04-09 08:49:48,170] {skipmixin.py:140} INFO - Following branch Defence1
[2023-04-09 08:49:48,172] {skipmixin.py:175} INFO - Skipping tasks ['default']
[2023-04-09 08:49:48,302] {taskinstance.py:1400} INFO - Marking task as SUCCESS. dag_id=multi_defence_dag, task_id=to_defence1, execution_date=20230409T084937, start_date=20230409T084947, end_date=20230409T084948
[2023-04-09 08:49:48,369] {local_task_job.py:156} INFO - Task exited with return code 0
[2023-04-09 08:49:48,526] {local_task_job.py:273} INFO - 1 downstream tasks scheduled from follow-on schedule check
