[2023-03-19 16:27:34,694] {taskinstance.py:1159} INFO - Dependencies all met for <TaskInstance: defence_dag2.defence1 manual__2023-03-19T16:27:31.658982+00:00 [queued]>
[2023-03-19 16:27:34,703] {taskinstance.py:1159} INFO - Dependencies all met for <TaskInstance: defence_dag2.defence1 manual__2023-03-19T16:27:31.658982+00:00 [queued]>
[2023-03-19 16:27:34,703] {taskinstance.py:1356} INFO - 
--------------------------------------------------------------------------------
[2023-03-19 16:27:34,704] {taskinstance.py:1357} INFO - Starting attempt 1 of 1
[2023-03-19 16:27:34,704] {taskinstance.py:1358} INFO - 
--------------------------------------------------------------------------------
[2023-03-19 16:27:34,718] {taskinstance.py:1377} INFO - Executing <Task(PythonOperator): defence1> on 2023-03-19 16:27:31.658982+00:00
[2023-03-19 16:27:34,723] {standard_task_runner.py:52} INFO - Started process 323 to run task
[2023-03-19 16:27:34,726] {standard_task_runner.py:79} INFO - Running: ['***', 'tasks', 'run', 'defence_dag2', 'defence1', 'manual__2023-03-19T16:27:31.658982+00:00', '--job-id', '1989', '--raw', '--subdir', 'DAGS_FOLDER/defese.py', '--cfg-path', '/tmp/tmp4nvdsh11', '--error-file', '/tmp/tmp2q7wbbyr']
[2023-03-19 16:27:34,727] {standard_task_runner.py:80} INFO - Job 1989: Subtask defence1
[2023-03-19 16:27:34,786] {task_command.py:369} INFO - Running <TaskInstance: defence_dag2.defence1 manual__2023-03-19T16:27:31.658982+00:00 [running]> on host 6447f1dacd32
[2023-03-19 16:27:34,914] {taskinstance.py:1571} INFO - Exporting the following env vars:
AIRFLOW_CTX_DAG_OWNER=***
AIRFLOW_CTX_DAG_ID=defence_dag2
AIRFLOW_CTX_TASK_ID=defence1
AIRFLOW_CTX_EXECUTION_DATE=2023-03-19T16:27:31.658982+00:00
AIRFLOW_CTX_TRY_NUMBER=1
AIRFLOW_CTX_DAG_RUN_ID=manual__2023-03-19T16:27:31.658982+00:00
[2023-03-19 16:27:34,916] {logging_mixin.py:115} INFO - defensing
[2023-03-19 16:27:34,916] {python.py:173} INFO - Done. Returned value was: None
[2023-03-19 16:27:34,942] {taskinstance.py:1400} INFO - Marking task as SUCCESS. dag_id=defence_dag2, task_id=defence1, execution_date=20230319T162731, start_date=20230319T162734, end_date=20230319T162734
[2023-03-19 16:27:34,980] {local_task_job.py:156} INFO - Task exited with return code 0
[2023-03-19 16:27:35,065] {local_task_job.py:273} INFO - 1 downstream tasks scheduled from follow-on schedule check
