[2023-03-23 15:52:26,631] {taskinstance.py:1159} INFO - Dependencies all met for <TaskInstance: multi_defence_dag.to_defend manual__2023-03-23T15:51:46.878965+00:00 [queued]>
[2023-03-23 15:52:26,687] {taskinstance.py:1159} INFO - Dependencies all met for <TaskInstance: multi_defence_dag.to_defend manual__2023-03-23T15:51:46.878965+00:00 [queued]>
[2023-03-23 15:52:26,689] {taskinstance.py:1356} INFO - 
--------------------------------------------------------------------------------
[2023-03-23 15:52:26,696] {taskinstance.py:1357} INFO - Starting attempt 1 of 2
[2023-03-23 15:52:26,698] {taskinstance.py:1358} INFO - 
--------------------------------------------------------------------------------
[2023-03-23 15:52:26,800] {taskinstance.py:1377} INFO - Executing <Task(BranchPythonOperator): to_defend> on 2023-03-23 15:51:46.878965+00:00
[2023-03-23 15:52:26,821] {standard_task_runner.py:52} INFO - Started process 14189 to run task
[2023-03-23 15:52:26,840] {standard_task_runner.py:79} INFO - Running: ['***', 'tasks', 'run', 'multi_defence_dag', 'to_defend', 'manual__2023-03-23T15:51:46.878965+00:00', '--job-id', '3642', '--raw', '--subdir', 'DAGS_FOLDER/defence_dag.py', '--cfg-path', '/tmp/tmp2t39652i', '--error-file', '/tmp/tmppqcm5_o0']
[2023-03-23 15:52:26,847] {standard_task_runner.py:80} INFO - Job 3642: Subtask to_defend
[2023-03-23 15:52:27,126] {task_command.py:369} INFO - Running <TaskInstance: multi_defence_dag.to_defend manual__2023-03-23T15:51:46.878965+00:00 [running]> on host 6447f1dacd32
[2023-03-23 15:52:27,490] {taskinstance.py:1571} INFO - Exporting the following env vars:
AIRFLOW_CTX_DAG_OWNER=***
AIRFLOW_CTX_DAG_ID=multi_defence_dag
AIRFLOW_CTX_TASK_ID=to_defend
AIRFLOW_CTX_EXECUTION_DATE=2023-03-23T15:51:46.878965+00:00
AIRFLOW_CTX_TRY_NUMBER=1
AIRFLOW_CTX_DAG_RUN_ID=manual__2023-03-23T15:51:46.878965+00:00
[2023-03-23 15:52:27,545] {transport.py:157} INFO - Attempting refresh to obtain initial access_token
[2023-03-23 15:52:27,569] {client.py:777} INFO - Refreshing access_token
[2023-03-23 15:52:28,762] {python.py:173} INFO - Done. Returned value was: stop
[2023-03-23 15:52:28,763] {skipmixin.py:140} INFO - Following branch stop
[2023-03-23 15:52:28,766] {skipmixin.py:175} INFO - Skipping tasks ['trigger_offence']
[2023-03-23 15:52:28,960] {taskinstance.py:1400} INFO - Marking task as SUCCESS. dag_id=multi_defence_dag, task_id=to_defend, execution_date=20230323T155146, start_date=20230323T155226, end_date=20230323T155228
[2023-03-23 15:52:29,033] {local_task_job.py:156} INFO - Task exited with return code 0
[2023-03-23 15:52:29,214] {local_task_job.py:273} INFO - 1 downstream tasks scheduled from follow-on schedule check
