[2023-03-27 10:18:11,445] {taskinstance.py:1159} INFO - Dependencies all met for <TaskInstance: multi_defence_dag.to_defence2 scheduled__2023-03-26T00:00:00+00:00 [queued]>
[2023-03-27 10:18:11,458] {taskinstance.py:1159} INFO - Dependencies all met for <TaskInstance: multi_defence_dag.to_defence2 scheduled__2023-03-26T00:00:00+00:00 [queued]>
[2023-03-27 10:18:11,458] {taskinstance.py:1356} INFO - 
--------------------------------------------------------------------------------
[2023-03-27 10:18:11,459] {taskinstance.py:1357} INFO - Starting attempt 1 of 2
[2023-03-27 10:18:11,459] {taskinstance.py:1358} INFO - 
--------------------------------------------------------------------------------
[2023-03-27 10:18:11,475] {taskinstance.py:1377} INFO - Executing <Task(BranchPythonOperator): to_defence2> on 2023-03-26 00:00:00+00:00
[2023-03-27 10:18:11,485] {standard_task_runner.py:52} INFO - Started process 466 to run task
[2023-03-27 10:18:11,491] {standard_task_runner.py:79} INFO - Running: ['***', 'tasks', 'run', 'multi_defence_dag', 'to_defence2', 'scheduled__2023-03-26T00:00:00+00:00', '--job-id', '3682', '--raw', '--subdir', 'DAGS_FOLDER/defence_dag.py', '--cfg-path', '/tmp/tmp0fsvmly_', '--error-file', '/tmp/tmprkfige3x']
[2023-03-27 10:18:11,492] {standard_task_runner.py:80} INFO - Job 3682: Subtask to_defence2
[2023-03-27 10:18:11,569] {task_command.py:369} INFO - Running <TaskInstance: multi_defence_dag.to_defence2 scheduled__2023-03-26T00:00:00+00:00 [running]> on host daa6fc235d3b
[2023-03-27 10:18:11,653] {taskinstance.py:1571} INFO - Exporting the following env vars:
AIRFLOW_CTX_DAG_OWNER=***
AIRFLOW_CTX_DAG_ID=multi_defence_dag
AIRFLOW_CTX_TASK_ID=to_defence2
AIRFLOW_CTX_EXECUTION_DATE=2023-03-26T00:00:00+00:00
AIRFLOW_CTX_TRY_NUMBER=1
AIRFLOW_CTX_DAG_RUN_ID=scheduled__2023-03-26T00:00:00+00:00
[2023-03-27 10:18:11,663] {python.py:173} INFO - Done. Returned value was: Defence2
[2023-03-27 10:18:11,663] {skipmixin.py:140} INFO - Following branch Defence2
[2023-03-27 10:18:11,664] {skipmixin.py:175} INFO - Skipping tasks ['default']
[2023-03-27 10:18:11,713] {taskinstance.py:1400} INFO - Marking task as SUCCESS. dag_id=multi_defence_dag, task_id=to_defence2, execution_date=20230326T000000, start_date=20230327T101811, end_date=20230327T101811
[2023-03-27 10:18:11,744] {local_task_job.py:156} INFO - Task exited with return code 0
[2023-03-27 10:18:11,817] {local_task_job.py:273} INFO - 1 downstream tasks scheduled from follow-on schedule check
