[2023-04-27 12:08:33,210] {taskinstance.py:1159} INFO - Dependencies all met for <TaskInstance: multi_attack_dag.to_attack_NewtonFool manual__2023-04-27T12:06:56.081840+00:00 [queued]>
[2023-04-27 12:08:33,347] {taskinstance.py:1159} INFO - Dependencies all met for <TaskInstance: multi_attack_dag.to_attack_NewtonFool manual__2023-04-27T12:06:56.081840+00:00 [queued]>
[2023-04-27 12:08:33,348] {taskinstance.py:1356} INFO - 
--------------------------------------------------------------------------------
[2023-04-27 12:08:33,349] {taskinstance.py:1357} INFO - Starting attempt 1 of 2
[2023-04-27 12:08:33,350] {taskinstance.py:1358} INFO - 
--------------------------------------------------------------------------------
[2023-04-27 12:08:33,403] {taskinstance.py:1377} INFO - Executing <Task(BranchPythonOperator): to_attack_NewtonFool> on 2023-04-27 12:06:56.081840+00:00
[2023-04-27 12:08:33,443] {standard_task_runner.py:52} INFO - Started process 3169 to run task
[2023-04-27 12:08:33,459] {standard_task_runner.py:79} INFO - Running: ['***', 'tasks', 'run', 'multi_attack_dag', 'to_attack_NewtonFool', 'manual__2023-04-27T12:06:56.081840+00:00', '--job-id', '6785', '--raw', '--subdir', 'DAGS_FOLDER/attack_dag.py', '--cfg-path', '/tmp/tmp4aq10tih', '--error-file', '/tmp/tmpoy0gtw8p']
[2023-04-27 12:08:33,462] {standard_task_runner.py:80} INFO - Job 6785: Subtask to_attack_NewtonFool
[2023-04-27 12:08:33,758] {task_command.py:369} INFO - Running <TaskInstance: multi_attack_dag.to_attack_NewtonFool manual__2023-04-27T12:06:56.081840+00:00 [running]> on host e7e31d5a6603
[2023-04-27 12:08:34,792] {taskinstance.py:1571} INFO - Exporting the following env vars:
AIRFLOW_CTX_DAG_OWNER=***
AIRFLOW_CTX_DAG_ID=multi_attack_dag
AIRFLOW_CTX_TASK_ID=to_attack_NewtonFool
AIRFLOW_CTX_EXECUTION_DATE=2023-04-27T12:06:56.081840+00:00
AIRFLOW_CTX_TRY_NUMBER=1
AIRFLOW_CTX_DAG_RUN_ID=manual__2023-04-27T12:06:56.081840+00:00
[2023-04-27 12:08:34,924] {python.py:173} INFO - Done. Returned value was: attack_NewtonFool
[2023-04-27 12:08:34,925] {skipmixin.py:140} INFO - Following branch attack_NewtonFool
[2023-04-27 12:08:34,928] {skipmixin.py:175} INFO - Skipping tasks ['default_attack']
[2023-04-27 12:08:35,656] {taskinstance.py:1400} INFO - Marking task as SUCCESS. dag_id=multi_attack_dag, task_id=to_attack_NewtonFool, execution_date=20230427T120656, start_date=20230427T120833, end_date=20230427T120835
[2023-04-27 12:08:35,847] {local_task_job.py:156} INFO - Task exited with return code 0
[2023-04-27 12:08:37,345] {local_task_job.py:273} INFO - 1 downstream tasks scheduled from follow-on schedule check
