[2023-03-28 10:28:19,406] {taskinstance.py:1159} INFO - Dependencies all met for <TaskInstance: attack_dag2.attack manual__2023-03-28T10:28:16.851042+00:00 [queued]>
[2023-03-28 10:28:19,421] {taskinstance.py:1159} INFO - Dependencies all met for <TaskInstance: attack_dag2.attack manual__2023-03-28T10:28:16.851042+00:00 [queued]>
[2023-03-28 10:28:19,422] {taskinstance.py:1356} INFO - 
--------------------------------------------------------------------------------
[2023-03-28 10:28:19,423] {taskinstance.py:1357} INFO - Starting attempt 1 of 1
[2023-03-28 10:28:19,425] {taskinstance.py:1358} INFO - 
--------------------------------------------------------------------------------
[2023-03-28 10:28:19,443] {taskinstance.py:1377} INFO - Executing <Task(PythonOperator): attack> on 2023-03-28 10:28:16.851042+00:00
[2023-03-28 10:28:19,450] {standard_task_runner.py:52} INFO - Started process 2110 to run task
[2023-03-28 10:28:19,455] {standard_task_runner.py:79} INFO - Running: ['***', 'tasks', 'run', 'attack_dag2', 'attack', 'manual__2023-03-28T10:28:16.851042+00:00', '--job-id', '4254', '--raw', '--subdir', 'DAGS_FOLDER/attack.py', '--cfg-path', '/tmp/tmppqm4f1py', '--error-file', '/tmp/tmpyg3he08k']
[2023-03-28 10:28:19,457] {standard_task_runner.py:80} INFO - Job 4254: Subtask attack
[2023-03-28 10:28:19,549] {task_command.py:369} INFO - Running <TaskInstance: attack_dag2.attack manual__2023-03-28T10:28:16.851042+00:00 [running]> on host 70f8824ef075
[2023-03-28 10:28:19,659] {taskinstance.py:1571} INFO - Exporting the following env vars:
AIRFLOW_CTX_DAG_OWNER=***
AIRFLOW_CTX_DAG_ID=attack_dag2
AIRFLOW_CTX_TASK_ID=attack
AIRFLOW_CTX_EXECUTION_DATE=2023-03-28T10:28:16.851042+00:00
AIRFLOW_CTX_TRY_NUMBER=1
AIRFLOW_CTX_DAG_RUN_ID=manual__2023-03-28T10:28:16.851042+00:00
[2023-03-28 10:28:19,663] {transport.py:157} INFO - Attempting refresh to obtain initial access_token
[2023-03-28 10:28:19,668] {client.py:777} INFO - Refreshing access_token
[2023-03-28 10:28:20,529] {transport.py:157} INFO - Attempting refresh to obtain initial access_token
[2023-03-28 10:28:20,532] {client.py:777} INFO - Refreshing access_token
[2023-03-28 10:28:21,152] {python.py:173} INFO - Done. Returned value was: None
[2023-03-28 10:28:21,173] {taskinstance.py:1400} INFO - Marking task as SUCCESS. dag_id=attack_dag2, task_id=attack, execution_date=20230328T102816, start_date=20230328T102819, end_date=20230328T102821
[2023-03-28 10:28:21,197] {local_task_job.py:156} INFO - Task exited with return code 0
[2023-03-28 10:28:21,250] {local_task_job.py:273} INFO - 1 downstream tasks scheduled from follow-on schedule check
