[2023-03-28 11:11:04,404] {taskinstance.py:1159} INFO - Dependencies all met for <TaskInstance: defence_dag2.storing manual__2023-03-28T11:09:59.290827+00:00 [queued]>
[2023-03-28 11:11:04,434] {taskinstance.py:1159} INFO - Dependencies all met for <TaskInstance: defence_dag2.storing manual__2023-03-28T11:09:59.290827+00:00 [queued]>
[2023-03-28 11:11:04,435] {taskinstance.py:1356} INFO - 
--------------------------------------------------------------------------------
[2023-03-28 11:11:04,435] {taskinstance.py:1357} INFO - Starting attempt 1 of 1
[2023-03-28 11:11:04,436] {taskinstance.py:1358} INFO - 
--------------------------------------------------------------------------------
[2023-03-28 11:11:04,481] {taskinstance.py:1377} INFO - Executing <Task(BashOperator): storing> on 2023-03-28 11:09:59.290827+00:00
[2023-03-28 11:11:04,499] {standard_task_runner.py:52} INFO - Started process 64 to run task
[2023-03-28 11:11:04,505] {standard_task_runner.py:79} INFO - Running: ['***', 'tasks', 'run', 'defence_dag2', 'storing', 'manual__2023-03-28T11:09:59.290827+00:00', '--job-id', '4474', '--raw', '--subdir', 'DAGS_FOLDER/defese.py', '--cfg-path', '/tmp/tmpiidlo35g', '--error-file', '/tmp/tmpkye9xe6b']
[2023-03-28 11:11:04,511] {standard_task_runner.py:80} INFO - Job 4474: Subtask storing
[2023-03-28 11:11:04,665] {task_command.py:369} INFO - Running <TaskInstance: defence_dag2.storing manual__2023-03-28T11:09:59.290827+00:00 [running]> on host a826a5b95b6c
[2023-03-28 11:11:04,824] {taskinstance.py:1571} INFO - Exporting the following env vars:
AIRFLOW_CTX_DAG_OWNER=***
AIRFLOW_CTX_DAG_ID=defence_dag2
AIRFLOW_CTX_TASK_ID=storing
AIRFLOW_CTX_EXECUTION_DATE=2023-03-28T11:09:59.290827+00:00
AIRFLOW_CTX_TRY_NUMBER=1
AIRFLOW_CTX_DAG_RUN_ID=manual__2023-03-28T11:09:59.290827+00:00
[2023-03-28 11:11:04,827] {subprocess.py:62} INFO - Tmp dir root location: 
 /tmp
[2023-03-28 11:11:04,829] {subprocess.py:74} INFO - Running command: ['bash', '-c', 'sleep 1']
[2023-03-28 11:11:04,854] {subprocess.py:85} INFO - Output:
[2023-03-28 11:11:05,860] {subprocess.py:96} INFO - Command exited with return code 0
[2023-03-28 11:11:05,926] {taskinstance.py:1400} INFO - Marking task as SUCCESS. dag_id=defence_dag2, task_id=storing, execution_date=20230328T110959, start_date=20230328T111104, end_date=20230328T111105
[2023-03-28 11:11:05,977] {local_task_job.py:156} INFO - Task exited with return code 0
[2023-03-28 11:11:06,056] {local_task_job.py:273} INFO - 1 downstream tasks scheduled from follow-on schedule check
