[2023-04-09 08:47:58,026] {taskinstance.py:1159} INFO - Dependencies all met for <TaskInstance: multi_defence_dag.to_defend manual__2023-04-09T08:47:14.476022+00:00 [queued]>
[2023-04-09 08:47:58,051] {taskinstance.py:1159} INFO - Dependencies all met for <TaskInstance: multi_defence_dag.to_defend manual__2023-04-09T08:47:14.476022+00:00 [queued]>
[2023-04-09 08:47:58,052] {taskinstance.py:1356} INFO - 
--------------------------------------------------------------------------------
[2023-04-09 08:47:58,053] {taskinstance.py:1357} INFO - Starting attempt 1 of 2
[2023-04-09 08:47:58,054] {taskinstance.py:1358} INFO - 
--------------------------------------------------------------------------------
[2023-04-09 08:47:58,093] {taskinstance.py:1377} INFO - Executing <Task(BranchPythonOperator): to_defend> on 2023-04-09 08:47:14.476022+00:00
[2023-04-09 08:47:58,109] {standard_task_runner.py:52} INFO - Started process 5191 to run task
[2023-04-09 08:47:58,117] {standard_task_runner.py:79} INFO - Running: ['***', 'tasks', 'run', 'multi_defence_dag', 'to_defend', 'manual__2023-04-09T08:47:14.476022+00:00', '--job-id', '4860', '--raw', '--subdir', 'DAGS_FOLDER/defence_dag.py', '--cfg-path', '/tmp/tmpsdnveqz5', '--error-file', '/tmp/tmpwzu09ex7']
[2023-04-09 08:47:58,119] {standard_task_runner.py:80} INFO - Job 4860: Subtask to_defend
[2023-04-09 08:47:58,250] {task_command.py:369} INFO - Running <TaskInstance: multi_defence_dag.to_defend manual__2023-04-09T08:47:14.476022+00:00 [running]> on host ff3d40af78f9
[2023-04-09 08:47:58,422] {taskinstance.py:1571} INFO - Exporting the following env vars:
AIRFLOW_CTX_DAG_OWNER=***
AIRFLOW_CTX_DAG_ID=multi_defence_dag
AIRFLOW_CTX_TASK_ID=to_defend
AIRFLOW_CTX_EXECUTION_DATE=2023-04-09T08:47:14.476022+00:00
AIRFLOW_CTX_TRY_NUMBER=1
AIRFLOW_CTX_DAG_RUN_ID=manual__2023-04-09T08:47:14.476022+00:00
[2023-04-09 08:47:58,436] {transport.py:157} INFO - Attempting refresh to obtain initial access_token
[2023-04-09 08:47:58,442] {client.py:777} INFO - Refreshing access_token
[2023-04-09 08:47:59,487] {python.py:173} INFO - Done. Returned value was: stop
[2023-04-09 08:47:59,488] {skipmixin.py:140} INFO - Following branch stop
[2023-04-09 08:47:59,490] {skipmixin.py:175} INFO - Skipping tasks ['trigger_offence']
[2023-04-09 08:47:59,784] {taskinstance.py:1400} INFO - Marking task as SUCCESS. dag_id=multi_defence_dag, task_id=to_defend, execution_date=20230409T084714, start_date=20230409T084758, end_date=20230409T084759
[2023-04-09 08:47:59,857] {local_task_job.py:156} INFO - Task exited with return code 0
[2023-04-09 08:48:00,068] {local_task_job.py:273} INFO - 1 downstream tasks scheduled from follow-on schedule check
