[2023-04-16 13:57:34,373] {taskinstance.py:1159} INFO - Dependencies all met for <TaskInstance: multi_defence_dag.choose_best manual__2023-04-16T13:56:54.086572+00:00 [queued]>
[2023-04-16 13:57:34,406] {taskinstance.py:1159} INFO - Dependencies all met for <TaskInstance: multi_defence_dag.choose_best manual__2023-04-16T13:56:54.086572+00:00 [queued]>
[2023-04-16 13:57:34,407] {taskinstance.py:1356} INFO - 
--------------------------------------------------------------------------------
[2023-04-16 13:57:34,408] {taskinstance.py:1357} INFO - Starting attempt 1 of 2
[2023-04-16 13:57:34,413] {taskinstance.py:1358} INFO - 
--------------------------------------------------------------------------------
[2023-04-16 13:57:34,463] {taskinstance.py:1377} INFO - Executing <Task(PythonOperator): choose_best> on 2023-04-16 13:56:54.086572+00:00
[2023-04-16 13:57:34,488] {standard_task_runner.py:52} INFO - Started process 525 to run task
[2023-04-16 13:57:34,498] {standard_task_runner.py:79} INFO - Running: ['***', 'tasks', 'run', 'multi_defence_dag', 'choose_best', 'manual__2023-04-16T13:56:54.086572+00:00', '--job-id', '5228', '--raw', '--subdir', 'DAGS_FOLDER/defence_dag.py', '--cfg-path', '/tmp/tmp6rkgt646', '--error-file', '/tmp/tmpbwwajdb5']
[2023-04-16 13:57:34,523] {standard_task_runner.py:80} INFO - Job 5228: Subtask choose_best
[2023-04-16 13:57:34,715] {task_command.py:369} INFO - Running <TaskInstance: multi_defence_dag.choose_best manual__2023-04-16T13:56:54.086572+00:00 [running]> on host c5458bb8a35c
[2023-04-16 13:57:34,994] {taskinstance.py:1571} INFO - Exporting the following env vars:
AIRFLOW_CTX_DAG_OWNER=***
AIRFLOW_CTX_DAG_ID=multi_defence_dag
AIRFLOW_CTX_TASK_ID=choose_best
AIRFLOW_CTX_EXECUTION_DATE=2023-04-16T13:56:54.086572+00:00
AIRFLOW_CTX_TRY_NUMBER=1
AIRFLOW_CTX_DAG_RUN_ID=manual__2023-04-16T13:56:54.086572+00:00
[2023-04-16 13:57:35,324] {transport.py:157} INFO - Attempting refresh to obtain initial access_token
[2023-04-16 13:57:35,335] {client.py:777} INFO - Refreshing access_token
[2023-04-16 13:57:36,356] {transport.py:157} INFO - Attempting refresh to obtain initial access_token
[2023-04-16 13:57:36,365] {client.py:777} INFO - Refreshing access_token
[2023-04-16 13:57:36,887] {python.py:173} INFO - Done. Returned value was: None
[2023-04-16 13:57:36,947] {taskinstance.py:1400} INFO - Marking task as SUCCESS. dag_id=multi_defence_dag, task_id=choose_best, execution_date=20230416T135654, start_date=20230416T135734, end_date=20230416T135736
[2023-04-16 13:57:37,045] {local_task_job.py:156} INFO - Task exited with return code 0
[2023-04-16 13:57:37,176] {local_task_job.py:273} INFO - 1 downstream tasks scheduled from follow-on schedule check
