[2023-03-28 09:59:36,932] {taskinstance.py:1159} INFO - Dependencies all met for <TaskInstance: attack_dag2.attack manual__2023-03-28T09:59:34.818365+00:00 [queued]>
[2023-03-28 09:59:36,940] {taskinstance.py:1159} INFO - Dependencies all met for <TaskInstance: attack_dag2.attack manual__2023-03-28T09:59:34.818365+00:00 [queued]>
[2023-03-28 09:59:36,941] {taskinstance.py:1356} INFO - 
--------------------------------------------------------------------------------
[2023-03-28 09:59:36,941] {taskinstance.py:1357} INFO - Starting attempt 1 of 1
[2023-03-28 09:59:36,943] {taskinstance.py:1358} INFO - 
--------------------------------------------------------------------------------
[2023-03-28 09:59:36,956] {taskinstance.py:1377} INFO - Executing <Task(PythonOperator): attack> on 2023-03-28 09:59:34.818365+00:00
[2023-03-28 09:59:36,962] {standard_task_runner.py:52} INFO - Started process 1338 to run task
[2023-03-28 09:59:36,965] {standard_task_runner.py:79} INFO - Running: ['***', 'tasks', 'run', 'attack_dag2', 'attack', 'manual__2023-03-28T09:59:34.818365+00:00', '--job-id', '4100', '--raw', '--subdir', 'DAGS_FOLDER/attack.py', '--cfg-path', '/tmp/tmpp89jk_ul', '--error-file', '/tmp/tmp79jmk2yf']
[2023-03-28 09:59:36,966] {standard_task_runner.py:80} INFO - Job 4100: Subtask attack
[2023-03-28 09:59:37,021] {task_command.py:369} INFO - Running <TaskInstance: attack_dag2.attack manual__2023-03-28T09:59:34.818365+00:00 [running]> on host 70f8824ef075
[2023-03-28 09:59:37,091] {taskinstance.py:1571} INFO - Exporting the following env vars:
AIRFLOW_CTX_DAG_OWNER=***
AIRFLOW_CTX_DAG_ID=attack_dag2
AIRFLOW_CTX_TASK_ID=attack
AIRFLOW_CTX_EXECUTION_DATE=2023-03-28T09:59:34.818365+00:00
AIRFLOW_CTX_TRY_NUMBER=1
AIRFLOW_CTX_DAG_RUN_ID=manual__2023-03-28T09:59:34.818365+00:00
[2023-03-28 09:59:37,094] {transport.py:157} INFO - Attempting refresh to obtain initial access_token
[2023-03-28 09:59:37,097] {client.py:777} INFO - Refreshing access_token
[2023-03-28 09:59:38,199] {transport.py:157} INFO - Attempting refresh to obtain initial access_token
[2023-03-28 09:59:38,201] {client.py:777} INFO - Refreshing access_token
[2023-03-28 09:59:38,801] {python.py:173} INFO - Done. Returned value was: None
[2023-03-28 09:59:38,817] {taskinstance.py:1400} INFO - Marking task as SUCCESS. dag_id=attack_dag2, task_id=attack, execution_date=20230328T095934, start_date=20230328T095936, end_date=20230328T095938
[2023-03-28 09:59:38,873] {local_task_job.py:156} INFO - Task exited with return code 0
[2023-03-28 09:59:38,916] {local_task_job.py:273} INFO - 1 downstream tasks scheduled from follow-on schedule check
