[2023-04-27 12:23:07,777] {taskinstance.py:1159} INFO - Dependencies all met for <TaskInstance: multi_defence_dag.Defence2 manual__2023-04-27T12:22:44.797039+00:00 [queued]>
[2023-04-27 12:23:07,837] {taskinstance.py:1159} INFO - Dependencies all met for <TaskInstance: multi_defence_dag.Defence2 manual__2023-04-27T12:22:44.797039+00:00 [queued]>
[2023-04-27 12:23:07,847] {taskinstance.py:1356} INFO - 
--------------------------------------------------------------------------------
[2023-04-27 12:23:07,857] {taskinstance.py:1357} INFO - Starting attempt 1 of 2
[2023-04-27 12:23:07,857] {taskinstance.py:1358} INFO - 
--------------------------------------------------------------------------------
[2023-04-27 12:23:07,931] {taskinstance.py:1377} INFO - Executing <Task(PythonOperator): Defence2> on 2023-04-27 12:22:44.797039+00:00
[2023-04-27 12:23:07,946] {standard_task_runner.py:52} INFO - Started process 3807 to run task
[2023-04-27 12:23:07,954] {standard_task_runner.py:79} INFO - Running: ['***', 'tasks', 'run', 'multi_defence_dag', 'Defence2', 'manual__2023-04-27T12:22:44.797039+00:00', '--job-id', '6825', '--raw', '--subdir', 'DAGS_FOLDER/defence_dag.py', '--cfg-path', '/tmp/tmpisetxb5o', '--error-file', '/tmp/tmpyizq4qt_']
[2023-04-27 12:23:07,970] {standard_task_runner.py:80} INFO - Job 6825: Subtask Defence2
[2023-04-27 12:23:08,216] {task_command.py:369} INFO - Running <TaskInstance: multi_defence_dag.Defence2 manual__2023-04-27T12:22:44.797039+00:00 [running]> on host e7e31d5a6603
[2023-04-27 12:23:08,550] {taskinstance.py:1571} INFO - Exporting the following env vars:
AIRFLOW_CTX_DAG_OWNER=***
AIRFLOW_CTX_DAG_ID=multi_defence_dag
AIRFLOW_CTX_TASK_ID=Defence2
AIRFLOW_CTX_EXECUTION_DATE=2023-04-27T12:22:44.797039+00:00
AIRFLOW_CTX_TRY_NUMBER=1
AIRFLOW_CTX_DAG_RUN_ID=manual__2023-04-27T12:22:44.797039+00:00
[2023-04-27 12:23:08,611] {python.py:173} INFO - Done. Returned value was: None
[2023-04-27 12:23:08,665] {taskinstance.py:1400} INFO - Marking task as SUCCESS. dag_id=multi_defence_dag, task_id=Defence2, execution_date=20230427T122244, start_date=20230427T122307, end_date=20230427T122308
[2023-04-27 12:23:08,818] {local_task_job.py:156} INFO - Task exited with return code 0
[2023-04-27 12:23:08,994] {local_task_job.py:273} INFO - 0 downstream tasks scheduled from follow-on schedule check
