[2023-03-28 10:48:17,710] {taskinstance.py:1159} INFO - Dependencies all met for <TaskInstance: defence_dag2.storing manual__2023-03-28T10:48:13.860205+00:00 [queued]>
[2023-03-28 10:48:17,724] {taskinstance.py:1159} INFO - Dependencies all met for <TaskInstance: defence_dag2.storing manual__2023-03-28T10:48:13.860205+00:00 [queued]>
[2023-03-28 10:48:17,725] {taskinstance.py:1356} INFO - 
--------------------------------------------------------------------------------
[2023-03-28 10:48:17,726] {taskinstance.py:1357} INFO - Starting attempt 1 of 1
[2023-03-28 10:48:17,731] {taskinstance.py:1358} INFO - 
--------------------------------------------------------------------------------
[2023-03-28 10:48:17,751] {taskinstance.py:1377} INFO - Executing <Task(BashOperator): storing> on 2023-03-28 10:48:13.860205+00:00
[2023-03-28 10:48:17,760] {standard_task_runner.py:52} INFO - Started process 127 to run task
[2023-03-28 10:48:17,764] {standard_task_runner.py:79} INFO - Running: ['***', 'tasks', 'run', 'defence_dag2', 'storing', 'manual__2023-03-28T10:48:13.860205+00:00', '--job-id', '4441', '--raw', '--subdir', 'DAGS_FOLDER/defese.py', '--cfg-path', '/tmp/tmp5j7jckvp', '--error-file', '/tmp/tmp7i6ckzip']
[2023-03-28 10:48:17,765] {standard_task_runner.py:80} INFO - Job 4441: Subtask storing
[2023-03-28 10:48:17,848] {task_command.py:369} INFO - Running <TaskInstance: defence_dag2.storing manual__2023-03-28T10:48:13.860205+00:00 [running]> on host a826a5b95b6c
[2023-03-28 10:48:17,968] {taskinstance.py:1571} INFO - Exporting the following env vars:
AIRFLOW_CTX_DAG_OWNER=***
AIRFLOW_CTX_DAG_ID=defence_dag2
AIRFLOW_CTX_TASK_ID=storing
AIRFLOW_CTX_EXECUTION_DATE=2023-03-28T10:48:13.860205+00:00
AIRFLOW_CTX_TRY_NUMBER=1
AIRFLOW_CTX_DAG_RUN_ID=manual__2023-03-28T10:48:13.860205+00:00
[2023-03-28 10:48:17,971] {subprocess.py:62} INFO - Tmp dir root location: 
 /tmp
[2023-03-28 10:48:17,972] {subprocess.py:74} INFO - Running command: ['bash', '-c', 'sleep 1']
[2023-03-28 10:48:17,994] {subprocess.py:85} INFO - Output:
[2023-03-28 10:48:18,999] {subprocess.py:96} INFO - Command exited with return code 0
[2023-03-28 10:48:19,057] {taskinstance.py:1400} INFO - Marking task as SUCCESS. dag_id=defence_dag2, task_id=storing, execution_date=20230328T104813, start_date=20230328T104817, end_date=20230328T104819
[2023-03-28 10:48:19,104] {local_task_job.py:156} INFO - Task exited with return code 0
[2023-03-28 10:48:19,174] {local_task_job.py:273} INFO - 1 downstream tasks scheduled from follow-on schedule check
