[2023-04-09 13:36:05,088] {taskinstance.py:1159} INFO - Dependencies all met for <TaskInstance: multi_defence_dag.Defence1 manual__2023-04-09T13:35:50.479893+00:00 [queued]>
[2023-04-09 13:36:05,111] {taskinstance.py:1159} INFO - Dependencies all met for <TaskInstance: multi_defence_dag.Defence1 manual__2023-04-09T13:35:50.479893+00:00 [queued]>
[2023-04-09 13:36:05,112] {taskinstance.py:1356} INFO - 
--------------------------------------------------------------------------------
[2023-04-09 13:36:05,113] {taskinstance.py:1357} INFO - Starting attempt 1 of 2
[2023-04-09 13:36:05,114] {taskinstance.py:1358} INFO - 
--------------------------------------------------------------------------------
[2023-04-09 13:36:05,139] {taskinstance.py:1377} INFO - Executing <Task(PythonOperator): Defence1> on 2023-04-09 13:35:50.479893+00:00
[2023-04-09 13:36:05,153] {standard_task_runner.py:52} INFO - Started process 450 to run task
[2023-04-09 13:36:05,160] {standard_task_runner.py:79} INFO - Running: ['***', 'tasks', 'run', 'multi_defence_dag', 'Defence1', 'manual__2023-04-09T13:35:50.479893+00:00', '--job-id', '5062', '--raw', '--subdir', 'DAGS_FOLDER/defence_dag.py', '--cfg-path', '/tmp/tmpml3vb7nz', '--error-file', '/tmp/tmpfjq5rjhi']
[2023-04-09 13:36:05,161] {standard_task_runner.py:80} INFO - Job 5062: Subtask Defence1
[2023-04-09 13:36:05,247] {task_command.py:369} INFO - Running <TaskInstance: multi_defence_dag.Defence1 manual__2023-04-09T13:35:50.479893+00:00 [running]> on host c5458bb8a35c
[2023-04-09 13:36:05,342] {taskinstance.py:1571} INFO - Exporting the following env vars:
AIRFLOW_CTX_DAG_OWNER=***
AIRFLOW_CTX_DAG_ID=multi_defence_dag
AIRFLOW_CTX_TASK_ID=Defence1
AIRFLOW_CTX_EXECUTION_DATE=2023-04-09T13:35:50.479893+00:00
AIRFLOW_CTX_TRY_NUMBER=1
AIRFLOW_CTX_DAG_RUN_ID=manual__2023-04-09T13:35:50.479893+00:00
[2023-04-09 13:36:05,368] {python.py:173} INFO - Done. Returned value was: None
[2023-04-09 13:36:05,400] {taskinstance.py:1400} INFO - Marking task as SUCCESS. dag_id=multi_defence_dag, task_id=Defence1, execution_date=20230409T133550, start_date=20230409T133605, end_date=20230409T133605
[2023-04-09 13:36:05,453] {local_task_job.py:156} INFO - Task exited with return code 0
[2023-04-09 13:36:05,497] {local_task_job.py:273} INFO - 0 downstream tasks scheduled from follow-on schedule check
