[2023-03-23 07:55:04,276] {taskinstance.py:1159} INFO - Dependencies all met for <TaskInstance: xcom_dag.trigger_defence scheduled__2023-03-19T00:00:00+00:00 [queued]>
[2023-03-23 07:55:04,292] {taskinstance.py:1159} INFO - Dependencies all met for <TaskInstance: xcom_dag.trigger_defence scheduled__2023-03-19T00:00:00+00:00 [queued]>
[2023-03-23 07:55:04,293] {taskinstance.py:1356} INFO - 
--------------------------------------------------------------------------------
[2023-03-23 07:55:04,294] {taskinstance.py:1357} INFO - Starting attempt 1 of 2
[2023-03-23 07:55:04,294] {taskinstance.py:1358} INFO - 
--------------------------------------------------------------------------------
[2023-03-23 07:55:04,318] {taskinstance.py:1377} INFO - Executing <Task(TriggerDagRunOperator): trigger_defence> on 2023-03-19 00:00:00+00:00
[2023-03-23 07:55:04,324] {standard_task_runner.py:52} INFO - Started process 111 to run task
[2023-03-23 07:55:04,329] {standard_task_runner.py:79} INFO - Running: ['***', 'tasks', 'run', 'xcom_dag', 'trigger_defence', 'scheduled__2023-03-19T00:00:00+00:00', '--job-id', '2150', '--raw', '--subdir', 'DAGS_FOLDER/dynamic_dag.py', '--cfg-path', '/tmp/tmph2g9njc6', '--error-file', '/tmp/tmpnei0cb6_']
[2023-03-23 07:55:04,330] {standard_task_runner.py:80} INFO - Job 2150: Subtask trigger_defence
[2023-03-23 07:55:04,429] {task_command.py:369} INFO - Running <TaskInstance: xcom_dag.trigger_defence scheduled__2023-03-19T00:00:00+00:00 [running]> on host 6447f1dacd32
[2023-03-23 07:55:04,529] {taskinstance.py:1571} INFO - Exporting the following env vars:
AIRFLOW_CTX_DAG_OWNER=***
AIRFLOW_CTX_DAG_ID=xcom_dag
AIRFLOW_CTX_TASK_ID=trigger_defence
AIRFLOW_CTX_EXECUTION_DATE=2023-03-19T00:00:00+00:00
AIRFLOW_CTX_TRY_NUMBER=1
AIRFLOW_CTX_DAG_RUN_ID=scheduled__2023-03-19T00:00:00+00:00
[2023-03-23 07:55:06,595] {taskinstance.py:1400} INFO - Marking task as SUCCESS. dag_id=xcom_dag, task_id=trigger_defence, execution_date=20230319T000000, start_date=20230323T075504, end_date=20230323T075506
[2023-03-23 07:55:06,630] {local_task_job.py:156} INFO - Task exited with return code 0
[2023-03-23 07:55:06,672] {local_task_job.py:273} INFO - 0 downstream tasks scheduled from follow-on schedule check
