[2023-03-28 11:32:30,612] {taskinstance.py:1159} INFO - Dependencies all met for <TaskInstance: multi_attack_dag.choose_best manual__2023-03-27T12:55:57.607222+00:00 [queued]>
[2023-03-28 11:32:30,635] {taskinstance.py:1159} INFO - Dependencies all met for <TaskInstance: multi_attack_dag.choose_best manual__2023-03-27T12:55:57.607222+00:00 [queued]>
[2023-03-28 11:32:30,636] {taskinstance.py:1356} INFO - 
--------------------------------------------------------------------------------
[2023-03-28 11:32:30,637] {taskinstance.py:1357} INFO - Starting attempt 1 of 2
[2023-03-28 11:32:30,638] {taskinstance.py:1358} INFO - 
--------------------------------------------------------------------------------
[2023-03-28 11:32:30,726] {taskinstance.py:1377} INFO - Executing <Task(PythonOperator): choose_best> on 2023-03-27 12:55:57.607222+00:00
[2023-03-28 11:32:30,740] {standard_task_runner.py:52} INFO - Started process 206 to run task
[2023-03-28 11:32:30,746] {standard_task_runner.py:79} INFO - Running: ['***', 'tasks', 'run', 'multi_attack_dag', 'choose_best', 'manual__2023-03-27T12:55:57.607222+00:00', '--job-id', '4515', '--raw', '--subdir', 'DAGS_FOLDER/sklearn_attack_dag.py', '--cfg-path', '/tmp/tmpbz85snj2', '--error-file', '/tmp/tmp75ifhiqn']
[2023-03-28 11:32:30,749] {standard_task_runner.py:80} INFO - Job 4515: Subtask choose_best
[2023-03-28 11:32:30,912] {task_command.py:369} INFO - Running <TaskInstance: multi_attack_dag.choose_best manual__2023-03-27T12:55:57.607222+00:00 [running]> on host ff3d40af78f9
[2023-03-28 11:32:31,154] {taskinstance.py:1571} INFO - Exporting the following env vars:
AIRFLOW_CTX_DAG_OWNER=***
AIRFLOW_CTX_DAG_ID=multi_attack_dag
AIRFLOW_CTX_TASK_ID=choose_best
AIRFLOW_CTX_EXECUTION_DATE=2023-03-27T12:55:57.607222+00:00
AIRFLOW_CTX_TRY_NUMBER=1
AIRFLOW_CTX_DAG_RUN_ID=manual__2023-03-27T12:55:57.607222+00:00
[2023-03-28 11:32:31,206] {transport.py:157} INFO - Attempting refresh to obtain initial access_token
[2023-03-28 11:32:31,211] {client.py:777} INFO - Refreshing access_token
[2023-03-28 11:32:32,372] {transport.py:157} INFO - Attempting refresh to obtain initial access_token
[2023-03-28 11:32:32,374] {client.py:777} INFO - Refreshing access_token
[2023-03-28 11:32:32,973] {python.py:173} INFO - Done. Returned value was: None
[2023-03-28 11:32:32,994] {taskinstance.py:1400} INFO - Marking task as SUCCESS. dag_id=multi_attack_dag, task_id=choose_best, execution_date=20230327T125557, start_date=20230328T113230, end_date=20230328T113232
[2023-03-28 11:32:33,055] {local_task_job.py:156} INFO - Task exited with return code 0
[2023-03-28 11:32:33,158] {local_task_job.py:273} INFO - 1 downstream tasks scheduled from follow-on schedule check
