[2023-03-16 11:57:32,303] {taskinstance.py:1159} INFO - Dependencies all met for <TaskInstance: defence_dag.stop manual__2023-03-12T15:09:19.506265+00:00 [queued]>
[2023-03-16 11:57:32,338] {taskinstance.py:1159} INFO - Dependencies all met for <TaskInstance: defence_dag.stop manual__2023-03-12T15:09:19.506265+00:00 [queued]>
[2023-03-16 11:57:32,354] {taskinstance.py:1356} INFO - 
--------------------------------------------------------------------------------
[2023-03-16 11:57:32,361] {taskinstance.py:1357} INFO - Starting attempt 1 of 1
[2023-03-16 11:57:32,362] {taskinstance.py:1358} INFO - 
--------------------------------------------------------------------------------
[2023-03-16 11:57:32,562] {taskinstance.py:1377} INFO - Executing <Task(PythonOperator): stop> on 2023-03-12 15:09:19.506265+00:00
[2023-03-16 11:57:32,570] {standard_task_runner.py:52} INFO - Started process 1011 to run task
[2023-03-16 11:57:32,593] {standard_task_runner.py:79} INFO - Running: ['***', 'tasks', 'run', 'defence_dag', 'stop', 'manual__2023-03-12T15:09:19.506265+00:00', '--job-id', '1102', '--raw', '--subdir', 'DAGS_FOLDER/defese.py', '--cfg-path', '/tmp/tmpk2ecenc_', '--error-file', '/tmp/tmpthfw2ml9']
[2023-03-16 11:57:32,601] {standard_task_runner.py:80} INFO - Job 1102: Subtask stop
[2023-03-16 11:57:32,932] {task_command.py:369} INFO - Running <TaskInstance: defence_dag.stop manual__2023-03-12T15:09:19.506265+00:00 [running]> on host 596adcca7378
[2023-03-16 11:57:33,394] {taskinstance.py:1571} INFO - Exporting the following env vars:
AIRFLOW_CTX_DAG_OWNER=***
AIRFLOW_CTX_DAG_ID=defence_dag
AIRFLOW_CTX_TASK_ID=stop
AIRFLOW_CTX_EXECUTION_DATE=2023-03-12T15:09:19.506265+00:00
AIRFLOW_CTX_TRY_NUMBER=1
AIRFLOW_CTX_DAG_RUN_ID=manual__2023-03-12T15:09:19.506265+00:00
[2023-03-16 11:57:33,398] {python.py:173} INFO - Done. Returned value was: Cycle has ended
[2023-03-16 11:57:33,677] {taskinstance.py:1400} INFO - Marking task as SUCCESS. dag_id=defence_dag, task_id=stop, execution_date=20230312T150919, start_date=20230316T115732, end_date=20230316T115733
[2023-03-16 11:57:33,973] {local_task_job.py:156} INFO - Task exited with return code 0
[2023-03-16 11:57:34,182] {local_task_job.py:273} INFO - 0 downstream tasks scheduled from follow-on schedule check
