[2023-04-18 16:57:09,328] {taskinstance.py:1159} INFO - Dependencies all met for <TaskInstance: multi_attack_dag.attack_BasicIterativeMethod manual__2023-04-18T16:46:42.601694+00:00 [queued]>
[2023-04-18 16:57:09,351] {taskinstance.py:1159} INFO - Dependencies all met for <TaskInstance: multi_attack_dag.attack_BasicIterativeMethod manual__2023-04-18T16:46:42.601694+00:00 [queued]>
[2023-04-18 16:57:09,352] {taskinstance.py:1356} INFO - 
--------------------------------------------------------------------------------
[2023-04-18 16:57:09,354] {taskinstance.py:1357} INFO - Starting attempt 2 of 2
[2023-04-18 16:57:09,354] {taskinstance.py:1358} INFO - 
--------------------------------------------------------------------------------
[2023-04-18 16:57:09,386] {taskinstance.py:1377} INFO - Executing <Task(PythonOperator): attack_BasicIterativeMethod> on 2023-04-18 16:46:42.601694+00:00
[2023-04-18 16:57:09,398] {standard_task_runner.py:52} INFO - Started process 8250 to run task
[2023-04-18 16:57:09,405] {standard_task_runner.py:79} INFO - Running: ['***', 'tasks', 'run', 'multi_attack_dag', 'attack_BasicIterativeMethod', 'manual__2023-04-18T16:46:42.601694+00:00', '--job-id', '5780', '--raw', '--subdir', 'DAGS_FOLDER/attack_dag.py', '--cfg-path', '/tmp/tmp_pgq7jxy', '--error-file', '/tmp/tmp0hse1m9s']
[2023-04-18 16:57:09,408] {standard_task_runner.py:80} INFO - Job 5780: Subtask attack_BasicIterativeMethod
[2023-04-18 16:57:09,547] {task_command.py:369} INFO - Running <TaskInstance: multi_attack_dag.attack_BasicIterativeMethod manual__2023-04-18T16:46:42.601694+00:00 [running]> on host a3dd7d962104
[2023-04-18 16:57:09,749] {taskinstance.py:1571} INFO - Exporting the following env vars:
AIRFLOW_CTX_DAG_OWNER=***
AIRFLOW_CTX_DAG_ID=multi_attack_dag
AIRFLOW_CTX_TASK_ID=attack_BasicIterativeMethod
AIRFLOW_CTX_EXECUTION_DATE=2023-04-18T16:46:42.601694+00:00
AIRFLOW_CTX_TRY_NUMBER=2
AIRFLOW_CTX_DAG_RUN_ID=manual__2023-04-18T16:46:42.601694+00:00
[2023-04-18 16:57:09,756] {transport.py:157} INFO - Attempting refresh to obtain initial access_token
[2023-04-18 16:57:09,763] {client.py:777} INFO - Refreshing access_token
[2023-04-18 16:57:10,384] {transport.py:157} INFO - Attempting refresh to obtain initial access_token
[2023-04-18 16:57:10,389] {client.py:777} INFO - Refreshing access_token
[2023-04-18 16:57:11,056] {taskinstance.py:1889} ERROR - Task failed with exception
Traceback (most recent call last):
  File "/home/airflow/.local/lib/python3.7/site-packages/airflow/operators/python.py", line 171, in execute
    return_value = self.execute_callable()
  File "/home/airflow/.local/lib/python3.7/site-packages/airflow/operators/python.py", line 189, in execute_callable
    return self.python_callable(*self.op_args, **self.op_kwargs)
  File "/opt/airflow/dags/attack_dag.py", line 130, in attack_BasicIterativeMethod
    model_acc, adversarial_examples  = attack(BasicIterativeMethod)
  File "/opt/airflow/dags/attack_dag.py", line 160, in attack
    estimator = get_estimator()
  File "/opt/airflow/dags/attack_dag.py", line 69, in get_estimator
    model = load_from_bucket("ML_model.pickle")
  File "/opt/airflow/dags/helpers.py", line 120, in load_from_bucket
    raise err
  File "/opt/airflow/dags/helpers.py", line 117, in load_from_bucket
    loaded_obj = cloudpickle.load(f)
AttributeError: Can't get attribute 'NeuralNetworkClassificationModel' on <module '__main__' from '/home/***/.local/bin/***'>
[2023-04-18 16:57:11,081] {taskinstance.py:1400} INFO - Marking task as FAILED. dag_id=multi_attack_dag, task_id=attack_BasicIterativeMethod, execution_date=20230418T164642, start_date=20230418T165709, end_date=20230418T165711
[2023-04-18 16:57:11,105] {standard_task_runner.py:97} ERROR - Failed to execute job 5780 for task attack_BasicIterativeMethod (Can't get attribute 'NeuralNetworkClassificationModel' on <module '__main__' from '/home/***/.local/bin/***'>; 8250)
[2023-04-18 16:57:11,147] {local_task_job.py:156} INFO - Task exited with return code 1
[2023-04-18 16:57:11,205] {local_task_job.py:273} INFO - 0 downstream tasks scheduled from follow-on schedule check
