[2023-03-28 10:31:27,668] {taskinstance.py:1159} INFO - Dependencies all met for <TaskInstance: defence_dag2.storing manual__2023-03-28T10:31:24.656508+00:00 [queued]>
[2023-03-28 10:31:27,677] {taskinstance.py:1159} INFO - Dependencies all met for <TaskInstance: defence_dag2.storing manual__2023-03-28T10:31:24.656508+00:00 [queued]>
[2023-03-28 10:31:27,677] {taskinstance.py:1356} INFO - 
--------------------------------------------------------------------------------
[2023-03-28 10:31:27,677] {taskinstance.py:1357} INFO - Starting attempt 1 of 1
[2023-03-28 10:31:27,678] {taskinstance.py:1358} INFO - 
--------------------------------------------------------------------------------
[2023-03-28 10:31:27,690] {taskinstance.py:1377} INFO - Executing <Task(BashOperator): storing> on 2023-03-28 10:31:24.656508+00:00
[2023-03-28 10:31:27,697] {standard_task_runner.py:52} INFO - Started process 2525 to run task
[2023-03-28 10:31:27,700] {standard_task_runner.py:79} INFO - Running: ['***', 'tasks', 'run', 'defence_dag2', 'storing', 'manual__2023-03-28T10:31:24.656508+00:00', '--job-id', '4338', '--raw', '--subdir', 'DAGS_FOLDER/defese.py', '--cfg-path', '/tmp/tmpd0tai1tl', '--error-file', '/tmp/tmp7t0_ojw0']
[2023-03-28 10:31:27,701] {standard_task_runner.py:80} INFO - Job 4338: Subtask storing
[2023-03-28 10:31:27,753] {task_command.py:369} INFO - Running <TaskInstance: defence_dag2.storing manual__2023-03-28T10:31:24.656508+00:00 [running]> on host 70f8824ef075
[2023-03-28 10:31:27,822] {taskinstance.py:1571} INFO - Exporting the following env vars:
AIRFLOW_CTX_DAG_OWNER=***
AIRFLOW_CTX_DAG_ID=defence_dag2
AIRFLOW_CTX_TASK_ID=storing
AIRFLOW_CTX_EXECUTION_DATE=2023-03-28T10:31:24.656508+00:00
AIRFLOW_CTX_TRY_NUMBER=1
AIRFLOW_CTX_DAG_RUN_ID=manual__2023-03-28T10:31:24.656508+00:00
[2023-03-28 10:31:27,823] {subprocess.py:62} INFO - Tmp dir root location: 
 /tmp
[2023-03-28 10:31:27,824] {subprocess.py:74} INFO - Running command: ['bash', '-c', 'sleep 1']
[2023-03-28 10:31:27,839] {subprocess.py:85} INFO - Output:
[2023-03-28 10:31:28,845] {subprocess.py:96} INFO - Command exited with return code 0
[2023-03-28 10:31:29,045] {taskinstance.py:1400} INFO - Marking task as SUCCESS. dag_id=defence_dag2, task_id=storing, execution_date=20230328T103124, start_date=20230328T103127, end_date=20230328T103129
[2023-03-28 10:31:29,128] {local_task_job.py:156} INFO - Task exited with return code 0
[2023-03-28 10:31:29,342] {local_task_job.py:273} INFO - 1 downstream tasks scheduled from follow-on schedule check
