[2023-04-27 08:26:38,360] {taskinstance.py:1159} INFO - Dependencies all met for <TaskInstance: multi_defence_dag.Defence1 scheduled__2023-04-26T00:00:00+00:00 [queued]>
[2023-04-27 08:26:38,530] {taskinstance.py:1159} INFO - Dependencies all met for <TaskInstance: multi_defence_dag.Defence1 scheduled__2023-04-26T00:00:00+00:00 [queued]>
[2023-04-27 08:26:38,535] {taskinstance.py:1356} INFO - 
--------------------------------------------------------------------------------
[2023-04-27 08:26:38,539] {taskinstance.py:1357} INFO - Starting attempt 2 of 2
[2023-04-27 08:26:38,541] {taskinstance.py:1358} INFO - 
--------------------------------------------------------------------------------
[2023-04-27 08:26:38,711] {taskinstance.py:1377} INFO - Executing <Task(PythonOperator): Defence1> on 2023-04-26 00:00:00+00:00
[2023-04-27 08:26:38,756] {standard_task_runner.py:52} INFO - Started process 601 to run task
[2023-04-27 08:26:38,777] {standard_task_runner.py:79} INFO - Running: ['***', 'tasks', 'run', 'multi_defence_dag', 'Defence1', 'scheduled__2023-04-26T00:00:00+00:00', '--job-id', '6332', '--raw', '--subdir', 'DAGS_FOLDER/defence_dag.py', '--cfg-path', '/tmp/tmp91mhigse', '--error-file', '/tmp/tmp26rcvf_p']
[2023-04-27 08:26:38,784] {standard_task_runner.py:80} INFO - Job 6332: Subtask Defence1
[2023-04-27 08:26:39,694] {task_command.py:369} INFO - Running <TaskInstance: multi_defence_dag.Defence1 scheduled__2023-04-26T00:00:00+00:00 [running]> on host e7e31d5a6603
[2023-04-27 08:26:40,398] {taskinstance.py:1571} INFO - Exporting the following env vars:
AIRFLOW_CTX_DAG_OWNER=***
AIRFLOW_CTX_DAG_ID=multi_defence_dag
AIRFLOW_CTX_TASK_ID=Defence1
AIRFLOW_CTX_EXECUTION_DATE=2023-04-26T00:00:00+00:00
AIRFLOW_CTX_TRY_NUMBER=2
AIRFLOW_CTX_DAG_RUN_ID=scheduled__2023-04-26T00:00:00+00:00
[2023-04-27 08:26:40,578] {python.py:173} INFO - Done. Returned value was: None
[2023-04-27 08:26:40,822] {taskinstance.py:1400} INFO - Marking task as SUCCESS. dag_id=multi_defence_dag, task_id=Defence1, execution_date=20230426T000000, start_date=20230427T082638, end_date=20230427T082640
[2023-04-27 08:26:41,241] {local_task_job.py:156} INFO - Task exited with return code 0
[2023-04-27 08:26:42,400] {local_task_job.py:273} INFO - 1 downstream tasks scheduled from follow-on schedule check
