[2023-04-23 09:20:17,076] {taskinstance.py:1159} INFO - Dependencies all met for <TaskInstance: multi_defence_dag.stop manual__2023-04-23T09:19:38.287675+00:00 [queued]>
[2023-04-23 09:20:17,097] {taskinstance.py:1159} INFO - Dependencies all met for <TaskInstance: multi_defence_dag.stop manual__2023-04-23T09:19:38.287675+00:00 [queued]>
[2023-04-23 09:20:17,097] {taskinstance.py:1356} INFO - 
--------------------------------------------------------------------------------
[2023-04-23 09:20:17,098] {taskinstance.py:1357} INFO - Starting attempt 1 of 2
[2023-04-23 09:20:17,104] {taskinstance.py:1358} INFO - 
--------------------------------------------------------------------------------
[2023-04-23 09:20:17,120] {taskinstance.py:1377} INFO - Executing <Task(PythonOperator): stop> on 2023-04-23 09:19:38.287675+00:00
[2023-04-23 09:20:17,158] {standard_task_runner.py:52} INFO - Started process 254 to run task
[2023-04-23 09:20:17,162] {standard_task_runner.py:79} INFO - Running: ['***', 'tasks', 'run', 'multi_defence_dag', 'stop', 'manual__2023-04-23T09:19:38.287675+00:00', '--job-id', '6031', '--raw', '--subdir', 'DAGS_FOLDER/defence_dag.py', '--cfg-path', '/tmp/tmp1utzvrvi', '--error-file', '/tmp/tmp9x8nq5k1']
[2023-04-23 09:20:17,163] {standard_task_runner.py:80} INFO - Job 6031: Subtask stop
[2023-04-23 09:20:17,232] {task_command.py:369} INFO - Running <TaskInstance: multi_defence_dag.stop manual__2023-04-23T09:19:38.287675+00:00 [running]> on host a3dd7d962104
[2023-04-23 09:20:17,314] {taskinstance.py:1571} INFO - Exporting the following env vars:
AIRFLOW_CTX_DAG_OWNER=***
AIRFLOW_CTX_DAG_ID=multi_defence_dag
AIRFLOW_CTX_TASK_ID=stop
AIRFLOW_CTX_EXECUTION_DATE=2023-04-23T09:19:38.287675+00:00
AIRFLOW_CTX_TRY_NUMBER=1
AIRFLOW_CTX_DAG_RUN_ID=manual__2023-04-23T09:19:38.287675+00:00
[2023-04-23 09:20:17,316] {python.py:173} INFO - Done. Returned value was: Cycle has ended
[2023-04-23 09:20:17,346] {taskinstance.py:1400} INFO - Marking task as SUCCESS. dag_id=multi_defence_dag, task_id=stop, execution_date=20230423T091938, start_date=20230423T092017, end_date=20230423T092017
[2023-04-23 09:20:17,376] {local_task_job.py:156} INFO - Task exited with return code 0
[2023-04-23 09:20:17,410] {local_task_job.py:273} INFO - 0 downstream tasks scheduled from follow-on schedule check
