[2023-04-23 09:30:12,279] {taskinstance.py:1159} INFO - Dependencies all met for <TaskInstance: multi_attack_dag.choose_best manual__2023-04-23T09:24:12.998771+00:00 [queued]>
[2023-04-23 09:30:12,297] {taskinstance.py:1159} INFO - Dependencies all met for <TaskInstance: multi_attack_dag.choose_best manual__2023-04-23T09:24:12.998771+00:00 [queued]>
[2023-04-23 09:30:12,298] {taskinstance.py:1356} INFO - 
--------------------------------------------------------------------------------
[2023-04-23 09:30:12,299] {taskinstance.py:1357} INFO - Starting attempt 1 of 2
[2023-04-23 09:30:12,300] {taskinstance.py:1358} INFO - 
--------------------------------------------------------------------------------
[2023-04-23 09:30:12,322] {taskinstance.py:1377} INFO - Executing <Task(PythonOperator): choose_best> on 2023-04-23 09:24:12.998771+00:00
[2023-04-23 09:30:12,333] {standard_task_runner.py:52} INFO - Started process 811 to run task
[2023-04-23 09:30:12,338] {standard_task_runner.py:79} INFO - Running: ['***', 'tasks', 'run', 'multi_attack_dag', 'choose_best', 'manual__2023-04-23T09:24:12.998771+00:00', '--job-id', '6060', '--raw', '--subdir', 'DAGS_FOLDER/attack_dag.py', '--cfg-path', '/tmp/tmp66gh3k7g', '--error-file', '/tmp/tmpldpjnsag']
[2023-04-23 09:30:12,339] {standard_task_runner.py:80} INFO - Job 6060: Subtask choose_best
[2023-04-23 09:30:12,444] {task_command.py:369} INFO - Running <TaskInstance: multi_attack_dag.choose_best manual__2023-04-23T09:24:12.998771+00:00 [running]> on host a3dd7d962104
[2023-04-23 09:30:12,581] {taskinstance.py:1571} INFO - Exporting the following env vars:
AIRFLOW_CTX_DAG_OWNER=***
AIRFLOW_CTX_DAG_ID=multi_attack_dag
AIRFLOW_CTX_TASK_ID=choose_best
AIRFLOW_CTX_EXECUTION_DATE=2023-04-23T09:24:12.998771+00:00
AIRFLOW_CTX_TRY_NUMBER=1
AIRFLOW_CTX_DAG_RUN_ID=manual__2023-04-23T09:24:12.998771+00:00
[2023-04-23 09:30:12,629] {transport.py:157} INFO - Attempting refresh to obtain initial access_token
[2023-04-23 09:30:12,634] {client.py:777} INFO - Refreshing access_token
[2023-04-23 09:30:13,516] {transport.py:157} INFO - Attempting refresh to obtain initial access_token
[2023-04-23 09:30:13,518] {client.py:777} INFO - Refreshing access_token
[2023-04-23 09:30:14,470] {transport.py:157} INFO - Attempting refresh to obtain initial access_token
[2023-04-23 09:30:14,472] {client.py:777} INFO - Refreshing access_token
[2023-04-23 09:30:14,968] {python.py:173} INFO - Done. Returned value was: None
[2023-04-23 09:30:14,981] {taskinstance.py:1400} INFO - Marking task as SUCCESS. dag_id=multi_attack_dag, task_id=choose_best, execution_date=20230423T092412, start_date=20230423T093012, end_date=20230423T093014
[2023-04-23 09:30:15,004] {local_task_job.py:156} INFO - Task exited with return code 0
[2023-04-23 09:30:15,050] {local_task_job.py:273} INFO - 1 downstream tasks scheduled from follow-on schedule check
