[2023-03-23 15:50:57,219] {taskinstance.py:1159} INFO - Dependencies all met for <TaskInstance: multi_defence_dag.choose_best manual__2023-03-23T15:50:35.116324+00:00 [queued]>
[2023-03-23 15:50:57,268] {taskinstance.py:1159} INFO - Dependencies all met for <TaskInstance: multi_defence_dag.choose_best manual__2023-03-23T15:50:35.116324+00:00 [queued]>
[2023-03-23 15:50:57,270] {taskinstance.py:1356} INFO - 
--------------------------------------------------------------------------------
[2023-03-23 15:50:57,272] {taskinstance.py:1357} INFO - Starting attempt 1 of 2
[2023-03-23 15:50:57,274] {taskinstance.py:1358} INFO - 
--------------------------------------------------------------------------------
[2023-03-23 15:50:57,375] {taskinstance.py:1377} INFO - Executing <Task(PythonOperator): choose_best> on 2023-03-23 15:50:35.116324+00:00
[2023-03-23 15:50:57,390] {standard_task_runner.py:52} INFO - Started process 14102 to run task
[2023-03-23 15:50:57,406] {standard_task_runner.py:79} INFO - Running: ['***', 'tasks', 'run', 'multi_defence_dag', 'choose_best', 'manual__2023-03-23T15:50:35.116324+00:00', '--job-id', '3622', '--raw', '--subdir', 'DAGS_FOLDER/defence_dag.py', '--cfg-path', '/tmp/tmp_l8v0b02', '--error-file', '/tmp/tmpscsu9vgi']
[2023-03-23 15:50:57,412] {standard_task_runner.py:80} INFO - Job 3622: Subtask choose_best
[2023-03-23 15:50:57,768] {task_command.py:369} INFO - Running <TaskInstance: multi_defence_dag.choose_best manual__2023-03-23T15:50:35.116324+00:00 [running]> on host 6447f1dacd32
[2023-03-23 15:50:58,187] {taskinstance.py:1571} INFO - Exporting the following env vars:
AIRFLOW_CTX_DAG_OWNER=***
AIRFLOW_CTX_DAG_ID=multi_defence_dag
AIRFLOW_CTX_TASK_ID=choose_best
AIRFLOW_CTX_EXECUTION_DATE=2023-03-23T15:50:35.116324+00:00
AIRFLOW_CTX_TRY_NUMBER=1
AIRFLOW_CTX_DAG_RUN_ID=manual__2023-03-23T15:50:35.116324+00:00
[2023-03-23 15:50:58,433] {transport.py:157} INFO - Attempting refresh to obtain initial access_token
[2023-03-23 15:50:58,448] {client.py:777} INFO - Refreshing access_token
[2023-03-23 15:50:59,554] {transport.py:157} INFO - Attempting refresh to obtain initial access_token
[2023-03-23 15:50:59,557] {client.py:777} INFO - Refreshing access_token
[2023-03-23 15:51:00,214] {python.py:173} INFO - Done. Returned value was: None
[2023-03-23 15:51:00,268] {taskinstance.py:1400} INFO - Marking task as SUCCESS. dag_id=multi_defence_dag, task_id=choose_best, execution_date=20230323T155035, start_date=20230323T155057, end_date=20230323T155100
[2023-03-23 15:51:00,326] {local_task_job.py:156} INFO - Task exited with return code 0
[2023-03-23 15:51:00,443] {local_task_job.py:273} INFO - 1 downstream tasks scheduled from follow-on schedule check
