[2023-04-30 09:13:24,958] {taskinstance.py:1159} INFO - Dependencies all met for <TaskInstance: multi_attack_dag.trigger_defence manual__2023-04-30T09:07:35.568192+00:00 [queued]>
[2023-04-30 09:13:24,977] {taskinstance.py:1159} INFO - Dependencies all met for <TaskInstance: multi_attack_dag.trigger_defence manual__2023-04-30T09:07:35.568192+00:00 [queued]>
[2023-04-30 09:13:24,978] {taskinstance.py:1356} INFO - 
--------------------------------------------------------------------------------
[2023-04-30 09:13:24,983] {taskinstance.py:1357} INFO - Starting attempt 1 of 2
[2023-04-30 09:13:24,984] {taskinstance.py:1358} INFO - 
--------------------------------------------------------------------------------
[2023-04-30 09:13:25,022] {taskinstance.py:1377} INFO - Executing <Task(TriggerDagRunOperator): trigger_defence> on 2023-04-30 09:07:35.568192+00:00
[2023-04-30 09:13:25,033] {standard_task_runner.py:52} INFO - Started process 541 to run task
[2023-04-30 09:13:25,038] {standard_task_runner.py:79} INFO - Running: ['***', 'tasks', 'run', 'multi_attack_dag', 'trigger_defence', 'manual__2023-04-30T09:07:35.568192+00:00', '--job-id', '7255', '--raw', '--subdir', 'DAGS_FOLDER/attack_dag.py', '--cfg-path', '/tmp/tmp6l27v17s', '--error-file', '/tmp/tmpch5pwi1p']
[2023-04-30 09:13:25,039] {standard_task_runner.py:80} INFO - Job 7255: Subtask trigger_defence
[2023-04-30 09:13:25,114] {task_command.py:369} INFO - Running <TaskInstance: multi_attack_dag.trigger_defence manual__2023-04-30T09:07:35.568192+00:00 [running]> on host e7e31d5a6603
[2023-04-30 09:13:25,222] {taskinstance.py:1571} INFO - Exporting the following env vars:
AIRFLOW_CTX_DAG_OWNER=***
AIRFLOW_CTX_DAG_ID=multi_attack_dag
AIRFLOW_CTX_TASK_ID=trigger_defence
AIRFLOW_CTX_EXECUTION_DATE=2023-04-30T09:07:35.568192+00:00
AIRFLOW_CTX_TRY_NUMBER=1
AIRFLOW_CTX_DAG_RUN_ID=manual__2023-04-30T09:07:35.568192+00:00
[2023-04-30 09:13:26,220] {taskinstance.py:1400} INFO - Marking task as SUCCESS. dag_id=multi_attack_dag, task_id=trigger_defence, execution_date=20230430T090735, start_date=20230430T091324, end_date=20230430T091326
[2023-04-30 09:13:26,257] {local_task_job.py:156} INFO - Task exited with return code 0
[2023-04-30 09:13:26,316] {local_task_job.py:273} INFO - 0 downstream tasks scheduled from follow-on schedule check
