[2023-03-19 12:41:08,939] {taskinstance.py:1159} INFO - Dependencies all met for <TaskInstance: attack_dag2.attack manual__2023-03-19T12:41:07.973365+00:00 [queued]>
[2023-03-19 12:41:08,947] {taskinstance.py:1159} INFO - Dependencies all met for <TaskInstance: attack_dag2.attack manual__2023-03-19T12:41:07.973365+00:00 [queued]>
[2023-03-19 12:41:08,948] {taskinstance.py:1356} INFO - 
--------------------------------------------------------------------------------
[2023-03-19 12:41:08,948] {taskinstance.py:1357} INFO - Starting attempt 1 of 1
[2023-03-19 12:41:08,949] {taskinstance.py:1358} INFO - 
--------------------------------------------------------------------------------
[2023-03-19 12:41:08,964] {taskinstance.py:1377} INFO - Executing <Task(PythonOperator): attack> on 2023-03-19 12:41:07.973365+00:00
[2023-03-19 12:41:08,970] {standard_task_runner.py:52} INFO - Started process 84 to run task
[2023-03-19 12:41:08,973] {standard_task_runner.py:79} INFO - Running: ['***', 'tasks', 'run', 'attack_dag2', 'attack', 'manual__2023-03-19T12:41:07.973365+00:00', '--job-id', '1689', '--raw', '--subdir', 'DAGS_FOLDER/attack.py', '--cfg-path', '/tmp/tmplve0w91x', '--error-file', '/tmp/tmpmad8evk0']
[2023-03-19 12:41:08,974] {standard_task_runner.py:80} INFO - Job 1689: Subtask attack
[2023-03-19 12:41:09,025] {task_command.py:369} INFO - Running <TaskInstance: attack_dag2.attack manual__2023-03-19T12:41:07.973365+00:00 [running]> on host e8c10a6b6dce
[2023-03-19 12:41:09,093] {taskinstance.py:1571} INFO - Exporting the following env vars:
AIRFLOW_CTX_DAG_OWNER=***
AIRFLOW_CTX_DAG_ID=attack_dag2
AIRFLOW_CTX_TASK_ID=attack
AIRFLOW_CTX_EXECUTION_DATE=2023-03-19T12:41:07.973365+00:00
AIRFLOW_CTX_TRY_NUMBER=1
AIRFLOW_CTX_DAG_RUN_ID=manual__2023-03-19T12:41:07.973365+00:00
[2023-03-19 12:41:09,099] {transport.py:157} INFO - Attempting refresh to obtain initial access_token
[2023-03-19 12:41:09,102] {client.py:777} INFO - Refreshing access_token
[2023-03-19 12:41:10,134] {logging_mixin.py:115} INFO - Ran out of input
[2023-03-19 12:41:10,141] {transport.py:157} INFO - Attempting refresh to obtain initial access_token
[2023-03-19 12:41:10,143] {client.py:777} INFO - Refreshing access_token
[2023-03-19 12:41:10,784] {python.py:173} INFO - Done. Returned value was: None
[2023-03-19 12:41:10,798] {taskinstance.py:1400} INFO - Marking task as SUCCESS. dag_id=attack_dag2, task_id=attack, execution_date=20230319T124107, start_date=20230319T124108, end_date=20230319T124110
[2023-03-19 12:41:10,837] {local_task_job.py:156} INFO - Task exited with return code 0
[2023-03-19 12:41:10,872] {local_task_job.py:273} INFO - 1 downstream tasks scheduled from follow-on schedule check
