[2023-04-16 13:28:07,450] {taskinstance.py:1159} INFO - Dependencies all met for <TaskInstance: estimator_match_DAG.get_estiamtor scheduled__2023-04-09T00:00:00+00:00 [queued]>
[2023-04-16 13:28:07,480] {taskinstance.py:1159} INFO - Dependencies all met for <TaskInstance: estimator_match_DAG.get_estiamtor scheduled__2023-04-09T00:00:00+00:00 [queued]>
[2023-04-16 13:28:07,481] {taskinstance.py:1356} INFO - 
--------------------------------------------------------------------------------
[2023-04-16 13:28:07,482] {taskinstance.py:1357} INFO - Starting attempt 2 of 2
[2023-04-16 13:28:07,483] {taskinstance.py:1358} INFO - 
--------------------------------------------------------------------------------
[2023-04-16 13:28:07,548] {taskinstance.py:1377} INFO - Executing <Task(PythonOperator): get_estiamtor> on 2023-04-09 00:00:00+00:00
[2023-04-16 13:28:07,591] {standard_task_runner.py:52} INFO - Started process 430 to run task
[2023-04-16 13:28:07,608] {standard_task_runner.py:79} INFO - Running: ['***', 'tasks', 'run', 'estimator_match_DAG', 'get_estiamtor', 'scheduled__2023-04-09T00:00:00+00:00', '--job-id', '5155', '--raw', '--subdir', 'DAGS_FOLDER/estimator_match.py', '--cfg-path', '/tmp/tmp8t39ddb3', '--error-file', '/tmp/tmpl0xfo148']
[2023-04-16 13:28:07,617] {standard_task_runner.py:80} INFO - Job 5155: Subtask get_estiamtor
[2023-04-16 13:28:07,798] {task_command.py:369} INFO - Running <TaskInstance: estimator_match_DAG.get_estiamtor scheduled__2023-04-09T00:00:00+00:00 [running]> on host c5458bb8a35c
[2023-04-16 13:28:08,180] {taskinstance.py:1571} INFO - Exporting the following env vars:
AIRFLOW_CTX_DAG_OWNER=***
AIRFLOW_CTX_DAG_ID=estimator_match_DAG
AIRFLOW_CTX_TASK_ID=get_estiamtor
AIRFLOW_CTX_EXECUTION_DATE=2023-04-09T00:00:00+00:00
AIRFLOW_CTX_TRY_NUMBER=2
AIRFLOW_CTX_DAG_RUN_ID=scheduled__2023-04-09T00:00:00+00:00
[2023-04-16 13:28:08,190] {transport.py:157} INFO - Attempting refresh to obtain initial access_token
[2023-04-16 13:28:08,203] {client.py:777} INFO - Refreshing access_token
[2023-04-16 13:28:09,019] {transport.py:157} INFO - Attempting refresh to obtain initial access_token
[2023-04-16 13:28:09,028] {client.py:777} INFO - Refreshing access_token
[2023-04-16 13:28:10,201] {transport.py:157} INFO - Attempting refresh to obtain initial access_token
[2023-04-16 13:28:10,221] {client.py:777} INFO - Refreshing access_token
[2023-04-16 13:28:11,031] {pytorch.py:1198} INFO - Inferred 5 hidden layers on PyTorch classifier.
[2023-04-16 13:28:11,121] {python.py:173} INFO - Done. Returned value was: None
[2023-04-16 13:28:11,218] {taskinstance.py:1400} INFO - Marking task as SUCCESS. dag_id=estimator_match_DAG, task_id=get_estiamtor, execution_date=20230409T000000, start_date=20230416T132807, end_date=20230416T132811
[2023-04-16 13:28:11,467] {local_task_job.py:156} INFO - Task exited with return code 0
[2023-04-16 13:28:11,688] {local_task_job.py:273} INFO - 0 downstream tasks scheduled from follow-on schedule check
