[2023-04-30 08:14:06,039] {taskinstance.py:1159} INFO - Dependencies all met for <TaskInstance: multi_defence_dag.to_defence1 manual__2023-04-30T08:13:57.239725+00:00 [queued]>
[2023-04-30 08:14:06,050] {taskinstance.py:1159} INFO - Dependencies all met for <TaskInstance: multi_defence_dag.to_defence1 manual__2023-04-30T08:13:57.239725+00:00 [queued]>
[2023-04-30 08:14:06,051] {taskinstance.py:1356} INFO - 
--------------------------------------------------------------------------------
[2023-04-30 08:14:06,052] {taskinstance.py:1357} INFO - Starting attempt 1 of 2
[2023-04-30 08:14:06,053] {taskinstance.py:1358} INFO - 
--------------------------------------------------------------------------------
[2023-04-30 08:14:06,074] {taskinstance.py:1377} INFO - Executing <Task(BranchPythonOperator): to_defence1> on 2023-04-30 08:13:57.239725+00:00
[2023-04-30 08:14:06,084] {standard_task_runner.py:52} INFO - Started process 1224 to run task
[2023-04-30 08:14:06,089] {standard_task_runner.py:79} INFO - Running: ['***', 'tasks', 'run', 'multi_defence_dag', 'to_defence1', 'manual__2023-04-30T08:13:57.239725+00:00', '--job-id', '7159', '--raw', '--subdir', 'DAGS_FOLDER/defence_dag.py', '--cfg-path', '/tmp/tmpzah8lk25', '--error-file', '/tmp/tmp1h3sio6w']
[2023-04-30 08:14:06,090] {standard_task_runner.py:80} INFO - Job 7159: Subtask to_defence1
[2023-04-30 08:14:06,178] {task_command.py:369} INFO - Running <TaskInstance: multi_defence_dag.to_defence1 manual__2023-04-30T08:13:57.239725+00:00 [running]> on host e7e31d5a6603
[2023-04-30 08:14:06,286] {taskinstance.py:1571} INFO - Exporting the following env vars:
AIRFLOW_CTX_DAG_OWNER=***
AIRFLOW_CTX_DAG_ID=multi_defence_dag
AIRFLOW_CTX_TASK_ID=to_defence1
AIRFLOW_CTX_EXECUTION_DATE=2023-04-30T08:13:57.239725+00:00
AIRFLOW_CTX_TRY_NUMBER=1
AIRFLOW_CTX_DAG_RUN_ID=manual__2023-04-30T08:13:57.239725+00:00
[2023-04-30 08:14:06,311] {python.py:173} INFO - Done. Returned value was: Defence1
[2023-04-30 08:14:06,312] {skipmixin.py:140} INFO - Following branch Defence1
[2023-04-30 08:14:06,313] {skipmixin.py:175} INFO - Skipping tasks ['default']
[2023-04-30 08:14:06,425] {taskinstance.py:1400} INFO - Marking task as SUCCESS. dag_id=multi_defence_dag, task_id=to_defence1, execution_date=20230430T081357, start_date=20230430T081406, end_date=20230430T081406
[2023-04-30 08:14:06,546] {local_task_job.py:156} INFO - Task exited with return code 0
[2023-04-30 08:14:06,641] {local_task_job.py:273} INFO - 1 downstream tasks scheduled from follow-on schedule check
