[2023-04-30 07:59:08,608] {taskinstance.py:1159} INFO - Dependencies all met for <TaskInstance: multi_defence_dag.to_defence3 scheduled__2023-04-29T00:00:00+00:00 [queued]>
[2023-04-30 07:59:08,698] {taskinstance.py:1159} INFO - Dependencies all met for <TaskInstance: multi_defence_dag.to_defence3 scheduled__2023-04-29T00:00:00+00:00 [queued]>
[2023-04-30 07:59:08,707] {taskinstance.py:1356} INFO - 
--------------------------------------------------------------------------------
[2023-04-30 07:59:08,718] {taskinstance.py:1357} INFO - Starting attempt 1 of 2
[2023-04-30 07:59:08,718] {taskinstance.py:1358} INFO - 
--------------------------------------------------------------------------------
[2023-04-30 07:59:08,765] {taskinstance.py:1377} INFO - Executing <Task(BranchPythonOperator): to_defence3> on 2023-04-29 00:00:00+00:00
[2023-04-30 07:59:08,791] {standard_task_runner.py:52} INFO - Started process 192 to run task
[2023-04-30 07:59:08,827] {standard_task_runner.py:79} INFO - Running: ['***', 'tasks', 'run', 'multi_defence_dag', 'to_defence3', 'scheduled__2023-04-29T00:00:00+00:00', '--job-id', '7021', '--raw', '--subdir', 'DAGS_FOLDER/defence_dag.py', '--cfg-path', '/tmp/tmpjxwkdjiz', '--error-file', '/tmp/tmpdnh3gy83']
[2023-04-30 07:59:08,841] {standard_task_runner.py:80} INFO - Job 7021: Subtask to_defence3
[2023-04-30 07:59:09,111] {task_command.py:369} INFO - Running <TaskInstance: multi_defence_dag.to_defence3 scheduled__2023-04-29T00:00:00+00:00 [running]> on host e7e31d5a6603
[2023-04-30 07:59:09,948] {taskinstance.py:1571} INFO - Exporting the following env vars:
AIRFLOW_CTX_DAG_OWNER=***
AIRFLOW_CTX_DAG_ID=multi_defence_dag
AIRFLOW_CTX_TASK_ID=to_defence3
AIRFLOW_CTX_EXECUTION_DATE=2023-04-29T00:00:00+00:00
AIRFLOW_CTX_TRY_NUMBER=1
AIRFLOW_CTX_DAG_RUN_ID=scheduled__2023-04-29T00:00:00+00:00
[2023-04-30 07:59:10,080] {python.py:173} INFO - Done. Returned value was: Defence3
[2023-04-30 07:59:10,088] {skipmixin.py:140} INFO - Following branch Defence3
[2023-04-30 07:59:10,090] {skipmixin.py:175} INFO - Skipping tasks ['default']
[2023-04-30 07:59:10,580] {taskinstance.py:1400} INFO - Marking task as SUCCESS. dag_id=multi_defence_dag, task_id=to_defence3, execution_date=20230429T000000, start_date=20230430T075908, end_date=20230430T075910
[2023-04-30 07:59:10,920] {local_task_job.py:156} INFO - Task exited with return code 0
[2023-04-30 07:59:11,209] {local_task_job.py:273} INFO - 1 downstream tasks scheduled from follow-on schedule check
