[2023-03-28 10:29:50,492] {taskinstance.py:1159} INFO - Dependencies all met for <TaskInstance: defence_dag2.storing manual__2023-03-28T10:29:48.566487+00:00 [queued]>
[2023-03-28 10:29:50,506] {taskinstance.py:1159} INFO - Dependencies all met for <TaskInstance: defence_dag2.storing manual__2023-03-28T10:29:48.566487+00:00 [queued]>
[2023-03-28 10:29:50,507] {taskinstance.py:1356} INFO - 
--------------------------------------------------------------------------------
[2023-03-28 10:29:50,507] {taskinstance.py:1357} INFO - Starting attempt 1 of 1
[2023-03-28 10:29:50,509] {taskinstance.py:1358} INFO - 
--------------------------------------------------------------------------------
[2023-03-28 10:29:50,529] {taskinstance.py:1377} INFO - Executing <Task(BashOperator): storing> on 2023-03-28 10:29:48.566487+00:00
[2023-03-28 10:29:50,540] {standard_task_runner.py:52} INFO - Started process 2318 to run task
[2023-03-28 10:29:50,544] {standard_task_runner.py:79} INFO - Running: ['***', 'tasks', 'run', 'defence_dag2', 'storing', 'manual__2023-03-28T10:29:48.566487+00:00', '--job-id', '4296', '--raw', '--subdir', 'DAGS_FOLDER/defese.py', '--cfg-path', '/tmp/tmpnw8va9k_', '--error-file', '/tmp/tmp2c6843m6']
[2023-03-28 10:29:50,545] {standard_task_runner.py:80} INFO - Job 4296: Subtask storing
[2023-03-28 10:29:50,640] {task_command.py:369} INFO - Running <TaskInstance: defence_dag2.storing manual__2023-03-28T10:29:48.566487+00:00 [running]> on host 70f8824ef075
[2023-03-28 10:29:50,734] {taskinstance.py:1571} INFO - Exporting the following env vars:
AIRFLOW_CTX_DAG_OWNER=***
AIRFLOW_CTX_DAG_ID=defence_dag2
AIRFLOW_CTX_TASK_ID=storing
AIRFLOW_CTX_EXECUTION_DATE=2023-03-28T10:29:48.566487+00:00
AIRFLOW_CTX_TRY_NUMBER=1
AIRFLOW_CTX_DAG_RUN_ID=manual__2023-03-28T10:29:48.566487+00:00
[2023-03-28 10:29:50,738] {subprocess.py:62} INFO - Tmp dir root location: 
 /tmp
[2023-03-28 10:29:50,740] {subprocess.py:74} INFO - Running command: ['bash', '-c', 'sleep 1']
[2023-03-28 10:29:50,762] {subprocess.py:85} INFO - Output:
[2023-03-28 10:29:51,766] {subprocess.py:96} INFO - Command exited with return code 0
[2023-03-28 10:29:51,829] {taskinstance.py:1400} INFO - Marking task as SUCCESS. dag_id=defence_dag2, task_id=storing, execution_date=20230328T102948, start_date=20230328T102950, end_date=20230328T102951
[2023-03-28 10:29:51,884] {local_task_job.py:156} INFO - Task exited with return code 0
[2023-03-28 10:29:51,932] {local_task_job.py:273} INFO - 1 downstream tasks scheduled from follow-on schedule check
