[2023-03-23 15:49:12,866] {taskinstance.py:1159} INFO - Dependencies all met for <TaskInstance: multi_defence_dag.trigger_offence manual__2023-03-23T15:48:47.419987+00:00 [queued]>
[2023-03-23 15:49:12,949] {taskinstance.py:1159} INFO - Dependencies all met for <TaskInstance: multi_defence_dag.trigger_offence manual__2023-03-23T15:48:47.419987+00:00 [queued]>
[2023-03-23 15:49:12,950] {taskinstance.py:1356} INFO - 
--------------------------------------------------------------------------------
[2023-03-23 15:49:12,953] {taskinstance.py:1357} INFO - Starting attempt 1 of 2
[2023-03-23 15:49:12,954] {taskinstance.py:1358} INFO - 
--------------------------------------------------------------------------------
[2023-03-23 15:49:13,051] {taskinstance.py:1377} INFO - Executing <Task(TriggerDagRunOperator): trigger_offence> on 2023-03-23 15:48:47.419987+00:00
[2023-03-23 15:49:13,139] {standard_task_runner.py:52} INFO - Started process 13972 to run task
[2023-03-23 15:49:13,165] {standard_task_runner.py:79} INFO - Running: ['***', 'tasks', 'run', 'multi_defence_dag', 'trigger_offence', 'manual__2023-03-23T15:48:47.419987+00:00', '--job-id', '3586', '--raw', '--subdir', 'DAGS_FOLDER/defence_dag.py', '--cfg-path', '/tmp/tmpar3gthu0', '--error-file', '/tmp/tmpo7l02hdn']
[2023-03-23 15:49:13,173] {standard_task_runner.py:80} INFO - Job 3586: Subtask trigger_offence
[2023-03-23 15:49:13,555] {task_command.py:369} INFO - Running <TaskInstance: multi_defence_dag.trigger_offence manual__2023-03-23T15:48:47.419987+00:00 [running]> on host 6447f1dacd32
[2023-03-23 15:49:13,921] {taskinstance.py:1571} INFO - Exporting the following env vars:
AIRFLOW_CTX_DAG_OWNER=***
AIRFLOW_CTX_DAG_ID=multi_defence_dag
AIRFLOW_CTX_TASK_ID=trigger_offence
AIRFLOW_CTX_EXECUTION_DATE=2023-03-23T15:48:47.419987+00:00
AIRFLOW_CTX_TRY_NUMBER=1
AIRFLOW_CTX_DAG_RUN_ID=manual__2023-03-23T15:48:47.419987+00:00
[2023-03-23 15:49:17,497] {taskinstance.py:1400} INFO - Marking task as SUCCESS. dag_id=multi_defence_dag, task_id=trigger_offence, execution_date=20230323T154847, start_date=20230323T154912, end_date=20230323T154917
[2023-03-23 15:49:17,596] {local_task_job.py:156} INFO - Task exited with return code 0
[2023-03-23 15:49:17,727] {local_task_job.py:273} INFO - 0 downstream tasks scheduled from follow-on schedule check
