[2023-03-16 12:07:08,531] {taskinstance.py:1159} INFO - Dependencies all met for <TaskInstance: defence_dag2.defence1 manual__2023-03-16T12:07:05.482579+00:00 [queued]>
[2023-03-16 12:07:08,539] {taskinstance.py:1159} INFO - Dependencies all met for <TaskInstance: defence_dag2.defence1 manual__2023-03-16T12:07:05.482579+00:00 [queued]>
[2023-03-16 12:07:08,540] {taskinstance.py:1356} INFO - 
--------------------------------------------------------------------------------
[2023-03-16 12:07:08,540] {taskinstance.py:1357} INFO - Starting attempt 1 of 1
[2023-03-16 12:07:08,541] {taskinstance.py:1358} INFO - 
--------------------------------------------------------------------------------
[2023-03-16 12:07:08,552] {taskinstance.py:1377} INFO - Executing <Task(PythonOperator): defence1> on 2023-03-16 12:07:05.482579+00:00
[2023-03-16 12:07:08,556] {standard_task_runner.py:52} INFO - Started process 138 to run task
[2023-03-16 12:07:08,558] {standard_task_runner.py:79} INFO - Running: ['***', 'tasks', 'run', 'defence_dag2', 'defence1', 'manual__2023-03-16T12:07:05.482579+00:00', '--job-id', '1251', '--raw', '--subdir', 'DAGS_FOLDER/defese.py', '--cfg-path', '/tmp/tmpk0xiiji8', '--error-file', '/tmp/tmpcmqd_fm4']
[2023-03-16 12:07:08,559] {standard_task_runner.py:80} INFO - Job 1251: Subtask defence1
[2023-03-16 12:07:08,604] {task_command.py:369} INFO - Running <TaskInstance: defence_dag2.defence1 manual__2023-03-16T12:07:05.482579+00:00 [running]> on host 596adcca7378
[2023-03-16 12:07:08,662] {taskinstance.py:1571} INFO - Exporting the following env vars:
AIRFLOW_CTX_DAG_OWNER=***
AIRFLOW_CTX_DAG_ID=defence_dag2
AIRFLOW_CTX_TASK_ID=defence1
AIRFLOW_CTX_EXECUTION_DATE=2023-03-16T12:07:05.482579+00:00
AIRFLOW_CTX_TRY_NUMBER=1
AIRFLOW_CTX_DAG_RUN_ID=manual__2023-03-16T12:07:05.482579+00:00
[2023-03-16 12:07:08,663] {logging_mixin.py:115} INFO - defensing
[2023-03-16 12:07:08,664] {python.py:173} INFO - Done. Returned value was: None
[2023-03-16 12:07:08,675] {taskinstance.py:1400} INFO - Marking task as SUCCESS. dag_id=defence_dag2, task_id=defence1, execution_date=20230316T120705, start_date=20230316T120708, end_date=20230316T120708
[2023-03-16 12:07:08,692] {local_task_job.py:156} INFO - Task exited with return code 0
[2023-03-16 12:07:08,726] {local_task_job.py:273} INFO - 1 downstream tasks scheduled from follow-on schedule check
