[2023-04-18 06:16:13,194] {taskinstance.py:1159} INFO - Dependencies all met for <TaskInstance: multi_defence_dag.to_defence2 manual__2023-04-18T06:16:04.615552+00:00 [queued]>
[2023-04-18 06:16:13,216] {taskinstance.py:1159} INFO - Dependencies all met for <TaskInstance: multi_defence_dag.to_defence2 manual__2023-04-18T06:16:04.615552+00:00 [queued]>
[2023-04-18 06:16:13,217] {taskinstance.py:1356} INFO - 
--------------------------------------------------------------------------------
[2023-04-18 06:16:13,219] {taskinstance.py:1357} INFO - Starting attempt 1 of 2
[2023-04-18 06:16:13,220] {taskinstance.py:1358} INFO - 
--------------------------------------------------------------------------------
[2023-04-18 06:16:13,262] {taskinstance.py:1377} INFO - Executing <Task(BranchPythonOperator): to_defence2> on 2023-04-18 06:16:04.615552+00:00
[2023-04-18 06:16:13,278] {standard_task_runner.py:52} INFO - Started process 393 to run task
[2023-04-18 06:16:13,293] {standard_task_runner.py:79} INFO - Running: ['***', 'tasks', 'run', 'multi_defence_dag', 'to_defence2', 'manual__2023-04-18T06:16:04.615552+00:00', '--job-id', '5475', '--raw', '--subdir', 'DAGS_FOLDER/defence_dag.py', '--cfg-path', '/tmp/tmpy0vc00td', '--error-file', '/tmp/tmp6h2psn_u']
[2023-04-18 06:16:13,295] {standard_task_runner.py:80} INFO - Job 5475: Subtask to_defence2
[2023-04-18 06:16:13,476] {task_command.py:369} INFO - Running <TaskInstance: multi_defence_dag.to_defence2 manual__2023-04-18T06:16:04.615552+00:00 [running]> on host a3dd7d962104
[2023-04-18 06:16:13,682] {taskinstance.py:1571} INFO - Exporting the following env vars:
AIRFLOW_CTX_DAG_OWNER=***
AIRFLOW_CTX_DAG_ID=multi_defence_dag
AIRFLOW_CTX_TASK_ID=to_defence2
AIRFLOW_CTX_EXECUTION_DATE=2023-04-18T06:16:04.615552+00:00
AIRFLOW_CTX_TRY_NUMBER=1
AIRFLOW_CTX_DAG_RUN_ID=manual__2023-04-18T06:16:04.615552+00:00
[2023-04-18 06:16:13,714] {python.py:173} INFO - Done. Returned value was: Defence2
[2023-04-18 06:16:13,715] {skipmixin.py:140} INFO - Following branch Defence2
[2023-04-18 06:16:13,717] {skipmixin.py:175} INFO - Skipping tasks ['default']
[2023-04-18 06:16:13,876] {taskinstance.py:1400} INFO - Marking task as SUCCESS. dag_id=multi_defence_dag, task_id=to_defence2, execution_date=20230418T061604, start_date=20230418T061613, end_date=20230418T061613
[2023-04-18 06:16:13,952] {local_task_job.py:156} INFO - Task exited with return code 0
[2023-04-18 06:16:14,109] {local_task_job.py:273} INFO - 1 downstream tasks scheduled from follow-on schedule check
