[2023-03-23 11:14:06,821] {taskinstance.py:1159} INFO - Dependencies all met for <TaskInstance: attack_dag2.trigger_defence manual__2023-03-23T11:14:02.625158+00:00 [queued]>
[2023-03-23 11:14:06,831] {taskinstance.py:1159} INFO - Dependencies all met for <TaskInstance: attack_dag2.trigger_defence manual__2023-03-23T11:14:02.625158+00:00 [queued]>
[2023-03-23 11:14:06,831] {taskinstance.py:1356} INFO - 
--------------------------------------------------------------------------------
[2023-03-23 11:14:06,833] {taskinstance.py:1357} INFO - Starting attempt 1 of 1
[2023-03-23 11:14:06,833] {taskinstance.py:1358} INFO - 
--------------------------------------------------------------------------------
[2023-03-23 11:14:06,846] {taskinstance.py:1377} INFO - Executing <Task(TriggerDagRunOperator): trigger_defence> on 2023-03-23 11:14:02.625158+00:00
[2023-03-23 11:14:06,850] {standard_task_runner.py:52} INFO - Started process 1293 to run task
[2023-03-23 11:14:06,853] {standard_task_runner.py:79} INFO - Running: ['***', 'tasks', 'run', 'attack_dag2', 'trigger_defence', 'manual__2023-03-23T11:14:02.625158+00:00', '--job-id', '2615', '--raw', '--subdir', 'DAGS_FOLDER/attack.py', '--cfg-path', '/tmp/tmpuiejkqft', '--error-file', '/tmp/tmpzdytgbga']
[2023-03-23 11:14:06,854] {standard_task_runner.py:80} INFO - Job 2615: Subtask trigger_defence
[2023-03-23 11:14:06,900] {task_command.py:369} INFO - Running <TaskInstance: attack_dag2.trigger_defence manual__2023-03-23T11:14:02.625158+00:00 [running]> on host 6447f1dacd32
[2023-03-23 11:14:06,955] {taskinstance.py:1571} INFO - Exporting the following env vars:
AIRFLOW_CTX_DAG_OWNER=***
AIRFLOW_CTX_DAG_ID=attack_dag2
AIRFLOW_CTX_TASK_ID=trigger_defence
AIRFLOW_CTX_EXECUTION_DATE=2023-03-23T11:14:02.625158+00:00
AIRFLOW_CTX_TRY_NUMBER=1
AIRFLOW_CTX_DAG_RUN_ID=manual__2023-03-23T11:14:02.625158+00:00
[2023-03-23 11:14:07,706] {taskinstance.py:1400} INFO - Marking task as SUCCESS. dag_id=attack_dag2, task_id=trigger_defence, execution_date=20230323T111402, start_date=20230323T111406, end_date=20230323T111407
[2023-03-23 11:14:07,749] {local_task_job.py:156} INFO - Task exited with return code 0
[2023-03-23 11:14:07,781] {local_task_job.py:273} INFO - 0 downstream tasks scheduled from follow-on schedule check
