[2023-03-16 16:58:14,122] {taskinstance.py:1159} INFO - Dependencies all met for <TaskInstance: xcom_dag.trigger_defence manual__2023-03-16T16:58:08.303206+00:00 [queued]>
[2023-03-16 16:58:14,130] {taskinstance.py:1159} INFO - Dependencies all met for <TaskInstance: xcom_dag.trigger_defence manual__2023-03-16T16:58:08.303206+00:00 [queued]>
[2023-03-16 16:58:14,131] {taskinstance.py:1356} INFO - 
--------------------------------------------------------------------------------
[2023-03-16 16:58:14,131] {taskinstance.py:1357} INFO - Starting attempt 1 of 2
[2023-03-16 16:58:14,131] {taskinstance.py:1358} INFO - 
--------------------------------------------------------------------------------
[2023-03-16 16:58:14,142] {taskinstance.py:1377} INFO - Executing <Task(TriggerDagRunOperator): trigger_defence> on 2023-03-16 16:58:08.303206+00:00
[2023-03-16 16:58:14,146] {standard_task_runner.py:52} INFO - Started process 170 to run task
[2023-03-16 16:58:14,148] {standard_task_runner.py:79} INFO - Running: ['***', 'tasks', 'run', 'xcom_dag', 'trigger_defence', 'manual__2023-03-16T16:58:08.303206+00:00', '--job-id', '1481', '--raw', '--subdir', 'DAGS_FOLDER/dynamic_dag.py', '--cfg-path', '/tmp/tmpogojrrah', '--error-file', '/tmp/tmpf7z1xb9q']
[2023-03-16 16:58:14,149] {standard_task_runner.py:80} INFO - Job 1481: Subtask trigger_defence
[2023-03-16 16:58:14,188] {task_command.py:369} INFO - Running <TaskInstance: xcom_dag.trigger_defence manual__2023-03-16T16:58:08.303206+00:00 [running]> on host 596adcca7378
[2023-03-16 16:58:14,243] {taskinstance.py:1571} INFO - Exporting the following env vars:
AIRFLOW_CTX_DAG_OWNER=***
AIRFLOW_CTX_DAG_ID=xcom_dag
AIRFLOW_CTX_TASK_ID=trigger_defence
AIRFLOW_CTX_EXECUTION_DATE=2023-03-16T16:58:08.303206+00:00
AIRFLOW_CTX_TRY_NUMBER=1
AIRFLOW_CTX_DAG_RUN_ID=manual__2023-03-16T16:58:08.303206+00:00
[2023-03-16 16:58:14,958] {taskinstance.py:1400} INFO - Marking task as SUCCESS. dag_id=xcom_dag, task_id=trigger_defence, execution_date=20230316T165808, start_date=20230316T165814, end_date=20230316T165814
[2023-03-16 16:58:15,005] {local_task_job.py:156} INFO - Task exited with return code 0
[2023-03-16 16:58:15,035] {local_task_job.py:273} INFO - 0 downstream tasks scheduled from follow-on schedule check
