[2023-03-12 15:52:55,103] {taskinstance.py:1159} INFO - Dependencies all met for <TaskInstance: defence_dag.storing manual__2023-03-12T15:52:53.665138+00:00 [queued]>
[2023-03-12 15:52:55,118] {taskinstance.py:1159} INFO - Dependencies all met for <TaskInstance: defence_dag.storing manual__2023-03-12T15:52:53.665138+00:00 [queued]>
[2023-03-12 15:52:55,118] {taskinstance.py:1356} INFO - 
--------------------------------------------------------------------------------
[2023-03-12 15:52:55,119] {taskinstance.py:1357} INFO - Starting attempt 1 of 1
[2023-03-12 15:52:55,120] {taskinstance.py:1358} INFO - 
--------------------------------------------------------------------------------
[2023-03-12 15:52:55,136] {taskinstance.py:1377} INFO - Executing <Task(BashOperator): storing> on 2023-03-12 15:52:53.665138+00:00
[2023-03-12 15:52:55,140] {standard_task_runner.py:52} INFO - Started process 182 to run task
[2023-03-12 15:52:55,143] {standard_task_runner.py:79} INFO - Running: ['***', 'tasks', 'run', 'defence_dag', 'storing', 'manual__2023-03-12T15:52:53.665138+00:00', '--job-id', '627', '--raw', '--subdir', 'DAGS_FOLDER/defese.py', '--cfg-path', '/tmp/tmp9g0e7u4s', '--error-file', '/tmp/tmpzc_dgw2x']
[2023-03-12 15:52:55,143] {standard_task_runner.py:80} INFO - Job 627: Subtask storing
[2023-03-12 15:52:55,192] {task_command.py:369} INFO - Running <TaskInstance: defence_dag.storing manual__2023-03-12T15:52:53.665138+00:00 [running]> on host 596adcca7378
[2023-03-12 15:52:55,257] {taskinstance.py:1571} INFO - Exporting the following env vars:
AIRFLOW_CTX_DAG_OWNER=***
AIRFLOW_CTX_DAG_ID=defence_dag
AIRFLOW_CTX_TASK_ID=storing
AIRFLOW_CTX_EXECUTION_DATE=2023-03-12T15:52:53.665138+00:00
AIRFLOW_CTX_TRY_NUMBER=1
AIRFLOW_CTX_DAG_RUN_ID=manual__2023-03-12T15:52:53.665138+00:00
[2023-03-12 15:52:55,258] {subprocess.py:62} INFO - Tmp dir root location: 
 /tmp
[2023-03-12 15:52:55,259] {subprocess.py:74} INFO - Running command: ['bash', '-c', 'sleep 1']
[2023-03-12 15:52:55,267] {subprocess.py:85} INFO - Output:
[2023-03-12 15:52:56,271] {subprocess.py:96} INFO - Command exited with return code 0
[2023-03-12 15:52:56,302] {taskinstance.py:1400} INFO - Marking task as SUCCESS. dag_id=defence_dag, task_id=storing, execution_date=20230312T155253, start_date=20230312T155255, end_date=20230312T155256
[2023-03-12 15:52:56,322] {local_task_job.py:156} INFO - Task exited with return code 0
[2023-03-12 15:52:56,355] {local_task_job.py:273} INFO - 1 downstream tasks scheduled from follow-on schedule check
