[2023-03-12 15:52:18,348] {taskinstance.py:1159} INFO - Dependencies all met for <TaskInstance: defence_dag.defence1 manual__2023-03-12T15:52:14.765919+00:00 [queued]>
[2023-03-12 15:52:18,358] {taskinstance.py:1159} INFO - Dependencies all met for <TaskInstance: defence_dag.defence1 manual__2023-03-12T15:52:14.765919+00:00 [queued]>
[2023-03-12 15:52:18,358] {taskinstance.py:1356} INFO - 
--------------------------------------------------------------------------------
[2023-03-12 15:52:18,359] {taskinstance.py:1357} INFO - Starting attempt 1 of 1
[2023-03-12 15:52:18,360] {taskinstance.py:1358} INFO - 
--------------------------------------------------------------------------------
[2023-03-12 15:52:18,372] {taskinstance.py:1377} INFO - Executing <Task(PythonOperator): defence1> on 2023-03-12 15:52:14.765919+00:00
[2023-03-12 15:52:18,376] {standard_task_runner.py:52} INFO - Started process 93 to run task
[2023-03-12 15:52:18,378] {standard_task_runner.py:79} INFO - Running: ['***', 'tasks', 'run', 'defence_dag', 'defence1', 'manual__2023-03-12T15:52:14.765919+00:00', '--job-id', '603', '--raw', '--subdir', 'DAGS_FOLDER/defese.py', '--cfg-path', '/tmp/tmpkjfc5ofy', '--error-file', '/tmp/tmpo8de24tb']
[2023-03-12 15:52:18,379] {standard_task_runner.py:80} INFO - Job 603: Subtask defence1
[2023-03-12 15:52:18,425] {task_command.py:369} INFO - Running <TaskInstance: defence_dag.defence1 manual__2023-03-12T15:52:14.765919+00:00 [running]> on host 596adcca7378
[2023-03-12 15:52:18,484] {taskinstance.py:1571} INFO - Exporting the following env vars:
AIRFLOW_CTX_DAG_OWNER=***
AIRFLOW_CTX_DAG_ID=defence_dag
AIRFLOW_CTX_TASK_ID=defence1
AIRFLOW_CTX_EXECUTION_DATE=2023-03-12T15:52:14.765919+00:00
AIRFLOW_CTX_TRY_NUMBER=1
AIRFLOW_CTX_DAG_RUN_ID=manual__2023-03-12T15:52:14.765919+00:00
[2023-03-12 15:52:18,486] {logging_mixin.py:115} INFO - defensing
[2023-03-12 15:52:18,486] {python.py:173} INFO - Done. Returned value was: None
[2023-03-12 15:52:18,496] {taskinstance.py:1400} INFO - Marking task as SUCCESS. dag_id=defence_dag, task_id=defence1, execution_date=20230312T155214, start_date=20230312T155218, end_date=20230312T155218
[2023-03-12 15:52:18,512] {local_task_job.py:156} INFO - Task exited with return code 0
[2023-03-12 15:52:18,537] {local_task_job.py:273} INFO - 1 downstream tasks scheduled from follow-on schedule check
