[2023-03-23 15:33:17,246] {taskinstance.py:1159} INFO - Dependencies all met for <TaskInstance: multi_attack_dag.to_attack1 manual__2023-03-23T15:33:12.182262+00:00 [queued]>
[2023-03-23 15:33:17,259] {taskinstance.py:1159} INFO - Dependencies all met for <TaskInstance: multi_attack_dag.to_attack1 manual__2023-03-23T15:33:12.182262+00:00 [queued]>
[2023-03-23 15:33:17,260] {taskinstance.py:1356} INFO - 
--------------------------------------------------------------------------------
[2023-03-23 15:33:17,261] {taskinstance.py:1357} INFO - Starting attempt 1 of 2
[2023-03-23 15:33:17,261] {taskinstance.py:1358} INFO - 
--------------------------------------------------------------------------------
[2023-03-23 15:33:17,279] {taskinstance.py:1377} INFO - Executing <Task(BranchPythonOperator): to_attack1> on 2023-03-23 15:33:12.182262+00:00
[2023-03-23 15:33:17,287] {standard_task_runner.py:52} INFO - Started process 12662 to run task
[2023-03-23 15:33:17,289] {standard_task_runner.py:79} INFO - Running: ['***', 'tasks', 'run', 'multi_attack_dag', 'to_attack1', 'manual__2023-03-23T15:33:12.182262+00:00', '--job-id', '3231', '--raw', '--subdir', 'DAGS_FOLDER/attack_dag.py', '--cfg-path', '/tmp/tmp6wzehyyv', '--error-file', '/tmp/tmp0fs4uyva']
[2023-03-23 15:33:17,290] {standard_task_runner.py:80} INFO - Job 3231: Subtask to_attack1
[2023-03-23 15:33:17,361] {task_command.py:369} INFO - Running <TaskInstance: multi_attack_dag.to_attack1 manual__2023-03-23T15:33:12.182262+00:00 [running]> on host 6447f1dacd32
[2023-03-23 15:33:17,452] {taskinstance.py:1571} INFO - Exporting the following env vars:
AIRFLOW_CTX_DAG_OWNER=***
AIRFLOW_CTX_DAG_ID=multi_attack_dag
AIRFLOW_CTX_TASK_ID=to_attack1
AIRFLOW_CTX_EXECUTION_DATE=2023-03-23T15:33:12.182262+00:00
AIRFLOW_CTX_TRY_NUMBER=1
AIRFLOW_CTX_DAG_RUN_ID=manual__2023-03-23T15:33:12.182262+00:00
[2023-03-23 15:33:17,468] {python.py:173} INFO - Done. Returned value was: attack1
[2023-03-23 15:33:17,468] {skipmixin.py:140} INFO - Following branch attack1
[2023-03-23 15:33:17,469] {skipmixin.py:175} INFO - Skipping tasks ['default']
[2023-03-23 15:33:17,537] {taskinstance.py:1400} INFO - Marking task as SUCCESS. dag_id=multi_attack_dag, task_id=to_attack1, execution_date=20230323T153312, start_date=20230323T153317, end_date=20230323T153317
[2023-03-23 15:33:17,584] {local_task_job.py:156} INFO - Task exited with return code 0
[2023-03-23 15:33:17,660] {local_task_job.py:273} INFO - 1 downstream tasks scheduled from follow-on schedule check
