[2023-04-27 08:19:16,384] {taskinstance.py:1159} INFO - Dependencies all met for <TaskInstance: defence_dag2.defence1 scheduled__2023-04-26T00:00:00+00:00 [queued]>
[2023-04-27 08:19:16,523] {taskinstance.py:1159} INFO - Dependencies all met for <TaskInstance: defence_dag2.defence1 scheduled__2023-04-26T00:00:00+00:00 [queued]>
[2023-04-27 08:19:16,525] {taskinstance.py:1356} INFO - 
--------------------------------------------------------------------------------
[2023-04-27 08:19:16,526] {taskinstance.py:1357} INFO - Starting attempt 1 of 1
[2023-04-27 08:19:16,530] {taskinstance.py:1358} INFO - 
--------------------------------------------------------------------------------
[2023-04-27 08:19:16,673] {taskinstance.py:1377} INFO - Executing <Task(PythonOperator): defence1> on 2023-04-26 00:00:00+00:00
[2023-04-27 08:19:16,709] {standard_task_runner.py:52} INFO - Started process 158 to run task
[2023-04-27 08:19:16,732] {standard_task_runner.py:79} INFO - Running: ['***', 'tasks', 'run', 'defence_dag2', 'defence1', 'scheduled__2023-04-26T00:00:00+00:00', '--job-id', '6299', '--raw', '--subdir', 'DAGS_FOLDER/defese.py', '--cfg-path', '/tmp/tmpxuwjl46i', '--error-file', '/tmp/tmpova5um6g']
[2023-04-27 08:19:16,741] {standard_task_runner.py:80} INFO - Job 6299: Subtask defence1
[2023-04-27 08:19:17,144] {task_command.py:369} INFO - Running <TaskInstance: defence_dag2.defence1 scheduled__2023-04-26T00:00:00+00:00 [running]> on host e7e31d5a6603
[2023-04-27 08:19:18,041] {taskinstance.py:1571} INFO - Exporting the following env vars:
AIRFLOW_CTX_DAG_OWNER=***
AIRFLOW_CTX_DAG_ID=defence_dag2
AIRFLOW_CTX_TASK_ID=defence1
AIRFLOW_CTX_EXECUTION_DATE=2023-04-26T00:00:00+00:00
AIRFLOW_CTX_TRY_NUMBER=1
AIRFLOW_CTX_DAG_RUN_ID=scheduled__2023-04-26T00:00:00+00:00
[2023-04-27 08:19:18,103] {logging_mixin.py:115} INFO - defensing
[2023-04-27 08:19:18,106] {python.py:173} INFO - Done. Returned value was: None
[2023-04-27 08:19:18,212] {taskinstance.py:1400} INFO - Marking task as SUCCESS. dag_id=defence_dag2, task_id=defence1, execution_date=20230426T000000, start_date=20230427T081916, end_date=20230427T081918
[2023-04-27 08:19:18,368] {local_task_job.py:156} INFO - Task exited with return code 0
[2023-04-27 08:19:18,676] {local_task_job.py:273} INFO - 1 downstream tasks scheduled from follow-on schedule check
