[2023-03-23 15:47:50,549] {taskinstance.py:1159} INFO - Dependencies all met for <TaskInstance: multi_attack_dag.choose_best manual__2023-03-23T15:47:30.858021+00:00 [queued]>
[2023-03-23 15:47:50,621] {taskinstance.py:1159} INFO - Dependencies all met for <TaskInstance: multi_attack_dag.choose_best manual__2023-03-23T15:47:30.858021+00:00 [queued]>
[2023-03-23 15:47:50,625] {taskinstance.py:1356} INFO - 
--------------------------------------------------------------------------------
[2023-03-23 15:47:50,636] {taskinstance.py:1357} INFO - Starting attempt 1 of 2
[2023-03-23 15:47:50,637] {taskinstance.py:1358} INFO - 
--------------------------------------------------------------------------------
[2023-03-23 15:47:50,726] {taskinstance.py:1377} INFO - Executing <Task(PythonOperator): choose_best> on 2023-03-23 15:47:30.858021+00:00
[2023-03-23 15:47:50,748] {standard_task_runner.py:52} INFO - Started process 13864 to run task
[2023-03-23 15:47:50,781] {standard_task_runner.py:79} INFO - Running: ['***', 'tasks', 'run', 'multi_attack_dag', 'choose_best', 'manual__2023-03-23T15:47:30.858021+00:00', '--job-id', '3556', '--raw', '--subdir', 'DAGS_FOLDER/attack_dag.py', '--cfg-path', '/tmp/tmpi51mwtbx', '--error-file', '/tmp/tmpcgj24xi3']
[2023-03-23 15:47:50,791] {standard_task_runner.py:80} INFO - Job 3556: Subtask choose_best
[2023-03-23 15:47:51,122] {task_command.py:369} INFO - Running <TaskInstance: multi_attack_dag.choose_best manual__2023-03-23T15:47:30.858021+00:00 [running]> on host 6447f1dacd32
[2023-03-23 15:47:51,466] {taskinstance.py:1571} INFO - Exporting the following env vars:
AIRFLOW_CTX_DAG_OWNER=***
AIRFLOW_CTX_DAG_ID=multi_attack_dag
AIRFLOW_CTX_TASK_ID=choose_best
AIRFLOW_CTX_EXECUTION_DATE=2023-03-23T15:47:30.858021+00:00
AIRFLOW_CTX_TRY_NUMBER=1
AIRFLOW_CTX_DAG_RUN_ID=manual__2023-03-23T15:47:30.858021+00:00
[2023-03-23 15:47:51,766] {transport.py:157} INFO - Attempting refresh to obtain initial access_token
[2023-03-23 15:47:51,789] {client.py:777} INFO - Refreshing access_token
[2023-03-23 15:47:53,180] {transport.py:157} INFO - Attempting refresh to obtain initial access_token
[2023-03-23 15:47:53,197] {client.py:777} INFO - Refreshing access_token
[2023-03-23 15:47:54,033] {python.py:173} INFO - Done. Returned value was: None
[2023-03-23 15:47:54,102] {taskinstance.py:1400} INFO - Marking task as SUCCESS. dag_id=multi_attack_dag, task_id=choose_best, execution_date=20230323T154730, start_date=20230323T154750, end_date=20230323T154754
[2023-03-23 15:47:54,179] {local_task_job.py:156} INFO - Task exited with return code 0
[2023-03-23 15:47:54,347] {local_task_job.py:273} INFO - 1 downstream tasks scheduled from follow-on schedule check
