[2023-03-23 15:14:33,518] {taskinstance.py:1159} INFO - Dependencies all met for <TaskInstance: multi_defence_dag.Defence2 manual__2023-03-23T15:14:20.366708+00:00 [queued]>
[2023-03-23 15:14:33,613] {taskinstance.py:1159} INFO - Dependencies all met for <TaskInstance: multi_defence_dag.Defence2 manual__2023-03-23T15:14:20.366708+00:00 [queued]>
[2023-03-23 15:14:33,615] {taskinstance.py:1356} INFO - 
--------------------------------------------------------------------------------
[2023-03-23 15:14:33,618] {taskinstance.py:1357} INFO - Starting attempt 1 of 2
[2023-03-23 15:14:33,619] {taskinstance.py:1358} INFO - 
--------------------------------------------------------------------------------
[2023-03-23 15:14:33,711] {taskinstance.py:1377} INFO - Executing <Task(PythonOperator): Defence2> on 2023-03-23 15:14:20.366708+00:00
[2023-03-23 15:14:33,773] {standard_task_runner.py:79} INFO - Running: ['***', 'tasks', 'run', 'multi_defence_dag', 'Defence2', 'manual__2023-03-23T15:14:20.366708+00:00', '--job-id', '2895', '--raw', '--subdir', 'DAGS_FOLDER/defence_dag.py', '--cfg-path', '/tmp/tmpmgtblf3l', '--error-file', '/tmp/tmpa0jg3ouf']
[2023-03-23 15:14:33,783] {standard_task_runner.py:80} INFO - Job 2895: Subtask Defence2
[2023-03-23 15:14:33,743] {standard_task_runner.py:52} INFO - Started process 11695 to run task
[2023-03-23 15:14:34,240] {task_command.py:369} INFO - Running <TaskInstance: multi_defence_dag.Defence2 manual__2023-03-23T15:14:20.366708+00:00 [running]> on host 6447f1dacd32
[2023-03-23 15:14:34,675] {taskinstance.py:1571} INFO - Exporting the following env vars:
AIRFLOW_CTX_DAG_OWNER=***
AIRFLOW_CTX_DAG_ID=multi_defence_dag
AIRFLOW_CTX_TASK_ID=Defence2
AIRFLOW_CTX_EXECUTION_DATE=2023-03-23T15:14:20.366708+00:00
AIRFLOW_CTX_TRY_NUMBER=1
AIRFLOW_CTX_DAG_RUN_ID=manual__2023-03-23T15:14:20.366708+00:00
[2023-03-23 15:14:34,752] {python.py:173} INFO - Done. Returned value was: None
[2023-03-23 15:14:34,836] {taskinstance.py:1400} INFO - Marking task as SUCCESS. dag_id=multi_defence_dag, task_id=Defence2, execution_date=20230323T151420, start_date=20230323T151433, end_date=20230323T151434
[2023-03-23 15:14:34,969] {local_task_job.py:156} INFO - Task exited with return code 0
[2023-03-23 15:14:35,404] {local_task_job.py:273} INFO - 1 downstream tasks scheduled from follow-on schedule check
