[2023-04-30 11:19:46,456] {taskinstance.py:1159} INFO - Dependencies all met for <TaskInstance: multi_attack_dag.to_attack_CarliniL2Method manual__2023-04-30T11:19:02.670029+00:00 [queued]>
[2023-04-30 11:19:46,486] {taskinstance.py:1159} INFO - Dependencies all met for <TaskInstance: multi_attack_dag.to_attack_CarliniL2Method manual__2023-04-30T11:19:02.670029+00:00 [queued]>
[2023-04-30 11:19:46,488] {taskinstance.py:1356} INFO - 
--------------------------------------------------------------------------------
[2023-04-30 11:19:46,489] {taskinstance.py:1357} INFO - Starting attempt 1 of 2
[2023-04-30 11:19:46,494] {taskinstance.py:1358} INFO - 
--------------------------------------------------------------------------------
[2023-04-30 11:19:46,646] {taskinstance.py:1377} INFO - Executing <Task(BranchPythonOperator): to_attack_CarliniL2Method> on 2023-04-30 11:19:02.670029+00:00
[2023-04-30 11:19:46,692] {standard_task_runner.py:52} INFO - Started process 928 to run task
[2023-04-30 11:19:46,707] {standard_task_runner.py:79} INFO - Running: ['***', 'tasks', 'run', 'multi_attack_dag', 'to_attack_CarliniL2Method', 'manual__2023-04-30T11:19:02.670029+00:00', '--job-id', '7468', '--raw', '--subdir', 'DAGS_FOLDER/attack_dag.py', '--cfg-path', '/tmp/tmp3dtdui4s', '--error-file', '/tmp/tmpjp4kyxe8']
[2023-04-30 11:19:46,710] {standard_task_runner.py:80} INFO - Job 7468: Subtask to_attack_CarliniL2Method
[2023-04-30 11:19:47,161] {task_command.py:369} INFO - Running <TaskInstance: multi_attack_dag.to_attack_CarliniL2Method manual__2023-04-30T11:19:02.670029+00:00 [running]> on host 873e5d3a4399
[2023-04-30 11:19:48,162] {taskinstance.py:1571} INFO - Exporting the following env vars:
AIRFLOW_CTX_DAG_OWNER=***
AIRFLOW_CTX_DAG_ID=multi_attack_dag
AIRFLOW_CTX_TASK_ID=to_attack_CarliniL2Method
AIRFLOW_CTX_EXECUTION_DATE=2023-04-30T11:19:02.670029+00:00
AIRFLOW_CTX_TRY_NUMBER=1
AIRFLOW_CTX_DAG_RUN_ID=manual__2023-04-30T11:19:02.670029+00:00
[2023-04-30 11:19:48,217] {python.py:173} INFO - Done. Returned value was: attack_CarliniL2Method
[2023-04-30 11:19:48,217] {skipmixin.py:140} INFO - Following branch attack_CarliniL2Method
[2023-04-30 11:19:48,218] {skipmixin.py:175} INFO - Skipping tasks ['default_attack']
[2023-04-30 11:19:48,596] {taskinstance.py:1400} INFO - Marking task as SUCCESS. dag_id=multi_attack_dag, task_id=to_attack_CarliniL2Method, execution_date=20230430T111902, start_date=20230430T111946, end_date=20230430T111948
[2023-04-30 11:19:48,816] {local_task_job.py:156} INFO - Task exited with return code 0
[2023-04-30 11:19:49,167] {local_task_job.py:273} INFO - 1 downstream tasks scheduled from follow-on schedule check
