[2023-03-23 11:15:05,820] {taskinstance.py:1159} INFO - Dependencies all met for <TaskInstance: attack_dag2.attack manual__2023-03-23T11:15:03.694212+00:00 [queued]>
[2023-03-23 11:15:05,835] {taskinstance.py:1159} INFO - Dependencies all met for <TaskInstance: attack_dag2.attack manual__2023-03-23T11:15:03.694212+00:00 [queued]>
[2023-03-23 11:15:05,836] {taskinstance.py:1356} INFO - 
--------------------------------------------------------------------------------
[2023-03-23 11:15:05,836] {taskinstance.py:1357} INFO - Starting attempt 1 of 1
[2023-03-23 11:15:05,838] {taskinstance.py:1358} INFO - 
--------------------------------------------------------------------------------
[2023-03-23 11:15:05,858] {taskinstance.py:1377} INFO - Executing <Task(PythonOperator): attack> on 2023-03-23 11:15:03.694212+00:00
[2023-03-23 11:15:05,865] {standard_task_runner.py:52} INFO - Started process 1396 to run task
[2023-03-23 11:15:05,870] {standard_task_runner.py:79} INFO - Running: ['***', 'tasks', 'run', 'attack_dag2', 'attack', 'manual__2023-03-23T11:15:03.694212+00:00', '--job-id', '2638', '--raw', '--subdir', 'DAGS_FOLDER/attack.py', '--cfg-path', '/tmp/tmp3ldl0djb', '--error-file', '/tmp/tmp3c14autp']
[2023-03-23 11:15:05,871] {standard_task_runner.py:80} INFO - Job 2638: Subtask attack
[2023-03-23 11:15:05,972] {task_command.py:369} INFO - Running <TaskInstance: attack_dag2.attack manual__2023-03-23T11:15:03.694212+00:00 [running]> on host 6447f1dacd32
[2023-03-23 11:15:06,087] {taskinstance.py:1571} INFO - Exporting the following env vars:
AIRFLOW_CTX_DAG_OWNER=***
AIRFLOW_CTX_DAG_ID=attack_dag2
AIRFLOW_CTX_TASK_ID=attack
AIRFLOW_CTX_EXECUTION_DATE=2023-03-23T11:15:03.694212+00:00
AIRFLOW_CTX_TRY_NUMBER=1
AIRFLOW_CTX_DAG_RUN_ID=manual__2023-03-23T11:15:03.694212+00:00
[2023-03-23 11:15:06,101] {transport.py:157} INFO - Attempting refresh to obtain initial access_token
[2023-03-23 11:15:06,105] {client.py:777} INFO - Refreshing access_token
[2023-03-23 11:15:06,969] {transport.py:157} INFO - Attempting refresh to obtain initial access_token
[2023-03-23 11:15:06,971] {client.py:777} INFO - Refreshing access_token
[2023-03-23 11:15:07,648] {python.py:173} INFO - Done. Returned value was: None
[2023-03-23 11:15:07,661] {taskinstance.py:1400} INFO - Marking task as SUCCESS. dag_id=attack_dag2, task_id=attack, execution_date=20230323T111503, start_date=20230323T111505, end_date=20230323T111507
[2023-03-23 11:15:07,695] {local_task_job.py:156} INFO - Task exited with return code 0
[2023-03-23 11:15:07,727] {local_task_job.py:273} INFO - 1 downstream tasks scheduled from follow-on schedule check
