[2023-04-27 08:58:48,008] {taskinstance.py:1159} INFO - Dependencies all met for <TaskInstance: multi_defence_dag.Defence1 manual__2023-04-27T08:58:31.672798+00:00 [queued]>
[2023-04-27 08:58:48,030] {taskinstance.py:1159} INFO - Dependencies all met for <TaskInstance: multi_defence_dag.Defence1 manual__2023-04-27T08:58:31.672798+00:00 [queued]>
[2023-04-27 08:58:48,031] {taskinstance.py:1356} INFO - 
--------------------------------------------------------------------------------
[2023-04-27 08:58:48,032] {taskinstance.py:1357} INFO - Starting attempt 1 of 2
[2023-04-27 08:58:48,033] {taskinstance.py:1358} INFO - 
--------------------------------------------------------------------------------
[2023-04-27 08:58:48,070] {taskinstance.py:1377} INFO - Executing <Task(PythonOperator): Defence1> on 2023-04-27 08:58:31.672798+00:00
[2023-04-27 08:58:48,084] {standard_task_runner.py:52} INFO - Started process 2297 to run task
[2023-04-27 08:58:48,097] {standard_task_runner.py:79} INFO - Running: ['***', 'tasks', 'run', 'multi_defence_dag', 'Defence1', 'manual__2023-04-27T08:58:31.672798+00:00', '--job-id', '6413', '--raw', '--subdir', 'DAGS_FOLDER/defence_dag.py', '--cfg-path', '/tmp/tmp9s29s9an', '--error-file', '/tmp/tmpp8o8ughf']
[2023-04-27 08:58:48,099] {standard_task_runner.py:80} INFO - Job 6413: Subtask Defence1
[2023-04-27 08:58:48,240] {task_command.py:369} INFO - Running <TaskInstance: multi_defence_dag.Defence1 manual__2023-04-27T08:58:31.672798+00:00 [running]> on host e7e31d5a6603
[2023-04-27 08:58:48,409] {taskinstance.py:1571} INFO - Exporting the following env vars:
AIRFLOW_CTX_DAG_OWNER=***
AIRFLOW_CTX_DAG_ID=multi_defence_dag
AIRFLOW_CTX_TASK_ID=Defence1
AIRFLOW_CTX_EXECUTION_DATE=2023-04-27T08:58:31.672798+00:00
AIRFLOW_CTX_TRY_NUMBER=1
AIRFLOW_CTX_DAG_RUN_ID=manual__2023-04-27T08:58:31.672798+00:00
[2023-04-27 08:58:48,453] {python.py:173} INFO - Done. Returned value was: None
[2023-04-27 08:58:48,531] {taskinstance.py:1400} INFO - Marking task as SUCCESS. dag_id=multi_defence_dag, task_id=Defence1, execution_date=20230427T085831, start_date=20230427T085848, end_date=20230427T085848
[2023-04-27 08:58:48,599] {local_task_job.py:156} INFO - Task exited with return code 0
[2023-04-27 08:58:48,700] {local_task_job.py:273} INFO - 1 downstream tasks scheduled from follow-on schedule check
