[2023-03-19 12:09:53,438] {taskinstance.py:1159} INFO - Dependencies all met for <TaskInstance: defence_dag2.stop manual__2023-03-19T12:09:45.970915+00:00 [queued]>
[2023-03-19 12:09:53,454] {taskinstance.py:1159} INFO - Dependencies all met for <TaskInstance: defence_dag2.stop manual__2023-03-19T12:09:45.970915+00:00 [queued]>
[2023-03-19 12:09:53,455] {taskinstance.py:1356} INFO - 
--------------------------------------------------------------------------------
[2023-03-19 12:09:53,456] {taskinstance.py:1357} INFO - Starting attempt 1 of 1
[2023-03-19 12:09:53,458] {taskinstance.py:1358} INFO - 
--------------------------------------------------------------------------------
[2023-03-19 12:09:53,476] {taskinstance.py:1377} INFO - Executing <Task(PythonOperator): stop> on 2023-03-19 12:09:45.970915+00:00
[2023-03-19 12:09:53,482] {standard_task_runner.py:52} INFO - Started process 95 to run task
[2023-03-19 12:09:53,487] {standard_task_runner.py:79} INFO - Running: ['***', 'tasks', 'run', 'defence_dag2', 'stop', 'manual__2023-03-19T12:09:45.970915+00:00', '--job-id', '1679', '--raw', '--subdir', 'DAGS_FOLDER/defese.py', '--cfg-path', '/tmp/tmptq_5zsna', '--error-file', '/tmp/tmph5yqw32n']
[2023-03-19 12:09:53,489] {standard_task_runner.py:80} INFO - Job 1679: Subtask stop
[2023-03-19 12:09:53,577] {task_command.py:369} INFO - Running <TaskInstance: defence_dag2.stop manual__2023-03-19T12:09:45.970915+00:00 [running]> on host de4be3e36311
[2023-03-19 12:09:53,657] {taskinstance.py:1571} INFO - Exporting the following env vars:
AIRFLOW_CTX_DAG_OWNER=***
AIRFLOW_CTX_DAG_ID=defence_dag2
AIRFLOW_CTX_TASK_ID=stop
AIRFLOW_CTX_EXECUTION_DATE=2023-03-19T12:09:45.970915+00:00
AIRFLOW_CTX_TRY_NUMBER=1
AIRFLOW_CTX_DAG_RUN_ID=manual__2023-03-19T12:09:45.970915+00:00
[2023-03-19 12:09:53,659] {python.py:173} INFO - Done. Returned value was: Cycle has ended
[2023-03-19 12:09:53,687] {taskinstance.py:1400} INFO - Marking task as SUCCESS. dag_id=defence_dag2, task_id=stop, execution_date=20230319T120945, start_date=20230319T120953, end_date=20230319T120953
[2023-03-19 12:09:53,741] {local_task_job.py:156} INFO - Task exited with return code 0
[2023-03-19 12:09:53,775] {local_task_job.py:273} INFO - 0 downstream tasks scheduled from follow-on schedule check
