[2023-04-23 07:54:37,759] {taskinstance.py:1159} INFO - Dependencies all met for <TaskInstance: multi_defence_dag.choose_defence scheduled__2023-04-18T00:00:00+00:00 [queued]>
[2023-04-23 07:54:37,772] {taskinstance.py:1159} INFO - Dependencies all met for <TaskInstance: multi_defence_dag.choose_defence scheduled__2023-04-18T00:00:00+00:00 [queued]>
[2023-04-23 07:54:37,773] {taskinstance.py:1356} INFO - 
--------------------------------------------------------------------------------
[2023-04-23 07:54:37,774] {taskinstance.py:1357} INFO - Starting attempt 2 of 2
[2023-04-23 07:54:37,775] {taskinstance.py:1358} INFO - 
--------------------------------------------------------------------------------
[2023-04-23 07:54:37,792] {taskinstance.py:1377} INFO - Executing <Task(PythonOperator): choose_defence> on 2023-04-18 00:00:00+00:00
[2023-04-23 07:54:37,802] {standard_task_runner.py:52} INFO - Started process 481 to run task
[2023-04-23 07:54:37,806] {standard_task_runner.py:79} INFO - Running: ['***', 'tasks', 'run', 'multi_defence_dag', 'choose_defence', 'scheduled__2023-04-18T00:00:00+00:00', '--job-id', '5907', '--raw', '--subdir', 'DAGS_FOLDER/defence_dag.py', '--cfg-path', '/tmp/tmp8pq9c1t4', '--error-file', '/tmp/tmps357t8pe']
[2023-04-23 07:54:37,807] {standard_task_runner.py:80} INFO - Job 5907: Subtask choose_defence
[2023-04-23 07:54:37,870] {task_command.py:369} INFO - Running <TaskInstance: multi_defence_dag.choose_defence scheduled__2023-04-18T00:00:00+00:00 [running]> on host a3dd7d962104
[2023-04-23 07:54:38,200] {taskinstance.py:1571} INFO - Exporting the following env vars:
AIRFLOW_CTX_DAG_OWNER=***
AIRFLOW_CTX_DAG_ID=multi_defence_dag
AIRFLOW_CTX_TASK_ID=choose_defence
AIRFLOW_CTX_EXECUTION_DATE=2023-04-18T00:00:00+00:00
AIRFLOW_CTX_TRY_NUMBER=2
AIRFLOW_CTX_DAG_RUN_ID=scheduled__2023-04-18T00:00:00+00:00
[2023-04-23 07:54:38,484] {python.py:173} INFO - Done. Returned value was: None
[2023-04-23 07:54:38,501] {taskinstance.py:1400} INFO - Marking task as SUCCESS. dag_id=multi_defence_dag, task_id=choose_defence, execution_date=20230418T000000, start_date=20230423T075437, end_date=20230423T075438
[2023-04-23 07:54:38,583] {local_task_job.py:156} INFO - Task exited with return code 0
[2023-04-23 07:54:38,714] {local_task_job.py:273} INFO - 3 downstream tasks scheduled from follow-on schedule check
