[2023-03-19 10:57:19,704] {taskinstance.py:1159} INFO - Dependencies all met for <TaskInstance: xcom_dag.attack1 manual__2023-03-19T10:57:16.123138+00:00 [queued]>
[2023-03-19 10:57:19,716] {taskinstance.py:1159} INFO - Dependencies all met for <TaskInstance: xcom_dag.attack1 manual__2023-03-19T10:57:16.123138+00:00 [queued]>
[2023-03-19 10:57:19,717] {taskinstance.py:1356} INFO - 
--------------------------------------------------------------------------------
[2023-03-19 10:57:19,717] {taskinstance.py:1357} INFO - Starting attempt 1 of 2
[2023-03-19 10:57:19,718] {taskinstance.py:1358} INFO - 
--------------------------------------------------------------------------------
[2023-03-19 10:57:19,734] {taskinstance.py:1377} INFO - Executing <Task(PythonOperator): attack1> on 2023-03-19 10:57:16.123138+00:00
[2023-03-19 10:57:19,739] {standard_task_runner.py:52} INFO - Started process 273 to run task
[2023-03-19 10:57:19,743] {standard_task_runner.py:79} INFO - Running: ['***', 'tasks', 'run', 'xcom_dag', 'attack1', 'manual__2023-03-19T10:57:16.123138+00:00', '--job-id', '1645', '--raw', '--subdir', 'DAGS_FOLDER/dynamic_dag.py', '--cfg-path', '/tmp/tmpgg16f6d4', '--error-file', '/tmp/tmplgguknsb']
[2023-03-19 10:57:19,744] {standard_task_runner.py:80} INFO - Job 1645: Subtask attack1
[2023-03-19 10:57:19,803] {task_command.py:369} INFO - Running <TaskInstance: xcom_dag.attack1 manual__2023-03-19T10:57:16.123138+00:00 [running]> on host de4be3e36311
[2023-03-19 10:57:19,876] {taskinstance.py:1571} INFO - Exporting the following env vars:
AIRFLOW_CTX_DAG_OWNER=***
AIRFLOW_CTX_DAG_ID=xcom_dag
AIRFLOW_CTX_TASK_ID=attack1
AIRFLOW_CTX_EXECUTION_DATE=2023-03-19T10:57:16.123138+00:00
AIRFLOW_CTX_TRY_NUMBER=1
AIRFLOW_CTX_DAG_RUN_ID=manual__2023-03-19T10:57:16.123138+00:00
[2023-03-19 10:57:19,888] {transport.py:157} INFO - Attempting refresh to obtain initial access_token
[2023-03-19 10:57:19,891] {client.py:777} INFO - Refreshing access_token
[2023-03-19 10:57:21,045] {python.py:173} INFO - Done. Returned value was: 
[2023-03-19 10:57:21,068] {taskinstance.py:1400} INFO - Marking task as SUCCESS. dag_id=xcom_dag, task_id=attack1, execution_date=20230319T105716, start_date=20230319T105719, end_date=20230319T105721
[2023-03-19 10:57:21,083] {local_task_job.py:156} INFO - Task exited with return code 0
[2023-03-19 10:57:21,119] {local_task_job.py:273} INFO - 1 downstream tasks scheduled from follow-on schedule check
