[2023-03-28 10:26:16,359] {taskinstance.py:1159} INFO - Dependencies all met for <TaskInstance: attack_dag2.attack manual__2023-03-28T10:26:13.828656+00:00 [queued]>
[2023-03-28 10:26:16,370] {taskinstance.py:1159} INFO - Dependencies all met for <TaskInstance: attack_dag2.attack manual__2023-03-28T10:26:13.828656+00:00 [queued]>
[2023-03-28 10:26:16,371] {taskinstance.py:1356} INFO - 
--------------------------------------------------------------------------------
[2023-03-28 10:26:16,371] {taskinstance.py:1357} INFO - Starting attempt 1 of 1
[2023-03-28 10:26:16,372] {taskinstance.py:1358} INFO - 
--------------------------------------------------------------------------------
[2023-03-28 10:26:16,386] {taskinstance.py:1377} INFO - Executing <Task(PythonOperator): attack> on 2023-03-28 10:26:13.828656+00:00
[2023-03-28 10:26:16,391] {standard_task_runner.py:52} INFO - Started process 1834 to run task
[2023-03-28 10:26:16,395] {standard_task_runner.py:79} INFO - Running: ['***', 'tasks', 'run', 'attack_dag2', 'attack', 'manual__2023-03-28T10:26:13.828656+00:00', '--job-id', '4196', '--raw', '--subdir', 'DAGS_FOLDER/attack.py', '--cfg-path', '/tmp/tmp9w_0ehno', '--error-file', '/tmp/tmp5ohuydwp']
[2023-03-28 10:26:16,396] {standard_task_runner.py:80} INFO - Job 4196: Subtask attack
[2023-03-28 10:26:16,537] {task_command.py:369} INFO - Running <TaskInstance: attack_dag2.attack manual__2023-03-28T10:26:13.828656+00:00 [running]> on host 70f8824ef075
[2023-03-28 10:26:16,632] {taskinstance.py:1571} INFO - Exporting the following env vars:
AIRFLOW_CTX_DAG_OWNER=***
AIRFLOW_CTX_DAG_ID=attack_dag2
AIRFLOW_CTX_TASK_ID=attack
AIRFLOW_CTX_EXECUTION_DATE=2023-03-28T10:26:13.828656+00:00
AIRFLOW_CTX_TRY_NUMBER=1
AIRFLOW_CTX_DAG_RUN_ID=manual__2023-03-28T10:26:13.828656+00:00
[2023-03-28 10:26:16,636] {transport.py:157} INFO - Attempting refresh to obtain initial access_token
[2023-03-28 10:26:16,639] {client.py:777} INFO - Refreshing access_token
[2023-03-28 10:26:17,564] {transport.py:157} INFO - Attempting refresh to obtain initial access_token
[2023-03-28 10:26:17,567] {client.py:777} INFO - Refreshing access_token
[2023-03-28 10:26:18,175] {python.py:173} INFO - Done. Returned value was: None
[2023-03-28 10:26:18,196] {taskinstance.py:1400} INFO - Marking task as SUCCESS. dag_id=attack_dag2, task_id=attack, execution_date=20230328T102613, start_date=20230328T102616, end_date=20230328T102618
[2023-03-28 10:26:18,258] {local_task_job.py:156} INFO - Task exited with return code 0
[2023-03-28 10:26:18,315] {local_task_job.py:273} INFO - 1 downstream tasks scheduled from follow-on schedule check
