[2023-04-09 13:38:03,042] {taskinstance.py:1159} INFO - Dependencies all met for <TaskInstance: multi_defence_dag.choose_defence manual__2023-04-09T13:37:58.850560+00:00 [queued]>
[2023-04-09 13:38:03,061] {taskinstance.py:1159} INFO - Dependencies all met for <TaskInstance: multi_defence_dag.choose_defence manual__2023-04-09T13:37:58.850560+00:00 [queued]>
[2023-04-09 13:38:03,062] {taskinstance.py:1356} INFO - 
--------------------------------------------------------------------------------
[2023-04-09 13:38:03,063] {taskinstance.py:1357} INFO - Starting attempt 1 of 2
[2023-04-09 13:38:03,063] {taskinstance.py:1358} INFO - 
--------------------------------------------------------------------------------
[2023-04-09 13:38:03,091] {taskinstance.py:1377} INFO - Executing <Task(PythonOperator): choose_defence> on 2023-04-09 13:37:58.850560+00:00
[2023-04-09 13:38:03,108] {standard_task_runner.py:52} INFO - Started process 561 to run task
[2023-04-09 13:38:03,114] {standard_task_runner.py:79} INFO - Running: ['***', 'tasks', 'run', 'multi_defence_dag', 'choose_defence', 'manual__2023-04-09T13:37:58.850560+00:00', '--job-id', '5069', '--raw', '--subdir', 'DAGS_FOLDER/defence_dag.py', '--cfg-path', '/tmp/tmpp5uy1p4r', '--error-file', '/tmp/tmpr2zxo10_']
[2023-04-09 13:38:03,117] {standard_task_runner.py:80} INFO - Job 5069: Subtask choose_defence
[2023-04-09 13:38:03,224] {task_command.py:369} INFO - Running <TaskInstance: multi_defence_dag.choose_defence manual__2023-04-09T13:37:58.850560+00:00 [running]> on host c5458bb8a35c
[2023-04-09 13:38:03,357] {taskinstance.py:1571} INFO - Exporting the following env vars:
AIRFLOW_CTX_DAG_OWNER=***
AIRFLOW_CTX_DAG_ID=multi_defence_dag
AIRFLOW_CTX_TASK_ID=choose_defence
AIRFLOW_CTX_EXECUTION_DATE=2023-04-09T13:37:58.850560+00:00
AIRFLOW_CTX_TRY_NUMBER=1
AIRFLOW_CTX_DAG_RUN_ID=manual__2023-04-09T13:37:58.850560+00:00
[2023-04-09 13:38:03,424] {python.py:173} INFO - Done. Returned value was: None
[2023-04-09 13:38:03,451] {taskinstance.py:1400} INFO - Marking task as SUCCESS. dag_id=multi_defence_dag, task_id=choose_defence, execution_date=20230409T133758, start_date=20230409T133803, end_date=20230409T133803
[2023-04-09 13:38:03,488] {local_task_job.py:156} INFO - Task exited with return code 0
[2023-04-09 13:38:03,584] {local_task_job.py:273} INFO - 3 downstream tasks scheduled from follow-on schedule check
