[2023-04-09 08:22:47,441] {taskinstance.py:1159} INFO - Dependencies all met for <TaskInstance: multi_defence_dag.to_defend manual__2023-03-28T11:47:38.838240+00:00 [queued]>
[2023-04-09 08:22:47,477] {taskinstance.py:1159} INFO - Dependencies all met for <TaskInstance: multi_defence_dag.to_defend manual__2023-03-28T11:47:38.838240+00:00 [queued]>
[2023-04-09 08:22:47,479] {taskinstance.py:1356} INFO - 
--------------------------------------------------------------------------------
[2023-04-09 08:22:47,483] {taskinstance.py:1357} INFO - Starting attempt 1 of 2
[2023-04-09 08:22:47,483] {taskinstance.py:1358} INFO - 
--------------------------------------------------------------------------------
[2023-04-09 08:22:47,517] {taskinstance.py:1377} INFO - Executing <Task(BranchPythonOperator): to_defend> on 2023-03-28 11:47:38.838240+00:00
[2023-04-09 08:22:47,540] {standard_task_runner.py:52} INFO - Started process 4208 to run task
[2023-04-09 08:22:47,554] {standard_task_runner.py:79} INFO - Running: ['***', 'tasks', 'run', 'multi_defence_dag', 'to_defend', 'manual__2023-03-28T11:47:38.838240+00:00', '--job-id', '4783', '--raw', '--subdir', 'DAGS_FOLDER/defence_dag.py', '--cfg-path', '/tmp/tmp2ixdqwh7', '--error-file', '/tmp/tmp1er5s0m3']
[2023-04-09 08:22:47,572] {standard_task_runner.py:80} INFO - Job 4783: Subtask to_defend
[2023-04-09 08:22:47,796] {task_command.py:369} INFO - Running <TaskInstance: multi_defence_dag.to_defend manual__2023-03-28T11:47:38.838240+00:00 [running]> on host ff3d40af78f9
[2023-04-09 08:22:48,107] {taskinstance.py:1571} INFO - Exporting the following env vars:
AIRFLOW_CTX_DAG_OWNER=***
AIRFLOW_CTX_DAG_ID=multi_defence_dag
AIRFLOW_CTX_TASK_ID=to_defend
AIRFLOW_CTX_EXECUTION_DATE=2023-03-28T11:47:38.838240+00:00
AIRFLOW_CTX_TRY_NUMBER=1
AIRFLOW_CTX_DAG_RUN_ID=manual__2023-03-28T11:47:38.838240+00:00
[2023-04-09 08:22:48,116] {transport.py:157} INFO - Attempting refresh to obtain initial access_token
[2023-04-09 08:22:48,166] {client.py:777} INFO - Refreshing access_token
[2023-04-09 08:22:49,262] {python.py:173} INFO - Done. Returned value was: trigger_offence
[2023-04-09 08:22:49,262] {skipmixin.py:140} INFO - Following branch trigger_offence
[2023-04-09 08:22:49,263] {skipmixin.py:175} INFO - Skipping tasks ['stop']
[2023-04-09 08:22:49,431] {taskinstance.py:1400} INFO - Marking task as SUCCESS. dag_id=multi_defence_dag, task_id=to_defend, execution_date=20230328T114738, start_date=20230409T082247, end_date=20230409T082249
[2023-04-09 08:22:49,512] {local_task_job.py:156} INFO - Task exited with return code 0
[2023-04-09 08:22:49,684] {local_task_job.py:273} INFO - 0 downstream tasks scheduled from follow-on schedule check
