[2023-03-16 11:57:35,274] {taskinstance.py:1159} INFO - Dependencies all met for <TaskInstance: defence_dag.stop manual__2023-03-12T15:20:53.965100+00:00 [queued]>
[2023-03-16 11:57:35,359] {taskinstance.py:1159} INFO - Dependencies all met for <TaskInstance: defence_dag.stop manual__2023-03-12T15:20:53.965100+00:00 [queued]>
[2023-03-16 11:57:35,373] {taskinstance.py:1356} INFO - 
--------------------------------------------------------------------------------
[2023-03-16 11:57:35,374] {taskinstance.py:1357} INFO - Starting attempt 1 of 1
[2023-03-16 11:57:35,375] {taskinstance.py:1358} INFO - 
--------------------------------------------------------------------------------
[2023-03-16 11:57:35,494] {taskinstance.py:1377} INFO - Executing <Task(PythonOperator): stop> on 2023-03-12 15:20:53.965100+00:00
[2023-03-16 11:57:35,504] {standard_task_runner.py:52} INFO - Started process 1033 to run task
[2023-03-16 11:57:35,524] {standard_task_runner.py:79} INFO - Running: ['***', 'tasks', 'run', 'defence_dag', 'stop', 'manual__2023-03-12T15:20:53.965100+00:00', '--job-id', '1110', '--raw', '--subdir', 'DAGS_FOLDER/defese.py', '--cfg-path', '/tmp/tmpars1vu3x', '--error-file', '/tmp/tmpogs6btiq']
[2023-03-16 11:57:35,544] {standard_task_runner.py:80} INFO - Job 1110: Subtask stop
[2023-03-16 11:57:35,917] {task_command.py:369} INFO - Running <TaskInstance: defence_dag.stop manual__2023-03-12T15:20:53.965100+00:00 [running]> on host 596adcca7378
[2023-03-16 11:57:36,383] {taskinstance.py:1571} INFO - Exporting the following env vars:
AIRFLOW_CTX_DAG_OWNER=***
AIRFLOW_CTX_DAG_ID=defence_dag
AIRFLOW_CTX_TASK_ID=stop
AIRFLOW_CTX_EXECUTION_DATE=2023-03-12T15:20:53.965100+00:00
AIRFLOW_CTX_TRY_NUMBER=1
AIRFLOW_CTX_DAG_RUN_ID=manual__2023-03-12T15:20:53.965100+00:00
[2023-03-16 11:57:36,387] {python.py:173} INFO - Done. Returned value was: Cycle has ended
[2023-03-16 11:57:36,525] {taskinstance.py:1400} INFO - Marking task as SUCCESS. dag_id=defence_dag, task_id=stop, execution_date=20230312T152053, start_date=20230316T115735, end_date=20230316T115736
[2023-03-16 11:57:36,624] {local_task_job.py:156} INFO - Task exited with return code 0
[2023-03-16 11:57:36,728] {local_task_job.py:273} INFO - 0 downstream tasks scheduled from follow-on schedule check
