[2023-04-30 08:11:09,580] {taskinstance.py:1159} INFO - Dependencies all met for <TaskInstance: multi_defence_dag.choose_best manual__2023-04-30T08:05:43.746360+00:00 [queued]>
[2023-04-30 08:11:09,600] {taskinstance.py:1159} INFO - Dependencies all met for <TaskInstance: multi_defence_dag.choose_best manual__2023-04-30T08:05:43.746360+00:00 [queued]>
[2023-04-30 08:11:09,600] {taskinstance.py:1356} INFO - 
--------------------------------------------------------------------------------
[2023-04-30 08:11:09,602] {taskinstance.py:1357} INFO - Starting attempt 2 of 2
[2023-04-30 08:11:09,602] {taskinstance.py:1358} INFO - 
--------------------------------------------------------------------------------
[2023-04-30 08:11:09,637] {taskinstance.py:1377} INFO - Executing <Task(PythonOperator): choose_best> on 2023-04-30 08:05:43.746360+00:00
[2023-04-30 08:11:09,647] {standard_task_runner.py:52} INFO - Started process 1047 to run task
[2023-04-30 08:11:09,653] {standard_task_runner.py:79} INFO - Running: ['***', 'tasks', 'run', 'multi_defence_dag', 'choose_best', 'manual__2023-04-30T08:05:43.746360+00:00', '--job-id', '7147', '--raw', '--subdir', 'DAGS_FOLDER/defence_dag.py', '--cfg-path', '/tmp/tmphd4cyda6', '--error-file', '/tmp/tmp4x_9v_4h']
[2023-04-30 08:11:09,654] {standard_task_runner.py:80} INFO - Job 7147: Subtask choose_best
[2023-04-30 08:11:09,728] {task_command.py:369} INFO - Running <TaskInstance: multi_defence_dag.choose_best manual__2023-04-30T08:05:43.746360+00:00 [running]> on host e7e31d5a6603
[2023-04-30 08:11:09,819] {taskinstance.py:1571} INFO - Exporting the following env vars:
AIRFLOW_CTX_DAG_OWNER=***
AIRFLOW_CTX_DAG_ID=multi_defence_dag
AIRFLOW_CTX_TASK_ID=choose_best
AIRFLOW_CTX_EXECUTION_DATE=2023-04-30T08:05:43.746360+00:00
AIRFLOW_CTX_TRY_NUMBER=2
AIRFLOW_CTX_DAG_RUN_ID=manual__2023-04-30T08:05:43.746360+00:00
[2023-04-30 08:11:09,883] {transport.py:157} INFO - Attempting refresh to obtain initial access_token
[2023-04-30 08:11:09,887] {client.py:777} INFO - Refreshing access_token
[2023-04-30 08:11:11,085] {transport.py:157} INFO - Attempting refresh to obtain initial access_token
[2023-04-30 08:11:11,086] {client.py:777} INFO - Refreshing access_token
[2023-04-30 08:11:11,580] {python.py:173} INFO - Done. Returned value was: None
[2023-04-30 08:11:11,601] {taskinstance.py:1400} INFO - Marking task as SUCCESS. dag_id=multi_defence_dag, task_id=choose_best, execution_date=20230430T080543, start_date=20230430T081109, end_date=20230430T081111
[2023-04-30 08:11:11,637] {local_task_job.py:156} INFO - Task exited with return code 0
[2023-04-30 08:11:11,672] {local_task_job.py:273} INFO - 1 downstream tasks scheduled from follow-on schedule check
