[2023-03-28 10:25:38,972] {taskinstance.py:1159} INFO - Dependencies all met for <TaskInstance: defence_dag2.storing manual__2023-03-28T10:25:37.607519+00:00 [queued]>
[2023-03-28 10:25:38,981] {taskinstance.py:1159} INFO - Dependencies all met for <TaskInstance: defence_dag2.storing manual__2023-03-28T10:25:37.607519+00:00 [queued]>
[2023-03-28 10:25:38,982] {taskinstance.py:1356} INFO - 
--------------------------------------------------------------------------------
[2023-03-28 10:25:38,982] {taskinstance.py:1357} INFO - Starting attempt 1 of 1
[2023-03-28 10:25:38,987] {taskinstance.py:1358} INFO - 
--------------------------------------------------------------------------------
[2023-03-28 10:25:39,000] {taskinstance.py:1377} INFO - Executing <Task(BashOperator): storing> on 2023-03-28 10:25:37.607519+00:00
[2023-03-28 10:25:39,006] {standard_task_runner.py:52} INFO - Started process 1756 to run task
[2023-03-28 10:25:39,009] {standard_task_runner.py:79} INFO - Running: ['***', 'tasks', 'run', 'defence_dag2', 'storing', 'manual__2023-03-28T10:25:37.607519+00:00', '--job-id', '4180', '--raw', '--subdir', 'DAGS_FOLDER/defese.py', '--cfg-path', '/tmp/tmp9o1_ktaj', '--error-file', '/tmp/tmpea8thej1']
[2023-03-28 10:25:39,010] {standard_task_runner.py:80} INFO - Job 4180: Subtask storing
[2023-03-28 10:25:39,070] {task_command.py:369} INFO - Running <TaskInstance: defence_dag2.storing manual__2023-03-28T10:25:37.607519+00:00 [running]> on host 70f8824ef075
[2023-03-28 10:25:39,146] {taskinstance.py:1571} INFO - Exporting the following env vars:
AIRFLOW_CTX_DAG_OWNER=***
AIRFLOW_CTX_DAG_ID=defence_dag2
AIRFLOW_CTX_TASK_ID=storing
AIRFLOW_CTX_EXECUTION_DATE=2023-03-28T10:25:37.607519+00:00
AIRFLOW_CTX_TRY_NUMBER=1
AIRFLOW_CTX_DAG_RUN_ID=manual__2023-03-28T10:25:37.607519+00:00
[2023-03-28 10:25:39,147] {subprocess.py:62} INFO - Tmp dir root location: 
 /tmp
[2023-03-28 10:25:39,148] {subprocess.py:74} INFO - Running command: ['bash', '-c', 'sleep 1']
[2023-03-28 10:25:39,159] {subprocess.py:85} INFO - Output:
[2023-03-28 10:25:40,162] {subprocess.py:96} INFO - Command exited with return code 0
[2023-03-28 10:25:40,214] {taskinstance.py:1400} INFO - Marking task as SUCCESS. dag_id=defence_dag2, task_id=storing, execution_date=20230328T102537, start_date=20230328T102538, end_date=20230328T102540
[2023-03-28 10:25:40,273] {local_task_job.py:156} INFO - Task exited with return code 0
[2023-03-28 10:25:40,325] {local_task_job.py:273} INFO - 1 downstream tasks scheduled from follow-on schedule check
