[2023-03-23 10:54:27,873] {taskinstance.py:1159} INFO - Dependencies all met for <TaskInstance: defence_dag2.to_attack manual__2023-03-23T10:54:22.578278+00:00 [queued]>
[2023-03-23 10:54:27,885] {taskinstance.py:1159} INFO - Dependencies all met for <TaskInstance: defence_dag2.to_attack manual__2023-03-23T10:54:22.578278+00:00 [queued]>
[2023-03-23 10:54:27,886] {taskinstance.py:1356} INFO - 
--------------------------------------------------------------------------------
[2023-03-23 10:54:27,886] {taskinstance.py:1357} INFO - Starting attempt 1 of 1
[2023-03-23 10:54:27,887] {taskinstance.py:1358} INFO - 
--------------------------------------------------------------------------------
[2023-03-23 10:54:27,905] {taskinstance.py:1377} INFO - Executing <Task(BranchPythonOperator): to_attack> on 2023-03-23 10:54:22.578278+00:00
[2023-03-23 10:54:27,910] {standard_task_runner.py:52} INFO - Started process 356 to run task
[2023-03-23 10:54:27,914] {standard_task_runner.py:79} INFO - Running: ['***', 'tasks', 'run', 'defence_dag2', 'to_attack', 'manual__2023-03-23T10:54:22.578278+00:00', '--job-id', '2606', '--raw', '--subdir', 'DAGS_FOLDER/defese.py', '--cfg-path', '/tmp/tmpmnf0ms3p', '--error-file', '/tmp/tmpg6vmd93j']
[2023-03-23 10:54:27,915] {standard_task_runner.py:80} INFO - Job 2606: Subtask to_attack
[2023-03-23 10:54:27,987] {task_command.py:369} INFO - Running <TaskInstance: defence_dag2.to_attack manual__2023-03-23T10:54:22.578278+00:00 [running]> on host 6447f1dacd32
[2023-03-23 10:54:28,077] {taskinstance.py:1571} INFO - Exporting the following env vars:
AIRFLOW_CTX_DAG_OWNER=***
AIRFLOW_CTX_DAG_ID=defence_dag2
AIRFLOW_CTX_TASK_ID=to_attack
AIRFLOW_CTX_EXECUTION_DATE=2023-03-23T10:54:22.578278+00:00
AIRFLOW_CTX_TRY_NUMBER=1
AIRFLOW_CTX_DAG_RUN_ID=manual__2023-03-23T10:54:22.578278+00:00
[2023-03-23 10:54:28,089] {transport.py:157} INFO - Attempting refresh to obtain initial access_token
[2023-03-23 10:54:28,092] {client.py:777} INFO - Refreshing access_token
[2023-03-23 10:54:29,084] {python.py:173} INFO - Done. Returned value was: stop
[2023-03-23 10:54:29,084] {skipmixin.py:140} INFO - Following branch stop
[2023-03-23 10:54:29,084] {skipmixin.py:175} INFO - Skipping tasks ['trigger_offence']
[2023-03-23 10:54:29,128] {taskinstance.py:1400} INFO - Marking task as SUCCESS. dag_id=defence_dag2, task_id=to_attack, execution_date=20230323T105422, start_date=20230323T105427, end_date=20230323T105429
[2023-03-23 10:54:29,173] {local_task_job.py:156} INFO - Task exited with return code 0
[2023-03-23 10:54:29,210] {local_task_job.py:273} INFO - 1 downstream tasks scheduled from follow-on schedule check
