[2023-04-30 14:08:02,417] {taskinstance.py:1159} INFO - Dependencies all met for <TaskInstance: multi_defence_dag.Defence1 manual__2023-04-30T14:07:32.204183+00:00 [queued]>
[2023-04-30 14:08:02,474] {taskinstance.py:1159} INFO - Dependencies all met for <TaskInstance: multi_defence_dag.Defence1 manual__2023-04-30T14:07:32.204183+00:00 [queued]>
[2023-04-30 14:08:02,475] {taskinstance.py:1356} INFO - 
--------------------------------------------------------------------------------
[2023-04-30 14:08:02,476] {taskinstance.py:1357} INFO - Starting attempt 1 of 2
[2023-04-30 14:08:02,476] {taskinstance.py:1358} INFO - 
--------------------------------------------------------------------------------
[2023-04-30 14:08:02,532] {taskinstance.py:1377} INFO - Executing <Task(PythonOperator): Defence1> on 2023-04-30 14:07:32.204183+00:00
[2023-04-30 14:08:02,546] {standard_task_runner.py:52} INFO - Started process 5137 to run task
[2023-04-30 14:08:02,586] {standard_task_runner.py:79} INFO - Running: ['***', 'tasks', 'run', 'multi_defence_dag', 'Defence1', 'manual__2023-04-30T14:07:32.204183+00:00', '--job-id', '7486', '--raw', '--subdir', 'DAGS_FOLDER/defence_dag.py', '--cfg-path', '/tmp/tmpagf9ka04', '--error-file', '/tmp/tmp5t25qgob']
[2023-04-30 14:08:02,588] {standard_task_runner.py:80} INFO - Job 7486: Subtask Defence1
[2023-04-30 14:08:02,933] {task_command.py:369} INFO - Running <TaskInstance: multi_defence_dag.Defence1 manual__2023-04-30T14:07:32.204183+00:00 [running]> on host 873e5d3a4399
[2023-04-30 14:08:03,309] {taskinstance.py:1571} INFO - Exporting the following env vars:
AIRFLOW_CTX_DAG_OWNER=***
AIRFLOW_CTX_DAG_ID=multi_defence_dag
AIRFLOW_CTX_TASK_ID=Defence1
AIRFLOW_CTX_EXECUTION_DATE=2023-04-30T14:07:32.204183+00:00
AIRFLOW_CTX_TRY_NUMBER=1
AIRFLOW_CTX_DAG_RUN_ID=manual__2023-04-30T14:07:32.204183+00:00
[2023-04-30 14:08:03,364] {python.py:173} INFO - Done. Returned value was: None
[2023-04-30 14:08:03,411] {taskinstance.py:1400} INFO - Marking task as SUCCESS. dag_id=multi_defence_dag, task_id=Defence1, execution_date=20230430T140732, start_date=20230430T140802, end_date=20230430T140803
[2023-04-30 14:08:03,506] {local_task_job.py:156} INFO - Task exited with return code 0
[2023-04-30 14:08:03,746] {local_task_job.py:273} INFO - 0 downstream tasks scheduled from follow-on schedule check
