[2023-03-12 15:04:17,108] {taskinstance.py:1159} INFO - Dependencies all met for <TaskInstance: defence_dag.storing manual__2023-03-12T15:04:15.819540+00:00 [queued]>
[2023-03-12 15:04:17,129] {taskinstance.py:1159} INFO - Dependencies all met for <TaskInstance: defence_dag.storing manual__2023-03-12T15:04:15.819540+00:00 [queued]>
[2023-03-12 15:04:17,130] {taskinstance.py:1356} INFO - 
--------------------------------------------------------------------------------
[2023-03-12 15:04:17,131] {taskinstance.py:1357} INFO - Starting attempt 1 of 1
[2023-03-12 15:04:17,132] {taskinstance.py:1358} INFO - 
--------------------------------------------------------------------------------
[2023-03-12 15:04:17,167] {taskinstance.py:1377} INFO - Executing <Task(BashOperator): storing> on 2023-03-12 15:04:15.819540+00:00
[2023-03-12 15:04:17,174] {standard_task_runner.py:52} INFO - Started process 97 to run task
[2023-03-12 15:04:17,182] {standard_task_runner.py:79} INFO - Running: ['***', 'tasks', 'run', 'defence_dag', 'storing', 'manual__2023-03-12T15:04:15.819540+00:00', '--job-id', '407', '--raw', '--subdir', 'DAGS_FOLDER/defese.py', '--cfg-path', '/tmp/tmpwloqx7j3', '--error-file', '/tmp/tmpz3xa9alu']
[2023-03-12 15:04:17,184] {standard_task_runner.py:80} INFO - Job 407: Subtask storing
[2023-03-12 15:04:17,343] {task_command.py:369} INFO - Running <TaskInstance: defence_dag.storing manual__2023-03-12T15:04:15.819540+00:00 [running]> on host 596adcca7378
[2023-03-12 15:04:17,502] {taskinstance.py:1571} INFO - Exporting the following env vars:
AIRFLOW_CTX_DAG_OWNER=***
AIRFLOW_CTX_DAG_ID=defence_dag
AIRFLOW_CTX_TASK_ID=storing
AIRFLOW_CTX_EXECUTION_DATE=2023-03-12T15:04:15.819540+00:00
AIRFLOW_CTX_TRY_NUMBER=1
AIRFLOW_CTX_DAG_RUN_ID=manual__2023-03-12T15:04:15.819540+00:00
[2023-03-12 15:04:17,505] {subprocess.py:62} INFO - Tmp dir root location: 
 /tmp
[2023-03-12 15:04:17,507] {subprocess.py:74} INFO - Running command: ['bash', '-c', 'sleep 1']
[2023-03-12 15:04:17,525] {subprocess.py:85} INFO - Output:
[2023-03-12 15:04:18,533] {subprocess.py:96} INFO - Command exited with return code 0
[2023-03-12 15:04:18,592] {taskinstance.py:1400} INFO - Marking task as SUCCESS. dag_id=defence_dag, task_id=storing, execution_date=20230312T150415, start_date=20230312T150417, end_date=20230312T150418
[2023-03-12 15:04:18,651] {local_task_job.py:156} INFO - Task exited with return code 0
[2023-03-12 15:04:18,734] {local_task_job.py:273} INFO - 1 downstream tasks scheduled from follow-on schedule check
