[2023-04-23 07:55:06,245] {taskinstance.py:1159} INFO - Dependencies all met for <TaskInstance: multi_defence_dag.to_defend scheduled__2023-04-22T00:00:00+00:00 [queued]>
[2023-04-23 07:55:06,261] {taskinstance.py:1159} INFO - Dependencies all met for <TaskInstance: multi_defence_dag.to_defend scheduled__2023-04-22T00:00:00+00:00 [queued]>
[2023-04-23 07:55:06,262] {taskinstance.py:1356} INFO - 
--------------------------------------------------------------------------------
[2023-04-23 07:55:06,262] {taskinstance.py:1357} INFO - Starting attempt 1 of 2
[2023-04-23 07:55:06,264] {taskinstance.py:1358} INFO - 
--------------------------------------------------------------------------------
[2023-04-23 07:55:06,292] {taskinstance.py:1377} INFO - Executing <Task(BranchPythonOperator): to_defend> on 2023-04-22 00:00:00+00:00
[2023-04-23 07:55:06,303] {standard_task_runner.py:52} INFO - Started process 553 to run task
[2023-04-23 07:55:06,309] {standard_task_runner.py:79} INFO - Running: ['***', 'tasks', 'run', 'multi_defence_dag', 'to_defend', 'scheduled__2023-04-22T00:00:00+00:00', '--job-id', '5925', '--raw', '--subdir', 'DAGS_FOLDER/defence_dag.py', '--cfg-path', '/tmp/tmp0y9vv0zo', '--error-file', '/tmp/tmpdpmhxv3h']
[2023-04-23 07:55:06,311] {standard_task_runner.py:80} INFO - Job 5925: Subtask to_defend
[2023-04-23 07:55:06,460] {task_command.py:369} INFO - Running <TaskInstance: multi_defence_dag.to_defend scheduled__2023-04-22T00:00:00+00:00 [running]> on host a3dd7d962104
[2023-04-23 07:55:06,576] {taskinstance.py:1571} INFO - Exporting the following env vars:
AIRFLOW_CTX_DAG_OWNER=***
AIRFLOW_CTX_DAG_ID=multi_defence_dag
AIRFLOW_CTX_TASK_ID=to_defend
AIRFLOW_CTX_EXECUTION_DATE=2023-04-22T00:00:00+00:00
AIRFLOW_CTX_TRY_NUMBER=1
AIRFLOW_CTX_DAG_RUN_ID=scheduled__2023-04-22T00:00:00+00:00
[2023-04-23 07:55:06,581] {transport.py:157} INFO - Attempting refresh to obtain initial access_token
[2023-04-23 07:55:06,585] {client.py:777} INFO - Refreshing access_token
[2023-04-23 07:55:07,288] {python.py:173} INFO - Done. Returned value was: trigger_offence
[2023-04-23 07:55:07,289] {skipmixin.py:140} INFO - Following branch trigger_offence
[2023-04-23 07:55:07,290] {skipmixin.py:175} INFO - Skipping tasks ['stop']
[2023-04-23 07:55:07,331] {taskinstance.py:1400} INFO - Marking task as SUCCESS. dag_id=multi_defence_dag, task_id=to_defend, execution_date=20230422T000000, start_date=20230423T075506, end_date=20230423T075507
[2023-04-23 07:55:07,366] {local_task_job.py:156} INFO - Task exited with return code 0
[2023-04-23 07:55:07,400] {local_task_job.py:273} INFO - 1 downstream tasks scheduled from follow-on schedule check
