[2023-03-28 09:49:04,156] {taskinstance.py:1159} INFO - Dependencies all met for <TaskInstance: defence_dag2.to_attack manual__2023-03-28T09:48:55.045663+00:00 [queued]>
[2023-03-28 09:49:04,181] {taskinstance.py:1159} INFO - Dependencies all met for <TaskInstance: defence_dag2.to_attack manual__2023-03-28T09:48:55.045663+00:00 [queued]>
[2023-03-28 09:49:04,181] {taskinstance.py:1356} INFO - 
--------------------------------------------------------------------------------
[2023-03-28 09:49:04,182] {taskinstance.py:1357} INFO - Starting attempt 1 of 1
[2023-03-28 09:49:04,184] {taskinstance.py:1358} INFO - 
--------------------------------------------------------------------------------
[2023-03-28 09:49:04,228] {taskinstance.py:1377} INFO - Executing <Task(BranchPythonOperator): to_attack> on 2023-03-28 09:48:55.045663+00:00
[2023-03-28 09:49:04,243] {standard_task_runner.py:52} INFO - Started process 381 to run task
[2023-03-28 09:49:04,258] {standard_task_runner.py:79} INFO - Running: ['***', 'tasks', 'run', 'defence_dag2', 'to_attack', 'manual__2023-03-28T09:48:55.045663+00:00', '--job-id', '3954', '--raw', '--subdir', 'DAGS_FOLDER/defese.py', '--cfg-path', '/tmp/tmp2kj2ezzi', '--error-file', '/tmp/tmplpzc_5oh']
[2023-03-28 09:49:04,262] {standard_task_runner.py:80} INFO - Job 3954: Subtask to_attack
[2023-03-28 09:49:04,428] {task_command.py:369} INFO - Running <TaskInstance: defence_dag2.to_attack manual__2023-03-28T09:48:55.045663+00:00 [running]> on host 70f8824ef075
[2023-03-28 09:49:04,592] {taskinstance.py:1571} INFO - Exporting the following env vars:
AIRFLOW_CTX_DAG_OWNER=***
AIRFLOW_CTX_DAG_ID=defence_dag2
AIRFLOW_CTX_TASK_ID=to_attack
AIRFLOW_CTX_EXECUTION_DATE=2023-03-28T09:48:55.045663+00:00
AIRFLOW_CTX_TRY_NUMBER=1
AIRFLOW_CTX_DAG_RUN_ID=manual__2023-03-28T09:48:55.045663+00:00
[2023-03-28 09:49:04,596] {transport.py:157} INFO - Attempting refresh to obtain initial access_token
[2023-03-28 09:49:04,601] {client.py:777} INFO - Refreshing access_token
[2023-03-28 09:49:05,589] {python.py:173} INFO - Done. Returned value was: stop
[2023-03-28 09:49:05,589] {skipmixin.py:140} INFO - Following branch stop
[2023-03-28 09:49:05,590] {skipmixin.py:175} INFO - Skipping tasks ['trigger_offence']
[2023-03-28 09:49:05,653] {taskinstance.py:1400} INFO - Marking task as SUCCESS. dag_id=defence_dag2, task_id=to_attack, execution_date=20230328T094855, start_date=20230328T094904, end_date=20230328T094905
[2023-03-28 09:49:05,714] {local_task_job.py:156} INFO - Task exited with return code 0
[2023-03-28 09:49:05,774] {local_task_job.py:273} INFO - 1 downstream tasks scheduled from follow-on schedule check
