[2023-03-16 11:46:45,393] {taskinstance.py:1159} INFO - Dependencies all met for <TaskInstance: defence_dag.trigger_offence manual__2023-03-16T11:46:40.285427+00:00 [queued]>
[2023-03-16 11:46:45,400] {taskinstance.py:1159} INFO - Dependencies all met for <TaskInstance: defence_dag.trigger_offence manual__2023-03-16T11:46:40.285427+00:00 [queued]>
[2023-03-16 11:46:45,400] {taskinstance.py:1356} INFO - 
--------------------------------------------------------------------------------
[2023-03-16 11:46:45,401] {taskinstance.py:1357} INFO - Starting attempt 1 of 1
[2023-03-16 11:46:45,402] {taskinstance.py:1358} INFO - 
--------------------------------------------------------------------------------
[2023-03-16 11:46:45,413] {taskinstance.py:1377} INFO - Executing <Task(TriggerDagRunOperator): trigger_offence> on 2023-03-16 11:46:40.285427+00:00
[2023-03-16 11:46:45,417] {standard_task_runner.py:52} INFO - Started process 244 to run task
[2023-03-16 11:46:45,419] {standard_task_runner.py:79} INFO - Running: ['***', 'tasks', 'run', 'defence_dag', 'trigger_offence', 'manual__2023-03-16T11:46:40.285427+00:00', '--job-id', '953', '--raw', '--subdir', 'DAGS_FOLDER/defese.py', '--cfg-path', '/tmp/tmpnqbvib2o', '--error-file', '/tmp/tmpuxwg60hr']
[2023-03-16 11:46:45,420] {standard_task_runner.py:80} INFO - Job 953: Subtask trigger_offence
[2023-03-16 11:46:45,460] {task_command.py:369} INFO - Running <TaskInstance: defence_dag.trigger_offence manual__2023-03-16T11:46:40.285427+00:00 [running]> on host 596adcca7378
[2023-03-16 11:46:45,515] {taskinstance.py:1571} INFO - Exporting the following env vars:
AIRFLOW_CTX_DAG_OWNER=***
AIRFLOW_CTX_DAG_ID=defence_dag
AIRFLOW_CTX_TASK_ID=trigger_offence
AIRFLOW_CTX_EXECUTION_DATE=2023-03-16T11:46:40.285427+00:00
AIRFLOW_CTX_TRY_NUMBER=1
AIRFLOW_CTX_DAG_RUN_ID=manual__2023-03-16T11:46:40.285427+00:00
[2023-03-16 11:46:46,194] {taskinstance.py:1400} INFO - Marking task as SUCCESS. dag_id=defence_dag, task_id=trigger_offence, execution_date=20230316T114640, start_date=20230316T114645, end_date=20230316T114646
[2023-03-16 11:46:46,234] {local_task_job.py:156} INFO - Task exited with return code 0
[2023-03-16 11:46:46,256] {local_task_job.py:273} INFO - 0 downstream tasks scheduled from follow-on schedule check
