[2023-04-27 13:00:30,976] {taskinstance.py:1159} INFO - Dependencies all met for <TaskInstance: multi_defence_dag.choose_defence manual__2023-04-27T13:00:07.786313+00:00 [queued]>
[2023-04-27 13:00:31,081] {taskinstance.py:1159} INFO - Dependencies all met for <TaskInstance: multi_defence_dag.choose_defence manual__2023-04-27T13:00:07.786313+00:00 [queued]>
[2023-04-27 13:00:31,084] {taskinstance.py:1356} INFO - 
--------------------------------------------------------------------------------
[2023-04-27 13:00:31,091] {taskinstance.py:1357} INFO - Starting attempt 1 of 2
[2023-04-27 13:00:31,093] {taskinstance.py:1358} INFO - 
--------------------------------------------------------------------------------
[2023-04-27 13:00:31,285] {taskinstance.py:1377} INFO - Executing <Task(PythonOperator): choose_defence> on 2023-04-27 13:00:07.786313+00:00
[2023-04-27 13:00:31,338] {standard_task_runner.py:52} INFO - Started process 737 to run task
[2023-04-27 13:00:31,371] {standard_task_runner.py:79} INFO - Running: ['***', 'tasks', 'run', 'multi_defence_dag', 'choose_defence', 'manual__2023-04-27T13:00:07.786313+00:00', '--job-id', '6887', '--raw', '--subdir', 'DAGS_FOLDER/defence_dag.py', '--cfg-path', '/tmp/tmpzg9jg7lx', '--error-file', '/tmp/tmpwawt7wzf']
[2023-04-27 13:00:31,385] {standard_task_runner.py:80} INFO - Job 6887: Subtask choose_defence
[2023-04-27 13:00:31,922] {task_command.py:369} INFO - Running <TaskInstance: multi_defence_dag.choose_defence manual__2023-04-27T13:00:07.786313+00:00 [running]> on host e7e31d5a6603
[2023-04-27 13:00:32,783] {taskinstance.py:1571} INFO - Exporting the following env vars:
AIRFLOW_CTX_DAG_OWNER=***
AIRFLOW_CTX_DAG_ID=multi_defence_dag
AIRFLOW_CTX_TASK_ID=choose_defence
AIRFLOW_CTX_EXECUTION_DATE=2023-04-27T13:00:07.786313+00:00
AIRFLOW_CTX_TRY_NUMBER=1
AIRFLOW_CTX_DAG_RUN_ID=manual__2023-04-27T13:00:07.786313+00:00
[2023-04-27 13:00:33,190] {python.py:173} INFO - Done. Returned value was: None
[2023-04-27 13:00:33,325] {taskinstance.py:1400} INFO - Marking task as SUCCESS. dag_id=multi_defence_dag, task_id=choose_defence, execution_date=20230427T130007, start_date=20230427T130030, end_date=20230427T130033
[2023-04-27 13:00:33,441] {local_task_job.py:156} INFO - Task exited with return code 0
[2023-04-27 13:00:33,880] {local_task_job.py:273} INFO - 3 downstream tasks scheduled from follow-on schedule check
