[2023-03-12 15:50:48,972] {taskinstance.py:1159} INFO - Dependencies all met for <TaskInstance: defence_dag.storing manual__2023-03-12T15:50:47.596954+00:00 [queued]>
[2023-03-12 15:50:48,990] {taskinstance.py:1159} INFO - Dependencies all met for <TaskInstance: defence_dag.storing manual__2023-03-12T15:50:47.596954+00:00 [queued]>
[2023-03-12 15:50:48,991] {taskinstance.py:1356} INFO - 
--------------------------------------------------------------------------------
[2023-03-12 15:50:48,992] {taskinstance.py:1357} INFO - Starting attempt 1 of 1
[2023-03-12 15:50:48,993] {taskinstance.py:1358} INFO - 
--------------------------------------------------------------------------------
[2023-03-12 15:50:49,018] {taskinstance.py:1377} INFO - Executing <Task(BashOperator): storing> on 2023-03-12 15:50:47.596954+00:00
[2023-03-12 15:50:49,023] {standard_task_runner.py:52} INFO - Started process 125 to run task
[2023-03-12 15:50:49,028] {standard_task_runner.py:79} INFO - Running: ['***', 'tasks', 'run', 'defence_dag', 'storing', 'manual__2023-03-12T15:50:47.596954+00:00', '--job-id', '585', '--raw', '--subdir', 'DAGS_FOLDER/defese.py', '--cfg-path', '/tmp/tmpmz3w0dj3', '--error-file', '/tmp/tmp_hap3mb7']
[2023-03-12 15:50:49,029] {standard_task_runner.py:80} INFO - Job 585: Subtask storing
[2023-03-12 15:50:49,110] {task_command.py:369} INFO - Running <TaskInstance: defence_dag.storing manual__2023-03-12T15:50:47.596954+00:00 [running]> on host 596adcca7378
[2023-03-12 15:50:49,206] {taskinstance.py:1571} INFO - Exporting the following env vars:
AIRFLOW_CTX_DAG_OWNER=***
AIRFLOW_CTX_DAG_ID=defence_dag
AIRFLOW_CTX_TASK_ID=storing
AIRFLOW_CTX_EXECUTION_DATE=2023-03-12T15:50:47.596954+00:00
AIRFLOW_CTX_TRY_NUMBER=1
AIRFLOW_CTX_DAG_RUN_ID=manual__2023-03-12T15:50:47.596954+00:00
[2023-03-12 15:50:49,207] {subprocess.py:62} INFO - Tmp dir root location: 
 /tmp
[2023-03-12 15:50:49,208] {subprocess.py:74} INFO - Running command: ['bash', '-c', 'sleep 1']
[2023-03-12 15:50:49,219] {subprocess.py:85} INFO - Output:
[2023-03-12 15:50:50,222] {subprocess.py:96} INFO - Command exited with return code 0
[2023-03-12 15:50:50,261] {taskinstance.py:1400} INFO - Marking task as SUCCESS. dag_id=defence_dag, task_id=storing, execution_date=20230312T155047, start_date=20230312T155048, end_date=20230312T155050
[2023-03-12 15:50:50,287] {local_task_job.py:156} INFO - Task exited with return code 0
[2023-03-12 15:50:50,345] {local_task_job.py:273} INFO - 1 downstream tasks scheduled from follow-on schedule check
