[2023-03-28 10:01:54,733] {taskinstance.py:1159} INFO - Dependencies all met for <TaskInstance: defence_dag2.storing manual__2023-03-28T10:01:52.709187+00:00 [queued]>
[2023-03-28 10:01:54,745] {taskinstance.py:1159} INFO - Dependencies all met for <TaskInstance: defence_dag2.storing manual__2023-03-28T10:01:52.709187+00:00 [queued]>
[2023-03-28 10:01:54,746] {taskinstance.py:1356} INFO - 
--------------------------------------------------------------------------------
[2023-03-28 10:01:54,746] {taskinstance.py:1357} INFO - Starting attempt 1 of 1
[2023-03-28 10:01:54,747] {taskinstance.py:1358} INFO - 
--------------------------------------------------------------------------------
[2023-03-28 10:01:54,764] {taskinstance.py:1377} INFO - Executing <Task(BashOperator): storing> on 2023-03-28 10:01:52.709187+00:00
[2023-03-28 10:01:54,770] {standard_task_runner.py:52} INFO - Started process 1626 to run task
[2023-03-28 10:01:54,773] {standard_task_runner.py:79} INFO - Running: ['***', 'tasks', 'run', 'defence_dag2', 'storing', 'manual__2023-03-28T10:01:52.709187+00:00', '--job-id', '4156', '--raw', '--subdir', 'DAGS_FOLDER/defese.py', '--cfg-path', '/tmp/tmpnzua3smm', '--error-file', '/tmp/tmpj3szqxef']
[2023-03-28 10:01:54,775] {standard_task_runner.py:80} INFO - Job 4156: Subtask storing
[2023-03-28 10:01:54,850] {task_command.py:369} INFO - Running <TaskInstance: defence_dag2.storing manual__2023-03-28T10:01:52.709187+00:00 [running]> on host 70f8824ef075
[2023-03-28 10:01:54,942] {taskinstance.py:1571} INFO - Exporting the following env vars:
AIRFLOW_CTX_DAG_OWNER=***
AIRFLOW_CTX_DAG_ID=defence_dag2
AIRFLOW_CTX_TASK_ID=storing
AIRFLOW_CTX_EXECUTION_DATE=2023-03-28T10:01:52.709187+00:00
AIRFLOW_CTX_TRY_NUMBER=1
AIRFLOW_CTX_DAG_RUN_ID=manual__2023-03-28T10:01:52.709187+00:00
[2023-03-28 10:01:54,944] {subprocess.py:62} INFO - Tmp dir root location: 
 /tmp
[2023-03-28 10:01:54,944] {subprocess.py:74} INFO - Running command: ['bash', '-c', 'sleep 1']
[2023-03-28 10:01:54,956] {subprocess.py:85} INFO - Output:
[2023-03-28 10:01:55,959] {subprocess.py:96} INFO - Command exited with return code 0
[2023-03-28 10:01:56,000] {taskinstance.py:1400} INFO - Marking task as SUCCESS. dag_id=defence_dag2, task_id=storing, execution_date=20230328T100152, start_date=20230328T100154, end_date=20230328T100156
[2023-03-28 10:01:56,033] {local_task_job.py:156} INFO - Task exited with return code 0
[2023-03-28 10:01:56,080] {local_task_job.py:273} INFO - 1 downstream tasks scheduled from follow-on schedule check
