[2023-03-23 15:41:25,698] {taskinstance.py:1159} INFO - Dependencies all met for <TaskInstance: multi_attack_dag.metadata manual__2023-03-23T15:41:19.407324+00:00 [queued]>
[2023-03-23 15:41:25,722] {taskinstance.py:1159} INFO - Dependencies all met for <TaskInstance: multi_attack_dag.metadata manual__2023-03-23T15:41:19.407324+00:00 [queued]>
[2023-03-23 15:41:25,723] {taskinstance.py:1356} INFO - 
--------------------------------------------------------------------------------
[2023-03-23 15:41:25,726] {taskinstance.py:1357} INFO - Starting attempt 1 of 2
[2023-03-23 15:41:25,727] {taskinstance.py:1358} INFO - 
--------------------------------------------------------------------------------
[2023-03-23 15:41:25,768] {taskinstance.py:1377} INFO - Executing <Task(PythonOperator): metadata> on 2023-03-23 15:41:19.407324+00:00
[2023-03-23 15:41:25,778] {standard_task_runner.py:52} INFO - Started process 13532 to run task
[2023-03-23 15:41:25,787] {standard_task_runner.py:79} INFO - Running: ['***', 'tasks', 'run', 'multi_attack_dag', 'metadata', 'manual__2023-03-23T15:41:19.407324+00:00', '--job-id', '3493', '--raw', '--subdir', 'DAGS_FOLDER/attack_dag.py', '--cfg-path', '/tmp/tmp25xtxejm', '--error-file', '/tmp/tmp9cpha6e6']
[2023-03-23 15:41:25,789] {standard_task_runner.py:80} INFO - Job 3493: Subtask metadata
[2023-03-23 15:41:25,891] {task_command.py:369} INFO - Running <TaskInstance: multi_attack_dag.metadata manual__2023-03-23T15:41:19.407324+00:00 [running]> on host 6447f1dacd32
[2023-03-23 15:41:26,083] {taskinstance.py:1571} INFO - Exporting the following env vars:
AIRFLOW_CTX_DAG_OWNER=***
AIRFLOW_CTX_DAG_ID=multi_attack_dag
AIRFLOW_CTX_TASK_ID=metadata
AIRFLOW_CTX_EXECUTION_DATE=2023-03-23T15:41:19.407324+00:00
AIRFLOW_CTX_TRY_NUMBER=1
AIRFLOW_CTX_DAG_RUN_ID=manual__2023-03-23T15:41:19.407324+00:00
[2023-03-23 15:41:26,102] {transport.py:157} INFO - Attempting refresh to obtain initial access_token
[2023-03-23 15:41:26,108] {client.py:777} INFO - Refreshing access_token
[2023-03-23 15:41:26,989] {transport.py:157} INFO - Attempting refresh to obtain initial access_token
[2023-03-23 15:41:26,993] {client.py:777} INFO - Refreshing access_token
[2023-03-23 15:41:27,718] {python.py:173} INFO - Done. Returned value was: None
[2023-03-23 15:41:27,744] {taskinstance.py:1400} INFO - Marking task as SUCCESS. dag_id=multi_attack_dag, task_id=metadata, execution_date=20230323T154119, start_date=20230323T154125, end_date=20230323T154127
[2023-03-23 15:41:27,773] {local_task_job.py:156} INFO - Task exited with return code 0
[2023-03-23 15:41:27,835] {local_task_job.py:273} INFO - 3 downstream tasks scheduled from follow-on schedule check
