[2023-03-12 15:21:18,804] {taskinstance.py:1159} INFO - Dependencies all met for <TaskInstance: defence_dag.trigger_offence manual__2023-03-12T15:21:13.485435+00:00 [queued]>
[2023-03-12 15:21:18,813] {taskinstance.py:1159} INFO - Dependencies all met for <TaskInstance: defence_dag.trigger_offence manual__2023-03-12T15:21:13.485435+00:00 [queued]>
[2023-03-12 15:21:18,813] {taskinstance.py:1356} INFO - 
--------------------------------------------------------------------------------
[2023-03-12 15:21:18,814] {taskinstance.py:1357} INFO - Starting attempt 1 of 1
[2023-03-12 15:21:18,814] {taskinstance.py:1358} INFO - 
--------------------------------------------------------------------------------
[2023-03-12 15:21:18,826] {taskinstance.py:1377} INFO - Executing <Task(TriggerDagRunOperator): trigger_offence> on 2023-03-12 15:21:13.485435+00:00
[2023-03-12 15:21:18,830] {standard_task_runner.py:52} INFO - Started process 462 to run task
[2023-03-12 15:21:18,832] {standard_task_runner.py:79} INFO - Running: ['***', 'tasks', 'run', 'defence_dag', 'trigger_offence', 'manual__2023-03-12T15:21:13.485435+00:00', '--job-id', '531', '--raw', '--subdir', 'DAGS_FOLDER/defese.py', '--cfg-path', '/tmp/tmp8lvei5mm', '--error-file', '/tmp/tmp9d5v32hf']
[2023-03-12 15:21:18,832] {standard_task_runner.py:80} INFO - Job 531: Subtask trigger_offence
[2023-03-12 15:21:18,870] {task_command.py:369} INFO - Running <TaskInstance: defence_dag.trigger_offence manual__2023-03-12T15:21:13.485435+00:00 [running]> on host 596adcca7378
[2023-03-12 15:21:18,923] {taskinstance.py:1571} INFO - Exporting the following env vars:
AIRFLOW_CTX_DAG_OWNER=***
AIRFLOW_CTX_DAG_ID=defence_dag
AIRFLOW_CTX_TASK_ID=trigger_offence
AIRFLOW_CTX_EXECUTION_DATE=2023-03-12T15:21:13.485435+00:00
AIRFLOW_CTX_TRY_NUMBER=1
AIRFLOW_CTX_DAG_RUN_ID=manual__2023-03-12T15:21:13.485435+00:00
[2023-03-12 15:21:19,629] {taskinstance.py:1400} INFO - Marking task as SUCCESS. dag_id=defence_dag, task_id=trigger_offence, execution_date=20230312T152113, start_date=20230312T152118, end_date=20230312T152119
[2023-03-12 15:21:19,688] {local_task_job.py:156} INFO - Task exited with return code 0
[2023-03-12 15:21:19,733] {local_task_job.py:273} INFO - 0 downstream tasks scheduled from follow-on schedule check
