[2023-04-23 09:59:24,514] {taskinstance.py:1159} INFO - Dependencies all met for <TaskInstance: multi_defence_dag.to_defend manual__2023-04-23T09:59:02.340289+00:00 [queued]>
[2023-04-23 09:59:24,533] {taskinstance.py:1159} INFO - Dependencies all met for <TaskInstance: multi_defence_dag.to_defend manual__2023-04-23T09:59:02.340289+00:00 [queued]>
[2023-04-23 09:59:24,534] {taskinstance.py:1356} INFO - 
--------------------------------------------------------------------------------
[2023-04-23 09:59:24,540] {taskinstance.py:1357} INFO - Starting attempt 1 of 2
[2023-04-23 09:59:24,541] {taskinstance.py:1358} INFO - 
--------------------------------------------------------------------------------
[2023-04-23 09:59:24,565] {taskinstance.py:1377} INFO - Executing <Task(BranchPythonOperator): to_defend> on 2023-04-23 09:59:02.340289+00:00
[2023-04-23 09:59:24,575] {standard_task_runner.py:52} INFO - Started process 2551 to run task
[2023-04-23 09:59:24,581] {standard_task_runner.py:79} INFO - Running: ['***', 'tasks', 'run', 'multi_defence_dag', 'to_defend', 'manual__2023-04-23T09:59:02.340289+00:00', '--job-id', '6184', '--raw', '--subdir', 'DAGS_FOLDER/defence_dag.py', '--cfg-path', '/tmp/tmpdi5n9_xl', '--error-file', '/tmp/tmp844ykzvq']
[2023-04-23 09:59:24,582] {standard_task_runner.py:80} INFO - Job 6184: Subtask to_defend
[2023-04-23 09:59:24,715] {task_command.py:369} INFO - Running <TaskInstance: multi_defence_dag.to_defend manual__2023-04-23T09:59:02.340289+00:00 [running]> on host a3dd7d962104
[2023-04-23 09:59:24,815] {taskinstance.py:1571} INFO - Exporting the following env vars:
AIRFLOW_CTX_DAG_OWNER=***
AIRFLOW_CTX_DAG_ID=multi_defence_dag
AIRFLOW_CTX_TASK_ID=to_defend
AIRFLOW_CTX_EXECUTION_DATE=2023-04-23T09:59:02.340289+00:00
AIRFLOW_CTX_TRY_NUMBER=1
AIRFLOW_CTX_DAG_RUN_ID=manual__2023-04-23T09:59:02.340289+00:00
[2023-04-23 09:59:24,819] {transport.py:157} INFO - Attempting refresh to obtain initial access_token
[2023-04-23 09:59:24,826] {client.py:777} INFO - Refreshing access_token
[2023-04-23 09:59:25,636] {python.py:173} INFO - Done. Returned value was: stop
[2023-04-23 09:59:25,637] {skipmixin.py:140} INFO - Following branch stop
[2023-04-23 09:59:25,638] {skipmixin.py:175} INFO - Skipping tasks ['trigger_offence']
[2023-04-23 09:59:25,697] {taskinstance.py:1400} INFO - Marking task as SUCCESS. dag_id=multi_defence_dag, task_id=to_defend, execution_date=20230423T095902, start_date=20230423T095924, end_date=20230423T095925
[2023-04-23 09:59:25,718] {local_task_job.py:156} INFO - Task exited with return code 0
[2023-04-23 09:59:25,760] {local_task_job.py:273} INFO - 1 downstream tasks scheduled from follow-on schedule check
