[2023-03-23 15:41:29,132] {taskinstance.py:1159} INFO - Dependencies all met for <TaskInstance: multi_attack_dag.to_attack1 manual__2023-03-23T15:41:19.407324+00:00 [queued]>
[2023-03-23 15:41:29,163] {taskinstance.py:1159} INFO - Dependencies all met for <TaskInstance: multi_attack_dag.to_attack1 manual__2023-03-23T15:41:19.407324+00:00 [queued]>
[2023-03-23 15:41:29,164] {taskinstance.py:1356} INFO - 
--------------------------------------------------------------------------------
[2023-03-23 15:41:29,166] {taskinstance.py:1357} INFO - Starting attempt 1 of 2
[2023-03-23 15:41:29,167] {taskinstance.py:1358} INFO - 
--------------------------------------------------------------------------------
[2023-03-23 15:41:29,221] {taskinstance.py:1377} INFO - Executing <Task(BranchPythonOperator): to_attack1> on 2023-03-23 15:41:19.407324+00:00
[2023-03-23 15:41:29,238] {standard_task_runner.py:52} INFO - Started process 13545 to run task
[2023-03-23 15:41:29,250] {standard_task_runner.py:79} INFO - Running: ['***', 'tasks', 'run', 'multi_attack_dag', 'to_attack1', 'manual__2023-03-23T15:41:19.407324+00:00', '--job-id', '3496', '--raw', '--subdir', 'DAGS_FOLDER/attack_dag.py', '--cfg-path', '/tmp/tmpjzr33cks', '--error-file', '/tmp/tmp5t5xhsrf']
[2023-03-23 15:41:29,253] {standard_task_runner.py:80} INFO - Job 3496: Subtask to_attack1
[2023-03-23 15:41:29,495] {task_command.py:369} INFO - Running <TaskInstance: multi_attack_dag.to_attack1 manual__2023-03-23T15:41:19.407324+00:00 [running]> on host 6447f1dacd32
[2023-03-23 15:41:29,986] {taskinstance.py:1571} INFO - Exporting the following env vars:
AIRFLOW_CTX_DAG_OWNER=***
AIRFLOW_CTX_DAG_ID=multi_attack_dag
AIRFLOW_CTX_TASK_ID=to_attack1
AIRFLOW_CTX_EXECUTION_DATE=2023-03-23T15:41:19.407324+00:00
AIRFLOW_CTX_TRY_NUMBER=1
AIRFLOW_CTX_DAG_RUN_ID=manual__2023-03-23T15:41:19.407324+00:00
[2023-03-23 15:41:30,069] {python.py:173} INFO - Done. Returned value was: attack1
[2023-03-23 15:41:30,072] {skipmixin.py:140} INFO - Following branch attack1
[2023-03-23 15:41:30,074] {skipmixin.py:175} INFO - Skipping tasks ['default']
[2023-03-23 15:41:30,388] {taskinstance.py:1400} INFO - Marking task as SUCCESS. dag_id=multi_attack_dag, task_id=to_attack1, execution_date=20230323T154119, start_date=20230323T154129, end_date=20230323T154130
[2023-03-23 15:41:30,487] {local_task_job.py:156} INFO - Task exited with return code 0
[2023-03-23 15:41:30,854] {local_task_job.py:273} INFO - 0 downstream tasks scheduled from follow-on schedule check
