[2023-04-23 09:34:59,126] {taskinstance.py:1159} INFO - Dependencies all met for <TaskInstance: multi_attack_dag.attack_ProjectedGradientDescent manual__2023-04-23T09:34:43.453183+00:00 [queued]>
[2023-04-23 09:34:59,146] {taskinstance.py:1159} INFO - Dependencies all met for <TaskInstance: multi_attack_dag.attack_ProjectedGradientDescent manual__2023-04-23T09:34:43.453183+00:00 [queued]>
[2023-04-23 09:34:59,147] {taskinstance.py:1356} INFO - 
--------------------------------------------------------------------------------
[2023-04-23 09:34:59,148] {taskinstance.py:1357} INFO - Starting attempt 1 of 2
[2023-04-23 09:34:59,149] {taskinstance.py:1358} INFO - 
--------------------------------------------------------------------------------
[2023-04-23 09:34:59,170] {taskinstance.py:1377} INFO - Executing <Task(PythonOperator): attack_ProjectedGradientDescent> on 2023-04-23 09:34:43.453183+00:00
[2023-04-23 09:34:59,178] {standard_task_runner.py:52} INFO - Started process 1136 to run task
[2023-04-23 09:34:59,182] {standard_task_runner.py:79} INFO - Running: ['***', 'tasks', 'run', 'multi_attack_dag', 'attack_ProjectedGradientDescent', 'manual__2023-04-23T09:34:43.453183+00:00', '--job-id', '6097', '--raw', '--subdir', 'DAGS_FOLDER/attack_dag.py', '--cfg-path', '/tmp/tmp9iocu5e5', '--error-file', '/tmp/tmpc98lsrge']
[2023-04-23 09:34:59,184] {standard_task_runner.py:80} INFO - Job 6097: Subtask attack_ProjectedGradientDescent
[2023-04-23 09:34:59,265] {task_command.py:369} INFO - Running <TaskInstance: multi_attack_dag.attack_ProjectedGradientDescent manual__2023-04-23T09:34:43.453183+00:00 [running]> on host a3dd7d962104
[2023-04-23 09:34:59,380] {taskinstance.py:1571} INFO - Exporting the following env vars:
AIRFLOW_CTX_DAG_OWNER=***
AIRFLOW_CTX_DAG_ID=multi_attack_dag
AIRFLOW_CTX_TASK_ID=attack_ProjectedGradientDescent
AIRFLOW_CTX_EXECUTION_DATE=2023-04-23T09:34:43.453183+00:00
AIRFLOW_CTX_TRY_NUMBER=1
AIRFLOW_CTX_DAG_RUN_ID=manual__2023-04-23T09:34:43.453183+00:00
[2023-04-23 09:34:59,384] {transport.py:157} INFO - Attempting refresh to obtain initial access_token
[2023-04-23 09:34:59,390] {client.py:777} INFO - Refreshing access_token
[2023-04-23 09:35:00,085] {transport.py:157} INFO - Attempting refresh to obtain initial access_token
[2023-04-23 09:35:00,089] {client.py:777} INFO - Refreshing access_token
[2023-04-23 09:35:05,267] {pytorch.py:1198} INFO - Inferred 5 hidden layers on PyTorch classifier.
[2023-04-23 09:35:06,811] {projected_gradient_descent.py:199} INFO - Creating adversarial samples.
[2023-04-23 09:35:06,819] {logging_mixin.py:115} WARNING - PGD - Batches:   0%|          | 0/7 [00:00<?, ?it/s]
[2023-04-23 09:35:07,589] {logging_mixin.py:115} WARNING - PGD - Batches:  29%|##8       | 2/7 [00:00<00:01,  2.60it/s]
[2023-04-23 09:35:07,888] {logging_mixin.py:115} WARNING - PGD - Batches:  43%|####2     | 3/7 [00:01<00:01,  2.86it/s]
[2023-04-23 09:35:08,089] {logging_mixin.py:115} WARNING - PGD - Batches:  57%|#####7    | 4/7 [00:01<00:00,  3.41it/s]
[2023-04-23 09:35:08,302] {logging_mixin.py:115} WARNING - PGD - Batches:  71%|#######1  | 5/7 [00:01<00:00,  3.76it/s]
[2023-04-23 09:35:08,465] {logging_mixin.py:115} WARNING - PGD - Batches:  86%|########5 | 6/7 [00:01<00:00,  4.32it/s]
[2023-04-23 09:35:08,645] {logging_mixin.py:115} WARNING - PGD - Batches: 100%|##########| 7/7 [00:01<00:00,  4.65it/s]
[2023-04-23 09:35:08,646] {logging_mixin.py:115} WARNING -                                                             
[2023-04-23 09:35:08,652] {projected_gradient_descent_pytorch.py:239} INFO - Success rate of attack: 0.00%
[2023-04-23 09:35:08,660] {transport.py:157} INFO - Attempting refresh to obtain initial access_token
[2023-04-23 09:35:08,664] {client.py:777} INFO - Refreshing access_token
[2023-04-23 09:35:09,404] {python.py:173} INFO - Done. Returned value was: None
[2023-04-23 09:35:09,430] {taskinstance.py:1400} INFO - Marking task as SUCCESS. dag_id=multi_attack_dag, task_id=attack_ProjectedGradientDescent, execution_date=20230423T093443, start_date=20230423T093459, end_date=20230423T093509
[2023-04-23 09:35:09,493] {local_task_job.py:156} INFO - Task exited with return code 0
[2023-04-23 09:35:09,570] {local_task_job.py:273} INFO - 1 downstream tasks scheduled from follow-on schedule check
