[2023-04-09 08:47:11,566] {taskinstance.py:1159} INFO - Dependencies all met for <TaskInstance: multi_defence_dag.to_defend manual__2023-04-09T08:45:35.384331+00:00 [queued]>
[2023-04-09 08:47:11,596] {taskinstance.py:1159} INFO - Dependencies all met for <TaskInstance: multi_defence_dag.to_defend manual__2023-04-09T08:45:35.384331+00:00 [queued]>
[2023-04-09 08:47:11,597] {taskinstance.py:1356} INFO - 
--------------------------------------------------------------------------------
[2023-04-09 08:47:11,599] {taskinstance.py:1357} INFO - Starting attempt 1 of 2
[2023-04-09 08:47:11,599] {taskinstance.py:1358} INFO - 
--------------------------------------------------------------------------------
[2023-04-09 08:47:11,638] {taskinstance.py:1377} INFO - Executing <Task(BranchPythonOperator): to_defend> on 2023-04-09 08:45:35.384331+00:00
[2023-04-09 08:47:11,660] {standard_task_runner.py:52} INFO - Started process 5080 to run task
[2023-04-09 08:47:11,665] {standard_task_runner.py:79} INFO - Running: ['***', 'tasks', 'run', 'multi_defence_dag', 'to_defend', 'manual__2023-04-09T08:45:35.384331+00:00', '--job-id', '4833', '--raw', '--subdir', 'DAGS_FOLDER/defence_dag.py', '--cfg-path', '/tmp/tmpmkk94cn4', '--error-file', '/tmp/tmp7mkbzesa']
[2023-04-09 08:47:11,667] {standard_task_runner.py:80} INFO - Job 4833: Subtask to_defend
[2023-04-09 08:47:11,802] {task_command.py:369} INFO - Running <TaskInstance: multi_defence_dag.to_defend manual__2023-04-09T08:45:35.384331+00:00 [running]> on host ff3d40af78f9
[2023-04-09 08:47:11,975] {taskinstance.py:1571} INFO - Exporting the following env vars:
AIRFLOW_CTX_DAG_OWNER=***
AIRFLOW_CTX_DAG_ID=multi_defence_dag
AIRFLOW_CTX_TASK_ID=to_defend
AIRFLOW_CTX_EXECUTION_DATE=2023-04-09T08:45:35.384331+00:00
AIRFLOW_CTX_TRY_NUMBER=1
AIRFLOW_CTX_DAG_RUN_ID=manual__2023-04-09T08:45:35.384331+00:00
[2023-04-09 08:47:11,981] {transport.py:157} INFO - Attempting refresh to obtain initial access_token
[2023-04-09 08:47:11,991] {client.py:777} INFO - Refreshing access_token
[2023-04-09 08:47:12,903] {python.py:173} INFO - Done. Returned value was: trigger_offence
[2023-04-09 08:47:12,904] {skipmixin.py:140} INFO - Following branch trigger_offence
[2023-04-09 08:47:12,905] {skipmixin.py:175} INFO - Skipping tasks ['stop']
[2023-04-09 08:47:13,004] {taskinstance.py:1400} INFO - Marking task as SUCCESS. dag_id=multi_defence_dag, task_id=to_defend, execution_date=20230409T084535, start_date=20230409T084711, end_date=20230409T084713
[2023-04-09 08:47:13,056] {local_task_job.py:156} INFO - Task exited with return code 0
[2023-04-09 08:47:13,135] {local_task_job.py:273} INFO - 1 downstream tasks scheduled from follow-on schedule check
