[2023-03-16 11:57:51,762] {taskinstance.py:1159} INFO - Dependencies all met for <TaskInstance: attack_dag.trigger_defence manual__2023-03-16T11:29:31.891155+00:00 [queued]>
[2023-03-16 11:57:51,788] {taskinstance.py:1159} INFO - Dependencies all met for <TaskInstance: attack_dag.trigger_defence manual__2023-03-16T11:29:31.891155+00:00 [queued]>
[2023-03-16 11:57:51,789] {taskinstance.py:1356} INFO - 
--------------------------------------------------------------------------------
[2023-03-16 11:57:51,790] {taskinstance.py:1357} INFO - Starting attempt 2 of 2
[2023-03-16 11:57:51,791] {taskinstance.py:1358} INFO - 
--------------------------------------------------------------------------------
[2023-03-16 11:57:52,089] {taskinstance.py:1377} INFO - Executing <Task(TriggerDagRunOperator): trigger_defence> on 2023-03-16 11:29:31.891155+00:00
[2023-03-16 11:57:52,099] {standard_task_runner.py:52} INFO - Started process 1125 to run task
[2023-03-16 11:57:52,127] {standard_task_runner.py:79} INFO - Running: ['***', 'tasks', 'run', 'attack_dag', 'trigger_defence', 'manual__2023-03-16T11:29:31.891155+00:00', '--job-id', '1143', '--raw', '--subdir', 'DAGS_FOLDER/attack.py', '--cfg-path', '/tmp/tmpz5an0nic', '--error-file', '/tmp/tmphuytzq4o']
[2023-03-16 11:57:52,135] {standard_task_runner.py:80} INFO - Job 1143: Subtask trigger_defence
[2023-03-16 11:57:52,499] {task_command.py:369} INFO - Running <TaskInstance: attack_dag.trigger_defence manual__2023-03-16T11:29:31.891155+00:00 [running]> on host 596adcca7378
[2023-03-16 11:57:52,856] {taskinstance.py:1571} INFO - Exporting the following env vars:
AIRFLOW_CTX_DAG_OWNER=***
AIRFLOW_CTX_DAG_ID=attack_dag
AIRFLOW_CTX_TASK_ID=trigger_defence
AIRFLOW_CTX_EXECUTION_DATE=2023-03-16T11:29:31.891155+00:00
AIRFLOW_CTX_TRY_NUMBER=2
AIRFLOW_CTX_DAG_RUN_ID=manual__2023-03-16T11:29:31.891155+00:00
[2023-03-16 11:57:57,448] {taskinstance.py:1400} INFO - Marking task as SUCCESS. dag_id=attack_dag, task_id=trigger_defence, execution_date=20230316T112931, start_date=20230316T115751, end_date=20230316T115757
[2023-03-16 11:57:57,550] {local_task_job.py:156} INFO - Task exited with return code 0
[2023-03-16 11:57:57,927] {local_task_job.py:273} INFO - 0 downstream tasks scheduled from follow-on schedule check
