[2023-03-28 12:44:17,839] {taskinstance.py:1159} INFO - Dependencies all met for <TaskInstance: defence_dag2.storing manual__2023-03-28T12:44:14.962828+00:00 [queued]>
[2023-03-28 12:44:17,853] {taskinstance.py:1159} INFO - Dependencies all met for <TaskInstance: defence_dag2.storing manual__2023-03-28T12:44:14.962828+00:00 [queued]>
[2023-03-28 12:44:17,854] {taskinstance.py:1356} INFO - 
--------------------------------------------------------------------------------
[2023-03-28 12:44:17,854] {taskinstance.py:1357} INFO - Starting attempt 1 of 1
[2023-03-28 12:44:17,855] {taskinstance.py:1358} INFO - 
--------------------------------------------------------------------------------
[2023-03-28 12:44:17,874] {taskinstance.py:1377} INFO - Executing <Task(BashOperator): storing> on 2023-03-28 12:44:14.962828+00:00
[2023-03-28 12:44:17,883] {standard_task_runner.py:52} INFO - Started process 3825 to run task
[2023-03-28 12:44:17,886] {standard_task_runner.py:79} INFO - Running: ['***', 'tasks', 'run', 'defence_dag2', 'storing', 'manual__2023-03-28T12:44:14.962828+00:00', '--job-id', '4584', '--raw', '--subdir', 'DAGS_FOLDER/defese.py', '--cfg-path', '/tmp/tmpc515ps58', '--error-file', '/tmp/tmpmk0h8rjf']
[2023-03-28 12:44:17,888] {standard_task_runner.py:80} INFO - Job 4584: Subtask storing
[2023-03-28 12:44:17,965] {task_command.py:369} INFO - Running <TaskInstance: defence_dag2.storing manual__2023-03-28T12:44:14.962828+00:00 [running]> on host ff3d40af78f9
[2023-03-28 12:44:18,069] {taskinstance.py:1571} INFO - Exporting the following env vars:
AIRFLOW_CTX_DAG_OWNER=***
AIRFLOW_CTX_DAG_ID=defence_dag2
AIRFLOW_CTX_TASK_ID=storing
AIRFLOW_CTX_EXECUTION_DATE=2023-03-28T12:44:14.962828+00:00
AIRFLOW_CTX_TRY_NUMBER=1
AIRFLOW_CTX_DAG_RUN_ID=manual__2023-03-28T12:44:14.962828+00:00
[2023-03-28 12:44:18,072] {subprocess.py:62} INFO - Tmp dir root location: 
 /tmp
[2023-03-28 12:44:18,073] {subprocess.py:74} INFO - Running command: ['bash', '-c', 'sleep 1']
[2023-03-28 12:44:18,091] {subprocess.py:85} INFO - Output:
[2023-03-28 12:44:19,095] {subprocess.py:96} INFO - Command exited with return code 0
[2023-03-28 12:44:19,178] {taskinstance.py:1400} INFO - Marking task as SUCCESS. dag_id=defence_dag2, task_id=storing, execution_date=20230328T124414, start_date=20230328T124417, end_date=20230328T124419
[2023-03-28 12:44:19,227] {local_task_job.py:156} INFO - Task exited with return code 0
[2023-03-28 12:44:19,397] {local_task_job.py:273} INFO - 1 downstream tasks scheduled from follow-on schedule check
