[2023-03-23 15:33:03,341] {taskinstance.py:1159} INFO - Dependencies all met for <TaskInstance: multi_defence_dag.choose_defence manual__2023-03-23T15:33:02.247063+00:00 [queued]>
[2023-03-23 15:33:03,348] {taskinstance.py:1159} INFO - Dependencies all met for <TaskInstance: multi_defence_dag.choose_defence manual__2023-03-23T15:33:02.247063+00:00 [queued]>
[2023-03-23 15:33:03,348] {taskinstance.py:1356} INFO - 
--------------------------------------------------------------------------------
[2023-03-23 15:33:03,349] {taskinstance.py:1357} INFO - Starting attempt 1 of 2
[2023-03-23 15:33:03,349] {taskinstance.py:1358} INFO - 
--------------------------------------------------------------------------------
[2023-03-23 15:33:03,361] {taskinstance.py:1377} INFO - Executing <Task(PythonOperator): choose_defence> on 2023-03-23 15:33:02.247063+00:00
[2023-03-23 15:33:03,366] {standard_task_runner.py:52} INFO - Started process 12596 to run task
[2023-03-23 15:33:03,369] {standard_task_runner.py:79} INFO - Running: ['***', 'tasks', 'run', 'multi_defence_dag', 'choose_defence', 'manual__2023-03-23T15:33:02.247063+00:00', '--job-id', '3206', '--raw', '--subdir', 'DAGS_FOLDER/defence_dag.py', '--cfg-path', '/tmp/tmp0uxt0nj9', '--error-file', '/tmp/tmpfwyvfzwy']
[2023-03-23 15:33:03,370] {standard_task_runner.py:80} INFO - Job 3206: Subtask choose_defence
[2023-03-23 15:33:03,417] {task_command.py:369} INFO - Running <TaskInstance: multi_defence_dag.choose_defence manual__2023-03-23T15:33:02.247063+00:00 [running]> on host 6447f1dacd32
[2023-03-23 15:33:03,475] {taskinstance.py:1571} INFO - Exporting the following env vars:
AIRFLOW_CTX_DAG_OWNER=***
AIRFLOW_CTX_DAG_ID=multi_defence_dag
AIRFLOW_CTX_TASK_ID=choose_defence
AIRFLOW_CTX_EXECUTION_DATE=2023-03-23T15:33:02.247063+00:00
AIRFLOW_CTX_TRY_NUMBER=1
AIRFLOW_CTX_DAG_RUN_ID=manual__2023-03-23T15:33:02.247063+00:00
[2023-03-23 15:33:03,509] {python.py:173} INFO - Done. Returned value was: None
[2023-03-23 15:33:03,520] {taskinstance.py:1400} INFO - Marking task as SUCCESS. dag_id=multi_defence_dag, task_id=choose_defence, execution_date=20230323T153302, start_date=20230323T153303, end_date=20230323T153303
[2023-03-23 15:33:03,542] {local_task_job.py:156} INFO - Task exited with return code 0
[2023-03-23 15:33:03,581] {local_task_job.py:273} INFO - 3 downstream tasks scheduled from follow-on schedule check
