[2023-04-27 12:13:22,969] {taskinstance.py:1159} INFO - Dependencies all met for <TaskInstance: multi_attack_dag.attack_PixelAttack manual__2023-04-27T12:06:56.081840+00:00 [queued]>
[2023-04-27 12:13:23,297] {taskinstance.py:1159} INFO - Dependencies all met for <TaskInstance: multi_attack_dag.attack_PixelAttack manual__2023-04-27T12:06:56.081840+00:00 [queued]>
[2023-04-27 12:13:23,307] {taskinstance.py:1356} INFO - 
--------------------------------------------------------------------------------
[2023-04-27 12:13:23,317] {taskinstance.py:1357} INFO - Starting attempt 1 of 2
[2023-04-27 12:13:23,327] {taskinstance.py:1358} INFO - 
--------------------------------------------------------------------------------
[2023-04-27 12:13:23,539] {taskinstance.py:1377} INFO - Executing <Task(PythonOperator): attack_PixelAttack> on 2023-04-27 12:06:56.081840+00:00
[2023-04-27 12:13:23,646] {standard_task_runner.py:52} INFO - Started process 3389 to run task
[2023-04-27 12:13:23,747] {standard_task_runner.py:79} INFO - Running: ['***', 'tasks', 'run', 'multi_attack_dag', 'attack_PixelAttack', 'manual__2023-04-27T12:06:56.081840+00:00', '--job-id', '6808', '--raw', '--subdir', 'DAGS_FOLDER/attack_dag.py', '--cfg-path', '/tmp/tmp9ogq7r2s', '--error-file', '/tmp/tmpds9i1cpx']
[2023-04-27 12:13:23,761] {standard_task_runner.py:80} INFO - Job 6808: Subtask attack_PixelAttack
[2023-04-27 12:13:24,116] {task_command.py:369} INFO - Running <TaskInstance: multi_attack_dag.attack_PixelAttack manual__2023-04-27T12:06:56.081840+00:00 [running]> on host e7e31d5a6603
[2023-04-27 12:13:24,603] {taskinstance.py:1571} INFO - Exporting the following env vars:
AIRFLOW_CTX_DAG_OWNER=***
AIRFLOW_CTX_DAG_ID=multi_attack_dag
AIRFLOW_CTX_TASK_ID=attack_PixelAttack
AIRFLOW_CTX_EXECUTION_DATE=2023-04-27T12:06:56.081840+00:00
AIRFLOW_CTX_TRY_NUMBER=1
AIRFLOW_CTX_DAG_RUN_ID=manual__2023-04-27T12:06:56.081840+00:00
[2023-04-27 12:13:24,637] {transport.py:157} INFO - Attempting refresh to obtain initial access_token
[2023-04-27 12:13:24,680] {client.py:777} INFO - Refreshing access_token
[2023-04-27 12:13:25,418] {transport.py:157} INFO - Attempting refresh to obtain initial access_token
[2023-04-27 12:13:25,420] {client.py:777} INFO - Refreshing access_token
[2023-04-27 12:13:46,020] {pytorch.py:1198} INFO - Inferred 5 hidden layers on PyTorch classifier.
[2023-04-27 12:17:19,220] {attack.py:33} INFO - Optimizing...
[2023-04-27 12:17:19,227] {logging_mixin.py:115} INFO - I am right here on <class 'art.attacks.evasion.pixel_threshold.PixelAttack'>
[2023-04-27 12:17:19,237] {attack.py:39} INFO - Optimizing failed! using default: 0.01686573028564453
[2023-04-27 12:17:19,344] {python.py:173} INFO - Done. Returned value was: None
[2023-04-27 12:17:19,370] {taskinstance.py:1400} INFO - Marking task as SUCCESS. dag_id=multi_attack_dag, task_id=attack_PixelAttack, execution_date=20230427T120656, start_date=20230427T121323, end_date=20230427T121719
[2023-04-27 12:17:19,476] {local_task_job.py:156} INFO - Task exited with return code 0
[2023-04-27 12:17:19,779] {local_task_job.py:273} INFO - 0 downstream tasks scheduled from follow-on schedule check
