[2023-04-09 08:16:03,117] {taskinstance.py:1159} INFO - Dependencies all met for <TaskInstance: multi_defence_dag.choose_defence manual__2023-03-28T11:32:36.679161+00:00 [queued]>
[2023-04-09 08:16:03,154] {taskinstance.py:1159} INFO - Dependencies all met for <TaskInstance: multi_defence_dag.choose_defence manual__2023-03-28T11:32:36.679161+00:00 [queued]>
[2023-04-09 08:16:03,155] {taskinstance.py:1356} INFO - 
--------------------------------------------------------------------------------
[2023-04-09 08:16:03,158] {taskinstance.py:1357} INFO - Starting attempt 1 of 2
[2023-04-09 08:16:03,158] {taskinstance.py:1358} INFO - 
--------------------------------------------------------------------------------
[2023-04-09 08:16:03,219] {taskinstance.py:1377} INFO - Executing <Task(PythonOperator): choose_defence> on 2023-03-28 11:32:36.679161+00:00
[2023-04-09 08:16:03,239] {standard_task_runner.py:52} INFO - Started process 3823 to run task
[2023-04-09 08:16:03,249] {standard_task_runner.py:79} INFO - Running: ['***', 'tasks', 'run', 'multi_defence_dag', 'choose_defence', 'manual__2023-03-28T11:32:36.679161+00:00', '--job-id', '4752', '--raw', '--subdir', 'DAGS_FOLDER/defence_dag.py', '--cfg-path', '/tmp/tmpdqpgfwg7', '--error-file', '/tmp/tmpj626yf65']
[2023-04-09 08:16:03,251] {standard_task_runner.py:80} INFO - Job 4752: Subtask choose_defence
[2023-04-09 08:16:03,422] {task_command.py:369} INFO - Running <TaskInstance: multi_defence_dag.choose_defence manual__2023-03-28T11:32:36.679161+00:00 [running]> on host ff3d40af78f9
[2023-04-09 08:16:03,686] {taskinstance.py:1571} INFO - Exporting the following env vars:
AIRFLOW_CTX_DAG_OWNER=***
AIRFLOW_CTX_DAG_ID=multi_defence_dag
AIRFLOW_CTX_TASK_ID=choose_defence
AIRFLOW_CTX_EXECUTION_DATE=2023-03-28T11:32:36.679161+00:00
AIRFLOW_CTX_TRY_NUMBER=1
AIRFLOW_CTX_DAG_RUN_ID=manual__2023-03-28T11:32:36.679161+00:00
[2023-04-09 08:16:03,847] {python.py:173} INFO - Done. Returned value was: None
[2023-04-09 08:16:03,876] {taskinstance.py:1400} INFO - Marking task as SUCCESS. dag_id=multi_defence_dag, task_id=choose_defence, execution_date=20230328T113236, start_date=20230409T081603, end_date=20230409T081603
[2023-04-09 08:16:03,951] {local_task_job.py:156} INFO - Task exited with return code 0
[2023-04-09 08:16:04,066] {local_task_job.py:273} INFO - 3 downstream tasks scheduled from follow-on schedule check
