[2023-03-23 15:18:17,156] {taskinstance.py:1159} INFO - Dependencies all met for <TaskInstance: multi_attack_dag.choose_attack manual__2023-03-23T15:18:05.904958+00:00 [queued]>
[2023-03-23 15:18:17,194] {taskinstance.py:1159} INFO - Dependencies all met for <TaskInstance: multi_attack_dag.choose_attack manual__2023-03-23T15:18:05.904958+00:00 [queued]>
[2023-03-23 15:18:17,196] {taskinstance.py:1356} INFO - 
--------------------------------------------------------------------------------
[2023-03-23 15:18:17,198] {taskinstance.py:1357} INFO - Starting attempt 1 of 2
[2023-03-23 15:18:17,199] {taskinstance.py:1358} INFO - 
--------------------------------------------------------------------------------
[2023-03-23 15:18:17,252] {taskinstance.py:1377} INFO - Executing <Task(PythonOperator): choose_attack> on 2023-03-23 15:18:05.904958+00:00
[2023-03-23 15:18:17,264] {standard_task_runner.py:52} INFO - Started process 12007 to run task
[2023-03-23 15:18:17,274] {standard_task_runner.py:79} INFO - Running: ['***', 'tasks', 'run', 'multi_attack_dag', 'choose_attack', 'manual__2023-03-23T15:18:05.904958+00:00', '--job-id', '2996', '--raw', '--subdir', 'DAGS_FOLDER/attack_dag.py', '--cfg-path', '/tmp/tmpsc1v1j51', '--error-file', '/tmp/tmp3w9v9hso']
[2023-03-23 15:18:17,277] {standard_task_runner.py:80} INFO - Job 2996: Subtask choose_attack
[2023-03-23 15:18:17,499] {task_command.py:369} INFO - Running <TaskInstance: multi_attack_dag.choose_attack manual__2023-03-23T15:18:05.904958+00:00 [running]> on host 6447f1dacd32
[2023-03-23 15:18:17,801] {taskinstance.py:1571} INFO - Exporting the following env vars:
AIRFLOW_CTX_DAG_OWNER=***
AIRFLOW_CTX_DAG_ID=multi_attack_dag
AIRFLOW_CTX_TASK_ID=choose_attack
AIRFLOW_CTX_EXECUTION_DATE=2023-03-23T15:18:05.904958+00:00
AIRFLOW_CTX_TRY_NUMBER=1
AIRFLOW_CTX_DAG_RUN_ID=manual__2023-03-23T15:18:05.904958+00:00
[2023-03-23 15:18:17,993] {python.py:173} INFO - Done. Returned value was: None
[2023-03-23 15:18:18,083] {taskinstance.py:1400} INFO - Marking task as SUCCESS. dag_id=multi_attack_dag, task_id=choose_attack, execution_date=20230323T151805, start_date=20230323T151817, end_date=20230323T151818
[2023-03-23 15:18:18,177] {local_task_job.py:156} INFO - Task exited with return code 0
[2023-03-23 15:18:18,496] {local_task_job.py:273} INFO - 1 downstream tasks scheduled from follow-on schedule check
