[2023-03-16 11:57:32,027] {taskinstance.py:1159} INFO - Dependencies all met for <TaskInstance: defence_dag.to_attack manual__2023-03-12T15:19:16.588499+00:00 [queued]>
[2023-03-16 11:57:32,072] {taskinstance.py:1159} INFO - Dependencies all met for <TaskInstance: defence_dag.to_attack manual__2023-03-12T15:19:16.588499+00:00 [queued]>
[2023-03-16 11:57:32,088] {taskinstance.py:1356} INFO - 
--------------------------------------------------------------------------------
[2023-03-16 11:57:32,103] {taskinstance.py:1357} INFO - Starting attempt 1 of 1
[2023-03-16 11:57:32,124] {taskinstance.py:1358} INFO - 
--------------------------------------------------------------------------------
[2023-03-16 11:57:32,548] {taskinstance.py:1377} INFO - Executing <Task(BranchPythonOperator): to_attack> on 2023-03-12 15:19:16.588499+00:00
[2023-03-16 11:57:32,556] {standard_task_runner.py:52} INFO - Started process 1010 to run task
[2023-03-16 11:57:32,578] {standard_task_runner.py:79} INFO - Running: ['***', 'tasks', 'run', 'defence_dag', 'to_attack', 'manual__2023-03-12T15:19:16.588499+00:00', '--job-id', '1101', '--raw', '--subdir', 'DAGS_FOLDER/defese.py', '--cfg-path', '/tmp/tmppmzvta_0', '--error-file', '/tmp/tmpuycychlu']
[2023-03-16 11:57:32,581] {standard_task_runner.py:80} INFO - Job 1101: Subtask to_attack
[2023-03-16 11:57:32,857] {task_command.py:369} INFO - Running <TaskInstance: defence_dag.to_attack manual__2023-03-12T15:19:16.588499+00:00 [running]> on host 596adcca7378
[2023-03-16 11:57:33,391] {taskinstance.py:1571} INFO - Exporting the following env vars:
AIRFLOW_CTX_DAG_OWNER=***
AIRFLOW_CTX_DAG_ID=defence_dag
AIRFLOW_CTX_TASK_ID=to_attack
AIRFLOW_CTX_EXECUTION_DATE=2023-03-12T15:19:16.588499+00:00
AIRFLOW_CTX_TRY_NUMBER=1
AIRFLOW_CTX_DAG_RUN_ID=manual__2023-03-12T15:19:16.588499+00:00
[2023-03-16 11:57:33,408] {python.py:173} INFO - Done. Returned value was: trigger_offence
[2023-03-16 11:57:33,420] {skipmixin.py:140} INFO - Following branch trigger_offence
[2023-03-16 11:57:33,427] {skipmixin.py:175} INFO - Skipping tasks ['stop']
[2023-03-16 11:57:33,922] {taskinstance.py:1400} INFO - Marking task as SUCCESS. dag_id=defence_dag, task_id=to_attack, execution_date=20230312T151916, start_date=20230316T115732, end_date=20230316T115733
[2023-03-16 11:57:34,044] {local_task_job.py:156} INFO - Task exited with return code 0
[2023-03-16 11:57:34,313] {local_task_job.py:273} INFO - 1 downstream tasks scheduled from follow-on schedule check
