[2023-04-23 07:54:45,509] {taskinstance.py:1159} INFO - Dependencies all met for <TaskInstance: multi_defence_dag.to_defence2 scheduled__2023-04-22T00:00:00+00:00 [queued]>
[2023-04-23 07:54:45,540] {taskinstance.py:1159} INFO - Dependencies all met for <TaskInstance: multi_defence_dag.to_defence2 scheduled__2023-04-22T00:00:00+00:00 [queued]>
[2023-04-23 07:54:45,541] {taskinstance.py:1356} INFO - 
--------------------------------------------------------------------------------
[2023-04-23 07:54:45,557] {taskinstance.py:1357} INFO - Starting attempt 1 of 2
[2023-04-23 07:54:45,558] {taskinstance.py:1358} INFO - 
--------------------------------------------------------------------------------
[2023-04-23 07:54:45,697] {taskinstance.py:1377} INFO - Executing <Task(BranchPythonOperator): to_defence2> on 2023-04-22 00:00:00+00:00
[2023-04-23 07:54:45,740] {standard_task_runner.py:52} INFO - Started process 506 to run task
[2023-04-23 07:54:45,750] {standard_task_runner.py:79} INFO - Running: ['***', 'tasks', 'run', 'multi_defence_dag', 'to_defence2', 'scheduled__2023-04-22T00:00:00+00:00', '--job-id', '5909', '--raw', '--subdir', 'DAGS_FOLDER/defence_dag.py', '--cfg-path', '/tmp/tmpyf81shf8', '--error-file', '/tmp/tmpl2dn78ko']
[2023-04-23 07:54:45,777] {standard_task_runner.py:80} INFO - Job 5909: Subtask to_defence2
[2023-04-23 07:54:45,999] {task_command.py:369} INFO - Running <TaskInstance: multi_defence_dag.to_defence2 scheduled__2023-04-22T00:00:00+00:00 [running]> on host a3dd7d962104
[2023-04-23 07:54:46,292] {taskinstance.py:1571} INFO - Exporting the following env vars:
AIRFLOW_CTX_DAG_OWNER=***
AIRFLOW_CTX_DAG_ID=multi_defence_dag
AIRFLOW_CTX_TASK_ID=to_defence2
AIRFLOW_CTX_EXECUTION_DATE=2023-04-22T00:00:00+00:00
AIRFLOW_CTX_TRY_NUMBER=1
AIRFLOW_CTX_DAG_RUN_ID=scheduled__2023-04-22T00:00:00+00:00
[2023-04-23 07:54:46,381] {python.py:173} INFO - Done. Returned value was: Defence2
[2023-04-23 07:54:46,382] {skipmixin.py:140} INFO - Following branch Defence2
[2023-04-23 07:54:46,387] {skipmixin.py:175} INFO - Skipping tasks ['default']
[2023-04-23 07:54:46,780] {taskinstance.py:1400} INFO - Marking task as SUCCESS. dag_id=multi_defence_dag, task_id=to_defence2, execution_date=20230422T000000, start_date=20230423T075445, end_date=20230423T075446
[2023-04-23 07:54:46,937] {local_task_job.py:156} INFO - Task exited with return code 0
[2023-04-23 07:54:47,162] {local_task_job.py:273} INFO - 1 downstream tasks scheduled from follow-on schedule check
