[2023-03-16 11:57:27,773] {taskinstance.py:1159} INFO - Dependencies all met for <TaskInstance: defence_dag.trigger_offence manual__2023-03-12T15:20:36.575317+00:00 [queued]>
[2023-03-16 11:57:27,803] {taskinstance.py:1159} INFO - Dependencies all met for <TaskInstance: defence_dag.trigger_offence manual__2023-03-12T15:20:36.575317+00:00 [queued]>
[2023-03-16 11:57:27,803] {taskinstance.py:1356} INFO - 
--------------------------------------------------------------------------------
[2023-03-16 11:57:27,805] {taskinstance.py:1357} INFO - Starting attempt 2 of 2
[2023-03-16 11:57:27,805] {taskinstance.py:1358} INFO - 
--------------------------------------------------------------------------------
[2023-03-16 11:57:28,173] {taskinstance.py:1377} INFO - Executing <Task(TriggerDagRunOperator): trigger_offence> on 2023-03-12 15:20:36.575317+00:00
[2023-03-16 11:57:28,182] {standard_task_runner.py:52} INFO - Started process 984 to run task
[2023-03-16 11:57:28,215] {standard_task_runner.py:79} INFO - Running: ['***', 'tasks', 'run', 'defence_dag', 'trigger_offence', 'manual__2023-03-12T15:20:36.575317+00:00', '--job-id', '1088', '--raw', '--subdir', 'DAGS_FOLDER/defese.py', '--cfg-path', '/tmp/tmpz99fks1t', '--error-file', '/tmp/tmpg2y0oxwo']
[2023-03-16 11:57:28,218] {standard_task_runner.py:80} INFO - Job 1088: Subtask trigger_offence
[2023-03-16 11:57:28,384] {task_command.py:369} INFO - Running <TaskInstance: defence_dag.trigger_offence manual__2023-03-12T15:20:36.575317+00:00 [running]> on host 596adcca7378
[2023-03-16 11:57:29,134] {taskinstance.py:1571} INFO - Exporting the following env vars:
AIRFLOW_CTX_DAG_OWNER=***
AIRFLOW_CTX_DAG_ID=defence_dag
AIRFLOW_CTX_TASK_ID=trigger_offence
AIRFLOW_CTX_EXECUTION_DATE=2023-03-12T15:20:36.575317+00:00
AIRFLOW_CTX_TRY_NUMBER=2
AIRFLOW_CTX_DAG_RUN_ID=manual__2023-03-12T15:20:36.575317+00:00
[2023-03-16 11:57:33,087] {taskinstance.py:1400} INFO - Marking task as SUCCESS. dag_id=defence_dag, task_id=trigger_offence, execution_date=20230312T152036, start_date=20230316T115727, end_date=20230316T115733
[2023-03-16 11:57:33,204] {local_task_job.py:156} INFO - Task exited with return code 0
[2023-03-16 11:57:33,402] {local_task_job.py:273} INFO - 0 downstream tasks scheduled from follow-on schedule check
