[2023-03-16 11:57:45,403] {taskinstance.py:1159} INFO - Dependencies all met for <TaskInstance: defence_dag.defence1 manual__2023-03-12T15:19:35.526418+00:00 [queued]>
[2023-03-16 11:57:45,425] {taskinstance.py:1159} INFO - Dependencies all met for <TaskInstance: defence_dag.defence1 manual__2023-03-12T15:19:35.526418+00:00 [queued]>
[2023-03-16 11:57:45,426] {taskinstance.py:1356} INFO - 
--------------------------------------------------------------------------------
[2023-03-16 11:57:45,427] {taskinstance.py:1357} INFO - Starting attempt 2 of 2
[2023-03-16 11:57:45,434] {taskinstance.py:1358} INFO - 
--------------------------------------------------------------------------------
[2023-03-16 11:57:45,676] {taskinstance.py:1377} INFO - Executing <Task(PythonOperator): defence1> on 2023-03-12 15:19:35.526418+00:00
[2023-03-16 11:57:45,720] {standard_task_runner.py:79} INFO - Running: ['***', 'tasks', 'run', 'defence_dag', 'defence1', 'manual__2023-03-12T15:19:35.526418+00:00', '--job-id', '1130', '--raw', '--subdir', 'DAGS_FOLDER/defese.py', '--cfg-path', '/tmp/tmporxg5qc8', '--error-file', '/tmp/tmp9v9b8sg6']
[2023-03-16 11:57:45,697] {standard_task_runner.py:52} INFO - Started process 1079 to run task
[2023-03-16 11:57:45,733] {standard_task_runner.py:80} INFO - Job 1130: Subtask defence1
[2023-03-16 11:57:45,967] {task_command.py:369} INFO - Running <TaskInstance: defence_dag.defence1 manual__2023-03-12T15:19:35.526418+00:00 [running]> on host 596adcca7378
[2023-03-16 11:57:46,289] {taskinstance.py:1571} INFO - Exporting the following env vars:
AIRFLOW_CTX_DAG_OWNER=***
AIRFLOW_CTX_DAG_ID=defence_dag
AIRFLOW_CTX_TASK_ID=defence1
AIRFLOW_CTX_EXECUTION_DATE=2023-03-12T15:19:35.526418+00:00
AIRFLOW_CTX_TRY_NUMBER=2
AIRFLOW_CTX_DAG_RUN_ID=manual__2023-03-12T15:19:35.526418+00:00
[2023-03-16 11:57:46,293] {logging_mixin.py:115} INFO - defensing
[2023-03-16 11:57:46,293] {python.py:173} INFO - Done. Returned value was: None
[2023-03-16 11:57:46,386] {taskinstance.py:1400} INFO - Marking task as SUCCESS. dag_id=defence_dag, task_id=defence1, execution_date=20230312T151935, start_date=20230316T115745, end_date=20230316T115746
[2023-03-16 11:57:46,474] {local_task_job.py:156} INFO - Task exited with return code 0
[2023-03-16 11:57:46,599] {local_task_job.py:273} INFO - 1 downstream tasks scheduled from follow-on schedule check
