[2023-03-16 16:51:27,729] {taskinstance.py:1159} INFO - Dependencies all met for <TaskInstance: xcom_dag.to_attack1 manual__2023-03-16T16:51:26.021482+00:00 [queued]>
[2023-03-16 16:51:27,740] {taskinstance.py:1159} INFO - Dependencies all met for <TaskInstance: xcom_dag.to_attack1 manual__2023-03-16T16:51:26.021482+00:00 [queued]>
[2023-03-16 16:51:27,741] {taskinstance.py:1356} INFO - 
--------------------------------------------------------------------------------
[2023-03-16 16:51:27,741] {taskinstance.py:1357} INFO - Starting attempt 1 of 2
[2023-03-16 16:51:27,742] {taskinstance.py:1358} INFO - 
--------------------------------------------------------------------------------
[2023-03-16 16:51:27,761] {taskinstance.py:1377} INFO - Executing <Task(BranchPythonOperator): to_attack1> on 2023-03-16 16:51:26.021482+00:00
[2023-03-16 16:51:27,765] {standard_task_runner.py:52} INFO - Started process 133 to run task
[2023-03-16 16:51:27,768] {standard_task_runner.py:79} INFO - Running: ['***', 'tasks', 'run', 'xcom_dag', 'to_attack1', 'manual__2023-03-16T16:51:26.021482+00:00', '--job-id', '1466', '--raw', '--subdir', 'DAGS_FOLDER/dynamic_dag.py', '--cfg-path', '/tmp/tmpfo7vd09e', '--error-file', '/tmp/tmpbksdhwtj']
[2023-03-16 16:51:27,769] {standard_task_runner.py:80} INFO - Job 1466: Subtask to_attack1
[2023-03-16 16:51:27,822] {task_command.py:369} INFO - Running <TaskInstance: xcom_dag.to_attack1 manual__2023-03-16T16:51:26.021482+00:00 [running]> on host 596adcca7378
[2023-03-16 16:51:27,913] {taskinstance.py:1571} INFO - Exporting the following env vars:
AIRFLOW_CTX_DAG_OWNER=***
AIRFLOW_CTX_DAG_ID=xcom_dag
AIRFLOW_CTX_TASK_ID=to_attack1
AIRFLOW_CTX_EXECUTION_DATE=2023-03-16T16:51:26.021482+00:00
AIRFLOW_CTX_TRY_NUMBER=1
AIRFLOW_CTX_DAG_RUN_ID=manual__2023-03-16T16:51:26.021482+00:00
[2023-03-16 16:51:27,930] {python.py:173} INFO - Done. Returned value was: attack1
[2023-03-16 16:51:27,930] {skipmixin.py:140} INFO - Following branch attack1
[2023-03-16 16:51:27,931] {skipmixin.py:175} INFO - Skipping tasks ['default']
[2023-03-16 16:51:28,040] {taskinstance.py:1400} INFO - Marking task as SUCCESS. dag_id=xcom_dag, task_id=to_attack1, execution_date=20230316T165126, start_date=20230316T165127, end_date=20230316T165128
[2023-03-16 16:51:28,103] {local_task_job.py:156} INFO - Task exited with return code 0
[2023-03-16 16:51:28,176] {local_task_job.py:273} INFO - 1 downstream tasks scheduled from follow-on schedule check
