[2023-03-16 11:57:36,606] {taskinstance.py:1159} INFO - Dependencies all met for <TaskInstance: attack_dag.trigger_defence manual__2023-03-12T15:52:11.578059+00:00 [queued]>
[2023-03-16 11:57:36,675] {taskinstance.py:1159} INFO - Dependencies all met for <TaskInstance: attack_dag.trigger_defence manual__2023-03-12T15:52:11.578059+00:00 [queued]>
[2023-03-16 11:57:36,676] {taskinstance.py:1356} INFO - 
--------------------------------------------------------------------------------
[2023-03-16 11:57:36,677] {taskinstance.py:1357} INFO - Starting attempt 2 of 2
[2023-03-16 11:57:36,681] {taskinstance.py:1358} INFO - 
--------------------------------------------------------------------------------
[2023-03-16 11:57:36,799] {taskinstance.py:1377} INFO - Executing <Task(TriggerDagRunOperator): trigger_defence> on 2023-03-12 15:52:11.578059+00:00
[2023-03-16 11:57:36,809] {standard_task_runner.py:52} INFO - Started process 1040 to run task
[2023-03-16 11:57:36,824] {standard_task_runner.py:79} INFO - Running: ['***', 'tasks', 'run', 'attack_dag', 'trigger_defence', 'manual__2023-03-12T15:52:11.578059+00:00', '--job-id', '1115', '--raw', '--subdir', 'DAGS_FOLDER/attack.py', '--cfg-path', '/tmp/tmpbormypie', '--error-file', '/tmp/tmp0ody97bt']
[2023-03-16 11:57:36,849] {standard_task_runner.py:80} INFO - Job 1115: Subtask trigger_defence
[2023-03-16 11:57:37,419] {task_command.py:369} INFO - Running <TaskInstance: attack_dag.trigger_defence manual__2023-03-12T15:52:11.578059+00:00 [running]> on host 596adcca7378
[2023-03-16 11:57:38,075] {taskinstance.py:1571} INFO - Exporting the following env vars:
AIRFLOW_CTX_DAG_OWNER=***
AIRFLOW_CTX_DAG_ID=attack_dag
AIRFLOW_CTX_TASK_ID=trigger_defence
AIRFLOW_CTX_EXECUTION_DATE=2023-03-12T15:52:11.578059+00:00
AIRFLOW_CTX_TRY_NUMBER=2
AIRFLOW_CTX_DAG_RUN_ID=manual__2023-03-12T15:52:11.578059+00:00
[2023-03-16 11:57:45,801] {taskinstance.py:1400} INFO - Marking task as SUCCESS. dag_id=attack_dag, task_id=trigger_defence, execution_date=20230312T155211, start_date=20230316T115736, end_date=20230316T115745
[2023-03-16 11:57:45,878] {local_task_job.py:156} INFO - Task exited with return code 0
[2023-03-16 11:57:46,000] {local_task_job.py:273} INFO - 0 downstream tasks scheduled from follow-on schedule check
