[2023-03-23 15:15:30,362] {taskinstance.py:1159} INFO - Dependencies all met for <TaskInstance: multi_defence_dag.to_defence2 manual__2023-03-23T15:15:17.158319+00:00 [queued]>
[2023-03-23 15:15:30,459] {taskinstance.py:1159} INFO - Dependencies all met for <TaskInstance: multi_defence_dag.to_defence2 manual__2023-03-23T15:15:17.158319+00:00 [queued]>
[2023-03-23 15:15:30,462] {taskinstance.py:1356} INFO - 
--------------------------------------------------------------------------------
[2023-03-23 15:15:30,466] {taskinstance.py:1357} INFO - Starting attempt 1 of 2
[2023-03-23 15:15:30,468] {taskinstance.py:1358} INFO - 
--------------------------------------------------------------------------------
[2023-03-23 15:15:30,592] {taskinstance.py:1377} INFO - Executing <Task(BranchPythonOperator): to_defence2> on 2023-03-23 15:15:17.158319+00:00
[2023-03-23 15:15:30,617] {standard_task_runner.py:52} INFO - Started process 11761 to run task
[2023-03-23 15:15:30,651] {standard_task_runner.py:79} INFO - Running: ['***', 'tasks', 'run', 'multi_defence_dag', 'to_defence2', 'manual__2023-03-23T15:15:17.158319+00:00', '--job-id', '2912', '--raw', '--subdir', 'DAGS_FOLDER/defence_dag.py', '--cfg-path', '/tmp/tmp3genmccl', '--error-file', '/tmp/tmp9gc8bvgf']
[2023-03-23 15:15:30,660] {standard_task_runner.py:80} INFO - Job 2912: Subtask to_defence2
[2023-03-23 15:15:31,139] {task_command.py:369} INFO - Running <TaskInstance: multi_defence_dag.to_defence2 manual__2023-03-23T15:15:17.158319+00:00 [running]> on host 6447f1dacd32
[2023-03-23 15:15:31,968] {taskinstance.py:1571} INFO - Exporting the following env vars:
AIRFLOW_CTX_DAG_OWNER=***
AIRFLOW_CTX_DAG_ID=multi_defence_dag
AIRFLOW_CTX_TASK_ID=to_defence2
AIRFLOW_CTX_EXECUTION_DATE=2023-03-23T15:15:17.158319+00:00
AIRFLOW_CTX_TRY_NUMBER=1
AIRFLOW_CTX_DAG_RUN_ID=manual__2023-03-23T15:15:17.158319+00:00
[2023-03-23 15:15:32,082] {python.py:173} INFO - Done. Returned value was: Defence2
[2023-03-23 15:15:32,085] {skipmixin.py:140} INFO - Following branch Defence2
[2023-03-23 15:15:32,089] {skipmixin.py:175} INFO - Skipping tasks ['default']
[2023-03-23 15:15:33,664] {taskinstance.py:1400} INFO - Marking task as SUCCESS. dag_id=multi_defence_dag, task_id=to_defence2, execution_date=20230323T151517, start_date=20230323T151530, end_date=20230323T151533
[2023-03-23 15:15:34,189] {local_task_job.py:156} INFO - Task exited with return code 0
[2023-03-23 15:15:34,716] {local_task_job.py:273} INFO - 1 downstream tasks scheduled from follow-on schedule check
