[2023-04-27 13:32:10,014] {taskinstance.py:1159} INFO - Dependencies all met for <TaskInstance: multi_attack_dag.attack_ProjectedGradientDescent manual__2023-04-27T13:31:42.063982+00:00 [queued]>
[2023-04-27 13:32:10,051] {taskinstance.py:1159} INFO - Dependencies all met for <TaskInstance: multi_attack_dag.attack_ProjectedGradientDescent manual__2023-04-27T13:31:42.063982+00:00 [queued]>
[2023-04-27 13:32:10,051] {taskinstance.py:1356} INFO - 
--------------------------------------------------------------------------------
[2023-04-27 13:32:10,052] {taskinstance.py:1357} INFO - Starting attempt 1 of 2
[2023-04-27 13:32:10,053] {taskinstance.py:1358} INFO - 
--------------------------------------------------------------------------------
[2023-04-27 13:32:10,094] {taskinstance.py:1377} INFO - Executing <Task(PythonOperator): attack_ProjectedGradientDescent> on 2023-04-27 13:31:42.063982+00:00
[2023-04-27 13:32:10,106] {standard_task_runner.py:52} INFO - Started process 464 to run task
[2023-04-27 13:32:10,124] {standard_task_runner.py:79} INFO - Running: ['***', 'tasks', 'run', 'multi_attack_dag', 'attack_ProjectedGradientDescent', 'manual__2023-04-27T13:31:42.063982+00:00', '--job-id', '6937', '--raw', '--subdir', 'DAGS_FOLDER/attack_dag.py', '--cfg-path', '/tmp/tmpke5q5_hc', '--error-file', '/tmp/tmp7in4za4u']
[2023-04-27 13:32:10,131] {standard_task_runner.py:80} INFO - Job 6937: Subtask attack_ProjectedGradientDescent
[2023-04-27 13:32:10,269] {task_command.py:369} INFO - Running <TaskInstance: multi_attack_dag.attack_ProjectedGradientDescent manual__2023-04-27T13:31:42.063982+00:00 [running]> on host e7e31d5a6603
[2023-04-27 13:32:10,469] {taskinstance.py:1571} INFO - Exporting the following env vars:
AIRFLOW_CTX_DAG_OWNER=***
AIRFLOW_CTX_DAG_ID=multi_attack_dag
AIRFLOW_CTX_TASK_ID=attack_ProjectedGradientDescent
AIRFLOW_CTX_EXECUTION_DATE=2023-04-27T13:31:42.063982+00:00
AIRFLOW_CTX_TRY_NUMBER=1
AIRFLOW_CTX_DAG_RUN_ID=manual__2023-04-27T13:31:42.063982+00:00
[2023-04-27 13:32:10,473] {transport.py:157} INFO - Attempting refresh to obtain initial access_token
[2023-04-27 13:32:10,479] {client.py:777} INFO - Refreshing access_token
[2023-04-27 13:32:11,293] {transport.py:157} INFO - Attempting refresh to obtain initial access_token
[2023-04-27 13:32:11,295] {client.py:777} INFO - Refreshing access_token
[2023-04-27 13:32:25,906] {pytorch.py:1198} INFO - Inferred 5 hidden layers on PyTorch classifier.
[2023-04-27 13:33:29,680] {attack.py:34} INFO - Optimizing...
[2023-04-27 13:33:29,681] {logging_mixin.py:115} INFO - I am right here on <class 'art.attacks.evasion.projected_gradient_descent.projected_gradient_descent.ProjectedGradientDescent'>
[2023-04-27 13:33:29,682] {logging_mixin.py:115} INFO - <function optimize_evasion_attack.<locals>.<lambda> at 0x7f00ea8decb0>
[2023-04-27 13:33:29,697] {logging_mixin.py:115} INFO - This is the attack : <class 'art.attacks.evasion.projected_gradient_descent.projected_gradient_descent.ProjectedGradientDescent'> and its HP : {'eps': 0.5822872573987755, 'random_eps': True}
[2023-04-27 13:33:29,698] {attack.py:40} INFO - Optimizing failed! using default: 0.017822265625
[2023-04-27 13:33:29,698] {attack.py:41} ERROR - Error while optimize:
'ProjectedGradientDescent'
[2023-04-27 13:33:29,740] {python.py:173} INFO - Done. Returned value was: None
[2023-04-27 13:33:29,809] {taskinstance.py:1400} INFO - Marking task as SUCCESS. dag_id=multi_attack_dag, task_id=attack_ProjectedGradientDescent, execution_date=20230427T133142, start_date=20230427T133210, end_date=20230427T133329
[2023-04-27 13:33:29,872] {local_task_job.py:156} INFO - Task exited with return code 0
[2023-04-27 13:33:29,918] {local_task_job.py:273} INFO - 0 downstream tasks scheduled from follow-on schedule check
