[2023-03-23 11:14:23,118] {taskinstance.py:1159} INFO - Dependencies all met for <TaskInstance: defence_dag2.trigger_offence manual__2023-03-23T11:14:06.956868+00:00 [queued]>
[2023-03-23 11:14:23,129] {taskinstance.py:1159} INFO - Dependencies all met for <TaskInstance: defence_dag2.trigger_offence manual__2023-03-23T11:14:06.956868+00:00 [queued]>
[2023-03-23 11:14:23,129] {taskinstance.py:1356} INFO - 
--------------------------------------------------------------------------------
[2023-03-23 11:14:23,134] {taskinstance.py:1357} INFO - Starting attempt 1 of 1
[2023-03-23 11:14:23,135] {taskinstance.py:1358} INFO - 
--------------------------------------------------------------------------------
[2023-03-23 11:14:23,147] {taskinstance.py:1377} INFO - Executing <Task(TriggerDagRunOperator): trigger_offence> on 2023-03-23 11:14:06.956868+00:00
[2023-03-23 11:14:23,152] {standard_task_runner.py:52} INFO - Started process 1312 to run task
[2023-03-23 11:14:23,155] {standard_task_runner.py:79} INFO - Running: ['***', 'tasks', 'run', 'defence_dag2', 'trigger_offence', 'manual__2023-03-23T11:14:06.956868+00:00', '--job-id', '2619', '--raw', '--subdir', 'DAGS_FOLDER/defese.py', '--cfg-path', '/tmp/tmpwhtdp7u_', '--error-file', '/tmp/tmpqjjt50fw']
[2023-03-23 11:14:23,156] {standard_task_runner.py:80} INFO - Job 2619: Subtask trigger_offence
[2023-03-23 11:14:23,212] {task_command.py:369} INFO - Running <TaskInstance: defence_dag2.trigger_offence manual__2023-03-23T11:14:06.956868+00:00 [running]> on host 6447f1dacd32
[2023-03-23 11:14:23,276] {taskinstance.py:1571} INFO - Exporting the following env vars:
AIRFLOW_CTX_DAG_OWNER=***
AIRFLOW_CTX_DAG_ID=defence_dag2
AIRFLOW_CTX_TASK_ID=trigger_offence
AIRFLOW_CTX_EXECUTION_DATE=2023-03-23T11:14:06.956868+00:00
AIRFLOW_CTX_TRY_NUMBER=1
AIRFLOW_CTX_DAG_RUN_ID=manual__2023-03-23T11:14:06.956868+00:00
[2023-03-23 11:14:24,085] {taskinstance.py:1400} INFO - Marking task as SUCCESS. dag_id=defence_dag2, task_id=trigger_offence, execution_date=20230323T111406, start_date=20230323T111423, end_date=20230323T111424
[2023-03-23 11:14:24,131] {local_task_job.py:156} INFO - Task exited with return code 0
[2023-03-23 11:14:24,170] {local_task_job.py:273} INFO - 0 downstream tasks scheduled from follow-on schedule check
