[2023-04-23 09:30:31,865] {taskinstance.py:1159} INFO - Dependencies all met for <TaskInstance: multi_defence_dag.Defence3 manual__2023-04-23T09:30:18.949456+00:00 [queued]>
[2023-04-23 09:30:31,885] {taskinstance.py:1159} INFO - Dependencies all met for <TaskInstance: multi_defence_dag.Defence3 manual__2023-04-23T09:30:18.949456+00:00 [queued]>
[2023-04-23 09:30:31,886] {taskinstance.py:1356} INFO - 
--------------------------------------------------------------------------------
[2023-04-23 09:30:31,895] {taskinstance.py:1357} INFO - Starting attempt 1 of 2
[2023-04-23 09:30:31,896] {taskinstance.py:1358} INFO - 
--------------------------------------------------------------------------------
[2023-04-23 09:30:31,942] {taskinstance.py:1377} INFO - Executing <Task(PythonOperator): Defence3> on 2023-04-23 09:30:18.949456+00:00
[2023-04-23 09:30:31,970] {standard_task_runner.py:52} INFO - Started process 851 to run task
[2023-04-23 09:30:31,982] {standard_task_runner.py:79} INFO - Running: ['***', 'tasks', 'run', 'multi_defence_dag', 'Defence3', 'manual__2023-04-23T09:30:18.949456+00:00', '--job-id', '6066', '--raw', '--subdir', 'DAGS_FOLDER/defence_dag.py', '--cfg-path', '/tmp/tmpj5os44zu', '--error-file', '/tmp/tmp5x_nn7z_']
[2023-04-23 09:30:31,993] {standard_task_runner.py:80} INFO - Job 6066: Subtask Defence3
[2023-04-23 09:30:32,159] {task_command.py:369} INFO - Running <TaskInstance: multi_defence_dag.Defence3 manual__2023-04-23T09:30:18.949456+00:00 [running]> on host a3dd7d962104
[2023-04-23 09:30:32,412] {taskinstance.py:1571} INFO - Exporting the following env vars:
AIRFLOW_CTX_DAG_OWNER=***
AIRFLOW_CTX_DAG_ID=multi_defence_dag
AIRFLOW_CTX_TASK_ID=Defence3
AIRFLOW_CTX_EXECUTION_DATE=2023-04-23T09:30:18.949456+00:00
AIRFLOW_CTX_TRY_NUMBER=1
AIRFLOW_CTX_DAG_RUN_ID=manual__2023-04-23T09:30:18.949456+00:00
[2023-04-23 09:30:32,476] {python.py:173} INFO - Done. Returned value was: None
[2023-04-23 09:30:32,509] {taskinstance.py:1400} INFO - Marking task as SUCCESS. dag_id=multi_defence_dag, task_id=Defence3, execution_date=20230423T093018, start_date=20230423T093031, end_date=20230423T093032
[2023-04-23 09:30:32,578] {local_task_job.py:156} INFO - Task exited with return code 0
[2023-04-23 09:30:32,767] {local_task_job.py:273} INFO - 0 downstream tasks scheduled from follow-on schedule check
