[2023-03-23 15:32:27,619] {taskinstance.py:1159} INFO - Dependencies all met for <TaskInstance: multi_defence_dag.to_defend manual__2023-03-23T15:32:20.051781+00:00 [queued]>
[2023-03-23 15:32:27,634] {taskinstance.py:1159} INFO - Dependencies all met for <TaskInstance: multi_defence_dag.to_defend manual__2023-03-23T15:32:20.051781+00:00 [queued]>
[2023-03-23 15:32:27,635] {taskinstance.py:1356} INFO - 
--------------------------------------------------------------------------------
[2023-03-23 15:32:27,635] {taskinstance.py:1357} INFO - Starting attempt 1 of 2
[2023-03-23 15:32:27,636] {taskinstance.py:1358} INFO - 
--------------------------------------------------------------------------------
[2023-03-23 15:32:27,656] {taskinstance.py:1377} INFO - Executing <Task(BranchPythonOperator): to_defend> on 2023-03-23 15:32:20.051781+00:00
[2023-03-23 15:32:27,662] {standard_task_runner.py:52} INFO - Started process 12437 to run task
[2023-03-23 15:32:27,666] {standard_task_runner.py:79} INFO - Running: ['***', 'tasks', 'run', 'multi_defence_dag', 'to_defend', 'manual__2023-03-23T15:32:20.051781+00:00', '--job-id', '3142', '--raw', '--subdir', 'DAGS_FOLDER/defence_dag.py', '--cfg-path', '/tmp/tmpecuee0pg', '--error-file', '/tmp/tmpc3735ngd']
[2023-03-23 15:32:27,667] {standard_task_runner.py:80} INFO - Job 3142: Subtask to_defend
[2023-03-23 15:32:27,730] {task_command.py:369} INFO - Running <TaskInstance: multi_defence_dag.to_defend manual__2023-03-23T15:32:20.051781+00:00 [running]> on host 6447f1dacd32
[2023-03-23 15:32:27,825] {taskinstance.py:1571} INFO - Exporting the following env vars:
AIRFLOW_CTX_DAG_OWNER=***
AIRFLOW_CTX_DAG_ID=multi_defence_dag
AIRFLOW_CTX_TASK_ID=to_defend
AIRFLOW_CTX_EXECUTION_DATE=2023-03-23T15:32:20.051781+00:00
AIRFLOW_CTX_TRY_NUMBER=1
AIRFLOW_CTX_DAG_RUN_ID=manual__2023-03-23T15:32:20.051781+00:00
[2023-03-23 15:32:27,833] {transport.py:157} INFO - Attempting refresh to obtain initial access_token
[2023-03-23 15:32:27,838] {client.py:777} INFO - Refreshing access_token
[2023-03-23 15:32:28,638] {python.py:173} INFO - Done. Returned value was: trigger_offence
[2023-03-23 15:32:28,638] {skipmixin.py:140} INFO - Following branch trigger_offence
[2023-03-23 15:32:28,639] {skipmixin.py:175} INFO - Skipping tasks ['stop']
[2023-03-23 15:32:28,684] {taskinstance.py:1400} INFO - Marking task as SUCCESS. dag_id=multi_defence_dag, task_id=to_defend, execution_date=20230323T153220, start_date=20230323T153227, end_date=20230323T153228
[2023-03-23 15:32:28,725] {local_task_job.py:156} INFO - Task exited with return code 0
[2023-03-23 15:32:28,761] {local_task_job.py:273} INFO - 1 downstream tasks scheduled from follow-on schedule check
