[2023-04-18 15:25:18,609] {taskinstance.py:1159} INFO - Dependencies all met for <TaskInstance: multi_attack_dag.attack_BasicIterativeMethod manual__2023-04-18T15:24:55.583802+00:00 [queued]>
[2023-04-18 15:25:18,650] {taskinstance.py:1159} INFO - Dependencies all met for <TaskInstance: multi_attack_dag.attack_BasicIterativeMethod manual__2023-04-18T15:24:55.583802+00:00 [queued]>
[2023-04-18 15:25:18,651] {taskinstance.py:1356} INFO - 
--------------------------------------------------------------------------------
[2023-04-18 15:25:18,653] {taskinstance.py:1357} INFO - Starting attempt 1 of 2
[2023-04-18 15:25:18,654] {taskinstance.py:1358} INFO - 
--------------------------------------------------------------------------------
[2023-04-18 15:25:18,691] {taskinstance.py:1377} INFO - Executing <Task(PythonOperator): attack_BasicIterativeMethod> on 2023-04-18 15:24:55.583802+00:00
[2023-04-18 15:25:18,708] {standard_task_runner.py:52} INFO - Started process 4028 to run task
[2023-04-18 15:25:18,714] {standard_task_runner.py:79} INFO - Running: ['***', 'tasks', 'run', 'multi_attack_dag', 'attack_BasicIterativeMethod', 'manual__2023-04-18T15:24:55.583802+00:00', '--job-id', '5712', '--raw', '--subdir', 'DAGS_FOLDER/attack_dag.py', '--cfg-path', '/tmp/tmpkyps5qo8', '--error-file', '/tmp/tmpzvgbz3cz']
[2023-04-18 15:25:18,716] {standard_task_runner.py:80} INFO - Job 5712: Subtask attack_BasicIterativeMethod
[2023-04-18 15:25:18,863] {task_command.py:369} INFO - Running <TaskInstance: multi_attack_dag.attack_BasicIterativeMethod manual__2023-04-18T15:24:55.583802+00:00 [running]> on host a3dd7d962104
[2023-04-18 15:25:19,052] {taskinstance.py:1571} INFO - Exporting the following env vars:
AIRFLOW_CTX_DAG_OWNER=***
AIRFLOW_CTX_DAG_ID=multi_attack_dag
AIRFLOW_CTX_TASK_ID=attack_BasicIterativeMethod
AIRFLOW_CTX_EXECUTION_DATE=2023-04-18T15:24:55.583802+00:00
AIRFLOW_CTX_TRY_NUMBER=1
AIRFLOW_CTX_DAG_RUN_ID=manual__2023-04-18T15:24:55.583802+00:00
[2023-04-18 15:25:27,589] {pytorch.py:1198} INFO - Inferred 5 hidden layers on PyTorch classifier.
[2023-04-18 15:25:29,467] {transport.py:157} INFO - Attempting refresh to obtain initial access_token
[2023-04-18 15:25:29,473] {client.py:777} INFO - Refreshing access_token
[2023-04-18 15:25:35,544] {pytorch.py:1198} INFO - Inferred 5 hidden layers on PyTorch classifier.
[2023-04-18 15:25:42,382] {transport.py:157} INFO - Attempting refresh to obtain initial access_token
[2023-04-18 15:25:42,385] {client.py:777} INFO - Refreshing access_token
[2023-04-18 15:25:43,285] {taskinstance.py:1889} ERROR - Task failed with exception
Traceback (most recent call last):
  File "/home/airflow/.local/lib/python3.7/site-packages/airflow/operators/python.py", line 171, in execute
    return_value = self.execute_callable()
  File "/home/airflow/.local/lib/python3.7/site-packages/airflow/operators/python.py", line 189, in execute_callable
    return self.python_callable(*self.op_args, **self.op_kwargs)
  File "/opt/airflow/dags/attack_dag.py", line 125, in attack_BasicIterativeMethod
    model_acc, adversarial_examples  = attack(BasicIterativeMethod)
  File "/opt/airflow/dags/attack_dag.py", line 155, in attack
    estimator = get_estimator()
  File "/opt/airflow/dags/attack_dag.py", line 69, in get_estimator
    model = load_from_bucket("ML_model.pickle")
  File "/opt/airflow/dags/helpers.py", line 122, in load_from_bucket
    raise err
  File "/opt/airflow/dags/helpers.py", line 119, in load_from_bucket
    loaded_obj = cloudpickle.load(f)
AttributeError: Can't get attribute 'NeuralNetworkClassificationModel' on <module '__main__' from '/home/***/.local/bin/***'>
[2023-04-18 15:25:43,365] {taskinstance.py:1400} INFO - Marking task as UP_FOR_RETRY. dag_id=multi_attack_dag, task_id=attack_BasicIterativeMethod, execution_date=20230418T152455, start_date=20230418T152518, end_date=20230418T152543
[2023-04-18 15:25:43,387] {standard_task_runner.py:97} ERROR - Failed to execute job 5712 for task attack_BasicIterativeMethod (Can't get attribute 'NeuralNetworkClassificationModel' on <module '__main__' from '/home/***/.local/bin/***'>; 4028)
[2023-04-18 15:25:43,438] {local_task_job.py:156} INFO - Task exited with return code 1
[2023-04-18 15:25:43,487] {local_task_job.py:273} INFO - 0 downstream tasks scheduled from follow-on schedule check
