[2023-04-23 07:50:04,911] {taskinstance.py:1159} INFO - Dependencies all met for <TaskInstance: multi_attack_dag.to_attack_FastGradientMethod scheduled__2023-04-22T00:00:00+00:00 [queued]>
[2023-04-23 07:50:04,949] {taskinstance.py:1159} INFO - Dependencies all met for <TaskInstance: multi_attack_dag.to_attack_FastGradientMethod scheduled__2023-04-22T00:00:00+00:00 [queued]>
[2023-04-23 07:50:04,957] {taskinstance.py:1356} INFO - 
--------------------------------------------------------------------------------
[2023-04-23 07:50:04,959] {taskinstance.py:1357} INFO - Starting attempt 1 of 2
[2023-04-23 07:50:04,960] {taskinstance.py:1358} INFO - 
--------------------------------------------------------------------------------
[2023-04-23 07:50:05,051] {taskinstance.py:1377} INFO - Executing <Task(BranchPythonOperator): to_attack_FastGradientMethod> on 2023-04-22 00:00:00+00:00
[2023-04-23 07:50:05,088] {standard_task_runner.py:52} INFO - Started process 177 to run task
[2023-04-23 07:50:05,104] {standard_task_runner.py:79} INFO - Running: ['***', 'tasks', 'run', 'multi_attack_dag', 'to_attack_FastGradientMethod', 'scheduled__2023-04-22T00:00:00+00:00', '--job-id', '5857', '--raw', '--subdir', 'DAGS_FOLDER/attack_dag.py', '--cfg-path', '/tmp/tmpb1veqmr5', '--error-file', '/tmp/tmpdnjs_k8t']
[2023-04-23 07:50:05,118] {standard_task_runner.py:80} INFO - Job 5857: Subtask to_attack_FastGradientMethod
[2023-04-23 07:50:05,365] {task_command.py:369} INFO - Running <TaskInstance: multi_attack_dag.to_attack_FastGradientMethod scheduled__2023-04-22T00:00:00+00:00 [running]> on host a3dd7d962104
[2023-04-23 07:50:05,738] {taskinstance.py:1571} INFO - Exporting the following env vars:
AIRFLOW_CTX_DAG_OWNER=***
AIRFLOW_CTX_DAG_ID=multi_attack_dag
AIRFLOW_CTX_TASK_ID=to_attack_FastGradientMethod
AIRFLOW_CTX_EXECUTION_DATE=2023-04-22T00:00:00+00:00
AIRFLOW_CTX_TRY_NUMBER=1
AIRFLOW_CTX_DAG_RUN_ID=scheduled__2023-04-22T00:00:00+00:00
[2023-04-23 07:50:05,770] {python.py:173} INFO - Done. Returned value was: default
[2023-04-23 07:50:05,771] {skipmixin.py:140} INFO - Following branch default
[2023-04-23 07:50:05,772] {skipmixin.py:175} INFO - Skipping tasks ['attack_FastGradientMethod']
[2023-04-23 07:50:05,915] {taskinstance.py:1400} INFO - Marking task as SUCCESS. dag_id=multi_attack_dag, task_id=to_attack_FastGradientMethod, execution_date=20230422T000000, start_date=20230423T075004, end_date=20230423T075005
[2023-04-23 07:50:06,019] {local_task_job.py:156} INFO - Task exited with return code 0
[2023-04-23 07:50:06,186] {local_task_job.py:273} INFO - 0 downstream tasks scheduled from follow-on schedule check
