[2023-03-19 12:41:14,151] {taskinstance.py:1159} INFO - Dependencies all met for <TaskInstance: defence_dag2.storing manual__2023-03-19T12:41:11.951301+00:00 [queued]>
[2023-03-19 12:41:14,161] {taskinstance.py:1159} INFO - Dependencies all met for <TaskInstance: defence_dag2.storing manual__2023-03-19T12:41:11.951301+00:00 [queued]>
[2023-03-19 12:41:14,162] {taskinstance.py:1356} INFO - 
--------------------------------------------------------------------------------
[2023-03-19 12:41:14,163] {taskinstance.py:1357} INFO - Starting attempt 1 of 1
[2023-03-19 12:41:14,163] {taskinstance.py:1358} INFO - 
--------------------------------------------------------------------------------
[2023-03-19 12:41:14,178] {taskinstance.py:1377} INFO - Executing <Task(BashOperator): storing> on 2023-03-19 12:41:11.951301+00:00
[2023-03-19 12:41:14,183] {standard_task_runner.py:52} INFO - Started process 89 to run task
[2023-03-19 12:41:14,186] {standard_task_runner.py:79} INFO - Running: ['***', 'tasks', 'run', 'defence_dag2', 'storing', 'manual__2023-03-19T12:41:11.951301+00:00', '--job-id', '1691', '--raw', '--subdir', 'DAGS_FOLDER/defese.py', '--cfg-path', '/tmp/tmpqbysaesf', '--error-file', '/tmp/tmplx6cvfnt']
[2023-03-19 12:41:14,188] {standard_task_runner.py:80} INFO - Job 1691: Subtask storing
[2023-03-19 12:41:14,250] {task_command.py:369} INFO - Running <TaskInstance: defence_dag2.storing manual__2023-03-19T12:41:11.951301+00:00 [running]> on host e8c10a6b6dce
[2023-03-19 12:41:14,324] {taskinstance.py:1571} INFO - Exporting the following env vars:
AIRFLOW_CTX_DAG_OWNER=***
AIRFLOW_CTX_DAG_ID=defence_dag2
AIRFLOW_CTX_TASK_ID=storing
AIRFLOW_CTX_EXECUTION_DATE=2023-03-19T12:41:11.951301+00:00
AIRFLOW_CTX_TRY_NUMBER=1
AIRFLOW_CTX_DAG_RUN_ID=manual__2023-03-19T12:41:11.951301+00:00
[2023-03-19 12:41:14,325] {subprocess.py:62} INFO - Tmp dir root location: 
 /tmp
[2023-03-19 12:41:14,326] {subprocess.py:74} INFO - Running command: ['bash', '-c', 'sleep 1']
[2023-03-19 12:41:14,335] {subprocess.py:85} INFO - Output:
[2023-03-19 12:41:15,337] {subprocess.py:96} INFO - Command exited with return code 0
[2023-03-19 12:41:15,371] {taskinstance.py:1400} INFO - Marking task as SUCCESS. dag_id=defence_dag2, task_id=storing, execution_date=20230319T124111, start_date=20230319T124114, end_date=20230319T124115
[2023-03-19 12:41:15,404] {local_task_job.py:156} INFO - Task exited with return code 0
[2023-03-19 12:41:15,449] {local_task_job.py:273} INFO - 1 downstream tasks scheduled from follow-on schedule check
