[2023-04-23 07:49:52,420] {taskinstance.py:1159} INFO - Dependencies all met for <TaskInstance: defence_dag2.defence1 scheduled__2023-04-22T00:00:00+00:00 [queued]>
[2023-04-23 07:49:52,461] {taskinstance.py:1159} INFO - Dependencies all met for <TaskInstance: defence_dag2.defence1 scheduled__2023-04-22T00:00:00+00:00 [queued]>
[2023-04-23 07:49:52,462] {taskinstance.py:1356} INFO - 
--------------------------------------------------------------------------------
[2023-04-23 07:49:52,463] {taskinstance.py:1357} INFO - Starting attempt 1 of 1
[2023-04-23 07:49:52,465] {taskinstance.py:1358} INFO - 
--------------------------------------------------------------------------------
[2023-04-23 07:49:52,508] {taskinstance.py:1377} INFO - Executing <Task(PythonOperator): defence1> on 2023-04-22 00:00:00+00:00
[2023-04-23 07:49:52,523] {standard_task_runner.py:52} INFO - Started process 147 to run task
[2023-04-23 07:49:52,546] {standard_task_runner.py:79} INFO - Running: ['***', 'tasks', 'run', 'defence_dag2', 'defence1', 'scheduled__2023-04-22T00:00:00+00:00', '--job-id', '5851', '--raw', '--subdir', 'DAGS_FOLDER/defese.py', '--cfg-path', '/tmp/tmp8mkh_kdj', '--error-file', '/tmp/tmpas71usvw']
[2023-04-23 07:49:52,555] {standard_task_runner.py:80} INFO - Job 5851: Subtask defence1
[2023-04-23 07:49:52,860] {task_command.py:369} INFO - Running <TaskInstance: defence_dag2.defence1 scheduled__2023-04-22T00:00:00+00:00 [running]> on host a3dd7d962104
[2023-04-23 07:49:53,339] {taskinstance.py:1571} INFO - Exporting the following env vars:
AIRFLOW_CTX_DAG_OWNER=***
AIRFLOW_CTX_DAG_ID=defence_dag2
AIRFLOW_CTX_TASK_ID=defence1
AIRFLOW_CTX_EXECUTION_DATE=2023-04-22T00:00:00+00:00
AIRFLOW_CTX_TRY_NUMBER=1
AIRFLOW_CTX_DAG_RUN_ID=scheduled__2023-04-22T00:00:00+00:00
[2023-04-23 07:49:53,482] {logging_mixin.py:115} INFO - defensing
[2023-04-23 07:49:53,483] {python.py:173} INFO - Done. Returned value was: None
[2023-04-23 07:49:53,541] {taskinstance.py:1400} INFO - Marking task as SUCCESS. dag_id=defence_dag2, task_id=defence1, execution_date=20230422T000000, start_date=20230423T074952, end_date=20230423T074953
[2023-04-23 07:49:53,643] {local_task_job.py:156} INFO - Task exited with return code 0
[2023-04-23 07:49:54,154] {local_task_job.py:273} INFO - 0 downstream tasks scheduled from follow-on schedule check
