[2023-03-23 15:13:44,946] {taskinstance.py:1159} INFO - Dependencies all met for <TaskInstance: multi_defence_dag.to_defend manual__2023-03-23T15:13:22.005974+00:00 [queued]>
[2023-03-23 15:13:44,987] {taskinstance.py:1159} INFO - Dependencies all met for <TaskInstance: multi_defence_dag.to_defend manual__2023-03-23T15:13:22.005974+00:00 [queued]>
[2023-03-23 15:13:44,989] {taskinstance.py:1356} INFO - 
--------------------------------------------------------------------------------
[2023-03-23 15:13:44,991] {taskinstance.py:1357} INFO - Starting attempt 1 of 2
[2023-03-23 15:13:44,993] {taskinstance.py:1358} INFO - 
--------------------------------------------------------------------------------
[2023-03-23 15:13:45,071] {taskinstance.py:1377} INFO - Executing <Task(BranchPythonOperator): to_defend> on 2023-03-23 15:13:22.005974+00:00
[2023-03-23 15:13:45,092] {standard_task_runner.py:52} INFO - Started process 11633 to run task
[2023-03-23 15:13:45,112] {standard_task_runner.py:79} INFO - Running: ['***', 'tasks', 'run', 'multi_defence_dag', 'to_defend', 'manual__2023-03-23T15:13:22.005974+00:00', '--job-id', '2879', '--raw', '--subdir', 'DAGS_FOLDER/defence_dag.py', '--cfg-path', '/tmp/tmpi8o4401s', '--error-file', '/tmp/tmp3cwiaw9d']
[2023-03-23 15:13:45,119] {standard_task_runner.py:80} INFO - Job 2879: Subtask to_defend
[2023-03-23 15:13:45,399] {task_command.py:369} INFO - Running <TaskInstance: multi_defence_dag.to_defend manual__2023-03-23T15:13:22.005974+00:00 [running]> on host 6447f1dacd32
[2023-03-23 15:13:45,615] {taskinstance.py:1571} INFO - Exporting the following env vars:
AIRFLOW_CTX_DAG_OWNER=***
AIRFLOW_CTX_DAG_ID=multi_defence_dag
AIRFLOW_CTX_TASK_ID=to_defend
AIRFLOW_CTX_EXECUTION_DATE=2023-03-23T15:13:22.005974+00:00
AIRFLOW_CTX_TRY_NUMBER=1
AIRFLOW_CTX_DAG_RUN_ID=manual__2023-03-23T15:13:22.005974+00:00
[2023-03-23 15:13:45,638] {transport.py:157} INFO - Attempting refresh to obtain initial access_token
[2023-03-23 15:13:45,646] {client.py:777} INFO - Refreshing access_token
[2023-03-23 15:13:46,564] {python.py:173} INFO - Done. Returned value was: trigger_offence
[2023-03-23 15:13:46,567] {skipmixin.py:140} INFO - Following branch trigger_offence
[2023-03-23 15:13:46,569] {skipmixin.py:175} INFO - Skipping tasks ['stop']
[2023-03-23 15:13:46,783] {taskinstance.py:1400} INFO - Marking task as SUCCESS. dag_id=multi_defence_dag, task_id=to_defend, execution_date=20230323T151322, start_date=20230323T151344, end_date=20230323T151346
[2023-03-23 15:13:46,858] {local_task_job.py:156} INFO - Task exited with return code 0
[2023-03-23 15:13:47,068] {local_task_job.py:273} INFO - 1 downstream tasks scheduled from follow-on schedule check
