[2023-03-12 15:19:48,758] {taskinstance.py:1159} INFO - Dependencies all met for <TaskInstance: attack_dag.attack manual__2023-03-12T15:19:47.457494+00:00 [queued]>
[2023-03-12 15:19:48,774] {taskinstance.py:1159} INFO - Dependencies all met for <TaskInstance: attack_dag.attack manual__2023-03-12T15:19:47.457494+00:00 [queued]>
[2023-03-12 15:19:48,775] {taskinstance.py:1356} INFO - 
--------------------------------------------------------------------------------
[2023-03-12 15:19:48,776] {taskinstance.py:1357} INFO - Starting attempt 1 of 1
[2023-03-12 15:19:48,777] {taskinstance.py:1358} INFO - 
--------------------------------------------------------------------------------
[2023-03-12 15:19:48,803] {taskinstance.py:1377} INFO - Executing <Task(PythonOperator): attack> on 2023-03-12 15:19:47.457494+00:00
[2023-03-12 15:19:48,809] {standard_task_runner.py:52} INFO - Started process 263 to run task
[2023-03-12 15:19:48,813] {standard_task_runner.py:79} INFO - Running: ['***', 'tasks', 'run', 'attack_dag', 'attack', 'manual__2023-03-12T15:19:47.457494+00:00', '--job-id', '482', '--raw', '--subdir', 'DAGS_FOLDER/attack.py', '--cfg-path', '/tmp/tmp9i65q83q', '--error-file', '/tmp/tmpzrnsy6iz']
[2023-03-12 15:19:48,814] {standard_task_runner.py:80} INFO - Job 482: Subtask attack
[2023-03-12 15:19:48,905] {task_command.py:369} INFO - Running <TaskInstance: attack_dag.attack manual__2023-03-12T15:19:47.457494+00:00 [running]> on host 596adcca7378
[2023-03-12 15:19:49,025] {taskinstance.py:1571} INFO - Exporting the following env vars:
AIRFLOW_CTX_DAG_OWNER=***
AIRFLOW_CTX_DAG_ID=attack_dag
AIRFLOW_CTX_TASK_ID=attack
AIRFLOW_CTX_EXECUTION_DATE=2023-03-12T15:19:47.457494+00:00
AIRFLOW_CTX_TRY_NUMBER=1
AIRFLOW_CTX_DAG_RUN_ID=manual__2023-03-12T15:19:47.457494+00:00
[2023-03-12 15:19:49,027] {logging_mixin.py:115} INFO - attacking!
[2023-03-12 15:19:49,027] {python.py:173} INFO - Done. Returned value was: None
[2023-03-12 15:19:49,049] {taskinstance.py:1400} INFO - Marking task as SUCCESS. dag_id=attack_dag, task_id=attack, execution_date=20230312T151947, start_date=20230312T151948, end_date=20230312T151949
[2023-03-12 15:19:49,107] {local_task_job.py:156} INFO - Task exited with return code 0
[2023-03-12 15:19:49,175] {local_task_job.py:273} INFO - 1 downstream tasks scheduled from follow-on schedule check
