[2023-04-18 15:24:59,961] {taskinstance.py:1159} INFO - Dependencies all met for <TaskInstance: multi_attack_dag.choose_attack manual__2023-04-18T15:24:55.583802+00:00 [queued]>
[2023-04-18 15:24:59,985] {taskinstance.py:1159} INFO - Dependencies all met for <TaskInstance: multi_attack_dag.choose_attack manual__2023-04-18T15:24:55.583802+00:00 [queued]>
[2023-04-18 15:24:59,986] {taskinstance.py:1356} INFO - 
--------------------------------------------------------------------------------
[2023-04-18 15:24:59,988] {taskinstance.py:1357} INFO - Starting attempt 1 of 2
[2023-04-18 15:24:59,990] {taskinstance.py:1358} INFO - 
--------------------------------------------------------------------------------
[2023-04-18 15:25:00,028] {taskinstance.py:1377} INFO - Executing <Task(PythonOperator): choose_attack> on 2023-04-18 15:24:55.583802+00:00
[2023-04-18 15:25:00,043] {standard_task_runner.py:52} INFO - Started process 3999 to run task
[2023-04-18 15:25:00,047] {standard_task_runner.py:79} INFO - Running: ['***', 'tasks', 'run', 'multi_attack_dag', 'choose_attack', 'manual__2023-04-18T15:24:55.583802+00:00', '--job-id', '5706', '--raw', '--subdir', 'DAGS_FOLDER/attack_dag.py', '--cfg-path', '/tmp/tmpl8nr279j', '--error-file', '/tmp/tmptp8lp8w4']
[2023-04-18 15:25:00,049] {standard_task_runner.py:80} INFO - Job 5706: Subtask choose_attack
[2023-04-18 15:25:00,291] {task_command.py:369} INFO - Running <TaskInstance: multi_attack_dag.choose_attack manual__2023-04-18T15:24:55.583802+00:00 [running]> on host a3dd7d962104
[2023-04-18 15:25:00,394] {taskinstance.py:1571} INFO - Exporting the following env vars:
AIRFLOW_CTX_DAG_OWNER=***
AIRFLOW_CTX_DAG_ID=multi_attack_dag
AIRFLOW_CTX_TASK_ID=choose_attack
AIRFLOW_CTX_EXECUTION_DATE=2023-04-18T15:24:55.583802+00:00
AIRFLOW_CTX_TRY_NUMBER=1
AIRFLOW_CTX_DAG_RUN_ID=manual__2023-04-18T15:24:55.583802+00:00
[2023-04-18 15:25:00,437] {python.py:173} INFO - Done. Returned value was: None
[2023-04-18 15:25:00,454] {taskinstance.py:1400} INFO - Marking task as SUCCESS. dag_id=multi_attack_dag, task_id=choose_attack, execution_date=20230418T152455, start_date=20230418T152459, end_date=20230418T152500
[2023-04-18 15:25:00,507] {local_task_job.py:156} INFO - Task exited with return code 0
[2023-04-18 15:25:00,557] {local_task_job.py:273} INFO - 1 downstream tasks scheduled from follow-on schedule check
