[2023-04-16 17:23:59,811] {taskinstance.py:1159} INFO - Dependencies all met for <TaskInstance: multi_attack_dag.to_attack_FastGradientMethod manual__2023-04-16T17:22:58.289077+00:00 [queued]>
[2023-04-16 17:23:59,921] {taskinstance.py:1159} INFO - Dependencies all met for <TaskInstance: multi_attack_dag.to_attack_FastGradientMethod manual__2023-04-16T17:22:58.289077+00:00 [queued]>
[2023-04-16 17:23:59,922] {taskinstance.py:1356} INFO - 
--------------------------------------------------------------------------------
[2023-04-16 17:23:59,932] {taskinstance.py:1357} INFO - Starting attempt 1 of 2
[2023-04-16 17:23:59,932] {taskinstance.py:1358} INFO - 
--------------------------------------------------------------------------------
[2023-04-16 17:24:00,023] {taskinstance.py:1377} INFO - Executing <Task(BranchPythonOperator): to_attack_FastGradientMethod> on 2023-04-16 17:22:58.289077+00:00
[2023-04-16 17:24:00,083] {standard_task_runner.py:52} INFO - Started process 183 to run task
[2023-04-16 17:24:00,113] {standard_task_runner.py:79} INFO - Running: ['***', 'tasks', 'run', 'multi_attack_dag', 'to_attack_FastGradientMethod', 'manual__2023-04-16T17:22:58.289077+00:00', '--job-id', '5357', '--raw', '--subdir', 'DAGS_FOLDER/attack_dag.py', '--cfg-path', '/tmp/tmptysp8y6y', '--error-file', '/tmp/tmp9w6uuc7c']
[2023-04-16 17:24:00,132] {standard_task_runner.py:80} INFO - Job 5357: Subtask to_attack_FastGradientMethod
[2023-04-16 17:24:00,814] {task_command.py:369} INFO - Running <TaskInstance: multi_attack_dag.to_attack_FastGradientMethod manual__2023-04-16T17:22:58.289077+00:00 [running]> on host 6c1ce3ac9ba0
[2023-04-16 17:24:01,642] {taskinstance.py:1571} INFO - Exporting the following env vars:
AIRFLOW_CTX_DAG_OWNER=***
AIRFLOW_CTX_DAG_ID=multi_attack_dag
AIRFLOW_CTX_TASK_ID=to_attack_FastGradientMethod
AIRFLOW_CTX_EXECUTION_DATE=2023-04-16T17:22:58.289077+00:00
AIRFLOW_CTX_TRY_NUMBER=1
AIRFLOW_CTX_DAG_RUN_ID=manual__2023-04-16T17:22:58.289077+00:00
[2023-04-16 17:24:01,734] {python.py:173} INFO - Done. Returned value was: default
[2023-04-16 17:24:01,742] {skipmixin.py:140} INFO - Following branch default
[2023-04-16 17:24:01,743] {skipmixin.py:175} INFO - Skipping tasks ['attack_FastGradientMethod']
[2023-04-16 17:24:02,314] {taskinstance.py:1400} INFO - Marking task as SUCCESS. dag_id=multi_attack_dag, task_id=to_attack_FastGradientMethod, execution_date=20230416T172258, start_date=20230416T172359, end_date=20230416T172402
[2023-04-16 17:24:02,464] {local_task_job.py:156} INFO - Task exited with return code 0
[2023-04-16 17:24:03,014] {local_task_job.py:273} INFO - 0 downstream tasks scheduled from follow-on schedule check
