[2023-03-23 11:14:58,367] {taskinstance.py:1159} INFO - Dependencies all met for <TaskInstance: defence_dag2.storing manual__2023-03-23T11:14:55.781688+00:00 [queued]>
[2023-03-23 11:14:58,376] {taskinstance.py:1159} INFO - Dependencies all met for <TaskInstance: defence_dag2.storing manual__2023-03-23T11:14:55.781688+00:00 [queued]>
[2023-03-23 11:14:58,376] {taskinstance.py:1356} INFO - 
--------------------------------------------------------------------------------
[2023-03-23 11:14:58,377] {taskinstance.py:1357} INFO - Starting attempt 1 of 1
[2023-03-23 11:14:58,377] {taskinstance.py:1358} INFO - 
--------------------------------------------------------------------------------
[2023-03-23 11:14:58,391] {taskinstance.py:1377} INFO - Executing <Task(BashOperator): storing> on 2023-03-23 11:14:55.781688+00:00
[2023-03-23 11:14:58,397] {standard_task_runner.py:52} INFO - Started process 1377 to run task
[2023-03-23 11:14:58,401] {standard_task_runner.py:79} INFO - Running: ['***', 'tasks', 'run', 'defence_dag2', 'storing', 'manual__2023-03-23T11:14:55.781688+00:00', '--job-id', '2634', '--raw', '--subdir', 'DAGS_FOLDER/defese.py', '--cfg-path', '/tmp/tmpkh9iz8gv', '--error-file', '/tmp/tmpycomtvj3']
[2023-03-23 11:14:58,403] {standard_task_runner.py:80} INFO - Job 2634: Subtask storing
[2023-03-23 11:14:58,457] {task_command.py:369} INFO - Running <TaskInstance: defence_dag2.storing manual__2023-03-23T11:14:55.781688+00:00 [running]> on host 6447f1dacd32
[2023-03-23 11:14:58,531] {taskinstance.py:1571} INFO - Exporting the following env vars:
AIRFLOW_CTX_DAG_OWNER=***
AIRFLOW_CTX_DAG_ID=defence_dag2
AIRFLOW_CTX_TASK_ID=storing
AIRFLOW_CTX_EXECUTION_DATE=2023-03-23T11:14:55.781688+00:00
AIRFLOW_CTX_TRY_NUMBER=1
AIRFLOW_CTX_DAG_RUN_ID=manual__2023-03-23T11:14:55.781688+00:00
[2023-03-23 11:14:58,533] {subprocess.py:62} INFO - Tmp dir root location: 
 /tmp
[2023-03-23 11:14:58,534] {subprocess.py:74} INFO - Running command: ['bash', '-c', 'sleep 1']
[2023-03-23 11:14:58,543] {subprocess.py:85} INFO - Output:
[2023-03-23 11:14:59,546] {subprocess.py:96} INFO - Command exited with return code 0
[2023-03-23 11:14:59,572] {taskinstance.py:1400} INFO - Marking task as SUCCESS. dag_id=defence_dag2, task_id=storing, execution_date=20230323T111455, start_date=20230323T111458, end_date=20230323T111459
[2023-03-23 11:14:59,621] {local_task_job.py:156} INFO - Task exited with return code 0
[2023-03-23 11:14:59,658] {local_task_job.py:273} INFO - 1 downstream tasks scheduled from follow-on schedule check
