[2023-03-28 09:54:04,807] {taskinstance.py:1159} INFO - Dependencies all met for <TaskInstance: attack_dag2.attack manual__2023-03-28T09:54:02.656599+00:00 [queued]>
[2023-03-28 09:54:04,823] {taskinstance.py:1159} INFO - Dependencies all met for <TaskInstance: attack_dag2.attack manual__2023-03-28T09:54:02.656599+00:00 [queued]>
[2023-03-28 09:54:04,824] {taskinstance.py:1356} INFO - 
--------------------------------------------------------------------------------
[2023-03-28 09:54:04,824] {taskinstance.py:1357} INFO - Starting attempt 1 of 1
[2023-03-28 09:54:04,830] {taskinstance.py:1358} INFO - 
--------------------------------------------------------------------------------
[2023-03-28 09:54:04,847] {taskinstance.py:1377} INFO - Executing <Task(PythonOperator): attack> on 2023-03-28 09:54:02.656599+00:00
[2023-03-28 09:54:04,853] {standard_task_runner.py:52} INFO - Started process 749 to run task
[2023-03-28 09:54:04,857] {standard_task_runner.py:79} INFO - Running: ['***', 'tasks', 'run', 'attack_dag2', 'attack', 'manual__2023-03-28T09:54:02.656599+00:00', '--job-id', '3994', '--raw', '--subdir', 'DAGS_FOLDER/attack.py', '--cfg-path', '/tmp/tmpzotbfff9', '--error-file', '/tmp/tmpoz7_2a46']
[2023-03-28 09:54:04,862] {standard_task_runner.py:80} INFO - Job 3994: Subtask attack
[2023-03-28 09:54:04,929] {task_command.py:369} INFO - Running <TaskInstance: attack_dag2.attack manual__2023-03-28T09:54:02.656599+00:00 [running]> on host 70f8824ef075
[2023-03-28 09:54:05,010] {taskinstance.py:1571} INFO - Exporting the following env vars:
AIRFLOW_CTX_DAG_OWNER=***
AIRFLOW_CTX_DAG_ID=attack_dag2
AIRFLOW_CTX_TASK_ID=attack
AIRFLOW_CTX_EXECUTION_DATE=2023-03-28T09:54:02.656599+00:00
AIRFLOW_CTX_TRY_NUMBER=1
AIRFLOW_CTX_DAG_RUN_ID=manual__2023-03-28T09:54:02.656599+00:00
[2023-03-28 09:54:05,013] {transport.py:157} INFO - Attempting refresh to obtain initial access_token
[2023-03-28 09:54:05,017] {client.py:777} INFO - Refreshing access_token
[2023-03-28 09:54:06,030] {transport.py:157} INFO - Attempting refresh to obtain initial access_token
[2023-03-28 09:54:06,032] {client.py:777} INFO - Refreshing access_token
[2023-03-28 09:54:06,828] {python.py:173} INFO - Done. Returned value was: None
[2023-03-28 09:54:06,845] {taskinstance.py:1400} INFO - Marking task as SUCCESS. dag_id=attack_dag2, task_id=attack, execution_date=20230328T095402, start_date=20230328T095404, end_date=20230328T095406
[2023-03-28 09:54:06,883] {local_task_job.py:156} INFO - Task exited with return code 0
[2023-03-28 09:54:06,924] {local_task_job.py:273} INFO - 1 downstream tasks scheduled from follow-on schedule check
