[2023-03-28 10:00:23,539] {taskinstance.py:1159} INFO - Dependencies all met for <TaskInstance: attack_dag2.trigger_defence manual__2023-03-28T10:00:18.622692+00:00 [queued]>
[2023-03-28 10:00:23,550] {taskinstance.py:1159} INFO - Dependencies all met for <TaskInstance: attack_dag2.trigger_defence manual__2023-03-28T10:00:18.622692+00:00 [queued]>
[2023-03-28 10:00:23,550] {taskinstance.py:1356} INFO - 
--------------------------------------------------------------------------------
[2023-03-28 10:00:23,551] {taskinstance.py:1357} INFO - Starting attempt 1 of 1
[2023-03-28 10:00:23,552] {taskinstance.py:1358} INFO - 
--------------------------------------------------------------------------------
[2023-03-28 10:00:23,565] {taskinstance.py:1377} INFO - Executing <Task(TriggerDagRunOperator): trigger_defence> on 2023-03-28 10:00:18.622692+00:00
[2023-03-28 10:00:23,570] {standard_task_runner.py:52} INFO - Started process 1435 to run task
[2023-03-28 10:00:23,573] {standard_task_runner.py:79} INFO - Running: ['***', 'tasks', 'run', 'attack_dag2', 'trigger_defence', 'manual__2023-03-28T10:00:18.622692+00:00', '--job-id', '4119', '--raw', '--subdir', 'DAGS_FOLDER/attack.py', '--cfg-path', '/tmp/tmpwdp6beph', '--error-file', '/tmp/tmpx_g36bdd']
[2023-03-28 10:00:23,574] {standard_task_runner.py:80} INFO - Job 4119: Subtask trigger_defence
[2023-03-28 10:00:23,622] {task_command.py:369} INFO - Running <TaskInstance: attack_dag2.trigger_defence manual__2023-03-28T10:00:18.622692+00:00 [running]> on host 70f8824ef075
[2023-03-28 10:00:23,708] {taskinstance.py:1571} INFO - Exporting the following env vars:
AIRFLOW_CTX_DAG_OWNER=***
AIRFLOW_CTX_DAG_ID=attack_dag2
AIRFLOW_CTX_TASK_ID=trigger_defence
AIRFLOW_CTX_EXECUTION_DATE=2023-03-28T10:00:18.622692+00:00
AIRFLOW_CTX_TRY_NUMBER=1
AIRFLOW_CTX_DAG_RUN_ID=manual__2023-03-28T10:00:18.622692+00:00
[2023-03-28 10:00:24,279] {taskinstance.py:1400} INFO - Marking task as SUCCESS. dag_id=attack_dag2, task_id=trigger_defence, execution_date=20230328T100018, start_date=20230328T100023, end_date=20230328T100024
[2023-03-28 10:00:24,310] {local_task_job.py:156} INFO - Task exited with return code 0
[2023-03-28 10:00:24,352] {local_task_job.py:273} INFO - 0 downstream tasks scheduled from follow-on schedule check
