[2023-03-16 11:58:01,905] {taskinstance.py:1159} INFO - Dependencies all met for <TaskInstance: attack_dag.trigger_defence manual__2023-03-16T11:29:48.120123+00:00 [queued]>
[2023-03-16 11:58:01,958] {taskinstance.py:1159} INFO - Dependencies all met for <TaskInstance: attack_dag.trigger_defence manual__2023-03-16T11:29:48.120123+00:00 [queued]>
[2023-03-16 11:58:01,959] {taskinstance.py:1356} INFO - 
--------------------------------------------------------------------------------
[2023-03-16 11:58:01,967] {taskinstance.py:1357} INFO - Starting attempt 2 of 2
[2023-03-16 11:58:01,967] {taskinstance.py:1358} INFO - 
--------------------------------------------------------------------------------
[2023-03-16 11:58:02,034] {taskinstance.py:1377} INFO - Executing <Task(TriggerDagRunOperator): trigger_defence> on 2023-03-16 11:29:48.120123+00:00
[2023-03-16 11:58:02,044] {standard_task_runner.py:52} INFO - Started process 1228 to run task
[2023-03-16 11:58:02,106] {standard_task_runner.py:79} INFO - Running: ['***', 'tasks', 'run', 'attack_dag', 'trigger_defence', 'manual__2023-03-16T11:29:48.120123+00:00', '--job-id', '1185', '--raw', '--subdir', 'DAGS_FOLDER/attack.py', '--cfg-path', '/tmp/tmpmivber2w', '--error-file', '/tmp/tmp_ewcj525']
[2023-03-16 11:58:02,120] {standard_task_runner.py:80} INFO - Job 1185: Subtask trigger_defence
[2023-03-16 11:58:02,384] {task_command.py:369} INFO - Running <TaskInstance: attack_dag.trigger_defence manual__2023-03-16T11:29:48.120123+00:00 [running]> on host 596adcca7378
[2023-03-16 11:58:02,687] {taskinstance.py:1571} INFO - Exporting the following env vars:
AIRFLOW_CTX_DAG_OWNER=***
AIRFLOW_CTX_DAG_ID=attack_dag
AIRFLOW_CTX_TASK_ID=trigger_defence
AIRFLOW_CTX_EXECUTION_DATE=2023-03-16T11:29:48.120123+00:00
AIRFLOW_CTX_TRY_NUMBER=2
AIRFLOW_CTX_DAG_RUN_ID=manual__2023-03-16T11:29:48.120123+00:00
[2023-03-16 11:58:07,065] {taskinstance.py:1400} INFO - Marking task as SUCCESS. dag_id=attack_dag, task_id=trigger_defence, execution_date=20230316T112948, start_date=20230316T115801, end_date=20230316T115807
[2023-03-16 11:58:07,250] {local_task_job.py:221} WARNING - State of this instance has been externally set to success. Terminating instance.
[2023-03-16 11:58:07,253] {process_utils.py:129} INFO - Sending Signals.SIGTERM to group 1228. PIDs of all processes in the group: [1228]
[2023-03-16 11:58:07,272] {process_utils.py:80} INFO - Sending the signal Signals.SIGTERM to group 1228
[2023-03-16 11:58:07,290] {process_utils.py:75} INFO - Process psutil.Process(pid=1228, status='terminated', exitcode=0, started='11:58:01') (1228) terminated with exit code 0
