[2023-04-30 08:08:15,388] {taskinstance.py:1159} INFO - Dependencies all met for <TaskInstance: multi_attack_dag.choose_attack manual__2023-04-30T08:08:12.016220+00:00 [queued]>
[2023-04-30 08:08:15,398] {taskinstance.py:1159} INFO - Dependencies all met for <TaskInstance: multi_attack_dag.choose_attack manual__2023-04-30T08:08:12.016220+00:00 [queued]>
[2023-04-30 08:08:15,399] {taskinstance.py:1356} INFO - 
--------------------------------------------------------------------------------
[2023-04-30 08:08:15,404] {taskinstance.py:1357} INFO - Starting attempt 1 of 2
[2023-04-30 08:08:15,405] {taskinstance.py:1358} INFO - 
--------------------------------------------------------------------------------
[2023-04-30 08:08:15,428] {taskinstance.py:1377} INFO - Executing <Task(PythonOperator): choose_attack> on 2023-04-30 08:08:12.016220+00:00
[2023-04-30 08:08:15,439] {standard_task_runner.py:52} INFO - Started process 870 to run task
[2023-04-30 08:08:15,446] {standard_task_runner.py:79} INFO - Running: ['***', 'tasks', 'run', 'multi_attack_dag', 'choose_attack', 'manual__2023-04-30T08:08:12.016220+00:00', '--job-id', '7133', '--raw', '--subdir', 'DAGS_FOLDER/attack_dag.py', '--cfg-path', '/tmp/tmp9zph0vou', '--error-file', '/tmp/tmp62wqcqki']
[2023-04-30 08:08:15,449] {standard_task_runner.py:80} INFO - Job 7133: Subtask choose_attack
[2023-04-30 08:08:15,582] {task_command.py:369} INFO - Running <TaskInstance: multi_attack_dag.choose_attack manual__2023-04-30T08:08:12.016220+00:00 [running]> on host e7e31d5a6603
[2023-04-30 08:08:15,669] {taskinstance.py:1571} INFO - Exporting the following env vars:
AIRFLOW_CTX_DAG_OWNER=***
AIRFLOW_CTX_DAG_ID=multi_attack_dag
AIRFLOW_CTX_TASK_ID=choose_attack
AIRFLOW_CTX_EXECUTION_DATE=2023-04-30T08:08:12.016220+00:00
AIRFLOW_CTX_TRY_NUMBER=1
AIRFLOW_CTX_DAG_RUN_ID=manual__2023-04-30T08:08:12.016220+00:00
[2023-04-30 08:08:16,036] {python.py:173} INFO - Done. Returned value was: None
[2023-04-30 08:08:16,047] {taskinstance.py:1400} INFO - Marking task as SUCCESS. dag_id=multi_attack_dag, task_id=choose_attack, execution_date=20230430T080812, start_date=20230430T080815, end_date=20230430T080816
[2023-04-30 08:08:16,104] {local_task_job.py:156} INFO - Task exited with return code 0
[2023-04-30 08:08:16,152] {local_task_job.py:273} INFO - 0 downstream tasks scheduled from follow-on schedule check
