[2023-04-27 10:31:24,066] {taskinstance.py:1159} INFO - Dependencies all met for <TaskInstance: multi_attack_dag.to_attack_NewtonFool manual__2023-04-27T10:30:40.186391+00:00 [queued]>
[2023-04-27 10:31:24,161] {taskinstance.py:1159} INFO - Dependencies all met for <TaskInstance: multi_attack_dag.to_attack_NewtonFool manual__2023-04-27T10:30:40.186391+00:00 [queued]>
[2023-04-27 10:31:24,163] {taskinstance.py:1356} INFO - 
--------------------------------------------------------------------------------
[2023-04-27 10:31:24,171] {taskinstance.py:1357} INFO - Starting attempt 1 of 2
[2023-04-27 10:31:24,173] {taskinstance.py:1358} INFO - 
--------------------------------------------------------------------------------
[2023-04-27 10:31:24,301] {taskinstance.py:1377} INFO - Executing <Task(BranchPythonOperator): to_attack_NewtonFool> on 2023-04-27 10:30:40.186391+00:00
[2023-04-27 10:31:24,351] {standard_task_runner.py:79} INFO - Running: ['***', 'tasks', 'run', 'multi_attack_dag', 'to_attack_NewtonFool', 'manual__2023-04-27T10:30:40.186391+00:00', '--job-id', '6601', '--raw', '--subdir', 'DAGS_FOLDER/attack_dag.py', '--cfg-path', '/tmp/tmp9i3k5_0h', '--error-file', '/tmp/tmp5d7n1js2']
[2023-04-27 10:31:24,327] {standard_task_runner.py:52} INFO - Started process 5301 to run task
[2023-04-27 10:31:24,359] {standard_task_runner.py:80} INFO - Job 6601: Subtask to_attack_NewtonFool
[2023-04-27 10:31:24,793] {task_command.py:369} INFO - Running <TaskInstance: multi_attack_dag.to_attack_NewtonFool manual__2023-04-27T10:30:40.186391+00:00 [running]> on host e7e31d5a6603
[2023-04-27 10:31:25,858] {taskinstance.py:1571} INFO - Exporting the following env vars:
AIRFLOW_CTX_DAG_OWNER=***
AIRFLOW_CTX_DAG_ID=multi_attack_dag
AIRFLOW_CTX_TASK_ID=to_attack_NewtonFool
AIRFLOW_CTX_EXECUTION_DATE=2023-04-27T10:30:40.186391+00:00
AIRFLOW_CTX_TRY_NUMBER=1
AIRFLOW_CTX_DAG_RUN_ID=manual__2023-04-27T10:30:40.186391+00:00
[2023-04-27 10:31:25,915] {python.py:173} INFO - Done. Returned value was: attack_NewtonFool
[2023-04-27 10:31:25,920] {skipmixin.py:140} INFO - Following branch attack_NewtonFool
[2023-04-27 10:31:25,922] {skipmixin.py:175} INFO - Skipping tasks ['default']
[2023-04-27 10:31:27,124] {taskinstance.py:1400} INFO - Marking task as SUCCESS. dag_id=multi_attack_dag, task_id=to_attack_NewtonFool, execution_date=20230427T103040, start_date=20230427T103124, end_date=20230427T103127
[2023-04-27 10:31:27,229] {local_task_job.py:156} INFO - Task exited with return code 0
[2023-04-27 10:31:29,464] {local_task_job.py:273} INFO - 1 downstream tasks scheduled from follow-on schedule check
