[2023-03-28 10:28:30,644] {taskinstance.py:1159} INFO - Dependencies all met for <TaskInstance: defence_dag2.defence1 manual__2023-03-28T10:28:23.779427+00:00 [queued]>
[2023-03-28 10:28:30,672] {taskinstance.py:1159} INFO - Dependencies all met for <TaskInstance: defence_dag2.defence1 manual__2023-03-28T10:28:23.779427+00:00 [queued]>
[2023-03-28 10:28:30,673] {taskinstance.py:1356} INFO - 
--------------------------------------------------------------------------------
[2023-03-28 10:28:30,674] {taskinstance.py:1357} INFO - Starting attempt 1 of 1
[2023-03-28 10:28:30,675] {taskinstance.py:1358} INFO - 
--------------------------------------------------------------------------------
[2023-03-28 10:28:30,711] {taskinstance.py:1377} INFO - Executing <Task(PythonOperator): defence1> on 2023-03-28 10:28:23.779427+00:00
[2023-03-28 10:28:30,722] {standard_task_runner.py:52} INFO - Started process 2139 to run task
[2023-03-28 10:28:30,727] {standard_task_runner.py:79} INFO - Running: ['***', 'tasks', 'run', 'defence_dag2', 'defence1', 'manual__2023-03-28T10:28:23.779427+00:00', '--job-id', '4259', '--raw', '--subdir', 'DAGS_FOLDER/defese.py', '--cfg-path', '/tmp/tmp5hah1qdy', '--error-file', '/tmp/tmp3l7ikoih']
[2023-03-28 10:28:30,729] {standard_task_runner.py:80} INFO - Job 4259: Subtask defence1
[2023-03-28 10:28:30,914] {task_command.py:369} INFO - Running <TaskInstance: defence_dag2.defence1 manual__2023-03-28T10:28:23.779427+00:00 [running]> on host 70f8824ef075
[2023-03-28 10:28:31,253] {taskinstance.py:1571} INFO - Exporting the following env vars:
AIRFLOW_CTX_DAG_OWNER=***
AIRFLOW_CTX_DAG_ID=defence_dag2
AIRFLOW_CTX_TASK_ID=defence1
AIRFLOW_CTX_EXECUTION_DATE=2023-03-28T10:28:23.779427+00:00
AIRFLOW_CTX_TRY_NUMBER=1
AIRFLOW_CTX_DAG_RUN_ID=manual__2023-03-28T10:28:23.779427+00:00
[2023-03-28 10:28:31,297] {logging_mixin.py:115} INFO - defensing
[2023-03-28 10:28:31,298] {python.py:173} INFO - Done. Returned value was: None
[2023-03-28 10:28:31,365] {taskinstance.py:1400} INFO - Marking task as SUCCESS. dag_id=defence_dag2, task_id=defence1, execution_date=20230328T102823, start_date=20230328T102830, end_date=20230328T102831
[2023-03-28 10:28:31,434] {local_task_job.py:156} INFO - Task exited with return code 0
[2023-03-28 10:28:31,524] {local_task_job.py:273} INFO - 1 downstream tasks scheduled from follow-on schedule check
