[2023-03-28 09:55:55,103] {taskinstance.py:1159} INFO - Dependencies all met for <TaskInstance: defence_dag2.trigger_offence manual__2023-03-28T09:55:47.107301+00:00 [queued]>
[2023-03-28 09:55:55,115] {taskinstance.py:1159} INFO - Dependencies all met for <TaskInstance: defence_dag2.trigger_offence manual__2023-03-28T09:55:47.107301+00:00 [queued]>
[2023-03-28 09:55:55,116] {taskinstance.py:1356} INFO - 
--------------------------------------------------------------------------------
[2023-03-28 09:55:55,121] {taskinstance.py:1357} INFO - Starting attempt 1 of 1
[2023-03-28 09:55:55,122] {taskinstance.py:1358} INFO - 
--------------------------------------------------------------------------------
[2023-03-28 09:55:55,135] {taskinstance.py:1377} INFO - Executing <Task(TriggerDagRunOperator): trigger_offence> on 2023-03-28 09:55:47.107301+00:00
[2023-03-28 09:55:55,140] {standard_task_runner.py:52} INFO - Started process 980 to run task
[2023-03-28 09:55:55,144] {standard_task_runner.py:79} INFO - Running: ['***', 'tasks', 'run', 'defence_dag2', 'trigger_offence', 'manual__2023-03-28T09:55:47.107301+00:00', '--job-id', '4041', '--raw', '--subdir', 'DAGS_FOLDER/defese.py', '--cfg-path', '/tmp/tmp9k2midfy', '--error-file', '/tmp/tmpscstdop5']
[2023-03-28 09:55:55,145] {standard_task_runner.py:80} INFO - Job 4041: Subtask trigger_offence
[2023-03-28 09:55:55,205] {task_command.py:369} INFO - Running <TaskInstance: defence_dag2.trigger_offence manual__2023-03-28T09:55:47.107301+00:00 [running]> on host 70f8824ef075
[2023-03-28 09:55:55,284] {taskinstance.py:1571} INFO - Exporting the following env vars:
AIRFLOW_CTX_DAG_OWNER=***
AIRFLOW_CTX_DAG_ID=defence_dag2
AIRFLOW_CTX_TASK_ID=trigger_offence
AIRFLOW_CTX_EXECUTION_DATE=2023-03-28T09:55:47.107301+00:00
AIRFLOW_CTX_TRY_NUMBER=1
AIRFLOW_CTX_DAG_RUN_ID=manual__2023-03-28T09:55:47.107301+00:00
[2023-03-28 09:55:55,881] {taskinstance.py:1400} INFO - Marking task as SUCCESS. dag_id=defence_dag2, task_id=trigger_offence, execution_date=20230328T095547, start_date=20230328T095555, end_date=20230328T095555
[2023-03-28 09:55:55,920] {local_task_job.py:156} INFO - Task exited with return code 0
[2023-03-28 09:55:55,969] {local_task_job.py:273} INFO - 0 downstream tasks scheduled from follow-on schedule check
