[2023-04-09 11:30:51,010] {taskinstance.py:1159} INFO - Dependencies all met for <TaskInstance: multi_defence_dag.to_defence3 manual__2023-04-09T11:30:41.812420+00:00 [queued]>
[2023-04-09 11:30:51,027] {taskinstance.py:1159} INFO - Dependencies all met for <TaskInstance: multi_defence_dag.to_defence3 manual__2023-04-09T11:30:41.812420+00:00 [queued]>
[2023-04-09 11:30:51,028] {taskinstance.py:1356} INFO - 
--------------------------------------------------------------------------------
[2023-04-09 11:30:51,029] {taskinstance.py:1357} INFO - Starting attempt 1 of 2
[2023-04-09 11:30:51,030] {taskinstance.py:1358} INFO - 
--------------------------------------------------------------------------------
[2023-04-09 11:30:51,052] {taskinstance.py:1377} INFO - Executing <Task(BranchPythonOperator): to_defence3> on 2023-04-09 11:30:41.812420+00:00
[2023-04-09 11:30:51,064] {standard_task_runner.py:52} INFO - Started process 11569 to run task
[2023-04-09 11:30:51,072] {standard_task_runner.py:79} INFO - Running: ['***', 'tasks', 'run', 'multi_defence_dag', 'to_defence3', 'manual__2023-04-09T11:30:41.812420+00:00', '--job-id', '4935', '--raw', '--subdir', 'DAGS_FOLDER/defence_dag.py', '--cfg-path', '/tmp/tmp7raa85b6', '--error-file', '/tmp/tmpi4xew7oo']
[2023-04-09 11:30:51,075] {standard_task_runner.py:80} INFO - Job 4935: Subtask to_defence3
[2023-04-09 11:30:51,176] {task_command.py:369} INFO - Running <TaskInstance: multi_defence_dag.to_defence3 manual__2023-04-09T11:30:41.812420+00:00 [running]> on host ff3d40af78f9
[2023-04-09 11:30:51,300] {taskinstance.py:1571} INFO - Exporting the following env vars:
AIRFLOW_CTX_DAG_OWNER=***
AIRFLOW_CTX_DAG_ID=multi_defence_dag
AIRFLOW_CTX_TASK_ID=to_defence3
AIRFLOW_CTX_EXECUTION_DATE=2023-04-09T11:30:41.812420+00:00
AIRFLOW_CTX_TRY_NUMBER=1
AIRFLOW_CTX_DAG_RUN_ID=manual__2023-04-09T11:30:41.812420+00:00
[2023-04-09 11:30:51,318] {python.py:173} INFO - Done. Returned value was: Defence3
[2023-04-09 11:30:51,319] {skipmixin.py:140} INFO - Following branch Defence3
[2023-04-09 11:30:51,320] {skipmixin.py:175} INFO - Skipping tasks ['default']
[2023-04-09 11:30:51,407] {taskinstance.py:1400} INFO - Marking task as SUCCESS. dag_id=multi_defence_dag, task_id=to_defence3, execution_date=20230409T113041, start_date=20230409T113051, end_date=20230409T113051
[2023-04-09 11:30:51,444] {local_task_job.py:156} INFO - Task exited with return code 0
[2023-04-09 11:30:51,550] {local_task_job.py:273} INFO - 1 downstream tasks scheduled from follow-on schedule check
