[2023-04-09 13:44:19,704] {taskinstance.py:1159} INFO - Dependencies all met for <TaskInstance: multi_attack_dag.choose_attack manual__2023-04-09T13:44:17.249425+00:00 [queued]>
[2023-04-09 13:44:19,716] {taskinstance.py:1159} INFO - Dependencies all met for <TaskInstance: multi_attack_dag.choose_attack manual__2023-04-09T13:44:17.249425+00:00 [queued]>
[2023-04-09 13:44:19,716] {taskinstance.py:1356} INFO - 
--------------------------------------------------------------------------------
[2023-04-09 13:44:19,717] {taskinstance.py:1357} INFO - Starting attempt 1 of 2
[2023-04-09 13:44:19,718] {taskinstance.py:1358} INFO - 
--------------------------------------------------------------------------------
[2023-04-09 13:44:19,732] {taskinstance.py:1377} INFO - Executing <Task(PythonOperator): choose_attack> on 2023-04-09 13:44:17.249425+00:00
[2023-04-09 13:44:19,741] {standard_task_runner.py:52} INFO - Started process 880 to run task
[2023-04-09 13:44:19,747] {standard_task_runner.py:79} INFO - Running: ['***', 'tasks', 'run', 'multi_attack_dag', 'choose_attack', 'manual__2023-04-09T13:44:17.249425+00:00', '--job-id', '5079', '--raw', '--subdir', 'DAGS_FOLDER/attack_dag.py', '--cfg-path', '/tmp/tmp9qcq3n2d', '--error-file', '/tmp/tmpgh69uf3s']
[2023-04-09 13:44:19,748] {standard_task_runner.py:80} INFO - Job 5079: Subtask choose_attack
[2023-04-09 13:44:19,813] {task_command.py:369} INFO - Running <TaskInstance: multi_attack_dag.choose_attack manual__2023-04-09T13:44:17.249425+00:00 [running]> on host c5458bb8a35c
[2023-04-09 13:44:19,880] {taskinstance.py:1571} INFO - Exporting the following env vars:
AIRFLOW_CTX_DAG_OWNER=***
AIRFLOW_CTX_DAG_ID=multi_attack_dag
AIRFLOW_CTX_TASK_ID=choose_attack
AIRFLOW_CTX_EXECUTION_DATE=2023-04-09T13:44:17.249425+00:00
AIRFLOW_CTX_TRY_NUMBER=1
AIRFLOW_CTX_DAG_RUN_ID=manual__2023-04-09T13:44:17.249425+00:00
[2023-04-09 13:44:19,913] {python.py:173} INFO - Done. Returned value was: None
[2023-04-09 13:44:19,926] {taskinstance.py:1400} INFO - Marking task as SUCCESS. dag_id=multi_attack_dag, task_id=choose_attack, execution_date=20230409T134417, start_date=20230409T134419, end_date=20230409T134419
[2023-04-09 13:44:19,960] {local_task_job.py:156} INFO - Task exited with return code 0
[2023-04-09 13:44:19,999] {local_task_job.py:273} INFO - 1 downstream tasks scheduled from follow-on schedule check
