[2023-04-18 07:59:08,002] {taskinstance.py:1159} INFO - Dependencies all met for <TaskInstance: multi_attack_dag.attack_ProjectedGradientDescent manual__2023-04-18T07:53:46.479029+00:00 [queued]>
[2023-04-18 07:59:08,037] {taskinstance.py:1159} INFO - Dependencies all met for <TaskInstance: multi_attack_dag.attack_ProjectedGradientDescent manual__2023-04-18T07:53:46.479029+00:00 [queued]>
[2023-04-18 07:59:08,038] {taskinstance.py:1356} INFO - 
--------------------------------------------------------------------------------
[2023-04-18 07:59:08,043] {taskinstance.py:1357} INFO - Starting attempt 2 of 2
[2023-04-18 07:59:08,044] {taskinstance.py:1358} INFO - 
--------------------------------------------------------------------------------
[2023-04-18 07:59:08,089] {taskinstance.py:1377} INFO - Executing <Task(PythonOperator): attack_ProjectedGradientDescent> on 2023-04-18 07:53:46.479029+00:00
[2023-04-18 07:59:08,105] {standard_task_runner.py:52} INFO - Started process 5372 to run task
[2023-04-18 07:59:08,116] {standard_task_runner.py:79} INFO - Running: ['***', 'tasks', 'run', 'multi_attack_dag', 'attack_ProjectedGradientDescent', 'manual__2023-04-18T07:53:46.479029+00:00', '--job-id', '5596', '--raw', '--subdir', 'DAGS_FOLDER/attack_dag.py', '--cfg-path', '/tmp/tmpgkp1y8z_', '--error-file', '/tmp/tmpax7ykrvu']
[2023-04-18 07:59:08,119] {standard_task_runner.py:80} INFO - Job 5596: Subtask attack_ProjectedGradientDescent
[2023-04-18 07:59:08,278] {task_command.py:369} INFO - Running <TaskInstance: multi_attack_dag.attack_ProjectedGradientDescent manual__2023-04-18T07:53:46.479029+00:00 [running]> on host a3dd7d962104
[2023-04-18 07:59:08,460] {taskinstance.py:1571} INFO - Exporting the following env vars:
AIRFLOW_CTX_DAG_OWNER=***
AIRFLOW_CTX_DAG_ID=multi_attack_dag
AIRFLOW_CTX_TASK_ID=attack_ProjectedGradientDescent
AIRFLOW_CTX_EXECUTION_DATE=2023-04-18T07:53:46.479029+00:00
AIRFLOW_CTX_TRY_NUMBER=2
AIRFLOW_CTX_DAG_RUN_ID=manual__2023-04-18T07:53:46.479029+00:00
[2023-04-18 07:59:08,463] {taskinstance.py:1889} ERROR - Task failed with exception
Traceback (most recent call last):
  File "/home/airflow/.local/lib/python3.7/site-packages/airflow/operators/python.py", line 171, in execute
    return_value = self.execute_callable()
  File "/home/airflow/.local/lib/python3.7/site-packages/airflow/operators/python.py", line 189, in execute_callable
    return self.python_callable(*self.op_args, **self.op_kwargs)
  File "/opt/airflow/dags/attack_dag.py", line 137, in attack_ProjectedGradientDescent
    model_acc,adversarial_examples = attack(ProjectedGradientDescent)
  File "/opt/airflow/dags/attack_dag.py", line 160, in attack
    wrap_attack = set_attack_params(attack_obj,attack_params,estimator)
  File "/opt/airflow/dags/attack_dag.py", line 142, in set_attack_params
    attack_with_params = attack(**params,estimator=estimator)
  File "/home/airflow/.local/lib/python3.7/site-packages/art/attacks/evasion/projected_gradient_descent/projected_gradient_descent.py", line 120, in __init__
    super().__init__(estimator=estimator, summary_writer=False)
  File "/home/airflow/.local/lib/python3.7/site-packages/art/attacks/attack.py", line 197, in __init__
    super().__init__(**kwargs)
  File "/home/airflow/.local/lib/python3.7/site-packages/art/attacks/attack.py", line 125, in __init__
    raise EstimatorError(self.__class__, self.estimator_requirements, estimator)
art.exceptions.EstimatorError: ProjectedGradientDescent requires an estimator derived from <class 'art.estimators.estimator.BaseEstimator'> and <class 'art.estimators.estimator.LossGradientsMixin'>, the provided classifier is an instance of <class 'NoneType'> and is derived from (<class 'object'>,).
[2023-04-18 07:59:08,484] {taskinstance.py:1400} INFO - Marking task as FAILED. dag_id=multi_attack_dag, task_id=attack_ProjectedGradientDescent, execution_date=20230418T075346, start_date=20230418T075908, end_date=20230418T075908
[2023-04-18 07:59:08,507] {standard_task_runner.py:97} ERROR - Failed to execute job 5596 for task attack_ProjectedGradientDescent (ProjectedGradientDescent requires an estimator derived from <class 'art.estimators.estimator.BaseEstimator'> and <class 'art.estimators.estimator.LossGradientsMixin'>, the provided classifier is an instance of <class 'NoneType'> and is derived from (<class 'object'>,).; 5372)
[2023-04-18 07:59:08,533] {local_task_job.py:156} INFO - Task exited with return code 1
[2023-04-18 07:59:08,634] {local_task_job.py:273} INFO - 0 downstream tasks scheduled from follow-on schedule check
