[2023-03-28 09:59:34,640] {taskinstance.py:1159} INFO - Dependencies all met for <TaskInstance: defence_dag2.trigger_offence manual__2023-03-28T09:59:23.605581+00:00 [queued]>
[2023-03-28 09:59:34,655] {taskinstance.py:1159} INFO - Dependencies all met for <TaskInstance: defence_dag2.trigger_offence manual__2023-03-28T09:59:23.605581+00:00 [queued]>
[2023-03-28 09:59:34,656] {taskinstance.py:1356} INFO - 
--------------------------------------------------------------------------------
[2023-03-28 09:59:34,657] {taskinstance.py:1357} INFO - Starting attempt 1 of 1
[2023-03-28 09:59:34,658] {taskinstance.py:1358} INFO - 
--------------------------------------------------------------------------------
[2023-03-28 09:59:34,676] {taskinstance.py:1377} INFO - Executing <Task(TriggerDagRunOperator): trigger_offence> on 2023-03-28 09:59:23.605581+00:00
[2023-03-28 09:59:34,682] {standard_task_runner.py:52} INFO - Started process 1335 to run task
[2023-03-28 09:59:34,686] {standard_task_runner.py:79} INFO - Running: ['***', 'tasks', 'run', 'defence_dag2', 'trigger_offence', 'manual__2023-03-28T09:59:23.605581+00:00', '--job-id', '4099', '--raw', '--subdir', 'DAGS_FOLDER/defese.py', '--cfg-path', '/tmp/tmpou0yvxvn', '--error-file', '/tmp/tmp9lj26zh2']
[2023-03-28 09:59:34,687] {standard_task_runner.py:80} INFO - Job 4099: Subtask trigger_offence
[2023-03-28 09:59:34,747] {task_command.py:369} INFO - Running <TaskInstance: defence_dag2.trigger_offence manual__2023-03-28T09:59:23.605581+00:00 [running]> on host 70f8824ef075
[2023-03-28 09:59:34,816] {taskinstance.py:1571} INFO - Exporting the following env vars:
AIRFLOW_CTX_DAG_OWNER=***
AIRFLOW_CTX_DAG_ID=defence_dag2
AIRFLOW_CTX_TASK_ID=trigger_offence
AIRFLOW_CTX_EXECUTION_DATE=2023-03-28T09:59:23.605581+00:00
AIRFLOW_CTX_TRY_NUMBER=1
AIRFLOW_CTX_DAG_RUN_ID=manual__2023-03-28T09:59:23.605581+00:00
[2023-03-28 09:59:35,358] {taskinstance.py:1400} INFO - Marking task as SUCCESS. dag_id=defence_dag2, task_id=trigger_offence, execution_date=20230328T095923, start_date=20230328T095934, end_date=20230328T095935
[2023-03-28 09:59:35,383] {local_task_job.py:156} INFO - Task exited with return code 0
[2023-03-28 09:59:35,416] {local_task_job.py:273} INFO - 0 downstream tasks scheduled from follow-on schedule check
