[2023-03-23 12:49:20,272] {taskinstance.py:1159} INFO - Dependencies all met for <TaskInstance: multi_attack_dag.trigger_defence scheduled__2023-03-22T00:00:00+00:00 [queued]>
[2023-03-23 12:49:20,323] {taskinstance.py:1159} INFO - Dependencies all met for <TaskInstance: multi_attack_dag.trigger_defence scheduled__2023-03-22T00:00:00+00:00 [queued]>
[2023-03-23 12:49:20,324] {taskinstance.py:1356} INFO - 
--------------------------------------------------------------------------------
[2023-03-23 12:49:20,328] {taskinstance.py:1357} INFO - Starting attempt 1 of 2
[2023-03-23 12:49:20,330] {taskinstance.py:1358} INFO - 
--------------------------------------------------------------------------------
[2023-03-23 12:49:20,392] {taskinstance.py:1377} INFO - Executing <Task(TriggerDagRunOperator): trigger_defence> on 2023-03-22 00:00:00+00:00
[2023-03-23 12:49:20,412] {standard_task_runner.py:52} INFO - Started process 5982 to run task
[2023-03-23 12:49:20,425] {standard_task_runner.py:79} INFO - Running: ['***', 'tasks', 'run', 'multi_attack_dag', 'trigger_defence', 'scheduled__2023-03-22T00:00:00+00:00', '--job-id', '2699', '--raw', '--subdir', 'DAGS_FOLDER/dynamic_dag.py', '--cfg-path', '/tmp/tmp8l30ic7x', '--error-file', '/tmp/tmp6x22rrv7']
[2023-03-23 12:49:20,427] {standard_task_runner.py:80} INFO - Job 2699: Subtask trigger_defence
[2023-03-23 12:49:20,806] {task_command.py:369} INFO - Running <TaskInstance: multi_attack_dag.trigger_defence scheduled__2023-03-22T00:00:00+00:00 [running]> on host 6447f1dacd32
[2023-03-23 12:49:21,954] {taskinstance.py:1571} INFO - Exporting the following env vars:
AIRFLOW_CTX_DAG_OWNER=***
AIRFLOW_CTX_DAG_ID=multi_attack_dag
AIRFLOW_CTX_TASK_ID=trigger_defence
AIRFLOW_CTX_EXECUTION_DATE=2023-03-22T00:00:00+00:00
AIRFLOW_CTX_TRY_NUMBER=1
AIRFLOW_CTX_DAG_RUN_ID=scheduled__2023-03-22T00:00:00+00:00
[2023-03-23 12:49:22,177] {taskinstance.py:1889} ERROR - Task failed with exception
Traceback (most recent call last):
  File "/home/airflow/.local/lib/python3.7/site-packages/airflow/operators/trigger_dagrun.py", line 147, in execute
    replace_microseconds=False,
  File "/home/airflow/.local/lib/python3.7/site-packages/airflow/api/common/trigger_dag.py", line 129, in trigger_dag
    replace_microseconds=replace_microseconds,
  File "/home/airflow/.local/lib/python3.7/site-packages/airflow/api/common/trigger_dag.py", line 53, in _trigger_dag
    raise DagNotFound(f"Dag id {dag_id} not found")
airflow.exceptions.DagNotFound: Dag id defence_dag not found
[2023-03-23 12:49:22,197] {taskinstance.py:1400} INFO - Marking task as UP_FOR_RETRY. dag_id=multi_attack_dag, task_id=trigger_defence, execution_date=20230322T000000, start_date=20230323T124920, end_date=20230323T124922
[2023-03-23 12:49:22,330] {standard_task_runner.py:97} ERROR - Failed to execute job 2699 for task trigger_defence (Dag id defence_dag not found; 5982)
[2023-03-23 12:49:22,385] {local_task_job.py:156} INFO - Task exited with return code 1
[2023-03-23 12:49:22,582] {local_task_job.py:273} INFO - 0 downstream tasks scheduled from follow-on schedule check
