[2023-04-27 08:18:56,037] {taskinstance.py:1159} INFO - Dependencies all met for <TaskInstance: multi_defence_dag.choose_defence scheduled__2023-04-23T00:00:00+00:00 [queued]>
[2023-04-27 08:18:56,069] {taskinstance.py:1159} INFO - Dependencies all met for <TaskInstance: multi_defence_dag.choose_defence scheduled__2023-04-23T00:00:00+00:00 [queued]>
[2023-04-27 08:18:56,069] {taskinstance.py:1356} INFO - 
--------------------------------------------------------------------------------
[2023-04-27 08:18:56,070] {taskinstance.py:1357} INFO - Starting attempt 1 of 2
[2023-04-27 08:18:56,071] {taskinstance.py:1358} INFO - 
--------------------------------------------------------------------------------
[2023-04-27 08:18:56,162] {taskinstance.py:1377} INFO - Executing <Task(PythonOperator): choose_defence> on 2023-04-23 00:00:00+00:00
[2023-04-27 08:18:56,177] {standard_task_runner.py:52} INFO - Started process 111 to run task
[2023-04-27 08:18:56,184] {standard_task_runner.py:79} INFO - Running: ['***', 'tasks', 'run', 'multi_defence_dag', 'choose_defence', 'scheduled__2023-04-23T00:00:00+00:00', '--job-id', '6292', '--raw', '--subdir', 'DAGS_FOLDER/defence_dag.py', '--cfg-path', '/tmp/tmpmxdanc4u', '--error-file', '/tmp/tmprk3vecya']
[2023-04-27 08:18:56,187] {standard_task_runner.py:80} INFO - Job 6292: Subtask choose_defence
[2023-04-27 08:18:56,427] {task_command.py:369} INFO - Running <TaskInstance: multi_defence_dag.choose_defence scheduled__2023-04-23T00:00:00+00:00 [running]> on host e7e31d5a6603
[2023-04-27 08:18:56,793] {taskinstance.py:1571} INFO - Exporting the following env vars:
AIRFLOW_CTX_DAG_OWNER=***
AIRFLOW_CTX_DAG_ID=multi_defence_dag
AIRFLOW_CTX_TASK_ID=choose_defence
AIRFLOW_CTX_EXECUTION_DATE=2023-04-23T00:00:00+00:00
AIRFLOW_CTX_TRY_NUMBER=1
AIRFLOW_CTX_DAG_RUN_ID=scheduled__2023-04-23T00:00:00+00:00
[2023-04-27 08:18:56,919] {python.py:173} INFO - Done. Returned value was: None
[2023-04-27 08:18:56,962] {taskinstance.py:1400} INFO - Marking task as SUCCESS. dag_id=multi_defence_dag, task_id=choose_defence, execution_date=20230423T000000, start_date=20230427T081856, end_date=20230427T081856
[2023-04-27 08:18:57,009] {local_task_job.py:156} INFO - Task exited with return code 0
[2023-04-27 08:18:57,130] {local_task_job.py:273} INFO - 3 downstream tasks scheduled from follow-on schedule check
