[2023-04-27 13:26:21,674] {taskinstance.py:1159} INFO - Dependencies all met for <TaskInstance: multi_attack_dag.choose_attack manual__2023-04-27T13:26:10.552448+00:00 [queued]>
[2023-04-27 13:26:21,682] {taskinstance.py:1159} INFO - Dependencies all met for <TaskInstance: multi_attack_dag.choose_attack manual__2023-04-27T13:26:10.552448+00:00 [queued]>
[2023-04-27 13:26:21,682] {taskinstance.py:1356} INFO - 
--------------------------------------------------------------------------------
[2023-04-27 13:26:21,683] {taskinstance.py:1357} INFO - Starting attempt 1 of 2
[2023-04-27 13:26:21,683] {taskinstance.py:1358} INFO - 
--------------------------------------------------------------------------------
[2023-04-27 13:26:21,699] {taskinstance.py:1377} INFO - Executing <Task(PythonOperator): choose_attack> on 2023-04-27 13:26:10.552448+00:00
[2023-04-27 13:26:21,706] {standard_task_runner.py:52} INFO - Started process 111 to run task
[2023-04-27 13:26:21,709] {standard_task_runner.py:79} INFO - Running: ['***', 'tasks', 'run', 'multi_attack_dag', 'choose_attack', 'manual__2023-04-27T13:26:10.552448+00:00', '--job-id', '6899', '--raw', '--subdir', 'DAGS_FOLDER/attack_dag.py', '--cfg-path', '/tmp/tmp349qj8gc', '--error-file', '/tmp/tmpth_i9bg5']
[2023-04-27 13:26:21,710] {standard_task_runner.py:80} INFO - Job 6899: Subtask choose_attack
[2023-04-27 13:26:21,770] {task_command.py:369} INFO - Running <TaskInstance: multi_attack_dag.choose_attack manual__2023-04-27T13:26:10.552448+00:00 [running]> on host e7e31d5a6603
[2023-04-27 13:26:21,852] {taskinstance.py:1571} INFO - Exporting the following env vars:
AIRFLOW_CTX_DAG_OWNER=***
AIRFLOW_CTX_DAG_ID=multi_attack_dag
AIRFLOW_CTX_TASK_ID=choose_attack
AIRFLOW_CTX_EXECUTION_DATE=2023-04-27T13:26:10.552448+00:00
AIRFLOW_CTX_TRY_NUMBER=1
AIRFLOW_CTX_DAG_RUN_ID=manual__2023-04-27T13:26:10.552448+00:00
[2023-04-27 13:26:22,253] {python.py:173} INFO - Done. Returned value was: None
[2023-04-27 13:26:22,265] {taskinstance.py:1400} INFO - Marking task as SUCCESS. dag_id=multi_attack_dag, task_id=choose_attack, execution_date=20230427T132610, start_date=20230427T132621, end_date=20230427T132622
[2023-04-27 13:26:22,323] {local_task_job.py:156} INFO - Task exited with return code 0
[2023-04-27 13:26:22,368] {local_task_job.py:273} INFO - 1 downstream tasks scheduled from follow-on schedule check
