[2023-04-09 08:47:51,277] {taskinstance.py:1159} INFO - Dependencies all met for <TaskInstance: multi_defence_dag.choose_best manual__2023-04-09T08:47:14.476022+00:00 [queued]>
[2023-04-09 08:47:51,306] {taskinstance.py:1159} INFO - Dependencies all met for <TaskInstance: multi_defence_dag.choose_best manual__2023-04-09T08:47:14.476022+00:00 [queued]>
[2023-04-09 08:47:51,307] {taskinstance.py:1356} INFO - 
--------------------------------------------------------------------------------
[2023-04-09 08:47:51,308] {taskinstance.py:1357} INFO - Starting attempt 1 of 2
[2023-04-09 08:47:51,309] {taskinstance.py:1358} INFO - 
--------------------------------------------------------------------------------
[2023-04-09 08:47:51,348] {taskinstance.py:1377} INFO - Executing <Task(PythonOperator): choose_best> on 2023-04-09 08:47:14.476022+00:00
[2023-04-09 08:47:51,365] {standard_task_runner.py:52} INFO - Started process 5176 to run task
[2023-04-09 08:47:51,380] {standard_task_runner.py:79} INFO - Running: ['***', 'tasks', 'run', 'multi_defence_dag', 'choose_best', 'manual__2023-04-09T08:47:14.476022+00:00', '--job-id', '4856', '--raw', '--subdir', 'DAGS_FOLDER/defence_dag.py', '--cfg-path', '/tmp/tmp0blj0le6', '--error-file', '/tmp/tmp6cj6pn9q']
[2023-04-09 08:47:51,383] {standard_task_runner.py:80} INFO - Job 4856: Subtask choose_best
[2023-04-09 08:47:51,534] {task_command.py:369} INFO - Running <TaskInstance: multi_defence_dag.choose_best manual__2023-04-09T08:47:14.476022+00:00 [running]> on host ff3d40af78f9
[2023-04-09 08:47:51,763] {taskinstance.py:1571} INFO - Exporting the following env vars:
AIRFLOW_CTX_DAG_OWNER=***
AIRFLOW_CTX_DAG_ID=multi_defence_dag
AIRFLOW_CTX_TASK_ID=choose_best
AIRFLOW_CTX_EXECUTION_DATE=2023-04-09T08:47:14.476022+00:00
AIRFLOW_CTX_TRY_NUMBER=1
AIRFLOW_CTX_DAG_RUN_ID=manual__2023-04-09T08:47:14.476022+00:00
[2023-04-09 08:47:51,939] {transport.py:157} INFO - Attempting refresh to obtain initial access_token
[2023-04-09 08:47:51,947] {client.py:777} INFO - Refreshing access_token
[2023-04-09 08:47:52,863] {transport.py:157} INFO - Attempting refresh to obtain initial access_token
[2023-04-09 08:47:52,869] {client.py:777} INFO - Refreshing access_token
[2023-04-09 08:47:53,411] {python.py:173} INFO - Done. Returned value was: None
[2023-04-09 08:47:53,451] {taskinstance.py:1400} INFO - Marking task as SUCCESS. dag_id=multi_defence_dag, task_id=choose_best, execution_date=20230409T084714, start_date=20230409T084751, end_date=20230409T084753
[2023-04-09 08:47:53,543] {local_task_job.py:156} INFO - Task exited with return code 0
[2023-04-09 08:47:53,648] {local_task_job.py:273} INFO - 1 downstream tasks scheduled from follow-on schedule check
