[2023-04-18 06:08:50,063] {taskinstance.py:1159} INFO - Dependencies all met for <TaskInstance: multi_sklearn_attack_dag.attack_zoo scheduled__2023-04-17T00:00:00+00:00 [queued]>
[2023-04-18 06:08:50,111] {taskinstance.py:1159} INFO - Dependencies all met for <TaskInstance: multi_sklearn_attack_dag.attack_zoo scheduled__2023-04-17T00:00:00+00:00 [queued]>
[2023-04-18 06:08:50,111] {taskinstance.py:1356} INFO - 
--------------------------------------------------------------------------------
[2023-04-18 06:08:50,112] {taskinstance.py:1357} INFO - Starting attempt 1 of 2
[2023-04-18 06:08:50,112] {taskinstance.py:1358} INFO - 
--------------------------------------------------------------------------------
[2023-04-18 06:08:50,154] {taskinstance.py:1377} INFO - Executing <Task(PythonOperator): attack_zoo> on 2023-04-17 00:00:00+00:00
[2023-04-18 06:08:50,174] {standard_task_runner.py:52} INFO - Started process 174 to run task
[2023-04-18 06:08:50,180] {standard_task_runner.py:79} INFO - Running: ['***', 'tasks', 'run', 'multi_sklearn_attack_dag', 'attack_zoo', 'scheduled__2023-04-17T00:00:00+00:00', '--job-id', '5420', '--raw', '--subdir', 'DAGS_FOLDER/sklearn_attack_dag.py', '--cfg-path', '/tmp/tmpaiaktej4', '--error-file', '/tmp/tmpvukg699x']
[2023-04-18 06:08:50,182] {standard_task_runner.py:80} INFO - Job 5420: Subtask attack_zoo
[2023-04-18 06:08:50,357] {task_command.py:369} INFO - Running <TaskInstance: multi_sklearn_attack_dag.attack_zoo scheduled__2023-04-17T00:00:00+00:00 [running]> on host 6c1ce3ac9ba0
[2023-04-18 06:08:50,568] {taskinstance.py:1571} INFO - Exporting the following env vars:
AIRFLOW_CTX_DAG_OWNER=***
AIRFLOW_CTX_DAG_ID=multi_sklearn_attack_dag
AIRFLOW_CTX_TASK_ID=attack_zoo
AIRFLOW_CTX_EXECUTION_DATE=2023-04-17T00:00:00+00:00
AIRFLOW_CTX_TRY_NUMBER=1
AIRFLOW_CTX_DAG_RUN_ID=scheduled__2023-04-17T00:00:00+00:00
[2023-04-18 06:08:50,572] {utils.py:1511} INFO - Downloading data from https://s3.amazonaws.com/img-datasets/mnist.npz
