[2023-03-23 15:18:27,412] {taskinstance.py:1159} INFO - Dependencies all met for <TaskInstance: multi_attack_dag.to_attack2 manual__2023-03-23T15:18:05.904958+00:00 [queued]>
[2023-03-23 15:18:27,502] {taskinstance.py:1159} INFO - Dependencies all met for <TaskInstance: multi_attack_dag.to_attack2 manual__2023-03-23T15:18:05.904958+00:00 [queued]>
[2023-03-23 15:18:27,505] {taskinstance.py:1356} INFO - 
--------------------------------------------------------------------------------
[2023-03-23 15:18:27,514] {taskinstance.py:1357} INFO - Starting attempt 1 of 2
[2023-03-23 15:18:27,517] {taskinstance.py:1358} INFO - 
--------------------------------------------------------------------------------
[2023-03-23 15:18:27,643] {taskinstance.py:1377} INFO - Executing <Task(BranchPythonOperator): to_attack2> on 2023-03-23 15:18:05.904958+00:00
[2023-03-23 15:18:27,671] {standard_task_runner.py:52} INFO - Started process 12025 to run task
[2023-03-23 15:18:27,712] {standard_task_runner.py:79} INFO - Running: ['***', 'tasks', 'run', 'multi_attack_dag', 'to_attack2', 'manual__2023-03-23T15:18:05.904958+00:00', '--job-id', '2999', '--raw', '--subdir', 'DAGS_FOLDER/attack_dag.py', '--cfg-path', '/tmp/tmpyisygpqc', '--error-file', '/tmp/tmp4k5rdpg1']
[2023-03-23 15:18:27,720] {standard_task_runner.py:80} INFO - Job 2999: Subtask to_attack2
[2023-03-23 15:18:28,287] {task_command.py:369} INFO - Running <TaskInstance: multi_attack_dag.to_attack2 manual__2023-03-23T15:18:05.904958+00:00 [running]> on host 6447f1dacd32
[2023-03-23 15:18:28,876] {taskinstance.py:1571} INFO - Exporting the following env vars:
AIRFLOW_CTX_DAG_OWNER=***
AIRFLOW_CTX_DAG_ID=multi_attack_dag
AIRFLOW_CTX_TASK_ID=to_attack2
AIRFLOW_CTX_EXECUTION_DATE=2023-03-23T15:18:05.904958+00:00
AIRFLOW_CTX_TRY_NUMBER=1
AIRFLOW_CTX_DAG_RUN_ID=manual__2023-03-23T15:18:05.904958+00:00
[2023-03-23 15:18:28,992] {python.py:173} INFO - Done. Returned value was: default
[2023-03-23 15:18:28,994] {skipmixin.py:140} INFO - Following branch default
[2023-03-23 15:18:28,997] {skipmixin.py:175} INFO - Skipping tasks ['attack2']
[2023-03-23 15:18:29,469] {taskinstance.py:1400} INFO - Marking task as SUCCESS. dag_id=multi_attack_dag, task_id=to_attack2, execution_date=20230323T151805, start_date=20230323T151827, end_date=20230323T151829
[2023-03-23 15:18:29,597] {local_task_job.py:156} INFO - Task exited with return code 0
[2023-03-23 15:18:29,949] {local_task_job.py:273} INFO - 0 downstream tasks scheduled from follow-on schedule check
