[2023-04-09 08:47:48,285] {taskinstance.py:1159} INFO - Dependencies all met for <TaskInstance: multi_attack_dag.to_attack_FastGradientMethod manual__2023-04-09T08:47:18.637735+00:00 [queued]>
[2023-04-09 08:47:48,323] {taskinstance.py:1159} INFO - Dependencies all met for <TaskInstance: multi_attack_dag.to_attack_FastGradientMethod manual__2023-04-09T08:47:18.637735+00:00 [queued]>
[2023-04-09 08:47:48,324] {taskinstance.py:1356} INFO - 
--------------------------------------------------------------------------------
[2023-04-09 08:47:48,335] {taskinstance.py:1357} INFO - Starting attempt 1 of 2
[2023-04-09 08:47:48,345] {taskinstance.py:1358} INFO - 
--------------------------------------------------------------------------------
[2023-04-09 08:47:48,451] {taskinstance.py:1377} INFO - Executing <Task(BranchPythonOperator): to_attack_FastGradientMethod> on 2023-04-09 08:47:18.637735+00:00
[2023-04-09 08:47:48,483] {standard_task_runner.py:52} INFO - Started process 5168 to run task
[2023-04-09 08:47:48,521] {standard_task_runner.py:79} INFO - Running: ['***', 'tasks', 'run', 'multi_attack_dag', 'to_attack_FastGradientMethod', 'manual__2023-04-09T08:47:18.637735+00:00', '--job-id', '4854', '--raw', '--subdir', 'DAGS_FOLDER/attack_dag.py', '--cfg-path', '/tmp/tmp2kqc3fxg', '--error-file', '/tmp/tmpl3c4j6m4']
[2023-04-09 08:47:48,524] {standard_task_runner.py:80} INFO - Job 4854: Subtask to_attack_FastGradientMethod
[2023-04-09 08:47:48,858] {task_command.py:369} INFO - Running <TaskInstance: multi_attack_dag.to_attack_FastGradientMethod manual__2023-04-09T08:47:18.637735+00:00 [running]> on host ff3d40af78f9
[2023-04-09 08:47:49,213] {taskinstance.py:1571} INFO - Exporting the following env vars:
AIRFLOW_CTX_DAG_OWNER=***
AIRFLOW_CTX_DAG_ID=multi_attack_dag
AIRFLOW_CTX_TASK_ID=to_attack_FastGradientMethod
AIRFLOW_CTX_EXECUTION_DATE=2023-04-09T08:47:18.637735+00:00
AIRFLOW_CTX_TRY_NUMBER=1
AIRFLOW_CTX_DAG_RUN_ID=manual__2023-04-09T08:47:18.637735+00:00
[2023-04-09 08:47:49,253] {python.py:173} INFO - Done. Returned value was: default
[2023-04-09 08:47:49,258] {skipmixin.py:140} INFO - Following branch default
[2023-04-09 08:47:49,267] {skipmixin.py:175} INFO - Skipping tasks ['attack_FastGradientMethod']
[2023-04-09 08:47:49,453] {taskinstance.py:1400} INFO - Marking task as SUCCESS. dag_id=multi_attack_dag, task_id=to_attack_FastGradientMethod, execution_date=20230409T084718, start_date=20230409T084748, end_date=20230409T084749
[2023-04-09 08:47:49,536] {local_task_job.py:156} INFO - Task exited with return code 0
[2023-04-09 08:47:49,719] {local_task_job.py:273} INFO - 0 downstream tasks scheduled from follow-on schedule check
