[2023-04-27 12:08:23,778] {taskinstance.py:1159} INFO - Dependencies all met for <TaskInstance: multi_attack_dag.to_attack_ShadowAttack manual__2023-04-27T12:06:56.081840+00:00 [queued]>
[2023-04-27 12:08:23,848] {taskinstance.py:1159} INFO - Dependencies all met for <TaskInstance: multi_attack_dag.to_attack_ShadowAttack manual__2023-04-27T12:06:56.081840+00:00 [queued]>
[2023-04-27 12:08:23,848] {taskinstance.py:1356} INFO - 
--------------------------------------------------------------------------------
[2023-04-27 12:08:23,849] {taskinstance.py:1357} INFO - Starting attempt 1 of 2
[2023-04-27 12:08:23,850] {taskinstance.py:1358} INFO - 
--------------------------------------------------------------------------------
[2023-04-27 12:08:23,978] {taskinstance.py:1377} INFO - Executing <Task(BranchPythonOperator): to_attack_ShadowAttack> on 2023-04-27 12:06:56.081840+00:00
[2023-04-27 12:08:24,023] {standard_task_runner.py:52} INFO - Started process 3151 to run task
[2023-04-27 12:08:24,064] {standard_task_runner.py:79} INFO - Running: ['***', 'tasks', 'run', 'multi_attack_dag', 'to_attack_ShadowAttack', 'manual__2023-04-27T12:06:56.081840+00:00', '--job-id', '6778', '--raw', '--subdir', 'DAGS_FOLDER/attack_dag.py', '--cfg-path', '/tmp/tmprw2r2n2g', '--error-file', '/tmp/tmpx2tmb7p_']
[2023-04-27 12:08:24,068] {standard_task_runner.py:80} INFO - Job 6778: Subtask to_attack_ShadowAttack
[2023-04-27 12:08:24,453] {task_command.py:369} INFO - Running <TaskInstance: multi_attack_dag.to_attack_ShadowAttack manual__2023-04-27T12:06:56.081840+00:00 [running]> on host e7e31d5a6603
[2023-04-27 12:08:24,971] {taskinstance.py:1571} INFO - Exporting the following env vars:
AIRFLOW_CTX_DAG_OWNER=***
AIRFLOW_CTX_DAG_ID=multi_attack_dag
AIRFLOW_CTX_TASK_ID=to_attack_ShadowAttack
AIRFLOW_CTX_EXECUTION_DATE=2023-04-27T12:06:56.081840+00:00
AIRFLOW_CTX_TRY_NUMBER=1
AIRFLOW_CTX_DAG_RUN_ID=manual__2023-04-27T12:06:56.081840+00:00
[2023-04-27 12:08:25,078] {python.py:173} INFO - Done. Returned value was: attack_ShadowAttack
[2023-04-27 12:08:25,083] {skipmixin.py:140} INFO - Following branch attack_ShadowAttack
[2023-04-27 12:08:25,086] {skipmixin.py:175} INFO - Skipping tasks ['default_attack']
[2023-04-27 12:08:25,353] {taskinstance.py:1400} INFO - Marking task as SUCCESS. dag_id=multi_attack_dag, task_id=to_attack_ShadowAttack, execution_date=20230427T120656, start_date=20230427T120823, end_date=20230427T120825
[2023-04-27 12:08:25,438] {local_task_job.py:156} INFO - Task exited with return code 0
[2023-04-27 12:08:25,651] {local_task_job.py:273} INFO - 1 downstream tasks scheduled from follow-on schedule check
