[2023-04-27 12:08:06,440] {taskinstance.py:1159} INFO - Dependencies all met for <TaskInstance: multi_attack_dag.to_attack_SignOPTAttack manual__2023-04-27T12:06:56.081840+00:00 [queued]>
[2023-04-27 12:08:06,571] {taskinstance.py:1159} INFO - Dependencies all met for <TaskInstance: multi_attack_dag.to_attack_SignOPTAttack manual__2023-04-27T12:06:56.081840+00:00 [queued]>
[2023-04-27 12:08:06,573] {taskinstance.py:1356} INFO - 
--------------------------------------------------------------------------------
[2023-04-27 12:08:06,578] {taskinstance.py:1357} INFO - Starting attempt 1 of 2
[2023-04-27 12:08:06,580] {taskinstance.py:1358} INFO - 
--------------------------------------------------------------------------------
[2023-04-27 12:08:06,698] {taskinstance.py:1377} INFO - Executing <Task(BranchPythonOperator): to_attack_SignOPTAttack> on 2023-04-27 12:06:56.081840+00:00
[2023-04-27 12:08:06,770] {standard_task_runner.py:79} INFO - Running: ['***', 'tasks', 'run', 'multi_attack_dag', 'to_attack_SignOPTAttack', 'manual__2023-04-27T12:06:56.081840+00:00', '--job-id', '6773', '--raw', '--subdir', 'DAGS_FOLDER/attack_dag.py', '--cfg-path', '/tmp/tmpfvngbubl', '--error-file', '/tmp/tmp0j2h7x2f']
[2023-04-27 12:08:06,786] {standard_task_runner.py:80} INFO - Job 6773: Subtask to_attack_SignOPTAttack
[2023-04-27 12:08:06,714] {standard_task_runner.py:52} INFO - Started process 3121 to run task
[2023-04-27 12:08:07,500] {task_command.py:369} INFO - Running <TaskInstance: multi_attack_dag.to_attack_SignOPTAttack manual__2023-04-27T12:06:56.081840+00:00 [running]> on host e7e31d5a6603
[2023-04-27 12:08:08,017] {taskinstance.py:1571} INFO - Exporting the following env vars:
AIRFLOW_CTX_DAG_OWNER=***
AIRFLOW_CTX_DAG_ID=multi_attack_dag
AIRFLOW_CTX_TASK_ID=to_attack_SignOPTAttack
AIRFLOW_CTX_EXECUTION_DATE=2023-04-27T12:06:56.081840+00:00
AIRFLOW_CTX_TRY_NUMBER=1
AIRFLOW_CTX_DAG_RUN_ID=manual__2023-04-27T12:06:56.081840+00:00
[2023-04-27 12:08:08,059] {python.py:173} INFO - Done. Returned value was: attack_SignOPTAttack
[2023-04-27 12:08:08,060] {skipmixin.py:140} INFO - Following branch attack_SignOPTAttack
[2023-04-27 12:08:08,061] {skipmixin.py:175} INFO - Skipping tasks ['default_attack']
[2023-04-27 12:08:08,777] {taskinstance.py:1400} INFO - Marking task as SUCCESS. dag_id=multi_attack_dag, task_id=to_attack_SignOPTAttack, execution_date=20230427T120656, start_date=20230427T120806, end_date=20230427T120808
[2023-04-27 12:08:08,947] {local_task_job.py:156} INFO - Task exited with return code 0
[2023-04-27 12:08:10,834] {local_task_job.py:273} INFO - 1 downstream tasks scheduled from follow-on schedule check
