[2023-03-16 11:57:02,228] {taskinstance.py:1159} INFO - Dependencies all met for <TaskInstance: defence_dag.defence1 manual__2023-03-12T15:12:21.641671+00:00 [queued]>
[2023-03-16 11:57:02,257] {taskinstance.py:1159} INFO - Dependencies all met for <TaskInstance: defence_dag.defence1 manual__2023-03-12T15:12:21.641671+00:00 [queued]>
[2023-03-16 11:57:02,258] {taskinstance.py:1356} INFO - 
--------------------------------------------------------------------------------
[2023-03-16 11:57:02,259] {taskinstance.py:1357} INFO - Starting attempt 2 of 2
[2023-03-16 11:57:02,260] {taskinstance.py:1358} INFO - 
--------------------------------------------------------------------------------
[2023-03-16 11:57:02,446] {taskinstance.py:1377} INFO - Executing <Task(PythonOperator): defence1> on 2023-03-12 15:12:21.641671+00:00
[2023-03-16 11:57:02,452] {standard_task_runner.py:52} INFO - Started process 881 to run task
[2023-03-16 11:57:02,480] {standard_task_runner.py:79} INFO - Running: ['***', 'tasks', 'run', 'defence_dag', 'defence1', 'manual__2023-03-12T15:12:21.641671+00:00', '--job-id', '1055', '--raw', '--subdir', 'DAGS_FOLDER/defese.py', '--cfg-path', '/tmp/tmpbhknbuzg', '--error-file', '/tmp/tmplk288coh']
[2023-03-16 11:57:02,487] {standard_task_runner.py:80} INFO - Job 1055: Subtask defence1
[2023-03-16 11:57:03,201] {task_command.py:369} INFO - Running <TaskInstance: defence_dag.defence1 manual__2023-03-12T15:12:21.641671+00:00 [running]> on host 596adcca7378
[2023-03-16 11:57:04,763] {taskinstance.py:1571} INFO - Exporting the following env vars:
AIRFLOW_CTX_DAG_OWNER=***
AIRFLOW_CTX_DAG_ID=defence_dag
AIRFLOW_CTX_TASK_ID=defence1
AIRFLOW_CTX_EXECUTION_DATE=2023-03-12T15:12:21.641671+00:00
AIRFLOW_CTX_TRY_NUMBER=2
AIRFLOW_CTX_DAG_RUN_ID=manual__2023-03-12T15:12:21.641671+00:00
[2023-03-16 11:57:04,769] {logging_mixin.py:115} INFO - defensing
[2023-03-16 11:57:04,776] {python.py:173} INFO - Done. Returned value was: None
[2023-03-16 11:57:04,962] {taskinstance.py:1400} INFO - Marking task as SUCCESS. dag_id=defence_dag, task_id=defence1, execution_date=20230312T151221, start_date=20230316T115702, end_date=20230316T115704
[2023-03-16 11:57:05,194] {local_task_job.py:156} INFO - Task exited with return code 0
[2023-03-16 11:57:05,661] {local_task_job.py:273} INFO - 1 downstream tasks scheduled from follow-on schedule check
