[2023-03-12 15:12:49,320] {taskinstance.py:1159} INFO - Dependencies all met for <TaskInstance: defence_dag.storing manual__2023-03-12T15:11:50.265052+00:00 [queued]>
[2023-03-12 15:12:49,330] {taskinstance.py:1159} INFO - Dependencies all met for <TaskInstance: defence_dag.storing manual__2023-03-12T15:11:50.265052+00:00 [queued]>
[2023-03-12 15:12:49,331] {taskinstance.py:1356} INFO - 
--------------------------------------------------------------------------------
[2023-03-12 15:12:49,331] {taskinstance.py:1357} INFO - Starting attempt 1 of 1
[2023-03-12 15:12:49,331] {taskinstance.py:1358} INFO - 
--------------------------------------------------------------------------------
[2023-03-12 15:12:49,347] {taskinstance.py:1377} INFO - Executing <Task(BashOperator): storing> on 2023-03-12 15:11:50.265052+00:00
[2023-03-12 15:12:49,351] {standard_task_runner.py:52} INFO - Started process 381 to run task
[2023-03-12 15:12:49,354] {standard_task_runner.py:79} INFO - Running: ['***', 'tasks', 'run', 'defence_dag', 'storing', 'manual__2023-03-12T15:11:50.265052+00:00', '--job-id', '428', '--raw', '--subdir', 'DAGS_FOLDER/defese.py', '--cfg-path', '/tmp/tmpn3scl9oq', '--error-file', '/tmp/tmp5t133_2p']
[2023-03-12 15:12:49,355] {standard_task_runner.py:80} INFO - Job 428: Subtask storing
[2023-03-12 15:12:49,411] {task_command.py:369} INFO - Running <TaskInstance: defence_dag.storing manual__2023-03-12T15:11:50.265052+00:00 [running]> on host 596adcca7378
[2023-03-12 15:12:49,482] {taskinstance.py:1571} INFO - Exporting the following env vars:
AIRFLOW_CTX_DAG_OWNER=***
AIRFLOW_CTX_DAG_ID=defence_dag
AIRFLOW_CTX_TASK_ID=storing
AIRFLOW_CTX_EXECUTION_DATE=2023-03-12T15:11:50.265052+00:00
AIRFLOW_CTX_TRY_NUMBER=1
AIRFLOW_CTX_DAG_RUN_ID=manual__2023-03-12T15:11:50.265052+00:00
[2023-03-12 15:12:49,483] {subprocess.py:62} INFO - Tmp dir root location: 
 /tmp
[2023-03-12 15:12:49,484] {subprocess.py:74} INFO - Running command: ['bash', '-c', 'sleep 1']
[2023-03-12 15:12:49,492] {subprocess.py:85} INFO - Output:
[2023-03-12 15:12:50,495] {subprocess.py:96} INFO - Command exited with return code 0
[2023-03-12 15:12:50,579] {taskinstance.py:1400} INFO - Marking task as SUCCESS. dag_id=defence_dag, task_id=storing, execution_date=20230312T151150, start_date=20230312T151249, end_date=20230312T151250
[2023-03-12 15:12:50,612] {local_task_job.py:156} INFO - Task exited with return code 0
[2023-03-12 15:12:50,640] {local_task_job.py:273} INFO - 1 downstream tasks scheduled from follow-on schedule check
