[2023-04-09 12:50:22,110] {taskinstance.py:1159} INFO - Dependencies all met for <TaskInstance: multi_defence_dag.choose_best manual__2023-04-09T12:50:04.821153+00:00 [queued]>
[2023-04-09 12:50:22,121] {taskinstance.py:1159} INFO - Dependencies all met for <TaskInstance: multi_defence_dag.choose_best manual__2023-04-09T12:50:04.821153+00:00 [queued]>
[2023-04-09 12:50:22,122] {taskinstance.py:1356} INFO - 
--------------------------------------------------------------------------------
[2023-04-09 12:50:22,122] {taskinstance.py:1357} INFO - Starting attempt 1 of 2
[2023-04-09 12:50:22,123] {taskinstance.py:1358} INFO - 
--------------------------------------------------------------------------------
[2023-04-09 12:50:22,133] {taskinstance.py:1377} INFO - Executing <Task(PythonOperator): choose_best> on 2023-04-09 12:50:04.821153+00:00
[2023-04-09 12:50:22,166] {standard_task_runner.py:52} INFO - Started process 15191 to run task
[2023-04-09 12:50:22,170] {standard_task_runner.py:79} INFO - Running: ['***', 'tasks', 'run', 'multi_defence_dag', 'choose_best', 'manual__2023-04-09T12:50:04.821153+00:00', '--job-id', '5016', '--raw', '--subdir', 'DAGS_FOLDER/defence_dag.py', '--cfg-path', '/tmp/tmpm0qi8p4o', '--error-file', '/tmp/tmpmfdd0omd']
[2023-04-09 12:50:22,171] {standard_task_runner.py:80} INFO - Job 5016: Subtask choose_best
[2023-04-09 12:50:22,223] {task_command.py:369} INFO - Running <TaskInstance: multi_defence_dag.choose_best manual__2023-04-09T12:50:04.821153+00:00 [running]> on host ff3d40af78f9
[2023-04-09 12:50:22,281] {taskinstance.py:1571} INFO - Exporting the following env vars:
AIRFLOW_CTX_DAG_OWNER=***
AIRFLOW_CTX_DAG_ID=multi_defence_dag
AIRFLOW_CTX_TASK_ID=choose_best
AIRFLOW_CTX_EXECUTION_DATE=2023-04-09T12:50:04.821153+00:00
AIRFLOW_CTX_TRY_NUMBER=1
AIRFLOW_CTX_DAG_RUN_ID=manual__2023-04-09T12:50:04.821153+00:00
[2023-04-09 12:50:22,322] {transport.py:157} INFO - Attempting refresh to obtain initial access_token
[2023-04-09 12:50:22,324] {client.py:777} INFO - Refreshing access_token
[2023-04-09 12:50:23,269] {transport.py:157} INFO - Attempting refresh to obtain initial access_token
[2023-04-09 12:50:23,271] {client.py:777} INFO - Refreshing access_token
[2023-04-09 12:50:23,796] {python.py:173} INFO - Done. Returned value was: None
[2023-04-09 12:50:23,816] {taskinstance.py:1400} INFO - Marking task as SUCCESS. dag_id=multi_defence_dag, task_id=choose_best, execution_date=20230409T125004, start_date=20230409T125022, end_date=20230409T125023
[2023-04-09 12:50:23,871] {local_task_job.py:156} INFO - Task exited with return code 0
[2023-04-09 12:50:23,942] {local_task_job.py:273} INFO - 1 downstream tasks scheduled from follow-on schedule check
