[2023-04-23 09:19:45,256] {taskinstance.py:1159} INFO - Dependencies all met for <TaskInstance: multi_defence_dag.choose_defence manual__2023-04-23T09:19:38.287675+00:00 [queued]>
[2023-04-23 09:19:45,277] {taskinstance.py:1159} INFO - Dependencies all met for <TaskInstance: multi_defence_dag.choose_defence manual__2023-04-23T09:19:38.287675+00:00 [queued]>
[2023-04-23 09:19:45,278] {taskinstance.py:1356} INFO - 
--------------------------------------------------------------------------------
[2023-04-23 09:19:45,280] {taskinstance.py:1357} INFO - Starting attempt 1 of 2
[2023-04-23 09:19:45,280] {taskinstance.py:1358} INFO - 
--------------------------------------------------------------------------------
[2023-04-23 09:19:45,315] {taskinstance.py:1377} INFO - Executing <Task(PythonOperator): choose_defence> on 2023-04-23 09:19:38.287675+00:00
[2023-04-23 09:19:45,327] {standard_task_runner.py:52} INFO - Started process 207 to run task
[2023-04-23 09:19:45,332] {standard_task_runner.py:79} INFO - Running: ['***', 'tasks', 'run', 'multi_defence_dag', 'choose_defence', 'manual__2023-04-23T09:19:38.287675+00:00', '--job-id', '6022', '--raw', '--subdir', 'DAGS_FOLDER/defence_dag.py', '--cfg-path', '/tmp/tmp98depkxr', '--error-file', '/tmp/tmptkn1yxg8']
[2023-04-23 09:19:45,333] {standard_task_runner.py:80} INFO - Job 6022: Subtask choose_defence
[2023-04-23 09:19:45,454] {task_command.py:369} INFO - Running <TaskInstance: multi_defence_dag.choose_defence manual__2023-04-23T09:19:38.287675+00:00 [running]> on host a3dd7d962104
[2023-04-23 09:19:45,617] {taskinstance.py:1571} INFO - Exporting the following env vars:
AIRFLOW_CTX_DAG_OWNER=***
AIRFLOW_CTX_DAG_ID=multi_defence_dag
AIRFLOW_CTX_TASK_ID=choose_defence
AIRFLOW_CTX_EXECUTION_DATE=2023-04-23T09:19:38.287675+00:00
AIRFLOW_CTX_TRY_NUMBER=1
AIRFLOW_CTX_DAG_RUN_ID=manual__2023-04-23T09:19:38.287675+00:00
[2023-04-23 09:19:45,691] {python.py:173} INFO - Done. Returned value was: None
[2023-04-23 09:19:45,719] {taskinstance.py:1400} INFO - Marking task as SUCCESS. dag_id=multi_defence_dag, task_id=choose_defence, execution_date=20230423T091938, start_date=20230423T091945, end_date=20230423T091945
[2023-04-23 09:19:45,788] {local_task_job.py:156} INFO - Task exited with return code 0
[2023-04-23 09:19:45,878] {local_task_job.py:273} INFO - 3 downstream tasks scheduled from follow-on schedule check
