[2023-04-09 13:36:14,215] {taskinstance.py:1159} INFO - Dependencies all met for <TaskInstance: multi_defence_dag.to_defend manual__2023-04-09T13:35:50.479893+00:00 [queued]>
[2023-04-09 13:36:14,234] {taskinstance.py:1159} INFO - Dependencies all met for <TaskInstance: multi_defence_dag.to_defend manual__2023-04-09T13:35:50.479893+00:00 [queued]>
[2023-04-09 13:36:14,235] {taskinstance.py:1356} INFO - 
--------------------------------------------------------------------------------
[2023-04-09 13:36:14,252] {taskinstance.py:1357} INFO - Starting attempt 1 of 2
[2023-04-09 13:36:14,253] {taskinstance.py:1358} INFO - 
--------------------------------------------------------------------------------
[2023-04-09 13:36:14,285] {taskinstance.py:1377} INFO - Executing <Task(BranchPythonOperator): to_defend> on 2023-04-09 13:35:50.479893+00:00
[2023-04-09 13:36:14,301] {standard_task_runner.py:52} INFO - Started process 466 to run task
[2023-04-09 13:36:14,309] {standard_task_runner.py:79} INFO - Running: ['***', 'tasks', 'run', 'multi_defence_dag', 'to_defend', 'manual__2023-04-09T13:35:50.479893+00:00', '--job-id', '5065', '--raw', '--subdir', 'DAGS_FOLDER/defence_dag.py', '--cfg-path', '/tmp/tmp6_nmxd5j', '--error-file', '/tmp/tmp7eek6z1z']
[2023-04-09 13:36:14,311] {standard_task_runner.py:80} INFO - Job 5065: Subtask to_defend
[2023-04-09 13:36:14,448] {task_command.py:369} INFO - Running <TaskInstance: multi_defence_dag.to_defend manual__2023-04-09T13:35:50.479893+00:00 [running]> on host c5458bb8a35c
[2023-04-09 13:36:14,683] {taskinstance.py:1571} INFO - Exporting the following env vars:
AIRFLOW_CTX_DAG_OWNER=***
AIRFLOW_CTX_DAG_ID=multi_defence_dag
AIRFLOW_CTX_TASK_ID=to_defend
AIRFLOW_CTX_EXECUTION_DATE=2023-04-09T13:35:50.479893+00:00
AIRFLOW_CTX_TRY_NUMBER=1
AIRFLOW_CTX_DAG_RUN_ID=manual__2023-04-09T13:35:50.479893+00:00
[2023-04-09 13:36:14,690] {transport.py:157} INFO - Attempting refresh to obtain initial access_token
[2023-04-09 13:36:14,696] {client.py:777} INFO - Refreshing access_token
[2023-04-09 13:36:15,534] {python.py:173} INFO - Done. Returned value was: stop
[2023-04-09 13:36:15,535] {skipmixin.py:140} INFO - Following branch stop
[2023-04-09 13:36:15,536] {skipmixin.py:175} INFO - Skipping tasks ['trigger_offence']
[2023-04-09 13:36:15,664] {taskinstance.py:1400} INFO - Marking task as SUCCESS. dag_id=multi_defence_dag, task_id=to_defend, execution_date=20230409T133550, start_date=20230409T133614, end_date=20230409T133615
[2023-04-09 13:36:15,731] {local_task_job.py:156} INFO - Task exited with return code 0
[2023-04-09 13:36:15,820] {local_task_job.py:273} INFO - 1 downstream tasks scheduled from follow-on schedule check
