[2023-04-27 10:32:03,374] {taskinstance.py:1159} INFO - Dependencies all met for <TaskInstance: multi_attack_dag.to_attack_GeoDA manual__2023-04-27T10:30:40.186391+00:00 [queued]>
[2023-04-27 10:32:03,693] {taskinstance.py:1159} INFO - Dependencies all met for <TaskInstance: multi_attack_dag.to_attack_GeoDA manual__2023-04-27T10:30:40.186391+00:00 [queued]>
[2023-04-27 10:32:03,706] {taskinstance.py:1356} INFO - 
--------------------------------------------------------------------------------
[2023-04-27 10:32:03,732] {taskinstance.py:1357} INFO - Starting attempt 1 of 2
[2023-04-27 10:32:03,737] {taskinstance.py:1358} INFO - 
--------------------------------------------------------------------------------
[2023-04-27 10:32:04,070] {taskinstance.py:1377} INFO - Executing <Task(BranchPythonOperator): to_attack_GeoDA> on 2023-04-27 10:30:40.186391+00:00
[2023-04-27 10:32:04,257] {standard_task_runner.py:52} INFO - Started process 5375 to run task
[2023-04-27 10:32:04,388] {standard_task_runner.py:79} INFO - Running: ['***', 'tasks', 'run', 'multi_attack_dag', 'to_attack_GeoDA', 'manual__2023-04-27T10:30:40.186391+00:00', '--job-id', '6615', '--raw', '--subdir', 'DAGS_FOLDER/attack_dag.py', '--cfg-path', '/tmp/tmp_zzh3rl2', '--error-file', '/tmp/tmpg6exz2ts']
[2023-04-27 10:32:04,682] {standard_task_runner.py:80} INFO - Job 6615: Subtask to_attack_GeoDA
[2023-04-27 10:32:05,699] {task_command.py:369} INFO - Running <TaskInstance: multi_attack_dag.to_attack_GeoDA manual__2023-04-27T10:30:40.186391+00:00 [running]> on host e7e31d5a6603
[2023-04-27 10:32:09,569] {taskinstance.py:1571} INFO - Exporting the following env vars:
AIRFLOW_CTX_DAG_OWNER=***
AIRFLOW_CTX_DAG_ID=multi_attack_dag
AIRFLOW_CTX_TASK_ID=to_attack_GeoDA
AIRFLOW_CTX_EXECUTION_DATE=2023-04-27T10:30:40.186391+00:00
AIRFLOW_CTX_TRY_NUMBER=1
AIRFLOW_CTX_DAG_RUN_ID=manual__2023-04-27T10:30:40.186391+00:00
[2023-04-27 10:32:09,744] {python.py:173} INFO - Done. Returned value was: attack_GeoDA
[2023-04-27 10:32:09,748] {skipmixin.py:140} INFO - Following branch attack_GeoDA
[2023-04-27 10:32:09,829] {skipmixin.py:175} INFO - Skipping tasks ['default']
[2023-04-27 10:32:10,546] {taskinstance.py:1400} INFO - Marking task as SUCCESS. dag_id=multi_attack_dag, task_id=to_attack_GeoDA, execution_date=20230427T103040, start_date=20230427T103203, end_date=20230427T103210
[2023-04-27 10:32:10,704] {local_task_job.py:156} INFO - Task exited with return code 0
[2023-04-27 10:32:12,884] {local_task_job.py:273} INFO - 1 downstream tasks scheduled from follow-on schedule check
