[2023-04-23 07:53:58,935] {taskinstance.py:1159} INFO - Dependencies all met for <TaskInstance: multi_defence_dag.to_defend manual__2023-04-23T07:53:23.772082+00:00 [queued]>
[2023-04-23 07:53:58,955] {taskinstance.py:1159} INFO - Dependencies all met for <TaskInstance: multi_defence_dag.to_defend manual__2023-04-23T07:53:23.772082+00:00 [queued]>
[2023-04-23 07:53:58,956] {taskinstance.py:1356} INFO - 
--------------------------------------------------------------------------------
[2023-04-23 07:53:58,956] {taskinstance.py:1357} INFO - Starting attempt 1 of 2
[2023-04-23 07:53:58,957] {taskinstance.py:1358} INFO - 
--------------------------------------------------------------------------------
[2023-04-23 07:53:58,988] {taskinstance.py:1377} INFO - Executing <Task(BranchPythonOperator): to_defend> on 2023-04-23 07:53:23.772082+00:00
[2023-04-23 07:53:59,030] {standard_task_runner.py:52} INFO - Started process 398 to run task
[2023-04-23 07:53:59,034] {standard_task_runner.py:79} INFO - Running: ['***', 'tasks', 'run', 'multi_defence_dag', 'to_defend', 'manual__2023-04-23T07:53:23.772082+00:00', '--job-id', '5888', '--raw', '--subdir', 'DAGS_FOLDER/defence_dag.py', '--cfg-path', '/tmp/tmpbn56ps1i', '--error-file', '/tmp/tmpt_2lw39f']
[2023-04-23 07:53:59,047] {standard_task_runner.py:80} INFO - Job 5888: Subtask to_defend
[2023-04-23 07:53:59,175] {task_command.py:369} INFO - Running <TaskInstance: multi_defence_dag.to_defend manual__2023-04-23T07:53:23.772082+00:00 [running]> on host a3dd7d962104
[2023-04-23 07:53:59,336] {taskinstance.py:1571} INFO - Exporting the following env vars:
AIRFLOW_CTX_DAG_OWNER=***
AIRFLOW_CTX_DAG_ID=multi_defence_dag
AIRFLOW_CTX_TASK_ID=to_defend
AIRFLOW_CTX_EXECUTION_DATE=2023-04-23T07:53:23.772082+00:00
AIRFLOW_CTX_TRY_NUMBER=1
AIRFLOW_CTX_DAG_RUN_ID=manual__2023-04-23T07:53:23.772082+00:00
[2023-04-23 07:53:59,341] {transport.py:157} INFO - Attempting refresh to obtain initial access_token
[2023-04-23 07:53:59,349] {client.py:777} INFO - Refreshing access_token
[2023-04-23 07:54:00,197] {python.py:173} INFO - Done. Returned value was: trigger_offence
[2023-04-23 07:54:00,198] {skipmixin.py:140} INFO - Following branch trigger_offence
[2023-04-23 07:54:00,198] {skipmixin.py:175} INFO - Skipping tasks ['stop']
[2023-04-23 07:54:00,279] {taskinstance.py:1400} INFO - Marking task as SUCCESS. dag_id=multi_defence_dag, task_id=to_defend, execution_date=20230423T075323, start_date=20230423T075358, end_date=20230423T075400
[2023-04-23 07:54:00,342] {local_task_job.py:156} INFO - Task exited with return code 0
[2023-04-23 07:54:00,451] {local_task_job.py:273} INFO - 0 downstream tasks scheduled from follow-on schedule check
