[2023-03-16 11:30:24,358] {taskinstance.py:1159} INFO - Dependencies all met for <TaskInstance: defence_dag.defence1 manual__2023-03-16T11:30:20.129918+00:00 [queued]>
[2023-03-16 11:30:24,371] {taskinstance.py:1159} INFO - Dependencies all met for <TaskInstance: defence_dag.defence1 manual__2023-03-16T11:30:20.129918+00:00 [queued]>
[2023-03-16 11:30:24,372] {taskinstance.py:1356} INFO - 
--------------------------------------------------------------------------------
[2023-03-16 11:30:24,372] {taskinstance.py:1357} INFO - Starting attempt 1 of 1
[2023-03-16 11:30:24,373] {taskinstance.py:1358} INFO - 
--------------------------------------------------------------------------------
[2023-03-16 11:30:24,389] {taskinstance.py:1377} INFO - Executing <Task(PythonOperator): defence1> on 2023-03-16 11:30:20.129918+00:00
[2023-03-16 11:30:24,394] {standard_task_runner.py:52} INFO - Started process 475 to run task
[2023-03-16 11:30:24,397] {standard_task_runner.py:79} INFO - Running: ['***', 'tasks', 'run', 'defence_dag', 'defence1', 'manual__2023-03-16T11:30:20.129918+00:00', '--job-id', '828', '--raw', '--subdir', 'DAGS_FOLDER/defese.py', '--cfg-path', '/tmp/tmpfizfgshe', '--error-file', '/tmp/tmpl25isjkz']
[2023-03-16 11:30:24,398] {standard_task_runner.py:80} INFO - Job 828: Subtask defence1
[2023-03-16 11:30:24,458] {task_command.py:369} INFO - Running <TaskInstance: defence_dag.defence1 manual__2023-03-16T11:30:20.129918+00:00 [running]> on host 596adcca7378
[2023-03-16 11:30:24,549] {taskinstance.py:1571} INFO - Exporting the following env vars:
AIRFLOW_CTX_DAG_OWNER=***
AIRFLOW_CTX_DAG_ID=defence_dag
AIRFLOW_CTX_TASK_ID=defence1
AIRFLOW_CTX_EXECUTION_DATE=2023-03-16T11:30:20.129918+00:00
AIRFLOW_CTX_TRY_NUMBER=1
AIRFLOW_CTX_DAG_RUN_ID=manual__2023-03-16T11:30:20.129918+00:00
[2023-03-16 11:30:24,551] {logging_mixin.py:115} INFO - defensing
[2023-03-16 11:30:24,551] {python.py:173} INFO - Done. Returned value was: None
[2023-03-16 11:30:24,568] {taskinstance.py:1400} INFO - Marking task as SUCCESS. dag_id=defence_dag, task_id=defence1, execution_date=20230316T113020, start_date=20230316T113024, end_date=20230316T113024
[2023-03-16 11:30:24,610] {local_task_job.py:156} INFO - Task exited with return code 0
[2023-03-16 11:30:24,657] {local_task_job.py:273} INFO - 2 downstream tasks scheduled from follow-on schedule check
