[2023-03-16 11:45:01,700] {taskinstance.py:1159} INFO - Dependencies all met for <TaskInstance: defence_dag.stop manual__2023-03-16T11:44:54.966978+00:00 [queued]>
[2023-03-16 11:45:01,711] {taskinstance.py:1159} INFO - Dependencies all met for <TaskInstance: defence_dag.stop manual__2023-03-16T11:44:54.966978+00:00 [queued]>
[2023-03-16 11:45:01,711] {taskinstance.py:1356} INFO - 
--------------------------------------------------------------------------------
[2023-03-16 11:45:01,712] {taskinstance.py:1357} INFO - Starting attempt 1 of 1
[2023-03-16 11:45:01,713] {taskinstance.py:1358} INFO - 
--------------------------------------------------------------------------------
[2023-03-16 11:45:01,725] {taskinstance.py:1377} INFO - Executing <Task(PythonOperator): stop> on 2023-03-16 11:44:54.966978+00:00
[2023-03-16 11:45:01,729] {standard_task_runner.py:52} INFO - Started process 149 to run task
[2023-03-16 11:45:01,731] {standard_task_runner.py:79} INFO - Running: ['***', 'tasks', 'run', 'defence_dag', 'stop', 'manual__2023-03-16T11:44:54.966978+00:00', '--job-id', '947', '--raw', '--subdir', 'DAGS_FOLDER/defese.py', '--cfg-path', '/tmp/tmp2jwud1uq', '--error-file', '/tmp/tmpmsn6me4g']
[2023-03-16 11:45:01,731] {standard_task_runner.py:80} INFO - Job 947: Subtask stop
[2023-03-16 11:45:01,774] {task_command.py:369} INFO - Running <TaskInstance: defence_dag.stop manual__2023-03-16T11:44:54.966978+00:00 [running]> on host 596adcca7378
[2023-03-16 11:45:01,831] {taskinstance.py:1571} INFO - Exporting the following env vars:
AIRFLOW_CTX_DAG_OWNER=***
AIRFLOW_CTX_DAG_ID=defence_dag
AIRFLOW_CTX_TASK_ID=stop
AIRFLOW_CTX_EXECUTION_DATE=2023-03-16T11:44:54.966978+00:00
AIRFLOW_CTX_TRY_NUMBER=1
AIRFLOW_CTX_DAG_RUN_ID=manual__2023-03-16T11:44:54.966978+00:00
[2023-03-16 11:45:01,832] {python.py:173} INFO - Done. Returned value was: Cycle has ended
[2023-03-16 11:45:01,856] {taskinstance.py:1400} INFO - Marking task as SUCCESS. dag_id=defence_dag, task_id=stop, execution_date=20230316T114454, start_date=20230316T114501, end_date=20230316T114501
[2023-03-16 11:45:01,905] {local_task_job.py:156} INFO - Task exited with return code 0
[2023-03-16 11:45:01,944] {local_task_job.py:273} INFO - 0 downstream tasks scheduled from follow-on schedule check
