[2023-03-23 15:21:12,342] {taskinstance.py:1159} INFO - Dependencies all met for <TaskInstance: multi_attack_dag.attack1 manual__2023-03-23T15:20:41.365546+00:00 [queued]>
[2023-03-23 15:21:12,424] {taskinstance.py:1159} INFO - Dependencies all met for <TaskInstance: multi_attack_dag.attack1 manual__2023-03-23T15:20:41.365546+00:00 [queued]>
[2023-03-23 15:21:12,426] {taskinstance.py:1356} INFO - 
--------------------------------------------------------------------------------
[2023-03-23 15:21:12,429] {taskinstance.py:1357} INFO - Starting attempt 1 of 2
[2023-03-23 15:21:12,431] {taskinstance.py:1358} INFO - 
--------------------------------------------------------------------------------
[2023-03-23 15:31:46,017] {taskinstance.py:1377} INFO - Executing <Task(PythonOperator): attack1> on 2023-03-23 15:20:41.365546+00:00
[2023-03-23 15:31:46,032] {standard_task_runner.py:52} INFO - Started process 12278 to run task
[2023-03-23 15:31:46,051] {standard_task_runner.py:79} INFO - Running: ['***', 'tasks', 'run', 'multi_attack_dag', 'attack1', 'manual__2023-03-23T15:20:41.365546+00:00', '--job-id', '3080', '--raw', '--subdir', 'DAGS_FOLDER/attack_dag.py', '--cfg-path', '/tmp/tmpkov5dz9e', '--error-file', '/tmp/tmpwppzfb5s']
[2023-03-23 15:31:46,086] {standard_task_runner.py:80} INFO - Job 3080: Subtask attack1
[2023-03-23 15:31:46,705] {task_command.py:369} INFO - Running <TaskInstance: multi_attack_dag.attack1 manual__2023-03-23T15:20:41.365546+00:00 [running]> on host 6447f1dacd32
[2023-03-23 15:31:47,043] {taskinstance.py:1571} INFO - Exporting the following env vars:
AIRFLOW_CTX_DAG_OWNER=***
AIRFLOW_CTX_DAG_ID=multi_attack_dag
AIRFLOW_CTX_TASK_ID=attack1
AIRFLOW_CTX_EXECUTION_DATE=2023-03-23T15:20:41.365546+00:00
AIRFLOW_CTX_TRY_NUMBER=1
AIRFLOW_CTX_DAG_RUN_ID=manual__2023-03-23T15:20:41.365546+00:00
[2023-03-23 15:31:47,084] {python.py:173} INFO - Done. Returned value was: None
[2023-03-23 15:31:47,114] {taskinstance.py:1400} INFO - Marking task as SUCCESS. dag_id=multi_attack_dag, task_id=attack1, execution_date=20230323T152041, start_date=20230323T152112, end_date=20230323T153147
[2023-03-23 15:31:47,208] {local_task_job.py:156} INFO - Task exited with return code 0
[2023-03-23 15:31:47,401] {local_task_job.py:273} INFO - 1 downstream tasks scheduled from follow-on schedule check
