[2023-03-23 12:01:56,448] {taskinstance.py:1159} INFO - Dependencies all met for <TaskInstance: defence_dag2.storing manual__2023-03-23T12:01:55.306163+00:00 [queued]>
[2023-03-23 12:01:56,455] {taskinstance.py:1159} INFO - Dependencies all met for <TaskInstance: defence_dag2.storing manual__2023-03-23T12:01:55.306163+00:00 [queued]>
[2023-03-23 12:01:56,456] {taskinstance.py:1356} INFO - 
--------------------------------------------------------------------------------
[2023-03-23 12:01:56,456] {taskinstance.py:1357} INFO - Starting attempt 1 of 1
[2023-03-23 12:01:56,456] {taskinstance.py:1358} INFO - 
--------------------------------------------------------------------------------
[2023-03-23 12:01:56,470] {taskinstance.py:1377} INFO - Executing <Task(BashOperator): storing> on 2023-03-23 12:01:55.306163+00:00
[2023-03-23 12:01:56,475] {standard_task_runner.py:52} INFO - Started process 3712 to run task
[2023-03-23 12:01:56,478] {standard_task_runner.py:79} INFO - Running: ['***', 'tasks', 'run', 'defence_dag2', 'storing', 'manual__2023-03-23T12:01:55.306163+00:00', '--job-id', '2685', '--raw', '--subdir', 'DAGS_FOLDER/defese.py', '--cfg-path', '/tmp/tmp0vhp8j5g', '--error-file', '/tmp/tmpn5l4p_b7']
[2023-03-23 12:01:56,479] {standard_task_runner.py:80} INFO - Job 2685: Subtask storing
[2023-03-23 12:01:56,523] {task_command.py:369} INFO - Running <TaskInstance: defence_dag2.storing manual__2023-03-23T12:01:55.306163+00:00 [running]> on host 6447f1dacd32
[2023-03-23 12:01:56,584] {taskinstance.py:1571} INFO - Exporting the following env vars:
AIRFLOW_CTX_DAG_OWNER=***
AIRFLOW_CTX_DAG_ID=defence_dag2
AIRFLOW_CTX_TASK_ID=storing
AIRFLOW_CTX_EXECUTION_DATE=2023-03-23T12:01:55.306163+00:00
AIRFLOW_CTX_TRY_NUMBER=1
AIRFLOW_CTX_DAG_RUN_ID=manual__2023-03-23T12:01:55.306163+00:00
[2023-03-23 12:01:56,585] {subprocess.py:62} INFO - Tmp dir root location: 
 /tmp
[2023-03-23 12:01:56,586] {subprocess.py:74} INFO - Running command: ['bash', '-c', 'sleep 1']
[2023-03-23 12:01:56,595] {subprocess.py:85} INFO - Output:
[2023-03-23 12:01:57,597] {subprocess.py:96} INFO - Command exited with return code 0
[2023-03-23 12:01:57,626] {taskinstance.py:1400} INFO - Marking task as SUCCESS. dag_id=defence_dag2, task_id=storing, execution_date=20230323T120155, start_date=20230323T120156, end_date=20230323T120157
[2023-03-23 12:01:57,659] {local_task_job.py:156} INFO - Task exited with return code 0
[2023-03-23 12:01:57,697] {local_task_job.py:273} INFO - 1 downstream tasks scheduled from follow-on schedule check
