[2023-03-23 15:12:10,112] {taskinstance.py:1159} INFO - Dependencies all met for <TaskInstance: multi_attack_dag.metadata manual__2023-03-23T15:12:03.523282+00:00 [queued]>
[2023-03-23 15:12:10,137] {taskinstance.py:1159} INFO - Dependencies all met for <TaskInstance: multi_attack_dag.metadata manual__2023-03-23T15:12:03.523282+00:00 [queued]>
[2023-03-23 15:12:10,139] {taskinstance.py:1356} INFO - 
--------------------------------------------------------------------------------
[2023-03-23 15:12:10,141] {taskinstance.py:1357} INFO - Starting attempt 1 of 2
[2023-03-23 15:12:10,142] {taskinstance.py:1358} INFO - 
--------------------------------------------------------------------------------
[2023-03-23 15:12:10,177] {taskinstance.py:1377} INFO - Executing <Task(PythonOperator): metadata> on 2023-03-23 15:12:03.523282+00:00
[2023-03-23 15:12:10,188] {standard_task_runner.py:52} INFO - Started process 11505 to run task
[2023-03-23 15:12:10,197] {standard_task_runner.py:79} INFO - Running: ['***', 'tasks', 'run', 'multi_attack_dag', 'metadata', 'manual__2023-03-23T15:12:03.523282+00:00', '--job-id', '2844', '--raw', '--subdir', 'DAGS_FOLDER/attack_dag.py', '--cfg-path', '/tmp/tmpgeh74vg2', '--error-file', '/tmp/tmpj6lz13bn']
[2023-03-23 15:12:10,199] {standard_task_runner.py:80} INFO - Job 2844: Subtask metadata
[2023-03-23 15:12:10,330] {task_command.py:369} INFO - Running <TaskInstance: multi_attack_dag.metadata manual__2023-03-23T15:12:03.523282+00:00 [running]> on host 6447f1dacd32
[2023-03-23 15:12:10,535] {taskinstance.py:1571} INFO - Exporting the following env vars:
AIRFLOW_CTX_DAG_OWNER=***
AIRFLOW_CTX_DAG_ID=multi_attack_dag
AIRFLOW_CTX_TASK_ID=metadata
AIRFLOW_CTX_EXECUTION_DATE=2023-03-23T15:12:03.523282+00:00
AIRFLOW_CTX_TRY_NUMBER=1
AIRFLOW_CTX_DAG_RUN_ID=manual__2023-03-23T15:12:03.523282+00:00
[2023-03-23 15:12:10,567] {transport.py:157} INFO - Attempting refresh to obtain initial access_token
[2023-03-23 15:12:10,574] {client.py:777} INFO - Refreshing access_token
[2023-03-23 15:12:11,719] {python.py:173} INFO - Done. Returned value was: None
[2023-03-23 15:12:11,794] {taskinstance.py:1400} INFO - Marking task as SUCCESS. dag_id=multi_attack_dag, task_id=metadata, execution_date=20230323T151203, start_date=20230323T151210, end_date=20230323T151211
[2023-03-23 15:12:11,865] {local_task_job.py:156} INFO - Task exited with return code 0
[2023-03-23 15:12:11,971] {local_task_job.py:273} INFO - 3 downstream tasks scheduled from follow-on schedule check
