[2023-03-23 11:14:36,782] {taskinstance.py:1159} INFO - Dependencies all met for <TaskInstance: defence_dag2.trigger_offence manual__2023-03-23T11:14:28.913303+00:00 [queued]>
[2023-03-23 11:14:36,789] {taskinstance.py:1159} INFO - Dependencies all met for <TaskInstance: defence_dag2.trigger_offence manual__2023-03-23T11:14:28.913303+00:00 [queued]>
[2023-03-23 11:14:36,789] {taskinstance.py:1356} INFO - 
--------------------------------------------------------------------------------
[2023-03-23 11:14:36,790] {taskinstance.py:1357} INFO - Starting attempt 1 of 1
[2023-03-23 11:14:36,791] {taskinstance.py:1358} INFO - 
--------------------------------------------------------------------------------
[2023-03-23 11:14:36,801] {taskinstance.py:1377} INFO - Executing <Task(TriggerDagRunOperator): trigger_offence> on 2023-03-23 11:14:28.913303+00:00
[2023-03-23 11:14:36,805] {standard_task_runner.py:52} INFO - Started process 1336 to run task
[2023-03-23 11:14:36,808] {standard_task_runner.py:79} INFO - Running: ['***', 'tasks', 'run', 'defence_dag2', 'trigger_offence', 'manual__2023-03-23T11:14:28.913303+00:00', '--job-id', '2625', '--raw', '--subdir', 'DAGS_FOLDER/defese.py', '--cfg-path', '/tmp/tmp1f8gd4no', '--error-file', '/tmp/tmpbmnn748e']
[2023-03-23 11:14:36,809] {standard_task_runner.py:80} INFO - Job 2625: Subtask trigger_offence
[2023-03-23 11:14:36,851] {task_command.py:369} INFO - Running <TaskInstance: defence_dag2.trigger_offence manual__2023-03-23T11:14:28.913303+00:00 [running]> on host 6447f1dacd32
[2023-03-23 11:14:36,902] {taskinstance.py:1571} INFO - Exporting the following env vars:
AIRFLOW_CTX_DAG_OWNER=***
AIRFLOW_CTX_DAG_ID=defence_dag2
AIRFLOW_CTX_TASK_ID=trigger_offence
AIRFLOW_CTX_EXECUTION_DATE=2023-03-23T11:14:28.913303+00:00
AIRFLOW_CTX_TRY_NUMBER=1
AIRFLOW_CTX_DAG_RUN_ID=manual__2023-03-23T11:14:28.913303+00:00
[2023-03-23 11:14:37,493] {taskinstance.py:1400} INFO - Marking task as SUCCESS. dag_id=defence_dag2, task_id=trigger_offence, execution_date=20230323T111428, start_date=20230323T111436, end_date=20230323T111437
[2023-03-23 11:14:37,545] {local_task_job.py:156} INFO - Task exited with return code 0
[2023-03-23 11:14:37,571] {local_task_job.py:273} INFO - 0 downstream tasks scheduled from follow-on schedule check
