[2023-03-23 15:36:06,621] {taskinstance.py:1159} INFO - Dependencies all met for <TaskInstance: multi_defence_dag.to_defence1 manual__2023-03-23T15:36:01.947551+00:00 [queued]>
[2023-03-23 15:36:06,639] {taskinstance.py:1159} INFO - Dependencies all met for <TaskInstance: multi_defence_dag.to_defence1 manual__2023-03-23T15:36:01.947551+00:00 [queued]>
[2023-03-23 15:36:06,639] {taskinstance.py:1356} INFO - 
--------------------------------------------------------------------------------
[2023-03-23 15:36:06,640] {taskinstance.py:1357} INFO - Starting attempt 1 of 2
[2023-03-23 15:36:06,640] {taskinstance.py:1358} INFO - 
--------------------------------------------------------------------------------
[2023-03-23 15:36:06,663] {taskinstance.py:1377} INFO - Executing <Task(BranchPythonOperator): to_defence1> on 2023-03-23 15:36:01.947551+00:00
[2023-03-23 15:36:06,671] {standard_task_runner.py:52} INFO - Started process 13125 to run task
[2023-03-23 15:36:06,679] {standard_task_runner.py:79} INFO - Running: ['***', 'tasks', 'run', 'multi_defence_dag', 'to_defence1', 'manual__2023-03-23T15:36:01.947551+00:00', '--job-id', '3401', '--raw', '--subdir', 'DAGS_FOLDER/defence_dag.py', '--cfg-path', '/tmp/tmpfnur4uyo', '--error-file', '/tmp/tmplm9jzy9a']
[2023-03-23 15:36:06,680] {standard_task_runner.py:80} INFO - Job 3401: Subtask to_defence1
[2023-03-23 15:36:06,789] {task_command.py:369} INFO - Running <TaskInstance: multi_defence_dag.to_defence1 manual__2023-03-23T15:36:01.947551+00:00 [running]> on host 6447f1dacd32
[2023-03-23 15:36:06,920] {taskinstance.py:1571} INFO - Exporting the following env vars:
AIRFLOW_CTX_DAG_OWNER=***
AIRFLOW_CTX_DAG_ID=multi_defence_dag
AIRFLOW_CTX_TASK_ID=to_defence1
AIRFLOW_CTX_EXECUTION_DATE=2023-03-23T15:36:01.947551+00:00
AIRFLOW_CTX_TRY_NUMBER=1
AIRFLOW_CTX_DAG_RUN_ID=manual__2023-03-23T15:36:01.947551+00:00
[2023-03-23 15:36:06,944] {python.py:173} INFO - Done. Returned value was: Defence1
[2023-03-23 15:36:06,945] {skipmixin.py:140} INFO - Following branch Defence1
[2023-03-23 15:36:06,946] {skipmixin.py:175} INFO - Skipping tasks ['default']
[2023-03-23 15:36:07,037] {taskinstance.py:1400} INFO - Marking task as SUCCESS. dag_id=multi_defence_dag, task_id=to_defence1, execution_date=20230323T153601, start_date=20230323T153606, end_date=20230323T153607
[2023-03-23 15:36:07,094] {local_task_job.py:156} INFO - Task exited with return code 0
[2023-03-23 15:36:07,191] {local_task_job.py:273} INFO - 1 downstream tasks scheduled from follow-on schedule check
