[2023-03-23 15:09:41,768] {taskinstance.py:1159} INFO - Dependencies all met for <TaskInstance: multi_defence_dag.to_defence2 manual__2023-03-23T15:08:47.614322+00:00 [queued]>
[2023-03-23 15:09:41,887] {taskinstance.py:1159} INFO - Dependencies all met for <TaskInstance: multi_defence_dag.to_defence2 manual__2023-03-23T15:08:47.614322+00:00 [queued]>
[2023-03-23 15:09:41,895] {taskinstance.py:1356} INFO - 
--------------------------------------------------------------------------------
[2023-03-23 15:09:41,911] {taskinstance.py:1357} INFO - Starting attempt 1 of 2
[2023-03-23 15:09:41,921] {taskinstance.py:1358} INFO - 
--------------------------------------------------------------------------------
[2023-03-23 15:09:42,444] {taskinstance.py:1377} INFO - Executing <Task(BranchPythonOperator): to_defence2> on 2023-03-23 15:08:47.614322+00:00
[2023-03-23 15:09:42,495] {standard_task_runner.py:52} INFO - Started process 11387 to run task
[2023-03-23 15:09:42,550] {standard_task_runner.py:79} INFO - Running: ['***', 'tasks', 'run', 'multi_defence_dag', 'to_defence2', 'manual__2023-03-23T15:08:47.614322+00:00', '--job-id', '2817', '--raw', '--subdir', 'DAGS_FOLDER/defence_dag.py', '--cfg-path', '/tmp/tmpgaxpt349', '--error-file', '/tmp/tmp53s06tf2']
[2023-03-23 15:09:42,573] {standard_task_runner.py:80} INFO - Job 2817: Subtask to_defence2
[2023-03-23 15:09:43,982] {task_command.py:369} INFO - Running <TaskInstance: multi_defence_dag.to_defence2 manual__2023-03-23T15:08:47.614322+00:00 [running]> on host 6447f1dacd32
[2023-03-23 15:09:45,185] {taskinstance.py:1571} INFO - Exporting the following env vars:
AIRFLOW_CTX_DAG_OWNER=***
AIRFLOW_CTX_DAG_ID=multi_defence_dag
AIRFLOW_CTX_TASK_ID=to_defence2
AIRFLOW_CTX_EXECUTION_DATE=2023-03-23T15:08:47.614322+00:00
AIRFLOW_CTX_TRY_NUMBER=1
AIRFLOW_CTX_DAG_RUN_ID=manual__2023-03-23T15:08:47.614322+00:00
[2023-03-23 15:09:45,407] {python.py:173} INFO - Done. Returned value was: Defence2
[2023-03-23 15:09:45,423] {skipmixin.py:140} INFO - Following branch Defence2
[2023-03-23 15:09:45,437] {skipmixin.py:175} INFO - Skipping tasks ['default']
[2023-03-23 15:09:52,244] {taskinstance.py:1400} INFO - Marking task as SUCCESS. dag_id=multi_defence_dag, task_id=to_defence2, execution_date=20230323T150847, start_date=20230323T150941, end_date=20230323T150952
[2023-03-23 15:09:52,379] {local_task_job.py:156} INFO - Task exited with return code 0
[2023-03-23 15:09:53,160] {local_task_job.py:273} INFO - 1 downstream tasks scheduled from follow-on schedule check
