[2023-03-28 10:48:44,378] {taskinstance.py:1159} INFO - Dependencies all met for <TaskInstance: defence_dag2.storing manual__2023-03-28T10:48:40.722664+00:00 [queued]>
[2023-03-28 10:48:44,386] {taskinstance.py:1159} INFO - Dependencies all met for <TaskInstance: defence_dag2.storing manual__2023-03-28T10:48:40.722664+00:00 [queued]>
[2023-03-28 10:48:44,387] {taskinstance.py:1356} INFO - 
--------------------------------------------------------------------------------
[2023-03-28 10:48:44,387] {taskinstance.py:1357} INFO - Starting attempt 1 of 1
[2023-03-28 10:48:44,387] {taskinstance.py:1358} INFO - 
--------------------------------------------------------------------------------
[2023-03-28 10:48:44,399] {taskinstance.py:1377} INFO - Executing <Task(BashOperator): storing> on 2023-03-28 10:48:40.722664+00:00
[2023-03-28 10:48:44,407] {standard_task_runner.py:52} INFO - Started process 164 to run task
[2023-03-28 10:48:44,410] {standard_task_runner.py:79} INFO - Running: ['***', 'tasks', 'run', 'defence_dag2', 'storing', 'manual__2023-03-28T10:48:40.722664+00:00', '--job-id', '4447', '--raw', '--subdir', 'DAGS_FOLDER/defese.py', '--cfg-path', '/tmp/tmp54alos_0', '--error-file', '/tmp/tmpc6g9y31l']
[2023-03-28 10:48:44,411] {standard_task_runner.py:80} INFO - Job 4447: Subtask storing
[2023-03-28 10:48:44,467] {task_command.py:369} INFO - Running <TaskInstance: defence_dag2.storing manual__2023-03-28T10:48:40.722664+00:00 [running]> on host a826a5b95b6c
[2023-03-28 10:48:44,545] {taskinstance.py:1571} INFO - Exporting the following env vars:
AIRFLOW_CTX_DAG_OWNER=***
AIRFLOW_CTX_DAG_ID=defence_dag2
AIRFLOW_CTX_TASK_ID=storing
AIRFLOW_CTX_EXECUTION_DATE=2023-03-28T10:48:40.722664+00:00
AIRFLOW_CTX_TRY_NUMBER=1
AIRFLOW_CTX_DAG_RUN_ID=manual__2023-03-28T10:48:40.722664+00:00
[2023-03-28 10:48:44,547] {subprocess.py:62} INFO - Tmp dir root location: 
 /tmp
[2023-03-28 10:48:44,548] {subprocess.py:74} INFO - Running command: ['bash', '-c', 'sleep 1']
[2023-03-28 10:48:44,565] {subprocess.py:85} INFO - Output:
[2023-03-28 10:48:45,574] {subprocess.py:96} INFO - Command exited with return code 0
[2023-03-28 10:48:45,619] {taskinstance.py:1400} INFO - Marking task as SUCCESS. dag_id=defence_dag2, task_id=storing, execution_date=20230328T104840, start_date=20230328T104844, end_date=20230328T104845
[2023-03-28 10:48:45,641] {local_task_job.py:156} INFO - Task exited with return code 0
[2023-03-28 10:48:45,695] {local_task_job.py:273} INFO - 1 downstream tasks scheduled from follow-on schedule check
