[2023-04-30 07:58:55,462] {taskinstance.py:1159} INFO - Dependencies all met for <TaskInstance: multi_defence_dag.choose_defence scheduled__2023-04-29T00:00:00+00:00 [queued]>
[2023-04-30 07:58:55,480] {taskinstance.py:1159} INFO - Dependencies all met for <TaskInstance: multi_defence_dag.choose_defence scheduled__2023-04-29T00:00:00+00:00 [queued]>
[2023-04-30 07:58:55,481] {taskinstance.py:1356} INFO - 
--------------------------------------------------------------------------------
[2023-04-30 07:58:55,482] {taskinstance.py:1357} INFO - Starting attempt 1 of 2
[2023-04-30 07:58:55,482] {taskinstance.py:1358} INFO - 
--------------------------------------------------------------------------------
[2023-04-30 07:58:55,522] {taskinstance.py:1377} INFO - Executing <Task(PythonOperator): choose_defence> on 2023-04-29 00:00:00+00:00
[2023-04-30 07:58:55,548] {standard_task_runner.py:52} INFO - Started process 158 to run task
[2023-04-30 07:58:55,589] {standard_task_runner.py:79} INFO - Running: ['***', 'tasks', 'run', 'multi_defence_dag', 'choose_defence', 'scheduled__2023-04-29T00:00:00+00:00', '--job-id', '7018', '--raw', '--subdir', 'DAGS_FOLDER/defence_dag.py', '--cfg-path', '/tmp/tmpao82apf5', '--error-file', '/tmp/tmpttan7pro']
[2023-04-30 07:58:55,598] {standard_task_runner.py:80} INFO - Job 7018: Subtask choose_defence
[2023-04-30 07:58:55,923] {task_command.py:369} INFO - Running <TaskInstance: multi_defence_dag.choose_defence scheduled__2023-04-29T00:00:00+00:00 [running]> on host e7e31d5a6603
[2023-04-30 07:58:56,359] {taskinstance.py:1571} INFO - Exporting the following env vars:
AIRFLOW_CTX_DAG_OWNER=***
AIRFLOW_CTX_DAG_ID=multi_defence_dag
AIRFLOW_CTX_TASK_ID=choose_defence
AIRFLOW_CTX_EXECUTION_DATE=2023-04-29T00:00:00+00:00
AIRFLOW_CTX_TRY_NUMBER=1
AIRFLOW_CTX_DAG_RUN_ID=scheduled__2023-04-29T00:00:00+00:00
[2023-04-30 07:58:56,529] {python.py:173} INFO - Done. Returned value was: None
[2023-04-30 07:58:56,621] {taskinstance.py:1400} INFO - Marking task as SUCCESS. dag_id=multi_defence_dag, task_id=choose_defence, execution_date=20230429T000000, start_date=20230430T075855, end_date=20230430T075856
[2023-04-30 07:58:56,780] {local_task_job.py:156} INFO - Task exited with return code 0
[2023-04-30 07:58:56,960] {local_task_job.py:273} INFO - 3 downstream tasks scheduled from follow-on schedule check
