[2023-03-12 15:53:06,227] {taskinstance.py:1159} INFO - Dependencies all met for <TaskInstance: defence_dag.defence1 manual__2023-03-12T15:53:01.634296+00:00 [queued]>
[2023-03-12 15:53:06,238] {taskinstance.py:1159} INFO - Dependencies all met for <TaskInstance: defence_dag.defence1 manual__2023-03-12T15:53:01.634296+00:00 [queued]>
[2023-03-12 15:53:06,239] {taskinstance.py:1356} INFO - 
--------------------------------------------------------------------------------
[2023-03-12 15:53:06,239] {taskinstance.py:1357} INFO - Starting attempt 1 of 1
[2023-03-12 15:53:06,240] {taskinstance.py:1358} INFO - 
--------------------------------------------------------------------------------
[2023-03-12 15:53:06,258] {taskinstance.py:1377} INFO - Executing <Task(PythonOperator): defence1> on 2023-03-12 15:53:01.634296+00:00
[2023-03-12 15:53:06,262] {standard_task_runner.py:52} INFO - Started process 207 to run task
[2023-03-12 15:53:06,265] {standard_task_runner.py:79} INFO - Running: ['***', 'tasks', 'run', 'defence_dag', 'defence1', 'manual__2023-03-12T15:53:01.634296+00:00', '--job-id', '633', '--raw', '--subdir', 'DAGS_FOLDER/defese.py', '--cfg-path', '/tmp/tmpy2fdbmn0', '--error-file', '/tmp/tmp3iy2xf4y']
[2023-03-12 15:53:06,265] {standard_task_runner.py:80} INFO - Job 633: Subtask defence1
[2023-03-12 15:53:06,318] {task_command.py:369} INFO - Running <TaskInstance: defence_dag.defence1 manual__2023-03-12T15:53:01.634296+00:00 [running]> on host 596adcca7378
[2023-03-12 15:53:06,399] {taskinstance.py:1571} INFO - Exporting the following env vars:
AIRFLOW_CTX_DAG_OWNER=***
AIRFLOW_CTX_DAG_ID=defence_dag
AIRFLOW_CTX_TASK_ID=defence1
AIRFLOW_CTX_EXECUTION_DATE=2023-03-12T15:53:01.634296+00:00
AIRFLOW_CTX_TRY_NUMBER=1
AIRFLOW_CTX_DAG_RUN_ID=manual__2023-03-12T15:53:01.634296+00:00
[2023-03-12 15:53:06,400] {logging_mixin.py:115} INFO - defensing
[2023-03-12 15:53:06,401] {python.py:173} INFO - Done. Returned value was: None
[2023-03-12 15:53:06,417] {taskinstance.py:1400} INFO - Marking task as SUCCESS. dag_id=defence_dag, task_id=defence1, execution_date=20230312T155301, start_date=20230312T155306, end_date=20230312T155306
[2023-03-12 15:53:06,438] {local_task_job.py:156} INFO - Task exited with return code 0
[2023-03-12 15:53:06,476] {local_task_job.py:273} INFO - 1 downstream tasks scheduled from follow-on schedule check
