[2023-03-16 16:51:29,309] {taskinstance.py:1159} INFO - Dependencies all met for <TaskInstance: xcom_dag.attack3 manual__2023-03-16T16:51:26.021482+00:00 [queued]>
[2023-03-16 16:51:29,327] {taskinstance.py:1159} INFO - Dependencies all met for <TaskInstance: xcom_dag.attack3 manual__2023-03-16T16:51:26.021482+00:00 [queued]>
[2023-03-16 16:51:29,328] {taskinstance.py:1356} INFO - 
--------------------------------------------------------------------------------
[2023-03-16 16:51:29,328] {taskinstance.py:1357} INFO - Starting attempt 1 of 2
[2023-03-16 16:51:29,329] {taskinstance.py:1358} INFO - 
--------------------------------------------------------------------------------
[2023-03-16 16:51:29,347] {taskinstance.py:1377} INFO - Executing <Task(PythonOperator): attack3> on 2023-03-16 16:51:26.021482+00:00
[2023-03-16 16:51:29,352] {standard_task_runner.py:52} INFO - Started process 148 to run task
[2023-03-16 16:51:29,356] {standard_task_runner.py:79} INFO - Running: ['***', 'tasks', 'run', 'xcom_dag', 'attack3', 'manual__2023-03-16T16:51:26.021482+00:00', '--job-id', '1470', '--raw', '--subdir', 'DAGS_FOLDER/dynamic_dag.py', '--cfg-path', '/tmp/tmpv_rp5sqy', '--error-file', '/tmp/tmp4hlvu9h8']
[2023-03-16 16:51:29,356] {standard_task_runner.py:80} INFO - Job 1470: Subtask attack3
[2023-03-16 16:51:29,426] {task_command.py:369} INFO - Running <TaskInstance: xcom_dag.attack3 manual__2023-03-16T16:51:26.021482+00:00 [running]> on host 596adcca7378
[2023-03-16 16:51:29,512] {taskinstance.py:1571} INFO - Exporting the following env vars:
AIRFLOW_CTX_DAG_OWNER=***
AIRFLOW_CTX_DAG_ID=xcom_dag
AIRFLOW_CTX_TASK_ID=attack3
AIRFLOW_CTX_EXECUTION_DATE=2023-03-16T16:51:26.021482+00:00
AIRFLOW_CTX_TRY_NUMBER=1
AIRFLOW_CTX_DAG_RUN_ID=manual__2023-03-16T16:51:26.021482+00:00
[2023-03-16 16:51:29,531] {python.py:173} INFO - Done. Returned value was: None
[2023-03-16 16:51:29,548] {taskinstance.py:1400} INFO - Marking task as SUCCESS. dag_id=xcom_dag, task_id=attack3, execution_date=20230316T165126, start_date=20230316T165129, end_date=20230316T165129
[2023-03-16 16:51:29,568] {local_task_job.py:156} INFO - Task exited with return code 0
[2023-03-16 16:51:29,613] {local_task_job.py:273} INFO - 0 downstream tasks scheduled from follow-on schedule check
