[2023-03-23 15:33:35,103] {taskinstance.py:1159} INFO - Dependencies all met for <TaskInstance: multi_defence_dag.trigger_offence manual__2023-03-23T15:33:22.772833+00:00 [queued]>
[2023-03-23 15:33:35,115] {taskinstance.py:1159} INFO - Dependencies all met for <TaskInstance: multi_defence_dag.trigger_offence manual__2023-03-23T15:33:22.772833+00:00 [queued]>
[2023-03-23 15:33:35,115] {taskinstance.py:1356} INFO - 
--------------------------------------------------------------------------------
[2023-03-23 15:33:35,115] {taskinstance.py:1357} INFO - Starting attempt 1 of 2
[2023-03-23 15:33:35,116] {taskinstance.py:1358} INFO - 
--------------------------------------------------------------------------------
[2023-03-23 15:33:35,131] {taskinstance.py:1377} INFO - Executing <Task(TriggerDagRunOperator): trigger_offence> on 2023-03-23 15:33:22.772833+00:00
[2023-03-23 15:33:35,137] {standard_task_runner.py:52} INFO - Started process 12743 to run task
[2023-03-23 15:33:35,140] {standard_task_runner.py:79} INFO - Running: ['***', 'tasks', 'run', 'multi_defence_dag', 'trigger_offence', 'manual__2023-03-23T15:33:22.772833+00:00', '--job-id', '3262', '--raw', '--subdir', 'DAGS_FOLDER/defence_dag.py', '--cfg-path', '/tmp/tmpe0y_qt0m', '--error-file', '/tmp/tmpgev9gmbo']
[2023-03-23 15:33:35,142] {standard_task_runner.py:80} INFO - Job 3262: Subtask trigger_offence
[2023-03-23 15:33:35,196] {task_command.py:369} INFO - Running <TaskInstance: multi_defence_dag.trigger_offence manual__2023-03-23T15:33:22.772833+00:00 [running]> on host 6447f1dacd32
[2023-03-23 15:33:35,268] {taskinstance.py:1571} INFO - Exporting the following env vars:
AIRFLOW_CTX_DAG_OWNER=***
AIRFLOW_CTX_DAG_ID=multi_defence_dag
AIRFLOW_CTX_TASK_ID=trigger_offence
AIRFLOW_CTX_EXECUTION_DATE=2023-03-23T15:33:22.772833+00:00
AIRFLOW_CTX_TRY_NUMBER=1
AIRFLOW_CTX_DAG_RUN_ID=manual__2023-03-23T15:33:22.772833+00:00
[2023-03-23 15:33:36,189] {taskinstance.py:1400} INFO - Marking task as SUCCESS. dag_id=multi_defence_dag, task_id=trigger_offence, execution_date=20230323T153322, start_date=20230323T153335, end_date=20230323T153336
[2023-03-23 15:33:36,239] {local_task_job.py:156} INFO - Task exited with return code 0
[2023-03-23 15:33:36,272] {local_task_job.py:273} INFO - 0 downstream tasks scheduled from follow-on schedule check
