[2023-04-23 09:34:28,971] {taskinstance.py:1159} INFO - Dependencies all met for <TaskInstance: multi_defence_dag.Defence2 manual__2023-04-23T09:34:14.574284+00:00 [queued]>
[2023-04-23 09:34:28,998] {taskinstance.py:1159} INFO - Dependencies all met for <TaskInstance: multi_defence_dag.Defence2 manual__2023-04-23T09:34:14.574284+00:00 [queued]>
[2023-04-23 09:34:28,999] {taskinstance.py:1356} INFO - 
--------------------------------------------------------------------------------
[2023-04-23 09:34:29,000] {taskinstance.py:1357} INFO - Starting attempt 1 of 2
[2023-04-23 09:34:29,001] {taskinstance.py:1358} INFO - 
--------------------------------------------------------------------------------
[2023-04-23 09:34:29,034] {taskinstance.py:1377} INFO - Executing <Task(PythonOperator): Defence2> on 2023-04-23 09:34:14.574284+00:00
[2023-04-23 09:34:29,054] {standard_task_runner.py:52} INFO - Started process 1087 to run task
[2023-04-23 09:34:29,063] {standard_task_runner.py:79} INFO - Running: ['***', 'tasks', 'run', 'multi_defence_dag', 'Defence2', 'manual__2023-04-23T09:34:14.574284+00:00', '--job-id', '6087', '--raw', '--subdir', 'DAGS_FOLDER/defence_dag.py', '--cfg-path', '/tmp/tmpmjofsttp', '--error-file', '/tmp/tmpxgxom0x2']
[2023-04-23 09:34:29,066] {standard_task_runner.py:80} INFO - Job 6087: Subtask Defence2
[2023-04-23 09:34:29,271] {task_command.py:369} INFO - Running <TaskInstance: multi_defence_dag.Defence2 manual__2023-04-23T09:34:14.574284+00:00 [running]> on host a3dd7d962104
[2023-04-23 09:34:29,450] {taskinstance.py:1571} INFO - Exporting the following env vars:
AIRFLOW_CTX_DAG_OWNER=***
AIRFLOW_CTX_DAG_ID=multi_defence_dag
AIRFLOW_CTX_TASK_ID=Defence2
AIRFLOW_CTX_EXECUTION_DATE=2023-04-23T09:34:14.574284+00:00
AIRFLOW_CTX_TRY_NUMBER=1
AIRFLOW_CTX_DAG_RUN_ID=manual__2023-04-23T09:34:14.574284+00:00
[2023-04-23 09:34:29,482] {python.py:173} INFO - Done. Returned value was: None
[2023-04-23 09:34:29,528] {taskinstance.py:1400} INFO - Marking task as SUCCESS. dag_id=multi_defence_dag, task_id=Defence2, execution_date=20230423T093414, start_date=20230423T093428, end_date=20230423T093429
[2023-04-23 09:34:29,595] {local_task_job.py:156} INFO - Task exited with return code 0
[2023-04-23 09:34:29,688] {local_task_job.py:273} INFO - 1 downstream tasks scheduled from follow-on schedule check
