[2023-04-27 09:38:03,922] {taskinstance.py:1159} INFO - Dependencies all met for <TaskInstance: multi_attack_dag.attack_FrameSaliencyAttack manual__2023-04-27T09:23:14.509759+00:00 [queued]>
[2023-04-27 09:38:04,111] {taskinstance.py:1159} INFO - Dependencies all met for <TaskInstance: multi_attack_dag.attack_FrameSaliencyAttack manual__2023-04-27T09:23:14.509759+00:00 [queued]>
[2023-04-27 09:38:04,112] {taskinstance.py:1356} INFO - 
--------------------------------------------------------------------------------
[2023-04-27 09:38:04,117] {taskinstance.py:1357} INFO - Starting attempt 2 of 2
[2023-04-27 09:38:04,118] {taskinstance.py:1358} INFO - 
--------------------------------------------------------------------------------
[2023-04-27 09:38:04,210] {taskinstance.py:1377} INFO - Executing <Task(PythonOperator): attack_FrameSaliencyAttack> on 2023-04-27 09:23:14.509759+00:00
[2023-04-27 09:38:04,294] {standard_task_runner.py:52} INFO - Started process 4003 to run task
[2023-04-27 09:38:04,412] {standard_task_runner.py:79} INFO - Running: ['***', 'tasks', 'run', 'multi_attack_dag', 'attack_FrameSaliencyAttack', 'manual__2023-04-27T09:23:14.509759+00:00', '--job-id', '6551', '--raw', '--subdir', 'DAGS_FOLDER/attack_dag.py', '--cfg-path', '/tmp/tmppyd5rrt2', '--error-file', '/tmp/tmpnw_xdk9h']
[2023-04-27 09:38:04,413] {standard_task_runner.py:80} INFO - Job 6551: Subtask attack_FrameSaliencyAttack
[2023-04-27 09:38:04,698] {task_command.py:369} INFO - Running <TaskInstance: multi_attack_dag.attack_FrameSaliencyAttack manual__2023-04-27T09:23:14.509759+00:00 [running]> on host e7e31d5a6603
[2023-04-27 09:38:05,315] {taskinstance.py:1571} INFO - Exporting the following env vars:
AIRFLOW_CTX_DAG_OWNER=***
AIRFLOW_CTX_DAG_ID=multi_attack_dag
AIRFLOW_CTX_TASK_ID=attack_FrameSaliencyAttack
AIRFLOW_CTX_EXECUTION_DATE=2023-04-27T09:23:14.509759+00:00
AIRFLOW_CTX_TRY_NUMBER=2
AIRFLOW_CTX_DAG_RUN_ID=manual__2023-04-27T09:23:14.509759+00:00
[2023-04-27 09:38:05,319] {transport.py:157} INFO - Attempting refresh to obtain initial access_token
[2023-04-27 09:38:05,340] {client.py:777} INFO - Refreshing access_token
[2023-04-27 09:38:06,143] {transport.py:157} INFO - Attempting refresh to obtain initial access_token
[2023-04-27 09:38:06,146] {client.py:777} INFO - Refreshing access_token
[2023-04-27 09:38:27,330] {pytorch.py:1198} INFO - Inferred 5 hidden layers on PyTorch classifier.
[2023-04-27 10:02:18,695] {local_task_job.py:221} WARNING - State of this instance has been externally set to failed. Terminating instance.
[2023-04-27 10:02:18,775] {process_utils.py:129} INFO - Sending Signals.SIGTERM to group 4003. PIDs of all processes in the group: [4003]
[2023-04-27 10:02:18,814] {process_utils.py:80} INFO - Sending the signal Signals.SIGTERM to group 4003
[2023-04-27 10:02:18,840] {taskinstance.py:1541} ERROR - Received SIGTERM. Terminating subprocesses.
[2023-04-27 10:02:19,295] {process_utils.py:75} INFO - Process psutil.Process(pid=4003, status='terminated', exitcode=0, started='09:38:03') (4003) terminated with exit code 0
