[2023-04-16 15:31:28,550] {taskinstance.py:1159} INFO - Dependencies all met for <TaskInstance: multi_attack_dag.attack_BasicIterativeMethod manual__2023-04-16T15:30:45.711552+00:00 [queued]>
[2023-04-16 15:31:28,619] {taskinstance.py:1159} INFO - Dependencies all met for <TaskInstance: multi_attack_dag.attack_BasicIterativeMethod manual__2023-04-16T15:30:45.711552+00:00 [queued]>
[2023-04-16 15:31:28,620] {taskinstance.py:1356} INFO - 
--------------------------------------------------------------------------------
[2023-04-16 15:31:28,621] {taskinstance.py:1357} INFO - Starting attempt 1 of 2
[2023-04-16 15:31:28,621] {taskinstance.py:1358} INFO - 
--------------------------------------------------------------------------------
[2023-04-16 15:31:28,701] {taskinstance.py:1377} INFO - Executing <Task(PythonOperator): attack_BasicIterativeMethod> on 2023-04-16 15:30:45.711552+00:00
[2023-04-16 15:31:28,731] {standard_task_runner.py:52} INFO - Started process 127 to run task
[2023-04-16 15:31:28,752] {standard_task_runner.py:79} INFO - Running: ['***', 'tasks', 'run', 'multi_attack_dag', 'attack_BasicIterativeMethod', 'manual__2023-04-16T15:30:45.711552+00:00', '--job-id', '5238', '--raw', '--subdir', 'DAGS_FOLDER/attack_dag.py', '--cfg-path', '/tmp/tmp_btpzfav', '--error-file', '/tmp/tmpoqjjzzsa']
[2023-04-16 15:31:28,760] {standard_task_runner.py:80} INFO - Job 5238: Subtask attack_BasicIterativeMethod
[2023-04-16 15:31:28,980] {task_command.py:369} INFO - Running <TaskInstance: multi_attack_dag.attack_BasicIterativeMethod manual__2023-04-16T15:30:45.711552+00:00 [running]> on host c5458bb8a35c
[2023-04-16 15:31:29,281] {taskinstance.py:1571} INFO - Exporting the following env vars:
AIRFLOW_CTX_DAG_OWNER=***
AIRFLOW_CTX_DAG_ID=multi_attack_dag
AIRFLOW_CTX_TASK_ID=attack_BasicIterativeMethod
AIRFLOW_CTX_EXECUTION_DATE=2023-04-16T15:30:45.711552+00:00
AIRFLOW_CTX_TRY_NUMBER=1
AIRFLOW_CTX_DAG_RUN_ID=manual__2023-04-16T15:30:45.711552+00:00
[2023-04-16 15:31:29,291] {transport.py:157} INFO - Attempting refresh to obtain initial access_token
[2023-04-16 15:31:29,309] {client.py:777} INFO - Refreshing access_token
[2023-04-16 15:31:30,292] {transport.py:157} INFO - Attempting refresh to obtain initial access_token
[2023-04-16 15:31:30,303] {client.py:777} INFO - Refreshing access_token
[2023-04-16 15:31:31,670] {taskinstance.py:1889} ERROR - Task failed with exception
Traceback (most recent call last):
  File "/home/airflow/.local/lib/python3.7/site-packages/airflow/operators/python.py", line 171, in execute
    return_value = self.execute_callable()
  File "/home/airflow/.local/lib/python3.7/site-packages/airflow/operators/python.py", line 189, in execute_callable
    return self.python_callable(*self.op_args, **self.op_kwargs)
  File "/opt/airflow/dags/attack_dag.py", line 122, in attack_BasicIterativeMethod
    model_acc, adversarial_examples  = attack(BasicIterativeMethod)
  File "/opt/airflow/dags/attack_dag.py", line 152, in attack
    estimator = get_estimator()
  File "/opt/airflow/dags/attack_dag.py", line 67, in get_estimator
    model = load_from_bucket("ML_model.pickle",as_json=False)
  File "/opt/airflow/dags/helpers.py", line 120, in load_from_bucket
    raise err
  File "/opt/airflow/dags/helpers.py", line 117, in load_from_bucket
    loaded_obj = cloudpickle.load(f)
AttributeError: Can't get attribute 'NeuralNetworkClassificationModel' on <module '__main__' from '/home/***/.local/bin/***'>
[2023-04-16 15:31:31,722] {taskinstance.py:1400} INFO - Marking task as UP_FOR_RETRY. dag_id=multi_attack_dag, task_id=attack_BasicIterativeMethod, execution_date=20230416T153045, start_date=20230416T153128, end_date=20230416T153131
[2023-04-16 15:31:31,781] {standard_task_runner.py:97} ERROR - Failed to execute job 5238 for task attack_BasicIterativeMethod (Can't get attribute 'NeuralNetworkClassificationModel' on <module '__main__' from '/home/***/.local/bin/***'>; 127)
[2023-04-16 15:31:31,842] {local_task_job.py:156} INFO - Task exited with return code 1
[2023-04-16 15:31:32,022] {local_task_job.py:273} INFO - 0 downstream tasks scheduled from follow-on schedule check
