[2023-03-28 09:57:55,526] {taskinstance.py:1159} INFO - Dependencies all met for <TaskInstance: defence_dag2.storing manual__2023-03-28T09:57:53.495132+00:00 [queued]>
[2023-03-28 09:57:55,539] {taskinstance.py:1159} INFO - Dependencies all met for <TaskInstance: defence_dag2.storing manual__2023-03-28T09:57:53.495132+00:00 [queued]>
[2023-03-28 09:57:55,539] {taskinstance.py:1356} INFO - 
--------------------------------------------------------------------------------
[2023-03-28 09:57:55,540] {taskinstance.py:1357} INFO - Starting attempt 1 of 1
[2023-03-28 09:57:55,545] {taskinstance.py:1358} INFO - 
--------------------------------------------------------------------------------
[2023-03-28 09:57:55,562] {taskinstance.py:1377} INFO - Executing <Task(BashOperator): storing> on 2023-03-28 09:57:53.495132+00:00
[2023-03-28 09:57:55,568] {standard_task_runner.py:52} INFO - Started process 1139 to run task
[2023-03-28 09:57:55,572] {standard_task_runner.py:79} INFO - Running: ['***', 'tasks', 'run', 'defence_dag2', 'storing', 'manual__2023-03-28T09:57:53.495132+00:00', '--job-id', '4060', '--raw', '--subdir', 'DAGS_FOLDER/defese.py', '--cfg-path', '/tmp/tmprshgz2sq', '--error-file', '/tmp/tmput42qpeq']
[2023-03-28 09:57:55,573] {standard_task_runner.py:80} INFO - Job 4060: Subtask storing
[2023-03-28 09:57:55,641] {task_command.py:369} INFO - Running <TaskInstance: defence_dag2.storing manual__2023-03-28T09:57:53.495132+00:00 [running]> on host 70f8824ef075
[2023-03-28 09:57:55,725] {taskinstance.py:1571} INFO - Exporting the following env vars:
AIRFLOW_CTX_DAG_OWNER=***
AIRFLOW_CTX_DAG_ID=defence_dag2
AIRFLOW_CTX_TASK_ID=storing
AIRFLOW_CTX_EXECUTION_DATE=2023-03-28T09:57:53.495132+00:00
AIRFLOW_CTX_TRY_NUMBER=1
AIRFLOW_CTX_DAG_RUN_ID=manual__2023-03-28T09:57:53.495132+00:00
[2023-03-28 09:57:55,727] {subprocess.py:62} INFO - Tmp dir root location: 
 /tmp
[2023-03-28 09:57:55,728] {subprocess.py:74} INFO - Running command: ['bash', '-c', 'sleep 1']
[2023-03-28 09:57:55,740] {subprocess.py:85} INFO - Output:
[2023-03-28 09:57:56,742] {subprocess.py:96} INFO - Command exited with return code 0
[2023-03-28 09:57:56,785] {taskinstance.py:1400} INFO - Marking task as SUCCESS. dag_id=defence_dag2, task_id=storing, execution_date=20230328T095753, start_date=20230328T095755, end_date=20230328T095756
[2023-03-28 09:57:56,832] {local_task_job.py:156} INFO - Task exited with return code 0
[2023-03-28 09:57:56,877] {local_task_job.py:273} INFO - 1 downstream tasks scheduled from follow-on schedule check
