[2023-04-09 09:12:57,279] {taskinstance.py:1159} INFO - Dependencies all met for <TaskInstance: multi_attack_dag.to_attack_FastGradientMethod manual__2023-04-09T09:12:42.675704+00:00 [queued]>
[2023-04-09 09:12:57,296] {taskinstance.py:1159} INFO - Dependencies all met for <TaskInstance: multi_attack_dag.to_attack_FastGradientMethod manual__2023-04-09T09:12:42.675704+00:00 [queued]>
[2023-04-09 09:12:57,297] {taskinstance.py:1356} INFO - 
--------------------------------------------------------------------------------
[2023-04-09 09:12:57,298] {taskinstance.py:1357} INFO - Starting attempt 1 of 2
[2023-04-09 09:12:57,298] {taskinstance.py:1358} INFO - 
--------------------------------------------------------------------------------
[2023-04-09 09:12:57,318] {taskinstance.py:1377} INFO - Executing <Task(BranchPythonOperator): to_attack_FastGradientMethod> on 2023-04-09 09:12:42.675704+00:00
[2023-04-09 09:12:57,328] {standard_task_runner.py:52} INFO - Started process 6425 to run task
[2023-04-09 09:12:57,332] {standard_task_runner.py:79} INFO - Running: ['***', 'tasks', 'run', 'multi_attack_dag', 'to_attack_FastGradientMethod', 'manual__2023-04-09T09:12:42.675704+00:00', '--job-id', '4892', '--raw', '--subdir', 'DAGS_FOLDER/attack_dag.py', '--cfg-path', '/tmp/tmphdudyi_c', '--error-file', '/tmp/tmpne7ieo0k']
[2023-04-09 09:12:57,334] {standard_task_runner.py:80} INFO - Job 4892: Subtask to_attack_FastGradientMethod
[2023-04-09 09:12:57,438] {task_command.py:369} INFO - Running <TaskInstance: multi_attack_dag.to_attack_FastGradientMethod manual__2023-04-09T09:12:42.675704+00:00 [running]> on host ff3d40af78f9
[2023-04-09 09:12:57,569] {taskinstance.py:1571} INFO - Exporting the following env vars:
AIRFLOW_CTX_DAG_OWNER=***
AIRFLOW_CTX_DAG_ID=multi_attack_dag
AIRFLOW_CTX_TASK_ID=to_attack_FastGradientMethod
AIRFLOW_CTX_EXECUTION_DATE=2023-04-09T09:12:42.675704+00:00
AIRFLOW_CTX_TRY_NUMBER=1
AIRFLOW_CTX_DAG_RUN_ID=manual__2023-04-09T09:12:42.675704+00:00
[2023-04-09 09:12:57,587] {python.py:173} INFO - Done. Returned value was: default
[2023-04-09 09:12:57,588] {skipmixin.py:140} INFO - Following branch default
[2023-04-09 09:12:57,589] {skipmixin.py:175} INFO - Skipping tasks ['attack_FastGradientMethod']
[2023-04-09 09:12:57,658] {taskinstance.py:1400} INFO - Marking task as SUCCESS. dag_id=multi_attack_dag, task_id=to_attack_FastGradientMethod, execution_date=20230409T091242, start_date=20230409T091257, end_date=20230409T091257
[2023-04-09 09:12:57,711] {local_task_job.py:156} INFO - Task exited with return code 0
[2023-04-09 09:12:57,768] {local_task_job.py:273} INFO - 0 downstream tasks scheduled from follow-on schedule check
