[2023-04-27 15:14:49,317] {taskinstance.py:1159} INFO - Dependencies all met for <TaskInstance: multi_defence_dag.to_defence3 manual__2023-04-27T15:14:42.947829+00:00 [queued]>
[2023-04-27 15:14:49,328] {taskinstance.py:1159} INFO - Dependencies all met for <TaskInstance: multi_defence_dag.to_defence3 manual__2023-04-27T15:14:42.947829+00:00 [queued]>
[2023-04-27 15:14:49,328] {taskinstance.py:1356} INFO - 
--------------------------------------------------------------------------------
[2023-04-27 15:14:49,329] {taskinstance.py:1357} INFO - Starting attempt 1 of 2
[2023-04-27 15:14:49,329] {taskinstance.py:1358} INFO - 
--------------------------------------------------------------------------------
[2023-04-27 15:14:49,341] {taskinstance.py:1377} INFO - Executing <Task(BranchPythonOperator): to_defence3> on 2023-04-27 15:14:42.947829+00:00
[2023-04-27 15:14:49,350] {standard_task_runner.py:52} INFO - Started process 3561 to run task
[2023-04-27 15:14:49,353] {standard_task_runner.py:79} INFO - Running: ['***', 'tasks', 'run', 'multi_defence_dag', 'to_defence3', 'manual__2023-04-27T15:14:42.947829+00:00', '--job-id', '6996', '--raw', '--subdir', 'DAGS_FOLDER/defence_dag.py', '--cfg-path', '/tmp/tmpcmc8qmzw', '--error-file', '/tmp/tmp5efct6ii']
[2023-04-27 15:14:49,354] {standard_task_runner.py:80} INFO - Job 6996: Subtask to_defence3
[2023-04-27 15:14:49,405] {task_command.py:369} INFO - Running <TaskInstance: multi_defence_dag.to_defence3 manual__2023-04-27T15:14:42.947829+00:00 [running]> on host e7e31d5a6603
[2023-04-27 15:14:49,472] {taskinstance.py:1571} INFO - Exporting the following env vars:
AIRFLOW_CTX_DAG_OWNER=***
AIRFLOW_CTX_DAG_ID=multi_defence_dag
AIRFLOW_CTX_TASK_ID=to_defence3
AIRFLOW_CTX_EXECUTION_DATE=2023-04-27T15:14:42.947829+00:00
AIRFLOW_CTX_TRY_NUMBER=1
AIRFLOW_CTX_DAG_RUN_ID=manual__2023-04-27T15:14:42.947829+00:00
[2023-04-27 15:14:49,483] {python.py:173} INFO - Done. Returned value was: Defence3
[2023-04-27 15:14:49,484] {skipmixin.py:140} INFO - Following branch Defence3
[2023-04-27 15:14:49,484] {skipmixin.py:175} INFO - Skipping tasks ['default']
[2023-04-27 15:14:49,527] {taskinstance.py:1400} INFO - Marking task as SUCCESS. dag_id=multi_defence_dag, task_id=to_defence3, execution_date=20230427T151442, start_date=20230427T151449, end_date=20230427T151449
[2023-04-27 15:14:49,566] {local_task_job.py:156} INFO - Task exited with return code 0
[2023-04-27 15:14:49,614] {local_task_job.py:273} INFO - 1 downstream tasks scheduled from follow-on schedule check
