[2023-03-23 15:33:51,817] {taskinstance.py:1159} INFO - Dependencies all met for <TaskInstance: multi_defence_dag.choose_defence manual__2023-03-23T15:33:49.153452+00:00 [queued]>
[2023-03-23 15:33:51,827] {taskinstance.py:1159} INFO - Dependencies all met for <TaskInstance: multi_defence_dag.choose_defence manual__2023-03-23T15:33:49.153452+00:00 [queued]>
[2023-03-23 15:33:51,827] {taskinstance.py:1356} INFO - 
--------------------------------------------------------------------------------
[2023-03-23 15:33:51,828] {taskinstance.py:1357} INFO - Starting attempt 1 of 2
[2023-03-23 15:33:51,828] {taskinstance.py:1358} INFO - 
--------------------------------------------------------------------------------
[2023-03-23 15:33:51,844] {taskinstance.py:1377} INFO - Executing <Task(PythonOperator): choose_defence> on 2023-03-23 15:33:49.153452+00:00
[2023-03-23 15:33:51,851] {standard_task_runner.py:52} INFO - Started process 12796 to run task
[2023-03-23 15:33:51,856] {standard_task_runner.py:79} INFO - Running: ['***', 'tasks', 'run', 'multi_defence_dag', 'choose_defence', 'manual__2023-03-23T15:33:49.153452+00:00', '--job-id', '3282', '--raw', '--subdir', 'DAGS_FOLDER/defence_dag.py', '--cfg-path', '/tmp/tmpnvm506wo', '--error-file', '/tmp/tmp9oyx8w_0']
[2023-03-23 15:33:51,857] {standard_task_runner.py:80} INFO - Job 3282: Subtask choose_defence
[2023-03-23 15:33:51,926] {task_command.py:369} INFO - Running <TaskInstance: multi_defence_dag.choose_defence manual__2023-03-23T15:33:49.153452+00:00 [running]> on host 6447f1dacd32
[2023-03-23 15:33:52,011] {taskinstance.py:1571} INFO - Exporting the following env vars:
AIRFLOW_CTX_DAG_OWNER=***
AIRFLOW_CTX_DAG_ID=multi_defence_dag
AIRFLOW_CTX_TASK_ID=choose_defence
AIRFLOW_CTX_EXECUTION_DATE=2023-03-23T15:33:49.153452+00:00
AIRFLOW_CTX_TRY_NUMBER=1
AIRFLOW_CTX_DAG_RUN_ID=manual__2023-03-23T15:33:49.153452+00:00
[2023-03-23 15:33:52,058] {python.py:173} INFO - Done. Returned value was: None
[2023-03-23 15:33:52,073] {taskinstance.py:1400} INFO - Marking task as SUCCESS. dag_id=multi_defence_dag, task_id=choose_defence, execution_date=20230323T153349, start_date=20230323T153351, end_date=20230323T153352
[2023-03-23 15:33:52,108] {local_task_job.py:156} INFO - Task exited with return code 0
[2023-03-23 15:33:52,162] {local_task_job.py:273} INFO - 3 downstream tasks scheduled from follow-on schedule check
