[2023-03-16 12:06:22,345] {taskinstance.py:1159} INFO - Dependencies all met for <TaskInstance: defence_dag2.defence1 scheduled__2023-03-15T00:00:00+00:00 [queued]>
[2023-03-16 12:06:22,355] {taskinstance.py:1159} INFO - Dependencies all met for <TaskInstance: defence_dag2.defence1 scheduled__2023-03-15T00:00:00+00:00 [queued]>
[2023-03-16 12:06:22,356] {taskinstance.py:1356} INFO - 
--------------------------------------------------------------------------------
[2023-03-16 12:06:22,356] {taskinstance.py:1357} INFO - Starting attempt 1 of 1
[2023-03-16 12:06:22,356] {taskinstance.py:1358} INFO - 
--------------------------------------------------------------------------------
[2023-03-16 12:06:22,369] {taskinstance.py:1377} INFO - Executing <Task(PythonOperator): defence1> on 2023-03-15 00:00:00+00:00
[2023-03-16 12:06:22,372] {standard_task_runner.py:52} INFO - Started process 92 to run task
[2023-03-16 12:06:22,376] {standard_task_runner.py:79} INFO - Running: ['***', 'tasks', 'run', 'defence_dag2', 'defence1', 'scheduled__2023-03-15T00:00:00+00:00', '--job-id', '1247', '--raw', '--subdir', 'DAGS_FOLDER/defese.py', '--cfg-path', '/tmp/tmpx7lg0_sv', '--error-file', '/tmp/tmphb0_nyu0']
[2023-03-16 12:06:22,376] {standard_task_runner.py:80} INFO - Job 1247: Subtask defence1
[2023-03-16 12:06:22,427] {task_command.py:369} INFO - Running <TaskInstance: defence_dag2.defence1 scheduled__2023-03-15T00:00:00+00:00 [running]> on host 596adcca7378
[2023-03-16 12:06:22,486] {taskinstance.py:1571} INFO - Exporting the following env vars:
AIRFLOW_CTX_DAG_OWNER=***
AIRFLOW_CTX_DAG_ID=defence_dag2
AIRFLOW_CTX_TASK_ID=defence1
AIRFLOW_CTX_EXECUTION_DATE=2023-03-15T00:00:00+00:00
AIRFLOW_CTX_TRY_NUMBER=1
AIRFLOW_CTX_DAG_RUN_ID=scheduled__2023-03-15T00:00:00+00:00
[2023-03-16 12:06:22,487] {logging_mixin.py:115} INFO - defensing
[2023-03-16 12:06:22,487] {python.py:173} INFO - Done. Returned value was: None
[2023-03-16 12:06:22,496] {taskinstance.py:1400} INFO - Marking task as SUCCESS. dag_id=defence_dag2, task_id=defence1, execution_date=20230315T000000, start_date=20230316T120622, end_date=20230316T120622
[2023-03-16 12:06:22,508] {local_task_job.py:156} INFO - Task exited with return code 0
[2023-03-16 12:06:22,538] {local_task_job.py:273} INFO - 1 downstream tasks scheduled from follow-on schedule check
