[2023-04-23 10:38:46,605] {taskinstance.py:1159} INFO - Dependencies all met for <TaskInstance: multi_defence_dag.stop manual__2023-04-23T10:38:21.165405+00:00 [queued]>
[2023-04-23 10:38:46,628] {taskinstance.py:1159} INFO - Dependencies all met for <TaskInstance: multi_defence_dag.stop manual__2023-04-23T10:38:21.165405+00:00 [queued]>
[2023-04-23 10:38:46,629] {taskinstance.py:1356} INFO - 
--------------------------------------------------------------------------------
[2023-04-23 10:38:46,629] {taskinstance.py:1357} INFO - Starting attempt 1 of 2
[2023-04-23 10:38:46,630] {taskinstance.py:1358} INFO - 
--------------------------------------------------------------------------------
[2023-04-23 10:38:46,659] {taskinstance.py:1377} INFO - Executing <Task(PythonOperator): stop> on 2023-04-23 10:38:21.165405+00:00
[2023-04-23 10:38:46,670] {standard_task_runner.py:52} INFO - Started process 3618 to run task
[2023-04-23 10:38:46,675] {standard_task_runner.py:79} INFO - Running: ['***', 'tasks', 'run', 'multi_defence_dag', 'stop', 'manual__2023-04-23T10:38:21.165405+00:00', '--job-id', '6204', '--raw', '--subdir', 'DAGS_FOLDER/defence_dag.py', '--cfg-path', '/tmp/tmp833s99r3', '--error-file', '/tmp/tmppywlzr4l']
[2023-04-23 10:38:46,677] {standard_task_runner.py:80} INFO - Job 6204: Subtask stop
[2023-04-23 10:38:46,782] {task_command.py:369} INFO - Running <TaskInstance: multi_defence_dag.stop manual__2023-04-23T10:38:21.165405+00:00 [running]> on host a3dd7d962104
[2023-04-23 10:38:46,909] {taskinstance.py:1571} INFO - Exporting the following env vars:
AIRFLOW_CTX_DAG_OWNER=***
AIRFLOW_CTX_DAG_ID=multi_defence_dag
AIRFLOW_CTX_TASK_ID=stop
AIRFLOW_CTX_EXECUTION_DATE=2023-04-23T10:38:21.165405+00:00
AIRFLOW_CTX_TRY_NUMBER=1
AIRFLOW_CTX_DAG_RUN_ID=manual__2023-04-23T10:38:21.165405+00:00
[2023-04-23 10:38:46,911] {python.py:173} INFO - Done. Returned value was: Cycle has ended
[2023-04-23 10:38:46,956] {taskinstance.py:1400} INFO - Marking task as SUCCESS. dag_id=multi_defence_dag, task_id=stop, execution_date=20230423T103821, start_date=20230423T103846, end_date=20230423T103846
[2023-04-23 10:38:47,008] {local_task_job.py:156} INFO - Task exited with return code 0
[2023-04-23 10:38:47,097] {local_task_job.py:273} INFO - 0 downstream tasks scheduled from follow-on schedule check
