[2023-03-16 11:57:23,577] {taskinstance.py:1159} INFO - Dependencies all met for <TaskInstance: defence_dag.to_attack manual__2023-03-12T15:19:58.947648+00:00 [queued]>
[2023-03-16 11:57:23,700] {taskinstance.py:1159} INFO - Dependencies all met for <TaskInstance: defence_dag.to_attack manual__2023-03-12T15:19:58.947648+00:00 [queued]>
[2023-03-16 11:57:23,703] {taskinstance.py:1356} INFO - 
--------------------------------------------------------------------------------
[2023-03-16 11:57:23,705] {taskinstance.py:1357} INFO - Starting attempt 1 of 1
[2023-03-16 11:57:23,714] {taskinstance.py:1358} INFO - 
--------------------------------------------------------------------------------
[2023-03-16 11:57:23,797] {taskinstance.py:1377} INFO - Executing <Task(BranchPythonOperator): to_attack> on 2023-03-12 15:19:58.947648+00:00
[2023-03-16 11:57:23,806] {standard_task_runner.py:52} INFO - Started process 950 to run task
[2023-03-16 11:57:23,883] {standard_task_runner.py:79} INFO - Running: ['***', 'tasks', 'run', 'defence_dag', 'to_attack', 'manual__2023-03-12T15:19:58.947648+00:00', '--job-id', '1075', '--raw', '--subdir', 'DAGS_FOLDER/defese.py', '--cfg-path', '/tmp/tmplzpr8cet', '--error-file', '/tmp/tmp545rhrrn']
[2023-03-16 11:57:23,884] {standard_task_runner.py:80} INFO - Job 1075: Subtask to_attack
[2023-03-16 11:57:24,171] {task_command.py:369} INFO - Running <TaskInstance: defence_dag.to_attack manual__2023-03-12T15:19:58.947648+00:00 [running]> on host 596adcca7378
[2023-03-16 11:57:24,748] {taskinstance.py:1571} INFO - Exporting the following env vars:
AIRFLOW_CTX_DAG_OWNER=***
AIRFLOW_CTX_DAG_ID=defence_dag
AIRFLOW_CTX_TASK_ID=to_attack
AIRFLOW_CTX_EXECUTION_DATE=2023-03-12T15:19:58.947648+00:00
AIRFLOW_CTX_TRY_NUMBER=1
AIRFLOW_CTX_DAG_RUN_ID=manual__2023-03-12T15:19:58.947648+00:00
[2023-03-16 11:57:24,756] {python.py:173} INFO - Done. Returned value was: stop
[2023-03-16 11:57:24,757] {skipmixin.py:140} INFO - Following branch stop
[2023-03-16 11:57:24,758] {skipmixin.py:175} INFO - Skipping tasks ['trigger_offence']
[2023-03-16 11:57:25,063] {taskinstance.py:1400} INFO - Marking task as SUCCESS. dag_id=defence_dag, task_id=to_attack, execution_date=20230312T151958, start_date=20230316T115723, end_date=20230316T115725
[2023-03-16 11:57:25,239] {local_task_job.py:156} INFO - Task exited with return code 0
[2023-03-16 11:57:25,603] {local_task_job.py:273} INFO - 1 downstream tasks scheduled from follow-on schedule check
