[2023-04-09 08:47:37,935] {taskinstance.py:1159} INFO - Dependencies all met for <TaskInstance: multi_attack_dag.metadata manual__2023-04-09T08:47:18.637735+00:00 [queued]>
[2023-04-09 08:47:37,960] {taskinstance.py:1159} INFO - Dependencies all met for <TaskInstance: multi_attack_dag.metadata manual__2023-04-09T08:47:18.637735+00:00 [queued]>
[2023-04-09 08:47:37,961] {taskinstance.py:1356} INFO - 
--------------------------------------------------------------------------------
[2023-04-09 08:47:37,969] {taskinstance.py:1357} INFO - Starting attempt 1 of 2
[2023-04-09 08:47:37,969] {taskinstance.py:1358} INFO - 
--------------------------------------------------------------------------------
[2023-04-09 08:47:38,035] {taskinstance.py:1377} INFO - Executing <Task(PythonOperator): metadata> on 2023-04-09 08:47:18.637735+00:00
[2023-04-09 08:47:38,065] {standard_task_runner.py:52} INFO - Started process 5137 to run task
[2023-04-09 08:47:38,081] {standard_task_runner.py:79} INFO - Running: ['***', 'tasks', 'run', 'multi_attack_dag', 'metadata', 'manual__2023-04-09T08:47:18.637735+00:00', '--job-id', '4844', '--raw', '--subdir', 'DAGS_FOLDER/attack_dag.py', '--cfg-path', '/tmp/tmpqv4qqsgc', '--error-file', '/tmp/tmpqvjq6an4']
[2023-04-09 08:47:38,095] {standard_task_runner.py:80} INFO - Job 4844: Subtask metadata
[2023-04-09 08:47:38,261] {task_command.py:369} INFO - Running <TaskInstance: multi_attack_dag.metadata manual__2023-04-09T08:47:18.637735+00:00 [running]> on host ff3d40af78f9
[2023-04-09 08:47:38,549] {taskinstance.py:1571} INFO - Exporting the following env vars:
AIRFLOW_CTX_DAG_OWNER=***
AIRFLOW_CTX_DAG_ID=multi_attack_dag
AIRFLOW_CTX_TASK_ID=metadata
AIRFLOW_CTX_EXECUTION_DATE=2023-04-09T08:47:18.637735+00:00
AIRFLOW_CTX_TRY_NUMBER=1
AIRFLOW_CTX_DAG_RUN_ID=manual__2023-04-09T08:47:18.637735+00:00
[2023-04-09 08:47:38,555] {transport.py:157} INFO - Attempting refresh to obtain initial access_token
[2023-04-09 08:47:38,570] {client.py:777} INFO - Refreshing access_token
[2023-04-09 08:47:39,535] {python.py:173} INFO - Done. Returned value was: None
[2023-04-09 08:47:39,575] {taskinstance.py:1400} INFO - Marking task as SUCCESS. dag_id=multi_attack_dag, task_id=metadata, execution_date=20230409T084718, start_date=20230409T084737, end_date=20230409T084739
[2023-04-09 08:47:39,686] {local_task_job.py:156} INFO - Task exited with return code 0
[2023-04-09 08:47:39,862] {local_task_job.py:273} INFO - 3 downstream tasks scheduled from follow-on schedule check
