[2023-04-30 08:08:37,347] {taskinstance.py:1159} INFO - Dependencies all met for <TaskInstance: multi_attack_dag.attack_FastGradientMethod manual__2023-04-30T08:08:12.016220+00:00 [queued]>
[2023-04-30 08:08:37,370] {taskinstance.py:1159} INFO - Dependencies all met for <TaskInstance: multi_attack_dag.attack_FastGradientMethod manual__2023-04-30T08:08:12.016220+00:00 [queued]>
[2023-04-30 08:08:37,372] {taskinstance.py:1356} INFO - 
--------------------------------------------------------------------------------
[2023-04-30 08:08:37,373] {taskinstance.py:1357} INFO - Starting attempt 1 of 2
[2023-04-30 08:08:37,374] {taskinstance.py:1358} INFO - 
--------------------------------------------------------------------------------
[2023-04-30 08:08:37,407] {taskinstance.py:1377} INFO - Executing <Task(PythonOperator): attack_FastGradientMethod> on 2023-04-30 08:08:12.016220+00:00
[2023-04-30 08:08:37,425] {standard_task_runner.py:52} INFO - Started process 914 to run task
[2023-04-30 08:08:37,440] {standard_task_runner.py:79} INFO - Running: ['***', 'tasks', 'run', 'multi_attack_dag', 'attack_FastGradientMethod', 'manual__2023-04-30T08:08:12.016220+00:00', '--job-id', '7142', '--raw', '--subdir', 'DAGS_FOLDER/attack_dag.py', '--cfg-path', '/tmp/tmp04igr9qi', '--error-file', '/tmp/tmp3kld7gs4']
[2023-04-30 08:08:37,443] {standard_task_runner.py:80} INFO - Job 7142: Subtask attack_FastGradientMethod
[2023-04-30 08:08:37,585] {task_command.py:369} INFO - Running <TaskInstance: multi_attack_dag.attack_FastGradientMethod manual__2023-04-30T08:08:12.016220+00:00 [running]> on host e7e31d5a6603
[2023-04-30 08:08:37,863] {taskinstance.py:1571} INFO - Exporting the following env vars:
AIRFLOW_CTX_DAG_OWNER=***
AIRFLOW_CTX_DAG_ID=multi_attack_dag
AIRFLOW_CTX_TASK_ID=attack_FastGradientMethod
AIRFLOW_CTX_EXECUTION_DATE=2023-04-30T08:08:12.016220+00:00
AIRFLOW_CTX_TRY_NUMBER=1
AIRFLOW_CTX_DAG_RUN_ID=manual__2023-04-30T08:08:12.016220+00:00
[2023-04-30 08:08:37,924] {transport.py:157} INFO - Attempting refresh to obtain initial access_token
[2023-04-30 08:08:37,935] {client.py:777} INFO - Refreshing access_token
[2023-04-30 08:08:38,878] {taskinstance.py:1889} ERROR - Task failed with exception
Traceback (most recent call last):
  File "/home/airflow/.local/lib/python3.7/site-packages/airflow/operators/python.py", line 171, in execute
    return_value = self.execute_callable()
  File "/home/airflow/.local/lib/python3.7/site-packages/airflow/operators/python.py", line 189, in execute_callable
    return self.python_callable(*self.op_args, **self.op_kwargs)
  File "/opt/airflow/dags/attack.py", line 208, in attack_FastGradientMethod
    model_acc, adversarial_examples = attack(FastGradientMethod)
  File "/opt/airflow/dags/attack.py", line 30, in attack
    x_train, y_train,x_test, y_test =  get_data()
TypeError: cannot unpack non-iterable NoneType object
[2023-04-30 08:08:38,888] {taskinstance.py:1400} INFO - Marking task as UP_FOR_RETRY. dag_id=multi_attack_dag, task_id=attack_FastGradientMethod, execution_date=20230430T080812, start_date=20230430T080837, end_date=20230430T080838
[2023-04-30 08:08:38,897] {standard_task_runner.py:97} ERROR - Failed to execute job 7142 for task attack_FastGradientMethod (cannot unpack non-iterable NoneType object; 914)
[2023-04-30 08:08:38,942] {local_task_job.py:156} INFO - Task exited with return code 1
[2023-04-30 08:08:38,979] {local_task_job.py:273} INFO - 0 downstream tasks scheduled from follow-on schedule check
