[2023-04-08 10:50:04,625] {taskinstance.py:1159} INFO - Dependencies all met for <TaskInstance: estimator_match_DAG.get_estiamtor manual__2023-04-08T10:47:40.320565+00:00 [queued]>
[2023-04-08 10:50:04,643] {taskinstance.py:1159} INFO - Dependencies all met for <TaskInstance: estimator_match_DAG.get_estiamtor manual__2023-04-08T10:47:40.320565+00:00 [queued]>
[2023-04-08 10:50:04,644] {taskinstance.py:1356} INFO - 
--------------------------------------------------------------------------------
[2023-04-08 10:50:04,645] {taskinstance.py:1357} INFO - Starting attempt 1 of 2
[2023-04-08 10:50:04,646] {taskinstance.py:1358} INFO - 
--------------------------------------------------------------------------------
[2023-04-08 10:50:04,669] {taskinstance.py:1377} INFO - Executing <Task(PythonOperator): get_estiamtor> on 2023-04-08 10:47:40.320565+00:00
[2023-04-08 10:50:04,686] {standard_task_runner.py:52} INFO - Started process 68 to run task
[2023-04-08 10:50:04,690] {standard_task_runner.py:79} INFO - Running: ['***', 'tasks', 'run', 'estimator_match_DAG', 'get_estiamtor', 'manual__2023-04-08T10:47:40.320565+00:00', '--job-id', '4629', '--raw', '--subdir', 'DAGS_FOLDER/estimator_match.py', '--cfg-path', '/tmp/tmpxfjcmy5i', '--error-file', '/tmp/tmpx8_4lg5o']
[2023-04-08 10:50:04,692] {standard_task_runner.py:80} INFO - Job 4629: Subtask get_estiamtor
[2023-04-08 10:50:04,778] {task_command.py:369} INFO - Running <TaskInstance: estimator_match_DAG.get_estiamtor manual__2023-04-08T10:47:40.320565+00:00 [running]> on host ff3d40af78f9
[2023-04-08 10:50:04,924] {taskinstance.py:1571} INFO - Exporting the following env vars:
AIRFLOW_CTX_DAG_OWNER=***
AIRFLOW_CTX_DAG_ID=estimator_match_DAG
AIRFLOW_CTX_TASK_ID=get_estiamtor
AIRFLOW_CTX_EXECUTION_DATE=2023-04-08T10:47:40.320565+00:00
AIRFLOW_CTX_TRY_NUMBER=1
AIRFLOW_CTX_DAG_RUN_ID=manual__2023-04-08T10:47:40.320565+00:00
[2023-04-08 10:50:04,930] {transport.py:157} INFO - Attempting refresh to obtain initial access_token
[2023-04-08 10:50:04,941] {client.py:777} INFO - Refreshing access_token
[2023-04-08 10:50:06,247] {transport.py:157} INFO - Attempting refresh to obtain initial access_token
[2023-04-08 10:50:06,257] {client.py:777} INFO - Refreshing access_token
[2023-04-08 10:50:07,291] {transport.py:157} INFO - Attempting refresh to obtain initial access_token
[2023-04-08 10:50:07,293] {client.py:777} INFO - Refreshing access_token
[2023-04-08 10:50:07,930] {pytorch.py:1198} INFO - Inferred 5 hidden layers on PyTorch classifier.
[2023-04-08 10:50:07,938] {xcom.py:585} ERROR - Could not serialize the XCom value into JSON. If you are using pickle instead of JSON for XCom, then you need to enable pickle support for XCom in your *** config.
[2023-04-08 10:50:07,939] {taskinstance.py:1889} ERROR - Task failed with exception
Traceback (most recent call last):
  File "/home/airflow/.local/lib/python3.7/site-packages/airflow/operators/python.py", line 171, in execute
    return_value = self.execute_callable()
  File "/home/airflow/.local/lib/python3.7/site-packages/airflow/operators/python.py", line 189, in execute_callable
    return self.python_callable(*self.op_args, **self.op_kwargs)
  File "/opt/airflow/dags/estimator_match.py", line 58, in get_estimator
    ti.xcom_push(key="estimator_params",value=estimator.__dict__)
  File "/home/airflow/.local/lib/python3.7/site-packages/airflow/utils/session.py", line 71, in wrapper
    return func(*args, session=session, **kwargs)
  File "/home/airflow/.local/lib/python3.7/site-packages/airflow/models/taskinstance.py", line 2380, in xcom_push
    session=session,
  File "/home/airflow/.local/lib/python3.7/site-packages/airflow/utils/session.py", line 68, in wrapper
    return func(*args, **kwargs)
  File "/home/airflow/.local/lib/python3.7/site-packages/airflow/models/xcom.py", line 197, in set
    map_index=map_index,
  File "/home/airflow/.local/lib/python3.7/site-packages/airflow/models/xcom.py", line 582, in serialize_value
    return json.dumps(value).encode('UTF-8')
  File "/usr/local/lib/python3.7/json/__init__.py", line 231, in dumps
    return _default_encoder.encode(obj)
  File "/usr/local/lib/python3.7/json/encoder.py", line 199, in encode
    chunks = self.iterencode(o, _one_shot=True)
  File "/usr/local/lib/python3.7/json/encoder.py", line 257, in iterencode
    return _iterencode(o, 0)
  File "/usr/local/lib/python3.7/json/encoder.py", line 179, in default
    raise TypeError(f'Object of type {o.__class__.__name__} '
TypeError: Object of type ModelWrapper is not JSON serializable
[2023-04-08 10:50:07,948] {taskinstance.py:1400} INFO - Marking task as UP_FOR_RETRY. dag_id=estimator_match_DAG, task_id=get_estiamtor, execution_date=20230408T104740, start_date=20230408T105004, end_date=20230408T105007
[2023-04-08 10:50:07,963] {standard_task_runner.py:97} ERROR - Failed to execute job 4629 for task get_estiamtor (Object of type ModelWrapper is not JSON serializable; 68)
[2023-04-08 10:50:08,009] {local_task_job.py:156} INFO - Task exited with return code 1
[2023-04-08 10:50:08,043] {local_task_job.py:273} INFO - 0 downstream tasks scheduled from follow-on schedule check
