[2023-03-28 09:55:24,226] {taskinstance.py:1159} INFO - Dependencies all met for <TaskInstance: defence_dag2.defence1 manual__2023-03-28T09:55:19.096192+00:00 [queued]>
[2023-03-28 09:55:24,235] {taskinstance.py:1159} INFO - Dependencies all met for <TaskInstance: defence_dag2.defence1 manual__2023-03-28T09:55:19.096192+00:00 [queued]>
[2023-03-28 09:55:24,235] {taskinstance.py:1356} INFO - 
--------------------------------------------------------------------------------
[2023-03-28 09:55:24,236] {taskinstance.py:1357} INFO - Starting attempt 1 of 1
[2023-03-28 09:55:24,241] {taskinstance.py:1358} INFO - 
--------------------------------------------------------------------------------
[2023-03-28 09:55:24,254] {taskinstance.py:1377} INFO - Executing <Task(PythonOperator): defence1> on 2023-03-28 09:55:19.096192+00:00
[2023-03-28 09:55:24,259] {standard_task_runner.py:52} INFO - Started process 908 to run task
[2023-03-28 09:55:24,263] {standard_task_runner.py:79} INFO - Running: ['***', 'tasks', 'run', 'defence_dag2', 'defence1', 'manual__2023-03-28T09:55:19.096192+00:00', '--job-id', '4027', '--raw', '--subdir', 'DAGS_FOLDER/defese.py', '--cfg-path', '/tmp/tmpsvp1fdhv', '--error-file', '/tmp/tmpqlafjrd5']
[2023-03-28 09:55:24,264] {standard_task_runner.py:80} INFO - Job 4027: Subtask defence1
[2023-03-28 09:55:24,320] {task_command.py:369} INFO - Running <TaskInstance: defence_dag2.defence1 manual__2023-03-28T09:55:19.096192+00:00 [running]> on host 70f8824ef075
[2023-03-28 09:55:24,388] {taskinstance.py:1571} INFO - Exporting the following env vars:
AIRFLOW_CTX_DAG_OWNER=***
AIRFLOW_CTX_DAG_ID=defence_dag2
AIRFLOW_CTX_TASK_ID=defence1
AIRFLOW_CTX_EXECUTION_DATE=2023-03-28T09:55:19.096192+00:00
AIRFLOW_CTX_TRY_NUMBER=1
AIRFLOW_CTX_DAG_RUN_ID=manual__2023-03-28T09:55:19.096192+00:00
[2023-03-28 09:55:24,403] {logging_mixin.py:115} INFO - defensing
[2023-03-28 09:55:24,404] {python.py:173} INFO - Done. Returned value was: None
[2023-03-28 09:55:24,416] {taskinstance.py:1400} INFO - Marking task as SUCCESS. dag_id=defence_dag2, task_id=defence1, execution_date=20230328T095519, start_date=20230328T095524, end_date=20230328T095524
[2023-03-28 09:55:24,436] {local_task_job.py:156} INFO - Task exited with return code 0
[2023-03-28 09:55:24,476] {local_task_job.py:273} INFO - 1 downstream tasks scheduled from follow-on schedule check
