[2023-04-23 13:44:18,203] {taskinstance.py:1159} INFO - Dependencies all met for <TaskInstance: multi_attack_dag.attack_BasicIterativeMethod manual__2023-04-23T13:43:53.726572+00:00 [queued]>
[2023-04-23 13:44:18,227] {taskinstance.py:1159} INFO - Dependencies all met for <TaskInstance: multi_attack_dag.attack_BasicIterativeMethod manual__2023-04-23T13:43:53.726572+00:00 [queued]>
[2023-04-23 13:44:18,228] {taskinstance.py:1356} INFO - 
--------------------------------------------------------------------------------
[2023-04-23 13:44:18,229] {taskinstance.py:1357} INFO - Starting attempt 1 of 2
[2023-04-23 13:44:18,230] {taskinstance.py:1358} INFO - 
--------------------------------------------------------------------------------
[2023-04-23 13:44:18,257] {taskinstance.py:1377} INFO - Executing <Task(PythonOperator): attack_BasicIterativeMethod> on 2023-04-23 13:43:53.726572+00:00
[2023-04-23 13:44:18,268] {standard_task_runner.py:52} INFO - Started process 594 to run task
[2023-04-23 13:44:18,273] {standard_task_runner.py:79} INFO - Running: ['***', 'tasks', 'run', 'multi_attack_dag', 'attack_BasicIterativeMethod', 'manual__2023-04-23T13:43:53.726572+00:00', '--job-id', '6230', '--raw', '--subdir', 'DAGS_FOLDER/attack_dag.py', '--cfg-path', '/tmp/tmpt98z368a', '--error-file', '/tmp/tmph1axfhra']
[2023-04-23 13:44:18,275] {standard_task_runner.py:80} INFO - Job 6230: Subtask attack_BasicIterativeMethod
[2023-04-23 13:44:18,371] {task_command.py:369} INFO - Running <TaskInstance: multi_attack_dag.attack_BasicIterativeMethod manual__2023-04-23T13:43:53.726572+00:00 [running]> on host e7e31d5a6603
[2023-04-23 13:44:18,494] {taskinstance.py:1571} INFO - Exporting the following env vars:
AIRFLOW_CTX_DAG_OWNER=***
AIRFLOW_CTX_DAG_ID=multi_attack_dag
AIRFLOW_CTX_TASK_ID=attack_BasicIterativeMethod
AIRFLOW_CTX_EXECUTION_DATE=2023-04-23T13:43:53.726572+00:00
AIRFLOW_CTX_TRY_NUMBER=1
AIRFLOW_CTX_DAG_RUN_ID=manual__2023-04-23T13:43:53.726572+00:00
[2023-04-23 13:44:18,528] {transport.py:157} INFO - Attempting refresh to obtain initial access_token
[2023-04-23 13:44:18,537] {client.py:777} INFO - Refreshing access_token
[2023-04-23 13:44:19,236] {transport.py:157} INFO - Attempting refresh to obtain initial access_token
[2023-04-23 13:44:19,242] {client.py:777} INFO - Refreshing access_token
[2023-04-23 13:44:26,118] {pytorch.py:1198} INFO - Inferred 5 hidden layers on PyTorch classifier.
[2023-04-23 13:44:28,301] {attack_dag.py:227} INFO - Optimizing...
[2023-04-23 13:44:28,306] {logging_mixin.py:115} INFO - I am right here on <class 'art.attacks.evasion.iterative_method.BasicIterativeMethod'>
[2023-04-23 13:44:28,313] {logging_mixin.py:115} INFO - <function optimize_evasion_attack.<locals>.<lambda> at 0x7efce3f5a320>
[2023-04-23 13:44:28,327] {logging_mixin.py:115} INFO - This is the attack : <class 'art.attacks.evasion.iterative_method.BasicIterativeMethod'> and its HP : {'eps': 0.37937128464240516, 'eps_step': 0.8644148556301203}
[2023-04-23 13:44:28,328] {taskinstance.py:1889} ERROR - Task failed with exception
Traceback (most recent call last):
  File "/home/airflow/.local/lib/python3.7/site-packages/airflow/operators/python.py", line 171, in execute
    return_value = self.execute_callable()
  File "/home/airflow/.local/lib/python3.7/site-packages/airflow/operators/python.py", line 189, in execute_callable
    return self.python_callable(*self.op_args, **self.op_kwargs)
  File "/opt/airflow/dags/attack_dag.py", line 145, in attack_BasicIterativeMethod
    model_acc, adversarial_examples  = attack(BasicIterativeMethod)
  File "/opt/airflow/dags/attack_dag.py", line 228, in attack
    optimized_attack = optimize_evasion_attack(attack_obj,estimator,x_test,y_test)
  File "/opt/airflow/dags/attack_dag.py", line 204, in optimize_evasion_attack
    result = gp_minimize(func, search_space, n_calls=10)
  File "/home/airflow/.local/lib/python3.7/site-packages/skopt/optimizer/gp.py", line 268, in gp_minimize
    callback=callback, n_jobs=n_jobs, model_queue_size=model_queue_size)
  File "/home/airflow/.local/lib/python3.7/site-packages/skopt/optimizer/base.py", line 299, in base_minimize
    next_y = func(next_x)
  File "/opt/airflow/dags/attack_dag.py", line 202, in <lambda>
    func = lambda params: _optimize(attack, params,classifier=classifier,data=data,true_labels=true_labels)
  File "/opt/airflow/dags/attack_dag.py", line 192, in _optimize
    attack_to_optimize = globals()[type(attack).__name__](classifier, **HP)
KeyError: 'ABCMeta'
[2023-04-23 13:44:28,344] {taskinstance.py:1400} INFO - Marking task as UP_FOR_RETRY. dag_id=multi_attack_dag, task_id=attack_BasicIterativeMethod, execution_date=20230423T134353, start_date=20230423T134418, end_date=20230423T134428
[2023-04-23 13:44:28,364] {standard_task_runner.py:97} ERROR - Failed to execute job 6230 for task attack_BasicIterativeMethod ('ABCMeta'; 594)
[2023-04-23 13:44:28,401] {local_task_job.py:156} INFO - Task exited with return code 1
[2023-04-23 13:44:28,450] {local_task_job.py:273} INFO - 0 downstream tasks scheduled from follow-on schedule check
