[2023-04-09 08:22:09,950] {taskinstance.py:1159} INFO - Dependencies all met for <TaskInstance: multi_defence_dag.to_defence3 scheduled__2023-04-08T00:00:00+00:00 [queued]>
[2023-04-09 08:22:10,135] {taskinstance.py:1159} INFO - Dependencies all met for <TaskInstance: multi_defence_dag.to_defence3 scheduled__2023-04-08T00:00:00+00:00 [queued]>
[2023-04-09 08:22:10,136] {taskinstance.py:1356} INFO - 
--------------------------------------------------------------------------------
[2023-04-09 08:22:10,145] {taskinstance.py:1357} INFO - Starting attempt 2 of 2
[2023-04-09 08:22:10,146] {taskinstance.py:1358} INFO - 
--------------------------------------------------------------------------------
[2023-04-09 08:22:10,296] {taskinstance.py:1377} INFO - Executing <Task(BranchPythonOperator): to_defence3> on 2023-04-08 00:00:00+00:00
[2023-04-09 08:22:10,420] {standard_task_runner.py:52} INFO - Started process 4130 to run task
[2023-04-09 08:22:10,432] {standard_task_runner.py:79} INFO - Running: ['***', 'tasks', 'run', 'multi_defence_dag', 'to_defence3', 'scheduled__2023-04-08T00:00:00+00:00', '--job-id', '4761', '--raw', '--subdir', 'DAGS_FOLDER/defence_dag.py', '--cfg-path', '/tmp/tmp86eko8wh', '--error-file', '/tmp/tmp3m_o9rvq']
[2023-04-09 08:22:10,434] {standard_task_runner.py:80} INFO - Job 4761: Subtask to_defence3
[2023-04-09 08:22:10,959] {task_command.py:369} INFO - Running <TaskInstance: multi_defence_dag.to_defence3 scheduled__2023-04-08T00:00:00+00:00 [running]> on host ff3d40af78f9
[2023-04-09 08:22:11,649] {taskinstance.py:1571} INFO - Exporting the following env vars:
AIRFLOW_CTX_DAG_OWNER=***
AIRFLOW_CTX_DAG_ID=multi_defence_dag
AIRFLOW_CTX_TASK_ID=to_defence3
AIRFLOW_CTX_EXECUTION_DATE=2023-04-08T00:00:00+00:00
AIRFLOW_CTX_TRY_NUMBER=2
AIRFLOW_CTX_DAG_RUN_ID=scheduled__2023-04-08T00:00:00+00:00
[2023-04-09 08:22:11,751] {python.py:173} INFO - Done. Returned value was: Defence3
[2023-04-09 08:22:11,753] {skipmixin.py:140} INFO - Following branch Defence3
[2023-04-09 08:22:11,756] {skipmixin.py:175} INFO - Skipping tasks ['default']
[2023-04-09 08:22:12,298] {taskinstance.py:1400} INFO - Marking task as SUCCESS. dag_id=multi_defence_dag, task_id=to_defence3, execution_date=20230408T000000, start_date=20230409T082209, end_date=20230409T082212
[2023-04-09 08:22:12,463] {local_task_job.py:156} INFO - Task exited with return code 0
[2023-04-09 08:22:12,826] {local_task_job.py:273} INFO - 1 downstream tasks scheduled from follow-on schedule check
