[2023-04-23 14:00:33,447] {taskinstance.py:1159} INFO - Dependencies all met for <TaskInstance: multi_defence_dag.Defence3 manual__2023-04-23T14:00:14.739150+00:00 [queued]>
[2023-04-23 14:00:33,467] {taskinstance.py:1159} INFO - Dependencies all met for <TaskInstance: multi_defence_dag.Defence3 manual__2023-04-23T14:00:14.739150+00:00 [queued]>
[2023-04-23 14:00:33,467] {taskinstance.py:1356} INFO - 
--------------------------------------------------------------------------------
[2023-04-23 14:00:33,468] {taskinstance.py:1357} INFO - Starting attempt 1 of 2
[2023-04-23 14:00:33,469] {taskinstance.py:1358} INFO - 
--------------------------------------------------------------------------------
[2023-04-23 14:00:33,495] {taskinstance.py:1377} INFO - Executing <Task(PythonOperator): Defence3> on 2023-04-23 14:00:14.739150+00:00
[2023-04-23 14:00:33,552] {standard_task_runner.py:52} INFO - Started process 1402 to run task
[2023-04-23 14:00:33,559] {standard_task_runner.py:79} INFO - Running: ['***', 'tasks', 'run', 'multi_defence_dag', 'Defence3', 'manual__2023-04-23T14:00:14.739150+00:00', '--job-id', '6275', '--raw', '--subdir', 'DAGS_FOLDER/defence_dag.py', '--cfg-path', '/tmp/tmpl4yscsk5', '--error-file', '/tmp/tmp34cqzbhh']
[2023-04-23 14:00:33,560] {standard_task_runner.py:80} INFO - Job 6275: Subtask Defence3
[2023-04-23 14:00:33,674] {task_command.py:369} INFO - Running <TaskInstance: multi_defence_dag.Defence3 manual__2023-04-23T14:00:14.739150+00:00 [running]> on host e7e31d5a6603
[2023-04-23 14:00:33,846] {taskinstance.py:1571} INFO - Exporting the following env vars:
AIRFLOW_CTX_DAG_OWNER=***
AIRFLOW_CTX_DAG_ID=multi_defence_dag
AIRFLOW_CTX_TASK_ID=Defence3
AIRFLOW_CTX_EXECUTION_DATE=2023-04-23T14:00:14.739150+00:00
AIRFLOW_CTX_TRY_NUMBER=1
AIRFLOW_CTX_DAG_RUN_ID=manual__2023-04-23T14:00:14.739150+00:00
[2023-04-23 14:00:33,918] {python.py:173} INFO - Done. Returned value was: None
[2023-04-23 14:00:33,968] {taskinstance.py:1400} INFO - Marking task as SUCCESS. dag_id=multi_defence_dag, task_id=Defence3, execution_date=20230423T140014, start_date=20230423T140033, end_date=20230423T140033
[2023-04-23 14:00:34,032] {local_task_job.py:156} INFO - Task exited with return code 0
[2023-04-23 14:00:34,137] {local_task_job.py:273} INFO - 1 downstream tasks scheduled from follow-on schedule check
