[2023-04-30 08:14:06,138] {taskinstance.py:1159} INFO - Dependencies all met for <TaskInstance: multi_defence_dag.to_defence2 manual__2023-04-30T08:13:57.239725+00:00 [queued]>
[2023-04-30 08:14:06,155] {taskinstance.py:1159} INFO - Dependencies all met for <TaskInstance: multi_defence_dag.to_defence2 manual__2023-04-30T08:13:57.239725+00:00 [queued]>
[2023-04-30 08:14:06,155] {taskinstance.py:1356} INFO - 
--------------------------------------------------------------------------------
[2023-04-30 08:14:06,157] {taskinstance.py:1357} INFO - Starting attempt 1 of 2
[2023-04-30 08:14:06,158] {taskinstance.py:1358} INFO - 
--------------------------------------------------------------------------------
[2023-04-30 08:14:06,179] {taskinstance.py:1377} INFO - Executing <Task(BranchPythonOperator): to_defence2> on 2023-04-30 08:13:57.239725+00:00
[2023-04-30 08:14:06,190] {standard_task_runner.py:52} INFO - Started process 1226 to run task
[2023-04-30 08:14:06,197] {standard_task_runner.py:79} INFO - Running: ['***', 'tasks', 'run', 'multi_defence_dag', 'to_defence2', 'manual__2023-04-30T08:13:57.239725+00:00', '--job-id', '7161', '--raw', '--subdir', 'DAGS_FOLDER/defence_dag.py', '--cfg-path', '/tmp/tmp3wndna61', '--error-file', '/tmp/tmp0x3s2pcc']
[2023-04-30 08:14:06,198] {standard_task_runner.py:80} INFO - Job 7161: Subtask to_defence2
[2023-04-30 08:14:06,292] {task_command.py:369} INFO - Running <TaskInstance: multi_defence_dag.to_defence2 manual__2023-04-30T08:13:57.239725+00:00 [running]> on host e7e31d5a6603
[2023-04-30 08:14:06,440] {taskinstance.py:1571} INFO - Exporting the following env vars:
AIRFLOW_CTX_DAG_OWNER=***
AIRFLOW_CTX_DAG_ID=multi_defence_dag
AIRFLOW_CTX_TASK_ID=to_defence2
AIRFLOW_CTX_EXECUTION_DATE=2023-04-30T08:13:57.239725+00:00
AIRFLOW_CTX_TRY_NUMBER=1
AIRFLOW_CTX_DAG_RUN_ID=manual__2023-04-30T08:13:57.239725+00:00
[2023-04-30 08:14:06,464] {python.py:173} INFO - Done. Returned value was: Defence2
[2023-04-30 08:14:06,465] {skipmixin.py:140} INFO - Following branch Defence2
[2023-04-30 08:14:06,466] {skipmixin.py:175} INFO - Skipping tasks ['default']
[2023-04-30 08:14:06,643] {taskinstance.py:1400} INFO - Marking task as SUCCESS. dag_id=multi_defence_dag, task_id=to_defence2, execution_date=20230430T081357, start_date=20230430T081406, end_date=20230430T081406
[2023-04-30 08:14:06,695] {local_task_job.py:156} INFO - Task exited with return code 0
[2023-04-30 08:14:06,812] {local_task_job.py:273} INFO - 1 downstream tasks scheduled from follow-on schedule check
