[2023-04-30 08:05:51,660] {taskinstance.py:1159} INFO - Dependencies all met for <TaskInstance: multi_defence_dag.to_defence2 manual__2023-04-30T08:05:41.023426+00:00 [queued]>
[2023-04-30 08:05:51,720] {taskinstance.py:1159} INFO - Dependencies all met for <TaskInstance: multi_defence_dag.to_defence2 manual__2023-04-30T08:05:41.023426+00:00 [queued]>
[2023-04-30 08:05:51,721] {taskinstance.py:1356} INFO - 
--------------------------------------------------------------------------------
[2023-04-30 08:05:51,722] {taskinstance.py:1357} INFO - Starting attempt 1 of 2
[2023-04-30 08:05:51,723] {taskinstance.py:1358} INFO - 
--------------------------------------------------------------------------------
[2023-04-30 08:05:51,755] {taskinstance.py:1377} INFO - Executing <Task(BranchPythonOperator): to_defence2> on 2023-04-30 08:05:41.023426+00:00
[2023-04-30 08:05:51,793] {standard_task_runner.py:52} INFO - Started process 716 to run task
[2023-04-30 08:05:51,792] {standard_task_runner.py:79} INFO - Running: ['***', 'tasks', 'run', 'multi_defence_dag', 'to_defence2', 'manual__2023-04-30T08:05:41.023426+00:00', '--job-id', '7118', '--raw', '--subdir', 'DAGS_FOLDER/defence_dag.py', '--cfg-path', '/tmp/tmpwqc_phjc', '--error-file', '/tmp/tmpy3qm_e9x']
[2023-04-30 08:05:51,797] {standard_task_runner.py:80} INFO - Job 7118: Subtask to_defence2
[2023-04-30 08:05:51,961] {task_command.py:369} INFO - Running <TaskInstance: multi_defence_dag.to_defence2 manual__2023-04-30T08:05:41.023426+00:00 [running]> on host e7e31d5a6603
[2023-04-30 08:05:52,317] {taskinstance.py:1571} INFO - Exporting the following env vars:
AIRFLOW_CTX_DAG_OWNER=***
AIRFLOW_CTX_DAG_ID=multi_defence_dag
AIRFLOW_CTX_TASK_ID=to_defence2
AIRFLOW_CTX_EXECUTION_DATE=2023-04-30T08:05:41.023426+00:00
AIRFLOW_CTX_TRY_NUMBER=1
AIRFLOW_CTX_DAG_RUN_ID=manual__2023-04-30T08:05:41.023426+00:00
[2023-04-30 08:05:52,388] {python.py:173} INFO - Done. Returned value was: Defence2
[2023-04-30 08:05:52,389] {skipmixin.py:140} INFO - Following branch Defence2
[2023-04-30 08:05:52,389] {skipmixin.py:175} INFO - Skipping tasks ['default']
[2023-04-30 08:05:52,637] {taskinstance.py:1400} INFO - Marking task as SUCCESS. dag_id=multi_defence_dag, task_id=to_defence2, execution_date=20230430T080541, start_date=20230430T080551, end_date=20230430T080552
[2023-04-30 08:05:52,697] {local_task_job.py:156} INFO - Task exited with return code 0
[2023-04-30 08:05:52,830] {local_task_job.py:273} INFO - 1 downstream tasks scheduled from follow-on schedule check
