[2023-03-28 09:57:47,909] {taskinstance.py:1159} INFO - Dependencies all met for <TaskInstance: defence_dag2.trigger_offence manual__2023-03-28T09:57:39.405793+00:00 [queued]>
[2023-03-28 09:57:47,925] {taskinstance.py:1159} INFO - Dependencies all met for <TaskInstance: defence_dag2.trigger_offence manual__2023-03-28T09:57:39.405793+00:00 [queued]>
[2023-03-28 09:57:47,926] {taskinstance.py:1356} INFO - 
--------------------------------------------------------------------------------
[2023-03-28 09:57:47,931] {taskinstance.py:1357} INFO - Starting attempt 1 of 1
[2023-03-28 09:57:47,932] {taskinstance.py:1358} INFO - 
--------------------------------------------------------------------------------
[2023-03-28 09:57:47,951] {taskinstance.py:1377} INFO - Executing <Task(TriggerDagRunOperator): trigger_offence> on 2023-03-28 09:57:39.405793+00:00
[2023-03-28 09:57:47,958] {standard_task_runner.py:52} INFO - Started process 1121 to run task
[2023-03-28 09:57:47,963] {standard_task_runner.py:79} INFO - Running: ['***', 'tasks', 'run', 'defence_dag2', 'trigger_offence', 'manual__2023-03-28T09:57:39.405793+00:00', '--job-id', '4057', '--raw', '--subdir', 'DAGS_FOLDER/defese.py', '--cfg-path', '/tmp/tmp_z34e9sl', '--error-file', '/tmp/tmpslntitvi']
[2023-03-28 09:57:47,965] {standard_task_runner.py:80} INFO - Job 4057: Subtask trigger_offence
[2023-03-28 09:57:48,057] {task_command.py:369} INFO - Running <TaskInstance: defence_dag2.trigger_offence manual__2023-03-28T09:57:39.405793+00:00 [running]> on host 70f8824ef075
[2023-03-28 09:57:48,172] {taskinstance.py:1571} INFO - Exporting the following env vars:
AIRFLOW_CTX_DAG_OWNER=***
AIRFLOW_CTX_DAG_ID=defence_dag2
AIRFLOW_CTX_TASK_ID=trigger_offence
AIRFLOW_CTX_EXECUTION_DATE=2023-03-28T09:57:39.405793+00:00
AIRFLOW_CTX_TRY_NUMBER=1
AIRFLOW_CTX_DAG_RUN_ID=manual__2023-03-28T09:57:39.405793+00:00
[2023-03-28 09:57:48,960] {taskinstance.py:1400} INFO - Marking task as SUCCESS. dag_id=defence_dag2, task_id=trigger_offence, execution_date=20230328T095739, start_date=20230328T095747, end_date=20230328T095748
[2023-03-28 09:57:48,983] {local_task_job.py:156} INFO - Task exited with return code 0
[2023-03-28 09:57:49,013] {local_task_job.py:273} INFO - 0 downstream tasks scheduled from follow-on schedule check
