[2023-03-16 11:56:50,895] {taskinstance.py:1159} INFO - Dependencies all met for <TaskInstance: defence_dag.storing manual__2023-03-12T15:19:35.526418+00:00 [None]>
[2023-03-16 11:56:50,930] {taskinstance.py:1159} INFO - Dependencies all met for <TaskInstance: defence_dag.storing manual__2023-03-12T15:19:35.526418+00:00 [None]>
[2023-03-16 11:56:50,931] {taskinstance.py:1356} INFO - 
--------------------------------------------------------------------------------
[2023-03-16 11:56:50,931] {taskinstance.py:1357} INFO - Starting attempt 2 of 2
[2023-03-16 11:56:50,932] {taskinstance.py:1358} INFO - 
--------------------------------------------------------------------------------
[2023-03-16 11:56:51,383] {taskinstance.py:1377} INFO - Executing <Task(BashOperator): storing> on 2023-03-12 15:19:35.526418+00:00
[2023-03-16 11:56:51,389] {standard_task_runner.py:52} INFO - Started process 777 to run task
[2023-03-16 11:56:51,396] {standard_task_runner.py:79} INFO - Running: ['***', 'tasks', 'run', 'defence_dag', 'storing', 'manual__2023-03-12T15:19:35.526418+00:00', '--job-id', '1007', '--raw', '--subdir', 'DAGS_FOLDER/defese.py', '--cfg-path', '/tmp/tmphc0kp8y4', '--error-file', '/tmp/tmp6h7xz4zu']
[2023-03-16 11:56:51,396] {standard_task_runner.py:80} INFO - Job 1007: Subtask storing
[2023-03-16 11:56:51,667] {task_command.py:369} INFO - Running <TaskInstance: defence_dag.storing manual__2023-03-12T15:19:35.526418+00:00 [running]> on host 596adcca7378
[2023-03-16 11:56:52,105] {taskinstance.py:1571} INFO - Exporting the following env vars:
AIRFLOW_CTX_DAG_OWNER=***
AIRFLOW_CTX_DAG_ID=defence_dag
AIRFLOW_CTX_TASK_ID=storing
AIRFLOW_CTX_EXECUTION_DATE=2023-03-12T15:19:35.526418+00:00
AIRFLOW_CTX_TRY_NUMBER=2
AIRFLOW_CTX_DAG_RUN_ID=manual__2023-03-12T15:19:35.526418+00:00
[2023-03-16 11:56:52,109] {subprocess.py:62} INFO - Tmp dir root location: 
 /tmp
[2023-03-16 11:56:52,112] {subprocess.py:74} INFO - Running command: ['bash', '-c', 'sleep 1']
[2023-03-16 11:56:52,193] {subprocess.py:85} INFO - Output:
[2023-03-16 11:56:53,228] {subprocess.py:96} INFO - Command exited with return code 0
[2023-03-16 11:56:53,372] {taskinstance.py:1400} INFO - Marking task as SUCCESS. dag_id=defence_dag, task_id=storing, execution_date=20230312T151935, start_date=20230316T115650, end_date=20230316T115653
[2023-03-16 11:56:53,466] {local_task_job.py:156} INFO - Task exited with return code 0
[2023-03-16 11:56:53,652] {local_task_job.py:273} INFO - 1 downstream tasks scheduled from follow-on schedule check
