[2023-03-23 15:33:08,550] {taskinstance.py:1159} INFO - Dependencies all met for <TaskInstance: multi_defence_dag.choose_best manual__2023-03-23T15:33:03.476679+00:00 [queued]>
[2023-03-23 15:33:08,564] {taskinstance.py:1159} INFO - Dependencies all met for <TaskInstance: multi_defence_dag.choose_best manual__2023-03-23T15:33:03.476679+00:00 [queued]>
[2023-03-23 15:33:08,564] {taskinstance.py:1356} INFO - 
--------------------------------------------------------------------------------
[2023-03-23 15:33:08,566] {taskinstance.py:1357} INFO - Starting attempt 1 of 2
[2023-03-23 15:33:08,566] {taskinstance.py:1358} INFO - 
--------------------------------------------------------------------------------
[2023-03-23 15:33:08,586] {taskinstance.py:1377} INFO - Executing <Task(PythonOperator): choose_best> on 2023-03-23 15:33:03.476679+00:00
[2023-03-23 15:33:08,591] {standard_task_runner.py:52} INFO - Started process 12628 to run task
[2023-03-23 15:33:08,596] {standard_task_runner.py:79} INFO - Running: ['***', 'tasks', 'run', 'multi_defence_dag', 'choose_best', 'manual__2023-03-23T15:33:03.476679+00:00', '--job-id', '3221', '--raw', '--subdir', 'DAGS_FOLDER/defence_dag.py', '--cfg-path', '/tmp/tmpcoipfaxr', '--error-file', '/tmp/tmpiiil7vk8']
[2023-03-23 15:33:08,598] {standard_task_runner.py:80} INFO - Job 3221: Subtask choose_best
[2023-03-23 15:33:08,681] {task_command.py:369} INFO - Running <TaskInstance: multi_defence_dag.choose_best manual__2023-03-23T15:33:03.476679+00:00 [running]> on host 6447f1dacd32
[2023-03-23 15:33:08,779] {taskinstance.py:1571} INFO - Exporting the following env vars:
AIRFLOW_CTX_DAG_OWNER=***
AIRFLOW_CTX_DAG_ID=multi_defence_dag
AIRFLOW_CTX_TASK_ID=choose_best
AIRFLOW_CTX_EXECUTION_DATE=2023-03-23T15:33:03.476679+00:00
AIRFLOW_CTX_TRY_NUMBER=1
AIRFLOW_CTX_DAG_RUN_ID=manual__2023-03-23T15:33:03.476679+00:00
[2023-03-23 15:33:08,855] {transport.py:157} INFO - Attempting refresh to obtain initial access_token
[2023-03-23 15:33:08,858] {client.py:777} INFO - Refreshing access_token
[2023-03-23 15:33:09,690] {python.py:173} INFO - Done. Returned value was: None
[2023-03-23 15:33:09,703] {taskinstance.py:1400} INFO - Marking task as SUCCESS. dag_id=multi_defence_dag, task_id=choose_best, execution_date=20230323T153303, start_date=20230323T153308, end_date=20230323T153309
[2023-03-23 15:33:09,734] {local_task_job.py:156} INFO - Task exited with return code 0
[2023-03-23 15:33:09,779] {local_task_job.py:273} INFO - 1 downstream tasks scheduled from follow-on schedule check
