[2023-04-30 08:03:06,249] {taskinstance.py:1159} INFO - Dependencies all met for <TaskInstance: multi_defence_dag.stop manual__2023-04-30T08:02:31.201544+00:00 [queued]>
[2023-04-30 08:03:06,261] {taskinstance.py:1159} INFO - Dependencies all met for <TaskInstance: multi_defence_dag.stop manual__2023-04-30T08:02:31.201544+00:00 [queued]>
[2023-04-30 08:03:06,262] {taskinstance.py:1356} INFO - 
--------------------------------------------------------------------------------
[2023-04-30 08:03:06,262] {taskinstance.py:1357} INFO - Starting attempt 1 of 2
[2023-04-30 08:03:06,263] {taskinstance.py:1358} INFO - 
--------------------------------------------------------------------------------
[2023-04-30 08:03:06,276] {taskinstance.py:1377} INFO - Executing <Task(PythonOperator): stop> on 2023-04-30 08:02:31.201544+00:00
[2023-04-30 08:03:06,286] {standard_task_runner.py:52} INFO - Started process 540 to run task
[2023-04-30 08:03:06,290] {standard_task_runner.py:79} INFO - Running: ['***', 'tasks', 'run', 'multi_defence_dag', 'stop', 'manual__2023-04-30T08:02:31.201544+00:00', '--job-id', '7098', '--raw', '--subdir', 'DAGS_FOLDER/defence_dag.py', '--cfg-path', '/tmp/tmpxjn8bt64', '--error-file', '/tmp/tmp1yh32d43']
[2023-04-30 08:03:06,291] {standard_task_runner.py:80} INFO - Job 7098: Subtask stop
[2023-04-30 08:03:06,344] {task_command.py:369} INFO - Running <TaskInstance: multi_defence_dag.stop manual__2023-04-30T08:02:31.201544+00:00 [running]> on host e7e31d5a6603
[2023-04-30 08:03:06,433] {taskinstance.py:1571} INFO - Exporting the following env vars:
AIRFLOW_CTX_DAG_OWNER=***
AIRFLOW_CTX_DAG_ID=multi_defence_dag
AIRFLOW_CTX_TASK_ID=stop
AIRFLOW_CTX_EXECUTION_DATE=2023-04-30T08:02:31.201544+00:00
AIRFLOW_CTX_TRY_NUMBER=1
AIRFLOW_CTX_DAG_RUN_ID=manual__2023-04-30T08:02:31.201544+00:00
[2023-04-30 08:03:06,434] {python.py:173} INFO - Done. Returned value was: Cycle has ended
[2023-04-30 08:03:06,500] {taskinstance.py:1400} INFO - Marking task as SUCCESS. dag_id=multi_defence_dag, task_id=stop, execution_date=20230430T080231, start_date=20230430T080306, end_date=20230430T080306
[2023-04-30 08:03:06,543] {local_task_job.py:156} INFO - Task exited with return code 0
[2023-04-30 08:03:06,585] {local_task_job.py:273} INFO - 0 downstream tasks scheduled from follow-on schedule check
