[2023-03-28 10:32:23,058] {taskinstance.py:1159} INFO - Dependencies all met for <TaskInstance: attack_dag2.attack manual__2023-03-28T10:32:20.219897+00:00 [queued]>
[2023-03-28 10:32:23,071] {taskinstance.py:1159} INFO - Dependencies all met for <TaskInstance: attack_dag2.attack manual__2023-03-28T10:32:20.219897+00:00 [queued]>
[2023-03-28 10:32:23,071] {taskinstance.py:1356} INFO - 
--------------------------------------------------------------------------------
[2023-03-28 10:32:23,072] {taskinstance.py:1357} INFO - Starting attempt 1 of 1
[2023-03-28 10:32:23,072] {taskinstance.py:1358} INFO - 
--------------------------------------------------------------------------------
[2023-03-28 10:32:23,094] {taskinstance.py:1377} INFO - Executing <Task(PythonOperator): attack> on 2023-03-28 10:32:20.219897+00:00
[2023-03-28 10:32:23,102] {standard_task_runner.py:52} INFO - Started process 2668 to run task
[2023-03-28 10:32:23,107] {standard_task_runner.py:79} INFO - Running: ['***', 'tasks', 'run', 'attack_dag2', 'attack', 'manual__2023-03-28T10:32:20.219897+00:00', '--job-id', '4370', '--raw', '--subdir', 'DAGS_FOLDER/attack.py', '--cfg-path', '/tmp/tmp8z_kc7jb', '--error-file', '/tmp/tmp1mhcn0u4']
[2023-03-28 10:32:23,109] {standard_task_runner.py:80} INFO - Job 4370: Subtask attack
[2023-03-28 10:32:23,194] {task_command.py:369} INFO - Running <TaskInstance: attack_dag2.attack manual__2023-03-28T10:32:20.219897+00:00 [running]> on host 70f8824ef075
[2023-03-28 10:32:23,340] {taskinstance.py:1571} INFO - Exporting the following env vars:
AIRFLOW_CTX_DAG_OWNER=***
AIRFLOW_CTX_DAG_ID=attack_dag2
AIRFLOW_CTX_TASK_ID=attack
AIRFLOW_CTX_EXECUTION_DATE=2023-03-28T10:32:20.219897+00:00
AIRFLOW_CTX_TRY_NUMBER=1
AIRFLOW_CTX_DAG_RUN_ID=manual__2023-03-28T10:32:20.219897+00:00
[2023-03-28 10:32:23,345] {transport.py:157} INFO - Attempting refresh to obtain initial access_token
[2023-03-28 10:32:23,350] {client.py:777} INFO - Refreshing access_token
[2023-03-28 10:32:24,358] {transport.py:157} INFO - Attempting refresh to obtain initial access_token
[2023-03-28 10:32:24,361] {client.py:777} INFO - Refreshing access_token
[2023-03-28 10:32:24,923] {python.py:173} INFO - Done. Returned value was: None
[2023-03-28 10:32:24,946] {taskinstance.py:1400} INFO - Marking task as SUCCESS. dag_id=attack_dag2, task_id=attack, execution_date=20230328T103220, start_date=20230328T103223, end_date=20230328T103224
[2023-03-28 10:32:25,011] {local_task_job.py:156} INFO - Task exited with return code 0
[2023-03-28 10:32:25,089] {local_task_job.py:273} INFO - 1 downstream tasks scheduled from follow-on schedule check
