[2023-03-23 15:01:41,801] {taskinstance.py:1159} INFO - Dependencies all met for <TaskInstance: multi_defence_dag.Defence3 manual__2023-03-23T15:01:17.427334+00:00 [queued]>
[2023-03-23 15:01:41,933] {taskinstance.py:1159} INFO - Dependencies all met for <TaskInstance: multi_defence_dag.Defence3 manual__2023-03-23T15:01:17.427334+00:00 [queued]>
[2023-03-23 15:01:41,936] {taskinstance.py:1356} INFO - 
--------------------------------------------------------------------------------
[2023-03-23 15:01:41,940] {taskinstance.py:1357} INFO - Starting attempt 1 of 2
[2023-03-23 15:01:41,943] {taskinstance.py:1358} INFO - 
--------------------------------------------------------------------------------
[2023-03-23 15:01:42,197] {taskinstance.py:1377} INFO - Executing <Task(PythonOperator): Defence3> on 2023-03-23 15:01:17.427334+00:00
[2023-03-23 15:01:42,235] {standard_task_runner.py:52} INFO - Started process 11113 to run task
[2023-03-23 15:01:42,307] {standard_task_runner.py:79} INFO - Running: ['***', 'tasks', 'run', 'multi_defence_dag', 'Defence3', 'manual__2023-03-23T15:01:17.427334+00:00', '--job-id', '2763', '--raw', '--subdir', 'DAGS_FOLDER/defence_dag.py', '--cfg-path', '/tmp/tmpqmiowy2i', '--error-file', '/tmp/tmpp1n6dwky']
[2023-03-23 15:01:42,313] {standard_task_runner.py:80} INFO - Job 2763: Subtask Defence3
[2023-03-23 15:01:42,999] {task_command.py:369} INFO - Running <TaskInstance: multi_defence_dag.Defence3 manual__2023-03-23T15:01:17.427334+00:00 [running]> on host 6447f1dacd32
[2023-03-23 15:01:44,185] {taskinstance.py:1571} INFO - Exporting the following env vars:
AIRFLOW_CTX_DAG_OWNER=***
AIRFLOW_CTX_DAG_ID=multi_defence_dag
AIRFLOW_CTX_TASK_ID=Defence3
AIRFLOW_CTX_EXECUTION_DATE=2023-03-23T15:01:17.427334+00:00
AIRFLOW_CTX_TRY_NUMBER=1
AIRFLOW_CTX_DAG_RUN_ID=manual__2023-03-23T15:01:17.427334+00:00
[2023-03-23 15:01:44,553] {python.py:173} INFO - Done. Returned value was: None
[2023-03-23 15:01:45,063] {taskinstance.py:1400} INFO - Marking task as SUCCESS. dag_id=multi_defence_dag, task_id=Defence3, execution_date=20230323T150117, start_date=20230323T150141, end_date=20230323T150145
[2023-03-23 15:01:45,411] {local_task_job.py:156} INFO - Task exited with return code 0
[2023-03-23 15:01:46,472] {local_task_job.py:273} INFO - 0 downstream tasks scheduled from follow-on schedule check
