[2023-04-27 13:01:11,149] {taskinstance.py:1159} INFO - Dependencies all met for <TaskInstance: multi_defence_dag.Defence1 manual__2023-04-27T13:00:07.786313+00:00 [queued]>
[2023-04-27 13:01:11,207] {taskinstance.py:1159} INFO - Dependencies all met for <TaskInstance: multi_defence_dag.Defence1 manual__2023-04-27T13:00:07.786313+00:00 [queued]>
[2023-04-27 13:01:11,209] {taskinstance.py:1356} INFO - 
--------------------------------------------------------------------------------
[2023-04-27 13:01:11,211] {taskinstance.py:1357} INFO - Starting attempt 1 of 2
[2023-04-27 13:01:11,212] {taskinstance.py:1358} INFO - 
--------------------------------------------------------------------------------
[2023-04-27 13:01:11,276] {taskinstance.py:1377} INFO - Executing <Task(PythonOperator): Defence1> on 2023-04-27 13:00:07.786313+00:00
[2023-04-27 13:01:11,311] {standard_task_runner.py:52} INFO - Started process 770 to run task
[2023-04-27 13:01:11,323] {standard_task_runner.py:79} INFO - Running: ['***', 'tasks', 'run', 'multi_defence_dag', 'Defence1', 'manual__2023-04-27T13:00:07.786313+00:00', '--job-id', '6891', '--raw', '--subdir', 'DAGS_FOLDER/defence_dag.py', '--cfg-path', '/tmp/tmpmmbtzbfw', '--error-file', '/tmp/tmp6zhbqdx7']
[2023-04-27 13:01:11,327] {standard_task_runner.py:80} INFO - Job 6891: Subtask Defence1
[2023-04-27 13:01:11,665] {task_command.py:369} INFO - Running <TaskInstance: multi_defence_dag.Defence1 manual__2023-04-27T13:00:07.786313+00:00 [running]> on host e7e31d5a6603
[2023-04-27 13:01:12,082] {taskinstance.py:1571} INFO - Exporting the following env vars:
AIRFLOW_CTX_DAG_OWNER=***
AIRFLOW_CTX_DAG_ID=multi_defence_dag
AIRFLOW_CTX_TASK_ID=Defence1
AIRFLOW_CTX_EXECUTION_DATE=2023-04-27T13:00:07.786313+00:00
AIRFLOW_CTX_TRY_NUMBER=1
AIRFLOW_CTX_DAG_RUN_ID=manual__2023-04-27T13:00:07.786313+00:00
[2023-04-27 13:01:12,209] {python.py:173} INFO - Done. Returned value was: None
[2023-04-27 13:01:12,327] {taskinstance.py:1400} INFO - Marking task as SUCCESS. dag_id=multi_defence_dag, task_id=Defence1, execution_date=20230427T130007, start_date=20230427T130111, end_date=20230427T130112
[2023-04-27 13:01:12,511] {local_task_job.py:156} INFO - Task exited with return code 0
[2023-04-27 13:01:12,777] {local_task_job.py:273} INFO - 0 downstream tasks scheduled from follow-on schedule check
