[2023-03-16 11:55:10,664] {taskinstance.py:1159} INFO - Dependencies all met for <TaskInstance: attack_dag.trigger_defence manual__2023-03-12T15:19:32.233825+00:00 [queued]>
[2023-03-16 11:55:10,733] {taskinstance.py:1159} INFO - Dependencies all met for <TaskInstance: attack_dag.trigger_defence manual__2023-03-12T15:19:32.233825+00:00 [queued]>
[2023-03-16 11:55:10,735] {taskinstance.py:1356} INFO - 
--------------------------------------------------------------------------------
[2023-03-16 11:55:10,742] {taskinstance.py:1357} INFO - Starting attempt 2 of 2
[2023-03-16 11:55:10,748] {taskinstance.py:1358} INFO - 
--------------------------------------------------------------------------------
[2023-03-16 11:55:10,921] {taskinstance.py:1377} INFO - Executing <Task(TriggerDagRunOperator): trigger_defence> on 2023-03-12 15:19:32.233825+00:00
[2023-03-16 11:55:11,027] {standard_task_runner.py:79} INFO - Running: ['***', 'tasks', 'run', 'attack_dag', 'trigger_defence', 'manual__2023-03-12T15:19:32.233825+00:00', '--job-id', '980', '--raw', '--subdir', 'DAGS_FOLDER/attack.py', '--cfg-path', '/tmp/tmpelwpwvko', '--error-file', '/tmp/tmpb3ii5ijp']
[2023-03-16 11:55:11,032] {standard_task_runner.py:80} INFO - Job 980: Subtask trigger_defence
[2023-03-16 11:55:11,017] {standard_task_runner.py:52} INFO - Started process 701 to run task
[2023-03-16 11:55:11,317] {task_command.py:369} INFO - Running <TaskInstance: attack_dag.trigger_defence manual__2023-03-12T15:19:32.233825+00:00 [running]> on host 596adcca7378
[2023-03-16 11:55:12,159] {taskinstance.py:1571} INFO - Exporting the following env vars:
AIRFLOW_CTX_DAG_OWNER=***
AIRFLOW_CTX_DAG_ID=attack_dag
AIRFLOW_CTX_TASK_ID=trigger_defence
AIRFLOW_CTX_EXECUTION_DATE=2023-03-12T15:19:32.233825+00:00
AIRFLOW_CTX_TRY_NUMBER=2
AIRFLOW_CTX_DAG_RUN_ID=manual__2023-03-12T15:19:32.233825+00:00
[2023-03-16 11:56:41,698] {taskinstance.py:1400} INFO - Marking task as SUCCESS. dag_id=attack_dag, task_id=trigger_defence, execution_date=20230312T151932, start_date=20230316T115510, end_date=20230316T115641
[2023-03-16 11:56:45,416] {local_task_job.py:156} INFO - Task exited with return code 0
[2023-03-16 11:56:45,610] {local_task_job.py:273} INFO - 0 downstream tasks scheduled from follow-on schedule check
