[2023-03-27 10:18:14,271] {taskinstance.py:1159} INFO - Dependencies all met for <TaskInstance: multi_defence_dag.Defence3 scheduled__2023-03-26T00:00:00+00:00 [queued]>
[2023-03-27 10:18:14,281] {taskinstance.py:1159} INFO - Dependencies all met for <TaskInstance: multi_defence_dag.Defence3 scheduled__2023-03-26T00:00:00+00:00 [queued]>
[2023-03-27 10:18:14,282] {taskinstance.py:1356} INFO - 
--------------------------------------------------------------------------------
[2023-03-27 10:18:14,282] {taskinstance.py:1357} INFO - Starting attempt 1 of 2
[2023-03-27 10:18:14,283] {taskinstance.py:1358} INFO - 
--------------------------------------------------------------------------------
[2023-03-27 10:18:14,295] {taskinstance.py:1377} INFO - Executing <Task(PythonOperator): Defence3> on 2023-03-26 00:00:00+00:00
[2023-03-27 10:18:14,302] {standard_task_runner.py:52} INFO - Started process 475 to run task
[2023-03-27 10:18:14,306] {standard_task_runner.py:79} INFO - Running: ['***', 'tasks', 'run', 'multi_defence_dag', 'Defence3', 'scheduled__2023-03-26T00:00:00+00:00', '--job-id', '3685', '--raw', '--subdir', 'DAGS_FOLDER/defence_dag.py', '--cfg-path', '/tmp/tmpkm8y1j3h', '--error-file', '/tmp/tmprltvnkd6']
[2023-03-27 10:18:14,307] {standard_task_runner.py:80} INFO - Job 3685: Subtask Defence3
[2023-03-27 10:18:14,362] {task_command.py:369} INFO - Running <TaskInstance: multi_defence_dag.Defence3 scheduled__2023-03-26T00:00:00+00:00 [running]> on host daa6fc235d3b
[2023-03-27 10:18:14,425] {taskinstance.py:1571} INFO - Exporting the following env vars:
AIRFLOW_CTX_DAG_OWNER=***
AIRFLOW_CTX_DAG_ID=multi_defence_dag
AIRFLOW_CTX_TASK_ID=Defence3
AIRFLOW_CTX_EXECUTION_DATE=2023-03-26T00:00:00+00:00
AIRFLOW_CTX_TRY_NUMBER=1
AIRFLOW_CTX_DAG_RUN_ID=scheduled__2023-03-26T00:00:00+00:00
[2023-03-27 10:18:14,439] {python.py:173} INFO - Done. Returned value was: None
[2023-03-27 10:18:14,450] {taskinstance.py:1400} INFO - Marking task as SUCCESS. dag_id=multi_defence_dag, task_id=Defence3, execution_date=20230326T000000, start_date=20230327T101814, end_date=20230327T101814
[2023-03-27 10:18:14,479] {local_task_job.py:156} INFO - Task exited with return code 0
[2023-03-27 10:18:14,517] {local_task_job.py:273} INFO - 1 downstream tasks scheduled from follow-on schedule check
