[2023-03-19 15:27:37,668] {taskinstance.py:1159} INFO - Dependencies all met for <TaskInstance: defence_dag2.stop manual__2023-03-19T15:27:25.346161+00:00 [queued]>
[2023-03-19 15:27:37,677] {taskinstance.py:1159} INFO - Dependencies all met for <TaskInstance: defence_dag2.stop manual__2023-03-19T15:27:25.346161+00:00 [queued]>
[2023-03-19 15:27:37,677] {taskinstance.py:1356} INFO - 
--------------------------------------------------------------------------------
[2023-03-19 15:27:37,678] {taskinstance.py:1357} INFO - Starting attempt 1 of 1
[2023-03-19 15:27:37,678] {taskinstance.py:1358} INFO - 
--------------------------------------------------------------------------------
[2023-03-19 15:27:37,692] {taskinstance.py:1377} INFO - Executing <Task(PythonOperator): stop> on 2023-03-19 15:27:25.346161+00:00
[2023-03-19 15:27:37,698] {standard_task_runner.py:52} INFO - Started process 105 to run task
[2023-03-19 15:27:37,702] {standard_task_runner.py:79} INFO - Running: ['***', 'tasks', 'run', 'defence_dag2', 'stop', 'manual__2023-03-19T15:27:25.346161+00:00', '--job-id', '1850', '--raw', '--subdir', 'DAGS_FOLDER/defese.py', '--cfg-path', '/tmp/tmpgblie3h5', '--error-file', '/tmp/tmpyeqbvf97']
[2023-03-19 15:27:37,703] {standard_task_runner.py:80} INFO - Job 1850: Subtask stop
[2023-03-19 15:27:37,768] {task_command.py:369} INFO - Running <TaskInstance: defence_dag2.stop manual__2023-03-19T15:27:25.346161+00:00 [running]> on host 6447f1dacd32
[2023-03-19 15:27:37,843] {taskinstance.py:1571} INFO - Exporting the following env vars:
AIRFLOW_CTX_DAG_OWNER=***
AIRFLOW_CTX_DAG_ID=defence_dag2
AIRFLOW_CTX_TASK_ID=stop
AIRFLOW_CTX_EXECUTION_DATE=2023-03-19T15:27:25.346161+00:00
AIRFLOW_CTX_TRY_NUMBER=1
AIRFLOW_CTX_DAG_RUN_ID=manual__2023-03-19T15:27:25.346161+00:00
[2023-03-19 15:27:37,845] {python.py:173} INFO - Done. Returned value was: Cycle has ended
[2023-03-19 15:27:37,871] {taskinstance.py:1400} INFO - Marking task as SUCCESS. dag_id=defence_dag2, task_id=stop, execution_date=20230319T152725, start_date=20230319T152737, end_date=20230319T152737
[2023-03-19 15:27:37,915] {local_task_job.py:156} INFO - Task exited with return code 0
[2023-03-19 15:27:37,944] {local_task_job.py:273} INFO - 0 downstream tasks scheduled from follow-on schedule check
