[2023-04-23 07:54:04,118] {taskinstance.py:1159} INFO - Dependencies all met for <TaskInstance: multi_defence_dag.trigger_offence manual__2023-04-23T07:53:23.772082+00:00 [queued]>
[2023-04-23 07:54:04,132] {taskinstance.py:1159} INFO - Dependencies all met for <TaskInstance: multi_defence_dag.trigger_offence manual__2023-04-23T07:53:23.772082+00:00 [queued]>
[2023-04-23 07:54:04,132] {taskinstance.py:1356} INFO - 
--------------------------------------------------------------------------------
[2023-04-23 07:54:04,200] {taskinstance.py:1357} INFO - Starting attempt 1 of 2
[2023-04-23 07:54:04,201] {taskinstance.py:1358} INFO - 
--------------------------------------------------------------------------------
[2023-04-23 07:54:04,242] {taskinstance.py:1377} INFO - Executing <Task(TriggerDagRunOperator): trigger_offence> on 2023-04-23 07:53:23.772082+00:00
[2023-04-23 07:54:04,251] {standard_task_runner.py:52} INFO - Started process 404 to run task
[2023-04-23 07:54:04,255] {standard_task_runner.py:79} INFO - Running: ['***', 'tasks', 'run', 'multi_defence_dag', 'trigger_offence', 'manual__2023-04-23T07:53:23.772082+00:00', '--job-id', '5890', '--raw', '--subdir', 'DAGS_FOLDER/defence_dag.py', '--cfg-path', '/tmp/tmpwa5npx17', '--error-file', '/tmp/tmpfuvsk8v1']
[2023-04-23 07:54:04,256] {standard_task_runner.py:80} INFO - Job 5890: Subtask trigger_offence
[2023-04-23 07:54:04,318] {task_command.py:369} INFO - Running <TaskInstance: multi_defence_dag.trigger_offence manual__2023-04-23T07:53:23.772082+00:00 [running]> on host a3dd7d962104
[2023-04-23 07:54:04,416] {taskinstance.py:1571} INFO - Exporting the following env vars:
AIRFLOW_CTX_DAG_OWNER=***
AIRFLOW_CTX_DAG_ID=multi_defence_dag
AIRFLOW_CTX_TASK_ID=trigger_offence
AIRFLOW_CTX_EXECUTION_DATE=2023-04-23T07:53:23.772082+00:00
AIRFLOW_CTX_TRY_NUMBER=1
AIRFLOW_CTX_DAG_RUN_ID=manual__2023-04-23T07:53:23.772082+00:00
[2023-04-23 07:54:05,374] {taskinstance.py:1400} INFO - Marking task as SUCCESS. dag_id=multi_defence_dag, task_id=trigger_offence, execution_date=20230423T075323, start_date=20230423T075404, end_date=20230423T075405
[2023-04-23 07:54:05,472] {local_task_job.py:156} INFO - Task exited with return code 0
[2023-04-23 07:54:05,754] {local_task_job.py:273} INFO - 0 downstream tasks scheduled from follow-on schedule check
