[2023-03-23 11:41:17,191] {taskinstance.py:1159} INFO - Dependencies all met for <TaskInstance: defence_dag2.stop manual__2023-03-23T11:41:10.427518+00:00 [queued]>
[2023-03-23 11:41:17,199] {taskinstance.py:1159} INFO - Dependencies all met for <TaskInstance: defence_dag2.stop manual__2023-03-23T11:41:10.427518+00:00 [queued]>
[2023-03-23 11:41:17,200] {taskinstance.py:1356} INFO - 
--------------------------------------------------------------------------------
[2023-03-23 11:41:17,200] {taskinstance.py:1357} INFO - Starting attempt 1 of 1
[2023-03-23 11:41:17,201] {taskinstance.py:1358} INFO - 
--------------------------------------------------------------------------------
[2023-03-23 11:41:17,212] {taskinstance.py:1377} INFO - Executing <Task(PythonOperator): stop> on 2023-03-23 11:41:10.427518+00:00
[2023-03-23 11:41:17,217] {standard_task_runner.py:52} INFO - Started process 2671 to run task
[2023-03-23 11:41:17,219] {standard_task_runner.py:79} INFO - Running: ['***', 'tasks', 'run', 'defence_dag2', 'stop', 'manual__2023-03-23T11:41:10.427518+00:00', '--job-id', '2655', '--raw', '--subdir', 'DAGS_FOLDER/defese.py', '--cfg-path', '/tmp/tmprf7qwxxn', '--error-file', '/tmp/tmpz51na2zc']
[2023-03-23 11:41:17,220] {standard_task_runner.py:80} INFO - Job 2655: Subtask stop
[2023-03-23 11:41:17,261] {task_command.py:369} INFO - Running <TaskInstance: defence_dag2.stop manual__2023-03-23T11:41:10.427518+00:00 [running]> on host 6447f1dacd32
[2023-03-23 11:41:17,313] {taskinstance.py:1571} INFO - Exporting the following env vars:
AIRFLOW_CTX_DAG_OWNER=***
AIRFLOW_CTX_DAG_ID=defence_dag2
AIRFLOW_CTX_TASK_ID=stop
AIRFLOW_CTX_EXECUTION_DATE=2023-03-23T11:41:10.427518+00:00
AIRFLOW_CTX_TRY_NUMBER=1
AIRFLOW_CTX_DAG_RUN_ID=manual__2023-03-23T11:41:10.427518+00:00
[2023-03-23 11:41:17,314] {python.py:173} INFO - Done. Returned value was: Cycle has ended
[2023-03-23 11:41:17,335] {taskinstance.py:1400} INFO - Marking task as SUCCESS. dag_id=defence_dag2, task_id=stop, execution_date=20230323T114110, start_date=20230323T114117, end_date=20230323T114117
[2023-03-23 11:41:17,354] {local_task_job.py:156} INFO - Task exited with return code 0
[2023-03-23 11:41:17,379] {local_task_job.py:273} INFO - 0 downstream tasks scheduled from follow-on schedule check
