[2023-04-27 11:41:07,671] {taskinstance.py:1159} INFO - Dependencies all met for <TaskInstance: multi_defence_dag.to_defence1 manual__2023-04-27T11:40:52.281856+00:00 [queued]>
[2023-04-27 11:41:07,695] {taskinstance.py:1159} INFO - Dependencies all met for <TaskInstance: multi_defence_dag.to_defence1 manual__2023-04-27T11:40:52.281856+00:00 [queued]>
[2023-04-27 11:41:07,695] {taskinstance.py:1356} INFO - 
--------------------------------------------------------------------------------
[2023-04-27 11:41:07,696] {taskinstance.py:1357} INFO - Starting attempt 1 of 2
[2023-04-27 11:41:07,697] {taskinstance.py:1358} INFO - 
--------------------------------------------------------------------------------
[2023-04-27 11:41:07,745] {taskinstance.py:1377} INFO - Executing <Task(BranchPythonOperator): to_defence1> on 2023-04-27 11:40:52.281856+00:00
[2023-04-27 11:41:07,767] {standard_task_runner.py:52} INFO - Started process 1970 to run task
[2023-04-27 11:41:07,783] {standard_task_runner.py:79} INFO - Running: ['***', 'tasks', 'run', 'multi_defence_dag', 'to_defence1', 'manual__2023-04-27T11:40:52.281856+00:00', '--job-id', '6744', '--raw', '--subdir', 'DAGS_FOLDER/defence_dag.py', '--cfg-path', '/tmp/tmpdf_6bt2n', '--error-file', '/tmp/tmprxtg_iza']
[2023-04-27 11:41:07,788] {standard_task_runner.py:80} INFO - Job 6744: Subtask to_defence1
[2023-04-27 11:41:08,141] {task_command.py:369} INFO - Running <TaskInstance: multi_defence_dag.to_defence1 manual__2023-04-27T11:40:52.281856+00:00 [running]> on host e7e31d5a6603
[2023-04-27 11:41:08,449] {taskinstance.py:1571} INFO - Exporting the following env vars:
AIRFLOW_CTX_DAG_OWNER=***
AIRFLOW_CTX_DAG_ID=multi_defence_dag
AIRFLOW_CTX_TASK_ID=to_defence1
AIRFLOW_CTX_EXECUTION_DATE=2023-04-27T11:40:52.281856+00:00
AIRFLOW_CTX_TRY_NUMBER=1
AIRFLOW_CTX_DAG_RUN_ID=manual__2023-04-27T11:40:52.281856+00:00
[2023-04-27 11:41:08,470] {python.py:173} INFO - Done. Returned value was: Defence1
[2023-04-27 11:41:08,470] {skipmixin.py:140} INFO - Following branch Defence1
[2023-04-27 11:41:08,471] {skipmixin.py:175} INFO - Skipping tasks ['default']
[2023-04-27 11:41:08,650] {taskinstance.py:1400} INFO - Marking task as SUCCESS. dag_id=multi_defence_dag, task_id=to_defence1, execution_date=20230427T114052, start_date=20230427T114107, end_date=20230427T114108
[2023-04-27 11:41:08,726] {local_task_job.py:156} INFO - Task exited with return code 0
[2023-04-27 11:41:08,918] {local_task_job.py:273} INFO - 1 downstream tasks scheduled from follow-on schedule check
