[2023-03-23 15:32:47,321] {taskinstance.py:1159} INFO - Dependencies all met for <TaskInstance: multi_defence_dag.Defence3 manual__2023-03-23T15:32:42.930271+00:00 [queued]>
[2023-03-23 15:32:47,339] {taskinstance.py:1159} INFO - Dependencies all met for <TaskInstance: multi_defence_dag.Defence3 manual__2023-03-23T15:32:42.930271+00:00 [queued]>
[2023-03-23 15:32:47,339] {taskinstance.py:1356} INFO - 
--------------------------------------------------------------------------------
[2023-03-23 15:32:47,340] {taskinstance.py:1357} INFO - Starting attempt 1 of 2
[2023-03-23 15:32:47,340] {taskinstance.py:1358} INFO - 
--------------------------------------------------------------------------------
[2023-03-23 15:32:47,358] {taskinstance.py:1377} INFO - Executing <Task(PythonOperator): Defence3> on 2023-03-23 15:32:42.930271+00:00
[2023-03-23 15:32:47,364] {standard_task_runner.py:52} INFO - Started process 12537 to run task
[2023-03-23 15:32:47,368] {standard_task_runner.py:79} INFO - Running: ['***', 'tasks', 'run', 'multi_defence_dag', 'Defence3', 'manual__2023-03-23T15:32:42.930271+00:00', '--job-id', '3182', '--raw', '--subdir', 'DAGS_FOLDER/defence_dag.py', '--cfg-path', '/tmp/tmpr1aiosl6', '--error-file', '/tmp/tmprikq96fg']
[2023-03-23 15:32:47,370] {standard_task_runner.py:80} INFO - Job 3182: Subtask Defence3
[2023-03-23 15:32:47,452] {task_command.py:369} INFO - Running <TaskInstance: multi_defence_dag.Defence3 manual__2023-03-23T15:32:42.930271+00:00 [running]> on host 6447f1dacd32
[2023-03-23 15:32:47,561] {taskinstance.py:1571} INFO - Exporting the following env vars:
AIRFLOW_CTX_DAG_OWNER=***
AIRFLOW_CTX_DAG_ID=multi_defence_dag
AIRFLOW_CTX_TASK_ID=Defence3
AIRFLOW_CTX_EXECUTION_DATE=2023-03-23T15:32:42.930271+00:00
AIRFLOW_CTX_TRY_NUMBER=1
AIRFLOW_CTX_DAG_RUN_ID=manual__2023-03-23T15:32:42.930271+00:00
[2023-03-23 15:32:47,584] {python.py:173} INFO - Done. Returned value was: None
[2023-03-23 15:32:47,624] {taskinstance.py:1400} INFO - Marking task as SUCCESS. dag_id=multi_defence_dag, task_id=Defence3, execution_date=20230323T153242, start_date=20230323T153247, end_date=20230323T153247
[2023-03-23 15:32:47,663] {local_task_job.py:156} INFO - Task exited with return code 0
[2023-03-23 15:32:47,722] {local_task_job.py:273} INFO - 0 downstream tasks scheduled from follow-on schedule check
