[2023-04-30 08:06:01,623] {taskinstance.py:1159} INFO - Dependencies all met for <TaskInstance: multi_defence_dag.Defence1 manual__2023-04-30T08:05:43.746360+00:00 [queued]>
[2023-04-30 08:06:01,648] {taskinstance.py:1159} INFO - Dependencies all met for <TaskInstance: multi_defence_dag.Defence1 manual__2023-04-30T08:05:43.746360+00:00 [queued]>
[2023-04-30 08:06:01,648] {taskinstance.py:1356} INFO - 
--------------------------------------------------------------------------------
[2023-04-30 08:06:01,671] {taskinstance.py:1357} INFO - Starting attempt 1 of 2
[2023-04-30 08:06:01,672] {taskinstance.py:1358} INFO - 
--------------------------------------------------------------------------------
[2023-04-30 08:06:01,722] {taskinstance.py:1377} INFO - Executing <Task(PythonOperator): Defence1> on 2023-04-30 08:05:43.746360+00:00
[2023-04-30 08:06:01,738] {standard_task_runner.py:52} INFO - Started process 747 to run task
[2023-04-30 08:06:01,748] {standard_task_runner.py:79} INFO - Running: ['***', 'tasks', 'run', 'multi_defence_dag', 'Defence1', 'manual__2023-04-30T08:05:43.746360+00:00', '--job-id', '7127', '--raw', '--subdir', 'DAGS_FOLDER/defence_dag.py', '--cfg-path', '/tmp/tmpw6rl1yp9', '--error-file', '/tmp/tmpdmugcgpv']
[2023-04-30 08:06:01,754] {standard_task_runner.py:80} INFO - Job 7127: Subtask Defence1
[2023-04-30 08:06:01,883] {task_command.py:369} INFO - Running <TaskInstance: multi_defence_dag.Defence1 manual__2023-04-30T08:05:43.746360+00:00 [running]> on host e7e31d5a6603
[2023-04-30 08:06:02,139] {taskinstance.py:1571} INFO - Exporting the following env vars:
AIRFLOW_CTX_DAG_OWNER=***
AIRFLOW_CTX_DAG_ID=multi_defence_dag
AIRFLOW_CTX_TASK_ID=Defence1
AIRFLOW_CTX_EXECUTION_DATE=2023-04-30T08:05:43.746360+00:00
AIRFLOW_CTX_TRY_NUMBER=1
AIRFLOW_CTX_DAG_RUN_ID=manual__2023-04-30T08:05:43.746360+00:00
[2023-04-30 08:06:02,207] {python.py:173} INFO - Done. Returned value was: None
[2023-04-30 08:06:02,235] {taskinstance.py:1400} INFO - Marking task as SUCCESS. dag_id=multi_defence_dag, task_id=Defence1, execution_date=20230430T080543, start_date=20230430T080601, end_date=20230430T080602
[2023-04-30 08:06:02,300] {local_task_job.py:156} INFO - Task exited with return code 0
[2023-04-30 08:06:02,420] {local_task_job.py:273} INFO - 1 downstream tasks scheduled from follow-on schedule check
