[2023-04-27 09:02:53,959] {taskinstance.py:1159} INFO - Dependencies all met for <TaskInstance: multi_attack_dag.attack_FrameSaliencyAttack manual__2023-04-27T09:01:19.609297+00:00 [queued]>
[2023-04-27 09:02:54,270] {taskinstance.py:1159} INFO - Dependencies all met for <TaskInstance: multi_attack_dag.attack_FrameSaliencyAttack manual__2023-04-27T09:01:19.609297+00:00 [queued]>
[2023-04-27 09:02:54,286] {taskinstance.py:1356} INFO - 
--------------------------------------------------------------------------------
[2023-04-27 09:02:54,310] {taskinstance.py:1357} INFO - Starting attempt 1 of 2
[2023-04-27 09:02:54,321] {taskinstance.py:1358} INFO - 
--------------------------------------------------------------------------------
[2023-04-27 09:02:54,480] {taskinstance.py:1377} INFO - Executing <Task(PythonOperator): attack_FrameSaliencyAttack> on 2023-04-27 09:01:19.609297+00:00
[2023-04-27 09:02:54,550] {standard_task_runner.py:52} INFO - Started process 2613 to run task
[2023-04-27 09:02:54,615] {standard_task_runner.py:79} INFO - Running: ['***', 'tasks', 'run', 'multi_attack_dag', 'attack_FrameSaliencyAttack', 'manual__2023-04-27T09:01:19.609297+00:00', '--job-id', '6465', '--raw', '--subdir', 'DAGS_FOLDER/attack_dag.py', '--cfg-path', '/tmp/tmpna9tbx55', '--error-file', '/tmp/tmpwl_cxqa_']
[2023-04-27 09:02:54,627] {standard_task_runner.py:80} INFO - Job 6465: Subtask attack_FrameSaliencyAttack
[2023-04-27 09:02:55,230] {task_command.py:369} INFO - Running <TaskInstance: multi_attack_dag.attack_FrameSaliencyAttack manual__2023-04-27T09:01:19.609297+00:00 [running]> on host e7e31d5a6603
[2023-04-27 09:02:55,977] {taskinstance.py:1571} INFO - Exporting the following env vars:
AIRFLOW_CTX_DAG_OWNER=***
AIRFLOW_CTX_DAG_ID=multi_attack_dag
AIRFLOW_CTX_TASK_ID=attack_FrameSaliencyAttack
AIRFLOW_CTX_EXECUTION_DATE=2023-04-27T09:01:19.609297+00:00
AIRFLOW_CTX_TRY_NUMBER=1
AIRFLOW_CTX_DAG_RUN_ID=manual__2023-04-27T09:01:19.609297+00:00
[2023-04-27 09:02:56,041] {transport.py:157} INFO - Attempting refresh to obtain initial access_token
[2023-04-27 09:02:56,106] {client.py:777} INFO - Refreshing access_token
[2023-04-27 09:02:57,455] {transport.py:157} INFO - Attempting refresh to obtain initial access_token
[2023-04-27 09:02:57,474] {client.py:777} INFO - Refreshing access_token
[2023-04-27 09:03:27,876] {pytorch.py:1198} INFO - Inferred 5 hidden layers on PyTorch classifier.
[2023-04-27 09:09:07,903] {attack_dag.py:642} INFO - Optimizing...
[2023-04-27 09:09:07,925] {logging_mixin.py:115} INFO - I am right here on <class 'art.attacks.evasion.frame_saliency.FrameSaliencyAttack'>
[2023-04-27 09:09:07,928] {taskinstance.py:1889} ERROR - Task failed with exception
Traceback (most recent call last):
  File "/home/airflow/.local/lib/python3.7/site-packages/airflow/operators/python.py", line 171, in execute
    return_value = self.execute_callable()
  File "/home/airflow/.local/lib/python3.7/site-packages/airflow/operators/python.py", line 189, in execute_callable
    return self.python_callable(*self.op_args, **self.op_kwargs)
  File "/opt/airflow/dags/attack_dag.py", line 439, in attack_FrameSaliencyAttack
    model_acc, adversarial_examples  = attack(FrameSaliencyAttack)
  File "/opt/airflow/dags/attack_dag.py", line 643, in attack
    optimized_attack = optimize_evasion_attack(attack_obj,estimator,x_test,y_test)
  File "/opt/airflow/dags/attack_dag.py", line 616, in optimize_evasion_attack
    search_space = [v for k, v in attack_parameter_range[attack.__name__].items()]
KeyError: 'FrameSaliencyAttack'
[2023-04-27 09:09:08,063] {taskinstance.py:1400} INFO - Marking task as UP_FOR_RETRY. dag_id=multi_attack_dag, task_id=attack_FrameSaliencyAttack, execution_date=20230427T090119, start_date=20230427T090253, end_date=20230427T090908
[2023-04-27 09:09:08,168] {standard_task_runner.py:97} ERROR - Failed to execute job 6465 for task attack_FrameSaliencyAttack ('FrameSaliencyAttack'; 2613)
[2023-04-27 09:09:08,247] {local_task_job.py:156} INFO - Task exited with return code 1
[2023-04-27 09:09:08,988] {local_task_job.py:273} INFO - 0 downstream tasks scheduled from follow-on schedule check
