[2023-03-23 15:17:31,084] {taskinstance.py:1159} INFO - Dependencies all met for <TaskInstance: multi_attack_dag.to_attack2 manual__2023-03-23T15:17:08.856488+00:00 [queued]>
[2023-03-23 15:17:31,155] {taskinstance.py:1159} INFO - Dependencies all met for <TaskInstance: multi_attack_dag.to_attack2 manual__2023-03-23T15:17:08.856488+00:00 [queued]>
[2023-03-23 15:17:31,157] {taskinstance.py:1356} INFO - 
--------------------------------------------------------------------------------
[2023-03-23 15:17:31,161] {taskinstance.py:1357} INFO - Starting attempt 1 of 2
[2023-03-23 15:17:31,163] {taskinstance.py:1358} INFO - 
--------------------------------------------------------------------------------
[2023-03-23 15:17:31,269] {taskinstance.py:1377} INFO - Executing <Task(BranchPythonOperator): to_attack2> on 2023-03-23 15:17:08.856488+00:00
[2023-03-23 15:17:31,290] {standard_task_runner.py:52} INFO - Started process 11939 to run task
[2023-03-23 15:17:31,317] {standard_task_runner.py:79} INFO - Running: ['***', 'tasks', 'run', 'multi_attack_dag', 'to_attack2', 'manual__2023-03-23T15:17:08.856488+00:00', '--job-id', '2972', '--raw', '--subdir', 'DAGS_FOLDER/attack_dag.py', '--cfg-path', '/tmp/tmpb5_jjnw9', '--error-file', '/tmp/tmpnpw835x3']
[2023-03-23 15:17:31,324] {standard_task_runner.py:80} INFO - Job 2972: Subtask to_attack2
[2023-03-23 15:17:31,882] {task_command.py:369} INFO - Running <TaskInstance: multi_attack_dag.to_attack2 manual__2023-03-23T15:17:08.856488+00:00 [running]> on host 6447f1dacd32
[2023-03-23 15:17:32,342] {taskinstance.py:1571} INFO - Exporting the following env vars:
AIRFLOW_CTX_DAG_OWNER=***
AIRFLOW_CTX_DAG_ID=multi_attack_dag
AIRFLOW_CTX_TASK_ID=to_attack2
AIRFLOW_CTX_EXECUTION_DATE=2023-03-23T15:17:08.856488+00:00
AIRFLOW_CTX_TRY_NUMBER=1
AIRFLOW_CTX_DAG_RUN_ID=manual__2023-03-23T15:17:08.856488+00:00
[2023-03-23 15:17:32,412] {python.py:173} INFO - Done. Returned value was: default
[2023-03-23 15:17:32,415] {skipmixin.py:140} INFO - Following branch default
[2023-03-23 15:17:32,417] {skipmixin.py:175} INFO - Skipping tasks ['attack2']
[2023-03-23 15:17:32,884] {taskinstance.py:1400} INFO - Marking task as SUCCESS. dag_id=multi_attack_dag, task_id=to_attack2, execution_date=20230323T151708, start_date=20230323T151731, end_date=20230323T151732
[2023-03-23 15:17:32,968] {local_task_job.py:156} INFO - Task exited with return code 0
[2023-03-23 15:17:33,347] {local_task_job.py:273} INFO - 0 downstream tasks scheduled from follow-on schedule check
