[2023-03-28 10:01:16,806] {taskinstance.py:1159} INFO - Dependencies all met for <TaskInstance: defence_dag2.trigger_offence manual__2023-03-28T10:01:07.798166+00:00 [queued]>
[2023-03-28 10:01:16,820] {taskinstance.py:1159} INFO - Dependencies all met for <TaskInstance: defence_dag2.trigger_offence manual__2023-03-28T10:01:07.798166+00:00 [queued]>
[2023-03-28 10:01:16,820] {taskinstance.py:1356} INFO - 
--------------------------------------------------------------------------------
[2023-03-28 10:01:16,825] {taskinstance.py:1357} INFO - Starting attempt 1 of 1
[2023-03-28 10:01:16,826] {taskinstance.py:1358} INFO - 
--------------------------------------------------------------------------------
[2023-03-28 10:01:16,847] {taskinstance.py:1377} INFO - Executing <Task(TriggerDagRunOperator): trigger_offence> on 2023-03-28 10:01:07.798166+00:00
[2023-03-28 10:01:16,853] {standard_task_runner.py:52} INFO - Started process 1552 to run task
[2023-03-28 10:01:16,857] {standard_task_runner.py:79} INFO - Running: ['***', 'tasks', 'run', 'defence_dag2', 'trigger_offence', 'manual__2023-03-28T10:01:07.798166+00:00', '--job-id', '4141', '--raw', '--subdir', 'DAGS_FOLDER/defese.py', '--cfg-path', '/tmp/tmp742xv7wh', '--error-file', '/tmp/tmpgsaflf97']
[2023-03-28 10:01:16,858] {standard_task_runner.py:80} INFO - Job 4141: Subtask trigger_offence
[2023-03-28 10:01:16,930] {task_command.py:369} INFO - Running <TaskInstance: defence_dag2.trigger_offence manual__2023-03-28T10:01:07.798166+00:00 [running]> on host 70f8824ef075
[2023-03-28 10:01:17,026] {taskinstance.py:1571} INFO - Exporting the following env vars:
AIRFLOW_CTX_DAG_OWNER=***
AIRFLOW_CTX_DAG_ID=defence_dag2
AIRFLOW_CTX_TASK_ID=trigger_offence
AIRFLOW_CTX_EXECUTION_DATE=2023-03-28T10:01:07.798166+00:00
AIRFLOW_CTX_TRY_NUMBER=1
AIRFLOW_CTX_DAG_RUN_ID=manual__2023-03-28T10:01:07.798166+00:00
[2023-03-28 10:01:17,627] {taskinstance.py:1400} INFO - Marking task as SUCCESS. dag_id=defence_dag2, task_id=trigger_offence, execution_date=20230328T100107, start_date=20230328T100116, end_date=20230328T100117
[2023-03-28 10:01:17,673] {local_task_job.py:156} INFO - Task exited with return code 0
[2023-03-28 10:01:17,713] {local_task_job.py:273} INFO - 0 downstream tasks scheduled from follow-on schedule check
