[2023-04-30 09:06:07,579] {taskinstance.py:1159} INFO - Dependencies all met for <TaskInstance: multi_defence_dag.Defence3 manual__2023-04-30T09:05:56.025241+00:00 [queued]>
[2023-04-30 09:06:07,607] {taskinstance.py:1159} INFO - Dependencies all met for <TaskInstance: multi_defence_dag.Defence3 manual__2023-04-30T09:05:56.025241+00:00 [queued]>
[2023-04-30 09:06:07,609] {taskinstance.py:1356} INFO - 
--------------------------------------------------------------------------------
[2023-04-30 09:06:07,614] {taskinstance.py:1357} INFO - Starting attempt 1 of 2
[2023-04-30 09:06:07,624] {taskinstance.py:1358} INFO - 
--------------------------------------------------------------------------------
[2023-04-30 09:06:07,652] {taskinstance.py:1377} INFO - Executing <Task(PythonOperator): Defence3> on 2023-04-30 09:05:56.025241+00:00
[2023-04-30 09:06:07,664] {standard_task_runner.py:52} INFO - Started process 131 to run task
[2023-04-30 09:06:07,673] {standard_task_runner.py:79} INFO - Running: ['***', 'tasks', 'run', 'multi_defence_dag', 'Defence3', 'manual__2023-04-30T09:05:56.025241+00:00', '--job-id', '7230', '--raw', '--subdir', 'DAGS_FOLDER/defence_dag.py', '--cfg-path', '/tmp/tmp2p470rrd', '--error-file', '/tmp/tmpnzg0vqlh']
[2023-04-30 09:06:07,675] {standard_task_runner.py:80} INFO - Job 7230: Subtask Defence3
[2023-04-30 09:06:07,880] {task_command.py:369} INFO - Running <TaskInstance: multi_defence_dag.Defence3 manual__2023-04-30T09:05:56.025241+00:00 [running]> on host e7e31d5a6603
[2023-04-30 09:06:08,084] {taskinstance.py:1571} INFO - Exporting the following env vars:
AIRFLOW_CTX_DAG_OWNER=***
AIRFLOW_CTX_DAG_ID=multi_defence_dag
AIRFLOW_CTX_TASK_ID=Defence3
AIRFLOW_CTX_EXECUTION_DATE=2023-04-30T09:05:56.025241+00:00
AIRFLOW_CTX_TRY_NUMBER=1
AIRFLOW_CTX_DAG_RUN_ID=manual__2023-04-30T09:05:56.025241+00:00
[2023-04-30 09:06:08,133] {python.py:173} INFO - Done. Returned value was: None
[2023-04-30 09:06:08,168] {taskinstance.py:1400} INFO - Marking task as SUCCESS. dag_id=multi_defence_dag, task_id=Defence3, execution_date=20230430T090556, start_date=20230430T090607, end_date=20230430T090608
[2023-04-30 09:06:08,229] {local_task_job.py:156} INFO - Task exited with return code 0
[2023-04-30 09:06:08,335] {local_task_job.py:273} INFO - 1 downstream tasks scheduled from follow-on schedule check
