[2023-03-28 12:44:22,798] {taskinstance.py:1159} INFO - Dependencies all met for <TaskInstance: defence_dag2.defence1 manual__2023-03-28T12:44:14.962828+00:00 [queued]>
[2023-03-28 12:44:22,813] {taskinstance.py:1159} INFO - Dependencies all met for <TaskInstance: defence_dag2.defence1 manual__2023-03-28T12:44:14.962828+00:00 [queued]>
[2023-03-28 12:44:22,814] {taskinstance.py:1356} INFO - 
--------------------------------------------------------------------------------
[2023-03-28 12:44:22,814] {taskinstance.py:1357} INFO - Starting attempt 1 of 1
[2023-03-28 12:44:22,815] {taskinstance.py:1358} INFO - 
--------------------------------------------------------------------------------
[2023-03-28 12:44:22,831] {taskinstance.py:1377} INFO - Executing <Task(PythonOperator): defence1> on 2023-03-28 12:44:14.962828+00:00
[2023-03-28 12:44:22,840] {standard_task_runner.py:52} INFO - Started process 3829 to run task
[2023-03-28 12:44:22,844] {standard_task_runner.py:79} INFO - Running: ['***', 'tasks', 'run', 'defence_dag2', 'defence1', 'manual__2023-03-28T12:44:14.962828+00:00', '--job-id', '4585', '--raw', '--subdir', 'DAGS_FOLDER/defese.py', '--cfg-path', '/tmp/tmpd66v0c6h', '--error-file', '/tmp/tmp9nprxftu']
[2023-03-28 12:44:22,845] {standard_task_runner.py:80} INFO - Job 4585: Subtask defence1
[2023-03-28 12:44:22,917] {task_command.py:369} INFO - Running <TaskInstance: defence_dag2.defence1 manual__2023-03-28T12:44:14.962828+00:00 [running]> on host ff3d40af78f9
[2023-03-28 12:44:23,018] {taskinstance.py:1571} INFO - Exporting the following env vars:
AIRFLOW_CTX_DAG_OWNER=***
AIRFLOW_CTX_DAG_ID=defence_dag2
AIRFLOW_CTX_TASK_ID=defence1
AIRFLOW_CTX_EXECUTION_DATE=2023-03-28T12:44:14.962828+00:00
AIRFLOW_CTX_TRY_NUMBER=1
AIRFLOW_CTX_DAG_RUN_ID=manual__2023-03-28T12:44:14.962828+00:00
[2023-03-28 12:44:23,045] {logging_mixin.py:115} INFO - defensing
[2023-03-28 12:44:23,046] {python.py:173} INFO - Done. Returned value was: None
[2023-03-28 12:44:23,063] {taskinstance.py:1400} INFO - Marking task as SUCCESS. dag_id=defence_dag2, task_id=defence1, execution_date=20230328T124414, start_date=20230328T124422, end_date=20230328T124423
[2023-03-28 12:44:23,098] {local_task_job.py:156} INFO - Task exited with return code 0
[2023-03-28 12:44:23,169] {local_task_job.py:273} INFO - 1 downstream tasks scheduled from follow-on schedule check
