[2023-03-23 15:08:43,427] {taskinstance.py:1159} INFO - Dependencies all met for <TaskInstance: multi_attack_dag.trigger_defence manual__2023-03-23T15:07:31.160641+00:00 [queued]>
[2023-03-23 15:08:43,540] {taskinstance.py:1159} INFO - Dependencies all met for <TaskInstance: multi_attack_dag.trigger_defence manual__2023-03-23T15:07:31.160641+00:00 [queued]>
[2023-03-23 15:08:43,552] {taskinstance.py:1356} INFO - 
--------------------------------------------------------------------------------
[2023-03-23 15:08:43,556] {taskinstance.py:1357} INFO - Starting attempt 1 of 2
[2023-03-23 15:08:43,559] {taskinstance.py:1358} INFO - 
--------------------------------------------------------------------------------
[2023-03-23 15:08:46,741] {taskinstance.py:1377} INFO - Executing <Task(TriggerDagRunOperator): trigger_defence> on 2023-03-23 15:07:31.160641+00:00
[2023-03-23 15:08:46,762] {standard_task_runner.py:52} INFO - Started process 11371 to run task
[2023-03-23 15:08:46,793] {standard_task_runner.py:79} INFO - Running: ['***', 'tasks', 'run', 'multi_attack_dag', 'trigger_defence', 'manual__2023-03-23T15:07:31.160641+00:00', '--job-id', '2815', '--raw', '--subdir', 'DAGS_FOLDER/attack_dag.py', '--cfg-path', '/tmp/tmpauuu0jf_', '--error-file', '/tmp/tmp0ayb1grq']
[2023-03-23 15:08:46,799] {standard_task_runner.py:80} INFO - Job 2815: Subtask trigger_defence
[2023-03-23 15:08:47,171] {task_command.py:369} INFO - Running <TaskInstance: multi_attack_dag.trigger_defence manual__2023-03-23T15:07:31.160641+00:00 [running]> on host 6447f1dacd32
[2023-03-23 15:08:47,605] {taskinstance.py:1571} INFO - Exporting the following env vars:
AIRFLOW_CTX_DAG_OWNER=***
AIRFLOW_CTX_DAG_ID=multi_attack_dag
AIRFLOW_CTX_TASK_ID=trigger_defence
AIRFLOW_CTX_EXECUTION_DATE=2023-03-23T15:07:31.160641+00:00
AIRFLOW_CTX_TRY_NUMBER=1
AIRFLOW_CTX_DAG_RUN_ID=manual__2023-03-23T15:07:31.160641+00:00
[2023-03-23 15:09:19,684] {taskinstance.py:1400} INFO - Marking task as SUCCESS. dag_id=multi_attack_dag, task_id=trigger_defence, execution_date=20230323T150731, start_date=20230323T150843, end_date=20230323T150919
[2023-03-23 15:09:20,903] {local_task_job.py:156} INFO - Task exited with return code 0
[2023-03-23 15:09:22,933] {local_task_job.py:273} INFO - 0 downstream tasks scheduled from follow-on schedule check
