[2023-04-23 10:38:29,805] {taskinstance.py:1159} INFO - Dependencies all met for <TaskInstance: multi_defence_dag.to_defence2 manual__2023-04-23T10:38:21.165405+00:00 [queued]>
[2023-04-23 10:38:29,828] {taskinstance.py:1159} INFO - Dependencies all met for <TaskInstance: multi_defence_dag.to_defence2 manual__2023-04-23T10:38:21.165405+00:00 [queued]>
[2023-04-23 10:38:29,829] {taskinstance.py:1356} INFO - 
--------------------------------------------------------------------------------
[2023-04-23 10:38:29,830] {taskinstance.py:1357} INFO - Starting attempt 1 of 2
[2023-04-23 10:38:29,831] {taskinstance.py:1358} INFO - 
--------------------------------------------------------------------------------
[2023-04-23 10:38:29,863] {taskinstance.py:1377} INFO - Executing <Task(BranchPythonOperator): to_defence2> on 2023-04-23 10:38:21.165405+00:00
[2023-04-23 10:38:29,873] {standard_task_runner.py:52} INFO - Started process 3584 to run task
[2023-04-23 10:38:29,880] {standard_task_runner.py:79} INFO - Running: ['***', 'tasks', 'run', 'multi_defence_dag', 'to_defence2', 'manual__2023-04-23T10:38:21.165405+00:00', '--job-id', '6198', '--raw', '--subdir', 'DAGS_FOLDER/defence_dag.py', '--cfg-path', '/tmp/tmpolxvk076', '--error-file', '/tmp/tmpn4oaehl1']
[2023-04-23 10:38:29,884] {standard_task_runner.py:80} INFO - Job 6198: Subtask to_defence2
[2023-04-23 10:38:29,990] {task_command.py:369} INFO - Running <TaskInstance: multi_defence_dag.to_defence2 manual__2023-04-23T10:38:21.165405+00:00 [running]> on host a3dd7d962104
[2023-04-23 10:38:30,160] {taskinstance.py:1571} INFO - Exporting the following env vars:
AIRFLOW_CTX_DAG_OWNER=***
AIRFLOW_CTX_DAG_ID=multi_defence_dag
AIRFLOW_CTX_TASK_ID=to_defence2
AIRFLOW_CTX_EXECUTION_DATE=2023-04-23T10:38:21.165405+00:00
AIRFLOW_CTX_TRY_NUMBER=1
AIRFLOW_CTX_DAG_RUN_ID=manual__2023-04-23T10:38:21.165405+00:00
[2023-04-23 10:38:30,182] {python.py:173} INFO - Done. Returned value was: Defence2
[2023-04-23 10:38:30,183] {skipmixin.py:140} INFO - Following branch Defence2
[2023-04-23 10:38:30,184] {skipmixin.py:175} INFO - Skipping tasks ['default']
[2023-04-23 10:38:30,271] {taskinstance.py:1400} INFO - Marking task as SUCCESS. dag_id=multi_defence_dag, task_id=to_defence2, execution_date=20230423T103821, start_date=20230423T103829, end_date=20230423T103830
[2023-04-23 10:38:30,337] {local_task_job.py:156} INFO - Task exited with return code 0
[2023-04-23 10:38:30,428] {local_task_job.py:273} INFO - 1 downstream tasks scheduled from follow-on schedule check
