[2023-03-12 15:52:16,622] {taskinstance.py:1159} INFO - Dependencies all met for <TaskInstance: defence_dag.storing manual__2023-03-12T15:52:14.765919+00:00 [queued]>
[2023-03-12 15:52:16,630] {taskinstance.py:1159} INFO - Dependencies all met for <TaskInstance: defence_dag.storing manual__2023-03-12T15:52:14.765919+00:00 [queued]>
[2023-03-12 15:52:16,631] {taskinstance.py:1356} INFO - 
--------------------------------------------------------------------------------
[2023-03-12 15:52:16,631] {taskinstance.py:1357} INFO - Starting attempt 1 of 1
[2023-03-12 15:52:16,632] {taskinstance.py:1358} INFO - 
--------------------------------------------------------------------------------
[2023-03-12 15:52:16,644] {taskinstance.py:1377} INFO - Executing <Task(BashOperator): storing> on 2023-03-12 15:52:14.765919+00:00
[2023-03-12 15:52:16,648] {standard_task_runner.py:52} INFO - Started process 90 to run task
[2023-03-12 15:52:16,650] {standard_task_runner.py:79} INFO - Running: ['***', 'tasks', 'run', 'defence_dag', 'storing', 'manual__2023-03-12T15:52:14.765919+00:00', '--job-id', '602', '--raw', '--subdir', 'DAGS_FOLDER/defese.py', '--cfg-path', '/tmp/tmpy381mcn9', '--error-file', '/tmp/tmpm7fpbjuh']
[2023-03-12 15:52:16,651] {standard_task_runner.py:80} INFO - Job 602: Subtask storing
[2023-03-12 15:52:16,748] {task_command.py:369} INFO - Running <TaskInstance: defence_dag.storing manual__2023-03-12T15:52:14.765919+00:00 [running]> on host 596adcca7378
[2023-03-12 15:52:16,812] {taskinstance.py:1571} INFO - Exporting the following env vars:
AIRFLOW_CTX_DAG_OWNER=***
AIRFLOW_CTX_DAG_ID=defence_dag
AIRFLOW_CTX_TASK_ID=storing
AIRFLOW_CTX_EXECUTION_DATE=2023-03-12T15:52:14.765919+00:00
AIRFLOW_CTX_TRY_NUMBER=1
AIRFLOW_CTX_DAG_RUN_ID=manual__2023-03-12T15:52:14.765919+00:00
[2023-03-12 15:52:16,814] {subprocess.py:62} INFO - Tmp dir root location: 
 /tmp
[2023-03-12 15:52:16,814] {subprocess.py:74} INFO - Running command: ['bash', '-c', 'sleep 1']
[2023-03-12 15:52:16,821] {subprocess.py:85} INFO - Output:
[2023-03-12 15:52:17,823] {subprocess.py:96} INFO - Command exited with return code 0
[2023-03-12 15:52:17,847] {taskinstance.py:1400} INFO - Marking task as SUCCESS. dag_id=defence_dag, task_id=storing, execution_date=20230312T155214, start_date=20230312T155216, end_date=20230312T155217
[2023-03-12 15:52:17,871] {local_task_job.py:156} INFO - Task exited with return code 0
[2023-03-12 15:52:17,902] {local_task_job.py:273} INFO - 1 downstream tasks scheduled from follow-on schedule check
