[2023-04-23 07:53:53,597] {taskinstance.py:1159} INFO - Dependencies all met for <TaskInstance: multi_defence_dag.choose_best manual__2023-04-23T07:53:23.573684+00:00 [queued]>
[2023-04-23 07:53:53,610] {taskinstance.py:1159} INFO - Dependencies all met for <TaskInstance: multi_defence_dag.choose_best manual__2023-04-23T07:53:23.573684+00:00 [queued]>
[2023-04-23 07:53:53,610] {taskinstance.py:1356} INFO - 
--------------------------------------------------------------------------------
[2023-04-23 07:53:53,611] {taskinstance.py:1357} INFO - Starting attempt 1 of 2
[2023-04-23 07:53:53,612] {taskinstance.py:1358} INFO - 
--------------------------------------------------------------------------------
[2023-04-23 07:53:53,641] {taskinstance.py:1377} INFO - Executing <Task(PythonOperator): choose_best> on 2023-04-23 07:53:23.573684+00:00
[2023-04-23 07:53:53,652] {standard_task_runner.py:52} INFO - Started process 384 to run task
[2023-04-23 07:53:53,656] {standard_task_runner.py:79} INFO - Running: ['***', 'tasks', 'run', 'multi_defence_dag', 'choose_best', 'manual__2023-04-23T07:53:23.573684+00:00', '--job-id', '5887', '--raw', '--subdir', 'DAGS_FOLDER/defence_dag.py', '--cfg-path', '/tmp/tmp9z81hikr', '--error-file', '/tmp/tmp49gl534z']
[2023-04-23 07:53:53,658] {standard_task_runner.py:80} INFO - Job 5887: Subtask choose_best
[2023-04-23 07:53:53,750] {task_command.py:369} INFO - Running <TaskInstance: multi_defence_dag.choose_best manual__2023-04-23T07:53:23.573684+00:00 [running]> on host a3dd7d962104
[2023-04-23 07:53:53,924] {taskinstance.py:1571} INFO - Exporting the following env vars:
AIRFLOW_CTX_DAG_OWNER=***
AIRFLOW_CTX_DAG_ID=multi_defence_dag
AIRFLOW_CTX_TASK_ID=choose_best
AIRFLOW_CTX_EXECUTION_DATE=2023-04-23T07:53:23.573684+00:00
AIRFLOW_CTX_TRY_NUMBER=1
AIRFLOW_CTX_DAG_RUN_ID=manual__2023-04-23T07:53:23.573684+00:00
[2023-04-23 07:53:53,985] {transport.py:157} INFO - Attempting refresh to obtain initial access_token
[2023-04-23 07:53:53,989] {client.py:777} INFO - Refreshing access_token
[2023-04-23 07:53:55,080] {transport.py:157} INFO - Attempting refresh to obtain initial access_token
[2023-04-23 07:53:55,085] {client.py:777} INFO - Refreshing access_token
[2023-04-23 07:53:55,814] {python.py:173} INFO - Done. Returned value was: None
[2023-04-23 07:53:55,843] {taskinstance.py:1400} INFO - Marking task as SUCCESS. dag_id=multi_defence_dag, task_id=choose_best, execution_date=20230423T075323, start_date=20230423T075353, end_date=20230423T075355
[2023-04-23 07:53:56,085] {local_task_job.py:156} INFO - Task exited with return code 0
[2023-04-23 07:53:56,193] {local_task_job.py:273} INFO - 1 downstream tasks scheduled from follow-on schedule check
