[2023-04-30 09:06:07,212] {taskinstance.py:1159} INFO - Dependencies all met for <TaskInstance: multi_defence_dag.Defence2 manual__2023-04-30T09:05:56.025241+00:00 [queued]>
[2023-04-30 09:06:07,229] {taskinstance.py:1159} INFO - Dependencies all met for <TaskInstance: multi_defence_dag.Defence2 manual__2023-04-30T09:05:56.025241+00:00 [queued]>
[2023-04-30 09:06:07,230] {taskinstance.py:1356} INFO - 
--------------------------------------------------------------------------------
[2023-04-30 09:06:07,231] {taskinstance.py:1357} INFO - Starting attempt 1 of 2
[2023-04-30 09:06:07,233] {taskinstance.py:1358} INFO - 
--------------------------------------------------------------------------------
[2023-04-30 09:06:07,263] {taskinstance.py:1377} INFO - Executing <Task(PythonOperator): Defence2> on 2023-04-30 09:05:56.025241+00:00
[2023-04-30 09:06:07,277] {standard_task_runner.py:52} INFO - Started process 129 to run task
[2023-04-30 09:06:07,288] {standard_task_runner.py:79} INFO - Running: ['***', 'tasks', 'run', 'multi_defence_dag', 'Defence2', 'manual__2023-04-30T09:05:56.025241+00:00', '--job-id', '7228', '--raw', '--subdir', 'DAGS_FOLDER/defence_dag.py', '--cfg-path', '/tmp/tmp7v5798a3', '--error-file', '/tmp/tmpzarjcmr8']
[2023-04-30 09:06:07,290] {standard_task_runner.py:80} INFO - Job 7228: Subtask Defence2
[2023-04-30 09:06:07,413] {task_command.py:369} INFO - Running <TaskInstance: multi_defence_dag.Defence2 manual__2023-04-30T09:05:56.025241+00:00 [running]> on host e7e31d5a6603
[2023-04-30 09:06:07,594] {taskinstance.py:1571} INFO - Exporting the following env vars:
AIRFLOW_CTX_DAG_OWNER=***
AIRFLOW_CTX_DAG_ID=multi_defence_dag
AIRFLOW_CTX_TASK_ID=Defence2
AIRFLOW_CTX_EXECUTION_DATE=2023-04-30T09:05:56.025241+00:00
AIRFLOW_CTX_TRY_NUMBER=1
AIRFLOW_CTX_DAG_RUN_ID=manual__2023-04-30T09:05:56.025241+00:00
[2023-04-30 09:06:07,643] {python.py:173} INFO - Done. Returned value was: None
[2023-04-30 09:06:07,668] {taskinstance.py:1400} INFO - Marking task as SUCCESS. dag_id=multi_defence_dag, task_id=Defence2, execution_date=20230430T090556, start_date=20230430T090607, end_date=20230430T090607
[2023-04-30 09:06:07,744] {local_task_job.py:156} INFO - Task exited with return code 0
[2023-04-30 09:06:07,949] {local_task_job.py:273} INFO - 0 downstream tasks scheduled from follow-on schedule check
