[2023-03-23 15:48:04,345] {taskinstance.py:1159} INFO - Dependencies all met for <TaskInstance: multi_defence_dag.to_defence1 manual__2023-03-23T15:47:56.691694+00:00 [queued]>
[2023-03-23 15:48:04,375] {taskinstance.py:1159} INFO - Dependencies all met for <TaskInstance: multi_defence_dag.to_defence1 manual__2023-03-23T15:47:56.691694+00:00 [queued]>
[2023-03-23 15:48:04,377] {taskinstance.py:1356} INFO - 
--------------------------------------------------------------------------------
[2023-03-23 15:48:04,380] {taskinstance.py:1357} INFO - Starting attempt 1 of 2
[2023-03-23 15:48:04,382] {taskinstance.py:1358} INFO - 
--------------------------------------------------------------------------------
[2023-03-23 15:48:04,434] {taskinstance.py:1377} INFO - Executing <Task(BranchPythonOperator): to_defence1> on 2023-03-23 15:47:56.691694+00:00
[2023-03-23 15:48:04,454] {standard_task_runner.py:52} INFO - Started process 13883 to run task
[2023-03-23 15:48:04,469] {standard_task_runner.py:79} INFO - Running: ['***', 'tasks', 'run', 'multi_defence_dag', 'to_defence1', 'manual__2023-03-23T15:47:56.691694+00:00', '--job-id', '3560', '--raw', '--subdir', 'DAGS_FOLDER/defence_dag.py', '--cfg-path', '/tmp/tmpf3q6ujjb', '--error-file', '/tmp/tmpb1j4i91s']
[2023-03-23 15:48:04,476] {standard_task_runner.py:80} INFO - Job 3560: Subtask to_defence1
[2023-03-23 15:48:04,751] {task_command.py:369} INFO - Running <TaskInstance: multi_defence_dag.to_defence1 manual__2023-03-23T15:47:56.691694+00:00 [running]> on host 6447f1dacd32
[2023-03-23 15:48:04,984] {taskinstance.py:1571} INFO - Exporting the following env vars:
AIRFLOW_CTX_DAG_OWNER=***
AIRFLOW_CTX_DAG_ID=multi_defence_dag
AIRFLOW_CTX_TASK_ID=to_defence1
AIRFLOW_CTX_EXECUTION_DATE=2023-03-23T15:47:56.691694+00:00
AIRFLOW_CTX_TRY_NUMBER=1
AIRFLOW_CTX_DAG_RUN_ID=manual__2023-03-23T15:47:56.691694+00:00
[2023-03-23 15:48:05,028] {python.py:173} INFO - Done. Returned value was: Defence1
[2023-03-23 15:48:05,030] {skipmixin.py:140} INFO - Following branch Defence1
[2023-03-23 15:48:05,033] {skipmixin.py:175} INFO - Skipping tasks ['default']
[2023-03-23 15:48:05,290] {taskinstance.py:1400} INFO - Marking task as SUCCESS. dag_id=multi_defence_dag, task_id=to_defence1, execution_date=20230323T154756, start_date=20230323T154804, end_date=20230323T154805
[2023-03-23 15:48:05,372] {local_task_job.py:156} INFO - Task exited with return code 0
[2023-03-23 15:48:05,673] {local_task_job.py:273} INFO - 1 downstream tasks scheduled from follow-on schedule check
