[2023-03-16 11:30:14,430] {taskinstance.py:1159} INFO - Dependencies all met for <TaskInstance: defence_dag.defence1 manual__2023-03-16T11:30:10.753346+00:00 [queued]>
[2023-03-16 11:30:14,442] {taskinstance.py:1159} INFO - Dependencies all met for <TaskInstance: defence_dag.defence1 manual__2023-03-16T11:30:10.753346+00:00 [queued]>
[2023-03-16 11:30:14,443] {taskinstance.py:1356} INFO - 
--------------------------------------------------------------------------------
[2023-03-16 11:30:14,443] {taskinstance.py:1357} INFO - Starting attempt 1 of 1
[2023-03-16 11:30:14,444] {taskinstance.py:1358} INFO - 
--------------------------------------------------------------------------------
[2023-03-16 11:30:14,461] {taskinstance.py:1377} INFO - Executing <Task(PythonOperator): defence1> on 2023-03-16 11:30:10.753346+00:00
[2023-03-16 11:30:14,467] {standard_task_runner.py:52} INFO - Started process 414 to run task
[2023-03-16 11:30:14,471] {standard_task_runner.py:79} INFO - Running: ['***', 'tasks', 'run', 'defence_dag', 'defence1', 'manual__2023-03-16T11:30:10.753346+00:00', '--job-id', '805', '--raw', '--subdir', 'DAGS_FOLDER/defese.py', '--cfg-path', '/tmp/tmpmnxce6l8', '--error-file', '/tmp/tmpkycatxz5']
[2023-03-16 11:30:14,472] {standard_task_runner.py:80} INFO - Job 805: Subtask defence1
[2023-03-16 11:30:14,550] {task_command.py:369} INFO - Running <TaskInstance: defence_dag.defence1 manual__2023-03-16T11:30:10.753346+00:00 [running]> on host 596adcca7378
[2023-03-16 11:30:14,724] {taskinstance.py:1571} INFO - Exporting the following env vars:
AIRFLOW_CTX_DAG_OWNER=***
AIRFLOW_CTX_DAG_ID=defence_dag
AIRFLOW_CTX_TASK_ID=defence1
AIRFLOW_CTX_EXECUTION_DATE=2023-03-16T11:30:10.753346+00:00
AIRFLOW_CTX_TRY_NUMBER=1
AIRFLOW_CTX_DAG_RUN_ID=manual__2023-03-16T11:30:10.753346+00:00
[2023-03-16 11:30:14,726] {logging_mixin.py:115} INFO - defensing
[2023-03-16 11:30:14,727] {python.py:173} INFO - Done. Returned value was: None
[2023-03-16 11:30:14,760] {taskinstance.py:1400} INFO - Marking task as SUCCESS. dag_id=defence_dag, task_id=defence1, execution_date=20230316T113010, start_date=20230316T113014, end_date=20230316T113014
[2023-03-16 11:30:14,816] {local_task_job.py:156} INFO - Task exited with return code 0
[2023-03-16 11:30:14,907] {local_task_job.py:273} INFO - 2 downstream tasks scheduled from follow-on schedule check
