[2023-03-19 14:39:53,530] {taskinstance.py:1159} INFO - Dependencies all met for <TaskInstance: attack_dag2.attack manual__2023-03-19T14:39:52.638978+00:00 [queued]>
[2023-03-19 14:39:53,547] {taskinstance.py:1159} INFO - Dependencies all met for <TaskInstance: attack_dag2.attack manual__2023-03-19T14:39:52.638978+00:00 [queued]>
[2023-03-19 14:39:53,548] {taskinstance.py:1356} INFO - 
--------------------------------------------------------------------------------
[2023-03-19 14:39:53,549] {taskinstance.py:1357} INFO - Starting attempt 1 of 1
[2023-03-19 14:39:53,549] {taskinstance.py:1358} INFO - 
--------------------------------------------------------------------------------
[2023-03-19 14:39:53,570] {taskinstance.py:1377} INFO - Executing <Task(PythonOperator): attack> on 2023-03-19 14:39:52.638978+00:00
[2023-03-19 14:39:53,583] {standard_task_runner.py:52} INFO - Started process 118 to run task
[2023-03-19 14:39:53,589] {standard_task_runner.py:79} INFO - Running: ['***', 'tasks', 'run', 'attack_dag2', 'attack', 'manual__2023-03-19T14:39:52.638978+00:00', '--job-id', '1741', '--raw', '--subdir', 'DAGS_FOLDER/attack.py', '--cfg-path', '/tmp/tmp26lztt3h', '--error-file', '/tmp/tmps36z88qn']
[2023-03-19 14:39:53,590] {standard_task_runner.py:80} INFO - Job 1741: Subtask attack
[2023-03-19 14:39:53,732] {task_command.py:369} INFO - Running <TaskInstance: attack_dag2.attack manual__2023-03-19T14:39:52.638978+00:00 [running]> on host e8c10a6b6dce
[2023-03-19 14:39:53,808] {taskinstance.py:1571} INFO - Exporting the following env vars:
AIRFLOW_CTX_DAG_OWNER=***
AIRFLOW_CTX_DAG_ID=attack_dag2
AIRFLOW_CTX_TASK_ID=attack
AIRFLOW_CTX_EXECUTION_DATE=2023-03-19T14:39:52.638978+00:00
AIRFLOW_CTX_TRY_NUMBER=1
AIRFLOW_CTX_DAG_RUN_ID=manual__2023-03-19T14:39:52.638978+00:00
[2023-03-19 14:39:53,819] {transport.py:157} INFO - Attempting refresh to obtain initial access_token
[2023-03-19 14:39:53,824] {client.py:777} INFO - Refreshing access_token
[2023-03-19 14:39:54,735] {logging_mixin.py:115} INFO - 404 No such object: mabdata207125196/counter.pickle (GET https://www.googleapis.com/storage/v1/b/mabdata207125196/o/counter.pickle?projection=noAcl)
[2023-03-19 14:39:54,757] {taskinstance.py:1889} ERROR - Task failed with exception
Traceback (most recent call last):
  File "/home/airflow/.local/lib/python3.7/site-packages/airflow/operators/python.py", line 171, in execute
    return_value = self.execute_callable()
  File "/home/airflow/.local/lib/python3.7/site-packages/airflow/operators/python.py", line 189, in execute_callable
    return self.python_callable(*self.op_args, **self.op_kwargs)
  File "/opt/airflow/dags/attack.py", line 50, in attack_A
    set_counter(counter)
  File "/opt/airflow/dags/attack.py", line 34, in set_counter
    pickle.dump(obj, f)
AttributeError: Can't pickle local object 'attack_A.<locals>.Counter'
[2023-03-19 14:39:54,778] {taskinstance.py:1400} INFO - Marking task as FAILED. dag_id=attack_dag2, task_id=attack, execution_date=20230319T143952, start_date=20230319T143953, end_date=20230319T143954
[2023-03-19 14:39:54,793] {standard_task_runner.py:97} ERROR - Failed to execute job 1741 for task attack (Can't pickle local object 'attack_A.<locals>.Counter'; 118)
[2023-03-19 14:39:54,808] {local_task_job.py:156} INFO - Task exited with return code 1
[2023-03-19 14:39:54,837] {local_task_job.py:273} INFO - 0 downstream tasks scheduled from follow-on schedule check
