[2023-03-23 15:52:09,937] {taskinstance.py:1159} INFO - Dependencies all met for <TaskInstance: multi_defence_dag.Defence1 manual__2023-03-23T15:51:46.878965+00:00 [queued]>
[2023-03-23 15:52:10,006] {taskinstance.py:1159} INFO - Dependencies all met for <TaskInstance: multi_defence_dag.Defence1 manual__2023-03-23T15:51:46.878965+00:00 [queued]>
[2023-03-23 15:52:10,008] {taskinstance.py:1356} INFO - 
--------------------------------------------------------------------------------
[2023-03-23 15:52:10,010] {taskinstance.py:1357} INFO - Starting attempt 1 of 2
[2023-03-23 15:52:10,012] {taskinstance.py:1358} INFO - 
--------------------------------------------------------------------------------
[2023-03-23 15:52:10,105] {taskinstance.py:1377} INFO - Executing <Task(PythonOperator): Defence1> on 2023-03-23 15:51:46.878965+00:00
[2023-03-23 15:52:10,125] {standard_task_runner.py:52} INFO - Started process 14176 to run task
[2023-03-23 15:52:10,141] {standard_task_runner.py:79} INFO - Running: ['***', 'tasks', 'run', 'multi_defence_dag', 'Defence1', 'manual__2023-03-23T15:51:46.878965+00:00', '--job-id', '3639', '--raw', '--subdir', 'DAGS_FOLDER/defence_dag.py', '--cfg-path', '/tmp/tmpin7xaby2', '--error-file', '/tmp/tmpqnbt7wsf']
[2023-03-23 15:52:10,148] {standard_task_runner.py:80} INFO - Job 3639: Subtask Defence1
[2023-03-23 15:52:10,504] {task_command.py:369} INFO - Running <TaskInstance: multi_defence_dag.Defence1 manual__2023-03-23T15:51:46.878965+00:00 [running]> on host 6447f1dacd32
[2023-03-23 15:52:11,100] {taskinstance.py:1571} INFO - Exporting the following env vars:
AIRFLOW_CTX_DAG_OWNER=***
AIRFLOW_CTX_DAG_ID=multi_defence_dag
AIRFLOW_CTX_TASK_ID=Defence1
AIRFLOW_CTX_EXECUTION_DATE=2023-03-23T15:51:46.878965+00:00
AIRFLOW_CTX_TRY_NUMBER=1
AIRFLOW_CTX_DAG_RUN_ID=manual__2023-03-23T15:51:46.878965+00:00
[2023-03-23 15:52:11,171] {python.py:173} INFO - Done. Returned value was: None
[2023-03-23 15:52:11,249] {taskinstance.py:1400} INFO - Marking task as SUCCESS. dag_id=multi_defence_dag, task_id=Defence1, execution_date=20230323T155146, start_date=20230323T155209, end_date=20230323T155211
[2023-03-23 15:52:11,336] {local_task_job.py:156} INFO - Task exited with return code 0
[2023-03-23 15:52:11,456] {local_task_job.py:273} INFO - 0 downstream tasks scheduled from follow-on schedule check
