[2023-04-18 14:25:44,768] {taskinstance.py:1159} INFO - Dependencies all met for <TaskInstance: multi_attack_dag.choose_attack manual__2023-04-18T14:25:41.627588+00:00 [queued]>
[2023-04-18 14:25:44,784] {taskinstance.py:1159} INFO - Dependencies all met for <TaskInstance: multi_attack_dag.choose_attack manual__2023-04-18T14:25:41.627588+00:00 [queued]>
[2023-04-18 14:25:44,785] {taskinstance.py:1356} INFO - 
--------------------------------------------------------------------------------
[2023-04-18 14:25:44,790] {taskinstance.py:1357} INFO - Starting attempt 1 of 2
[2023-04-18 14:25:44,791] {taskinstance.py:1358} INFO - 
--------------------------------------------------------------------------------
[2023-04-18 14:25:44,830] {taskinstance.py:1377} INFO - Executing <Task(PythonOperator): choose_attack> on 2023-04-18 14:25:41.627588+00:00
[2023-04-18 14:25:44,843] {standard_task_runner.py:52} INFO - Started process 1125 to run task
[2023-04-18 14:25:44,850] {standard_task_runner.py:79} INFO - Running: ['***', 'tasks', 'run', 'multi_attack_dag', 'choose_attack', 'manual__2023-04-18T14:25:41.627588+00:00', '--job-id', '5678', '--raw', '--subdir', 'DAGS_FOLDER/attack_dag.py', '--cfg-path', '/tmp/tmp62o8m6e7', '--error-file', '/tmp/tmpz7t8z1n6']
[2023-04-18 14:25:44,852] {standard_task_runner.py:80} INFO - Job 5678: Subtask choose_attack
[2023-04-18 14:25:44,953] {task_command.py:369} INFO - Running <TaskInstance: multi_attack_dag.choose_attack manual__2023-04-18T14:25:41.627588+00:00 [running]> on host a3dd7d962104
[2023-04-18 14:25:45,077] {taskinstance.py:1571} INFO - Exporting the following env vars:
AIRFLOW_CTX_DAG_OWNER=***
AIRFLOW_CTX_DAG_ID=multi_attack_dag
AIRFLOW_CTX_TASK_ID=choose_attack
AIRFLOW_CTX_EXECUTION_DATE=2023-04-18T14:25:41.627588+00:00
AIRFLOW_CTX_TRY_NUMBER=1
AIRFLOW_CTX_DAG_RUN_ID=manual__2023-04-18T14:25:41.627588+00:00
[2023-04-18 14:25:49,174] {pytorch.py:1198} INFO - Inferred 5 hidden layers on PyTorch classifier.
[2023-04-18 14:25:50,496] {python.py:173} INFO - Done. Returned value was: None
[2023-04-18 14:25:50,531] {taskinstance.py:1400} INFO - Marking task as SUCCESS. dag_id=multi_attack_dag, task_id=choose_attack, execution_date=20230418T142541, start_date=20230418T142544, end_date=20230418T142550
[2023-04-18 14:25:50,601] {local_task_job.py:156} INFO - Task exited with return code 0
[2023-04-18 14:25:50,684] {local_task_job.py:273} INFO - 1 downstream tasks scheduled from follow-on schedule check
