[2023-03-28 10:30:59,937] {taskinstance.py:1159} INFO - Dependencies all met for <TaskInstance: attack_dag2.attack manual__2023-03-28T10:30:55.467871+00:00 [queued]>
[2023-03-28 10:30:59,959] {taskinstance.py:1159} INFO - Dependencies all met for <TaskInstance: attack_dag2.attack manual__2023-03-28T10:30:55.467871+00:00 [queued]>
[2023-03-28 10:30:59,960] {taskinstance.py:1356} INFO - 
--------------------------------------------------------------------------------
[2023-03-28 10:30:59,961] {taskinstance.py:1357} INFO - Starting attempt 1 of 1
[2023-03-28 10:30:59,962] {taskinstance.py:1358} INFO - 
--------------------------------------------------------------------------------
[2023-03-28 10:30:59,999] {taskinstance.py:1377} INFO - Executing <Task(PythonOperator): attack> on 2023-03-28 10:30:55.467871+00:00
[2023-03-28 10:31:00,015] {standard_task_runner.py:52} INFO - Started process 2457 to run task
[2023-03-28 10:31:00,023] {standard_task_runner.py:79} INFO - Running: ['***', 'tasks', 'run', 'attack_dag2', 'attack', 'manual__2023-03-28T10:30:55.467871+00:00', '--job-id', '4322', '--raw', '--subdir', 'DAGS_FOLDER/attack.py', '--cfg-path', '/tmp/tmpxiu2mlht', '--error-file', '/tmp/tmpi8jo9iqi']
[2023-03-28 10:31:00,025] {standard_task_runner.py:80} INFO - Job 4322: Subtask attack
[2023-03-28 10:31:00,176] {task_command.py:369} INFO - Running <TaskInstance: attack_dag2.attack manual__2023-03-28T10:30:55.467871+00:00 [running]> on host 70f8824ef075
[2023-03-28 10:31:00,376] {taskinstance.py:1571} INFO - Exporting the following env vars:
AIRFLOW_CTX_DAG_OWNER=***
AIRFLOW_CTX_DAG_ID=attack_dag2
AIRFLOW_CTX_TASK_ID=attack
AIRFLOW_CTX_EXECUTION_DATE=2023-03-28T10:30:55.467871+00:00
AIRFLOW_CTX_TRY_NUMBER=1
AIRFLOW_CTX_DAG_RUN_ID=manual__2023-03-28T10:30:55.467871+00:00
[2023-03-28 10:31:00,390] {transport.py:157} INFO - Attempting refresh to obtain initial access_token
[2023-03-28 10:31:00,407] {client.py:777} INFO - Refreshing access_token
[2023-03-28 10:31:01,328] {transport.py:157} INFO - Attempting refresh to obtain initial access_token
[2023-03-28 10:31:01,335] {client.py:777} INFO - Refreshing access_token
[2023-03-28 10:31:01,942] {python.py:173} INFO - Done. Returned value was: None
[2023-03-28 10:31:02,012] {taskinstance.py:1400} INFO - Marking task as SUCCESS. dag_id=attack_dag2, task_id=attack, execution_date=20230328T103055, start_date=20230328T103059, end_date=20230328T103102
[2023-03-28 10:31:02,061] {local_task_job.py:156} INFO - Task exited with return code 0
[2023-03-28 10:31:02,161] {local_task_job.py:273} INFO - 1 downstream tasks scheduled from follow-on schedule check
