[2023-03-12 15:04:50,951] {taskinstance.py:1159} INFO - Dependencies all met for <TaskInstance: defence_dag.defence1 manual__2023-03-12T15:04:48.197147+00:00 [queued]>
[2023-03-12 15:04:50,959] {taskinstance.py:1159} INFO - Dependencies all met for <TaskInstance: defence_dag.defence1 manual__2023-03-12T15:04:48.197147+00:00 [queued]>
[2023-03-12 15:04:50,959] {taskinstance.py:1356} INFO - 
--------------------------------------------------------------------------------
[2023-03-12 15:04:50,959] {taskinstance.py:1357} INFO - Starting attempt 1 of 1
[2023-03-12 15:04:50,960] {taskinstance.py:1358} INFO - 
--------------------------------------------------------------------------------
[2023-03-12 15:04:50,970] {taskinstance.py:1377} INFO - Executing <Task(PythonOperator): defence1> on 2023-03-12 15:04:48.197147+00:00
[2023-03-12 15:04:50,974] {standard_task_runner.py:52} INFO - Started process 141 to run task
[2023-03-12 15:04:50,976] {standard_task_runner.py:79} INFO - Running: ['***', 'tasks', 'run', 'defence_dag', 'defence1', 'manual__2023-03-12T15:04:48.197147+00:00', '--job-id', '414', '--raw', '--subdir', 'DAGS_FOLDER/defese.py', '--cfg-path', '/tmp/tmppjrm0_em', '--error-file', '/tmp/tmpmh0uwr5r']
[2023-03-12 15:04:50,977] {standard_task_runner.py:80} INFO - Job 414: Subtask defence1
[2023-03-12 15:04:51,020] {task_command.py:369} INFO - Running <TaskInstance: defence_dag.defence1 manual__2023-03-12T15:04:48.197147+00:00 [running]> on host 596adcca7378
[2023-03-12 15:04:51,074] {taskinstance.py:1571} INFO - Exporting the following env vars:
AIRFLOW_CTX_DAG_OWNER=***
AIRFLOW_CTX_DAG_ID=defence_dag
AIRFLOW_CTX_TASK_ID=defence1
AIRFLOW_CTX_EXECUTION_DATE=2023-03-12T15:04:48.197147+00:00
AIRFLOW_CTX_TRY_NUMBER=1
AIRFLOW_CTX_DAG_RUN_ID=manual__2023-03-12T15:04:48.197147+00:00
[2023-03-12 15:04:51,075] {logging_mixin.py:115} INFO - defensing
[2023-03-12 15:04:51,075] {python.py:173} INFO - Done. Returned value was: None
[2023-03-12 15:04:51,085] {taskinstance.py:1400} INFO - Marking task as SUCCESS. dag_id=defence_dag, task_id=defence1, execution_date=20230312T150448, start_date=20230312T150450, end_date=20230312T150451
[2023-03-12 15:04:51,110] {local_task_job.py:156} INFO - Task exited with return code 0
[2023-03-12 15:04:51,135] {local_task_job.py:273} INFO - 0 downstream tasks scheduled from follow-on schedule check
