[2023-03-19 09:21:10,684] {taskinstance.py:1159} INFO - Dependencies all met for <TaskInstance: xcom_dag.to_attack3 manual__2023-03-19T09:21:07.770592+00:00 [queued]>
[2023-03-19 09:21:10,698] {taskinstance.py:1159} INFO - Dependencies all met for <TaskInstance: xcom_dag.to_attack3 manual__2023-03-19T09:21:07.770592+00:00 [queued]>
[2023-03-19 09:21:10,699] {taskinstance.py:1356} INFO - 
--------------------------------------------------------------------------------
[2023-03-19 09:21:10,699] {taskinstance.py:1357} INFO - Starting attempt 1 of 2
[2023-03-19 09:21:10,701] {taskinstance.py:1358} INFO - 
--------------------------------------------------------------------------------
[2023-03-19 09:21:10,719] {taskinstance.py:1377} INFO - Executing <Task(BranchPythonOperator): to_attack3> on 2023-03-19 09:21:07.770592+00:00
[2023-03-19 09:21:10,725] {standard_task_runner.py:52} INFO - Started process 108 to run task
[2023-03-19 09:21:10,729] {standard_task_runner.py:79} INFO - Running: ['***', 'tasks', 'run', 'xcom_dag', 'to_attack3', 'manual__2023-03-19T09:21:07.770592+00:00', '--job-id', '1518', '--raw', '--subdir', 'DAGS_FOLDER/dynamic_dag.py', '--cfg-path', '/tmp/tmpd6b8x_a6', '--error-file', '/tmp/tmpxdn2n254']
[2023-03-19 09:21:10,731] {standard_task_runner.py:80} INFO - Job 1518: Subtask to_attack3
[2023-03-19 09:21:10,805] {task_command.py:369} INFO - Running <TaskInstance: xcom_dag.to_attack3 manual__2023-03-19T09:21:07.770592+00:00 [running]> on host 1e223680ea13
[2023-03-19 09:21:10,943] {taskinstance.py:1571} INFO - Exporting the following env vars:
AIRFLOW_CTX_DAG_OWNER=***
AIRFLOW_CTX_DAG_ID=xcom_dag
AIRFLOW_CTX_TASK_ID=to_attack3
AIRFLOW_CTX_EXECUTION_DATE=2023-03-19T09:21:07.770592+00:00
AIRFLOW_CTX_TRY_NUMBER=1
AIRFLOW_CTX_DAG_RUN_ID=manual__2023-03-19T09:21:07.770592+00:00
[2023-03-19 09:21:10,960] {python.py:173} INFO - Done. Returned value was: attack3
[2023-03-19 09:21:10,961] {skipmixin.py:140} INFO - Following branch attack3
[2023-03-19 09:21:10,962] {skipmixin.py:175} INFO - Skipping tasks ['default']
[2023-03-19 09:21:11,083] {taskinstance.py:1400} INFO - Marking task as SUCCESS. dag_id=xcom_dag, task_id=to_attack3, execution_date=20230319T092107, start_date=20230319T092110, end_date=20230319T092111
[2023-03-19 09:21:11,108] {local_task_job.py:156} INFO - Task exited with return code 0
[2023-03-19 09:21:11,188] {local_task_job.py:273} INFO - 1 downstream tasks scheduled from follow-on schedule check
