[2023-03-19 08:44:42,415] {taskinstance.py:1159} INFO - Dependencies all met for <TaskInstance: xcom_dag.attack1 scheduled__2023-03-18T00:00:00+00:00 [queued]>
[2023-03-19 08:44:42,434] {taskinstance.py:1159} INFO - Dependencies all met for <TaskInstance: xcom_dag.attack1 scheduled__2023-03-18T00:00:00+00:00 [queued]>
[2023-03-19 08:44:42,434] {taskinstance.py:1356} INFO - 
--------------------------------------------------------------------------------
[2023-03-19 08:44:42,435] {taskinstance.py:1357} INFO - Starting attempt 2 of 2
[2023-03-19 08:44:42,435] {taskinstance.py:1358} INFO - 
--------------------------------------------------------------------------------
[2023-03-19 08:44:42,459] {taskinstance.py:1377} INFO - Executing <Task(PythonOperator): attack1> on 2023-03-18 00:00:00+00:00
[2023-03-19 08:44:42,464] {standard_task_runner.py:52} INFO - Started process 344 to run task
[2023-03-19 08:44:42,470] {standard_task_runner.py:79} INFO - Running: ['***', 'tasks', 'run', 'xcom_dag', 'attack1', 'scheduled__2023-03-18T00:00:00+00:00', '--job-id', '1502', '--raw', '--subdir', 'DAGS_FOLDER/dynamic_dag.py', '--cfg-path', '/tmp/tmpptns2uty', '--error-file', '/tmp/tmpyefihfxj']
[2023-03-19 08:44:42,472] {standard_task_runner.py:80} INFO - Job 1502: Subtask attack1
[2023-03-19 08:44:42,570] {task_command.py:369} INFO - Running <TaskInstance: xcom_dag.attack1 scheduled__2023-03-18T00:00:00+00:00 [running]> on host 596adcca7378
[2023-03-19 08:44:42,698] {taskinstance.py:1571} INFO - Exporting the following env vars:
AIRFLOW_CTX_DAG_OWNER=***
AIRFLOW_CTX_DAG_ID=xcom_dag
AIRFLOW_CTX_TASK_ID=attack1
AIRFLOW_CTX_EXECUTION_DATE=2023-03-18T00:00:00+00:00
AIRFLOW_CTX_TRY_NUMBER=2
AIRFLOW_CTX_DAG_RUN_ID=scheduled__2023-03-18T00:00:00+00:00
[2023-03-19 08:44:42,742] {taskinstance.py:1889} ERROR - Task failed with exception
Traceback (most recent call last):
  File "/home/airflow/.local/lib/python3.7/site-packages/airflow/operators/python.py", line 171, in execute
    return_value = self.execute_callable()
  File "/home/airflow/.local/lib/python3.7/site-packages/airflow/operators/python.py", line 189, in execute_callable
    return self.python_callable(*self.op_args, **self.op_kwargs)
  File "/opt/airflow/dags/dynamic_dag.py", line 94, in attack1
    gcs_hook = GCSHook()
  File "/home/airflow/.local/lib/python3.7/site-packages/airflow/providers/google/cloud/hooks/gcs.py", line 152, in __init__
    impersonation_chain=impersonation_chain,
  File "/home/airflow/.local/lib/python3.7/site-packages/airflow/providers/google/common/hooks/base_google.py", line 219, in __init__
    self.extras = self.get_connection(self.gcp_conn_id).extra_dejson  # type: Dict
  File "/home/airflow/.local/lib/python3.7/site-packages/airflow/hooks/base.py", line 67, in get_connection
    conn = Connection.get_connection_from_secrets(conn_id)
  File "/home/airflow/.local/lib/python3.7/site-packages/airflow/models/connection.py", line 430, in get_connection_from_secrets
    raise AirflowNotFoundException(f"The conn_id `{conn_id}` isn't defined")
airflow.exceptions.AirflowNotFoundException: The conn_id `google_cloud_default` isn't defined
[2023-03-19 08:44:42,754] {taskinstance.py:1400} INFO - Marking task as FAILED. dag_id=xcom_dag, task_id=attack1, execution_date=20230318T000000, start_date=20230319T084442, end_date=20230319T084442
[2023-03-19 08:44:42,781] {standard_task_runner.py:97} ERROR - Failed to execute job 1502 for task attack1 (The conn_id `google_cloud_default` isn't defined; 344)
[2023-03-19 08:44:42,802] {local_task_job.py:156} INFO - Task exited with return code 1
[2023-03-19 08:44:42,882] {local_task_job.py:273} INFO - 0 downstream tasks scheduled from follow-on schedule check
