[2023-04-23 09:34:38,811] {taskinstance.py:1159} INFO - Dependencies all met for <TaskInstance: multi_defence_dag.to_defend manual__2023-04-23T09:34:14.574284+00:00 [queued]>
[2023-04-23 09:34:38,831] {taskinstance.py:1159} INFO - Dependencies all met for <TaskInstance: multi_defence_dag.to_defend manual__2023-04-23T09:34:14.574284+00:00 [queued]>
[2023-04-23 09:34:38,832] {taskinstance.py:1356} INFO - 
--------------------------------------------------------------------------------
[2023-04-23 09:34:38,834] {taskinstance.py:1357} INFO - Starting attempt 1 of 2
[2023-04-23 09:34:38,835] {taskinstance.py:1358} INFO - 
--------------------------------------------------------------------------------
[2023-04-23 09:34:38,864] {taskinstance.py:1377} INFO - Executing <Task(BranchPythonOperator): to_defend> on 2023-04-23 09:34:14.574284+00:00
[2023-04-23 09:34:38,875] {standard_task_runner.py:52} INFO - Started process 1103 to run task
[2023-04-23 09:34:38,881] {standard_task_runner.py:79} INFO - Running: ['***', 'tasks', 'run', 'multi_defence_dag', 'to_defend', 'manual__2023-04-23T09:34:14.574284+00:00', '--job-id', '6089', '--raw', '--subdir', 'DAGS_FOLDER/defence_dag.py', '--cfg-path', '/tmp/tmpbflnu4pb', '--error-file', '/tmp/tmp07_bl69x']
[2023-04-23 09:34:38,882] {standard_task_runner.py:80} INFO - Job 6089: Subtask to_defend
[2023-04-23 09:34:38,996] {task_command.py:369} INFO - Running <TaskInstance: multi_defence_dag.to_defend manual__2023-04-23T09:34:14.574284+00:00 [running]> on host a3dd7d962104
[2023-04-23 09:34:39,147] {taskinstance.py:1571} INFO - Exporting the following env vars:
AIRFLOW_CTX_DAG_OWNER=***
AIRFLOW_CTX_DAG_ID=multi_defence_dag
AIRFLOW_CTX_TASK_ID=to_defend
AIRFLOW_CTX_EXECUTION_DATE=2023-04-23T09:34:14.574284+00:00
AIRFLOW_CTX_TRY_NUMBER=1
AIRFLOW_CTX_DAG_RUN_ID=manual__2023-04-23T09:34:14.574284+00:00
[2023-04-23 09:34:39,151] {transport.py:157} INFO - Attempting refresh to obtain initial access_token
[2023-04-23 09:34:39,156] {client.py:777} INFO - Refreshing access_token
[2023-04-23 09:34:40,138] {python.py:173} INFO - Done. Returned value was: trigger_offence
[2023-04-23 09:34:40,139] {skipmixin.py:140} INFO - Following branch trigger_offence
[2023-04-23 09:34:40,140] {skipmixin.py:175} INFO - Skipping tasks ['stop']
[2023-04-23 09:34:40,216] {taskinstance.py:1400} INFO - Marking task as SUCCESS. dag_id=multi_defence_dag, task_id=to_defend, execution_date=20230423T093414, start_date=20230423T093438, end_date=20230423T093440
[2023-04-23 09:34:40,260] {local_task_job.py:156} INFO - Task exited with return code 0
[2023-04-23 09:34:40,322] {local_task_job.py:273} INFO - 1 downstream tasks scheduled from follow-on schedule check
