[2023-03-23 14:52:52,016] {taskinstance.py:1159} INFO - Dependencies all met for <TaskInstance: multi_defence_dag.to_defence3 scheduled__2023-03-22T00:00:00+00:00 [queued]>
[2023-03-23 14:52:52,106] {taskinstance.py:1159} INFO - Dependencies all met for <TaskInstance: multi_defence_dag.to_defence3 scheduled__2023-03-22T00:00:00+00:00 [queued]>
[2023-03-23 14:52:52,109] {taskinstance.py:1356} INFO - 
--------------------------------------------------------------------------------
[2023-03-23 14:52:52,112] {taskinstance.py:1357} INFO - Starting attempt 2 of 2
[2023-03-23 14:52:52,114] {taskinstance.py:1358} INFO - 
--------------------------------------------------------------------------------
[2023-03-23 14:52:52,226] {taskinstance.py:1377} INFO - Executing <Task(BranchPythonOperator): to_defence3> on 2023-03-22 00:00:00+00:00
[2023-03-23 14:52:52,248] {standard_task_runner.py:52} INFO - Started process 10886 to run task
[2023-03-23 14:52:52,274] {standard_task_runner.py:79} INFO - Running: ['***', 'tasks', 'run', 'multi_defence_dag', 'to_defence3', 'scheduled__2023-03-22T00:00:00+00:00', '--job-id', '2747', '--raw', '--subdir', 'DAGS_FOLDER/defence_dag.py', '--cfg-path', '/tmp/tmpublvs7hv', '--error-file', '/tmp/tmpjccynfgi']
[2023-03-23 14:52:52,279] {standard_task_runner.py:80} INFO - Job 2747: Subtask to_defence3
[2023-03-23 14:52:52,741] {task_command.py:369} INFO - Running <TaskInstance: multi_defence_dag.to_defence3 scheduled__2023-03-22T00:00:00+00:00 [running]> on host 6447f1dacd32
[2023-03-23 14:52:53,234] {taskinstance.py:1571} INFO - Exporting the following env vars:
AIRFLOW_CTX_DAG_OWNER=***
AIRFLOW_CTX_DAG_ID=multi_defence_dag
AIRFLOW_CTX_TASK_ID=to_defence3
AIRFLOW_CTX_EXECUTION_DATE=2023-03-22T00:00:00+00:00
AIRFLOW_CTX_TRY_NUMBER=2
AIRFLOW_CTX_DAG_RUN_ID=scheduled__2023-03-22T00:00:00+00:00
[2023-03-23 14:52:53,318] {python.py:173} INFO - Done. Returned value was: Defence3
[2023-03-23 14:52:53,435] {taskinstance.py:1889} ERROR - Task failed with exception
Traceback (most recent call last):
  File "/home/airflow/.local/lib/python3.7/site-packages/airflow/operators/python.py", line 221, in execute
    f"Branch callable must return valid task_ids. Invalid tasks found: {invalid_task_ids}"
airflow.exceptions.AirflowException: Branch callable must return valid task_ids. Invalid tasks found: {'Defence3'}
[2023-03-23 14:52:53,466] {taskinstance.py:1400} INFO - Marking task as FAILED. dag_id=multi_defence_dag, task_id=to_defence3, execution_date=20230322T000000, start_date=20230323T145252, end_date=20230323T145253
[2023-03-23 14:52:53,582] {standard_task_runner.py:97} ERROR - Failed to execute job 2747 for task to_defence3 (Branch callable must return valid task_ids. Invalid tasks found: {'Defence3'}; 10886)
[2023-03-23 14:52:53,653] {local_task_job.py:156} INFO - Task exited with return code 1
[2023-03-23 14:52:54,093] {local_task_job.py:273} INFO - 0 downstream tasks scheduled from follow-on schedule check
