[2023-03-23 14:47:09,674] {taskinstance.py:1159} INFO - Dependencies all met for <TaskInstance: multi_defence_dag.to_defence3 scheduled__2023-03-22T00:00:00+00:00 [queued]>
[2023-03-23 14:47:10,071] {taskinstance.py:1159} INFO - Dependencies all met for <TaskInstance: multi_defence_dag.to_defence3 scheduled__2023-03-22T00:00:00+00:00 [queued]>
[2023-03-23 14:47:10,085] {taskinstance.py:1356} INFO - 
--------------------------------------------------------------------------------
[2023-03-23 14:47:10,101] {taskinstance.py:1357} INFO - Starting attempt 1 of 2
[2023-03-23 14:47:10,105] {taskinstance.py:1358} INFO - 
--------------------------------------------------------------------------------
[2023-03-23 14:47:10,583] {taskinstance.py:1377} INFO - Executing <Task(BranchPythonOperator): to_defence3> on 2023-03-22 00:00:00+00:00
[2023-03-23 14:47:10,704] {standard_task_runner.py:79} INFO - Running: ['***', 'tasks', 'run', 'multi_defence_dag', 'to_defence3', 'scheduled__2023-03-22T00:00:00+00:00', '--job-id', '2732', '--raw', '--subdir', 'DAGS_FOLDER/defence_dag.py', '--cfg-path', '/tmp/tmphnh9bx90', '--error-file', '/tmp/tmpxjeo7bwe']
[2023-03-23 14:47:10,720] {standard_task_runner.py:80} INFO - Job 2732: Subtask to_defence3
[2023-03-23 14:47:10,664] {standard_task_runner.py:52} INFO - Started process 10709 to run task
[2023-03-23 14:47:13,116] {task_command.py:369} INFO - Running <TaskInstance: multi_defence_dag.to_defence3 scheduled__2023-03-22T00:00:00+00:00 [running]> on host 6447f1dacd32
[2023-03-23 14:47:19,192] {taskinstance.py:1571} INFO - Exporting the following env vars:
AIRFLOW_CTX_DAG_OWNER=***
AIRFLOW_CTX_DAG_ID=multi_defence_dag
AIRFLOW_CTX_TASK_ID=to_defence3
AIRFLOW_CTX_EXECUTION_DATE=2023-03-22T00:00:00+00:00
AIRFLOW_CTX_TRY_NUMBER=1
AIRFLOW_CTX_DAG_RUN_ID=scheduled__2023-03-22T00:00:00+00:00
[2023-03-23 14:47:27,653] {python.py:173} INFO - Done. Returned value was: Defence3
[2023-03-23 14:47:49,156] {taskinstance.py:1889} ERROR - Task failed with exception
Traceback (most recent call last):
  File "/home/airflow/.local/lib/python3.7/site-packages/airflow/operators/python.py", line 221, in execute
    f"Branch callable must return valid task_ids. Invalid tasks found: {invalid_task_ids}"
airflow.exceptions.AirflowException: Branch callable must return valid task_ids. Invalid tasks found: {'Defence3'}
[2023-03-23 14:47:49,251] {taskinstance.py:1400} INFO - Marking task as UP_FOR_RETRY. dag_id=multi_defence_dag, task_id=to_defence3, execution_date=20230322T000000, start_date=20230323T144709, end_date=20230323T144749
[2023-03-23 14:47:52,230] {standard_task_runner.py:97} ERROR - Failed to execute job 2732 for task to_defence3 (Branch callable must return valid task_ids. Invalid tasks found: {'Defence3'}; 10709)
[2023-03-23 14:47:52,290] {local_task_job.py:156} INFO - Task exited with return code 1
[2023-03-23 14:47:53,811] {local_task_job.py:273} INFO - 0 downstream tasks scheduled from follow-on schedule check
