[2023-03-16 11:29:51,324] {taskinstance.py:1159} INFO - Dependencies all met for <TaskInstance: defence_dag.storing manual__2023-03-16T11:29:49.820308+00:00 [queued]>
[2023-03-16 11:29:51,338] {taskinstance.py:1159} INFO - Dependencies all met for <TaskInstance: defence_dag.storing manual__2023-03-16T11:29:49.820308+00:00 [queued]>
[2023-03-16 11:29:51,339] {taskinstance.py:1356} INFO - 
--------------------------------------------------------------------------------
[2023-03-16 11:29:51,339] {taskinstance.py:1357} INFO - Starting attempt 1 of 1
[2023-03-16 11:29:51,341] {taskinstance.py:1358} INFO - 
--------------------------------------------------------------------------------
[2023-03-16 11:29:51,358] {taskinstance.py:1377} INFO - Executing <Task(BashOperator): storing> on 2023-03-16 11:29:49.820308+00:00
[2023-03-16 11:29:51,362] {standard_task_runner.py:52} INFO - Started process 268 to run task
[2023-03-16 11:29:51,366] {standard_task_runner.py:79} INFO - Running: ['***', 'tasks', 'run', 'defence_dag', 'storing', 'manual__2023-03-16T11:29:49.820308+00:00', '--job-id', '754', '--raw', '--subdir', 'DAGS_FOLDER/defese.py', '--cfg-path', '/tmp/tmpggb2w3my', '--error-file', '/tmp/tmpuzylghat']
[2023-03-16 11:29:51,367] {standard_task_runner.py:80} INFO - Job 754: Subtask storing
[2023-03-16 11:29:51,431] {task_command.py:369} INFO - Running <TaskInstance: defence_dag.storing manual__2023-03-16T11:29:49.820308+00:00 [running]> on host 596adcca7378
[2023-03-16 11:29:51,512] {taskinstance.py:1571} INFO - Exporting the following env vars:
AIRFLOW_CTX_DAG_OWNER=***
AIRFLOW_CTX_DAG_ID=defence_dag
AIRFLOW_CTX_TASK_ID=storing
AIRFLOW_CTX_EXECUTION_DATE=2023-03-16T11:29:49.820308+00:00
AIRFLOW_CTX_TRY_NUMBER=1
AIRFLOW_CTX_DAG_RUN_ID=manual__2023-03-16T11:29:49.820308+00:00
[2023-03-16 11:29:51,514] {subprocess.py:62} INFO - Tmp dir root location: 
 /tmp
[2023-03-16 11:29:51,514] {subprocess.py:74} INFO - Running command: ['bash', '-c', 'sleep 1']
[2023-03-16 11:29:51,525] {subprocess.py:85} INFO - Output:
[2023-03-16 11:29:52,528] {subprocess.py:96} INFO - Command exited with return code 0
[2023-03-16 11:29:52,624] {taskinstance.py:1400} INFO - Marking task as SUCCESS. dag_id=defence_dag, task_id=storing, execution_date=20230316T112949, start_date=20230316T112951, end_date=20230316T112952
[2023-03-16 11:29:52,664] {local_task_job.py:156} INFO - Task exited with return code 0
[2023-03-16 11:29:52,733] {local_task_job.py:273} INFO - 1 downstream tasks scheduled from follow-on schedule check
