[2023-04-27 12:26:15,218] {taskinstance.py:1159} INFO - Dependencies all met for <TaskInstance: multi_attack_dag.attack_Wasserstein manual__2023-04-27T12:25:48.345057+00:00 [queued]>
[2023-04-27 12:26:15,359] {taskinstance.py:1159} INFO - Dependencies all met for <TaskInstance: multi_attack_dag.attack_Wasserstein manual__2023-04-27T12:25:48.345057+00:00 [queued]>
[2023-04-27 12:26:15,363] {taskinstance.py:1356} INFO - 
--------------------------------------------------------------------------------
[2023-04-27 12:26:15,365] {taskinstance.py:1357} INFO - Starting attempt 1 of 2
[2023-04-27 12:26:15,365] {taskinstance.py:1358} INFO - 
--------------------------------------------------------------------------------
[2023-04-27 12:26:15,560] {taskinstance.py:1377} INFO - Executing <Task(PythonOperator): attack_Wasserstein> on 2023-04-27 12:25:48.345057+00:00
[2023-04-27 12:26:15,636] {standard_task_runner.py:52} INFO - Started process 3973 to run task
[2023-04-27 12:26:15,639] {standard_task_runner.py:79} INFO - Running: ['***', 'tasks', 'run', 'multi_attack_dag', 'attack_Wasserstein', 'manual__2023-04-27T12:25:48.345057+00:00', '--job-id', '6832', '--raw', '--subdir', 'DAGS_FOLDER/attack_dag.py', '--cfg-path', '/tmp/tmpo1r3qv3t', '--error-file', '/tmp/tmpo_rigevz']
[2023-04-27 12:26:15,999] {standard_task_runner.py:80} INFO - Job 6832: Subtask attack_Wasserstein
[2023-04-27 12:26:16,241] {task_command.py:369} INFO - Running <TaskInstance: multi_attack_dag.attack_Wasserstein manual__2023-04-27T12:25:48.345057+00:00 [running]> on host e7e31d5a6603
[2023-04-27 12:26:17,358] {taskinstance.py:1571} INFO - Exporting the following env vars:
AIRFLOW_CTX_DAG_OWNER=***
AIRFLOW_CTX_DAG_ID=multi_attack_dag
AIRFLOW_CTX_TASK_ID=attack_Wasserstein
AIRFLOW_CTX_EXECUTION_DATE=2023-04-27T12:25:48.345057+00:00
AIRFLOW_CTX_TRY_NUMBER=1
AIRFLOW_CTX_DAG_RUN_ID=manual__2023-04-27T12:25:48.345057+00:00
[2023-04-27 12:26:17,392] {transport.py:157} INFO - Attempting refresh to obtain initial access_token
[2023-04-27 12:26:17,405] {client.py:777} INFO - Refreshing access_token
[2023-04-27 12:26:18,642] {transport.py:157} INFO - Attempting refresh to obtain initial access_token
[2023-04-27 12:26:18,665] {client.py:777} INFO - Refreshing access_token
[2023-04-27 12:26:50,527] {pytorch.py:1198} INFO - Inferred 5 hidden layers on PyTorch classifier.
[2023-04-27 12:31:10,421] {attack.py:33} INFO - Optimizing...
[2023-04-27 12:31:10,446] {logging_mixin.py:115} INFO - I am right here on <class 'art.attacks.evasion.wasserstein.Wasserstein'>
[2023-04-27 12:31:10,469] {attack.py:39} INFO - Optimizing failed! using default: 0.047097206115722656
[2023-04-27 12:31:10,847] {python.py:173} INFO - Done. Returned value was: None
[2023-04-27 12:31:10,982] {taskinstance.py:1400} INFO - Marking task as SUCCESS. dag_id=multi_attack_dag, task_id=attack_Wasserstein, execution_date=20230427T122548, start_date=20230427T122615, end_date=20230427T123110
[2023-04-27 12:31:11,172] {local_task_job.py:156} INFO - Task exited with return code 0
[2023-04-27 12:31:11,722] {local_task_job.py:273} INFO - 0 downstream tasks scheduled from follow-on schedule check
