[2023-04-16 13:57:25,612] {taskinstance.py:1159} INFO - Dependencies all met for <TaskInstance: multi_defence_dag.Defence3 manual__2023-04-16T13:56:54.086572+00:00 [queued]>
[2023-04-16 13:57:25,642] {taskinstance.py:1159} INFO - Dependencies all met for <TaskInstance: multi_defence_dag.Defence3 manual__2023-04-16T13:56:54.086572+00:00 [queued]>
[2023-04-16 13:57:25,648] {taskinstance.py:1356} INFO - 
--------------------------------------------------------------------------------
[2023-04-16 13:57:25,650] {taskinstance.py:1357} INFO - Starting attempt 1 of 2
[2023-04-16 13:57:25,661] {taskinstance.py:1358} INFO - 
--------------------------------------------------------------------------------
[2023-04-16 13:57:25,768] {taskinstance.py:1377} INFO - Executing <Task(PythonOperator): Defence3> on 2023-04-16 13:56:54.086572+00:00
[2023-04-16 13:57:25,812] {standard_task_runner.py:52} INFO - Started process 521 to run task
[2023-04-16 13:57:25,880] {standard_task_runner.py:79} INFO - Running: ['***', 'tasks', 'run', 'multi_defence_dag', 'Defence3', 'manual__2023-04-16T13:56:54.086572+00:00', '--job-id', '5226', '--raw', '--subdir', 'DAGS_FOLDER/defence_dag.py', '--cfg-path', '/tmp/tmpa_3p51i9', '--error-file', '/tmp/tmpxfd6d765']
[2023-04-16 13:57:25,891] {standard_task_runner.py:80} INFO - Job 5226: Subtask Defence3
[2023-04-16 13:57:26,339] {task_command.py:369} INFO - Running <TaskInstance: multi_defence_dag.Defence3 manual__2023-04-16T13:56:54.086572+00:00 [running]> on host c5458bb8a35c
[2023-04-16 13:57:26,730] {taskinstance.py:1571} INFO - Exporting the following env vars:
AIRFLOW_CTX_DAG_OWNER=***
AIRFLOW_CTX_DAG_ID=multi_defence_dag
AIRFLOW_CTX_TASK_ID=Defence3
AIRFLOW_CTX_EXECUTION_DATE=2023-04-16T13:56:54.086572+00:00
AIRFLOW_CTX_TRY_NUMBER=1
AIRFLOW_CTX_DAG_RUN_ID=manual__2023-04-16T13:56:54.086572+00:00
[2023-04-16 13:57:26,789] {python.py:173} INFO - Done. Returned value was: None
[2023-04-16 13:57:26,832] {taskinstance.py:1400} INFO - Marking task as SUCCESS. dag_id=multi_defence_dag, task_id=Defence3, execution_date=20230416T135654, start_date=20230416T135725, end_date=20230416T135726
[2023-04-16 13:57:26,929] {local_task_job.py:156} INFO - Task exited with return code 0
[2023-04-16 13:57:27,169] {local_task_job.py:273} INFO - 0 downstream tasks scheduled from follow-on schedule check
