[2023-03-28 10:32:50,132] {taskinstance.py:1159} INFO - Dependencies all met for <TaskInstance: attack_dag2.trigger_defence manual__2023-03-28T10:32:43.671495+00:00 [queued]>
[2023-03-28 10:32:50,143] {taskinstance.py:1159} INFO - Dependencies all met for <TaskInstance: attack_dag2.trigger_defence manual__2023-03-28T10:32:43.671495+00:00 [queued]>
[2023-03-28 10:32:50,143] {taskinstance.py:1356} INFO - 
--------------------------------------------------------------------------------
[2023-03-28 10:32:50,144] {taskinstance.py:1357} INFO - Starting attempt 1 of 1
[2023-03-28 10:32:50,144] {taskinstance.py:1358} INFO - 
--------------------------------------------------------------------------------
[2023-03-28 10:32:50,159] {taskinstance.py:1377} INFO - Executing <Task(TriggerDagRunOperator): trigger_defence> on 2023-03-28 10:32:43.671495+00:00
[2023-03-28 10:32:50,167] {standard_task_runner.py:52} INFO - Started process 2732 to run task
[2023-03-28 10:32:50,170] {standard_task_runner.py:79} INFO - Running: ['***', 'tasks', 'run', 'attack_dag2', 'trigger_defence', 'manual__2023-03-28T10:32:43.671495+00:00', '--job-id', '4384', '--raw', '--subdir', 'DAGS_FOLDER/attack.py', '--cfg-path', '/tmp/tmpqutxasuh', '--error-file', '/tmp/tmp6lqrpgk6']
[2023-03-28 10:32:50,172] {standard_task_runner.py:80} INFO - Job 4384: Subtask trigger_defence
[2023-03-28 10:32:50,241] {task_command.py:369} INFO - Running <TaskInstance: attack_dag2.trigger_defence manual__2023-03-28T10:32:43.671495+00:00 [running]> on host 70f8824ef075
[2023-03-28 10:32:50,318] {taskinstance.py:1571} INFO - Exporting the following env vars:
AIRFLOW_CTX_DAG_OWNER=***
AIRFLOW_CTX_DAG_ID=attack_dag2
AIRFLOW_CTX_TASK_ID=trigger_defence
AIRFLOW_CTX_EXECUTION_DATE=2023-03-28T10:32:43.671495+00:00
AIRFLOW_CTX_TRY_NUMBER=1
AIRFLOW_CTX_DAG_RUN_ID=manual__2023-03-28T10:32:43.671495+00:00
[2023-03-28 10:32:51,097] {taskinstance.py:1400} INFO - Marking task as SUCCESS. dag_id=attack_dag2, task_id=trigger_defence, execution_date=20230328T103243, start_date=20230328T103250, end_date=20230328T103251
[2023-03-28 10:32:51,148] {local_task_job.py:156} INFO - Task exited with return code 0
[2023-03-28 10:32:51,245] {local_task_job.py:273} INFO - 0 downstream tasks scheduled from follow-on schedule check
