[2023-03-23 12:01:55,185] {taskinstance.py:1159} INFO - Dependencies all met for <TaskInstance: attack_dag2.trigger_defence manual__2023-03-23T12:01:50.360725+00:00 [queued]>
[2023-03-23 12:01:55,191] {taskinstance.py:1159} INFO - Dependencies all met for <TaskInstance: attack_dag2.trigger_defence manual__2023-03-23T12:01:50.360725+00:00 [queued]>
[2023-03-23 12:01:55,191] {taskinstance.py:1356} INFO - 
--------------------------------------------------------------------------------
[2023-03-23 12:01:55,192] {taskinstance.py:1357} INFO - Starting attempt 1 of 1
[2023-03-23 12:01:55,192] {taskinstance.py:1358} INFO - 
--------------------------------------------------------------------------------
[2023-03-23 12:01:55,202] {taskinstance.py:1377} INFO - Executing <Task(TriggerDagRunOperator): trigger_defence> on 2023-03-23 12:01:50.360725+00:00
[2023-03-23 12:01:55,206] {standard_task_runner.py:52} INFO - Started process 3709 to run task
[2023-03-23 12:01:55,209] {standard_task_runner.py:79} INFO - Running: ['***', 'tasks', 'run', 'attack_dag2', 'trigger_defence', 'manual__2023-03-23T12:01:50.360725+00:00', '--job-id', '2684', '--raw', '--subdir', 'DAGS_FOLDER/attack.py', '--cfg-path', '/tmp/tmp1dzhm34z', '--error-file', '/tmp/tmpwq2fldtq']
[2023-03-23 12:01:55,209] {standard_task_runner.py:80} INFO - Job 2684: Subtask trigger_defence
[2023-03-23 12:01:55,250] {task_command.py:369} INFO - Running <TaskInstance: attack_dag2.trigger_defence manual__2023-03-23T12:01:50.360725+00:00 [running]> on host 6447f1dacd32
[2023-03-23 12:01:55,305] {taskinstance.py:1571} INFO - Exporting the following env vars:
AIRFLOW_CTX_DAG_OWNER=***
AIRFLOW_CTX_DAG_ID=attack_dag2
AIRFLOW_CTX_TASK_ID=trigger_defence
AIRFLOW_CTX_EXECUTION_DATE=2023-03-23T12:01:50.360725+00:00
AIRFLOW_CTX_TRY_NUMBER=1
AIRFLOW_CTX_DAG_RUN_ID=manual__2023-03-23T12:01:50.360725+00:00
[2023-03-23 12:01:56,020] {taskinstance.py:1400} INFO - Marking task as SUCCESS. dag_id=attack_dag2, task_id=trigger_defence, execution_date=20230323T120150, start_date=20230323T120155, end_date=20230323T120156
[2023-03-23 12:01:56,065] {local_task_job.py:156} INFO - Task exited with return code 0
[2023-03-23 12:01:56,098] {local_task_job.py:273} INFO - 0 downstream tasks scheduled from follow-on schedule check
