[2023-04-09 08:22:09,731] {taskinstance.py:1159} INFO - Dependencies all met for <TaskInstance: multi_defence_dag.to_defence3 manual__2023-03-28T11:32:36.679161+00:00 [queued]>
[2023-04-09 08:22:09,783] {taskinstance.py:1159} INFO - Dependencies all met for <TaskInstance: multi_defence_dag.to_defence3 manual__2023-03-28T11:32:36.679161+00:00 [queued]>
[2023-04-09 08:22:09,785] {taskinstance.py:1356} INFO - 
--------------------------------------------------------------------------------
[2023-04-09 08:22:09,786] {taskinstance.py:1357} INFO - Starting attempt 2 of 2
[2023-04-09 08:22:09,789] {taskinstance.py:1358} INFO - 
--------------------------------------------------------------------------------
[2023-04-09 08:22:09,861] {taskinstance.py:1377} INFO - Executing <Task(BranchPythonOperator): to_defence3> on 2023-03-28 11:32:36.679161+00:00
[2023-04-09 08:22:09,897] {standard_task_runner.py:52} INFO - Started process 4129 to run task
[2023-04-09 08:22:09,980] {standard_task_runner.py:79} INFO - Running: ['***', 'tasks', 'run', 'multi_defence_dag', 'to_defence3', 'manual__2023-03-28T11:32:36.679161+00:00', '--job-id', '4760', '--raw', '--subdir', 'DAGS_FOLDER/defence_dag.py', '--cfg-path', '/tmp/tmpcrsgkgn_', '--error-file', '/tmp/tmptvst5wir']
[2023-04-09 08:22:09,983] {standard_task_runner.py:80} INFO - Job 4760: Subtask to_defence3
[2023-04-09 08:22:10,623] {task_command.py:369} INFO - Running <TaskInstance: multi_defence_dag.to_defence3 manual__2023-03-28T11:32:36.679161+00:00 [running]> on host ff3d40af78f9
[2023-04-09 08:22:11,249] {taskinstance.py:1571} INFO - Exporting the following env vars:
AIRFLOW_CTX_DAG_OWNER=***
AIRFLOW_CTX_DAG_ID=multi_defence_dag
AIRFLOW_CTX_TASK_ID=to_defence3
AIRFLOW_CTX_EXECUTION_DATE=2023-03-28T11:32:36.679161+00:00
AIRFLOW_CTX_TRY_NUMBER=2
AIRFLOW_CTX_DAG_RUN_ID=manual__2023-03-28T11:32:36.679161+00:00
[2023-04-09 08:22:11,351] {python.py:173} INFO - Done. Returned value was: Defence3
[2023-04-09 08:22:11,354] {skipmixin.py:140} INFO - Following branch Defence3
[2023-04-09 08:22:11,357] {skipmixin.py:175} INFO - Skipping tasks ['default']
[2023-04-09 08:22:11,814] {taskinstance.py:1400} INFO - Marking task as SUCCESS. dag_id=multi_defence_dag, task_id=to_defence3, execution_date=20230328T113236, start_date=20230409T082209, end_date=20230409T082211
[2023-04-09 08:22:11,997] {local_task_job.py:156} INFO - Task exited with return code 0
[2023-04-09 08:22:12,481] {local_task_job.py:273} INFO - 1 downstream tasks scheduled from follow-on schedule check
