[2023-03-23 15:17:41,882] {taskinstance.py:1159} INFO - Dependencies all met for <TaskInstance: multi_defence_dag.to_defence3 manual__2023-03-23T15:17:26.391621+00:00 [queued]>
[2023-03-23 15:17:41,933] {taskinstance.py:1159} INFO - Dependencies all met for <TaskInstance: multi_defence_dag.to_defence3 manual__2023-03-23T15:17:26.391621+00:00 [queued]>
[2023-03-23 15:17:41,935] {taskinstance.py:1356} INFO - 
--------------------------------------------------------------------------------
[2023-03-23 15:17:41,943] {taskinstance.py:1357} INFO - Starting attempt 1 of 2
[2023-03-23 15:17:41,945] {taskinstance.py:1358} INFO - 
--------------------------------------------------------------------------------
[2023-03-23 15:17:42,072] {taskinstance.py:1377} INFO - Executing <Task(BranchPythonOperator): to_defence3> on 2023-03-23 15:17:26.391621+00:00
[2023-03-23 15:17:42,150] {standard_task_runner.py:52} INFO - Started process 11959 to run task
[2023-03-23 15:17:42,179] {standard_task_runner.py:79} INFO - Running: ['***', 'tasks', 'run', 'multi_defence_dag', 'to_defence3', 'manual__2023-03-23T15:17:26.391621+00:00', '--job-id', '2977', '--raw', '--subdir', 'DAGS_FOLDER/defence_dag.py', '--cfg-path', '/tmp/tmpl74cg_mw', '--error-file', '/tmp/tmpwxh086w2']
[2023-03-23 15:17:42,183] {standard_task_runner.py:80} INFO - Job 2977: Subtask to_defence3
[2023-03-23 15:17:42,607] {task_command.py:369} INFO - Running <TaskInstance: multi_defence_dag.to_defence3 manual__2023-03-23T15:17:26.391621+00:00 [running]> on host 6447f1dacd32
[2023-03-23 15:17:43,106] {taskinstance.py:1571} INFO - Exporting the following env vars:
AIRFLOW_CTX_DAG_OWNER=***
AIRFLOW_CTX_DAG_ID=multi_defence_dag
AIRFLOW_CTX_TASK_ID=to_defence3
AIRFLOW_CTX_EXECUTION_DATE=2023-03-23T15:17:26.391621+00:00
AIRFLOW_CTX_TRY_NUMBER=1
AIRFLOW_CTX_DAG_RUN_ID=manual__2023-03-23T15:17:26.391621+00:00
[2023-03-23 15:17:43,192] {python.py:173} INFO - Done. Returned value was: Defence3
[2023-03-23 15:17:43,194] {skipmixin.py:140} INFO - Following branch Defence3
[2023-03-23 15:17:43,196] {skipmixin.py:175} INFO - Skipping tasks ['default']
[2023-03-23 15:17:43,686] {taskinstance.py:1400} INFO - Marking task as SUCCESS. dag_id=multi_defence_dag, task_id=to_defence3, execution_date=20230323T151726, start_date=20230323T151741, end_date=20230323T151743
[2023-03-23 15:17:43,797] {local_task_job.py:156} INFO - Task exited with return code 0
[2023-03-23 15:17:44,112] {local_task_job.py:273} INFO - 1 downstream tasks scheduled from follow-on schedule check
