[2023-03-28 10:31:45,182] {taskinstance.py:1159} INFO - Dependencies all met for <TaskInstance: attack_dag2.trigger_defence manual__2023-03-28T10:31:37.787830+00:00 [queued]>
[2023-03-28 10:31:45,199] {taskinstance.py:1159} INFO - Dependencies all met for <TaskInstance: attack_dag2.trigger_defence manual__2023-03-28T10:31:37.787830+00:00 [queued]>
[2023-03-28 10:31:45,201] {taskinstance.py:1356} INFO - 
--------------------------------------------------------------------------------
[2023-03-28 10:31:45,203] {taskinstance.py:1357} INFO - Starting attempt 1 of 1
[2023-03-28 10:31:45,204] {taskinstance.py:1358} INFO - 
--------------------------------------------------------------------------------
[2023-03-28 10:31:45,230] {taskinstance.py:1377} INFO - Executing <Task(TriggerDagRunOperator): trigger_defence> on 2023-03-28 10:31:37.787830+00:00
[2023-03-28 10:31:45,243] {standard_task_runner.py:52} INFO - Started process 2566 to run task
[2023-03-28 10:31:45,252] {standard_task_runner.py:79} INFO - Running: ['***', 'tasks', 'run', 'attack_dag2', 'trigger_defence', 'manual__2023-03-28T10:31:37.787830+00:00', '--job-id', '4348', '--raw', '--subdir', 'DAGS_FOLDER/attack.py', '--cfg-path', '/tmp/tmp3q6ctdcc', '--error-file', '/tmp/tmp_u4xsoah']
[2023-03-28 10:31:45,255] {standard_task_runner.py:80} INFO - Job 4348: Subtask trigger_defence
[2023-03-28 10:31:45,384] {task_command.py:369} INFO - Running <TaskInstance: attack_dag2.trigger_defence manual__2023-03-28T10:31:37.787830+00:00 [running]> on host 70f8824ef075
[2023-03-28 10:31:45,487] {taskinstance.py:1571} INFO - Exporting the following env vars:
AIRFLOW_CTX_DAG_OWNER=***
AIRFLOW_CTX_DAG_ID=attack_dag2
AIRFLOW_CTX_TASK_ID=trigger_defence
AIRFLOW_CTX_EXECUTION_DATE=2023-03-28T10:31:37.787830+00:00
AIRFLOW_CTX_TRY_NUMBER=1
AIRFLOW_CTX_DAG_RUN_ID=manual__2023-03-28T10:31:37.787830+00:00
[2023-03-28 10:31:46,299] {taskinstance.py:1400} INFO - Marking task as SUCCESS. dag_id=attack_dag2, task_id=trigger_defence, execution_date=20230328T103137, start_date=20230328T103145, end_date=20230328T103146
[2023-03-28 10:31:46,354] {local_task_job.py:156} INFO - Task exited with return code 0
[2023-03-28 10:31:46,403] {local_task_job.py:273} INFO - 0 downstream tasks scheduled from follow-on schedule check
