[2023-04-23 09:28:15,758] {taskinstance.py:1159} INFO - Dependencies all met for <TaskInstance: multi_defence_dag.to_defence2 manual__2023-04-23T09:28:03.088662+00:00 [queued]>
[2023-04-23 09:28:15,803] {taskinstance.py:1159} INFO - Dependencies all met for <TaskInstance: multi_defence_dag.to_defence2 manual__2023-04-23T09:28:03.088662+00:00 [queued]>
[2023-04-23 09:28:15,804] {taskinstance.py:1356} INFO - 
--------------------------------------------------------------------------------
[2023-04-23 09:28:15,805] {taskinstance.py:1357} INFO - Starting attempt 1 of 2
[2023-04-23 09:28:15,806] {taskinstance.py:1358} INFO - 
--------------------------------------------------------------------------------
[2023-04-23 09:28:15,854] {taskinstance.py:1377} INFO - Executing <Task(BranchPythonOperator): to_defence2> on 2023-04-23 09:28:03.088662+00:00
[2023-04-23 09:28:16,579] {standard_task_runner.py:52} INFO - Started process 696 to run task
[2023-04-23 09:28:16,620] {standard_task_runner.py:79} INFO - Running: ['***', 'tasks', 'run', 'multi_defence_dag', 'to_defence2', 'manual__2023-04-23T09:28:03.088662+00:00', '--job-id', '6049', '--raw', '--subdir', 'DAGS_FOLDER/defence_dag.py', '--cfg-path', '/tmp/tmpqe9i3s_d', '--error-file', '/tmp/tmpyhcksrk0']
[2023-04-23 09:28:16,628] {standard_task_runner.py:80} INFO - Job 6049: Subtask to_defence2
[2023-04-23 09:28:16,795] {task_command.py:369} INFO - Running <TaskInstance: multi_defence_dag.to_defence2 manual__2023-04-23T09:28:03.088662+00:00 [running]> on host a3dd7d962104
[2023-04-23 09:28:16,954] {taskinstance.py:1571} INFO - Exporting the following env vars:
AIRFLOW_CTX_DAG_OWNER=***
AIRFLOW_CTX_DAG_ID=multi_defence_dag
AIRFLOW_CTX_TASK_ID=to_defence2
AIRFLOW_CTX_EXECUTION_DATE=2023-04-23T09:28:03.088662+00:00
AIRFLOW_CTX_TRY_NUMBER=1
AIRFLOW_CTX_DAG_RUN_ID=manual__2023-04-23T09:28:03.088662+00:00
[2023-04-23 09:28:16,977] {python.py:173} INFO - Done. Returned value was: Defence2
[2023-04-23 09:28:16,981] {skipmixin.py:140} INFO - Following branch Defence2
[2023-04-23 09:28:16,985] {skipmixin.py:175} INFO - Skipping tasks ['default']
[2023-04-23 09:28:17,120] {taskinstance.py:1400} INFO - Marking task as SUCCESS. dag_id=multi_defence_dag, task_id=to_defence2, execution_date=20230423T092803, start_date=20230423T092815, end_date=20230423T092817
[2023-04-23 09:28:17,213] {local_task_job.py:156} INFO - Task exited with return code 0
[2023-04-23 09:28:17,369] {local_task_job.py:273} INFO - 1 downstream tasks scheduled from follow-on schedule check
