[2023-04-30 08:02:58,269] {taskinstance.py:1159} INFO - Dependencies all met for <TaskInstance: multi_defence_dag.to_defend manual__2023-04-30T08:02:27.349183+00:00 [queued]>
[2023-04-30 08:02:58,283] {taskinstance.py:1159} INFO - Dependencies all met for <TaskInstance: multi_defence_dag.to_defend manual__2023-04-30T08:02:27.349183+00:00 [queued]>
[2023-04-30 08:02:58,283] {taskinstance.py:1356} INFO - 
--------------------------------------------------------------------------------
[2023-04-30 08:02:58,284] {taskinstance.py:1357} INFO - Starting attempt 1 of 2
[2023-04-30 08:02:58,285] {taskinstance.py:1358} INFO - 
--------------------------------------------------------------------------------
[2023-04-30 08:02:58,301] {taskinstance.py:1377} INFO - Executing <Task(BranchPythonOperator): to_defend> on 2023-04-30 08:02:27.349183+00:00
[2023-04-30 08:02:58,311] {standard_task_runner.py:52} INFO - Started process 523 to run task
[2023-04-30 08:02:58,315] {standard_task_runner.py:79} INFO - Running: ['***', 'tasks', 'run', 'multi_defence_dag', 'to_defend', 'manual__2023-04-30T08:02:27.349183+00:00', '--job-id', '7095', '--raw', '--subdir', 'DAGS_FOLDER/defence_dag.py', '--cfg-path', '/tmp/tmpwn41dysb', '--error-file', '/tmp/tmp5dcx_kl8']
[2023-04-30 08:02:58,316] {standard_task_runner.py:80} INFO - Job 7095: Subtask to_defend
[2023-04-30 08:02:58,383] {task_command.py:369} INFO - Running <TaskInstance: multi_defence_dag.to_defend manual__2023-04-30T08:02:27.349183+00:00 [running]> on host e7e31d5a6603
[2023-04-30 08:02:58,471] {taskinstance.py:1571} INFO - Exporting the following env vars:
AIRFLOW_CTX_DAG_OWNER=***
AIRFLOW_CTX_DAG_ID=multi_defence_dag
AIRFLOW_CTX_TASK_ID=to_defend
AIRFLOW_CTX_EXECUTION_DATE=2023-04-30T08:02:27.349183+00:00
AIRFLOW_CTX_TRY_NUMBER=1
AIRFLOW_CTX_DAG_RUN_ID=manual__2023-04-30T08:02:27.349183+00:00
[2023-04-30 08:02:58,474] {transport.py:157} INFO - Attempting refresh to obtain initial access_token
[2023-04-30 08:02:58,477] {client.py:777} INFO - Refreshing access_token
[2023-04-30 08:02:59,309] {python.py:173} INFO - Done. Returned value was: stop
[2023-04-30 08:02:59,310] {skipmixin.py:140} INFO - Following branch stop
[2023-04-30 08:02:59,311] {skipmixin.py:175} INFO - Skipping tasks ['trigger_offence']
[2023-04-30 08:02:59,463] {taskinstance.py:1400} INFO - Marking task as SUCCESS. dag_id=multi_defence_dag, task_id=to_defend, execution_date=20230430T080227, start_date=20230430T080258, end_date=20230430T080259
[2023-04-30 08:02:59,535] {local_task_job.py:156} INFO - Task exited with return code 0
[2023-04-30 08:02:59,633] {local_task_job.py:273} INFO - 1 downstream tasks scheduled from follow-on schedule check
