[2023-03-16 11:55:10,670] {taskinstance.py:1159} INFO - Dependencies all met for <TaskInstance: attack_dag.trigger_defence scheduled__2023-03-11T00:00:00+00:00 [queued]>
[2023-03-16 11:55:10,729] {taskinstance.py:1159} INFO - Dependencies all met for <TaskInstance: attack_dag.trigger_defence scheduled__2023-03-11T00:00:00+00:00 [queued]>
[2023-03-16 11:55:10,730] {taskinstance.py:1356} INFO - 
--------------------------------------------------------------------------------
[2023-03-16 11:55:10,731] {taskinstance.py:1357} INFO - Starting attempt 2 of 2
[2023-03-16 11:55:10,740] {taskinstance.py:1358} INFO - 
--------------------------------------------------------------------------------
[2023-03-16 11:55:10,922] {taskinstance.py:1377} INFO - Executing <Task(TriggerDagRunOperator): trigger_defence> on 2023-03-11 00:00:00+00:00
[2023-03-16 11:55:10,940] {standard_task_runner.py:52} INFO - Started process 697 to run task
[2023-03-16 11:55:11,004] {standard_task_runner.py:79} INFO - Running: ['***', 'tasks', 'run', 'attack_dag', 'trigger_defence', 'scheduled__2023-03-11T00:00:00+00:00', '--job-id', '979', '--raw', '--subdir', 'DAGS_FOLDER/attack.py', '--cfg-path', '/tmp/tmpjuvmf_at', '--error-file', '/tmp/tmph6lzb3gx']
[2023-03-16 11:55:11,009] {standard_task_runner.py:80} INFO - Job 979: Subtask trigger_defence
[2023-03-16 11:55:11,316] {task_command.py:369} INFO - Running <TaskInstance: attack_dag.trigger_defence scheduled__2023-03-11T00:00:00+00:00 [running]> on host 596adcca7378
[2023-03-16 11:55:12,103] {taskinstance.py:1571} INFO - Exporting the following env vars:
AIRFLOW_CTX_DAG_OWNER=***
AIRFLOW_CTX_DAG_ID=attack_dag
AIRFLOW_CTX_TASK_ID=trigger_defence
AIRFLOW_CTX_EXECUTION_DATE=2023-03-11T00:00:00+00:00
AIRFLOW_CTX_TRY_NUMBER=2
AIRFLOW_CTX_DAG_RUN_ID=scheduled__2023-03-11T00:00:00+00:00
[2023-03-16 11:56:46,460] {taskinstance.py:1400} INFO - Marking task as SUCCESS. dag_id=attack_dag, task_id=trigger_defence, execution_date=20230311T000000, start_date=20230316T115510, end_date=20230316T115646
[2023-03-16 11:56:46,587] {local_task_job.py:156} INFO - Task exited with return code 0
[2023-03-16 11:56:46,651] {local_task_job.py:273} INFO - 0 downstream tasks scheduled from follow-on schedule check
