[2023-03-12 15:04:15,575] {taskinstance.py:1159} INFO - Dependencies all met for <TaskInstance: attack_dag.trigger_defence scheduled__2023-03-11T00:00:00+00:00 [queued]>
[2023-03-12 15:04:15,592] {taskinstance.py:1159} INFO - Dependencies all met for <TaskInstance: attack_dag.trigger_defence scheduled__2023-03-11T00:00:00+00:00 [queued]>
[2023-03-12 15:04:15,593] {taskinstance.py:1356} INFO - 
--------------------------------------------------------------------------------
[2023-03-12 15:04:15,594] {taskinstance.py:1357} INFO - Starting attempt 1 of 1
[2023-03-12 15:04:15,595] {taskinstance.py:1358} INFO - 
--------------------------------------------------------------------------------
[2023-03-12 15:04:15,616] {taskinstance.py:1377} INFO - Executing <Task(TriggerDagRunOperator): trigger_defence> on 2023-03-11 00:00:00+00:00
[2023-03-12 15:04:15,622] {standard_task_runner.py:52} INFO - Started process 94 to run task
[2023-03-12 15:04:15,627] {standard_task_runner.py:79} INFO - Running: ['***', 'tasks', 'run', 'attack_dag', 'trigger_defence', 'scheduled__2023-03-11T00:00:00+00:00', '--job-id', '405', '--raw', '--subdir', 'DAGS_FOLDER/attack.py', '--cfg-path', '/tmp/tmp_o2e32xl', '--error-file', '/tmp/tmp34fu2pyv']
[2023-03-12 15:04:15,627] {standard_task_runner.py:80} INFO - Job 405: Subtask trigger_defence
[2023-03-12 15:04:15,704] {task_command.py:369} INFO - Running <TaskInstance: attack_dag.trigger_defence scheduled__2023-03-11T00:00:00+00:00 [running]> on host 596adcca7378
[2023-03-12 15:04:15,818] {taskinstance.py:1571} INFO - Exporting the following env vars:
AIRFLOW_CTX_DAG_OWNER=***
AIRFLOW_CTX_DAG_ID=attack_dag
AIRFLOW_CTX_TASK_ID=trigger_defence
AIRFLOW_CTX_EXECUTION_DATE=2023-03-11T00:00:00+00:00
AIRFLOW_CTX_TRY_NUMBER=1
AIRFLOW_CTX_DAG_RUN_ID=scheduled__2023-03-11T00:00:00+00:00
[2023-03-12 15:04:15,940] {taskinstance.py:1400} INFO - Marking task as SUCCESS. dag_id=attack_dag, task_id=trigger_defence, execution_date=20230311T000000, start_date=20230312T150415, end_date=20230312T150415
[2023-03-12 15:04:16,041] {local_task_job.py:156} INFO - Task exited with return code 0
[2023-03-12 15:04:16,085] {local_task_job.py:273} INFO - 0 downstream tasks scheduled from follow-on schedule check
