[2023-04-30 08:31:45,608] {taskinstance.py:1159} INFO - Dependencies all met for <TaskInstance: multi_attack_dag.attack_NewtonFool manual__2023-04-30T08:26:07.611662+00:00 [queued]>
[2023-04-30 08:31:45,637] {taskinstance.py:1159} INFO - Dependencies all met for <TaskInstance: multi_attack_dag.attack_NewtonFool manual__2023-04-30T08:26:07.611662+00:00 [queued]>
[2023-04-30 08:31:45,638] {taskinstance.py:1356} INFO - 
--------------------------------------------------------------------------------
[2023-04-30 08:31:45,639] {taskinstance.py:1357} INFO - Starting attempt 2 of 2
[2023-04-30 08:31:45,639] {taskinstance.py:1358} INFO - 
--------------------------------------------------------------------------------
[2023-04-30 08:31:45,671] {taskinstance.py:1377} INFO - Executing <Task(PythonOperator): attack_NewtonFool> on 2023-04-30 08:26:07.611662+00:00
[2023-04-30 08:31:45,680] {standard_task_runner.py:52} INFO - Started process 2131 to run task
[2023-04-30 08:31:45,718] {standard_task_runner.py:79} INFO - Running: ['***', 'tasks', 'run', 'multi_attack_dag', 'attack_NewtonFool', 'manual__2023-04-30T08:26:07.611662+00:00', '--job-id', '7182', '--raw', '--subdir', 'DAGS_FOLDER/attack_dag.py', '--cfg-path', '/tmp/tmpx9nt9pga', '--error-file', '/tmp/tmp46ei3big']
[2023-04-30 08:31:45,728] {standard_task_runner.py:80} INFO - Job 7182: Subtask attack_NewtonFool
[2023-04-30 08:31:45,935] {task_command.py:369} INFO - Running <TaskInstance: multi_attack_dag.attack_NewtonFool manual__2023-04-30T08:26:07.611662+00:00 [running]> on host e7e31d5a6603
[2023-04-30 08:31:46,188] {taskinstance.py:1571} INFO - Exporting the following env vars:
AIRFLOW_CTX_DAG_OWNER=***
AIRFLOW_CTX_DAG_ID=multi_attack_dag
AIRFLOW_CTX_TASK_ID=attack_NewtonFool
AIRFLOW_CTX_EXECUTION_DATE=2023-04-30T08:26:07.611662+00:00
AIRFLOW_CTX_TRY_NUMBER=2
AIRFLOW_CTX_DAG_RUN_ID=manual__2023-04-30T08:26:07.611662+00:00
[2023-04-30 08:31:46,195] {transport.py:157} INFO - Attempting refresh to obtain initial access_token
[2023-04-30 08:31:46,205] {client.py:777} INFO - Refreshing access_token
[2023-04-30 08:31:47,829] {transport.py:157} INFO - Attempting refresh to obtain initial access_token
[2023-04-30 08:31:47,835] {client.py:777} INFO - Refreshing access_token
[2023-04-30 08:31:48,736] {taskinstance.py:1889} ERROR - Task failed with exception
Traceback (most recent call last):
  File "/home/airflow/.local/lib/python3.7/site-packages/airflow/operators/python.py", line 171, in execute
    return_value = self.execute_callable()
  File "/home/airflow/.local/lib/python3.7/site-packages/airflow/operators/python.py", line 189, in execute_callable
    return self.python_callable(*self.op_args, **self.op_kwargs)
  File "/opt/airflow/dags/attack.py", line 126, in attack_NewtonFool
    model_acc, adversarial_examples  = attack(NewtonFool)
  File "/opt/airflow/dags/attack.py", line 31, in attack
    estimator = get_estimator()
  File "/opt/airflow/dags/estimator_helpers.py", line 50, in get_estimator
    model = load_from_bucket("ML_model.pickle")
  File "/opt/airflow/dags/helpers.py", line 123, in load_from_bucket
    raise err
  File "/opt/airflow/dags/helpers.py", line 120, in load_from_bucket
    loaded_obj = cloudpickle.load(f)
TypeError: code() takes at most 15 arguments (16 given)
[2023-04-30 08:31:48,777] {taskinstance.py:1400} INFO - Marking task as FAILED. dag_id=multi_attack_dag, task_id=attack_NewtonFool, execution_date=20230430T082607, start_date=20230430T083145, end_date=20230430T083148
[2023-04-30 08:31:48,809] {standard_task_runner.py:97} ERROR - Failed to execute job 7182 for task attack_NewtonFool (code() takes at most 15 arguments (16 given); 2131)
[2023-04-30 08:31:48,853] {local_task_job.py:156} INFO - Task exited with return code 1
[2023-04-30 08:31:48,951] {local_task_job.py:273} INFO - 0 downstream tasks scheduled from follow-on schedule check
