[2023-04-23 07:53:37,258] {taskinstance.py:1159} INFO - Dependencies all met for <TaskInstance: multi_defence_dag.to_defence2 manual__2023-04-23T07:53:23.772082+00:00 [queued]>
[2023-04-23 07:53:37,304] {taskinstance.py:1159} INFO - Dependencies all met for <TaskInstance: multi_defence_dag.to_defence2 manual__2023-04-23T07:53:23.772082+00:00 [queued]>
[2023-04-23 07:53:37,305] {taskinstance.py:1356} INFO - 
--------------------------------------------------------------------------------
[2023-04-23 07:53:37,306] {taskinstance.py:1357} INFO - Starting attempt 1 of 2
[2023-04-23 07:53:37,307] {taskinstance.py:1358} INFO - 
--------------------------------------------------------------------------------
[2023-04-23 07:53:37,346] {taskinstance.py:1377} INFO - Executing <Task(BranchPythonOperator): to_defence2> on 2023-04-23 07:53:23.772082+00:00
[2023-04-23 07:53:37,367] {standard_task_runner.py:52} INFO - Started process 352 to run task
[2023-04-23 07:53:37,390] {standard_task_runner.py:79} INFO - Running: ['***', 'tasks', 'run', 'multi_defence_dag', 'to_defence2', 'manual__2023-04-23T07:53:23.772082+00:00', '--job-id', '5876', '--raw', '--subdir', 'DAGS_FOLDER/defence_dag.py', '--cfg-path', '/tmp/tmpsz2le7se', '--error-file', '/tmp/tmpi30l5s1j']
[2023-04-23 07:53:37,393] {standard_task_runner.py:80} INFO - Job 5876: Subtask to_defence2
[2023-04-23 07:53:37,594] {task_command.py:369} INFO - Running <TaskInstance: multi_defence_dag.to_defence2 manual__2023-04-23T07:53:23.772082+00:00 [running]> on host a3dd7d962104
[2023-04-23 07:53:37,992] {taskinstance.py:1571} INFO - Exporting the following env vars:
AIRFLOW_CTX_DAG_OWNER=***
AIRFLOW_CTX_DAG_ID=multi_defence_dag
AIRFLOW_CTX_TASK_ID=to_defence2
AIRFLOW_CTX_EXECUTION_DATE=2023-04-23T07:53:23.772082+00:00
AIRFLOW_CTX_TRY_NUMBER=1
AIRFLOW_CTX_DAG_RUN_ID=manual__2023-04-23T07:53:23.772082+00:00
[2023-04-23 07:53:38,078] {python.py:173} INFO - Done. Returned value was: Defence2
[2023-04-23 07:53:38,079] {skipmixin.py:140} INFO - Following branch Defence2
[2023-04-23 07:53:38,083] {skipmixin.py:175} INFO - Skipping tasks ['default']
[2023-04-23 07:53:38,312] {taskinstance.py:1400} INFO - Marking task as SUCCESS. dag_id=multi_defence_dag, task_id=to_defence2, execution_date=20230423T075323, start_date=20230423T075337, end_date=20230423T075338
[2023-04-23 07:53:38,382] {local_task_job.py:156} INFO - Task exited with return code 0
[2023-04-23 07:53:38,541] {local_task_job.py:273} INFO - 1 downstream tasks scheduled from follow-on schedule check
