[2023-04-27 13:28:34,775] {taskinstance.py:1159} INFO - Dependencies all met for <TaskInstance: multi_defence_dag.Defence1 manual__2023-04-27T13:28:19.841662+00:00 [queued]>
[2023-04-27 13:28:34,796] {taskinstance.py:1159} INFO - Dependencies all met for <TaskInstance: multi_defence_dag.Defence1 manual__2023-04-27T13:28:19.841662+00:00 [queued]>
[2023-04-27 13:28:34,797] {taskinstance.py:1356} INFO - 
--------------------------------------------------------------------------------
[2023-04-27 13:28:34,798] {taskinstance.py:1357} INFO - Starting attempt 1 of 2
[2023-04-27 13:28:34,799] {taskinstance.py:1358} INFO - 
--------------------------------------------------------------------------------
[2023-04-27 13:28:34,826] {taskinstance.py:1377} INFO - Executing <Task(PythonOperator): Defence1> on 2023-04-27 13:28:19.841662+00:00
[2023-04-27 13:28:34,836] {standard_task_runner.py:52} INFO - Started process 249 to run task
[2023-04-27 13:28:34,841] {standard_task_runner.py:79} INFO - Running: ['***', 'tasks', 'run', 'multi_defence_dag', 'Defence1', 'manual__2023-04-27T13:28:19.841662+00:00', '--job-id', '6919', '--raw', '--subdir', 'DAGS_FOLDER/defence_dag.py', '--cfg-path', '/tmp/tmpsud842_9', '--error-file', '/tmp/tmpfcw4pe_b']
[2023-04-27 13:28:34,843] {standard_task_runner.py:80} INFO - Job 6919: Subtask Defence1
[2023-04-27 13:28:34,918] {task_command.py:369} INFO - Running <TaskInstance: multi_defence_dag.Defence1 manual__2023-04-27T13:28:19.841662+00:00 [running]> on host e7e31d5a6603
[2023-04-27 13:28:35,022] {taskinstance.py:1571} INFO - Exporting the following env vars:
AIRFLOW_CTX_DAG_OWNER=***
AIRFLOW_CTX_DAG_ID=multi_defence_dag
AIRFLOW_CTX_TASK_ID=Defence1
AIRFLOW_CTX_EXECUTION_DATE=2023-04-27T13:28:19.841662+00:00
AIRFLOW_CTX_TRY_NUMBER=1
AIRFLOW_CTX_DAG_RUN_ID=manual__2023-04-27T13:28:19.841662+00:00
[2023-04-27 13:28:35,046] {python.py:173} INFO - Done. Returned value was: None
[2023-04-27 13:28:35,063] {taskinstance.py:1400} INFO - Marking task as SUCCESS. dag_id=multi_defence_dag, task_id=Defence1, execution_date=20230427T132819, start_date=20230427T132834, end_date=20230427T132835
[2023-04-27 13:28:35,096] {local_task_job.py:156} INFO - Task exited with return code 0
[2023-04-27 13:28:35,167] {local_task_job.py:273} INFO - 0 downstream tasks scheduled from follow-on schedule check
