[2023-04-30 08:14:22,312] {taskinstance.py:1159} INFO - Dependencies all met for <TaskInstance: multi_defence_dag.stop manual__2023-04-30T08:13:57.239725+00:00 [queued]>
[2023-04-30 08:14:22,325] {taskinstance.py:1159} INFO - Dependencies all met for <TaskInstance: multi_defence_dag.stop manual__2023-04-30T08:13:57.239725+00:00 [queued]>
[2023-04-30 08:14:22,326] {taskinstance.py:1356} INFO - 
--------------------------------------------------------------------------------
[2023-04-30 08:14:22,326] {taskinstance.py:1357} INFO - Starting attempt 1 of 2
[2023-04-30 08:14:22,331] {taskinstance.py:1358} INFO - 
--------------------------------------------------------------------------------
[2023-04-30 08:14:22,346] {taskinstance.py:1377} INFO - Executing <Task(PythonOperator): stop> on 2023-04-30 08:13:57.239725+00:00
[2023-04-30 08:14:22,353] {standard_task_runner.py:52} INFO - Started process 1253 to run task
[2023-04-30 08:14:22,357] {standard_task_runner.py:79} INFO - Running: ['***', 'tasks', 'run', 'multi_defence_dag', 'stop', 'manual__2023-04-30T08:13:57.239725+00:00', '--job-id', '7167', '--raw', '--subdir', 'DAGS_FOLDER/defence_dag.py', '--cfg-path', '/tmp/tmp9jl9rd2x', '--error-file', '/tmp/tmpj5ppvvwu']
[2023-04-30 08:14:22,358] {standard_task_runner.py:80} INFO - Job 7167: Subtask stop
[2023-04-30 08:14:22,423] {task_command.py:369} INFO - Running <TaskInstance: multi_defence_dag.stop manual__2023-04-30T08:13:57.239725+00:00 [running]> on host e7e31d5a6603
[2023-04-30 08:14:22,512] {taskinstance.py:1571} INFO - Exporting the following env vars:
AIRFLOW_CTX_DAG_OWNER=***
AIRFLOW_CTX_DAG_ID=multi_defence_dag
AIRFLOW_CTX_TASK_ID=stop
AIRFLOW_CTX_EXECUTION_DATE=2023-04-30T08:13:57.239725+00:00
AIRFLOW_CTX_TRY_NUMBER=1
AIRFLOW_CTX_DAG_RUN_ID=manual__2023-04-30T08:13:57.239725+00:00
[2023-04-30 08:14:22,513] {python.py:173} INFO - Done. Returned value was: Cycle has ended
[2023-04-30 08:14:22,551] {taskinstance.py:1400} INFO - Marking task as SUCCESS. dag_id=multi_defence_dag, task_id=stop, execution_date=20230430T081357, start_date=20230430T081422, end_date=20230430T081422
[2023-04-30 08:14:22,611] {local_task_job.py:156} INFO - Task exited with return code 0
[2023-04-30 08:14:22,656] {local_task_job.py:273} INFO - 0 downstream tasks scheduled from follow-on schedule check
