[2023-03-16 11:29:55,000] {taskinstance.py:1159} INFO - Dependencies all met for <TaskInstance: defence_dag.trigger_offence manual__2023-03-16T11:29:49.820308+00:00 [queued]>
[2023-03-16 11:29:55,017] {taskinstance.py:1159} INFO - Dependencies all met for <TaskInstance: defence_dag.trigger_offence manual__2023-03-16T11:29:49.820308+00:00 [queued]>
[2023-03-16 11:29:55,018] {taskinstance.py:1356} INFO - 
--------------------------------------------------------------------------------
[2023-03-16 11:29:55,019] {taskinstance.py:1357} INFO - Starting attempt 1 of 1
[2023-03-16 11:29:55,020] {taskinstance.py:1358} INFO - 
--------------------------------------------------------------------------------
[2023-03-16 11:29:55,046] {taskinstance.py:1377} INFO - Executing <Task(TriggerDagRunOperator): trigger_offence> on 2023-03-16 11:29:49.820308+00:00
[2023-03-16 11:29:55,054] {standard_task_runner.py:52} INFO - Started process 298 to run task
[2023-03-16 11:29:55,068] {standard_task_runner.py:79} INFO - Running: ['***', 'tasks', 'run', 'defence_dag', 'trigger_offence', 'manual__2023-03-16T11:29:49.820308+00:00', '--job-id', '762', '--raw', '--subdir', 'DAGS_FOLDER/defese.py', '--cfg-path', '/tmp/tmpbiposzg0', '--error-file', '/tmp/tmpdg84wp4w']
[2023-03-16 11:29:55,070] {standard_task_runner.py:80} INFO - Job 762: Subtask trigger_offence
[2023-03-16 11:29:55,167] {task_command.py:369} INFO - Running <TaskInstance: defence_dag.trigger_offence manual__2023-03-16T11:29:49.820308+00:00 [running]> on host 596adcca7378
[2023-03-16 11:29:55,288] {taskinstance.py:1571} INFO - Exporting the following env vars:
AIRFLOW_CTX_DAG_OWNER=***
AIRFLOW_CTX_DAG_ID=defence_dag
AIRFLOW_CTX_TASK_ID=trigger_offence
AIRFLOW_CTX_EXECUTION_DATE=2023-03-16T11:29:49.820308+00:00
AIRFLOW_CTX_TRY_NUMBER=1
AIRFLOW_CTX_DAG_RUN_ID=manual__2023-03-16T11:29:49.820308+00:00
[2023-03-16 11:29:56,347] {taskinstance.py:1400} INFO - Marking task as SUCCESS. dag_id=defence_dag, task_id=trigger_offence, execution_date=20230316T112949, start_date=20230316T112955, end_date=20230316T112956
[2023-03-16 11:29:56,399] {local_task_job.py:156} INFO - Task exited with return code 0
[2023-03-16 11:29:56,428] {local_task_job.py:273} INFO - 0 downstream tasks scheduled from follow-on schedule check
