[2023-03-28 10:31:48,666] {taskinstance.py:1159} INFO - Dependencies all met for <TaskInstance: defence_dag2.storing manual__2023-03-28T10:31:45.509479+00:00 [queued]>
[2023-03-28 10:31:48,678] {taskinstance.py:1159} INFO - Dependencies all met for <TaskInstance: defence_dag2.storing manual__2023-03-28T10:31:45.509479+00:00 [queued]>
[2023-03-28 10:31:48,679] {taskinstance.py:1356} INFO - 
--------------------------------------------------------------------------------
[2023-03-28 10:31:48,679] {taskinstance.py:1357} INFO - Starting attempt 1 of 1
[2023-03-28 10:31:48,680] {taskinstance.py:1358} INFO - 
--------------------------------------------------------------------------------
[2023-03-28 10:31:48,695] {taskinstance.py:1377} INFO - Executing <Task(BashOperator): storing> on 2023-03-28 10:31:45.509479+00:00
[2023-03-28 10:31:48,704] {standard_task_runner.py:52} INFO - Started process 2581 to run task
[2023-03-28 10:31:48,709] {standard_task_runner.py:79} INFO - Running: ['***', 'tasks', 'run', 'defence_dag2', 'storing', 'manual__2023-03-28T10:31:45.509479+00:00', '--job-id', '4350', '--raw', '--subdir', 'DAGS_FOLDER/defese.py', '--cfg-path', '/tmp/tmp7p8paak1', '--error-file', '/tmp/tmpuc15fk4h']
[2023-03-28 10:31:48,710] {standard_task_runner.py:80} INFO - Job 4350: Subtask storing
[2023-03-28 10:31:48,782] {task_command.py:369} INFO - Running <TaskInstance: defence_dag2.storing manual__2023-03-28T10:31:45.509479+00:00 [running]> on host 70f8824ef075
[2023-03-28 10:31:48,927] {taskinstance.py:1571} INFO - Exporting the following env vars:
AIRFLOW_CTX_DAG_OWNER=***
AIRFLOW_CTX_DAG_ID=defence_dag2
AIRFLOW_CTX_TASK_ID=storing
AIRFLOW_CTX_EXECUTION_DATE=2023-03-28T10:31:45.509479+00:00
AIRFLOW_CTX_TRY_NUMBER=1
AIRFLOW_CTX_DAG_RUN_ID=manual__2023-03-28T10:31:45.509479+00:00
[2023-03-28 10:31:48,929] {subprocess.py:62} INFO - Tmp dir root location: 
 /tmp
[2023-03-28 10:31:48,930] {subprocess.py:74} INFO - Running command: ['bash', '-c', 'sleep 1']
[2023-03-28 10:31:48,948] {subprocess.py:85} INFO - Output:
[2023-03-28 10:31:49,952] {subprocess.py:96} INFO - Command exited with return code 0
[2023-03-28 10:31:50,039] {taskinstance.py:1400} INFO - Marking task as SUCCESS. dag_id=defence_dag2, task_id=storing, execution_date=20230328T103145, start_date=20230328T103148, end_date=20230328T103150
[2023-03-28 10:31:50,093] {local_task_job.py:156} INFO - Task exited with return code 0
[2023-03-28 10:31:50,156] {local_task_job.py:273} INFO - 1 downstream tasks scheduled from follow-on schedule check
