[2023-04-18 17:52:47,914] {taskinstance.py:1159} INFO - Dependencies all met for <TaskInstance: multi_attack_dag.attack_BasicIterativeMethod manual__2023-04-18T17:47:23.292178+00:00 [queued]>
[2023-04-18 17:52:47,937] {taskinstance.py:1159} INFO - Dependencies all met for <TaskInstance: multi_attack_dag.attack_BasicIterativeMethod manual__2023-04-18T17:47:23.292178+00:00 [queued]>
[2023-04-18 17:52:47,938] {taskinstance.py:1356} INFO - 
--------------------------------------------------------------------------------
[2023-04-18 17:52:47,939] {taskinstance.py:1357} INFO - Starting attempt 2 of 2
[2023-04-18 17:52:47,940] {taskinstance.py:1358} INFO - 
--------------------------------------------------------------------------------
[2023-04-18 17:52:47,965] {taskinstance.py:1377} INFO - Executing <Task(PythonOperator): attack_BasicIterativeMethod> on 2023-04-18 17:47:23.292178+00:00
[2023-04-18 17:52:47,974] {standard_task_runner.py:52} INFO - Started process 10554 to run task
[2023-04-18 17:52:47,983] {standard_task_runner.py:79} INFO - Running: ['***', 'tasks', 'run', 'multi_attack_dag', 'attack_BasicIterativeMethod', 'manual__2023-04-18T17:47:23.292178+00:00', '--job-id', '5815', '--raw', '--subdir', 'DAGS_FOLDER/attack_dag.py', '--cfg-path', '/tmp/tmp8izfvprz', '--error-file', '/tmp/tmp7e847i8t']
[2023-04-18 17:52:47,986] {standard_task_runner.py:80} INFO - Job 5815: Subtask attack_BasicIterativeMethod
[2023-04-18 17:52:48,087] {task_command.py:369} INFO - Running <TaskInstance: multi_attack_dag.attack_BasicIterativeMethod manual__2023-04-18T17:47:23.292178+00:00 [running]> on host a3dd7d962104
[2023-04-18 17:52:48,220] {taskinstance.py:1571} INFO - Exporting the following env vars:
AIRFLOW_CTX_DAG_OWNER=***
AIRFLOW_CTX_DAG_ID=multi_attack_dag
AIRFLOW_CTX_TASK_ID=attack_BasicIterativeMethod
AIRFLOW_CTX_EXECUTION_DATE=2023-04-18T17:47:23.292178+00:00
AIRFLOW_CTX_TRY_NUMBER=2
AIRFLOW_CTX_DAG_RUN_ID=manual__2023-04-18T17:47:23.292178+00:00
[2023-04-18 17:52:48,250] {transport.py:157} INFO - Attempting refresh to obtain initial access_token
[2023-04-18 17:52:48,255] {client.py:777} INFO - Refreshing access_token
[2023-04-18 17:52:48,954] {transport.py:157} INFO - Attempting refresh to obtain initial access_token
[2023-04-18 17:52:48,956] {client.py:777} INFO - Refreshing access_token
[2023-04-18 17:52:49,626] {taskinstance.py:1889} ERROR - Task failed with exception
Traceback (most recent call last):
  File "/home/airflow/.local/lib/python3.7/site-packages/airflow/operators/python.py", line 171, in execute
    return_value = self.execute_callable()
  File "/home/airflow/.local/lib/python3.7/site-packages/airflow/operators/python.py", line 189, in execute_callable
    return self.python_callable(*self.op_args, **self.op_kwargs)
  File "/opt/airflow/dags/attack_dag.py", line 131, in attack_BasicIterativeMethod
    model_acc, adversarial_examples  = attack(BasicIterativeMethod)
  File "/opt/airflow/dags/attack_dag.py", line 163, in attack
    estimator = get_estimator()
  File "/opt/airflow/dags/attack_dag.py", line 69, in get_estimator
    model = load_from_bucket("ML_model.pickle")
  File "/opt/airflow/dags/helpers.py", line 120, in load_from_bucket
    raise err
  File "/opt/airflow/dags/helpers.py", line 117, in load_from_bucket
    loaded_obj = cloudpickle.load(f)
AttributeError: Can't get attribute 'NeuralNetworkClassificationModel' on <module '__main__' from '/home/***/.local/bin/***'>
[2023-04-18 17:52:49,643] {taskinstance.py:1400} INFO - Marking task as FAILED. dag_id=multi_attack_dag, task_id=attack_BasicIterativeMethod, execution_date=20230418T174723, start_date=20230418T175247, end_date=20230418T175249
[2023-04-18 17:52:49,659] {standard_task_runner.py:97} ERROR - Failed to execute job 5815 for task attack_BasicIterativeMethod (Can't get attribute 'NeuralNetworkClassificationModel' on <module '__main__' from '/home/***/.local/bin/***'>; 10554)
[2023-04-18 17:52:49,681] {local_task_job.py:156} INFO - Task exited with return code 1
[2023-04-18 17:52:49,728] {local_task_job.py:273} INFO - 0 downstream tasks scheduled from follow-on schedule check
