[2023-04-27 12:45:57,479] {taskinstance.py:1159} INFO - Dependencies all met for <TaskInstance: multi_defence_dag.to_defence3 manual__2023-04-27T12:44:43.915832+00:00 [queued]>
[2023-04-27 12:45:57,690] {taskinstance.py:1159} INFO - Dependencies all met for <TaskInstance: multi_defence_dag.to_defence3 manual__2023-04-27T12:44:43.915832+00:00 [queued]>
[2023-04-27 12:45:57,692] {taskinstance.py:1356} INFO - 
--------------------------------------------------------------------------------
[2023-04-27 12:45:57,694] {taskinstance.py:1357} INFO - Starting attempt 1 of 2
[2023-04-27 12:45:57,702] {taskinstance.py:1358} INFO - 
--------------------------------------------------------------------------------
[2023-04-27 12:45:58,328] {taskinstance.py:1377} INFO - Executing <Task(BranchPythonOperator): to_defence3> on 2023-04-27 12:44:43.915832+00:00
[2023-04-27 12:45:58,567] {standard_task_runner.py:52} INFO - Started process 218 to run task
[2023-04-27 12:45:58,757] {standard_task_runner.py:79} INFO - Running: ['***', 'tasks', 'run', 'multi_defence_dag', 'to_defence3', 'manual__2023-04-27T12:44:43.915832+00:00', '--job-id', '6862', '--raw', '--subdir', 'DAGS_FOLDER/defence_dag.py', '--cfg-path', '/tmp/tmp1owiae4i', '--error-file', '/tmp/tmpvuoyghh3']
[2023-04-27 12:45:58,812] {standard_task_runner.py:80} INFO - Job 6862: Subtask to_defence3
[2023-04-27 12:45:59,890] {task_command.py:369} INFO - Running <TaskInstance: multi_defence_dag.to_defence3 manual__2023-04-27T12:44:43.915832+00:00 [running]> on host e7e31d5a6603
[2023-04-27 12:46:01,531] {taskinstance.py:1571} INFO - Exporting the following env vars:
AIRFLOW_CTX_DAG_OWNER=***
AIRFLOW_CTX_DAG_ID=multi_defence_dag
AIRFLOW_CTX_TASK_ID=to_defence3
AIRFLOW_CTX_EXECUTION_DATE=2023-04-27T12:44:43.915832+00:00
AIRFLOW_CTX_TRY_NUMBER=1
AIRFLOW_CTX_DAG_RUN_ID=manual__2023-04-27T12:44:43.915832+00:00
[2023-04-27 12:46:01,736] {python.py:173} INFO - Done. Returned value was: Defence3
[2023-04-27 12:46:01,741] {skipmixin.py:140} INFO - Following branch Defence3
[2023-04-27 12:46:01,748] {skipmixin.py:175} INFO - Skipping tasks ['default']
[2023-04-27 12:46:02,999] {taskinstance.py:1400} INFO - Marking task as SUCCESS. dag_id=multi_defence_dag, task_id=to_defence3, execution_date=20230427T124443, start_date=20230427T124557, end_date=20230427T124602
[2023-04-27 12:46:03,271] {local_task_job.py:156} INFO - Task exited with return code 0
[2023-04-27 12:46:04,973] {local_task_job.py:273} INFO - 1 downstream tasks scheduled from follow-on schedule check
