[2023-03-23 11:43:31,678] {taskinstance.py:1159} INFO - Dependencies all met for <TaskInstance: defence_dag2.storing manual__2023-03-23T11:43:30.919666+00:00 [queued]>
[2023-03-23 11:43:31,685] {taskinstance.py:1159} INFO - Dependencies all met for <TaskInstance: defence_dag2.storing manual__2023-03-23T11:43:30.919666+00:00 [queued]>
[2023-03-23 11:43:31,686] {taskinstance.py:1356} INFO - 
--------------------------------------------------------------------------------
[2023-03-23 11:43:31,686] {taskinstance.py:1357} INFO - Starting attempt 1 of 1
[2023-03-23 11:43:31,687] {taskinstance.py:1358} INFO - 
--------------------------------------------------------------------------------
[2023-03-23 11:43:31,699] {taskinstance.py:1377} INFO - Executing <Task(BashOperator): storing> on 2023-03-23 11:43:30.919666+00:00
[2023-03-23 11:43:31,704] {standard_task_runner.py:52} INFO - Started process 2781 to run task
[2023-03-23 11:43:31,706] {standard_task_runner.py:79} INFO - Running: ['***', 'tasks', 'run', 'defence_dag2', 'storing', 'manual__2023-03-23T11:43:30.919666+00:00', '--job-id', '2656', '--raw', '--subdir', 'DAGS_FOLDER/defese.py', '--cfg-path', '/tmp/tmpryewbp32', '--error-file', '/tmp/tmpr5zfikx5']
[2023-03-23 11:43:31,707] {standard_task_runner.py:80} INFO - Job 2656: Subtask storing
[2023-03-23 11:43:31,757] {task_command.py:369} INFO - Running <TaskInstance: defence_dag2.storing manual__2023-03-23T11:43:30.919666+00:00 [running]> on host 6447f1dacd32
[2023-03-23 11:43:31,824] {taskinstance.py:1571} INFO - Exporting the following env vars:
AIRFLOW_CTX_DAG_OWNER=***
AIRFLOW_CTX_DAG_ID=defence_dag2
AIRFLOW_CTX_TASK_ID=storing
AIRFLOW_CTX_EXECUTION_DATE=2023-03-23T11:43:30.919666+00:00
AIRFLOW_CTX_TRY_NUMBER=1
AIRFLOW_CTX_DAG_RUN_ID=manual__2023-03-23T11:43:30.919666+00:00
[2023-03-23 11:43:31,825] {subprocess.py:62} INFO - Tmp dir root location: 
 /tmp
[2023-03-23 11:43:31,826] {subprocess.py:74} INFO - Running command: ['bash', '-c', 'sleep 1']
[2023-03-23 11:43:31,834] {subprocess.py:85} INFO - Output:
[2023-03-23 11:43:32,837] {subprocess.py:96} INFO - Command exited with return code 0
[2023-03-23 11:43:32,881] {taskinstance.py:1400} INFO - Marking task as SUCCESS. dag_id=defence_dag2, task_id=storing, execution_date=20230323T114330, start_date=20230323T114331, end_date=20230323T114332
[2023-03-23 11:43:32,928] {local_task_job.py:156} INFO - Task exited with return code 0
[2023-03-23 11:43:32,975] {local_task_job.py:273} INFO - 1 downstream tasks scheduled from follow-on schedule check
