[2023-03-28 12:09:26,160] {taskinstance.py:1159} INFO - Dependencies all met for <TaskInstance: defence_dag2.defence1 manual__2023-03-28T12:09:20.101458+00:00 [queued]>
[2023-03-28 12:09:26,170] {taskinstance.py:1159} INFO - Dependencies all met for <TaskInstance: defence_dag2.defence1 manual__2023-03-28T12:09:20.101458+00:00 [queued]>
[2023-03-28 12:09:26,171] {taskinstance.py:1356} INFO - 
--------------------------------------------------------------------------------
[2023-03-28 12:09:26,172] {taskinstance.py:1357} INFO - Starting attempt 1 of 1
[2023-03-28 12:09:26,173] {taskinstance.py:1358} INFO - 
--------------------------------------------------------------------------------
[2023-03-28 12:09:26,191] {taskinstance.py:1377} INFO - Executing <Task(PythonOperator): defence1> on 2023-03-28 12:09:20.101458+00:00
[2023-03-28 12:09:26,200] {standard_task_runner.py:52} INFO - Started process 2065 to run task
[2023-03-28 12:09:26,203] {standard_task_runner.py:79} INFO - Running: ['***', 'tasks', 'run', 'defence_dag2', 'defence1', 'manual__2023-03-28T12:09:20.101458+00:00', '--job-id', '4552', '--raw', '--subdir', 'DAGS_FOLDER/defese.py', '--cfg-path', '/tmp/tmp90w7014s', '--error-file', '/tmp/tmpek48j762']
[2023-03-28 12:09:26,205] {standard_task_runner.py:80} INFO - Job 4552: Subtask defence1
[2023-03-28 12:09:26,269] {task_command.py:369} INFO - Running <TaskInstance: defence_dag2.defence1 manual__2023-03-28T12:09:20.101458+00:00 [running]> on host ff3d40af78f9
[2023-03-28 12:09:26,362] {taskinstance.py:1571} INFO - Exporting the following env vars:
AIRFLOW_CTX_DAG_OWNER=***
AIRFLOW_CTX_DAG_ID=defence_dag2
AIRFLOW_CTX_TASK_ID=defence1
AIRFLOW_CTX_EXECUTION_DATE=2023-03-28T12:09:20.101458+00:00
AIRFLOW_CTX_TRY_NUMBER=1
AIRFLOW_CTX_DAG_RUN_ID=manual__2023-03-28T12:09:20.101458+00:00
[2023-03-28 12:09:26,379] {logging_mixin.py:115} INFO - defensing
[2023-03-28 12:09:26,380] {python.py:173} INFO - Done. Returned value was: None
[2023-03-28 12:09:26,395] {taskinstance.py:1400} INFO - Marking task as SUCCESS. dag_id=defence_dag2, task_id=defence1, execution_date=20230328T120920, start_date=20230328T120926, end_date=20230328T120926
[2023-03-28 12:09:26,457] {local_task_job.py:156} INFO - Task exited with return code 0
[2023-03-28 12:09:26,505] {local_task_job.py:273} INFO - 1 downstream tasks scheduled from follow-on schedule check
