[2023-03-28 12:11:56,816] {taskinstance.py:1159} INFO - Dependencies all met for <TaskInstance: attack_dag2.attack manual__2023-03-28T12:11:53.298861+00:00 [queued]>
[2023-03-28 12:11:56,828] {taskinstance.py:1159} INFO - Dependencies all met for <TaskInstance: attack_dag2.attack manual__2023-03-28T12:11:53.298861+00:00 [queued]>
[2023-03-28 12:11:56,828] {taskinstance.py:1356} INFO - 
--------------------------------------------------------------------------------
[2023-03-28 12:11:56,829] {taskinstance.py:1357} INFO - Starting attempt 1 of 1
[2023-03-28 12:11:56,829] {taskinstance.py:1358} INFO - 
--------------------------------------------------------------------------------
[2023-03-28 12:11:56,845] {taskinstance.py:1377} INFO - Executing <Task(PythonOperator): attack> on 2023-03-28 12:11:53.298861+00:00
[2023-03-28 12:11:56,854] {standard_task_runner.py:52} INFO - Started process 2210 to run task
[2023-03-28 12:11:56,859] {standard_task_runner.py:79} INFO - Running: ['***', 'tasks', 'run', 'attack_dag2', 'attack', 'manual__2023-03-28T12:11:53.298861+00:00', '--job-id', '4560', '--raw', '--subdir', 'DAGS_FOLDER/attack.py', '--cfg-path', '/tmp/tmpkda1d4fd', '--error-file', '/tmp/tmpswanp33l']
[2023-03-28 12:11:56,860] {standard_task_runner.py:80} INFO - Job 4560: Subtask attack
[2023-03-28 12:11:56,927] {task_command.py:369} INFO - Running <TaskInstance: attack_dag2.attack manual__2023-03-28T12:11:53.298861+00:00 [running]> on host ff3d40af78f9
[2023-03-28 12:11:57,019] {taskinstance.py:1571} INFO - Exporting the following env vars:
AIRFLOW_CTX_DAG_OWNER=***
AIRFLOW_CTX_DAG_ID=attack_dag2
AIRFLOW_CTX_TASK_ID=attack
AIRFLOW_CTX_EXECUTION_DATE=2023-03-28T12:11:53.298861+00:00
AIRFLOW_CTX_TRY_NUMBER=1
AIRFLOW_CTX_DAG_RUN_ID=manual__2023-03-28T12:11:53.298861+00:00
[2023-03-28 12:11:57,023] {transport.py:157} INFO - Attempting refresh to obtain initial access_token
[2023-03-28 12:11:57,026] {client.py:777} INFO - Refreshing access_token
[2023-03-28 12:11:57,662] {taskinstance.py:1889} ERROR - Task failed with exception
Traceback (most recent call last):
  File "/home/airflow/.local/lib/python3.7/site-packages/airflow/operators/python.py", line 171, in execute
    return_value = self.execute_callable()
  File "/home/airflow/.local/lib/python3.7/site-packages/airflow/operators/python.py", line 189, in execute_callable
    return self.python_callable(*self.op_args, **self.op_kwargs)
  File "/opt/airflow/dags/attack.py", line 18, in attack_A
    counter = load_from_bucket('counter.pickle')
  File "/opt/airflow/dags/helpers.py", line 45, in load_from_bucket
    raise err
  File "/opt/airflow/dags/helpers.py", line 40, in load_from_bucket
    blob.download_to_filename(file_name)
  File "/home/airflow/.local/lib/python3.7/site-packages/gcloud/storage/blob.py", line 369, in download_to_filename
    client=client)
  File "/home/airflow/.local/lib/python3.7/site-packages/gcloud/storage/blob.py", line 327, in download_to_file
    self.reload()
  File "/home/airflow/.local/lib/python3.7/site-packages/gcloud/storage/_helpers.py", line 77, in reload
    _target_object=self)
  File "/home/airflow/.local/lib/python3.7/site-packages/gcloud/connection.py", line 347, in api_request
    error_info=method + ' ' + url)
gcloud.exceptions.NotFound: 404 No such object: mabdata207125196/counter.pickle (GET https://www.googleapis.com/storage/v1/b/mabdata207125196/o/counter.pickle?projection=noAcl)
[2023-03-28 12:11:57,675] {taskinstance.py:1400} INFO - Marking task as FAILED. dag_id=attack_dag2, task_id=attack, execution_date=20230328T121153, start_date=20230328T121156, end_date=20230328T121157
[2023-03-28 12:11:57,688] {standard_task_runner.py:97} ERROR - Failed to execute job 4560 for task attack (404 No such object: mabdata207125196/counter.pickle (GET https://www.googleapis.com/storage/v1/b/mabdata207125196/o/counter.pickle?projection=noAcl); 2210)
[2023-03-28 12:11:57,714] {local_task_job.py:156} INFO - Task exited with return code 1
[2023-03-28 12:11:57,763] {local_task_job.py:273} INFO - 0 downstream tasks scheduled from follow-on schedule check
