[2023-04-27 08:19:45,929] {taskinstance.py:1159} INFO - Dependencies all met for <TaskInstance: multi_defence_dag.Defence3 scheduled__2023-04-23T00:00:00+00:00 [queued]>
[2023-04-27 08:19:46,169] {taskinstance.py:1159} INFO - Dependencies all met for <TaskInstance: multi_defence_dag.Defence3 scheduled__2023-04-23T00:00:00+00:00 [queued]>
[2023-04-27 08:19:46,170] {taskinstance.py:1356} INFO - 
--------------------------------------------------------------------------------
[2023-04-27 08:19:46,170] {taskinstance.py:1357} INFO - Starting attempt 1 of 2
[2023-04-27 08:19:46,172] {taskinstance.py:1358} INFO - 
--------------------------------------------------------------------------------
[2023-04-27 08:19:46,330] {taskinstance.py:1377} INFO - Executing <Task(PythonOperator): Defence3> on 2023-04-23 00:00:00+00:00
[2023-04-27 08:19:46,342] {standard_task_runner.py:52} INFO - Started process 206 to run task
[2023-04-27 08:19:46,397] {standard_task_runner.py:79} INFO - Running: ['***', 'tasks', 'run', 'multi_defence_dag', 'Defence3', 'scheduled__2023-04-23T00:00:00+00:00', '--job-id', '6307', '--raw', '--subdir', 'DAGS_FOLDER/defence_dag.py', '--cfg-path', '/tmp/tmp4ae44iq3', '--error-file', '/tmp/tmpxqenk0r1']
[2023-04-27 08:19:46,408] {standard_task_runner.py:80} INFO - Job 6307: Subtask Defence3
[2023-04-27 08:19:46,734] {task_command.py:369} INFO - Running <TaskInstance: multi_defence_dag.Defence3 scheduled__2023-04-23T00:00:00+00:00 [running]> on host e7e31d5a6603
[2023-04-27 08:19:47,528] {taskinstance.py:1571} INFO - Exporting the following env vars:
AIRFLOW_CTX_DAG_OWNER=***
AIRFLOW_CTX_DAG_ID=multi_defence_dag
AIRFLOW_CTX_TASK_ID=Defence3
AIRFLOW_CTX_EXECUTION_DATE=2023-04-23T00:00:00+00:00
AIRFLOW_CTX_TRY_NUMBER=1
AIRFLOW_CTX_DAG_RUN_ID=scheduled__2023-04-23T00:00:00+00:00
[2023-04-27 08:19:47,636] {python.py:173} INFO - Done. Returned value was: None
[2023-04-27 08:19:47,701] {taskinstance.py:1400} INFO - Marking task as SUCCESS. dag_id=multi_defence_dag, task_id=Defence3, execution_date=20230423T000000, start_date=20230427T081945, end_date=20230427T081947
[2023-04-27 08:19:47,883] {local_task_job.py:156} INFO - Task exited with return code 0
[2023-04-27 08:19:48,020] {local_task_job.py:273} INFO - 0 downstream tasks scheduled from follow-on schedule check
