[2023-04-23 09:20:01,355] {taskinstance.py:1159} INFO - Dependencies all met for <TaskInstance: multi_defence_dag.Defence2 manual__2023-04-23T09:19:38.287675+00:00 [queued]>
[2023-04-23 09:20:01,386] {taskinstance.py:1159} INFO - Dependencies all met for <TaskInstance: multi_defence_dag.Defence2 manual__2023-04-23T09:19:38.287675+00:00 [queued]>
[2023-04-23 09:20:01,387] {taskinstance.py:1356} INFO - 
--------------------------------------------------------------------------------
[2023-04-23 09:20:01,388] {taskinstance.py:1357} INFO - Starting attempt 1 of 2
[2023-04-23 09:20:01,389] {taskinstance.py:1358} INFO - 
--------------------------------------------------------------------------------
[2023-04-23 09:20:01,426] {taskinstance.py:1377} INFO - Executing <Task(PythonOperator): Defence2> on 2023-04-23 09:19:38.287675+00:00
[2023-04-23 09:20:01,437] {standard_task_runner.py:52} INFO - Started process 234 to run task
[2023-04-23 09:20:01,444] {standard_task_runner.py:79} INFO - Running: ['***', 'tasks', 'run', 'multi_defence_dag', 'Defence2', 'manual__2023-04-23T09:19:38.287675+00:00', '--job-id', '6028', '--raw', '--subdir', 'DAGS_FOLDER/defence_dag.py', '--cfg-path', '/tmp/tmp4ueap6uj', '--error-file', '/tmp/tmpg51ybp6l']
[2023-04-23 09:20:01,451] {standard_task_runner.py:80} INFO - Job 6028: Subtask Defence2
[2023-04-23 09:20:01,640] {task_command.py:369} INFO - Running <TaskInstance: multi_defence_dag.Defence2 manual__2023-04-23T09:19:38.287675+00:00 [running]> on host a3dd7d962104
[2023-04-23 09:20:01,800] {taskinstance.py:1571} INFO - Exporting the following env vars:
AIRFLOW_CTX_DAG_OWNER=***
AIRFLOW_CTX_DAG_ID=multi_defence_dag
AIRFLOW_CTX_TASK_ID=Defence2
AIRFLOW_CTX_EXECUTION_DATE=2023-04-23T09:19:38.287675+00:00
AIRFLOW_CTX_TRY_NUMBER=1
AIRFLOW_CTX_DAG_RUN_ID=manual__2023-04-23T09:19:38.287675+00:00
[2023-04-23 09:20:01,846] {python.py:173} INFO - Done. Returned value was: None
[2023-04-23 09:20:01,874] {taskinstance.py:1400} INFO - Marking task as SUCCESS. dag_id=multi_defence_dag, task_id=Defence2, execution_date=20230423T091938, start_date=20230423T092001, end_date=20230423T092001
[2023-04-23 09:20:01,947] {local_task_job.py:156} INFO - Task exited with return code 0
[2023-04-23 09:20:02,030] {local_task_job.py:273} INFO - 0 downstream tasks scheduled from follow-on schedule check
