[2023-04-27 10:32:09,910] {taskinstance.py:1159} INFO - Dependencies all met for <TaskInstance: multi_attack_dag.to_attack_ZooAttack manual__2023-04-27T10:30:40.186391+00:00 [queued]>
[2023-04-27 10:32:10,047] {taskinstance.py:1159} INFO - Dependencies all met for <TaskInstance: multi_attack_dag.to_attack_ZooAttack manual__2023-04-27T10:30:40.186391+00:00 [queued]>
[2023-04-27 10:32:10,058] {taskinstance.py:1356} INFO - 
--------------------------------------------------------------------------------
[2023-04-27 10:32:10,063] {taskinstance.py:1357} INFO - Starting attempt 1 of 2
[2023-04-27 10:32:10,064] {taskinstance.py:1358} INFO - 
--------------------------------------------------------------------------------
[2023-04-27 10:32:10,162] {taskinstance.py:1377} INFO - Executing <Task(BranchPythonOperator): to_attack_ZooAttack> on 2023-04-27 10:30:40.186391+00:00
[2023-04-27 10:32:10,197] {standard_task_runner.py:52} INFO - Started process 5383 to run task
[2023-04-27 10:32:10,256] {standard_task_runner.py:79} INFO - Running: ['***', 'tasks', 'run', 'multi_attack_dag', 'to_attack_ZooAttack', 'manual__2023-04-27T10:30:40.186391+00:00', '--job-id', '6616', '--raw', '--subdir', 'DAGS_FOLDER/attack_dag.py', '--cfg-path', '/tmp/tmpia8q96wx', '--error-file', '/tmp/tmp0ay_zv5a']
[2023-04-27 10:32:10,299] {standard_task_runner.py:80} INFO - Job 6616: Subtask to_attack_ZooAttack
[2023-04-27 10:32:11,062] {task_command.py:369} INFO - Running <TaskInstance: multi_attack_dag.to_attack_ZooAttack manual__2023-04-27T10:30:40.186391+00:00 [running]> on host e7e31d5a6603
[2023-04-27 10:32:12,033] {taskinstance.py:1571} INFO - Exporting the following env vars:
AIRFLOW_CTX_DAG_OWNER=***
AIRFLOW_CTX_DAG_ID=multi_attack_dag
AIRFLOW_CTX_TASK_ID=to_attack_ZooAttack
AIRFLOW_CTX_EXECUTION_DATE=2023-04-27T10:30:40.186391+00:00
AIRFLOW_CTX_TRY_NUMBER=1
AIRFLOW_CTX_DAG_RUN_ID=manual__2023-04-27T10:30:40.186391+00:00
[2023-04-27 10:32:12,173] {python.py:173} INFO - Done. Returned value was: attack_ZooAttack
[2023-04-27 10:32:12,180] {skipmixin.py:140} INFO - Following branch attack_ZooAttack
[2023-04-27 10:32:12,189] {skipmixin.py:175} INFO - Skipping tasks ['default']
[2023-04-27 10:32:12,942] {taskinstance.py:1400} INFO - Marking task as SUCCESS. dag_id=multi_attack_dag, task_id=to_attack_ZooAttack, execution_date=20230427T103040, start_date=20230427T103209, end_date=20230427T103212
[2023-04-27 10:32:13,050] {local_task_job.py:156} INFO - Task exited with return code 0
[2023-04-27 10:32:13,916] {local_task_job.py:273} INFO - 1 downstream tasks scheduled from follow-on schedule check
