[2023-04-09 08:22:50,062] {taskinstance.py:1159} INFO - Dependencies all met for <TaskInstance: multi_defence_dag.to_defend scheduled__2023-04-08T00:00:00+00:00 [queued]>
[2023-04-09 08:22:50,093] {taskinstance.py:1159} INFO - Dependencies all met for <TaskInstance: multi_defence_dag.to_defend scheduled__2023-04-08T00:00:00+00:00 [queued]>
[2023-04-09 08:22:50,097] {taskinstance.py:1356} INFO - 
--------------------------------------------------------------------------------
[2023-04-09 08:22:50,101] {taskinstance.py:1357} INFO - Starting attempt 1 of 2
[2023-04-09 08:22:50,104] {taskinstance.py:1358} INFO - 
--------------------------------------------------------------------------------
[2023-04-09 08:22:50,142] {taskinstance.py:1377} INFO - Executing <Task(BranchPythonOperator): to_defend> on 2023-04-08 00:00:00+00:00
[2023-04-09 08:22:50,159] {standard_task_runner.py:52} INFO - Started process 4221 to run task
[2023-04-09 08:22:50,176] {standard_task_runner.py:79} INFO - Running: ['***', 'tasks', 'run', 'multi_defence_dag', 'to_defend', 'scheduled__2023-04-08T00:00:00+00:00', '--job-id', '4785', '--raw', '--subdir', 'DAGS_FOLDER/defence_dag.py', '--cfg-path', '/tmp/tmpd9t3p11f', '--error-file', '/tmp/tmp1pbr3a_f']
[2023-04-09 08:22:50,179] {standard_task_runner.py:80} INFO - Job 4785: Subtask to_defend
[2023-04-09 08:22:50,330] {task_command.py:369} INFO - Running <TaskInstance: multi_defence_dag.to_defend scheduled__2023-04-08T00:00:00+00:00 [running]> on host ff3d40af78f9
[2023-04-09 08:22:50,656] {taskinstance.py:1571} INFO - Exporting the following env vars:
AIRFLOW_CTX_DAG_OWNER=***
AIRFLOW_CTX_DAG_ID=multi_defence_dag
AIRFLOW_CTX_TASK_ID=to_defend
AIRFLOW_CTX_EXECUTION_DATE=2023-04-08T00:00:00+00:00
AIRFLOW_CTX_TRY_NUMBER=1
AIRFLOW_CTX_DAG_RUN_ID=scheduled__2023-04-08T00:00:00+00:00
[2023-04-09 08:22:50,660] {transport.py:157} INFO - Attempting refresh to obtain initial access_token
[2023-04-09 08:22:50,670] {client.py:777} INFO - Refreshing access_token
[2023-04-09 08:22:51,380] {python.py:173} INFO - Done. Returned value was: trigger_offence
[2023-04-09 08:22:51,381] {skipmixin.py:140} INFO - Following branch trigger_offence
[2023-04-09 08:22:51,383] {skipmixin.py:175} INFO - Skipping tasks ['stop']
[2023-04-09 08:22:51,617] {taskinstance.py:1400} INFO - Marking task as SUCCESS. dag_id=multi_defence_dag, task_id=to_defend, execution_date=20230408T000000, start_date=20230409T082250, end_date=20230409T082251
[2023-04-09 08:22:51,701] {local_task_job.py:156} INFO - Task exited with return code 0
[2023-04-09 08:22:51,811] {local_task_job.py:273} INFO - 1 downstream tasks scheduled from follow-on schedule check
