[2023-04-30 08:32:10,878] {taskinstance.py:1159} INFO - Dependencies all met for <TaskInstance: multi_defence_dag.to_defence2 manual__2023-04-30T08:32:02.020681+00:00 [queued]>
[2023-04-30 08:32:10,891] {taskinstance.py:1159} INFO - Dependencies all met for <TaskInstance: multi_defence_dag.to_defence2 manual__2023-04-30T08:32:02.020681+00:00 [queued]>
[2023-04-30 08:32:10,892] {taskinstance.py:1356} INFO - 
--------------------------------------------------------------------------------
[2023-04-30 08:32:10,892] {taskinstance.py:1357} INFO - Starting attempt 1 of 2
[2023-04-30 08:32:10,893] {taskinstance.py:1358} INFO - 
--------------------------------------------------------------------------------
[2023-04-30 08:32:10,911] {taskinstance.py:1377} INFO - Executing <Task(BranchPythonOperator): to_defence2> on 2023-04-30 08:32:02.020681+00:00
[2023-04-30 08:32:10,920] {standard_task_runner.py:52} INFO - Started process 2169 to run task
[2023-04-30 08:32:10,925] {standard_task_runner.py:79} INFO - Running: ['***', 'tasks', 'run', 'multi_defence_dag', 'to_defence2', 'manual__2023-04-30T08:32:02.020681+00:00', '--job-id', '7191', '--raw', '--subdir', 'DAGS_FOLDER/defence_dag.py', '--cfg-path', '/tmp/tmp7onqjxl_', '--error-file', '/tmp/tmpk0hpnvel']
[2023-04-30 08:32:10,927] {standard_task_runner.py:80} INFO - Job 7191: Subtask to_defence2
[2023-04-30 08:32:11,005] {task_command.py:369} INFO - Running <TaskInstance: multi_defence_dag.to_defence2 manual__2023-04-30T08:32:02.020681+00:00 [running]> on host e7e31d5a6603
[2023-04-30 08:32:11,109] {taskinstance.py:1571} INFO - Exporting the following env vars:
AIRFLOW_CTX_DAG_OWNER=***
AIRFLOW_CTX_DAG_ID=multi_defence_dag
AIRFLOW_CTX_TASK_ID=to_defence2
AIRFLOW_CTX_EXECUTION_DATE=2023-04-30T08:32:02.020681+00:00
AIRFLOW_CTX_TRY_NUMBER=1
AIRFLOW_CTX_DAG_RUN_ID=manual__2023-04-30T08:32:02.020681+00:00
[2023-04-30 08:32:11,126] {python.py:173} INFO - Done. Returned value was: Defence2
[2023-04-30 08:32:11,127] {skipmixin.py:140} INFO - Following branch Defence2
[2023-04-30 08:32:11,128] {skipmixin.py:175} INFO - Skipping tasks ['default']
[2023-04-30 08:32:11,197] {taskinstance.py:1400} INFO - Marking task as SUCCESS. dag_id=multi_defence_dag, task_id=to_defence2, execution_date=20230430T083202, start_date=20230430T083210, end_date=20230430T083211
[2023-04-30 08:32:11,258] {local_task_job.py:156} INFO - Task exited with return code 0
[2023-04-30 08:32:11,318] {local_task_job.py:273} INFO - 1 downstream tasks scheduled from follow-on schedule check
