[2023-04-23 14:00:42,629] {taskinstance.py:1159} INFO - Dependencies all met for <TaskInstance: multi_defence_dag.to_defend manual__2023-04-23T14:00:14.739150+00:00 [queued]>
[2023-04-23 14:00:42,647] {taskinstance.py:1159} INFO - Dependencies all met for <TaskInstance: multi_defence_dag.to_defend manual__2023-04-23T14:00:14.739150+00:00 [queued]>
[2023-04-23 14:00:42,648] {taskinstance.py:1356} INFO - 
--------------------------------------------------------------------------------
[2023-04-23 14:00:42,650] {taskinstance.py:1357} INFO - Starting attempt 1 of 2
[2023-04-23 14:00:42,650] {taskinstance.py:1358} INFO - 
--------------------------------------------------------------------------------
[2023-04-23 14:00:42,674] {taskinstance.py:1377} INFO - Executing <Task(BranchPythonOperator): to_defend> on 2023-04-23 14:00:14.739150+00:00
[2023-04-23 14:00:42,686] {standard_task_runner.py:52} INFO - Started process 1417 to run task
[2023-04-23 14:00:42,692] {standard_task_runner.py:79} INFO - Running: ['***', 'tasks', 'run', 'multi_defence_dag', 'to_defend', 'manual__2023-04-23T14:00:14.739150+00:00', '--job-id', '6278', '--raw', '--subdir', 'DAGS_FOLDER/defence_dag.py', '--cfg-path', '/tmp/tmpbqxzy55v', '--error-file', '/tmp/tmppp8law76']
[2023-04-23 14:00:42,694] {standard_task_runner.py:80} INFO - Job 6278: Subtask to_defend
[2023-04-23 14:00:42,777] {task_command.py:369} INFO - Running <TaskInstance: multi_defence_dag.to_defend manual__2023-04-23T14:00:14.739150+00:00 [running]> on host e7e31d5a6603
[2023-04-23 14:00:42,929] {taskinstance.py:1571} INFO - Exporting the following env vars:
AIRFLOW_CTX_DAG_OWNER=***
AIRFLOW_CTX_DAG_ID=multi_defence_dag
AIRFLOW_CTX_TASK_ID=to_defend
AIRFLOW_CTX_EXECUTION_DATE=2023-04-23T14:00:14.739150+00:00
AIRFLOW_CTX_TRY_NUMBER=1
AIRFLOW_CTX_DAG_RUN_ID=manual__2023-04-23T14:00:14.739150+00:00
[2023-04-23 14:00:42,933] {transport.py:157} INFO - Attempting refresh to obtain initial access_token
[2023-04-23 14:00:42,940] {client.py:777} INFO - Refreshing access_token
[2023-04-23 14:00:44,181] {python.py:173} INFO - Done. Returned value was: stop
[2023-04-23 14:00:44,181] {skipmixin.py:140} INFO - Following branch stop
[2023-04-23 14:00:44,182] {skipmixin.py:175} INFO - Skipping tasks ['trigger_offence']
[2023-04-23 14:00:44,252] {taskinstance.py:1400} INFO - Marking task as SUCCESS. dag_id=multi_defence_dag, task_id=to_defend, execution_date=20230423T140014, start_date=20230423T140042, end_date=20230423T140044
[2023-04-23 14:00:44,313] {local_task_job.py:156} INFO - Task exited with return code 0
[2023-04-23 14:00:44,367] {local_task_job.py:273} INFO - 1 downstream tasks scheduled from follow-on schedule check
