[2023-04-30 08:02:47,401] {taskinstance.py:1159} INFO - Dependencies all met for <TaskInstance: multi_defence_dag.to_defence3 manual__2023-04-30T08:02:31.201544+00:00 [queued]>
[2023-04-30 08:02:47,433] {taskinstance.py:1159} INFO - Dependencies all met for <TaskInstance: multi_defence_dag.to_defence3 manual__2023-04-30T08:02:31.201544+00:00 [queued]>
[2023-04-30 08:02:47,436] {taskinstance.py:1356} INFO - 
--------------------------------------------------------------------------------
[2023-04-30 08:02:47,438] {taskinstance.py:1357} INFO - Starting attempt 1 of 2
[2023-04-30 08:02:47,439] {taskinstance.py:1358} INFO - 
--------------------------------------------------------------------------------
[2023-04-30 08:02:47,491] {taskinstance.py:1377} INFO - Executing <Task(BranchPythonOperator): to_defence3> on 2023-04-30 08:02:31.201544+00:00
[2023-04-30 08:02:47,512] {standard_task_runner.py:52} INFO - Started process 499 to run task
[2023-04-30 08:02:47,529] {standard_task_runner.py:79} INFO - Running: ['***', 'tasks', 'run', 'multi_defence_dag', 'to_defence3', 'manual__2023-04-30T08:02:31.201544+00:00', '--job-id', '7088', '--raw', '--subdir', 'DAGS_FOLDER/defence_dag.py', '--cfg-path', '/tmp/tmpn6srhpbo', '--error-file', '/tmp/tmp6jzb48jf']
[2023-04-30 08:02:47,531] {standard_task_runner.py:80} INFO - Job 7088: Subtask to_defence3
[2023-04-30 08:02:47,703] {task_command.py:369} INFO - Running <TaskInstance: multi_defence_dag.to_defence3 manual__2023-04-30T08:02:31.201544+00:00 [running]> on host e7e31d5a6603
[2023-04-30 08:02:47,976] {taskinstance.py:1571} INFO - Exporting the following env vars:
AIRFLOW_CTX_DAG_OWNER=***
AIRFLOW_CTX_DAG_ID=multi_defence_dag
AIRFLOW_CTX_TASK_ID=to_defence3
AIRFLOW_CTX_EXECUTION_DATE=2023-04-30T08:02:31.201544+00:00
AIRFLOW_CTX_TRY_NUMBER=1
AIRFLOW_CTX_DAG_RUN_ID=manual__2023-04-30T08:02:31.201544+00:00
[2023-04-30 08:02:48,042] {python.py:173} INFO - Done. Returned value was: Defence3
[2023-04-30 08:02:48,043] {skipmixin.py:140} INFO - Following branch Defence3
[2023-04-30 08:02:48,044] {skipmixin.py:175} INFO - Skipping tasks ['default']
[2023-04-30 08:02:48,323] {taskinstance.py:1400} INFO - Marking task as SUCCESS. dag_id=multi_defence_dag, task_id=to_defence3, execution_date=20230430T080231, start_date=20230430T080247, end_date=20230430T080248
[2023-04-30 08:02:48,390] {local_task_job.py:156} INFO - Task exited with return code 0
[2023-04-30 08:02:48,549] {local_task_job.py:273} INFO - 1 downstream tasks scheduled from follow-on schedule check
