[2023-04-16 13:24:04,477] {taskinstance.py:1159} INFO - Dependencies all met for <TaskInstance: multi_defence_dag.Defence1 scheduled__2023-04-09T00:00:00+00:00 [queued]>
[2023-04-16 13:24:04,563] {taskinstance.py:1159} INFO - Dependencies all met for <TaskInstance: multi_defence_dag.Defence1 scheduled__2023-04-09T00:00:00+00:00 [queued]>
[2023-04-16 13:24:04,588] {taskinstance.py:1356} INFO - 
--------------------------------------------------------------------------------
[2023-04-16 13:24:04,613] {taskinstance.py:1357} INFO - Starting attempt 1 of 2
[2023-04-16 13:24:04,615] {taskinstance.py:1358} INFO - 
--------------------------------------------------------------------------------
[2023-04-16 13:24:04,734] {taskinstance.py:1377} INFO - Executing <Task(PythonOperator): Defence1> on 2023-04-09 00:00:00+00:00
[2023-04-16 13:24:04,778] {standard_task_runner.py:52} INFO - Started process 198 to run task
[2023-04-16 13:24:04,787] {standard_task_runner.py:79} INFO - Running: ['***', 'tasks', 'run', 'multi_defence_dag', 'Defence1', 'scheduled__2023-04-09T00:00:00+00:00', '--job-id', '5122', '--raw', '--subdir', 'DAGS_FOLDER/defence_dag.py', '--cfg-path', '/tmp/tmpg60umdr9', '--error-file', '/tmp/tmpzn1enlug']
[2023-04-16 13:24:04,834] {standard_task_runner.py:80} INFO - Job 5122: Subtask Defence1
[2023-04-16 13:24:05,286] {task_command.py:369} INFO - Running <TaskInstance: multi_defence_dag.Defence1 scheduled__2023-04-09T00:00:00+00:00 [running]> on host c5458bb8a35c
[2023-04-16 13:24:05,745] {taskinstance.py:1571} INFO - Exporting the following env vars:
AIRFLOW_CTX_DAG_OWNER=***
AIRFLOW_CTX_DAG_ID=multi_defence_dag
AIRFLOW_CTX_TASK_ID=Defence1
AIRFLOW_CTX_EXECUTION_DATE=2023-04-09T00:00:00+00:00
AIRFLOW_CTX_TRY_NUMBER=1
AIRFLOW_CTX_DAG_RUN_ID=scheduled__2023-04-09T00:00:00+00:00
[2023-04-16 13:24:05,826] {python.py:173} INFO - Done. Returned value was: None
[2023-04-16 13:24:05,906] {taskinstance.py:1400} INFO - Marking task as SUCCESS. dag_id=multi_defence_dag, task_id=Defence1, execution_date=20230409T000000, start_date=20230416T132404, end_date=20230416T132405
[2023-04-16 13:24:06,033] {local_task_job.py:156} INFO - Task exited with return code 0
[2023-04-16 13:24:06,207] {local_task_job.py:273} INFO - 1 downstream tasks scheduled from follow-on schedule check
