[2023-04-27 12:51:07,213] {taskinstance.py:1159} INFO - Dependencies all met for <TaskInstance: multi_defence_dag.choose_best manual__2023-04-27T12:49:45.072276+00:00 [queued]>
[2023-04-27 12:51:07,275] {taskinstance.py:1159} INFO - Dependencies all met for <TaskInstance: multi_defence_dag.choose_best manual__2023-04-27T12:49:45.072276+00:00 [queued]>
[2023-04-27 12:51:07,277] {taskinstance.py:1356} INFO - 
--------------------------------------------------------------------------------
[2023-04-27 12:51:07,279] {taskinstance.py:1357} INFO - Starting attempt 1 of 2
[2023-04-27 12:51:07,280] {taskinstance.py:1358} INFO - 
--------------------------------------------------------------------------------
[2023-04-27 12:51:07,374] {taskinstance.py:1377} INFO - Executing <Task(PythonOperator): choose_best> on 2023-04-27 12:49:45.072276+00:00
[2023-04-27 12:51:07,420] {standard_task_runner.py:52} INFO - Started process 417 to run task
[2023-04-27 12:51:07,440] {standard_task_runner.py:79} INFO - Running: ['***', 'tasks', 'run', 'multi_defence_dag', 'choose_best', 'manual__2023-04-27T12:49:45.072276+00:00', '--job-id', '6872', '--raw', '--subdir', 'DAGS_FOLDER/defence_dag.py', '--cfg-path', '/tmp/tmpexv35_kb', '--error-file', '/tmp/tmp4l5qtwtx']
[2023-04-27 12:51:07,445] {standard_task_runner.py:80} INFO - Job 6872: Subtask choose_best
[2023-04-27 12:51:07,781] {task_command.py:369} INFO - Running <TaskInstance: multi_defence_dag.choose_best manual__2023-04-27T12:49:45.072276+00:00 [running]> on host e7e31d5a6603
[2023-04-27 12:51:08,303] {taskinstance.py:1571} INFO - Exporting the following env vars:
AIRFLOW_CTX_DAG_OWNER=***
AIRFLOW_CTX_DAG_ID=multi_defence_dag
AIRFLOW_CTX_TASK_ID=choose_best
AIRFLOW_CTX_EXECUTION_DATE=2023-04-27T12:49:45.072276+00:00
AIRFLOW_CTX_TRY_NUMBER=1
AIRFLOW_CTX_DAG_RUN_ID=manual__2023-04-27T12:49:45.072276+00:00
[2023-04-27 12:51:08,691] {transport.py:157} INFO - Attempting refresh to obtain initial access_token
[2023-04-27 12:51:08,730] {client.py:777} INFO - Refreshing access_token
[2023-04-27 12:51:09,831] {transport.py:157} INFO - Attempting refresh to obtain initial access_token
[2023-04-27 12:51:09,838] {client.py:777} INFO - Refreshing access_token
[2023-04-27 12:51:10,431] {python.py:173} INFO - Done. Returned value was: None
[2023-04-27 12:51:10,499] {taskinstance.py:1400} INFO - Marking task as SUCCESS. dag_id=multi_defence_dag, task_id=choose_best, execution_date=20230427T124945, start_date=20230427T125107, end_date=20230427T125110
[2023-04-27 12:51:10,617] {local_task_job.py:156} INFO - Task exited with return code 0
[2023-04-27 12:51:10,846] {local_task_job.py:273} INFO - 0 downstream tasks scheduled from follow-on schedule check
