[2023-04-23 09:58:28,165] {taskinstance.py:1159} INFO - Dependencies all met for <TaskInstance: multi_attack_dag.attack_BasicIterativeMethod manual__2023-04-23T09:58:10.252823+00:00 [queued]>
[2023-04-23 09:58:28,183] {taskinstance.py:1159} INFO - Dependencies all met for <TaskInstance: multi_attack_dag.attack_BasicIterativeMethod manual__2023-04-23T09:58:10.252823+00:00 [queued]>
[2023-04-23 09:58:28,184] {taskinstance.py:1356} INFO - 
--------------------------------------------------------------------------------
[2023-04-23 09:58:28,185] {taskinstance.py:1357} INFO - Starting attempt 1 of 2
[2023-04-23 09:58:28,185] {taskinstance.py:1358} INFO - 
--------------------------------------------------------------------------------
[2023-04-23 09:58:28,207] {taskinstance.py:1377} INFO - Executing <Task(PythonOperator): attack_BasicIterativeMethod> on 2023-04-23 09:58:10.252823+00:00
[2023-04-23 09:58:28,217] {standard_task_runner.py:52} INFO - Started process 2474 to run task
[2023-04-23 09:58:28,222] {standard_task_runner.py:79} INFO - Running: ['***', 'tasks', 'run', 'multi_attack_dag', 'attack_BasicIterativeMethod', 'manual__2023-04-23T09:58:10.252823+00:00', '--job-id', '6172', '--raw', '--subdir', 'DAGS_FOLDER/attack_dag.py', '--cfg-path', '/tmp/tmp8slisae9', '--error-file', '/tmp/tmpleuacbni']
[2023-04-23 09:58:28,223] {standard_task_runner.py:80} INFO - Job 6172: Subtask attack_BasicIterativeMethod
[2023-04-23 09:58:28,303] {task_command.py:369} INFO - Running <TaskInstance: multi_attack_dag.attack_BasicIterativeMethod manual__2023-04-23T09:58:10.252823+00:00 [running]> on host a3dd7d962104
[2023-04-23 09:58:28,407] {taskinstance.py:1571} INFO - Exporting the following env vars:
AIRFLOW_CTX_DAG_OWNER=***
AIRFLOW_CTX_DAG_ID=multi_attack_dag
AIRFLOW_CTX_TASK_ID=attack_BasicIterativeMethod
AIRFLOW_CTX_EXECUTION_DATE=2023-04-23T09:58:10.252823+00:00
AIRFLOW_CTX_TRY_NUMBER=1
AIRFLOW_CTX_DAG_RUN_ID=manual__2023-04-23T09:58:10.252823+00:00
[2023-04-23 09:58:28,436] {transport.py:157} INFO - Attempting refresh to obtain initial access_token
[2023-04-23 09:58:28,443] {client.py:777} INFO - Refreshing access_token
[2023-04-23 09:58:29,119] {transport.py:157} INFO - Attempting refresh to obtain initial access_token
[2023-04-23 09:58:29,121] {client.py:777} INFO - Refreshing access_token
[2023-04-23 09:58:35,952] {pytorch.py:1198} INFO - Inferred 5 hidden layers on PyTorch classifier.
[2023-04-23 09:58:43,807] {projected_gradient_descent.py:199} INFO - Creating adversarial samples.
[2023-04-23 09:58:43,837] {logging_mixin.py:115} WARNING - PGD - Batches:   0%|          | 0/7 [00:00<?, ?it/s]
[2023-04-23 09:58:46,640] {logging_mixin.py:115} WARNING - PGD - Batches:  14%|#4        | 1/7 [00:02<00:16,  2.80s/it]
[2023-04-23 09:58:47,542] {logging_mixin.py:115} WARNING - PGD - Batches:  29%|##8       | 2/7 [00:03<00:08,  1.68s/it]
[2023-04-23 09:58:48,201] {logging_mixin.py:115} WARNING - PGD - Batches:  43%|####2     | 3/7 [00:04<00:04,  1.22s/it]
[2023-04-23 09:58:48,786] {logging_mixin.py:115} WARNING - PGD - Batches:  57%|#####7    | 4/7 [00:04<00:02,  1.03it/s]
[2023-04-23 09:58:49,619] {logging_mixin.py:115} WARNING - PGD - Batches:  71%|#######1  | 5/7 [00:05<00:01,  1.09it/s]
[2023-04-23 09:58:50,751] {logging_mixin.py:115} WARNING - PGD - Batches:  86%|########5 | 6/7 [00:06<00:00,  1.01it/s]
[2023-04-23 09:58:52,382] {logging_mixin.py:115} WARNING - PGD - Batches: 100%|##########| 7/7 [00:08<00:00,  1.20s/it]
[2023-04-23 09:58:52,392] {logging_mixin.py:115} WARNING -                                                             
[2023-04-23 09:58:52,401] {projected_gradient_descent_pytorch.py:239} INFO - Success rate of attack: 85.79%
[2023-04-23 09:58:52,424] {transport.py:157} INFO - Attempting refresh to obtain initial access_token
[2023-04-23 09:58:52,428] {client.py:777} INFO - Refreshing access_token
[2023-04-23 09:58:53,160] {python.py:173} INFO - Done. Returned value was: None
[2023-04-23 09:58:53,188] {taskinstance.py:1400} INFO - Marking task as SUCCESS. dag_id=multi_attack_dag, task_id=attack_BasicIterativeMethod, execution_date=20230423T095810, start_date=20230423T095828, end_date=20230423T095853
[2023-04-23 09:58:53,257] {local_task_job.py:156} INFO - Task exited with return code 0
[2023-04-23 09:58:53,332] {local_task_job.py:273} INFO - 1 downstream tasks scheduled from follow-on schedule check
