[2023-03-16 11:56:58,986] {taskinstance.py:1159} INFO - Dependencies all met for <TaskInstance: defence_dag.defence1 manual__2023-03-12T15:20:36.575317+00:00 [queued]>
[2023-03-16 11:56:59,013] {taskinstance.py:1159} INFO - Dependencies all met for <TaskInstance: defence_dag.defence1 manual__2023-03-12T15:20:36.575317+00:00 [queued]>
[2023-03-16 11:56:59,013] {taskinstance.py:1356} INFO - 
--------------------------------------------------------------------------------
[2023-03-16 11:56:59,015] {taskinstance.py:1357} INFO - Starting attempt 2 of 2
[2023-03-16 11:56:59,016] {taskinstance.py:1358} INFO - 
--------------------------------------------------------------------------------
[2023-03-16 11:56:59,071] {taskinstance.py:1377} INFO - Executing <Task(PythonOperator): defence1> on 2023-03-12 15:20:36.575317+00:00
[2023-03-16 11:56:59,081] {standard_task_runner.py:52} INFO - Started process 854 to run task
[2023-03-16 11:56:59,089] {standard_task_runner.py:79} INFO - Running: ['***', 'tasks', 'run', 'defence_dag', 'defence1', 'manual__2023-03-12T15:20:36.575317+00:00', '--job-id', '1039', '--raw', '--subdir', 'DAGS_FOLDER/defese.py', '--cfg-path', '/tmp/tmpb_ovk9lu', '--error-file', '/tmp/tmp1dn_wt_4']
[2023-03-16 11:56:59,090] {standard_task_runner.py:80} INFO - Job 1039: Subtask defence1
[2023-03-16 11:56:59,401] {task_command.py:369} INFO - Running <TaskInstance: defence_dag.defence1 manual__2023-03-12T15:20:36.575317+00:00 [running]> on host 596adcca7378
[2023-03-16 11:56:59,864] {taskinstance.py:1571} INFO - Exporting the following env vars:
AIRFLOW_CTX_DAG_OWNER=***
AIRFLOW_CTX_DAG_ID=defence_dag
AIRFLOW_CTX_TASK_ID=defence1
AIRFLOW_CTX_EXECUTION_DATE=2023-03-12T15:20:36.575317+00:00
AIRFLOW_CTX_TRY_NUMBER=2
AIRFLOW_CTX_DAG_RUN_ID=manual__2023-03-12T15:20:36.575317+00:00
[2023-03-16 11:56:59,866] {logging_mixin.py:115} INFO - defensing
[2023-03-16 11:56:59,870] {python.py:173} INFO - Done. Returned value was: None
[2023-03-16 11:56:59,938] {taskinstance.py:1400} INFO - Marking task as SUCCESS. dag_id=defence_dag, task_id=defence1, execution_date=20230312T152036, start_date=20230316T115658, end_date=20230316T115659
[2023-03-16 11:57:00,040] {local_task_job.py:156} INFO - Task exited with return code 0
[2023-03-16 11:57:00,251] {local_task_job.py:273} INFO - 1 downstream tasks scheduled from follow-on schedule check
