[2023-04-23 09:36:39,694] {taskinstance.py:1159} INFO - Dependencies all met for <TaskInstance: multi_defence_dag.Defence3 manual__2023-04-23T09:36:24.954875+00:00 [queued]>
[2023-04-23 09:36:39,728] {taskinstance.py:1159} INFO - Dependencies all met for <TaskInstance: multi_defence_dag.Defence3 manual__2023-04-23T09:36:24.954875+00:00 [queued]>
[2023-04-23 09:36:39,729] {taskinstance.py:1356} INFO - 
--------------------------------------------------------------------------------
[2023-04-23 09:36:39,730] {taskinstance.py:1357} INFO - Starting attempt 1 of 2
[2023-04-23 09:36:39,730] {taskinstance.py:1358} INFO - 
--------------------------------------------------------------------------------
[2023-04-23 09:36:39,760] {taskinstance.py:1377} INFO - Executing <Task(PythonOperator): Defence3> on 2023-04-23 09:36:24.954875+00:00
[2023-04-23 09:36:39,770] {standard_task_runner.py:52} INFO - Started process 1304 to run task
[2023-04-23 09:36:39,778] {standard_task_runner.py:79} INFO - Running: ['***', 'tasks', 'run', 'multi_defence_dag', 'Defence3', 'manual__2023-04-23T09:36:24.954875+00:00', '--job-id', '6125', '--raw', '--subdir', 'DAGS_FOLDER/defence_dag.py', '--cfg-path', '/tmp/tmpnq66vgsf', '--error-file', '/tmp/tmpijk_0bu3']
[2023-04-23 09:36:39,783] {standard_task_runner.py:80} INFO - Job 6125: Subtask Defence3
[2023-04-23 09:36:40,017] {task_command.py:369} INFO - Running <TaskInstance: multi_defence_dag.Defence3 manual__2023-04-23T09:36:24.954875+00:00 [running]> on host a3dd7d962104
[2023-04-23 09:36:40,231] {taskinstance.py:1571} INFO - Exporting the following env vars:
AIRFLOW_CTX_DAG_OWNER=***
AIRFLOW_CTX_DAG_ID=multi_defence_dag
AIRFLOW_CTX_TASK_ID=Defence3
AIRFLOW_CTX_EXECUTION_DATE=2023-04-23T09:36:24.954875+00:00
AIRFLOW_CTX_TRY_NUMBER=1
AIRFLOW_CTX_DAG_RUN_ID=manual__2023-04-23T09:36:24.954875+00:00
[2023-04-23 09:36:40,278] {python.py:173} INFO - Done. Returned value was: None
[2023-04-23 09:36:40,328] {taskinstance.py:1400} INFO - Marking task as SUCCESS. dag_id=multi_defence_dag, task_id=Defence3, execution_date=20230423T093624, start_date=20230423T093639, end_date=20230423T093640
[2023-04-23 09:36:40,423] {local_task_job.py:156} INFO - Task exited with return code 0
[2023-04-23 09:36:40,568] {local_task_job.py:273} INFO - 1 downstream tasks scheduled from follow-on schedule check
