[2023-04-08 11:35:33,458] {taskinstance.py:1159} INFO - Dependencies all met for <TaskInstance: multi_attack_dag.to_attack_FastGradientMethod manual__2023-04-08T11:29:44.327367+00:00 [queued]>
[2023-04-08 11:35:33,504] {taskinstance.py:1159} INFO - Dependencies all met for <TaskInstance: multi_attack_dag.to_attack_FastGradientMethod manual__2023-04-08T11:29:44.327367+00:00 [queued]>
[2023-04-08 11:35:33,505] {taskinstance.py:1356} INFO - 
--------------------------------------------------------------------------------
[2023-04-08 11:35:33,505] {taskinstance.py:1357} INFO - Starting attempt 1 of 2
[2023-04-08 11:35:33,506] {taskinstance.py:1358} INFO - 
--------------------------------------------------------------------------------
[2023-04-08 11:35:33,554] {taskinstance.py:1377} INFO - Executing <Task(BranchPythonOperator): to_attack_FastGradientMethod> on 2023-04-08 11:29:44.327367+00:00
[2023-04-08 11:35:33,598] {standard_task_runner.py:79} INFO - Running: ['***', 'tasks', 'run', 'multi_attack_dag', 'to_attack_FastGradientMethod', 'manual__2023-04-08T11:29:44.327367+00:00', '--job-id', '4661', '--raw', '--subdir', 'DAGS_FOLDER/attack_dag.py', '--cfg-path', '/tmp/tmptmbk2lt0', '--error-file', '/tmp/tmpvgfsec3x']
[2023-04-08 11:35:33,592] {standard_task_runner.py:52} INFO - Started process 2303 to run task
[2023-04-08 11:35:33,614] {standard_task_runner.py:80} INFO - Job 4661: Subtask to_attack_FastGradientMethod
[2023-04-08 11:35:33,817] {task_command.py:369} INFO - Running <TaskInstance: multi_attack_dag.to_attack_FastGradientMethod manual__2023-04-08T11:29:44.327367+00:00 [running]> on host ff3d40af78f9
[2023-04-08 11:35:34,263] {taskinstance.py:1571} INFO - Exporting the following env vars:
AIRFLOW_CTX_DAG_OWNER=***
AIRFLOW_CTX_DAG_ID=multi_attack_dag
AIRFLOW_CTX_TASK_ID=to_attack_FastGradientMethod
AIRFLOW_CTX_EXECUTION_DATE=2023-04-08T11:29:44.327367+00:00
AIRFLOW_CTX_TRY_NUMBER=1
AIRFLOW_CTX_DAG_RUN_ID=manual__2023-04-08T11:29:44.327367+00:00
[2023-04-08 11:35:34,328] {python.py:173} INFO - Done. Returned value was: default
[2023-04-08 11:35:34,331] {skipmixin.py:140} INFO - Following branch default
[2023-04-08 11:35:34,333] {skipmixin.py:175} INFO - Skipping tasks ['attack_FastGradientMethod']
[2023-04-08 11:35:34,541] {taskinstance.py:1400} INFO - Marking task as SUCCESS. dag_id=multi_attack_dag, task_id=to_attack_FastGradientMethod, execution_date=20230408T112944, start_date=20230408T113533, end_date=20230408T113534
[2023-04-08 11:35:34,660] {local_task_job.py:156} INFO - Task exited with return code 0
[2023-04-08 11:35:34,884] {local_task_job.py:273} INFO - 0 downstream tasks scheduled from follow-on schedule check
