[2023-04-18 06:08:27,366] {taskinstance.py:1159} INFO - Dependencies all met for <TaskInstance: estimator_match_DAG.get_estiamtor scheduled__2023-04-17T00:00:00+00:00 [queued]>
[2023-04-18 06:08:27,440] {taskinstance.py:1159} INFO - Dependencies all met for <TaskInstance: estimator_match_DAG.get_estiamtor scheduled__2023-04-17T00:00:00+00:00 [queued]>
[2023-04-18 06:08:27,440] {taskinstance.py:1356} INFO - 
--------------------------------------------------------------------------------
[2023-04-18 06:08:27,445] {taskinstance.py:1357} INFO - Starting attempt 1 of 2
[2023-04-18 06:08:27,445] {taskinstance.py:1358} INFO - 
--------------------------------------------------------------------------------
[2023-04-18 06:08:27,518] {taskinstance.py:1377} INFO - Executing <Task(PythonOperator): get_estiamtor> on 2023-04-17 00:00:00+00:00
[2023-04-18 06:08:27,563] {standard_task_runner.py:52} INFO - Started process 135 to run task
[2023-04-18 06:08:27,583] {standard_task_runner.py:79} INFO - Running: ['***', 'tasks', 'run', 'estimator_match_DAG', 'get_estiamtor', 'scheduled__2023-04-17T00:00:00+00:00', '--job-id', '5408', '--raw', '--subdir', 'DAGS_FOLDER/estimator_match.py', '--cfg-path', '/tmp/tmp7tx3lyle', '--error-file', '/tmp/tmpysycmovi']
[2023-04-18 06:08:27,615] {standard_task_runner.py:80} INFO - Job 5408: Subtask get_estiamtor
[2023-04-18 06:08:27,805] {task_command.py:369} INFO - Running <TaskInstance: estimator_match_DAG.get_estiamtor scheduled__2023-04-17T00:00:00+00:00 [running]> on host 6c1ce3ac9ba0
[2023-04-18 06:08:28,145] {taskinstance.py:1571} INFO - Exporting the following env vars:
AIRFLOW_CTX_DAG_OWNER=***
AIRFLOW_CTX_DAG_ID=estimator_match_DAG
AIRFLOW_CTX_TASK_ID=get_estiamtor
AIRFLOW_CTX_EXECUTION_DATE=2023-04-17T00:00:00+00:00
AIRFLOW_CTX_TRY_NUMBER=1
AIRFLOW_CTX_DAG_RUN_ID=scheduled__2023-04-17T00:00:00+00:00
[2023-04-18 06:08:28,158] {transport.py:157} INFO - Attempting refresh to obtain initial access_token
[2023-04-18 06:08:28,166] {client.py:777} INFO - Refreshing access_token
[2023-04-18 06:08:29,258] {transport.py:157} INFO - Attempting refresh to obtain initial access_token
[2023-04-18 06:08:29,262] {client.py:777} INFO - Refreshing access_token
[2023-04-18 06:08:30,675] {taskinstance.py:1889} ERROR - Task failed with exception
Traceback (most recent call last):
  File "/home/airflow/.local/lib/python3.7/site-packages/airflow/operators/python.py", line 171, in execute
    return_value = self.execute_callable()
  File "/home/airflow/.local/lib/python3.7/site-packages/airflow/operators/python.py", line 189, in execute_callable
    return self.python_callable(*self.op_args, **self.op_kwargs)
  File "/opt/airflow/dags/estimator_match.py", line 53, in get_estimator
    model = load_from_bucket("ML_model.pickle",as_json=False)
  File "/opt/airflow/dags/helpers.py", line 120, in load_from_bucket
    raise err
  File "/opt/airflow/dags/helpers.py", line 117, in load_from_bucket
    loaded_obj = cloudpickle.load(f)
AttributeError: Can't get attribute 'NeuralNetworkClassificationModel' on <module '__main__' from '/home/***/.local/bin/***'>
[2023-04-18 06:08:30,718] {taskinstance.py:1400} INFO - Marking task as UP_FOR_RETRY. dag_id=estimator_match_DAG, task_id=get_estiamtor, execution_date=20230417T000000, start_date=20230418T060827, end_date=20230418T060830
[2023-04-18 06:08:30,782] {standard_task_runner.py:97} ERROR - Failed to execute job 5408 for task get_estiamtor (Can't get attribute 'NeuralNetworkClassificationModel' on <module '__main__' from '/home/***/.local/bin/***'>; 135)
[2023-04-18 06:08:30,863] {local_task_job.py:156} INFO - Task exited with return code 1
[2023-04-18 06:08:30,956] {local_task_job.py:273} INFO - 0 downstream tasks scheduled from follow-on schedule check
