[2023-04-18 07:03:08,577] {taskinstance.py:1159} INFO - Dependencies all met for <TaskInstance: multi_attack_dag.metadata manual__2023-04-18T07:03:01.588075+00:00 [queued]>
[2023-04-18 07:03:08,585] {taskinstance.py:1159} INFO - Dependencies all met for <TaskInstance: multi_attack_dag.metadata manual__2023-04-18T07:03:01.588075+00:00 [queued]>
[2023-04-18 07:03:08,585] {taskinstance.py:1356} INFO - 
--------------------------------------------------------------------------------
[2023-04-18 07:03:08,586] {taskinstance.py:1357} INFO - Starting attempt 1 of 2
[2023-04-18 07:03:08,586] {taskinstance.py:1358} INFO - 
--------------------------------------------------------------------------------
[2023-04-18 07:03:08,598] {taskinstance.py:1377} INFO - Executing <Task(PythonOperator): metadata> on 2023-04-18 07:03:01.588075+00:00
[2023-04-18 07:03:08,604] {standard_task_runner.py:52} INFO - Started process 2549 to run task
[2023-04-18 07:03:08,607] {standard_task_runner.py:79} INFO - Running: ['***', 'tasks', 'run', 'multi_attack_dag', 'metadata', 'manual__2023-04-18T07:03:01.588075+00:00', '--job-id', '5534', '--raw', '--subdir', 'DAGS_FOLDER/attack_dag.py', '--cfg-path', '/tmp/tmpnos_g95z', '--error-file', '/tmp/tmptrcbalkp']
[2023-04-18 07:03:08,608] {standard_task_runner.py:80} INFO - Job 5534: Subtask metadata
[2023-04-18 07:03:08,656] {task_command.py:369} INFO - Running <TaskInstance: multi_attack_dag.metadata manual__2023-04-18T07:03:01.588075+00:00 [running]> on host a3dd7d962104
[2023-04-18 07:03:08,725] {taskinstance.py:1571} INFO - Exporting the following env vars:
AIRFLOW_CTX_DAG_OWNER=***
AIRFLOW_CTX_DAG_ID=multi_attack_dag
AIRFLOW_CTX_TASK_ID=metadata
AIRFLOW_CTX_EXECUTION_DATE=2023-04-18T07:03:01.588075+00:00
AIRFLOW_CTX_TRY_NUMBER=1
AIRFLOW_CTX_DAG_RUN_ID=manual__2023-04-18T07:03:01.588075+00:00
[2023-04-18 07:03:08,728] {transport.py:157} INFO - Attempting refresh to obtain initial access_token
[2023-04-18 07:03:08,731] {client.py:777} INFO - Refreshing access_token
[2023-04-18 07:03:09,414] {python.py:173} INFO - Done. Returned value was: None
[2023-04-18 07:03:09,424] {taskinstance.py:1400} INFO - Marking task as SUCCESS. dag_id=multi_attack_dag, task_id=metadata, execution_date=20230418T070301, start_date=20230418T070308, end_date=20230418T070309
[2023-04-18 07:03:09,464] {local_task_job.py:156} INFO - Task exited with return code 0
[2023-04-18 07:03:09,503] {local_task_job.py:273} INFO - 3 downstream tasks scheduled from follow-on schedule check
