[2023-03-23 10:54:30,455] {taskinstance.py:1159} INFO - Dependencies all met for <TaskInstance: defence_dag2.stop manual__2023-03-23T10:54:22.578278+00:00 [queued]>
[2023-03-23 10:54:30,464] {taskinstance.py:1159} INFO - Dependencies all met for <TaskInstance: defence_dag2.stop manual__2023-03-23T10:54:22.578278+00:00 [queued]>
[2023-03-23 10:54:30,464] {taskinstance.py:1356} INFO - 
--------------------------------------------------------------------------------
[2023-03-23 10:54:30,465] {taskinstance.py:1357} INFO - Starting attempt 1 of 1
[2023-03-23 10:54:30,466] {taskinstance.py:1358} INFO - 
--------------------------------------------------------------------------------
[2023-03-23 10:54:30,476] {taskinstance.py:1377} INFO - Executing <Task(PythonOperator): stop> on 2023-03-23 10:54:22.578278+00:00
[2023-03-23 10:54:30,480] {standard_task_runner.py:52} INFO - Started process 358 to run task
[2023-03-23 10:54:30,482] {standard_task_runner.py:79} INFO - Running: ['***', 'tasks', 'run', 'defence_dag2', 'stop', 'manual__2023-03-23T10:54:22.578278+00:00', '--job-id', '2607', '--raw', '--subdir', 'DAGS_FOLDER/defese.py', '--cfg-path', '/tmp/tmpquvyk97j', '--error-file', '/tmp/tmptct0_t_i']
[2023-03-23 10:54:30,483] {standard_task_runner.py:80} INFO - Job 2607: Subtask stop
[2023-03-23 10:54:30,523] {task_command.py:369} INFO - Running <TaskInstance: defence_dag2.stop manual__2023-03-23T10:54:22.578278+00:00 [running]> on host 6447f1dacd32
[2023-03-23 10:54:30,576] {taskinstance.py:1571} INFO - Exporting the following env vars:
AIRFLOW_CTX_DAG_OWNER=***
AIRFLOW_CTX_DAG_ID=defence_dag2
AIRFLOW_CTX_TASK_ID=stop
AIRFLOW_CTX_EXECUTION_DATE=2023-03-23T10:54:22.578278+00:00
AIRFLOW_CTX_TRY_NUMBER=1
AIRFLOW_CTX_DAG_RUN_ID=manual__2023-03-23T10:54:22.578278+00:00
[2023-03-23 10:54:30,577] {python.py:173} INFO - Done. Returned value was: Cycle has ended
[2023-03-23 10:54:30,598] {taskinstance.py:1400} INFO - Marking task as SUCCESS. dag_id=defence_dag2, task_id=stop, execution_date=20230323T105422, start_date=20230323T105430, end_date=20230323T105430
[2023-03-23 10:54:30,615] {local_task_job.py:156} INFO - Task exited with return code 0
[2023-03-23 10:54:30,639] {local_task_job.py:273} INFO - 0 downstream tasks scheduled from follow-on schedule check
