[2023-03-12 15:20:58,376] {taskinstance.py:1159} INFO - Dependencies all met for <TaskInstance: defence_dag.defence1 manual__2023-03-12T15:20:53.965100+00:00 [queued]>
[2023-03-12 15:20:58,391] {taskinstance.py:1159} INFO - Dependencies all met for <TaskInstance: defence_dag.defence1 manual__2023-03-12T15:20:53.965100+00:00 [queued]>
[2023-03-12 15:20:58,391] {taskinstance.py:1356} INFO - 
--------------------------------------------------------------------------------
[2023-03-12 15:20:58,392] {taskinstance.py:1357} INFO - Starting attempt 1 of 1
[2023-03-12 15:20:58,392] {taskinstance.py:1358} INFO - 
--------------------------------------------------------------------------------
[2023-03-12 15:20:58,410] {taskinstance.py:1377} INFO - Executing <Task(PythonOperator): defence1> on 2023-03-12 15:20:53.965100+00:00
[2023-03-12 15:20:58,415] {standard_task_runner.py:52} INFO - Started process 415 to run task
[2023-03-12 15:20:58,418] {standard_task_runner.py:79} INFO - Running: ['***', 'tasks', 'run', 'defence_dag', 'defence1', 'manual__2023-03-12T15:20:53.965100+00:00', '--job-id', '520', '--raw', '--subdir', 'DAGS_FOLDER/defese.py', '--cfg-path', '/tmp/tmpw2m8nl4e', '--error-file', '/tmp/tmp151vqzq7']
[2023-03-12 15:20:58,419] {standard_task_runner.py:80} INFO - Job 520: Subtask defence1
[2023-03-12 15:20:58,484] {task_command.py:369} INFO - Running <TaskInstance: defence_dag.defence1 manual__2023-03-12T15:20:53.965100+00:00 [running]> on host 596adcca7378
[2023-03-12 15:20:58,573] {taskinstance.py:1571} INFO - Exporting the following env vars:
AIRFLOW_CTX_DAG_OWNER=***
AIRFLOW_CTX_DAG_ID=defence_dag
AIRFLOW_CTX_TASK_ID=defence1
AIRFLOW_CTX_EXECUTION_DATE=2023-03-12T15:20:53.965100+00:00
AIRFLOW_CTX_TRY_NUMBER=1
AIRFLOW_CTX_DAG_RUN_ID=manual__2023-03-12T15:20:53.965100+00:00
[2023-03-12 15:20:58,575] {logging_mixin.py:115} INFO - defensing
[2023-03-12 15:20:58,576] {python.py:173} INFO - Done. Returned value was: None
[2023-03-12 15:20:58,592] {taskinstance.py:1400} INFO - Marking task as SUCCESS. dag_id=defence_dag, task_id=defence1, execution_date=20230312T152053, start_date=20230312T152058, end_date=20230312T152058
[2023-03-12 15:20:58,633] {local_task_job.py:156} INFO - Task exited with return code 0
[2023-03-12 15:20:58,675] {local_task_job.py:273} INFO - 0 downstream tasks scheduled from follow-on schedule check
