[2023-03-23 15:05:02,795] {taskinstance.py:1159} INFO - Dependencies all met for <TaskInstance: multi_defence_dag.Defence2 manual__2023-03-23T15:04:25.751768+00:00 [queued]>
[2023-03-23 15:05:02,911] {taskinstance.py:1159} INFO - Dependencies all met for <TaskInstance: multi_defence_dag.Defence2 manual__2023-03-23T15:04:25.751768+00:00 [queued]>
[2023-03-23 15:05:02,916] {taskinstance.py:1356} INFO - 
--------------------------------------------------------------------------------
[2023-03-23 15:05:02,920] {taskinstance.py:1357} INFO - Starting attempt 1 of 2
[2023-03-23 15:05:02,922] {taskinstance.py:1358} INFO - 
--------------------------------------------------------------------------------
[2023-03-23 15:05:03,070] {taskinstance.py:1377} INFO - Executing <Task(PythonOperator): Defence2> on 2023-03-23 15:04:25.751768+00:00
[2023-03-23 15:05:03,094] {standard_task_runner.py:52} INFO - Started process 11216 to run task
[2023-03-23 15:05:03,123] {standard_task_runner.py:79} INFO - Running: ['***', 'tasks', 'run', 'multi_defence_dag', 'Defence2', 'manual__2023-03-23T15:04:25.751768+00:00', '--job-id', '2783', '--raw', '--subdir', 'DAGS_FOLDER/defence_dag.py', '--cfg-path', '/tmp/tmp_ustjhga', '--error-file', '/tmp/tmpzwaq2g_3']
[2023-03-23 15:05:03,127] {standard_task_runner.py:80} INFO - Job 2783: Subtask Defence2
[2023-03-23 15:05:03,717] {task_command.py:369} INFO - Running <TaskInstance: multi_defence_dag.Defence2 manual__2023-03-23T15:04:25.751768+00:00 [running]> on host 6447f1dacd32
[2023-03-23 15:05:04,648] {taskinstance.py:1571} INFO - Exporting the following env vars:
AIRFLOW_CTX_DAG_OWNER=***
AIRFLOW_CTX_DAG_ID=multi_defence_dag
AIRFLOW_CTX_TASK_ID=Defence2
AIRFLOW_CTX_EXECUTION_DATE=2023-03-23T15:04:25.751768+00:00
AIRFLOW_CTX_TRY_NUMBER=1
AIRFLOW_CTX_DAG_RUN_ID=manual__2023-03-23T15:04:25.751768+00:00
[2023-03-23 15:05:04,738] {python.py:173} INFO - Done. Returned value was: None
[2023-03-23 15:05:04,780] {taskinstance.py:1400} INFO - Marking task as SUCCESS. dag_id=multi_defence_dag, task_id=Defence2, execution_date=20230323T150425, start_date=20230323T150502, end_date=20230323T150504
[2023-03-23 15:05:04,832] {local_task_job.py:156} INFO - Task exited with return code 0
[2023-03-23 15:05:05,106] {local_task_job.py:273} INFO - 1 downstream tasks scheduled from follow-on schedule check
