[2023-04-09 12:50:18,054] {taskinstance.py:1159} INFO - Dependencies all met for <TaskInstance: multi_defence_dag.Defence1 manual__2023-04-09T12:50:04.821153+00:00 [queued]>
[2023-04-09 12:50:18,089] {taskinstance.py:1159} INFO - Dependencies all met for <TaskInstance: multi_defence_dag.Defence1 manual__2023-04-09T12:50:04.821153+00:00 [queued]>
[2023-04-09 12:50:18,089] {taskinstance.py:1356} INFO - 
--------------------------------------------------------------------------------
[2023-04-09 12:50:18,091] {taskinstance.py:1357} INFO - Starting attempt 1 of 2
[2023-04-09 12:50:18,092] {taskinstance.py:1358} INFO - 
--------------------------------------------------------------------------------
[2023-04-09 12:50:18,123] {taskinstance.py:1377} INFO - Executing <Task(PythonOperator): Defence1> on 2023-04-09 12:50:04.821153+00:00
[2023-04-09 12:50:18,145] {standard_task_runner.py:52} INFO - Started process 15187 to run task
[2023-04-09 12:50:18,155] {standard_task_runner.py:79} INFO - Running: ['***', 'tasks', 'run', 'multi_defence_dag', 'Defence1', 'manual__2023-04-09T12:50:04.821153+00:00', '--job-id', '5014', '--raw', '--subdir', 'DAGS_FOLDER/defence_dag.py', '--cfg-path', '/tmp/tmp4spdrrqh', '--error-file', '/tmp/tmpu_5_3b6a']
[2023-04-09 12:50:18,158] {standard_task_runner.py:80} INFO - Job 5014: Subtask Defence1
[2023-04-09 12:50:18,269] {task_command.py:369} INFO - Running <TaskInstance: multi_defence_dag.Defence1 manual__2023-04-09T12:50:04.821153+00:00 [running]> on host ff3d40af78f9
[2023-04-09 12:50:18,416] {taskinstance.py:1571} INFO - Exporting the following env vars:
AIRFLOW_CTX_DAG_OWNER=***
AIRFLOW_CTX_DAG_ID=multi_defence_dag
AIRFLOW_CTX_TASK_ID=Defence1
AIRFLOW_CTX_EXECUTION_DATE=2023-04-09T12:50:04.821153+00:00
AIRFLOW_CTX_TRY_NUMBER=1
AIRFLOW_CTX_DAG_RUN_ID=manual__2023-04-09T12:50:04.821153+00:00
[2023-04-09 12:50:18,443] {python.py:173} INFO - Done. Returned value was: None
[2023-04-09 12:50:18,507] {taskinstance.py:1400} INFO - Marking task as SUCCESS. dag_id=multi_defence_dag, task_id=Defence1, execution_date=20230409T125004, start_date=20230409T125018, end_date=20230409T125018
[2023-04-09 12:50:18,572] {local_task_job.py:156} INFO - Task exited with return code 0
[2023-04-09 12:50:18,657] {local_task_job.py:273} INFO - 0 downstream tasks scheduled from follow-on schedule check
