[2023-04-27 13:00:55,883] {taskinstance.py:1159} INFO - Dependencies all met for <TaskInstance: multi_defence_dag.to_defence2 manual__2023-04-27T13:00:07.786313+00:00 [queued]>
[2023-04-27 13:00:55,917] {taskinstance.py:1159} INFO - Dependencies all met for <TaskInstance: multi_defence_dag.to_defence2 manual__2023-04-27T13:00:07.786313+00:00 [queued]>
[2023-04-27 13:00:55,920] {taskinstance.py:1356} INFO - 
--------------------------------------------------------------------------------
[2023-04-27 13:00:55,923] {taskinstance.py:1357} INFO - Starting attempt 1 of 2
[2023-04-27 13:00:55,926] {taskinstance.py:1358} INFO - 
--------------------------------------------------------------------------------
[2023-04-27 13:00:56,008] {taskinstance.py:1377} INFO - Executing <Task(BranchPythonOperator): to_defence2> on 2023-04-27 13:00:07.786313+00:00
[2023-04-27 13:00:56,059] {standard_task_runner.py:52} INFO - Started process 754 to run task
[2023-04-27 13:00:56,078] {standard_task_runner.py:79} INFO - Running: ['***', 'tasks', 'run', 'multi_defence_dag', 'to_defence2', 'manual__2023-04-27T13:00:07.786313+00:00', '--job-id', '6890', '--raw', '--subdir', 'DAGS_FOLDER/defence_dag.py', '--cfg-path', '/tmp/tmp0zlgtgb_', '--error-file', '/tmp/tmppt9cafx8']
[2023-04-27 13:00:56,082] {standard_task_runner.py:80} INFO - Job 6890: Subtask to_defence2
[2023-04-27 13:00:56,305] {task_command.py:369} INFO - Running <TaskInstance: multi_defence_dag.to_defence2 manual__2023-04-27T13:00:07.786313+00:00 [running]> on host e7e31d5a6603
[2023-04-27 13:00:56,730] {taskinstance.py:1571} INFO - Exporting the following env vars:
AIRFLOW_CTX_DAG_OWNER=***
AIRFLOW_CTX_DAG_ID=multi_defence_dag
AIRFLOW_CTX_TASK_ID=to_defence2
AIRFLOW_CTX_EXECUTION_DATE=2023-04-27T13:00:07.786313+00:00
AIRFLOW_CTX_TRY_NUMBER=1
AIRFLOW_CTX_DAG_RUN_ID=manual__2023-04-27T13:00:07.786313+00:00
[2023-04-27 13:00:56,807] {python.py:173} INFO - Done. Returned value was: Defence2
[2023-04-27 13:00:56,816] {skipmixin.py:140} INFO - Following branch Defence2
[2023-04-27 13:00:56,819] {skipmixin.py:175} INFO - Skipping tasks ['default']
[2023-04-27 13:00:57,184] {taskinstance.py:1400} INFO - Marking task as SUCCESS. dag_id=multi_defence_dag, task_id=to_defence2, execution_date=20230427T130007, start_date=20230427T130055, end_date=20230427T130057
[2023-04-27 13:00:57,304] {local_task_job.py:156} INFO - Task exited with return code 0
[2023-04-27 13:00:57,559] {local_task_job.py:273} INFO - 1 downstream tasks scheduled from follow-on schedule check
