[2023-04-08 11:35:23,820] {taskinstance.py:1159} INFO - Dependencies all met for <TaskInstance: multi_attack_dag.to_attack_BasicIterativeMethod manual__2023-04-08T11:29:44.327367+00:00 [queued]>
[2023-04-08 11:35:23,896] {taskinstance.py:1159} INFO - Dependencies all met for <TaskInstance: multi_attack_dag.to_attack_BasicIterativeMethod manual__2023-04-08T11:29:44.327367+00:00 [queued]>
[2023-04-08 11:35:23,897] {taskinstance.py:1356} INFO - 
--------------------------------------------------------------------------------
[2023-04-08 11:35:23,898] {taskinstance.py:1357} INFO - Starting attempt 1 of 2
[2023-04-08 11:35:23,899] {taskinstance.py:1358} INFO - 
--------------------------------------------------------------------------------
[2023-04-08 11:35:24,015] {taskinstance.py:1377} INFO - Executing <Task(BranchPythonOperator): to_attack_BasicIterativeMethod> on 2023-04-08 11:29:44.327367+00:00
[2023-04-08 11:35:24,067] {standard_task_runner.py:79} INFO - Running: ['***', 'tasks', 'run', 'multi_attack_dag', 'to_attack_BasicIterativeMethod', 'manual__2023-04-08T11:29:44.327367+00:00', '--job-id', '4659', '--raw', '--subdir', 'DAGS_FOLDER/attack_dag.py', '--cfg-path', '/tmp/tmp8a7fk77k', '--error-file', '/tmp/tmps9oysdqc']
[2023-04-08 11:35:24,094] {standard_task_runner.py:80} INFO - Job 4659: Subtask to_attack_BasicIterativeMethod
[2023-04-08 11:35:24,053] {standard_task_runner.py:52} INFO - Started process 2290 to run task
[2023-04-08 11:35:24,334] {task_command.py:369} INFO - Running <TaskInstance: multi_attack_dag.to_attack_BasicIterativeMethod manual__2023-04-08T11:29:44.327367+00:00 [running]> on host ff3d40af78f9
[2023-04-08 11:35:24,890] {taskinstance.py:1571} INFO - Exporting the following env vars:
AIRFLOW_CTX_DAG_OWNER=***
AIRFLOW_CTX_DAG_ID=multi_attack_dag
AIRFLOW_CTX_TASK_ID=to_attack_BasicIterativeMethod
AIRFLOW_CTX_EXECUTION_DATE=2023-04-08T11:29:44.327367+00:00
AIRFLOW_CTX_TRY_NUMBER=1
AIRFLOW_CTX_DAG_RUN_ID=manual__2023-04-08T11:29:44.327367+00:00
[2023-04-08 11:35:24,972] {python.py:173} INFO - Done. Returned value was: attack_BasicIterativeMethod
[2023-04-08 11:35:24,973] {skipmixin.py:140} INFO - Following branch attack_BasicIterativeMethod
[2023-04-08 11:35:24,975] {skipmixin.py:175} INFO - Skipping tasks ['default']
[2023-04-08 11:35:25,227] {taskinstance.py:1400} INFO - Marking task as SUCCESS. dag_id=multi_attack_dag, task_id=to_attack_BasicIterativeMethod, execution_date=20230408T112944, start_date=20230408T113523, end_date=20230408T113525
[2023-04-08 11:35:25,344] {local_task_job.py:156} INFO - Task exited with return code 0
[2023-04-08 11:35:25,545] {local_task_job.py:273} INFO - 1 downstream tasks scheduled from follow-on schedule check
