[2023-04-09 08:22:09,402] {taskinstance.py:1159} INFO - Dependencies all met for <TaskInstance: multi_defence_dag.to_defence2 scheduled__2023-03-27T00:00:00+00:00 [queued]>
[2023-04-09 08:22:09,515] {taskinstance.py:1159} INFO - Dependencies all met for <TaskInstance: multi_defence_dag.to_defence2 scheduled__2023-03-27T00:00:00+00:00 [queued]>
[2023-04-09 08:22:09,516] {taskinstance.py:1356} INFO - 
--------------------------------------------------------------------------------
[2023-04-09 08:22:09,517] {taskinstance.py:1357} INFO - Starting attempt 2 of 2
[2023-04-09 08:22:09,518] {taskinstance.py:1358} INFO - 
--------------------------------------------------------------------------------
[2023-04-09 08:22:09,793] {taskinstance.py:1377} INFO - Executing <Task(BranchPythonOperator): to_defence2> on 2023-03-27 00:00:00+00:00
[2023-04-09 08:22:09,832] {standard_task_runner.py:52} INFO - Started process 4128 to run task
[2023-04-09 08:22:09,908] {standard_task_runner.py:79} INFO - Running: ['***', 'tasks', 'run', 'multi_defence_dag', 'to_defence2', 'scheduled__2023-03-27T00:00:00+00:00', '--job-id', '4759', '--raw', '--subdir', 'DAGS_FOLDER/defence_dag.py', '--cfg-path', '/tmp/tmpalpa1lyl', '--error-file', '/tmp/tmpiildq7e3']
[2023-04-09 08:22:09,943] {standard_task_runner.py:80} INFO - Job 4759: Subtask to_defence2
[2023-04-09 08:22:10,518] {task_command.py:369} INFO - Running <TaskInstance: multi_defence_dag.to_defence2 scheduled__2023-03-27T00:00:00+00:00 [running]> on host ff3d40af78f9
[2023-04-09 08:22:10,966] {taskinstance.py:1571} INFO - Exporting the following env vars:
AIRFLOW_CTX_DAG_OWNER=***
AIRFLOW_CTX_DAG_ID=multi_defence_dag
AIRFLOW_CTX_TASK_ID=to_defence2
AIRFLOW_CTX_EXECUTION_DATE=2023-03-27T00:00:00+00:00
AIRFLOW_CTX_TRY_NUMBER=2
AIRFLOW_CTX_DAG_RUN_ID=scheduled__2023-03-27T00:00:00+00:00
[2023-04-09 08:22:11,047] {python.py:173} INFO - Done. Returned value was: Defence2
[2023-04-09 08:22:11,048] {skipmixin.py:140} INFO - Following branch Defence2
[2023-04-09 08:22:11,048] {skipmixin.py:175} INFO - Skipping tasks ['default']
[2023-04-09 08:22:11,577] {taskinstance.py:1400} INFO - Marking task as SUCCESS. dag_id=multi_defence_dag, task_id=to_defence2, execution_date=20230327T000000, start_date=20230409T082209, end_date=20230409T082211
[2023-04-09 08:22:11,767] {local_task_job.py:156} INFO - Task exited with return code 0
[2023-04-09 08:22:12,281] {local_task_job.py:273} INFO - 0 downstream tasks scheduled from follow-on schedule check
