[2023-03-16 11:57:33,920] {taskinstance.py:1159} INFO - Dependencies all met for <TaskInstance: defence_dag.stop manual__2023-03-12T15:19:58.947648+00:00 [queued]>
[2023-03-16 11:57:34,097] {taskinstance.py:1159} INFO - Dependencies all met for <TaskInstance: defence_dag.stop manual__2023-03-12T15:19:58.947648+00:00 [queued]>
[2023-03-16 11:57:34,097] {taskinstance.py:1356} INFO - 
--------------------------------------------------------------------------------
[2023-03-16 11:57:34,098] {taskinstance.py:1357} INFO - Starting attempt 1 of 1
[2023-03-16 11:57:34,099] {taskinstance.py:1358} INFO - 
--------------------------------------------------------------------------------
[2023-03-16 11:57:34,249] {taskinstance.py:1377} INFO - Executing <Task(PythonOperator): stop> on 2023-03-12 15:19:58.947648+00:00
[2023-03-16 11:57:34,269] {standard_task_runner.py:52} INFO - Started process 1022 to run task
[2023-03-16 11:57:34,288] {standard_task_runner.py:79} INFO - Running: ['***', 'tasks', 'run', 'defence_dag', 'stop', 'manual__2023-03-12T15:19:58.947648+00:00', '--job-id', '1109', '--raw', '--subdir', 'DAGS_FOLDER/defese.py', '--cfg-path', '/tmp/tmp7af4cd1w', '--error-file', '/tmp/tmpega17p7j']
[2023-03-16 11:57:34,308] {standard_task_runner.py:80} INFO - Job 1109: Subtask stop
[2023-03-16 11:57:34,599] {task_command.py:369} INFO - Running <TaskInstance: defence_dag.stop manual__2023-03-12T15:19:58.947648+00:00 [running]> on host 596adcca7378
[2023-03-16 11:57:35,068] {taskinstance.py:1571} INFO - Exporting the following env vars:
AIRFLOW_CTX_DAG_OWNER=***
AIRFLOW_CTX_DAG_ID=defence_dag
AIRFLOW_CTX_TASK_ID=stop
AIRFLOW_CTX_EXECUTION_DATE=2023-03-12T15:19:58.947648+00:00
AIRFLOW_CTX_TRY_NUMBER=1
AIRFLOW_CTX_DAG_RUN_ID=manual__2023-03-12T15:19:58.947648+00:00
[2023-03-16 11:57:35,072] {python.py:173} INFO - Done. Returned value was: Cycle has ended
[2023-03-16 11:57:35,246] {taskinstance.py:1400} INFO - Marking task as SUCCESS. dag_id=defence_dag, task_id=stop, execution_date=20230312T151958, start_date=20230316T115733, end_date=20230316T115735
[2023-03-16 11:57:35,443] {local_task_job.py:156} INFO - Task exited with return code 0
[2023-03-16 11:57:35,630] {local_task_job.py:273} INFO - 0 downstream tasks scheduled from follow-on schedule check
