[2023-04-30 07:59:56,718] {taskinstance.py:1159} INFO - Dependencies all met for <TaskInstance: multi_sklearn_attack_dag.to_attack_zoo scheduled__2023-04-29T00:00:00+00:00 [queued]>
[2023-04-30 07:59:56,749] {taskinstance.py:1159} INFO - Dependencies all met for <TaskInstance: multi_sklearn_attack_dag.to_attack_zoo scheduled__2023-04-29T00:00:00+00:00 [queued]>
[2023-04-30 07:59:56,749] {taskinstance.py:1356} INFO - 
--------------------------------------------------------------------------------
[2023-04-30 07:59:56,750] {taskinstance.py:1357} INFO - Starting attempt 1 of 2
[2023-04-30 07:59:56,751] {taskinstance.py:1358} INFO - 
--------------------------------------------------------------------------------
[2023-04-30 07:59:56,792] {taskinstance.py:1377} INFO - Executing <Task(BranchPythonOperator): to_attack_zoo> on 2023-04-29 00:00:00+00:00
[2023-04-30 07:59:56,817] {standard_task_runner.py:52} INFO - Started process 305 to run task
[2023-04-30 07:59:56,846] {standard_task_runner.py:79} INFO - Running: ['***', 'tasks', 'run', 'multi_sklearn_attack_dag', 'to_attack_zoo', 'scheduled__2023-04-29T00:00:00+00:00', '--job-id', '7052', '--raw', '--subdir', 'DAGS_FOLDER/sklearn_attack_dag.py', '--cfg-path', '/tmp/tmpv7ncjnhi', '--error-file', '/tmp/tmp0hmsjg1m']
[2023-04-30 07:59:56,882] {standard_task_runner.py:80} INFO - Job 7052: Subtask to_attack_zoo
[2023-04-30 07:59:57,314] {task_command.py:369} INFO - Running <TaskInstance: multi_sklearn_attack_dag.to_attack_zoo scheduled__2023-04-29T00:00:00+00:00 [running]> on host e7e31d5a6603
[2023-04-30 07:59:57,947] {taskinstance.py:1571} INFO - Exporting the following env vars:
AIRFLOW_CTX_DAG_OWNER=***
AIRFLOW_CTX_DAG_ID=multi_sklearn_attack_dag
AIRFLOW_CTX_TASK_ID=to_attack_zoo
AIRFLOW_CTX_EXECUTION_DATE=2023-04-29T00:00:00+00:00
AIRFLOW_CTX_TRY_NUMBER=1
AIRFLOW_CTX_DAG_RUN_ID=scheduled__2023-04-29T00:00:00+00:00
[2023-04-30 07:59:57,973] {python.py:173} INFO - Done. Returned value was: attack_zoo
[2023-04-30 07:59:57,975] {skipmixin.py:140} INFO - Following branch attack_zoo
[2023-04-30 07:59:57,988] {skipmixin.py:175} INFO - Skipping tasks ['default']
[2023-04-30 07:59:58,263] {taskinstance.py:1400} INFO - Marking task as SUCCESS. dag_id=multi_sklearn_attack_dag, task_id=to_attack_zoo, execution_date=20230429T000000, start_date=20230430T075956, end_date=20230430T075958
[2023-04-30 07:59:58,309] {local_task_job.py:156} INFO - Task exited with return code 0
[2023-04-30 07:59:58,550] {local_task_job.py:273} INFO - 1 downstream tasks scheduled from follow-on schedule check
