[2023-04-09 13:36:04,983] {taskinstance.py:1159} INFO - Dependencies all met for <TaskInstance: multi_defence_dag.Defence3 manual__2023-04-09T13:35:50.479893+00:00 [queued]>
[2023-04-09 13:36:05,010] {taskinstance.py:1159} INFO - Dependencies all met for <TaskInstance: multi_defence_dag.Defence3 manual__2023-04-09T13:35:50.479893+00:00 [queued]>
[2023-04-09 13:36:05,010] {taskinstance.py:1356} INFO - 
--------------------------------------------------------------------------------
[2023-04-09 13:36:05,012] {taskinstance.py:1357} INFO - Starting attempt 1 of 2
[2023-04-09 13:36:05,012] {taskinstance.py:1358} INFO - 
--------------------------------------------------------------------------------
[2023-04-09 13:36:05,035] {taskinstance.py:1377} INFO - Executing <Task(PythonOperator): Defence3> on 2023-04-09 13:35:50.479893+00:00
[2023-04-09 13:36:05,050] {standard_task_runner.py:52} INFO - Started process 449 to run task
[2023-04-09 13:36:05,054] {standard_task_runner.py:79} INFO - Running: ['***', 'tasks', 'run', 'multi_defence_dag', 'Defence3', 'manual__2023-04-09T13:35:50.479893+00:00', '--job-id', '5061', '--raw', '--subdir', 'DAGS_FOLDER/defence_dag.py', '--cfg-path', '/tmp/tmpwbcbipti', '--error-file', '/tmp/tmpc2h17r4s']
[2023-04-09 13:36:05,056] {standard_task_runner.py:80} INFO - Job 5061: Subtask Defence3
[2023-04-09 13:36:05,161] {task_command.py:369} INFO - Running <TaskInstance: multi_defence_dag.Defence3 manual__2023-04-09T13:35:50.479893+00:00 [running]> on host c5458bb8a35c
[2023-04-09 13:36:05,266] {taskinstance.py:1571} INFO - Exporting the following env vars:
AIRFLOW_CTX_DAG_OWNER=***
AIRFLOW_CTX_DAG_ID=multi_defence_dag
AIRFLOW_CTX_TASK_ID=Defence3
AIRFLOW_CTX_EXECUTION_DATE=2023-04-09T13:35:50.479893+00:00
AIRFLOW_CTX_TRY_NUMBER=1
AIRFLOW_CTX_DAG_RUN_ID=manual__2023-04-09T13:35:50.479893+00:00
[2023-04-09 13:36:05,288] {python.py:173} INFO - Done. Returned value was: None
[2023-04-09 13:36:05,305] {taskinstance.py:1400} INFO - Marking task as SUCCESS. dag_id=multi_defence_dag, task_id=Defence3, execution_date=20230409T133550, start_date=20230409T133604, end_date=20230409T133605
[2023-04-09 13:36:05,350] {local_task_job.py:156} INFO - Task exited with return code 0
[2023-04-09 13:36:05,399] {local_task_job.py:273} INFO - 0 downstream tasks scheduled from follow-on schedule check
