[2023-03-28 12:13:11,380] {taskinstance.py:1159} INFO - Dependencies all met for <TaskInstance: defence_dag2.trigger_offence manual__2023-03-28T12:12:58.709922+00:00 [queued]>
[2023-03-28 12:13:11,399] {taskinstance.py:1159} INFO - Dependencies all met for <TaskInstance: defence_dag2.trigger_offence manual__2023-03-28T12:12:58.709922+00:00 [queued]>
[2023-03-28 12:13:11,401] {taskinstance.py:1356} INFO - 
--------------------------------------------------------------------------------
[2023-03-28 12:13:11,402] {taskinstance.py:1357} INFO - Starting attempt 1 of 1
[2023-03-28 12:13:11,403] {taskinstance.py:1358} INFO - 
--------------------------------------------------------------------------------
[2023-03-28 12:13:11,433] {taskinstance.py:1377} INFO - Executing <Task(TriggerDagRunOperator): trigger_offence> on 2023-03-28 12:12:58.709922+00:00
[2023-03-28 12:13:11,443] {standard_task_runner.py:52} INFO - Started process 2285 to run task
[2023-03-28 12:13:11,447] {standard_task_runner.py:79} INFO - Running: ['***', 'tasks', 'run', 'defence_dag2', 'trigger_offence', 'manual__2023-03-28T12:12:58.709922+00:00', '--job-id', '4564', '--raw', '--subdir', 'DAGS_FOLDER/defese.py', '--cfg-path', '/tmp/tmpadm4nt1n', '--error-file', '/tmp/tmpt87ww4fi']
[2023-03-28 12:13:11,449] {standard_task_runner.py:80} INFO - Job 4564: Subtask trigger_offence
[2023-03-28 12:13:11,523] {task_command.py:369} INFO - Running <TaskInstance: defence_dag2.trigger_offence manual__2023-03-28T12:12:58.709922+00:00 [running]> on host ff3d40af78f9
[2023-03-28 12:13:11,610] {taskinstance.py:1571} INFO - Exporting the following env vars:
AIRFLOW_CTX_DAG_OWNER=***
AIRFLOW_CTX_DAG_ID=defence_dag2
AIRFLOW_CTX_TASK_ID=trigger_offence
AIRFLOW_CTX_EXECUTION_DATE=2023-03-28T12:12:58.709922+00:00
AIRFLOW_CTX_TRY_NUMBER=1
AIRFLOW_CTX_DAG_RUN_ID=manual__2023-03-28T12:12:58.709922+00:00
[2023-03-28 12:13:12,427] {taskinstance.py:1400} INFO - Marking task as SUCCESS. dag_id=defence_dag2, task_id=trigger_offence, execution_date=20230328T121258, start_date=20230328T121311, end_date=20230328T121312
[2023-03-28 12:13:12,464] {local_task_job.py:156} INFO - Task exited with return code 0
[2023-03-28 12:13:12,508] {local_task_job.py:273} INFO - 0 downstream tasks scheduled from follow-on schedule check
