[2023-03-28 10:30:10,974] {taskinstance.py:1159} INFO - Dependencies all met for <TaskInstance: defence_dag2.defence1 manual__2023-03-28T10:30:05.232378+00:00 [queued]>
[2023-03-28 10:30:10,988] {taskinstance.py:1159} INFO - Dependencies all met for <TaskInstance: defence_dag2.defence1 manual__2023-03-28T10:30:05.232378+00:00 [queued]>
[2023-03-28 10:30:10,988] {taskinstance.py:1356} INFO - 
--------------------------------------------------------------------------------
[2023-03-28 10:30:10,989] {taskinstance.py:1357} INFO - Starting attempt 1 of 1
[2023-03-28 10:30:10,990] {taskinstance.py:1358} INFO - 
--------------------------------------------------------------------------------
[2023-03-28 10:30:11,009] {taskinstance.py:1377} INFO - Executing <Task(PythonOperator): defence1> on 2023-03-28 10:30:05.232378+00:00
[2023-03-28 10:30:11,019] {standard_task_runner.py:52} INFO - Started process 2359 to run task
[2023-03-28 10:30:11,024] {standard_task_runner.py:79} INFO - Running: ['***', 'tasks', 'run', 'defence_dag2', 'defence1', 'manual__2023-03-28T10:30:05.232378+00:00', '--job-id', '4303', '--raw', '--subdir', 'DAGS_FOLDER/defese.py', '--cfg-path', '/tmp/tmpids5_e5e', '--error-file', '/tmp/tmpnipdf426']
[2023-03-28 10:30:11,026] {standard_task_runner.py:80} INFO - Job 4303: Subtask defence1
[2023-03-28 10:30:11,108] {task_command.py:369} INFO - Running <TaskInstance: defence_dag2.defence1 manual__2023-03-28T10:30:05.232378+00:00 [running]> on host 70f8824ef075
[2023-03-28 10:30:11,210] {taskinstance.py:1571} INFO - Exporting the following env vars:
AIRFLOW_CTX_DAG_OWNER=***
AIRFLOW_CTX_DAG_ID=defence_dag2
AIRFLOW_CTX_TASK_ID=defence1
AIRFLOW_CTX_EXECUTION_DATE=2023-03-28T10:30:05.232378+00:00
AIRFLOW_CTX_TRY_NUMBER=1
AIRFLOW_CTX_DAG_RUN_ID=manual__2023-03-28T10:30:05.232378+00:00
[2023-03-28 10:30:11,238] {logging_mixin.py:115} INFO - defensing
[2023-03-28 10:30:11,239] {python.py:173} INFO - Done. Returned value was: None
[2023-03-28 10:30:11,261] {taskinstance.py:1400} INFO - Marking task as SUCCESS. dag_id=defence_dag2, task_id=defence1, execution_date=20230328T103005, start_date=20230328T103010, end_date=20230328T103011
[2023-03-28 10:30:11,318] {local_task_job.py:156} INFO - Task exited with return code 0
[2023-03-28 10:30:11,384] {local_task_job.py:273} INFO - 1 downstream tasks scheduled from follow-on schedule check
