[2023-03-23 08:13:59,520] {taskinstance.py:1159} INFO - Dependencies all met for <TaskInstance: attack_dag2.attack manual__2023-03-23T08:13:58.706816+00:00 [queued]>
[2023-03-23 08:13:59,526] {taskinstance.py:1159} INFO - Dependencies all met for <TaskInstance: attack_dag2.attack manual__2023-03-23T08:13:58.706816+00:00 [queued]>
[2023-03-23 08:13:59,527] {taskinstance.py:1356} INFO - 
--------------------------------------------------------------------------------
[2023-03-23 08:13:59,527] {taskinstance.py:1357} INFO - Starting attempt 1 of 1
[2023-03-23 08:13:59,528] {taskinstance.py:1358} INFO - 
--------------------------------------------------------------------------------
[2023-03-23 08:13:59,539] {taskinstance.py:1377} INFO - Executing <Task(PythonOperator): attack> on 2023-03-23 08:13:58.706816+00:00
[2023-03-23 08:13:59,544] {standard_task_runner.py:52} INFO - Started process 122 to run task
[2023-03-23 08:13:59,547] {standard_task_runner.py:79} INFO - Running: ['***', 'tasks', 'run', 'attack_dag2', 'attack', 'manual__2023-03-23T08:13:58.706816+00:00', '--job-id', '2196', '--raw', '--subdir', 'DAGS_FOLDER/attack.py', '--cfg-path', '/tmp/tmp_8sz2umy', '--error-file', '/tmp/tmplkkbgw65']
[2023-03-23 08:13:59,548] {standard_task_runner.py:80} INFO - Job 2196: Subtask attack
[2023-03-23 08:13:59,596] {task_command.py:369} INFO - Running <TaskInstance: attack_dag2.attack manual__2023-03-23T08:13:58.706816+00:00 [running]> on host 6447f1dacd32
[2023-03-23 08:13:59,651] {taskinstance.py:1571} INFO - Exporting the following env vars:
AIRFLOW_CTX_DAG_OWNER=***
AIRFLOW_CTX_DAG_ID=attack_dag2
AIRFLOW_CTX_TASK_ID=attack
AIRFLOW_CTX_EXECUTION_DATE=2023-03-23T08:13:58.706816+00:00
AIRFLOW_CTX_TRY_NUMBER=1
AIRFLOW_CTX_DAG_RUN_ID=manual__2023-03-23T08:13:58.706816+00:00
[2023-03-23 08:13:59,656] {transport.py:157} INFO - Attempting refresh to obtain initial access_token
[2023-03-23 08:13:59,658] {client.py:777} INFO - Refreshing access_token
[2023-03-23 08:14:00,761] {transport.py:157} INFO - Attempting refresh to obtain initial access_token
[2023-03-23 08:14:00,763] {client.py:777} INFO - Refreshing access_token
[2023-03-23 08:14:01,440] {python.py:173} INFO - Done. Returned value was: None
[2023-03-23 08:14:01,452] {taskinstance.py:1400} INFO - Marking task as SUCCESS. dag_id=attack_dag2, task_id=attack, execution_date=20230323T081358, start_date=20230323T081359, end_date=20230323T081401
[2023-03-23 08:14:01,494] {local_task_job.py:156} INFO - Task exited with return code 0
[2023-03-23 08:14:01,531] {local_task_job.py:273} INFO - 1 downstream tasks scheduled from follow-on schedule check
