[2023-04-09 12:49:45,194] {taskinstance.py:1159} INFO - Dependencies all met for <TaskInstance: multi_defence_dag.stop manual__2023-04-09T12:48:45.979523+00:00 [queued]>
[2023-04-09 12:49:45,246] {taskinstance.py:1159} INFO - Dependencies all met for <TaskInstance: multi_defence_dag.stop manual__2023-04-09T12:48:45.979523+00:00 [queued]>
[2023-04-09 12:49:45,247] {taskinstance.py:1356} INFO - 
--------------------------------------------------------------------------------
[2023-04-09 12:49:45,247] {taskinstance.py:1357} INFO - Starting attempt 1 of 2
[2023-04-09 12:49:45,248] {taskinstance.py:1358} INFO - 
--------------------------------------------------------------------------------
[2023-04-09 12:49:45,277] {taskinstance.py:1377} INFO - Executing <Task(PythonOperator): stop> on 2023-04-09 12:48:45.979523+00:00
[2023-04-09 12:49:45,314] {standard_task_runner.py:52} INFO - Started process 15134 to run task
[2023-04-09 12:49:45,355] {standard_task_runner.py:79} INFO - Running: ['***', 'tasks', 'run', 'multi_defence_dag', 'stop', 'manual__2023-04-09T12:48:45.979523+00:00', '--job-id', '5006', '--raw', '--subdir', 'DAGS_FOLDER/defence_dag.py', '--cfg-path', '/tmp/tmpi87_wdqr', '--error-file', '/tmp/tmp0dmh4lqq']
[2023-04-09 12:49:45,365] {standard_task_runner.py:80} INFO - Job 5006: Subtask stop
[2023-04-09 12:49:45,497] {task_command.py:369} INFO - Running <TaskInstance: multi_defence_dag.stop manual__2023-04-09T12:48:45.979523+00:00 [running]> on host ff3d40af78f9
[2023-04-09 12:49:45,826] {taskinstance.py:1571} INFO - Exporting the following env vars:
AIRFLOW_CTX_DAG_OWNER=***
AIRFLOW_CTX_DAG_ID=multi_defence_dag
AIRFLOW_CTX_TASK_ID=stop
AIRFLOW_CTX_EXECUTION_DATE=2023-04-09T12:48:45.979523+00:00
AIRFLOW_CTX_TRY_NUMBER=1
AIRFLOW_CTX_DAG_RUN_ID=manual__2023-04-09T12:48:45.979523+00:00
[2023-04-09 12:49:45,827] {python.py:173} INFO - Done. Returned value was: Cycle has ended
[2023-04-09 12:49:45,907] {taskinstance.py:1400} INFO - Marking task as SUCCESS. dag_id=multi_defence_dag, task_id=stop, execution_date=20230409T124845, start_date=20230409T124945, end_date=20230409T124945
[2023-04-09 12:49:45,965] {local_task_job.py:156} INFO - Task exited with return code 0
[2023-04-09 12:49:46,054] {local_task_job.py:273} INFO - 0 downstream tasks scheduled from follow-on schedule check
