[2023-03-16 11:57:27,725] {taskinstance.py:1159} INFO - Dependencies all met for <TaskInstance: attack_dag.attack manual__2023-03-12T15:53:24.907111+00:00 [queued]>
[2023-03-16 11:57:27,819] {taskinstance.py:1159} INFO - Dependencies all met for <TaskInstance: attack_dag.attack manual__2023-03-12T15:53:24.907111+00:00 [queued]>
[2023-03-16 11:57:27,830] {taskinstance.py:1356} INFO - 
--------------------------------------------------------------------------------
[2023-03-16 11:57:27,831] {taskinstance.py:1357} INFO - Starting attempt 2 of 2
[2023-03-16 11:57:27,833] {taskinstance.py:1358} INFO - 
--------------------------------------------------------------------------------
[2023-03-16 11:57:28,186] {taskinstance.py:1377} INFO - Executing <Task(PythonOperator): attack> on 2023-03-12 15:53:24.907111+00:00
[2023-03-16 11:57:28,220] {standard_task_runner.py:52} INFO - Started process 986 to run task
[2023-03-16 11:57:28,234] {standard_task_runner.py:79} INFO - Running: ['***', 'tasks', 'run', 'attack_dag', 'attack', 'manual__2023-03-12T15:53:24.907111+00:00', '--job-id', '1090', '--raw', '--subdir', 'DAGS_FOLDER/attack.py', '--cfg-path', '/tmp/tmpq1_p6va_', '--error-file', '/tmp/tmph6yycvh4']
[2023-03-16 11:57:28,253] {standard_task_runner.py:80} INFO - Job 1090: Subtask attack
[2023-03-16 11:57:28,453] {task_command.py:369} INFO - Running <TaskInstance: attack_dag.attack manual__2023-03-12T15:53:24.907111+00:00 [running]> on host 596adcca7378
[2023-03-16 11:57:28,982] {taskinstance.py:1571} INFO - Exporting the following env vars:
AIRFLOW_CTX_DAG_OWNER=***
AIRFLOW_CTX_DAG_ID=attack_dag
AIRFLOW_CTX_TASK_ID=attack
AIRFLOW_CTX_EXECUTION_DATE=2023-03-12T15:53:24.907111+00:00
AIRFLOW_CTX_TRY_NUMBER=2
AIRFLOW_CTX_DAG_RUN_ID=manual__2023-03-12T15:53:24.907111+00:00
[2023-03-16 11:57:28,984] {logging_mixin.py:115} INFO - attacking!
[2023-03-16 11:57:28,986] {python.py:173} INFO - Done. Returned value was: None
[2023-03-16 11:57:29,355] {taskinstance.py:1400} INFO - Marking task as SUCCESS. dag_id=attack_dag, task_id=attack, execution_date=20230312T155324, start_date=20230316T115727, end_date=20230316T115729
[2023-03-16 11:57:29,617] {local_task_job.py:156} INFO - Task exited with return code 0
[2023-03-16 11:57:29,860] {local_task_job.py:273} INFO - 1 downstream tasks scheduled from follow-on schedule check
