[2023-03-23 15:02:07,362] {taskinstance.py:1159} INFO - Dependencies all met for <TaskInstance: multi_defence_dag.trigger_offence manual__2023-03-23T15:01:17.427334+00:00 [queued]>
[2023-03-23 15:02:07,407] {taskinstance.py:1159} INFO - Dependencies all met for <TaskInstance: multi_defence_dag.trigger_offence manual__2023-03-23T15:01:17.427334+00:00 [queued]>
[2023-03-23 15:02:07,409] {taskinstance.py:1356} INFO - 
--------------------------------------------------------------------------------
[2023-03-23 15:02:07,412] {taskinstance.py:1357} INFO - Starting attempt 1 of 2
[2023-03-23 15:02:07,414] {taskinstance.py:1358} INFO - 
--------------------------------------------------------------------------------
[2023-03-23 15:02:07,464] {taskinstance.py:1377} INFO - Executing <Task(TriggerDagRunOperator): trigger_offence> on 2023-03-23 15:01:17.427334+00:00
[2023-03-23 15:02:07,475] {standard_task_runner.py:52} INFO - Started process 11130 to run task
[2023-03-23 15:02:07,484] {standard_task_runner.py:79} INFO - Running: ['***', 'tasks', 'run', 'multi_defence_dag', 'trigger_offence', 'manual__2023-03-23T15:01:17.427334+00:00', '--job-id', '2768', '--raw', '--subdir', 'DAGS_FOLDER/defence_dag.py', '--cfg-path', '/tmp/tmpx1ju60ty', '--error-file', '/tmp/tmpo7yoqc77']
[2023-03-23 15:02:07,487] {standard_task_runner.py:80} INFO - Job 2768: Subtask trigger_offence
[2023-03-23 15:02:07,662] {task_command.py:369} INFO - Running <TaskInstance: multi_defence_dag.trigger_offence manual__2023-03-23T15:01:17.427334+00:00 [running]> on host 6447f1dacd32
[2023-03-23 15:02:07,869] {taskinstance.py:1571} INFO - Exporting the following env vars:
AIRFLOW_CTX_DAG_OWNER=***
AIRFLOW_CTX_DAG_ID=multi_defence_dag
AIRFLOW_CTX_TASK_ID=trigger_offence
AIRFLOW_CTX_EXECUTION_DATE=2023-03-23T15:01:17.427334+00:00
AIRFLOW_CTX_TRY_NUMBER=1
AIRFLOW_CTX_DAG_RUN_ID=manual__2023-03-23T15:01:17.427334+00:00
[2023-03-23 15:02:10,221] {taskinstance.py:1400} INFO - Marking task as SUCCESS. dag_id=multi_defence_dag, task_id=trigger_offence, execution_date=20230323T150117, start_date=20230323T150207, end_date=20230323T150210
[2023-03-23 15:02:10,328] {local_task_job.py:156} INFO - Task exited with return code 0
[2023-03-23 15:02:10,487] {local_task_job.py:273} INFO - 0 downstream tasks scheduled from follow-on schedule check
