[2023-03-23 15:06:49,396] {taskinstance.py:1159} INFO - Dependencies all met for <TaskInstance: multi_defence_dag.to_defence1 manual__2023-03-23T15:06:36.030711+00:00 [queued]>
[2023-03-23 15:06:49,628] {taskinstance.py:1159} INFO - Dependencies all met for <TaskInstance: multi_defence_dag.to_defence1 manual__2023-03-23T15:06:36.030711+00:00 [queued]>
[2023-03-23 15:06:49,637] {taskinstance.py:1356} INFO - 
--------------------------------------------------------------------------------
[2023-03-23 15:06:49,647] {taskinstance.py:1357} INFO - Starting attempt 1 of 2
[2023-03-23 15:06:49,651] {taskinstance.py:1358} INFO - 
--------------------------------------------------------------------------------
[2023-03-23 15:06:50,250] {taskinstance.py:1377} INFO - Executing <Task(BranchPythonOperator): to_defence1> on 2023-03-23 15:06:36.030711+00:00
[2023-03-23 15:06:50,444] {standard_task_runner.py:79} INFO - Running: ['***', 'tasks', 'run', 'multi_defence_dag', 'to_defence1', 'manual__2023-03-23T15:06:36.030711+00:00', '--job-id', '2799', '--raw', '--subdir', 'DAGS_FOLDER/defence_dag.py', '--cfg-path', '/tmp/tmpxv1d158u', '--error-file', '/tmp/tmp9v72sxf6']
[2023-03-23 15:06:50,498] {standard_task_runner.py:80} INFO - Job 2799: Subtask to_defence1
[2023-03-23 15:06:50,428] {standard_task_runner.py:52} INFO - Started process 11296 to run task
[2023-03-23 15:06:51,305] {task_command.py:369} INFO - Running <TaskInstance: multi_defence_dag.to_defence1 manual__2023-03-23T15:06:36.030711+00:00 [running]> on host 6447f1dacd32
[2023-03-23 15:06:57,477] {taskinstance.py:1571} INFO - Exporting the following env vars:
AIRFLOW_CTX_DAG_OWNER=***
AIRFLOW_CTX_DAG_ID=multi_defence_dag
AIRFLOW_CTX_TASK_ID=to_defence1
AIRFLOW_CTX_EXECUTION_DATE=2023-03-23T15:06:36.030711+00:00
AIRFLOW_CTX_TRY_NUMBER=1
AIRFLOW_CTX_DAG_RUN_ID=manual__2023-03-23T15:06:36.030711+00:00
[2023-03-23 15:06:57,559] {python.py:173} INFO - Done. Returned value was: Defence1
[2023-03-23 15:06:57,561] {skipmixin.py:140} INFO - Following branch Defence1
[2023-03-23 15:06:57,565] {skipmixin.py:175} INFO - Skipping tasks ['default']
[2023-03-23 15:06:57,969] {taskinstance.py:1400} INFO - Marking task as SUCCESS. dag_id=multi_defence_dag, task_id=to_defence1, execution_date=20230323T150636, start_date=20230323T150649, end_date=20230323T150657
[2023-03-23 15:06:58,321] {local_task_job.py:156} INFO - Task exited with return code 0
[2023-03-23 15:06:58,862] {local_task_job.py:273} INFO - 1 downstream tasks scheduled from follow-on schedule check
