[2023-04-27 09:14:50,175] {taskinstance.py:1159} INFO - Dependencies all met for <TaskInstance: multi_attack_dag.attack_Wasserstein manual__2023-04-27T09:01:19.609297+00:00 [queued]>
[2023-04-27 09:14:50,294] {taskinstance.py:1159} INFO - Dependencies all met for <TaskInstance: multi_attack_dag.attack_Wasserstein manual__2023-04-27T09:01:19.609297+00:00 [queued]>
[2023-04-27 09:14:50,300] {taskinstance.py:1356} INFO - 
--------------------------------------------------------------------------------
[2023-04-27 09:14:50,311] {taskinstance.py:1357} INFO - Starting attempt 2 of 2
[2023-04-27 09:14:50,312] {taskinstance.py:1358} INFO - 
--------------------------------------------------------------------------------
[2023-04-27 09:14:50,624] {taskinstance.py:1377} INFO - Executing <Task(PythonOperator): attack_Wasserstein> on 2023-04-27 09:01:19.609297+00:00
[2023-04-27 09:14:50,814] {standard_task_runner.py:52} INFO - Started process 3070 to run task
[2023-04-27 09:14:50,846] {standard_task_runner.py:79} INFO - Running: ['***', 'tasks', 'run', 'multi_attack_dag', 'attack_Wasserstein', 'manual__2023-04-27T09:01:19.609297+00:00', '--job-id', '6484', '--raw', '--subdir', 'DAGS_FOLDER/attack_dag.py', '--cfg-path', '/tmp/tmphz0s9422', '--error-file', '/tmp/tmpx2ahqf6d']
[2023-04-27 09:14:50,924] {standard_task_runner.py:80} INFO - Job 6484: Subtask attack_Wasserstein
[2023-04-27 09:14:51,583] {task_command.py:369} INFO - Running <TaskInstance: multi_attack_dag.attack_Wasserstein manual__2023-04-27T09:01:19.609297+00:00 [running]> on host e7e31d5a6603
[2023-04-27 09:14:52,854] {taskinstance.py:1571} INFO - Exporting the following env vars:
AIRFLOW_CTX_DAG_OWNER=***
AIRFLOW_CTX_DAG_ID=multi_attack_dag
AIRFLOW_CTX_TASK_ID=attack_Wasserstein
AIRFLOW_CTX_EXECUTION_DATE=2023-04-27T09:01:19.609297+00:00
AIRFLOW_CTX_TRY_NUMBER=2
AIRFLOW_CTX_DAG_RUN_ID=manual__2023-04-27T09:01:19.609297+00:00
[2023-04-27 09:14:52,916] {transport.py:157} INFO - Attempting refresh to obtain initial access_token
[2023-04-27 09:14:52,938] {client.py:777} INFO - Refreshing access_token
[2023-04-27 09:14:53,682] {transport.py:157} INFO - Attempting refresh to obtain initial access_token
[2023-04-27 09:14:53,701] {client.py:777} INFO - Refreshing access_token
[2023-04-27 09:15:17,977] {pytorch.py:1198} INFO - Inferred 5 hidden layers on PyTorch classifier.
[2023-04-27 09:20:34,181] {attack_dag.py:642} INFO - Optimizing...
[2023-04-27 09:20:34,189] {logging_mixin.py:115} INFO - I am right here on <class 'art.attacks.evasion.wasserstein.Wasserstein'>
[2023-04-27 09:20:34,204] {taskinstance.py:1889} ERROR - Task failed with exception
Traceback (most recent call last):
  File "/home/airflow/.local/lib/python3.7/site-packages/airflow/operators/python.py", line 171, in execute
    return_value = self.execute_callable()
  File "/home/airflow/.local/lib/python3.7/site-packages/airflow/operators/python.py", line 189, in execute_callable
    return self.python_callable(*self.op_args, **self.op_kwargs)
  File "/opt/airflow/dags/attack_dag.py", line 429, in attack_Wasserstein
    model_acc, adversarial_examples  = attack(Wasserstein)
  File "/opt/airflow/dags/attack_dag.py", line 643, in attack
    optimized_attack = optimize_evasion_attack(attack_obj,estimator,x_test,y_test)
  File "/opt/airflow/dags/attack_dag.py", line 616, in optimize_evasion_attack
    search_space = [v for k, v in attack_parameter_range[attack.__name__].items()]
KeyError: 'Wasserstein'
[2023-04-27 09:20:34,337] {taskinstance.py:1400} INFO - Marking task as FAILED. dag_id=multi_attack_dag, task_id=attack_Wasserstein, execution_date=20230427T090119, start_date=20230427T091450, end_date=20230427T092034
[2023-04-27 09:20:34,509] {standard_task_runner.py:97} ERROR - Failed to execute job 6484 for task attack_Wasserstein ('Wasserstein'; 3070)
[2023-04-27 09:20:34,602] {local_task_job.py:156} INFO - Task exited with return code 1
[2023-04-27 09:20:34,965] {local_task_job.py:273} INFO - 0 downstream tasks scheduled from follow-on schedule check
