[2023-03-16 16:49:58,400] {taskinstance.py:1159} INFO - Dependencies all met for <TaskInstance: xcom_dag.choose_best manual__2023-03-16T16:44:18.408277+00:00 [queued]>
[2023-03-16 16:49:58,430] {taskinstance.py:1159} INFO - Dependencies all met for <TaskInstance: xcom_dag.choose_best manual__2023-03-16T16:44:18.408277+00:00 [queued]>
[2023-03-16 16:49:58,430] {taskinstance.py:1356} INFO - 
--------------------------------------------------------------------------------
[2023-03-16 16:49:58,430] {taskinstance.py:1357} INFO - Starting attempt 2 of 2
[2023-03-16 16:49:58,431] {taskinstance.py:1358} INFO - 
--------------------------------------------------------------------------------
[2023-03-16 16:49:58,467] {taskinstance.py:1377} INFO - Executing <Task(PythonOperator): choose_best> on 2023-03-16 16:44:18.408277+00:00
[2023-03-16 16:49:58,472] {standard_task_runner.py:52} INFO - Started process 65 to run task
[2023-03-16 16:49:58,476] {standard_task_runner.py:79} INFO - Running: ['***', 'tasks', 'run', 'xcom_dag', 'choose_best', 'manual__2023-03-16T16:44:18.408277+00:00', '--job-id', '1464', '--raw', '--subdir', 'DAGS_FOLDER/dynamic_dag.py', '--cfg-path', '/tmp/tmp0brhp4lp', '--error-file', '/tmp/tmpzjctf1rs']
[2023-03-16 16:49:58,486] {standard_task_runner.py:80} INFO - Job 1464: Subtask choose_best
[2023-03-16 16:49:58,608] {task_command.py:369} INFO - Running <TaskInstance: xcom_dag.choose_best manual__2023-03-16T16:44:18.408277+00:00 [running]> on host 596adcca7378
[2023-03-16 16:49:58,778] {taskinstance.py:1571} INFO - Exporting the following env vars:
AIRFLOW_CTX_DAG_OWNER=***
AIRFLOW_CTX_DAG_ID=xcom_dag
AIRFLOW_CTX_TASK_ID=choose_best
AIRFLOW_CTX_EXECUTION_DATE=2023-03-16T16:44:18.408277+00:00
AIRFLOW_CTX_TRY_NUMBER=2
AIRFLOW_CTX_DAG_RUN_ID=manual__2023-03-16T16:44:18.408277+00:00
[2023-03-16 16:49:58,938] {python.py:173} INFO - Done. Returned value was: None
[2023-03-16 16:49:58,971] {taskinstance.py:1400} INFO - Marking task as SUCCESS. dag_id=xcom_dag, task_id=choose_best, execution_date=20230316T164418, start_date=20230316T164958, end_date=20230316T164958
[2023-03-16 16:49:59,019] {local_task_job.py:156} INFO - Task exited with return code 0
[2023-03-16 16:49:59,212] {local_task_job.py:273} INFO - 0 downstream tasks scheduled from follow-on schedule check
