[2023-04-27 08:20:17,747] {taskinstance.py:1159} INFO - Dependencies all met for <TaskInstance: multi_defence_dag.Defence2 scheduled__2023-04-23T00:00:00+00:00 [queued]>
[2023-04-27 08:20:17,996] {taskinstance.py:1159} INFO - Dependencies all met for <TaskInstance: multi_defence_dag.Defence2 scheduled__2023-04-23T00:00:00+00:00 [queued]>
[2023-04-27 08:20:17,997] {taskinstance.py:1356} INFO - 
--------------------------------------------------------------------------------
[2023-04-27 08:20:17,998] {taskinstance.py:1357} INFO - Starting attempt 1 of 2
[2023-04-27 08:20:17,999] {taskinstance.py:1358} INFO - 
--------------------------------------------------------------------------------
[2023-04-27 08:20:18,320] {taskinstance.py:1377} INFO - Executing <Task(PythonOperator): Defence2> on 2023-04-23 00:00:00+00:00
[2023-04-27 08:20:18,440] {standard_task_runner.py:52} INFO - Started process 267 to run task
[2023-04-27 08:20:18,533] {standard_task_runner.py:79} INFO - Running: ['***', 'tasks', 'run', 'multi_defence_dag', 'Defence2', 'scheduled__2023-04-23T00:00:00+00:00', '--job-id', '6320', '--raw', '--subdir', 'DAGS_FOLDER/defence_dag.py', '--cfg-path', '/tmp/tmpie4kukum', '--error-file', '/tmp/tmp_s9on63p']
[2023-04-27 08:20:18,565] {standard_task_runner.py:80} INFO - Job 6320: Subtask Defence2
[2023-04-27 08:20:19,648] {task_command.py:369} INFO - Running <TaskInstance: multi_defence_dag.Defence2 scheduled__2023-04-23T00:00:00+00:00 [running]> on host e7e31d5a6603
[2023-04-27 08:20:21,180] {taskinstance.py:1571} INFO - Exporting the following env vars:
AIRFLOW_CTX_DAG_OWNER=***
AIRFLOW_CTX_DAG_ID=multi_defence_dag
AIRFLOW_CTX_TASK_ID=Defence2
AIRFLOW_CTX_EXECUTION_DATE=2023-04-23T00:00:00+00:00
AIRFLOW_CTX_TRY_NUMBER=1
AIRFLOW_CTX_DAG_RUN_ID=scheduled__2023-04-23T00:00:00+00:00
[2023-04-27 08:20:21,536] {python.py:173} INFO - Done. Returned value was: None
[2023-04-27 08:20:21,953] {taskinstance.py:1400} INFO - Marking task as SUCCESS. dag_id=multi_defence_dag, task_id=Defence2, execution_date=20230423T000000, start_date=20230427T082017, end_date=20230427T082021
[2023-04-27 08:20:22,755] {local_task_job.py:156} INFO - Task exited with return code 0
[2023-04-27 08:20:23,322] {local_task_job.py:273} INFO - 0 downstream tasks scheduled from follow-on schedule check
