[2023-03-23 15:32:26,625] {taskinstance.py:1159} INFO - Dependencies all met for <TaskInstance: multi_defence_dag.to_defence1 manual__2023-03-23T15:32:22.919888+00:00 [queued]>
[2023-03-23 15:32:26,634] {taskinstance.py:1159} INFO - Dependencies all met for <TaskInstance: multi_defence_dag.to_defence1 manual__2023-03-23T15:32:22.919888+00:00 [queued]>
[2023-03-23 15:32:26,635] {taskinstance.py:1356} INFO - 
--------------------------------------------------------------------------------
[2023-03-23 15:32:26,636] {taskinstance.py:1357} INFO - Starting attempt 1 of 2
[2023-03-23 15:32:26,636] {taskinstance.py:1358} INFO - 
--------------------------------------------------------------------------------
[2023-03-23 15:32:26,649] {taskinstance.py:1377} INFO - Executing <Task(BranchPythonOperator): to_defence1> on 2023-03-23 15:32:22.919888+00:00
[2023-03-23 15:32:26,654] {standard_task_runner.py:52} INFO - Started process 12431 to run task
[2023-03-23 15:32:26,657] {standard_task_runner.py:79} INFO - Running: ['***', 'tasks', 'run', 'multi_defence_dag', 'to_defence1', 'manual__2023-03-23T15:32:22.919888+00:00', '--job-id', '3140', '--raw', '--subdir', 'DAGS_FOLDER/defence_dag.py', '--cfg-path', '/tmp/tmplr_u7ir4', '--error-file', '/tmp/tmpoq_32jzp']
[2023-03-23 15:32:26,658] {standard_task_runner.py:80} INFO - Job 3140: Subtask to_defence1
[2023-03-23 15:32:26,715] {task_command.py:369} INFO - Running <TaskInstance: multi_defence_dag.to_defence1 manual__2023-03-23T15:32:22.919888+00:00 [running]> on host 6447f1dacd32
[2023-03-23 15:32:26,785] {taskinstance.py:1571} INFO - Exporting the following env vars:
AIRFLOW_CTX_DAG_OWNER=***
AIRFLOW_CTX_DAG_ID=multi_defence_dag
AIRFLOW_CTX_TASK_ID=to_defence1
AIRFLOW_CTX_EXECUTION_DATE=2023-03-23T15:32:22.919888+00:00
AIRFLOW_CTX_TRY_NUMBER=1
AIRFLOW_CTX_DAG_RUN_ID=manual__2023-03-23T15:32:22.919888+00:00
[2023-03-23 15:32:26,795] {python.py:173} INFO - Done. Returned value was: Defence1
[2023-03-23 15:32:26,796] {skipmixin.py:140} INFO - Following branch Defence1
[2023-03-23 15:32:26,797] {skipmixin.py:175} INFO - Skipping tasks ['default']
[2023-03-23 15:32:26,843] {taskinstance.py:1400} INFO - Marking task as SUCCESS. dag_id=multi_defence_dag, task_id=to_defence1, execution_date=20230323T153222, start_date=20230323T153226, end_date=20230323T153226
[2023-03-23 15:32:26,870] {local_task_job.py:156} INFO - Task exited with return code 0
[2023-03-23 15:32:26,921] {local_task_job.py:273} INFO - 1 downstream tasks scheduled from follow-on schedule check
