[2023-04-09 10:58:57,592] {taskinstance.py:1159} INFO - Dependencies all met for <TaskInstance: multi_defence_dag.Defence2 manual__2023-04-09T10:58:45.580350+00:00 [queued]>
[2023-04-09 10:58:57,614] {taskinstance.py:1159} INFO - Dependencies all met for <TaskInstance: multi_defence_dag.Defence2 manual__2023-04-09T10:58:45.580350+00:00 [queued]>
[2023-04-09 10:58:57,614] {taskinstance.py:1356} INFO - 
--------------------------------------------------------------------------------
[2023-04-09 10:58:57,616] {taskinstance.py:1357} INFO - Starting attempt 1 of 2
[2023-04-09 10:58:57,616] {taskinstance.py:1358} INFO - 
--------------------------------------------------------------------------------
[2023-04-09 10:58:57,642] {taskinstance.py:1377} INFO - Executing <Task(PythonOperator): Defence2> on 2023-04-09 10:58:45.580350+00:00
[2023-04-09 10:58:57,655] {standard_task_runner.py:52} INFO - Started process 10261 to run task
[2023-04-09 10:58:57,662] {standard_task_runner.py:79} INFO - Running: ['***', 'tasks', 'run', 'multi_defence_dag', 'Defence2', 'manual__2023-04-09T10:58:45.580350+00:00', '--job-id', '4918', '--raw', '--subdir', 'DAGS_FOLDER/defence_dag.py', '--cfg-path', '/tmp/tmps92tm3vj', '--error-file', '/tmp/tmp_kpxtjsa']
[2023-04-09 10:58:57,664] {standard_task_runner.py:80} INFO - Job 4918: Subtask Defence2
[2023-04-09 10:58:57,780] {task_command.py:369} INFO - Running <TaskInstance: multi_defence_dag.Defence2 manual__2023-04-09T10:58:45.580350+00:00 [running]> on host ff3d40af78f9
[2023-04-09 10:58:57,920] {taskinstance.py:1571} INFO - Exporting the following env vars:
AIRFLOW_CTX_DAG_OWNER=***
AIRFLOW_CTX_DAG_ID=multi_defence_dag
AIRFLOW_CTX_TASK_ID=Defence2
AIRFLOW_CTX_EXECUTION_DATE=2023-04-09T10:58:45.580350+00:00
AIRFLOW_CTX_TRY_NUMBER=1
AIRFLOW_CTX_DAG_RUN_ID=manual__2023-04-09T10:58:45.580350+00:00
[2023-04-09 10:58:57,951] {python.py:173} INFO - Done. Returned value was: None
[2023-04-09 10:58:57,976] {taskinstance.py:1400} INFO - Marking task as SUCCESS. dag_id=multi_defence_dag, task_id=Defence2, execution_date=20230409T105845, start_date=20230409T105857, end_date=20230409T105857
[2023-04-09 10:58:58,035] {local_task_job.py:156} INFO - Task exited with return code 0
[2023-04-09 10:58:58,174] {local_task_job.py:273} INFO - 0 downstream tasks scheduled from follow-on schedule check
