[2023-03-23 15:33:53,729] {taskinstance.py:1159} INFO - Dependencies all met for <TaskInstance: multi_defence_dag.to_defence3 manual__2023-03-23T15:33:49.153452+00:00 [queued]>
[2023-03-23 15:33:53,764] {taskinstance.py:1159} INFO - Dependencies all met for <TaskInstance: multi_defence_dag.to_defence3 manual__2023-03-23T15:33:49.153452+00:00 [queued]>
[2023-03-23 15:33:53,765] {taskinstance.py:1356} INFO - 
--------------------------------------------------------------------------------
[2023-03-23 15:33:53,766] {taskinstance.py:1357} INFO - Starting attempt 1 of 2
[2023-03-23 15:33:53,767] {taskinstance.py:1358} INFO - 
--------------------------------------------------------------------------------
[2023-03-23 15:33:53,797] {taskinstance.py:1377} INFO - Executing <Task(BranchPythonOperator): to_defence3> on 2023-03-23 15:33:49.153452+00:00
[2023-03-23 15:33:53,838] {standard_task_runner.py:52} INFO - Started process 12804 to run task
[2023-03-23 15:33:53,850] {standard_task_runner.py:79} INFO - Running: ['***', 'tasks', 'run', 'multi_defence_dag', 'to_defence3', 'manual__2023-03-23T15:33:49.153452+00:00', '--job-id', '3284', '--raw', '--subdir', 'DAGS_FOLDER/defence_dag.py', '--cfg-path', '/tmp/tmp48ahpprv', '--error-file', '/tmp/tmp93v474o6']
[2023-03-23 15:33:53,854] {standard_task_runner.py:80} INFO - Job 3284: Subtask to_defence3
[2023-03-23 15:33:54,105] {task_command.py:369} INFO - Running <TaskInstance: multi_defence_dag.to_defence3 manual__2023-03-23T15:33:49.153452+00:00 [running]> on host 6447f1dacd32
[2023-03-23 15:33:54,379] {taskinstance.py:1571} INFO - Exporting the following env vars:
AIRFLOW_CTX_DAG_OWNER=***
AIRFLOW_CTX_DAG_ID=multi_defence_dag
AIRFLOW_CTX_TASK_ID=to_defence3
AIRFLOW_CTX_EXECUTION_DATE=2023-03-23T15:33:49.153452+00:00
AIRFLOW_CTX_TRY_NUMBER=1
AIRFLOW_CTX_DAG_RUN_ID=manual__2023-03-23T15:33:49.153452+00:00
[2023-03-23 15:33:54,418] {python.py:173} INFO - Done. Returned value was: Defence3
[2023-03-23 15:33:54,419] {skipmixin.py:140} INFO - Following branch Defence3
[2023-03-23 15:33:54,421] {skipmixin.py:175} INFO - Skipping tasks ['default']
[2023-03-23 15:33:54,553] {taskinstance.py:1400} INFO - Marking task as SUCCESS. dag_id=multi_defence_dag, task_id=to_defence3, execution_date=20230323T153349, start_date=20230323T153353, end_date=20230323T153354
[2023-03-23 15:33:54,620] {local_task_job.py:156} INFO - Task exited with return code 0
[2023-03-23 15:33:54,758] {local_task_job.py:273} INFO - 1 downstream tasks scheduled from follow-on schedule check
