[2023-04-27 12:27:33,929] {taskinstance.py:1159} INFO - Dependencies all met for <TaskInstance: multi_attack_dag.to_attack_AutoAttack manual__2023-04-27T12:25:48.345057+00:00 [queued]>
[2023-04-27 12:27:34,094] {taskinstance.py:1159} INFO - Dependencies all met for <TaskInstance: multi_attack_dag.to_attack_AutoAttack manual__2023-04-27T12:25:48.345057+00:00 [queued]>
[2023-04-27 12:27:34,099] {taskinstance.py:1356} INFO - 
--------------------------------------------------------------------------------
[2023-04-27 12:27:34,107] {taskinstance.py:1357} INFO - Starting attempt 1 of 2
[2023-04-27 12:27:34,117] {taskinstance.py:1358} INFO - 
--------------------------------------------------------------------------------
[2023-04-27 12:27:34,285] {taskinstance.py:1377} INFO - Executing <Task(BranchPythonOperator): to_attack_AutoAttack> on 2023-04-27 12:25:48.345057+00:00
[2023-04-27 12:27:34,319] {standard_task_runner.py:52} INFO - Started process 4056 to run task
[2023-04-27 12:27:34,334] {standard_task_runner.py:79} INFO - Running: ['***', 'tasks', 'run', 'multi_attack_dag', 'to_attack_AutoAttack', 'manual__2023-04-27T12:25:48.345057+00:00', '--job-id', '6839', '--raw', '--subdir', 'DAGS_FOLDER/attack_dag.py', '--cfg-path', '/tmp/tmpsflscihq', '--error-file', '/tmp/tmp_gaqzmkx']
[2023-04-27 12:27:34,352] {standard_task_runner.py:80} INFO - Job 6839: Subtask to_attack_AutoAttack
[2023-04-27 12:27:34,694] {task_command.py:369} INFO - Running <TaskInstance: multi_attack_dag.to_attack_AutoAttack manual__2023-04-27T12:25:48.345057+00:00 [running]> on host e7e31d5a6603
[2023-04-27 12:27:35,003] {taskinstance.py:1571} INFO - Exporting the following env vars:
AIRFLOW_CTX_DAG_OWNER=***
AIRFLOW_CTX_DAG_ID=multi_attack_dag
AIRFLOW_CTX_TASK_ID=to_attack_AutoAttack
AIRFLOW_CTX_EXECUTION_DATE=2023-04-27T12:25:48.345057+00:00
AIRFLOW_CTX_TRY_NUMBER=1
AIRFLOW_CTX_DAG_RUN_ID=manual__2023-04-27T12:25:48.345057+00:00
[2023-04-27 12:27:35,078] {python.py:173} INFO - Done. Returned value was: default_attack
[2023-04-27 12:27:35,087] {skipmixin.py:140} INFO - Following branch default_attack
[2023-04-27 12:27:35,381] {taskinstance.py:1400} INFO - Marking task as SUCCESS. dag_id=multi_attack_dag, task_id=to_attack_AutoAttack, execution_date=20230427T122548, start_date=20230427T122733, end_date=20230427T122735
[2023-04-27 12:27:35,642] {local_task_job.py:156} INFO - Task exited with return code 0
[2023-04-27 12:27:36,199] {local_task_job.py:273} INFO - 0 downstream tasks scheduled from follow-on schedule check
