[2023-04-09 08:47:03,280] {taskinstance.py:1159} INFO - Dependencies all met for <TaskInstance: multi_defence_dag.choose_best manual__2023-04-09T08:45:35.384331+00:00 [queued]>
[2023-04-09 08:47:03,311] {taskinstance.py:1159} INFO - Dependencies all met for <TaskInstance: multi_defence_dag.choose_best manual__2023-04-09T08:45:35.384331+00:00 [queued]>
[2023-04-09 08:47:03,312] {taskinstance.py:1356} INFO - 
--------------------------------------------------------------------------------
[2023-04-09 08:47:03,313] {taskinstance.py:1357} INFO - Starting attempt 1 of 2
[2023-04-09 08:47:03,314] {taskinstance.py:1358} INFO - 
--------------------------------------------------------------------------------
[2023-04-09 08:47:03,376] {taskinstance.py:1377} INFO - Executing <Task(PythonOperator): choose_best> on 2023-04-09 08:45:35.384331+00:00
[2023-04-09 08:47:03,399] {standard_task_runner.py:52} INFO - Started process 5070 to run task
[2023-04-09 08:47:03,419] {standard_task_runner.py:79} INFO - Running: ['***', 'tasks', 'run', 'multi_defence_dag', 'choose_best', 'manual__2023-04-09T08:45:35.384331+00:00', '--job-id', '4829', '--raw', '--subdir', 'DAGS_FOLDER/defence_dag.py', '--cfg-path', '/tmp/tmp8020nvje', '--error-file', '/tmp/tmpw11mme8t']
[2023-04-09 08:47:03,423] {standard_task_runner.py:80} INFO - Job 4829: Subtask choose_best
[2023-04-09 08:47:03,605] {task_command.py:369} INFO - Running <TaskInstance: multi_defence_dag.choose_best manual__2023-04-09T08:45:35.384331+00:00 [running]> on host ff3d40af78f9
[2023-04-09 08:47:03,806] {taskinstance.py:1571} INFO - Exporting the following env vars:
AIRFLOW_CTX_DAG_OWNER=***
AIRFLOW_CTX_DAG_ID=multi_defence_dag
AIRFLOW_CTX_TASK_ID=choose_best
AIRFLOW_CTX_EXECUTION_DATE=2023-04-09T08:45:35.384331+00:00
AIRFLOW_CTX_TRY_NUMBER=1
AIRFLOW_CTX_DAG_RUN_ID=manual__2023-04-09T08:45:35.384331+00:00
[2023-04-09 08:47:04,015] {transport.py:157} INFO - Attempting refresh to obtain initial access_token
[2023-04-09 08:47:04,035] {client.py:777} INFO - Refreshing access_token
[2023-04-09 08:47:05,220] {transport.py:157} INFO - Attempting refresh to obtain initial access_token
[2023-04-09 08:47:05,226] {client.py:777} INFO - Refreshing access_token
[2023-04-09 08:47:05,763] {python.py:173} INFO - Done. Returned value was: None
[2023-04-09 08:47:05,787] {taskinstance.py:1400} INFO - Marking task as SUCCESS. dag_id=multi_defence_dag, task_id=choose_best, execution_date=20230409T084535, start_date=20230409T084703, end_date=20230409T084705
[2023-04-09 08:47:05,846] {local_task_job.py:156} INFO - Task exited with return code 0
[2023-04-09 08:47:05,968] {local_task_job.py:273} INFO - 1 downstream tasks scheduled from follow-on schedule check
