[2023-03-28 10:49:59,942] {taskinstance.py:1159} INFO - Dependencies all met for <TaskInstance: defence_dag2.storing manual__2023-03-28T10:49:55.828137+00:00 [queued]>
[2023-03-28 10:49:59,955] {taskinstance.py:1159} INFO - Dependencies all met for <TaskInstance: defence_dag2.storing manual__2023-03-28T10:49:55.828137+00:00 [queued]>
[2023-03-28 10:49:59,956] {taskinstance.py:1356} INFO - 
--------------------------------------------------------------------------------
[2023-03-28 10:49:59,956] {taskinstance.py:1357} INFO - Starting attempt 1 of 1
[2023-03-28 10:49:59,957] {taskinstance.py:1358} INFO - 
--------------------------------------------------------------------------------
[2023-03-28 10:49:59,973] {taskinstance.py:1377} INFO - Executing <Task(BashOperator): storing> on 2023-03-28 10:49:55.828137+00:00
[2023-03-28 10:50:00,003] {standard_task_runner.py:52} INFO - Started process 276 to run task
[2023-03-28 10:50:00,008] {standard_task_runner.py:79} INFO - Running: ['***', 'tasks', 'run', 'defence_dag2', 'storing', 'manual__2023-03-28T10:49:55.828137+00:00', '--job-id', '4465', '--raw', '--subdir', 'DAGS_FOLDER/defese.py', '--cfg-path', '/tmp/tmp6ba5hue7', '--error-file', '/tmp/tmp4hc5ewym']
[2023-03-28 10:50:00,010] {standard_task_runner.py:80} INFO - Job 4465: Subtask storing
[2023-03-28 10:50:00,094] {task_command.py:369} INFO - Running <TaskInstance: defence_dag2.storing manual__2023-03-28T10:49:55.828137+00:00 [running]> on host a826a5b95b6c
[2023-03-28 10:50:00,237] {taskinstance.py:1571} INFO - Exporting the following env vars:
AIRFLOW_CTX_DAG_OWNER=***
AIRFLOW_CTX_DAG_ID=defence_dag2
AIRFLOW_CTX_TASK_ID=storing
AIRFLOW_CTX_EXECUTION_DATE=2023-03-28T10:49:55.828137+00:00
AIRFLOW_CTX_TRY_NUMBER=1
AIRFLOW_CTX_DAG_RUN_ID=manual__2023-03-28T10:49:55.828137+00:00
[2023-03-28 10:50:00,240] {subprocess.py:62} INFO - Tmp dir root location: 
 /tmp
[2023-03-28 10:50:00,242] {subprocess.py:74} INFO - Running command: ['bash', '-c', 'sleep 1']
[2023-03-28 10:50:00,265] {subprocess.py:85} INFO - Output:
[2023-03-28 10:50:01,270] {subprocess.py:96} INFO - Command exited with return code 0
[2023-03-28 10:50:01,323] {taskinstance.py:1400} INFO - Marking task as SUCCESS. dag_id=defence_dag2, task_id=storing, execution_date=20230328T104955, start_date=20230328T104959, end_date=20230328T105001
[2023-03-28 10:50:01,353] {local_task_job.py:156} INFO - Task exited with return code 0
[2023-03-28 10:50:01,420] {local_task_job.py:273} INFO - 1 downstream tasks scheduled from follow-on schedule check
