[2023-03-23 11:15:27,845] {taskinstance.py:1159} INFO - Dependencies all met for <TaskInstance: defence_dag2.stop manual__2023-03-23T11:15:20.618565+00:00 [queued]>
[2023-03-23 11:15:27,856] {taskinstance.py:1159} INFO - Dependencies all met for <TaskInstance: defence_dag2.stop manual__2023-03-23T11:15:20.618565+00:00 [queued]>
[2023-03-23 11:15:27,856] {taskinstance.py:1356} INFO - 
--------------------------------------------------------------------------------
[2023-03-23 11:15:27,857] {taskinstance.py:1357} INFO - Starting attempt 1 of 1
[2023-03-23 11:15:27,858] {taskinstance.py:1358} INFO - 
--------------------------------------------------------------------------------
[2023-03-23 11:15:27,870] {taskinstance.py:1377} INFO - Executing <Task(PythonOperator): stop> on 2023-03-23 11:15:20.618565+00:00
[2023-03-23 11:15:27,875] {standard_task_runner.py:52} INFO - Started process 1442 to run task
[2023-03-23 11:15:27,877] {standard_task_runner.py:79} INFO - Running: ['***', 'tasks', 'run', 'defence_dag2', 'stop', 'manual__2023-03-23T11:15:20.618565+00:00', '--job-id', '2649', '--raw', '--subdir', 'DAGS_FOLDER/defese.py', '--cfg-path', '/tmp/tmp_1qlh3_t', '--error-file', '/tmp/tmpzm2kfhj_']
[2023-03-23 11:15:27,879] {standard_task_runner.py:80} INFO - Job 2649: Subtask stop
[2023-03-23 11:15:27,930] {task_command.py:369} INFO - Running <TaskInstance: defence_dag2.stop manual__2023-03-23T11:15:20.618565+00:00 [running]> on host 6447f1dacd32
[2023-03-23 11:15:27,989] {taskinstance.py:1571} INFO - Exporting the following env vars:
AIRFLOW_CTX_DAG_OWNER=***
AIRFLOW_CTX_DAG_ID=defence_dag2
AIRFLOW_CTX_TASK_ID=stop
AIRFLOW_CTX_EXECUTION_DATE=2023-03-23T11:15:20.618565+00:00
AIRFLOW_CTX_TRY_NUMBER=1
AIRFLOW_CTX_DAG_RUN_ID=manual__2023-03-23T11:15:20.618565+00:00
[2023-03-23 11:15:27,991] {python.py:173} INFO - Done. Returned value was: Cycle has ended
[2023-03-23 11:15:28,016] {taskinstance.py:1400} INFO - Marking task as SUCCESS. dag_id=defence_dag2, task_id=stop, execution_date=20230323T111520, start_date=20230323T111527, end_date=20230323T111528
[2023-03-23 11:15:28,051] {local_task_job.py:156} INFO - Task exited with return code 0
[2023-03-23 11:15:28,080] {local_task_job.py:273} INFO - 0 downstream tasks scheduled from follow-on schedule check
