[2023-04-27 09:25:25,596] {taskinstance.py:1159} INFO - Dependencies all met for <TaskInstance: multi_attack_dag.to_attack_AutoProjectedGradientDescent manual__2023-04-27T09:23:14.509759+00:00 [queued]>
[2023-04-27 09:25:25,635] {taskinstance.py:1159} INFO - Dependencies all met for <TaskInstance: multi_attack_dag.to_attack_AutoProjectedGradientDescent manual__2023-04-27T09:23:14.509759+00:00 [queued]>
[2023-04-27 09:25:25,636] {taskinstance.py:1356} INFO - 
--------------------------------------------------------------------------------
[2023-04-27 09:25:25,637] {taskinstance.py:1357} INFO - Starting attempt 1 of 2
[2023-04-27 09:25:25,638] {taskinstance.py:1358} INFO - 
--------------------------------------------------------------------------------
[2023-04-27 09:25:25,692] {taskinstance.py:1377} INFO - Executing <Task(BranchPythonOperator): to_attack_AutoProjectedGradientDescent> on 2023-04-27 09:23:14.509759+00:00
[2023-04-27 09:25:25,759] {standard_task_runner.py:52} INFO - Started process 3531 to run task
[2023-04-27 09:25:26,035] {standard_task_runner.py:79} INFO - Running: ['***', 'tasks', 'run', 'multi_attack_dag', 'to_attack_AutoProjectedGradientDescent', 'manual__2023-04-27T09:23:14.509759+00:00', '--job-id', '6524', '--raw', '--subdir', 'DAGS_FOLDER/attack_dag.py', '--cfg-path', '/tmp/tmpoll6rn_t', '--error-file', '/tmp/tmp6ejtntdt']
[2023-04-27 09:25:26,087] {standard_task_runner.py:80} INFO - Job 6524: Subtask to_attack_AutoProjectedGradientDescent
[2023-04-27 09:25:26,576] {task_command.py:369} INFO - Running <TaskInstance: multi_attack_dag.to_attack_AutoProjectedGradientDescent manual__2023-04-27T09:23:14.509759+00:00 [running]> on host e7e31d5a6603
[2023-04-27 09:25:27,411] {taskinstance.py:1571} INFO - Exporting the following env vars:
AIRFLOW_CTX_DAG_OWNER=***
AIRFLOW_CTX_DAG_ID=multi_attack_dag
AIRFLOW_CTX_TASK_ID=to_attack_AutoProjectedGradientDescent
AIRFLOW_CTX_EXECUTION_DATE=2023-04-27T09:23:14.509759+00:00
AIRFLOW_CTX_TRY_NUMBER=1
AIRFLOW_CTX_DAG_RUN_ID=manual__2023-04-27T09:23:14.509759+00:00
[2023-04-27 09:25:27,461] {python.py:173} INFO - Done. Returned value was: attack_AutoProjectedGradientDescent
[2023-04-27 09:25:27,463] {skipmixin.py:140} INFO - Following branch attack_AutoProjectedGradientDescent
[2023-04-27 09:25:27,463] {skipmixin.py:175} INFO - Skipping tasks ['default']
[2023-04-27 09:25:28,286] {taskinstance.py:1400} INFO - Marking task as SUCCESS. dag_id=multi_attack_dag, task_id=to_attack_AutoProjectedGradientDescent, execution_date=20230427T092314, start_date=20230427T092525, end_date=20230427T092528
[2023-04-27 09:25:28,401] {local_task_job.py:156} INFO - Task exited with return code 0
[2023-04-27 09:25:28,966] {local_task_job.py:273} INFO - 1 downstream tasks scheduled from follow-on schedule check
