[2023-03-23 15:49:01,673] {taskinstance.py:1159} INFO - Dependencies all met for <TaskInstance: multi_defence_dag.Defence1 manual__2023-03-23T15:48:47.419987+00:00 [queued]>
[2023-03-23 15:49:01,733] {taskinstance.py:1159} INFO - Dependencies all met for <TaskInstance: multi_defence_dag.Defence1 manual__2023-03-23T15:48:47.419987+00:00 [queued]>
[2023-03-23 15:49:01,736] {taskinstance.py:1356} INFO - 
--------------------------------------------------------------------------------
[2023-03-23 15:49:01,739] {taskinstance.py:1357} INFO - Starting attempt 1 of 2
[2023-03-23 15:49:01,741] {taskinstance.py:1358} INFO - 
--------------------------------------------------------------------------------
[2023-03-23 15:49:01,825] {taskinstance.py:1377} INFO - Executing <Task(PythonOperator): Defence1> on 2023-03-23 15:48:47.419987+00:00
[2023-03-23 15:49:01,841] {standard_task_runner.py:52} INFO - Started process 13966 to run task
[2023-03-23 15:49:01,858] {standard_task_runner.py:79} INFO - Running: ['***', 'tasks', 'run', 'multi_defence_dag', 'Defence1', 'manual__2023-03-23T15:48:47.419987+00:00', '--job-id', '3582', '--raw', '--subdir', 'DAGS_FOLDER/defence_dag.py', '--cfg-path', '/tmp/tmpm6hej1x0', '--error-file', '/tmp/tmph5vzmxwr']
[2023-03-23 15:49:01,865] {standard_task_runner.py:80} INFO - Job 3582: Subtask Defence1
[2023-03-23 15:49:02,165] {task_command.py:369} INFO - Running <TaskInstance: multi_defence_dag.Defence1 manual__2023-03-23T15:48:47.419987+00:00 [running]> on host 6447f1dacd32
[2023-03-23 15:49:02,511] {taskinstance.py:1571} INFO - Exporting the following env vars:
AIRFLOW_CTX_DAG_OWNER=***
AIRFLOW_CTX_DAG_ID=multi_defence_dag
AIRFLOW_CTX_TASK_ID=Defence1
AIRFLOW_CTX_EXECUTION_DATE=2023-03-23T15:48:47.419987+00:00
AIRFLOW_CTX_TRY_NUMBER=1
AIRFLOW_CTX_DAG_RUN_ID=manual__2023-03-23T15:48:47.419987+00:00
[2023-03-23 15:49:02,596] {python.py:173} INFO - Done. Returned value was: None
[2023-03-23 15:49:02,812] {taskinstance.py:1400} INFO - Marking task as SUCCESS. dag_id=multi_defence_dag, task_id=Defence1, execution_date=20230323T154847, start_date=20230323T154901, end_date=20230323T154902
[2023-03-23 15:49:02,965] {local_task_job.py:156} INFO - Task exited with return code 0
[2023-03-23 15:49:03,422] {local_task_job.py:273} INFO - 1 downstream tasks scheduled from follow-on schedule check
