[2023-03-23 15:49:01,402] {taskinstance.py:1159} INFO - Dependencies all met for <TaskInstance: multi_defence_dag.Defence2 manual__2023-03-23T15:48:47.419987+00:00 [queued]>
[2023-03-23 15:49:01,476] {taskinstance.py:1159} INFO - Dependencies all met for <TaskInstance: multi_defence_dag.Defence2 manual__2023-03-23T15:48:47.419987+00:00 [queued]>
[2023-03-23 15:49:01,478] {taskinstance.py:1356} INFO - 
--------------------------------------------------------------------------------
[2023-03-23 15:49:01,481] {taskinstance.py:1357} INFO - Starting attempt 1 of 2
[2023-03-23 15:49:01,483] {taskinstance.py:1358} INFO - 
--------------------------------------------------------------------------------
[2023-03-23 15:49:01,597] {taskinstance.py:1377} INFO - Executing <Task(PythonOperator): Defence2> on 2023-03-23 15:48:47.419987+00:00
[2023-03-23 15:49:01,612] {standard_task_runner.py:52} INFO - Started process 13965 to run task
[2023-03-23 15:49:01,625] {standard_task_runner.py:79} INFO - Running: ['***', 'tasks', 'run', 'multi_defence_dag', 'Defence2', 'manual__2023-03-23T15:48:47.419987+00:00', '--job-id', '3583', '--raw', '--subdir', 'DAGS_FOLDER/defence_dag.py', '--cfg-path', '/tmp/tmpgys_9wd5', '--error-file', '/tmp/tmpbjpmjjnv']
[2023-03-23 15:49:01,629] {standard_task_runner.py:80} INFO - Job 3583: Subtask Defence2
[2023-03-23 15:49:01,911] {task_command.py:369} INFO - Running <TaskInstance: multi_defence_dag.Defence2 manual__2023-03-23T15:48:47.419987+00:00 [running]> on host 6447f1dacd32
[2023-03-23 15:49:02,303] {taskinstance.py:1571} INFO - Exporting the following env vars:
AIRFLOW_CTX_DAG_OWNER=***
AIRFLOW_CTX_DAG_ID=multi_defence_dag
AIRFLOW_CTX_TASK_ID=Defence2
AIRFLOW_CTX_EXECUTION_DATE=2023-03-23T15:48:47.419987+00:00
AIRFLOW_CTX_TRY_NUMBER=1
AIRFLOW_CTX_DAG_RUN_ID=manual__2023-03-23T15:48:47.419987+00:00
[2023-03-23 15:49:02,379] {python.py:173} INFO - Done. Returned value was: None
[2023-03-23 15:49:02,438] {taskinstance.py:1400} INFO - Marking task as SUCCESS. dag_id=multi_defence_dag, task_id=Defence2, execution_date=20230323T154847, start_date=20230323T154901, end_date=20230323T154902
[2023-03-23 15:49:02,525] {local_task_job.py:156} INFO - Task exited with return code 0
[2023-03-23 15:49:02,808] {local_task_job.py:273} INFO - 0 downstream tasks scheduled from follow-on schedule check
