[2023-03-26 16:41:25,237] {taskinstance.py:1159} INFO - Dependencies all met for <TaskInstance: multi_defence_dag.to_defence1 scheduled__2023-03-25T00:00:00+00:00 [queued]>
[2023-03-26 16:41:25,338] {taskinstance.py:1159} INFO - Dependencies all met for <TaskInstance: multi_defence_dag.to_defence1 scheduled__2023-03-25T00:00:00+00:00 [queued]>
[2023-03-26 16:41:25,360] {taskinstance.py:1356} INFO - 
--------------------------------------------------------------------------------
[2023-03-26 16:41:25,370] {taskinstance.py:1357} INFO - Starting attempt 1 of 2
[2023-03-26 16:41:25,379] {taskinstance.py:1358} INFO - 
--------------------------------------------------------------------------------
[2023-03-26 16:41:25,591] {taskinstance.py:1377} INFO - Executing <Task(BranchPythonOperator): to_defence1> on 2023-03-25 00:00:00+00:00
[2023-03-26 16:41:25,617] {standard_task_runner.py:52} INFO - Started process 118 to run task
[2023-03-26 16:41:25,674] {standard_task_runner.py:79} INFO - Running: ['***', 'tasks', 'run', 'multi_defence_dag', 'to_defence1', 'scheduled__2023-03-25T00:00:00+00:00', '--job-id', '3658', '--raw', '--subdir', 'DAGS_FOLDER/defence_dag.py', '--cfg-path', '/tmp/tmpnz65honz', '--error-file', '/tmp/tmpunw_3c2h']
[2023-03-26 16:41:25,720] {standard_task_runner.py:80} INFO - Job 3658: Subtask to_defence1
[2023-03-26 16:41:26,244] {task_command.py:369} INFO - Running <TaskInstance: multi_defence_dag.to_defence1 scheduled__2023-03-25T00:00:00+00:00 [running]> on host 6447f1dacd32
[2023-03-26 16:41:27,821] {taskinstance.py:1571} INFO - Exporting the following env vars:
AIRFLOW_CTX_DAG_OWNER=***
AIRFLOW_CTX_DAG_ID=multi_defence_dag
AIRFLOW_CTX_TASK_ID=to_defence1
AIRFLOW_CTX_EXECUTION_DATE=2023-03-25T00:00:00+00:00
AIRFLOW_CTX_TRY_NUMBER=1
AIRFLOW_CTX_DAG_RUN_ID=scheduled__2023-03-25T00:00:00+00:00
[2023-03-26 16:41:27,876] {python.py:173} INFO - Done. Returned value was: Defence1
[2023-03-26 16:41:27,881] {skipmixin.py:140} INFO - Following branch Defence1
[2023-03-26 16:41:27,884] {skipmixin.py:175} INFO - Skipping tasks ['default']
[2023-03-26 16:41:28,064] {taskinstance.py:1400} INFO - Marking task as SUCCESS. dag_id=multi_defence_dag, task_id=to_defence1, execution_date=20230325T000000, start_date=20230326T164125, end_date=20230326T164128
[2023-03-26 16:41:28,595] {local_task_job.py:156} INFO - Task exited with return code 0
[2023-03-26 16:41:29,313] {local_task_job.py:273} INFO - 1 downstream tasks scheduled from follow-on schedule check
