[2023-04-09 08:22:10,800] {taskinstance.py:1159} INFO - Dependencies all met for <TaskInstance: multi_defence_dag.to_defence3 scheduled__2023-03-27T00:00:00+00:00 [queued]>
[2023-04-09 08:22:10,852] {taskinstance.py:1159} INFO - Dependencies all met for <TaskInstance: multi_defence_dag.to_defence3 scheduled__2023-03-27T00:00:00+00:00 [queued]>
[2023-04-09 08:22:10,855] {taskinstance.py:1356} INFO - 
--------------------------------------------------------------------------------
[2023-04-09 08:22:10,863] {taskinstance.py:1357} INFO - Starting attempt 2 of 2
[2023-04-09 08:22:10,875] {taskinstance.py:1358} INFO - 
--------------------------------------------------------------------------------
[2023-04-09 08:22:10,985] {taskinstance.py:1377} INFO - Executing <Task(BranchPythonOperator): to_defence3> on 2023-03-27 00:00:00+00:00
[2023-04-09 08:22:11,026] {standard_task_runner.py:52} INFO - Started process 4132 to run task
[2023-04-09 08:22:11,062] {standard_task_runner.py:79} INFO - Running: ['***', 'tasks', 'run', 'multi_defence_dag', 'to_defence3', 'scheduled__2023-03-27T00:00:00+00:00', '--job-id', '4763', '--raw', '--subdir', 'DAGS_FOLDER/defence_dag.py', '--cfg-path', '/tmp/tmp4txeo0ja', '--error-file', '/tmp/tmpojrn8oty']
[2023-04-09 08:22:11,072] {standard_task_runner.py:80} INFO - Job 4763: Subtask to_defence3
[2023-04-09 08:22:11,766] {task_command.py:369} INFO - Running <TaskInstance: multi_defence_dag.to_defence3 scheduled__2023-03-27T00:00:00+00:00 [running]> on host ff3d40af78f9
[2023-04-09 08:22:12,605] {taskinstance.py:1571} INFO - Exporting the following env vars:
AIRFLOW_CTX_DAG_OWNER=***
AIRFLOW_CTX_DAG_ID=multi_defence_dag
AIRFLOW_CTX_TASK_ID=to_defence3
AIRFLOW_CTX_EXECUTION_DATE=2023-03-27T00:00:00+00:00
AIRFLOW_CTX_TRY_NUMBER=2
AIRFLOW_CTX_DAG_RUN_ID=scheduled__2023-03-27T00:00:00+00:00
[2023-04-09 08:22:12,653] {python.py:173} INFO - Done. Returned value was: Defence3
[2023-04-09 08:22:12,656] {skipmixin.py:140} INFO - Following branch Defence3
[2023-04-09 08:22:12,661] {skipmixin.py:175} INFO - Skipping tasks ['default']
[2023-04-09 08:22:13,054] {taskinstance.py:1400} INFO - Marking task as SUCCESS. dag_id=multi_defence_dag, task_id=to_defence3, execution_date=20230327T000000, start_date=20230409T082210, end_date=20230409T082213
[2023-04-09 08:22:13,135] {local_task_job.py:156} INFO - Task exited with return code 0
[2023-04-09 08:22:13,370] {local_task_job.py:273} INFO - 0 downstream tasks scheduled from follow-on schedule check
