[2023-04-27 12:08:35,315] {taskinstance.py:1159} INFO - Dependencies all met for <TaskInstance: multi_attack_dag.attack_TargetedUniversalPerturbation manual__2023-04-27T12:06:56.081840+00:00 [queued]>
[2023-04-27 12:08:35,473] {taskinstance.py:1159} INFO - Dependencies all met for <TaskInstance: multi_attack_dag.attack_TargetedUniversalPerturbation manual__2023-04-27T12:06:56.081840+00:00 [queued]>
[2023-04-27 12:08:35,476] {taskinstance.py:1356} INFO - 
--------------------------------------------------------------------------------
[2023-04-27 12:08:35,483] {taskinstance.py:1357} INFO - Starting attempt 1 of 2
[2023-04-27 12:08:35,484] {taskinstance.py:1358} INFO - 
--------------------------------------------------------------------------------
[2023-04-27 12:08:35,585] {taskinstance.py:1377} INFO - Executing <Task(PythonOperator): attack_TargetedUniversalPerturbation> on 2023-04-27 12:06:56.081840+00:00
[2023-04-27 12:08:35,692] {standard_task_runner.py:52} INFO - Started process 3173 to run task
[2023-04-27 12:08:35,712] {standard_task_runner.py:79} INFO - Running: ['***', 'tasks', 'run', 'multi_attack_dag', 'attack_TargetedUniversalPerturbation', 'manual__2023-04-27T12:06:56.081840+00:00', '--job-id', '6789', '--raw', '--subdir', 'DAGS_FOLDER/attack_dag.py', '--cfg-path', '/tmp/tmp9b3vzrxp', '--error-file', '/tmp/tmptv0an82f']
[2023-04-27 12:08:35,730] {standard_task_runner.py:80} INFO - Job 6789: Subtask attack_TargetedUniversalPerturbation
[2023-04-27 12:08:35,969] {task_command.py:369} INFO - Running <TaskInstance: multi_attack_dag.attack_TargetedUniversalPerturbation manual__2023-04-27T12:06:56.081840+00:00 [running]> on host e7e31d5a6603
[2023-04-27 12:08:36,481] {taskinstance.py:1571} INFO - Exporting the following env vars:
AIRFLOW_CTX_DAG_OWNER=***
AIRFLOW_CTX_DAG_ID=multi_attack_dag
AIRFLOW_CTX_TASK_ID=attack_TargetedUniversalPerturbation
AIRFLOW_CTX_EXECUTION_DATE=2023-04-27T12:06:56.081840+00:00
AIRFLOW_CTX_TRY_NUMBER=1
AIRFLOW_CTX_DAG_RUN_ID=manual__2023-04-27T12:06:56.081840+00:00
[2023-04-27 12:08:36,546] {transport.py:157} INFO - Attempting refresh to obtain initial access_token
[2023-04-27 12:08:36,621] {client.py:777} INFO - Refreshing access_token
[2023-04-27 12:08:37,449] {transport.py:157} INFO - Attempting refresh to obtain initial access_token
[2023-04-27 12:08:37,455] {client.py:777} INFO - Refreshing access_token
[2023-04-27 12:08:56,451] {pytorch.py:1198} INFO - Inferred 5 hidden layers on PyTorch classifier.
[2023-04-27 12:12:29,463] {attack.py:33} INFO - Optimizing...
[2023-04-27 12:12:29,500] {logging_mixin.py:115} INFO - I am right here on <class 'art.attacks.evasion.targeted_universal_perturbation.TargetedUniversalPerturbation'>
[2023-04-27 12:12:29,502] {attack.py:39} INFO - Optimizing failed! using default: 0.06822919845581055
[2023-04-27 12:12:29,661] {python.py:173} INFO - Done. Returned value was: None
[2023-04-27 12:12:29,749] {taskinstance.py:1400} INFO - Marking task as SUCCESS. dag_id=multi_attack_dag, task_id=attack_TargetedUniversalPerturbation, execution_date=20230427T120656, start_date=20230427T120835, end_date=20230427T121229
[2023-04-27 12:12:29,859] {local_task_job.py:156} INFO - Task exited with return code 0
[2023-04-27 12:12:30,322] {local_task_job.py:273} INFO - 0 downstream tasks scheduled from follow-on schedule check
