[2023-03-16 11:56:55,761] {taskinstance.py:1159} INFO - Dependencies all met for <TaskInstance: attack_dag.attack manual__2023-03-12T15:20:33.474982+00:00 [queued]>
[2023-03-16 11:56:55,817] {taskinstance.py:1159} INFO - Dependencies all met for <TaskInstance: attack_dag.attack manual__2023-03-12T15:20:33.474982+00:00 [queued]>
[2023-03-16 11:56:55,818] {taskinstance.py:1356} INFO - 
--------------------------------------------------------------------------------
[2023-03-16 11:56:55,820] {taskinstance.py:1357} INFO - Starting attempt 2 of 2
[2023-03-16 11:56:55,822] {taskinstance.py:1358} INFO - 
--------------------------------------------------------------------------------
[2023-03-16 11:56:55,909] {taskinstance.py:1377} INFO - Executing <Task(PythonOperator): attack> on 2023-03-12 15:20:33.474982+00:00
[2023-03-16 11:56:55,922] {standard_task_runner.py:52} INFO - Started process 819 to run task
[2023-03-16 11:56:55,939] {standard_task_runner.py:79} INFO - Running: ['***', 'tasks', 'run', 'attack_dag', 'attack', 'manual__2023-03-12T15:20:33.474982+00:00', '--job-id', '1023', '--raw', '--subdir', 'DAGS_FOLDER/attack.py', '--cfg-path', '/tmp/tmpt7_flx95', '--error-file', '/tmp/tmpk0vybkd0']
[2023-03-16 11:56:55,974] {standard_task_runner.py:80} INFO - Job 1023: Subtask attack
[2023-03-16 11:56:56,103] {task_command.py:369} INFO - Running <TaskInstance: attack_dag.attack manual__2023-03-12T15:20:33.474982+00:00 [running]> on host 596adcca7378
[2023-03-16 11:56:56,436] {taskinstance.py:1571} INFO - Exporting the following env vars:
AIRFLOW_CTX_DAG_OWNER=***
AIRFLOW_CTX_DAG_ID=attack_dag
AIRFLOW_CTX_TASK_ID=attack
AIRFLOW_CTX_EXECUTION_DATE=2023-03-12T15:20:33.474982+00:00
AIRFLOW_CTX_TRY_NUMBER=2
AIRFLOW_CTX_DAG_RUN_ID=manual__2023-03-12T15:20:33.474982+00:00
[2023-03-16 11:56:56,440] {logging_mixin.py:115} INFO - attacking!
[2023-03-16 11:56:56,442] {python.py:173} INFO - Done. Returned value was: None
[2023-03-16 11:56:56,490] {taskinstance.py:1400} INFO - Marking task as SUCCESS. dag_id=attack_dag, task_id=attack, execution_date=20230312T152033, start_date=20230316T115655, end_date=20230316T115656
[2023-03-16 11:56:56,813] {local_task_job.py:156} INFO - Task exited with return code 0
[2023-03-16 11:56:57,047] {local_task_job.py:273} INFO - 1 downstream tasks scheduled from follow-on schedule check
