[2023-03-16 11:46:52,849] {taskinstance.py:1159} INFO - Dependencies all met for <TaskInstance: defence_dag.stop manual__2023-03-16T11:46:47.778267+00:00 [queued]>
[2023-03-16 11:46:52,860] {taskinstance.py:1159} INFO - Dependencies all met for <TaskInstance: defence_dag.stop manual__2023-03-16T11:46:47.778267+00:00 [queued]>
[2023-03-16 11:46:52,861] {taskinstance.py:1356} INFO - 
--------------------------------------------------------------------------------
[2023-03-16 11:46:52,862] {taskinstance.py:1357} INFO - Starting attempt 1 of 1
[2023-03-16 11:46:52,863] {taskinstance.py:1358} INFO - 
--------------------------------------------------------------------------------
[2023-03-16 11:46:52,876] {taskinstance.py:1377} INFO - Executing <Task(PythonOperator): stop> on 2023-03-16 11:46:47.778267+00:00
[2023-03-16 11:46:52,880] {standard_task_runner.py:52} INFO - Started process 268 to run task
[2023-03-16 11:46:52,882] {standard_task_runner.py:79} INFO - Running: ['***', 'tasks', 'run', 'defence_dag', 'stop', 'manual__2023-03-16T11:46:47.778267+00:00', '--job-id', '959', '--raw', '--subdir', 'DAGS_FOLDER/defese.py', '--cfg-path', '/tmp/tmp6q4b9ilk', '--error-file', '/tmp/tmplsj1c3p2']
[2023-03-16 11:46:52,883] {standard_task_runner.py:80} INFO - Job 959: Subtask stop
[2023-03-16 11:46:52,924] {task_command.py:369} INFO - Running <TaskInstance: defence_dag.stop manual__2023-03-16T11:46:47.778267+00:00 [running]> on host 596adcca7378
[2023-03-16 11:46:52,978] {taskinstance.py:1571} INFO - Exporting the following env vars:
AIRFLOW_CTX_DAG_OWNER=***
AIRFLOW_CTX_DAG_ID=defence_dag
AIRFLOW_CTX_TASK_ID=stop
AIRFLOW_CTX_EXECUTION_DATE=2023-03-16T11:46:47.778267+00:00
AIRFLOW_CTX_TRY_NUMBER=1
AIRFLOW_CTX_DAG_RUN_ID=manual__2023-03-16T11:46:47.778267+00:00
[2023-03-16 11:46:52,980] {python.py:173} INFO - Done. Returned value was: Cycle has ended
[2023-03-16 11:46:53,002] {taskinstance.py:1400} INFO - Marking task as SUCCESS. dag_id=defence_dag, task_id=stop, execution_date=20230316T114647, start_date=20230316T114652, end_date=20230316T114653
[2023-03-16 11:46:53,015] {local_task_job.py:156} INFO - Task exited with return code 0
[2023-03-16 11:46:53,038] {local_task_job.py:273} INFO - 0 downstream tasks scheduled from follow-on schedule check
