[2023-03-28 10:31:00,091] {taskinstance.py:1159} INFO - Dependencies all met for <TaskInstance: attack_dag2.attack manual__2023-03-28T10:30:55.392584+00:00 [queued]>
[2023-03-28 10:31:00,117] {taskinstance.py:1159} INFO - Dependencies all met for <TaskInstance: attack_dag2.attack manual__2023-03-28T10:30:55.392584+00:00 [queued]>
[2023-03-28 10:31:00,118] {taskinstance.py:1356} INFO - 
--------------------------------------------------------------------------------
[2023-03-28 10:31:00,119] {taskinstance.py:1357} INFO - Starting attempt 1 of 1
[2023-03-28 10:31:00,120] {taskinstance.py:1358} INFO - 
--------------------------------------------------------------------------------
[2023-03-28 10:31:00,158] {taskinstance.py:1377} INFO - Executing <Task(PythonOperator): attack> on 2023-03-28 10:30:55.392584+00:00
[2023-03-28 10:31:00,169] {standard_task_runner.py:52} INFO - Started process 2458 to run task
[2023-03-28 10:31:00,177] {standard_task_runner.py:79} INFO - Running: ['***', 'tasks', 'run', 'attack_dag2', 'attack', 'manual__2023-03-28T10:30:55.392584+00:00', '--job-id', '4323', '--raw', '--subdir', 'DAGS_FOLDER/attack.py', '--cfg-path', '/tmp/tmpq1rkfllu', '--error-file', '/tmp/tmpwhwhd7pa']
[2023-03-28 10:31:00,179] {standard_task_runner.py:80} INFO - Job 4323: Subtask attack
[2023-03-28 10:31:00,301] {task_command.py:369} INFO - Running <TaskInstance: attack_dag2.attack manual__2023-03-28T10:30:55.392584+00:00 [running]> on host 70f8824ef075
[2023-03-28 10:31:00,522] {taskinstance.py:1571} INFO - Exporting the following env vars:
AIRFLOW_CTX_DAG_OWNER=***
AIRFLOW_CTX_DAG_ID=attack_dag2
AIRFLOW_CTX_TASK_ID=attack
AIRFLOW_CTX_EXECUTION_DATE=2023-03-28T10:30:55.392584+00:00
AIRFLOW_CTX_TRY_NUMBER=1
AIRFLOW_CTX_DAG_RUN_ID=manual__2023-03-28T10:30:55.392584+00:00
[2023-03-28 10:31:00,527] {transport.py:157} INFO - Attempting refresh to obtain initial access_token
[2023-03-28 10:31:00,534] {client.py:777} INFO - Refreshing access_token
[2023-03-28 10:31:01,492] {transport.py:157} INFO - Attempting refresh to obtain initial access_token
[2023-03-28 10:31:01,499] {client.py:777} INFO - Refreshing access_token
[2023-03-28 10:31:02,118] {python.py:173} INFO - Done. Returned value was: None
[2023-03-28 10:31:02,140] {taskinstance.py:1400} INFO - Marking task as SUCCESS. dag_id=attack_dag2, task_id=attack, execution_date=20230328T103055, start_date=20230328T103100, end_date=20230328T103102
[2023-03-28 10:31:02,214] {local_task_job.py:156} INFO - Task exited with return code 0
[2023-03-28 10:31:02,301] {local_task_job.py:273} INFO - 1 downstream tasks scheduled from follow-on schedule check
