[2023-03-19 16:17:43,238] {taskinstance.py:1159} INFO - Dependencies all met for <TaskInstance: defence_dag2.storing manual__2023-03-19T16:16:15.865423+00:00 [queued]>
[2023-03-19 16:17:43,257] {taskinstance.py:1159} INFO - Dependencies all met for <TaskInstance: defence_dag2.storing manual__2023-03-19T16:16:15.865423+00:00 [queued]>
[2023-03-19 16:17:43,257] {taskinstance.py:1356} INFO - 
--------------------------------------------------------------------------------
[2023-03-19 16:17:43,258] {taskinstance.py:1357} INFO - Starting attempt 1 of 1
[2023-03-19 16:17:43,264] {taskinstance.py:1358} INFO - 
--------------------------------------------------------------------------------
[2023-03-19 16:17:43,289] {taskinstance.py:1377} INFO - Executing <Task(BashOperator): storing> on 2023-03-19 16:16:15.865423+00:00
[2023-03-19 16:17:43,300] {standard_task_runner.py:52} INFO - Started process 66 to run task
[2023-03-19 16:17:43,309] {standard_task_runner.py:79} INFO - Running: ['***', 'tasks', 'run', 'defence_dag2', 'storing', 'manual__2023-03-19T16:16:15.865423+00:00', '--job-id', '1982', '--raw', '--subdir', 'DAGS_FOLDER/defese.py', '--cfg-path', '/tmp/tmpgod29mbk', '--error-file', '/tmp/tmp95h2r39u']
[2023-03-19 16:17:43,311] {standard_task_runner.py:80} INFO - Job 1982: Subtask storing
[2023-03-19 16:17:43,436] {task_command.py:369} INFO - Running <TaskInstance: defence_dag2.storing manual__2023-03-19T16:16:15.865423+00:00 [running]> on host 6447f1dacd32
[2023-03-19 16:17:43,583] {taskinstance.py:1571} INFO - Exporting the following env vars:
AIRFLOW_CTX_DAG_OWNER=***
AIRFLOW_CTX_DAG_ID=defence_dag2
AIRFLOW_CTX_TASK_ID=storing
AIRFLOW_CTX_EXECUTION_DATE=2023-03-19T16:16:15.865423+00:00
AIRFLOW_CTX_TRY_NUMBER=1
AIRFLOW_CTX_DAG_RUN_ID=manual__2023-03-19T16:16:15.865423+00:00
[2023-03-19 16:17:43,586] {subprocess.py:62} INFO - Tmp dir root location: 
 /tmp
[2023-03-19 16:17:43,588] {subprocess.py:74} INFO - Running command: ['bash', '-c', 'sleep 1']
[2023-03-19 16:17:43,601] {subprocess.py:85} INFO - Output:
[2023-03-19 16:17:44,604] {subprocess.py:96} INFO - Command exited with return code 0
[2023-03-19 16:17:44,643] {taskinstance.py:1400} INFO - Marking task as SUCCESS. dag_id=defence_dag2, task_id=storing, execution_date=20230319T161615, start_date=20230319T161743, end_date=20230319T161744
[2023-03-19 16:17:44,688] {local_task_job.py:156} INFO - Task exited with return code 0
[2023-03-19 16:17:44,740] {local_task_job.py:273} INFO - 1 downstream tasks scheduled from follow-on schedule check
