[2023-03-23 08:58:53,037] {taskinstance.py:1159} INFO - Dependencies all met for <TaskInstance: defence_dag2.defence1 manual__2023-03-23T08:57:33.557855+00:00 [queued]>
[2023-03-23 08:58:53,044] {taskinstance.py:1159} INFO - Dependencies all met for <TaskInstance: defence_dag2.defence1 manual__2023-03-23T08:57:33.557855+00:00 [queued]>
[2023-03-23 08:58:53,044] {taskinstance.py:1356} INFO - 
--------------------------------------------------------------------------------
[2023-03-23 08:58:53,045] {taskinstance.py:1357} INFO - Starting attempt 1 of 1
[2023-03-23 08:58:53,045] {taskinstance.py:1358} INFO - 
--------------------------------------------------------------------------------
[2023-03-23 08:58:53,057] {taskinstance.py:1377} INFO - Executing <Task(PythonOperator): defence1> on 2023-03-23 08:57:33.557855+00:00
[2023-03-23 08:58:53,061] {standard_task_runner.py:52} INFO - Started process 68 to run task
[2023-03-23 08:58:53,063] {standard_task_runner.py:79} INFO - Running: ['***', 'tasks', 'run', 'defence_dag2', 'defence1', 'manual__2023-03-23T08:57:33.557855+00:00', '--job-id', '2249', '--raw', '--subdir', 'DAGS_FOLDER/defese.py', '--cfg-path', '/tmp/tmpp0i88i9r', '--error-file', '/tmp/tmpw0ui2q09']
[2023-03-23 08:58:53,064] {standard_task_runner.py:80} INFO - Job 2249: Subtask defence1
[2023-03-23 08:58:53,107] {task_command.py:369} INFO - Running <TaskInstance: defence_dag2.defence1 manual__2023-03-23T08:57:33.557855+00:00 [running]> on host 6447f1dacd32
[2023-03-23 08:58:53,161] {taskinstance.py:1571} INFO - Exporting the following env vars:
AIRFLOW_CTX_DAG_OWNER=***
AIRFLOW_CTX_DAG_ID=defence_dag2
AIRFLOW_CTX_TASK_ID=defence1
AIRFLOW_CTX_EXECUTION_DATE=2023-03-23T08:57:33.557855+00:00
AIRFLOW_CTX_TRY_NUMBER=1
AIRFLOW_CTX_DAG_RUN_ID=manual__2023-03-23T08:57:33.557855+00:00
[2023-03-23 08:58:53,162] {logging_mixin.py:115} INFO - defensing
[2023-03-23 08:58:53,163] {python.py:173} INFO - Done. Returned value was: None
[2023-03-23 08:58:53,173] {taskinstance.py:1400} INFO - Marking task as SUCCESS. dag_id=defence_dag2, task_id=defence1, execution_date=20230323T085733, start_date=20230323T085853, end_date=20230323T085853
[2023-03-23 08:58:53,196] {local_task_job.py:156} INFO - Task exited with return code 0
[2023-03-23 08:58:53,230] {local_task_job.py:273} INFO - 1 downstream tasks scheduled from follow-on schedule check
