[2023-03-16 11:29:54,948] {taskinstance.py:1159} INFO - Dependencies all met for <TaskInstance: defence_dag.stop manual__2023-03-16T11:29:49.820308+00:00 [queued]>
[2023-03-16 11:29:54,965] {taskinstance.py:1159} INFO - Dependencies all met for <TaskInstance: defence_dag.stop manual__2023-03-16T11:29:49.820308+00:00 [queued]>
[2023-03-16 11:29:54,965] {taskinstance.py:1356} INFO - 
--------------------------------------------------------------------------------
[2023-03-16 11:29:54,966] {taskinstance.py:1357} INFO - Starting attempt 1 of 1
[2023-03-16 11:29:54,966] {taskinstance.py:1358} INFO - 
--------------------------------------------------------------------------------
[2023-03-16 11:29:54,986] {taskinstance.py:1377} INFO - Executing <Task(PythonOperator): stop> on 2023-03-16 11:29:49.820308+00:00
[2023-03-16 11:29:54,993] {standard_task_runner.py:52} INFO - Started process 295 to run task
[2023-03-16 11:29:54,996] {standard_task_runner.py:79} INFO - Running: ['***', 'tasks', 'run', 'defence_dag', 'stop', 'manual__2023-03-16T11:29:49.820308+00:00', '--job-id', '759', '--raw', '--subdir', 'DAGS_FOLDER/defese.py', '--cfg-path', '/tmp/tmpc9rzm0fq', '--error-file', '/tmp/tmpn14cpd77']
[2023-03-16 11:29:54,997] {standard_task_runner.py:80} INFO - Job 759: Subtask stop
[2023-03-16 11:29:55,097] {task_command.py:369} INFO - Running <TaskInstance: defence_dag.stop manual__2023-03-16T11:29:49.820308+00:00 [running]> on host 596adcca7378
[2023-03-16 11:29:55,213] {taskinstance.py:1571} INFO - Exporting the following env vars:
AIRFLOW_CTX_DAG_OWNER=***
AIRFLOW_CTX_DAG_ID=defence_dag
AIRFLOW_CTX_TASK_ID=stop
AIRFLOW_CTX_EXECUTION_DATE=2023-03-16T11:29:49.820308+00:00
AIRFLOW_CTX_TRY_NUMBER=1
AIRFLOW_CTX_DAG_RUN_ID=manual__2023-03-16T11:29:49.820308+00:00
[2023-03-16 11:29:55,215] {python.py:173} INFO - Done. Returned value was: Cycle has ended
[2023-03-16 11:29:55,258] {taskinstance.py:1400} INFO - Marking task as SUCCESS. dag_id=defence_dag, task_id=stop, execution_date=20230316T112949, start_date=20230316T112954, end_date=20230316T112955
[2023-03-16 11:29:55,291] {local_task_job.py:156} INFO - Task exited with return code 0
[2023-03-16 11:29:55,347] {local_task_job.py:273} INFO - 0 downstream tasks scheduled from follow-on schedule check
