[2023-03-23 07:54:59,601] {taskinstance.py:1159} INFO - Dependencies all met for <TaskInstance: xcom_dag.to_attack1 scheduled__2023-03-19T00:00:00+00:00 [queued]>
[2023-03-23 07:54:59,615] {taskinstance.py:1159} INFO - Dependencies all met for <TaskInstance: xcom_dag.to_attack1 scheduled__2023-03-19T00:00:00+00:00 [queued]>
[2023-03-23 07:54:59,615] {taskinstance.py:1356} INFO - 
--------------------------------------------------------------------------------
[2023-03-23 07:54:59,615] {taskinstance.py:1357} INFO - Starting attempt 1 of 2
[2023-03-23 07:54:59,616] {taskinstance.py:1358} INFO - 
--------------------------------------------------------------------------------
[2023-03-23 07:54:59,637] {taskinstance.py:1377} INFO - Executing <Task(BranchPythonOperator): to_attack1> on 2023-03-19 00:00:00+00:00
[2023-03-23 07:54:59,643] {standard_task_runner.py:52} INFO - Started process 86 to run task
[2023-03-23 07:54:59,653] {standard_task_runner.py:79} INFO - Running: ['***', 'tasks', 'run', 'xcom_dag', 'to_attack1', 'scheduled__2023-03-19T00:00:00+00:00', '--job-id', '2137', '--raw', '--subdir', 'DAGS_FOLDER/dynamic_dag.py', '--cfg-path', '/tmp/tmpf9h_3fs4', '--error-file', '/tmp/tmpfep_bep3']
[2023-03-23 07:54:59,655] {standard_task_runner.py:80} INFO - Job 2137: Subtask to_attack1
[2023-03-23 07:54:59,739] {task_command.py:369} INFO - Running <TaskInstance: xcom_dag.to_attack1 scheduled__2023-03-19T00:00:00+00:00 [running]> on host 6447f1dacd32
[2023-03-23 07:54:59,849] {taskinstance.py:1571} INFO - Exporting the following env vars:
AIRFLOW_CTX_DAG_OWNER=***
AIRFLOW_CTX_DAG_ID=xcom_dag
AIRFLOW_CTX_TASK_ID=to_attack1
AIRFLOW_CTX_EXECUTION_DATE=2023-03-19T00:00:00+00:00
AIRFLOW_CTX_TRY_NUMBER=1
AIRFLOW_CTX_DAG_RUN_ID=scheduled__2023-03-19T00:00:00+00:00
[2023-03-23 07:54:59,872] {python.py:173} INFO - Done. Returned value was: attack1
[2023-03-23 07:54:59,873] {skipmixin.py:140} INFO - Following branch attack1
[2023-03-23 07:54:59,874] {skipmixin.py:175} INFO - Skipping tasks ['default']
[2023-03-23 07:54:59,950] {taskinstance.py:1400} INFO - Marking task as SUCCESS. dag_id=xcom_dag, task_id=to_attack1, execution_date=20230319T000000, start_date=20230323T075459, end_date=20230323T075459
[2023-03-23 07:55:00,004] {local_task_job.py:156} INFO - Task exited with return code 0
[2023-03-23 07:55:00,163] {local_task_job.py:273} INFO - 0 downstream tasks scheduled from follow-on schedule check
