[2023-04-09 12:49:58,573] {taskinstance.py:1159} INFO - Dependencies all met for <TaskInstance: multi_attack_dag.choose_best manual__2023-04-09T12:47:44.077776+00:00 [queued]>
[2023-04-09 12:49:58,590] {taskinstance.py:1159} INFO - Dependencies all met for <TaskInstance: multi_attack_dag.choose_best manual__2023-04-09T12:47:44.077776+00:00 [queued]>
[2023-04-09 12:49:58,590] {taskinstance.py:1356} INFO - 
--------------------------------------------------------------------------------
[2023-04-09 12:49:58,596] {taskinstance.py:1357} INFO - Starting attempt 1 of 2
[2023-04-09 12:49:58,597] {taskinstance.py:1358} INFO - 
--------------------------------------------------------------------------------
[2023-04-09 12:49:58,618] {taskinstance.py:1377} INFO - Executing <Task(PythonOperator): choose_best> on 2023-04-09 12:47:44.077776+00:00
[2023-04-09 12:49:58,630] {standard_task_runner.py:52} INFO - Started process 15145 to run task
[2023-04-09 12:49:58,635] {standard_task_runner.py:79} INFO - Running: ['***', 'tasks', 'run', 'multi_attack_dag', 'choose_best', 'manual__2023-04-09T12:47:44.077776+00:00', '--job-id', '5007', '--raw', '--subdir', 'DAGS_FOLDER/attack_dag.py', '--cfg-path', '/tmp/tmpf6iq7k98', '--error-file', '/tmp/tmp6vescw5d']
[2023-04-09 12:49:58,636] {standard_task_runner.py:80} INFO - Job 5007: Subtask choose_best
[2023-04-09 12:49:58,726] {task_command.py:369} INFO - Running <TaskInstance: multi_attack_dag.choose_best manual__2023-04-09T12:47:44.077776+00:00 [running]> on host ff3d40af78f9
[2023-04-09 12:49:58,863] {taskinstance.py:1571} INFO - Exporting the following env vars:
AIRFLOW_CTX_DAG_OWNER=***
AIRFLOW_CTX_DAG_ID=multi_attack_dag
AIRFLOW_CTX_TASK_ID=choose_best
AIRFLOW_CTX_EXECUTION_DATE=2023-04-09T12:47:44.077776+00:00
AIRFLOW_CTX_TRY_NUMBER=1
AIRFLOW_CTX_DAG_RUN_ID=manual__2023-04-09T12:47:44.077776+00:00
[2023-04-09 12:49:58,912] {transport.py:157} INFO - Attempting refresh to obtain initial access_token
[2023-04-09 12:49:58,919] {client.py:777} INFO - Refreshing access_token
[2023-04-09 12:50:00,494] {transport.py:157} INFO - Attempting refresh to obtain initial access_token
[2023-04-09 12:50:00,499] {client.py:777} INFO - Refreshing access_token
[2023-04-09 12:50:01,071] {transport.py:157} INFO - Attempting refresh to obtain initial access_token
[2023-04-09 12:50:01,079] {client.py:777} INFO - Refreshing access_token
[2023-04-09 12:50:01,612] {python.py:173} INFO - Done. Returned value was: None
[2023-04-09 12:50:01,644] {taskinstance.py:1400} INFO - Marking task as SUCCESS. dag_id=multi_attack_dag, task_id=choose_best, execution_date=20230409T124744, start_date=20230409T124958, end_date=20230409T125001
[2023-04-09 12:50:01,711] {local_task_job.py:156} INFO - Task exited with return code 0
[2023-04-09 12:50:01,759] {local_task_job.py:273} INFO - 1 downstream tasks scheduled from follow-on schedule check
