[2023-04-18 06:26:11,672] {taskinstance.py:1159} INFO - Dependencies all met for <TaskInstance: multi_attack_dag.choose_attack manual__2023-04-18T06:26:07.826006+00:00 [queued]>
[2023-04-18 06:26:11,697] {taskinstance.py:1159} INFO - Dependencies all met for <TaskInstance: multi_attack_dag.choose_attack manual__2023-04-18T06:26:07.826006+00:00 [queued]>
[2023-04-18 06:26:11,697] {taskinstance.py:1356} INFO - 
--------------------------------------------------------------------------------
[2023-04-18 06:26:11,699] {taskinstance.py:1357} INFO - Starting attempt 1 of 2
[2023-04-18 06:26:11,700] {taskinstance.py:1358} INFO - 
--------------------------------------------------------------------------------
[2023-04-18 06:26:11,728] {taskinstance.py:1377} INFO - Executing <Task(PythonOperator): choose_attack> on 2023-04-18 06:26:07.826006+00:00
[2023-04-18 06:26:11,774] {standard_task_runner.py:52} INFO - Started process 884 to run task
[2023-04-18 06:26:11,779] {standard_task_runner.py:79} INFO - Running: ['***', 'tasks', 'run', 'multi_attack_dag', 'choose_attack', 'manual__2023-04-18T06:26:07.826006+00:00', '--job-id', '5490', '--raw', '--subdir', 'DAGS_FOLDER/attack_dag.py', '--cfg-path', '/tmp/tmpokv7ubv7', '--error-file', '/tmp/tmptijtaist']
[2023-04-18 06:26:11,780] {standard_task_runner.py:80} INFO - Job 5490: Subtask choose_attack
[2023-04-18 06:26:11,881] {task_command.py:369} INFO - Running <TaskInstance: multi_attack_dag.choose_attack manual__2023-04-18T06:26:07.826006+00:00 [running]> on host a3dd7d962104
[2023-04-18 06:26:12,021] {taskinstance.py:1571} INFO - Exporting the following env vars:
AIRFLOW_CTX_DAG_OWNER=***
AIRFLOW_CTX_DAG_ID=multi_attack_dag
AIRFLOW_CTX_TASK_ID=choose_attack
AIRFLOW_CTX_EXECUTION_DATE=2023-04-18T06:26:07.826006+00:00
AIRFLOW_CTX_TRY_NUMBER=1
AIRFLOW_CTX_DAG_RUN_ID=manual__2023-04-18T06:26:07.826006+00:00
[2023-04-18 06:26:12,104] {python.py:173} INFO - Done. Returned value was: None
[2023-04-18 06:26:12,128] {taskinstance.py:1400} INFO - Marking task as SUCCESS. dag_id=multi_attack_dag, task_id=choose_attack, execution_date=20230418T062607, start_date=20230418T062611, end_date=20230418T062612
[2023-04-18 06:26:12,198] {local_task_job.py:156} INFO - Task exited with return code 0
[2023-04-18 06:26:12,280] {local_task_job.py:273} INFO - 1 downstream tasks scheduled from follow-on schedule check
