[2023-04-23 09:34:54,944] {taskinstance.py:1159} INFO - Dependencies all met for <TaskInstance: multi_attack_dag.to_attack_FastGradientMethod manual__2023-04-23T09:34:43.453183+00:00 [queued]>
[2023-04-23 09:34:54,961] {taskinstance.py:1159} INFO - Dependencies all met for <TaskInstance: multi_attack_dag.to_attack_FastGradientMethod manual__2023-04-23T09:34:43.453183+00:00 [queued]>
[2023-04-23 09:34:54,963] {taskinstance.py:1356} INFO - 
--------------------------------------------------------------------------------
[2023-04-23 09:34:54,963] {taskinstance.py:1357} INFO - Starting attempt 1 of 2
[2023-04-23 09:34:54,964] {taskinstance.py:1358} INFO - 
--------------------------------------------------------------------------------
[2023-04-23 09:34:54,987] {taskinstance.py:1377} INFO - Executing <Task(BranchPythonOperator): to_attack_FastGradientMethod> on 2023-04-23 09:34:43.453183+00:00
[2023-04-23 09:34:54,998] {standard_task_runner.py:52} INFO - Started process 1129 to run task
[2023-04-23 09:34:55,009] {standard_task_runner.py:79} INFO - Running: ['***', 'tasks', 'run', 'multi_attack_dag', 'to_attack_FastGradientMethod', 'manual__2023-04-23T09:34:43.453183+00:00', '--job-id', '6094', '--raw', '--subdir', 'DAGS_FOLDER/attack_dag.py', '--cfg-path', '/tmp/tmp71u1mwc9', '--error-file', '/tmp/tmpwjnuci_b']
[2023-04-23 09:34:55,011] {standard_task_runner.py:80} INFO - Job 6094: Subtask to_attack_FastGradientMethod
[2023-04-23 09:34:55,118] {task_command.py:369} INFO - Running <TaskInstance: multi_attack_dag.to_attack_FastGradientMethod manual__2023-04-23T09:34:43.453183+00:00 [running]> on host a3dd7d962104
[2023-04-23 09:34:55,259] {taskinstance.py:1571} INFO - Exporting the following env vars:
AIRFLOW_CTX_DAG_OWNER=***
AIRFLOW_CTX_DAG_ID=multi_attack_dag
AIRFLOW_CTX_TASK_ID=to_attack_FastGradientMethod
AIRFLOW_CTX_EXECUTION_DATE=2023-04-23T09:34:43.453183+00:00
AIRFLOW_CTX_TRY_NUMBER=1
AIRFLOW_CTX_DAG_RUN_ID=manual__2023-04-23T09:34:43.453183+00:00
[2023-04-23 09:34:55,293] {python.py:173} INFO - Done. Returned value was: default
[2023-04-23 09:34:55,296] {skipmixin.py:140} INFO - Following branch default
[2023-04-23 09:34:55,298] {skipmixin.py:175} INFO - Skipping tasks ['attack_FastGradientMethod']
[2023-04-23 09:34:55,422] {taskinstance.py:1400} INFO - Marking task as SUCCESS. dag_id=multi_attack_dag, task_id=to_attack_FastGradientMethod, execution_date=20230423T093443, start_date=20230423T093454, end_date=20230423T093455
[2023-04-23 09:34:55,466] {local_task_job.py:156} INFO - Task exited with return code 0
[2023-04-23 09:34:55,555] {local_task_job.py:273} INFO - 0 downstream tasks scheduled from follow-on schedule check
