[2023-04-27 10:12:25,396] {taskinstance.py:1159} INFO - Dependencies all met for <TaskInstance: multi_defence_dag.stop manual__2023-04-27T10:11:46.195395+00:00 [queued]>
[2023-04-27 10:12:25,415] {taskinstance.py:1159} INFO - Dependencies all met for <TaskInstance: multi_defence_dag.stop manual__2023-04-27T10:11:46.195395+00:00 [queued]>
[2023-04-27 10:12:25,415] {taskinstance.py:1356} INFO - 
--------------------------------------------------------------------------------
[2023-04-27 10:12:25,416] {taskinstance.py:1357} INFO - Starting attempt 1 of 2
[2023-04-27 10:12:25,417] {taskinstance.py:1358} INFO - 
--------------------------------------------------------------------------------
[2023-04-27 10:12:25,439] {taskinstance.py:1377} INFO - Executing <Task(PythonOperator): stop> on 2023-04-27 10:11:46.195395+00:00
[2023-04-27 10:12:25,450] {standard_task_runner.py:52} INFO - Started process 4593 to run task
[2023-04-27 10:12:25,455] {standard_task_runner.py:79} INFO - Running: ['***', 'tasks', 'run', 'multi_defence_dag', 'stop', 'manual__2023-04-27T10:11:46.195395+00:00', '--job-id', '6587', '--raw', '--subdir', 'DAGS_FOLDER/defence_dag.py', '--cfg-path', '/tmp/tmpvb8778b5', '--error-file', '/tmp/tmpk150z6g7']
[2023-04-27 10:12:25,456] {standard_task_runner.py:80} INFO - Job 6587: Subtask stop
[2023-04-27 10:12:25,537] {task_command.py:369} INFO - Running <TaskInstance: multi_defence_dag.stop manual__2023-04-27T10:11:46.195395+00:00 [running]> on host e7e31d5a6603
[2023-04-27 10:12:25,648] {taskinstance.py:1571} INFO - Exporting the following env vars:
AIRFLOW_CTX_DAG_OWNER=***
AIRFLOW_CTX_DAG_ID=multi_defence_dag
AIRFLOW_CTX_TASK_ID=stop
AIRFLOW_CTX_EXECUTION_DATE=2023-04-27T10:11:46.195395+00:00
AIRFLOW_CTX_TRY_NUMBER=1
AIRFLOW_CTX_DAG_RUN_ID=manual__2023-04-27T10:11:46.195395+00:00
[2023-04-27 10:12:25,649] {python.py:173} INFO - Done. Returned value was: Cycle has ended
[2023-04-27 10:12:25,689] {taskinstance.py:1400} INFO - Marking task as SUCCESS. dag_id=multi_defence_dag, task_id=stop, execution_date=20230427T101146, start_date=20230427T101225, end_date=20230427T101225
[2023-04-27 10:12:25,748] {local_task_job.py:156} INFO - Task exited with return code 0
[2023-04-27 10:12:25,790] {local_task_job.py:273} INFO - 0 downstream tasks scheduled from follow-on schedule check
