[2023-03-23 15:42:16,254] {taskinstance.py:1159} INFO - Dependencies all met for <TaskInstance: multi_defence_dag.trigger_offence manual__2023-03-23T15:41:41.735390+00:00 [queued]>
[2023-03-23 15:42:16,337] {taskinstance.py:1159} INFO - Dependencies all met for <TaskInstance: multi_defence_dag.trigger_offence manual__2023-03-23T15:41:41.735390+00:00 [queued]>
[2023-03-23 15:42:16,341] {taskinstance.py:1356} INFO - 
--------------------------------------------------------------------------------
[2023-03-23 15:42:16,348] {taskinstance.py:1357} INFO - Starting attempt 1 of 2
[2023-03-23 15:42:16,350] {taskinstance.py:1358} INFO - 
--------------------------------------------------------------------------------
[2023-03-23 15:42:16,447] {taskinstance.py:1377} INFO - Executing <Task(TriggerDagRunOperator): trigger_offence> on 2023-03-23 15:41:41.735390+00:00
[2023-03-23 15:42:16,461] {standard_task_runner.py:52} INFO - Started process 13595 to run task
[2023-03-23 15:42:16,471] {standard_task_runner.py:79} INFO - Running: ['***', 'tasks', 'run', 'multi_defence_dag', 'trigger_offence', 'manual__2023-03-23T15:41:41.735390+00:00', '--job-id', '3510', '--raw', '--subdir', 'DAGS_FOLDER/defence_dag.py', '--cfg-path', '/tmp/tmpb25svlxu', '--error-file', '/tmp/tmp8rgnrjpb']
[2023-03-23 15:42:16,474] {standard_task_runner.py:80} INFO - Job 3510: Subtask trigger_offence
[2023-03-23 15:42:16,701] {task_command.py:369} INFO - Running <TaskInstance: multi_defence_dag.trigger_offence manual__2023-03-23T15:41:41.735390+00:00 [running]> on host 6447f1dacd32
[2023-03-23 15:42:16,872] {taskinstance.py:1571} INFO - Exporting the following env vars:
AIRFLOW_CTX_DAG_OWNER=***
AIRFLOW_CTX_DAG_ID=multi_defence_dag
AIRFLOW_CTX_TASK_ID=trigger_offence
AIRFLOW_CTX_EXECUTION_DATE=2023-03-23T15:41:41.735390+00:00
AIRFLOW_CTX_TRY_NUMBER=1
AIRFLOW_CTX_DAG_RUN_ID=manual__2023-03-23T15:41:41.735390+00:00
[2023-03-23 15:42:18,821] {taskinstance.py:1400} INFO - Marking task as SUCCESS. dag_id=multi_defence_dag, task_id=trigger_offence, execution_date=20230323T154141, start_date=20230323T154216, end_date=20230323T154218
[2023-03-23 15:42:18,865] {local_task_job.py:156} INFO - Task exited with return code 0
[2023-03-23 15:42:18,919] {local_task_job.py:273} INFO - 0 downstream tasks scheduled from follow-on schedule check
