[2023-04-27 13:32:10,169] {taskinstance.py:1159} INFO - Dependencies all met for <TaskInstance: multi_attack_dag.attack_CarliniL2Method manual__2023-04-27T13:31:42.063982+00:00 [queued]>
[2023-04-27 13:32:10,216] {taskinstance.py:1159} INFO - Dependencies all met for <TaskInstance: multi_attack_dag.attack_CarliniL2Method manual__2023-04-27T13:31:42.063982+00:00 [queued]>
[2023-04-27 13:32:10,217] {taskinstance.py:1356} INFO - 
--------------------------------------------------------------------------------
[2023-04-27 13:32:10,222] {taskinstance.py:1357} INFO - Starting attempt 1 of 2
[2023-04-27 13:32:10,227] {taskinstance.py:1358} INFO - 
--------------------------------------------------------------------------------
[2023-04-27 13:32:10,263] {taskinstance.py:1377} INFO - Executing <Task(PythonOperator): attack_CarliniL2Method> on 2023-04-27 13:31:42.063982+00:00
[2023-04-27 13:32:10,278] {standard_task_runner.py:52} INFO - Started process 465 to run task
[2023-04-27 13:32:10,290] {standard_task_runner.py:79} INFO - Running: ['***', 'tasks', 'run', 'multi_attack_dag', 'attack_CarliniL2Method', 'manual__2023-04-27T13:31:42.063982+00:00', '--job-id', '6938', '--raw', '--subdir', 'DAGS_FOLDER/attack_dag.py', '--cfg-path', '/tmp/tmp4iv89gar', '--error-file', '/tmp/tmp926o4px6']
[2023-04-27 13:32:10,304] {standard_task_runner.py:80} INFO - Job 6938: Subtask attack_CarliniL2Method
[2023-04-27 13:32:10,423] {task_command.py:369} INFO - Running <TaskInstance: multi_attack_dag.attack_CarliniL2Method manual__2023-04-27T13:31:42.063982+00:00 [running]> on host e7e31d5a6603
[2023-04-27 13:32:10,618] {taskinstance.py:1571} INFO - Exporting the following env vars:
AIRFLOW_CTX_DAG_OWNER=***
AIRFLOW_CTX_DAG_ID=multi_attack_dag
AIRFLOW_CTX_TASK_ID=attack_CarliniL2Method
AIRFLOW_CTX_EXECUTION_DATE=2023-04-27T13:31:42.063982+00:00
AIRFLOW_CTX_TRY_NUMBER=1
AIRFLOW_CTX_DAG_RUN_ID=manual__2023-04-27T13:31:42.063982+00:00
[2023-04-27 13:32:10,625] {transport.py:157} INFO - Attempting refresh to obtain initial access_token
[2023-04-27 13:32:10,634] {client.py:777} INFO - Refreshing access_token
[2023-04-27 13:32:11,345] {transport.py:157} INFO - Attempting refresh to obtain initial access_token
[2023-04-27 13:32:11,346] {client.py:777} INFO - Refreshing access_token
[2023-04-27 13:32:25,903] {pytorch.py:1198} INFO - Inferred 5 hidden layers on PyTorch classifier.
[2023-04-27 13:33:29,560] {attack.py:34} INFO - Optimizing...
[2023-04-27 13:33:29,565] {logging_mixin.py:115} INFO - I am right here on <class 'art.attacks.evasion.carlini.CarliniL2Method'>
[2023-04-27 13:33:29,566] {logging_mixin.py:115} INFO - <function optimize_evasion_attack.<locals>.<lambda> at 0x7f00ea7235f0>
[2023-04-27 13:33:29,576] {logging_mixin.py:115} INFO - This is the attack : <class 'art.attacks.evasion.carlini.CarliniL2Method'> and its HP : {'confidence': 0.2909345632626504}
[2023-04-27 13:33:29,583] {attack.py:40} INFO - Optimizing failed! using default: 0.022671222686767578
[2023-04-27 13:33:29,583] {attack.py:41} ERROR - Error while optimize:
'CarliniL2Method'
[2023-04-27 13:33:29,642] {python.py:173} INFO - Done. Returned value was: None
[2023-04-27 13:33:29,668] {taskinstance.py:1400} INFO - Marking task as SUCCESS. dag_id=multi_attack_dag, task_id=attack_CarliniL2Method, execution_date=20230427T133142, start_date=20230427T133210, end_date=20230427T133329
[2023-04-27 13:33:29,731] {local_task_job.py:156} INFO - Task exited with return code 0
[2023-04-27 13:33:29,775] {local_task_job.py:273} INFO - 0 downstream tasks scheduled from follow-on schedule check
