[2023-03-23 15:51:05,223] {taskinstance.py:1159} INFO - Dependencies all met for <TaskInstance: multi_defence_dag.to_defend manual__2023-03-23T15:50:35.116324+00:00 [queued]>
[2023-03-23 15:51:05,353] {taskinstance.py:1159} INFO - Dependencies all met for <TaskInstance: multi_defence_dag.to_defend manual__2023-03-23T15:50:35.116324+00:00 [queued]>
[2023-03-23 15:51:05,362] {taskinstance.py:1356} INFO - 
--------------------------------------------------------------------------------
[2023-03-23 15:51:05,368] {taskinstance.py:1357} INFO - Starting attempt 1 of 2
[2023-03-23 15:51:05,372] {taskinstance.py:1358} INFO - 
--------------------------------------------------------------------------------
[2023-03-23 15:51:05,620] {taskinstance.py:1377} INFO - Executing <Task(BranchPythonOperator): to_defend> on 2023-03-23 15:50:35.116324+00:00
[2023-03-23 15:51:05,700] {standard_task_runner.py:52} INFO - Started process 14113 to run task
[2023-03-23 15:51:05,755] {standard_task_runner.py:79} INFO - Running: ['***', 'tasks', 'run', 'multi_defence_dag', 'to_defend', 'manual__2023-03-23T15:50:35.116324+00:00', '--job-id', '3623', '--raw', '--subdir', 'DAGS_FOLDER/defence_dag.py', '--cfg-path', '/tmp/tmp5bu2gsr6', '--error-file', '/tmp/tmp0yt7tvoi']
[2023-03-23 15:51:05,784] {standard_task_runner.py:80} INFO - Job 3623: Subtask to_defend
[2023-03-23 15:51:06,772] {task_command.py:369} INFO - Running <TaskInstance: multi_defence_dag.to_defend manual__2023-03-23T15:50:35.116324+00:00 [running]> on host 6447f1dacd32
[2023-03-23 15:51:07,710] {taskinstance.py:1571} INFO - Exporting the following env vars:
AIRFLOW_CTX_DAG_OWNER=***
AIRFLOW_CTX_DAG_ID=multi_defence_dag
AIRFLOW_CTX_TASK_ID=to_defend
AIRFLOW_CTX_EXECUTION_DATE=2023-03-23T15:50:35.116324+00:00
AIRFLOW_CTX_TRY_NUMBER=1
AIRFLOW_CTX_DAG_RUN_ID=manual__2023-03-23T15:50:35.116324+00:00
[2023-03-23 15:51:07,773] {transport.py:157} INFO - Attempting refresh to obtain initial access_token
[2023-03-23 15:51:07,808] {client.py:777} INFO - Refreshing access_token
[2023-03-23 15:51:09,263] {python.py:173} INFO - Done. Returned value was: trigger_offence
[2023-03-23 15:51:09,266] {skipmixin.py:140} INFO - Following branch trigger_offence
[2023-03-23 15:51:09,271] {skipmixin.py:175} INFO - Skipping tasks ['stop']
[2023-03-23 15:51:09,564] {taskinstance.py:1400} INFO - Marking task as SUCCESS. dag_id=multi_defence_dag, task_id=to_defend, execution_date=20230323T155035, start_date=20230323T155105, end_date=20230323T155109
[2023-03-23 15:51:09,641] {local_task_job.py:156} INFO - Task exited with return code 0
[2023-03-23 15:51:09,822] {local_task_job.py:273} INFO - 1 downstream tasks scheduled from follow-on schedule check
