[2023-03-16 16:44:20,157] {taskinstance.py:1159} INFO - Dependencies all met for <TaskInstance: xcom_dag.to_attack1 manual__2023-03-16T16:44:18.408277+00:00 [queued]>
[2023-03-16 16:44:20,170] {taskinstance.py:1159} INFO - Dependencies all met for <TaskInstance: xcom_dag.to_attack1 manual__2023-03-16T16:44:18.408277+00:00 [queued]>
[2023-03-16 16:44:20,171] {taskinstance.py:1356} INFO - 
--------------------------------------------------------------------------------
[2023-03-16 16:44:20,171] {taskinstance.py:1357} INFO - Starting attempt 1 of 2
[2023-03-16 16:44:20,172] {taskinstance.py:1358} INFO - 
--------------------------------------------------------------------------------
[2023-03-16 16:44:20,187] {taskinstance.py:1377} INFO - Executing <Task(BranchPythonOperator): to_attack1> on 2023-03-16 16:44:18.408277+00:00
[2023-03-16 16:44:20,193] {standard_task_runner.py:52} INFO - Started process 88 to run task
[2023-03-16 16:44:20,198] {standard_task_runner.py:79} INFO - Running: ['***', 'tasks', 'run', 'xcom_dag', 'to_attack1', 'manual__2023-03-16T16:44:18.408277+00:00', '--job-id', '1457', '--raw', '--subdir', 'DAGS_FOLDER/dynamic_dag.py', '--cfg-path', '/tmp/tmpqygwpvif', '--error-file', '/tmp/tmprjqyuz45']
[2023-03-16 16:44:20,199] {standard_task_runner.py:80} INFO - Job 1457: Subtask to_attack1
[2023-03-16 16:44:20,267] {task_command.py:369} INFO - Running <TaskInstance: xcom_dag.to_attack1 manual__2023-03-16T16:44:18.408277+00:00 [running]> on host 596adcca7378
[2023-03-16 16:44:20,350] {taskinstance.py:1571} INFO - Exporting the following env vars:
AIRFLOW_CTX_DAG_OWNER=***
AIRFLOW_CTX_DAG_ID=xcom_dag
AIRFLOW_CTX_TASK_ID=to_attack1
AIRFLOW_CTX_EXECUTION_DATE=2023-03-16T16:44:18.408277+00:00
AIRFLOW_CTX_TRY_NUMBER=1
AIRFLOW_CTX_DAG_RUN_ID=manual__2023-03-16T16:44:18.408277+00:00
[2023-03-16 16:44:20,363] {python.py:173} INFO - Done. Returned value was: attack1
[2023-03-16 16:44:20,363] {skipmixin.py:140} INFO - Following branch attack1
[2023-03-16 16:44:20,364] {skipmixin.py:175} INFO - Skipping tasks ['default']
[2023-03-16 16:44:20,415] {taskinstance.py:1400} INFO - Marking task as SUCCESS. dag_id=xcom_dag, task_id=to_attack1, execution_date=20230316T164418, start_date=20230316T164420, end_date=20230316T164420
[2023-03-16 16:44:20,449] {local_task_job.py:156} INFO - Task exited with return code 0
[2023-03-16 16:44:20,496] {local_task_job.py:273} INFO - 1 downstream tasks scheduled from follow-on schedule check
