[2023-04-27 12:13:23,777] {taskinstance.py:1159} INFO - Dependencies all met for <TaskInstance: multi_attack_dag.attack_ProjectedGradientDescent manual__2023-04-27T12:06:56.081840+00:00 [queued]>
[2023-04-27 12:13:24,036] {taskinstance.py:1159} INFO - Dependencies all met for <TaskInstance: multi_attack_dag.attack_ProjectedGradientDescent manual__2023-04-27T12:06:56.081840+00:00 [queued]>
[2023-04-27 12:13:24,049] {taskinstance.py:1356} INFO - 
--------------------------------------------------------------------------------
[2023-04-27 12:13:24,057] {taskinstance.py:1357} INFO - Starting attempt 1 of 2
[2023-04-27 12:13:24,058] {taskinstance.py:1358} INFO - 
--------------------------------------------------------------------------------
[2023-04-27 12:13:24,218] {taskinstance.py:1377} INFO - Executing <Task(PythonOperator): attack_ProjectedGradientDescent> on 2023-04-27 12:06:56.081840+00:00
[2023-04-27 12:13:24,282] {standard_task_runner.py:52} INFO - Started process 3390 to run task
[2023-04-27 12:13:24,294] {standard_task_runner.py:79} INFO - Running: ['***', 'tasks', 'run', 'multi_attack_dag', 'attack_ProjectedGradientDescent', 'manual__2023-04-27T12:06:56.081840+00:00', '--job-id', '6809', '--raw', '--subdir', 'DAGS_FOLDER/attack_dag.py', '--cfg-path', '/tmp/tmpevit0fnr', '--error-file', '/tmp/tmpv2qzeoty']
[2023-04-27 12:13:24,317] {standard_task_runner.py:80} INFO - Job 6809: Subtask attack_ProjectedGradientDescent
[2023-04-27 12:13:24,725] {task_command.py:369} INFO - Running <TaskInstance: multi_attack_dag.attack_ProjectedGradientDescent manual__2023-04-27T12:06:56.081840+00:00 [running]> on host e7e31d5a6603
[2023-04-27 12:13:25,051] {taskinstance.py:1571} INFO - Exporting the following env vars:
AIRFLOW_CTX_DAG_OWNER=***
AIRFLOW_CTX_DAG_ID=multi_attack_dag
AIRFLOW_CTX_TASK_ID=attack_ProjectedGradientDescent
AIRFLOW_CTX_EXECUTION_DATE=2023-04-27T12:06:56.081840+00:00
AIRFLOW_CTX_TRY_NUMBER=1
AIRFLOW_CTX_DAG_RUN_ID=manual__2023-04-27T12:06:56.081840+00:00
[2023-04-27 12:13:25,054] {transport.py:157} INFO - Attempting refresh to obtain initial access_token
[2023-04-27 12:13:25,076] {client.py:777} INFO - Refreshing access_token
[2023-04-27 12:13:25,779] {transport.py:157} INFO - Attempting refresh to obtain initial access_token
[2023-04-27 12:13:25,782] {client.py:777} INFO - Refreshing access_token
[2023-04-27 12:13:45,698] {pytorch.py:1198} INFO - Inferred 5 hidden layers on PyTorch classifier.
[2023-04-27 12:17:28,536] {attack.py:33} INFO - Optimizing...
[2023-04-27 12:17:28,538] {logging_mixin.py:115} INFO - I am right here on <class 'art.attacks.evasion.projected_gradient_descent.projected_gradient_descent.ProjectedGradientDescent'>
[2023-04-27 12:17:28,538] {logging_mixin.py:115} INFO - <function optimize_evasion_attack.<locals>.<lambda> at 0x7f6dc1081b00>
[2023-04-27 12:17:28,596] {logging_mixin.py:115} INFO - This is the attack : <class 'art.attacks.evasion.projected_gradient_descent.projected_gradient_descent.ProjectedGradientDescent'> and its HP : {'eps': 0.6741354442424417, 'random_eps': True}
[2023-04-27 12:17:28,597] {attack.py:39} INFO - Optimizing failed! using default: 0.060898542404174805
[2023-04-27 12:17:28,682] {python.py:173} INFO - Done. Returned value was: None
[2023-04-27 12:17:28,741] {taskinstance.py:1400} INFO - Marking task as SUCCESS. dag_id=multi_attack_dag, task_id=attack_ProjectedGradientDescent, execution_date=20230427T120656, start_date=20230427T121323, end_date=20230427T121728
[2023-04-27 12:17:28,825] {local_task_job.py:156} INFO - Task exited with return code 0
[2023-04-27 12:17:29,028] {local_task_job.py:273} INFO - 0 downstream tasks scheduled from follow-on schedule check
