[2023-04-09 08:16:03,132] {taskinstance.py:1159} INFO - Dependencies all met for <TaskInstance: multi_defence_dag.choose_defence scheduled__2023-03-27T00:00:00+00:00 [queued]>
[2023-04-09 08:16:03,149] {taskinstance.py:1159} INFO - Dependencies all met for <TaskInstance: multi_defence_dag.choose_defence scheduled__2023-03-27T00:00:00+00:00 [queued]>
[2023-04-09 08:16:03,151] {taskinstance.py:1356} INFO - 
--------------------------------------------------------------------------------
[2023-04-09 08:16:03,152] {taskinstance.py:1357} INFO - Starting attempt 2 of 2
[2023-04-09 08:16:03,152] {taskinstance.py:1358} INFO - 
--------------------------------------------------------------------------------
[2023-04-09 08:16:03,183] {taskinstance.py:1377} INFO - Executing <Task(PythonOperator): choose_defence> on 2023-03-27 00:00:00+00:00
[2023-04-09 08:16:03,203] {standard_task_runner.py:52} INFO - Started process 3821 to run task
[2023-04-09 08:16:03,245] {standard_task_runner.py:79} INFO - Running: ['***', 'tasks', 'run', 'multi_defence_dag', 'choose_defence', 'scheduled__2023-03-27T00:00:00+00:00', '--job-id', '4754', '--raw', '--subdir', 'DAGS_FOLDER/defence_dag.py', '--cfg-path', '/tmp/tmpofx9odeo', '--error-file', '/tmp/tmp6po61x59']
[2023-04-09 08:16:03,248] {standard_task_runner.py:80} INFO - Job 4754: Subtask choose_defence
[2023-04-09 08:16:03,413] {task_command.py:369} INFO - Running <TaskInstance: multi_defence_dag.choose_defence scheduled__2023-03-27T00:00:00+00:00 [running]> on host ff3d40af78f9
[2023-04-09 08:16:03,680] {taskinstance.py:1571} INFO - Exporting the following env vars:
AIRFLOW_CTX_DAG_OWNER=***
AIRFLOW_CTX_DAG_ID=multi_defence_dag
AIRFLOW_CTX_TASK_ID=choose_defence
AIRFLOW_CTX_EXECUTION_DATE=2023-03-27T00:00:00+00:00
AIRFLOW_CTX_TRY_NUMBER=2
AIRFLOW_CTX_DAG_RUN_ID=scheduled__2023-03-27T00:00:00+00:00
[2023-04-09 08:16:03,827] {python.py:173} INFO - Done. Returned value was: None
[2023-04-09 08:16:03,860] {taskinstance.py:1400} INFO - Marking task as SUCCESS. dag_id=multi_defence_dag, task_id=choose_defence, execution_date=20230327T000000, start_date=20230409T081603, end_date=20230409T081603
[2023-04-09 08:16:03,946] {local_task_job.py:156} INFO - Task exited with return code 0
[2023-04-09 08:16:04,029] {local_task_job.py:273} INFO - 3 downstream tasks scheduled from follow-on schedule check
