[2023-03-28 10:26:51,958] {taskinstance.py:1159} INFO - Dependencies all met for <TaskInstance: defence_dag2.storing manual__2023-03-28T10:26:49.285155+00:00 [queued]>
[2023-03-28 10:26:51,971] {taskinstance.py:1159} INFO - Dependencies all met for <TaskInstance: defence_dag2.storing manual__2023-03-28T10:26:49.285155+00:00 [queued]>
[2023-03-28 10:26:51,973] {taskinstance.py:1356} INFO - 
--------------------------------------------------------------------------------
[2023-03-28 10:26:51,974] {taskinstance.py:1357} INFO - Starting attempt 1 of 1
[2023-03-28 10:26:51,975] {taskinstance.py:1358} INFO - 
--------------------------------------------------------------------------------
[2023-03-28 10:26:51,989] {taskinstance.py:1377} INFO - Executing <Task(BashOperator): storing> on 2023-03-28 10:26:49.285155+00:00
[2023-03-28 10:26:51,997] {standard_task_runner.py:52} INFO - Started process 1906 to run task
[2023-03-28 10:26:52,002] {standard_task_runner.py:79} INFO - Running: ['***', 'tasks', 'run', 'defence_dag2', 'storing', 'manual__2023-03-28T10:26:49.285155+00:00', '--job-id', '4210', '--raw', '--subdir', 'DAGS_FOLDER/defese.py', '--cfg-path', '/tmp/tmpdsnn96u8', '--error-file', '/tmp/tmpp3cnz_g7']
[2023-03-28 10:26:52,004] {standard_task_runner.py:80} INFO - Job 4210: Subtask storing
[2023-03-28 10:26:52,072] {task_command.py:369} INFO - Running <TaskInstance: defence_dag2.storing manual__2023-03-28T10:26:49.285155+00:00 [running]> on host 70f8824ef075
[2023-03-28 10:26:52,157] {taskinstance.py:1571} INFO - Exporting the following env vars:
AIRFLOW_CTX_DAG_OWNER=***
AIRFLOW_CTX_DAG_ID=defence_dag2
AIRFLOW_CTX_TASK_ID=storing
AIRFLOW_CTX_EXECUTION_DATE=2023-03-28T10:26:49.285155+00:00
AIRFLOW_CTX_TRY_NUMBER=1
AIRFLOW_CTX_DAG_RUN_ID=manual__2023-03-28T10:26:49.285155+00:00
[2023-03-28 10:26:52,159] {subprocess.py:62} INFO - Tmp dir root location: 
 /tmp
[2023-03-28 10:26:52,160] {subprocess.py:74} INFO - Running command: ['bash', '-c', 'sleep 1']
[2023-03-28 10:26:52,174] {subprocess.py:85} INFO - Output:
[2023-03-28 10:26:53,177] {subprocess.py:96} INFO - Command exited with return code 0
[2023-03-28 10:26:53,236] {taskinstance.py:1400} INFO - Marking task as SUCCESS. dag_id=defence_dag2, task_id=storing, execution_date=20230328T102649, start_date=20230328T102651, end_date=20230328T102653
[2023-03-28 10:26:53,266] {local_task_job.py:156} INFO - Task exited with return code 0
[2023-03-28 10:26:53,315] {local_task_job.py:273} INFO - 1 downstream tasks scheduled from follow-on schedule check
