[2023-03-16 11:29:27,873] {taskinstance.py:1159} INFO - Dependencies all met for <TaskInstance: defence_dag.storing manual__2023-03-16T11:29:26.461962+00:00 [queued]>
[2023-03-16 11:29:27,887] {taskinstance.py:1159} INFO - Dependencies all met for <TaskInstance: defence_dag.storing manual__2023-03-16T11:29:26.461962+00:00 [queued]>
[2023-03-16 11:29:27,887] {taskinstance.py:1356} INFO - 
--------------------------------------------------------------------------------
[2023-03-16 11:29:27,888] {taskinstance.py:1357} INFO - Starting attempt 1 of 1
[2023-03-16 11:29:27,888] {taskinstance.py:1358} INFO - 
--------------------------------------------------------------------------------
[2023-03-16 11:29:27,908] {taskinstance.py:1377} INFO - Executing <Task(BashOperator): storing> on 2023-03-16 11:29:26.461962+00:00
[2023-03-16 11:29:27,913] {standard_task_runner.py:52} INFO - Started process 122 to run task
[2023-03-16 11:29:27,919] {standard_task_runner.py:79} INFO - Running: ['***', 'tasks', 'run', 'defence_dag', 'storing', 'manual__2023-03-16T11:29:26.461962+00:00', '--job-id', '700', '--raw', '--subdir', 'DAGS_FOLDER/defese.py', '--cfg-path', '/tmp/tmpffvrfdi8', '--error-file', '/tmp/tmpd5dhqn3h']
[2023-03-16 11:29:27,920] {standard_task_runner.py:80} INFO - Job 700: Subtask storing
[2023-03-16 11:29:27,992] {task_command.py:369} INFO - Running <TaskInstance: defence_dag.storing manual__2023-03-16T11:29:26.461962+00:00 [running]> on host 596adcca7378
[2023-03-16 11:29:28,093] {taskinstance.py:1571} INFO - Exporting the following env vars:
AIRFLOW_CTX_DAG_OWNER=***
AIRFLOW_CTX_DAG_ID=defence_dag
AIRFLOW_CTX_TASK_ID=storing
AIRFLOW_CTX_EXECUTION_DATE=2023-03-16T11:29:26.461962+00:00
AIRFLOW_CTX_TRY_NUMBER=1
AIRFLOW_CTX_DAG_RUN_ID=manual__2023-03-16T11:29:26.461962+00:00
[2023-03-16 11:29:28,095] {subprocess.py:62} INFO - Tmp dir root location: 
 /tmp
[2023-03-16 11:29:28,097] {subprocess.py:74} INFO - Running command: ['bash', '-c', 'sleep 1']
[2023-03-16 11:29:28,106] {subprocess.py:85} INFO - Output:
[2023-03-16 11:29:29,108] {subprocess.py:96} INFO - Command exited with return code 0
[2023-03-16 11:29:29,177] {taskinstance.py:1400} INFO - Marking task as SUCCESS. dag_id=defence_dag, task_id=storing, execution_date=20230316T112926, start_date=20230316T112927, end_date=20230316T112929
[2023-03-16 11:29:29,215] {local_task_job.py:156} INFO - Task exited with return code 0
[2023-03-16 11:29:29,271] {local_task_job.py:273} INFO - 1 downstream tasks scheduled from follow-on schedule check
