[2023-04-30 09:52:21,958] {taskinstance.py:1159} INFO - Dependencies all met for <TaskInstance: multi_defence_dag.Defence2 manual__2023-04-30T09:52:05.012521+00:00 [queued]>
[2023-04-30 09:52:21,979] {taskinstance.py:1159} INFO - Dependencies all met for <TaskInstance: multi_defence_dag.Defence2 manual__2023-04-30T09:52:05.012521+00:00 [queued]>
[2023-04-30 09:52:21,980] {taskinstance.py:1356} INFO - 
--------------------------------------------------------------------------------
[2023-04-30 09:52:21,982] {taskinstance.py:1357} INFO - Starting attempt 1 of 2
[2023-04-30 09:52:21,982] {taskinstance.py:1358} INFO - 
--------------------------------------------------------------------------------
[2023-04-30 09:52:22,009] {taskinstance.py:1377} INFO - Executing <Task(PythonOperator): Defence2> on 2023-04-30 09:52:05.012521+00:00
[2023-04-30 09:52:22,021] {standard_task_runner.py:52} INFO - Started process 459 to run task
[2023-04-30 09:52:22,027] {standard_task_runner.py:79} INFO - Running: ['***', 'tasks', 'run', 'multi_defence_dag', 'Defence2', 'manual__2023-04-30T09:52:05.012521+00:00', '--job-id', '7412', '--raw', '--subdir', 'DAGS_FOLDER/defence_dag.py', '--cfg-path', '/tmp/tmpqhmvv51r', '--error-file', '/tmp/tmpxx1rygtg']
[2023-04-30 09:52:22,028] {standard_task_runner.py:80} INFO - Job 7412: Subtask Defence2
[2023-04-30 09:52:22,137] {task_command.py:369} INFO - Running <TaskInstance: multi_defence_dag.Defence2 manual__2023-04-30T09:52:05.012521+00:00 [running]> on host 873e5d3a4399
[2023-04-30 09:52:22,289] {taskinstance.py:1571} INFO - Exporting the following env vars:
AIRFLOW_CTX_DAG_OWNER=***
AIRFLOW_CTX_DAG_ID=multi_defence_dag
AIRFLOW_CTX_TASK_ID=Defence2
AIRFLOW_CTX_EXECUTION_DATE=2023-04-30T09:52:05.012521+00:00
AIRFLOW_CTX_TRY_NUMBER=1
AIRFLOW_CTX_DAG_RUN_ID=manual__2023-04-30T09:52:05.012521+00:00
[2023-04-30 09:52:22,319] {python.py:173} INFO - Done. Returned value was: None
[2023-04-30 09:52:22,336] {taskinstance.py:1400} INFO - Marking task as SUCCESS. dag_id=multi_defence_dag, task_id=Defence2, execution_date=20230430T095205, start_date=20230430T095221, end_date=20230430T095222
[2023-04-30 09:52:22,362] {local_task_job.py:156} INFO - Task exited with return code 0
[2023-04-30 09:52:22,425] {local_task_job.py:273} INFO - 0 downstream tasks scheduled from follow-on schedule check
