[2023-04-08 13:24:53,724] {taskinstance.py:1159} INFO - Dependencies all met for <TaskInstance: multi_attack_dag.to_attack_BasicIterativeMethod manual__2023-04-08T13:24:38.312099+00:00 [queued]>
[2023-04-08 13:24:53,742] {taskinstance.py:1159} INFO - Dependencies all met for <TaskInstance: multi_attack_dag.to_attack_BasicIterativeMethod manual__2023-04-08T13:24:38.312099+00:00 [queued]>
[2023-04-08 13:24:53,743] {taskinstance.py:1356} INFO - 
--------------------------------------------------------------------------------
[2023-04-08 13:24:53,744] {taskinstance.py:1357} INFO - Starting attempt 1 of 2
[2023-04-08 13:24:53,745] {taskinstance.py:1358} INFO - 
--------------------------------------------------------------------------------
[2023-04-08 13:24:53,771] {taskinstance.py:1377} INFO - Executing <Task(BranchPythonOperator): to_attack_BasicIterativeMethod> on 2023-04-08 13:24:38.312099+00:00
[2023-04-08 13:24:53,822] {standard_task_runner.py:52} INFO - Started process 5935 to run task
[2023-04-08 13:24:53,829] {standard_task_runner.py:79} INFO - Running: ['***', 'tasks', 'run', 'multi_attack_dag', 'to_attack_BasicIterativeMethod', 'manual__2023-04-08T13:24:38.312099+00:00', '--job-id', '4670', '--raw', '--subdir', 'DAGS_FOLDER/attack_dag.py', '--cfg-path', '/tmp/tmps3tludbb', '--error-file', '/tmp/tmpnsuozwcu']
[2023-04-08 13:24:53,830] {standard_task_runner.py:80} INFO - Job 4670: Subtask to_attack_BasicIterativeMethod
[2023-04-08 13:24:53,934] {task_command.py:369} INFO - Running <TaskInstance: multi_attack_dag.to_attack_BasicIterativeMethod manual__2023-04-08T13:24:38.312099+00:00 [running]> on host ff3d40af78f9
[2023-04-08 13:24:54,093] {taskinstance.py:1571} INFO - Exporting the following env vars:
AIRFLOW_CTX_DAG_OWNER=***
AIRFLOW_CTX_DAG_ID=multi_attack_dag
AIRFLOW_CTX_TASK_ID=to_attack_BasicIterativeMethod
AIRFLOW_CTX_EXECUTION_DATE=2023-04-08T13:24:38.312099+00:00
AIRFLOW_CTX_TRY_NUMBER=1
AIRFLOW_CTX_DAG_RUN_ID=manual__2023-04-08T13:24:38.312099+00:00
[2023-04-08 13:24:54,110] {python.py:173} INFO - Done. Returned value was: attack_BasicIterativeMethod
[2023-04-08 13:24:54,111] {skipmixin.py:140} INFO - Following branch attack_BasicIterativeMethod
[2023-04-08 13:24:54,112] {skipmixin.py:175} INFO - Skipping tasks ['default']
[2023-04-08 13:24:54,175] {taskinstance.py:1400} INFO - Marking task as SUCCESS. dag_id=multi_attack_dag, task_id=to_attack_BasicIterativeMethod, execution_date=20230408T132438, start_date=20230408T132453, end_date=20230408T132454
[2023-04-08 13:24:54,204] {local_task_job.py:156} INFO - Task exited with return code 0
[2023-04-08 13:24:54,335] {local_task_job.py:273} INFO - 1 downstream tasks scheduled from follow-on schedule check
