[2023-03-23 11:14:45,327] {taskinstance.py:1159} INFO - Dependencies all met for <TaskInstance: defence_dag2.defence1 manual__2023-03-23T11:14:40.951111+00:00 [queued]>
[2023-03-23 11:14:45,337] {taskinstance.py:1159} INFO - Dependencies all met for <TaskInstance: defence_dag2.defence1 manual__2023-03-23T11:14:40.951111+00:00 [queued]>
[2023-03-23 11:14:45,338] {taskinstance.py:1356} INFO - 
--------------------------------------------------------------------------------
[2023-03-23 11:14:45,339] {taskinstance.py:1357} INFO - Starting attempt 1 of 1
[2023-03-23 11:14:45,339] {taskinstance.py:1358} INFO - 
--------------------------------------------------------------------------------
[2023-03-23 11:14:45,354] {taskinstance.py:1377} INFO - Executing <Task(PythonOperator): defence1> on 2023-03-23 11:14:40.951111+00:00
[2023-03-23 11:14:45,360] {standard_task_runner.py:52} INFO - Started process 1356 to run task
[2023-03-23 11:14:45,363] {standard_task_runner.py:79} INFO - Running: ['***', 'tasks', 'run', 'defence_dag2', 'defence1', 'manual__2023-03-23T11:14:40.951111+00:00', '--job-id', '2629', '--raw', '--subdir', 'DAGS_FOLDER/defese.py', '--cfg-path', '/tmp/tmpe0yhnyqm', '--error-file', '/tmp/tmppahp6soq']
[2023-03-23 11:14:45,364] {standard_task_runner.py:80} INFO - Job 2629: Subtask defence1
[2023-03-23 11:14:45,427] {task_command.py:369} INFO - Running <TaskInstance: defence_dag2.defence1 manual__2023-03-23T11:14:40.951111+00:00 [running]> on host 6447f1dacd32
[2023-03-23 11:14:45,534] {taskinstance.py:1571} INFO - Exporting the following env vars:
AIRFLOW_CTX_DAG_OWNER=***
AIRFLOW_CTX_DAG_ID=defence_dag2
AIRFLOW_CTX_TASK_ID=defence1
AIRFLOW_CTX_EXECUTION_DATE=2023-03-23T11:14:40.951111+00:00
AIRFLOW_CTX_TRY_NUMBER=1
AIRFLOW_CTX_DAG_RUN_ID=manual__2023-03-23T11:14:40.951111+00:00
[2023-03-23 11:14:45,536] {logging_mixin.py:115} INFO - defensing
[2023-03-23 11:14:45,536] {python.py:173} INFO - Done. Returned value was: None
[2023-03-23 11:14:45,565] {taskinstance.py:1400} INFO - Marking task as SUCCESS. dag_id=defence_dag2, task_id=defence1, execution_date=20230323T111440, start_date=20230323T111445, end_date=20230323T111445
[2023-03-23 11:14:45,617] {local_task_job.py:156} INFO - Task exited with return code 0
[2023-03-23 11:14:45,678] {local_task_job.py:273} INFO - 1 downstream tasks scheduled from follow-on schedule check
