[2023-04-09 13:38:11,520] {taskinstance.py:1159} INFO - Dependencies all met for <TaskInstance: multi_defence_dag.Defence3 manual__2023-04-09T13:37:58.850560+00:00 [queued]>
[2023-04-09 13:38:11,543] {taskinstance.py:1159} INFO - Dependencies all met for <TaskInstance: multi_defence_dag.Defence3 manual__2023-04-09T13:37:58.850560+00:00 [queued]>
[2023-04-09 13:38:11,543] {taskinstance.py:1356} INFO - 
--------------------------------------------------------------------------------
[2023-04-09 13:38:11,545] {taskinstance.py:1357} INFO - Starting attempt 1 of 2
[2023-04-09 13:38:11,545] {taskinstance.py:1358} INFO - 
--------------------------------------------------------------------------------
[2023-04-09 13:38:11,573] {taskinstance.py:1377} INFO - Executing <Task(PythonOperator): Defence3> on 2023-04-09 13:37:58.850560+00:00
[2023-04-09 13:38:11,587] {standard_task_runner.py:52} INFO - Started process 584 to run task
[2023-04-09 13:38:11,593] {standard_task_runner.py:79} INFO - Running: ['***', 'tasks', 'run', 'multi_defence_dag', 'Defence3', 'manual__2023-04-09T13:37:58.850560+00:00', '--job-id', '5074', '--raw', '--subdir', 'DAGS_FOLDER/defence_dag.py', '--cfg-path', '/tmp/tmpc0zww3l7', '--error-file', '/tmp/tmpxu12bexz']
[2023-04-09 13:38:11,595] {standard_task_runner.py:80} INFO - Job 5074: Subtask Defence3
[2023-04-09 13:38:11,688] {task_command.py:369} INFO - Running <TaskInstance: multi_defence_dag.Defence3 manual__2023-04-09T13:37:58.850560+00:00 [running]> on host c5458bb8a35c
[2023-04-09 13:38:11,804] {taskinstance.py:1571} INFO - Exporting the following env vars:
AIRFLOW_CTX_DAG_OWNER=***
AIRFLOW_CTX_DAG_ID=multi_defence_dag
AIRFLOW_CTX_TASK_ID=Defence3
AIRFLOW_CTX_EXECUTION_DATE=2023-04-09T13:37:58.850560+00:00
AIRFLOW_CTX_TRY_NUMBER=1
AIRFLOW_CTX_DAG_RUN_ID=manual__2023-04-09T13:37:58.850560+00:00
[2023-04-09 13:38:11,828] {python.py:173} INFO - Done. Returned value was: None
[2023-04-09 13:38:11,877] {taskinstance.py:1400} INFO - Marking task as SUCCESS. dag_id=multi_defence_dag, task_id=Defence3, execution_date=20230409T133758, start_date=20230409T133811, end_date=20230409T133811
[2023-04-09 13:38:11,927] {local_task_job.py:156} INFO - Task exited with return code 0
[2023-04-09 13:38:12,006] {local_task_job.py:273} INFO - 0 downstream tasks scheduled from follow-on schedule check
