[2023-03-23 15:36:18,162] {taskinstance.py:1159} INFO - Dependencies all met for <TaskInstance: multi_attack_dag.choose_attack manual__2023-03-23T15:36:15.605009+00:00 [queued]>
[2023-03-23 15:36:18,174] {taskinstance.py:1159} INFO - Dependencies all met for <TaskInstance: multi_attack_dag.choose_attack manual__2023-03-23T15:36:15.605009+00:00 [queued]>
[2023-03-23 15:36:18,174] {taskinstance.py:1356} INFO - 
--------------------------------------------------------------------------------
[2023-03-23 15:36:18,175] {taskinstance.py:1357} INFO - Starting attempt 1 of 2
[2023-03-23 15:36:18,175] {taskinstance.py:1358} INFO - 
--------------------------------------------------------------------------------
[2023-03-23 15:36:18,192] {taskinstance.py:1377} INFO - Executing <Task(PythonOperator): choose_attack> on 2023-03-23 15:36:15.605009+00:00
[2023-03-23 15:36:18,197] {standard_task_runner.py:52} INFO - Started process 13166 to run task
[2023-03-23 15:36:18,201] {standard_task_runner.py:79} INFO - Running: ['***', 'tasks', 'run', 'multi_attack_dag', 'choose_attack', 'manual__2023-03-23T15:36:15.605009+00:00', '--job-id', '3416', '--raw', '--subdir', 'DAGS_FOLDER/attack_dag.py', '--cfg-path', '/tmp/tmpcj2r_off', '--error-file', '/tmp/tmp7yma3vas']
[2023-03-23 15:36:18,202] {standard_task_runner.py:80} INFO - Job 3416: Subtask choose_attack
[2023-03-23 15:36:18,265] {task_command.py:369} INFO - Running <TaskInstance: multi_attack_dag.choose_attack manual__2023-03-23T15:36:15.605009+00:00 [running]> on host 6447f1dacd32
[2023-03-23 15:36:18,350] {taskinstance.py:1571} INFO - Exporting the following env vars:
AIRFLOW_CTX_DAG_OWNER=***
AIRFLOW_CTX_DAG_ID=multi_attack_dag
AIRFLOW_CTX_TASK_ID=choose_attack
AIRFLOW_CTX_EXECUTION_DATE=2023-03-23T15:36:15.605009+00:00
AIRFLOW_CTX_TRY_NUMBER=1
AIRFLOW_CTX_DAG_RUN_ID=manual__2023-03-23T15:36:15.605009+00:00
[2023-03-23 15:36:18,393] {python.py:173} INFO - Done. Returned value was: None
[2023-03-23 15:36:18,406] {taskinstance.py:1400} INFO - Marking task as SUCCESS. dag_id=multi_attack_dag, task_id=choose_attack, execution_date=20230323T153615, start_date=20230323T153618, end_date=20230323T153618
[2023-03-23 15:36:18,456] {local_task_job.py:156} INFO - Task exited with return code 0
[2023-03-23 15:36:18,499] {local_task_job.py:273} INFO - 1 downstream tasks scheduled from follow-on schedule check
