[2023-04-23 13:42:34,314] {taskinstance.py:1159} INFO - Dependencies all met for <TaskInstance: multi_attack_dag.to_attack_BasicIterativeMethod manual__2023-04-23T13:42:16.260150+00:00 [queued]>
[2023-04-23 13:42:34,333] {taskinstance.py:1159} INFO - Dependencies all met for <TaskInstance: multi_attack_dag.to_attack_BasicIterativeMethod manual__2023-04-23T13:42:16.260150+00:00 [queued]>
[2023-04-23 13:42:34,334] {taskinstance.py:1356} INFO - 
--------------------------------------------------------------------------------
[2023-04-23 13:42:34,335] {taskinstance.py:1357} INFO - Starting attempt 1 of 2
[2023-04-23 13:42:34,336] {taskinstance.py:1358} INFO - 
--------------------------------------------------------------------------------
[2023-04-23 13:42:34,365] {taskinstance.py:1377} INFO - Executing <Task(BranchPythonOperator): to_attack_BasicIterativeMethod> on 2023-04-23 13:42:16.260150+00:00
[2023-04-23 13:42:34,633] {standard_task_runner.py:52} INFO - Started process 493 to run task
[2023-04-23 13:42:34,714] {standard_task_runner.py:79} INFO - Running: ['***', 'tasks', 'run', 'multi_attack_dag', 'to_attack_BasicIterativeMethod', 'manual__2023-04-23T13:42:16.260150+00:00', '--job-id', '6220', '--raw', '--subdir', 'DAGS_FOLDER/attack_dag.py', '--cfg-path', '/tmp/tmpbb7uro5b', '--error-file', '/tmp/tmpsmvv916x']
[2023-04-23 13:42:34,733] {standard_task_runner.py:80} INFO - Job 6220: Subtask to_attack_BasicIterativeMethod
[2023-04-23 13:42:35,977] {task_command.py:369} INFO - Running <TaskInstance: multi_attack_dag.to_attack_BasicIterativeMethod manual__2023-04-23T13:42:16.260150+00:00 [running]> on host e7e31d5a6603
[2023-04-23 13:42:41,216] {taskinstance.py:1571} INFO - Exporting the following env vars:
AIRFLOW_CTX_DAG_OWNER=***
AIRFLOW_CTX_DAG_ID=multi_attack_dag
AIRFLOW_CTX_TASK_ID=to_attack_BasicIterativeMethod
AIRFLOW_CTX_EXECUTION_DATE=2023-04-23T13:42:16.260150+00:00
AIRFLOW_CTX_TRY_NUMBER=1
AIRFLOW_CTX_DAG_RUN_ID=manual__2023-04-23T13:42:16.260150+00:00
[2023-04-23 13:42:41,276] {python.py:173} INFO - Done. Returned value was: attack_BasicIterativeMethod
[2023-04-23 13:42:41,279] {skipmixin.py:140} INFO - Following branch attack_BasicIterativeMethod
[2023-04-23 13:42:41,281] {skipmixin.py:175} INFO - Skipping tasks ['default']
[2023-04-23 13:42:41,508] {taskinstance.py:1400} INFO - Marking task as SUCCESS. dag_id=multi_attack_dag, task_id=to_attack_BasicIterativeMethod, execution_date=20230423T134216, start_date=20230423T134234, end_date=20230423T134241
[2023-04-23 13:42:41,579] {local_task_job.py:156} INFO - Task exited with return code 0
[2023-04-23 13:42:41,726] {local_task_job.py:273} INFO - 1 downstream tasks scheduled from follow-on schedule check
