[2023-03-16 11:57:53,587] {taskinstance.py:1159} INFO - Dependencies all met for <TaskInstance: defence_dag.storing manual__2023-03-12T15:50:59.038083+00:00 [queued]>
[2023-03-16 11:57:53,657] {taskinstance.py:1159} INFO - Dependencies all met for <TaskInstance: defence_dag.storing manual__2023-03-12T15:50:59.038083+00:00 [queued]>
[2023-03-16 11:57:53,663] {taskinstance.py:1356} INFO - 
--------------------------------------------------------------------------------
[2023-03-16 11:57:53,664] {taskinstance.py:1357} INFO - Starting attempt 2 of 2
[2023-03-16 11:57:53,665] {taskinstance.py:1358} INFO - 
--------------------------------------------------------------------------------
[2023-03-16 11:57:54,086] {taskinstance.py:1377} INFO - Executing <Task(BashOperator): storing> on 2023-03-12 15:50:59.038083+00:00
[2023-03-16 11:57:54,108] {standard_task_runner.py:52} INFO - Started process 1136 to run task
[2023-03-16 11:57:54,123] {standard_task_runner.py:79} INFO - Running: ['***', 'tasks', 'run', 'defence_dag', 'storing', 'manual__2023-03-12T15:50:59.038083+00:00', '--job-id', '1146', '--raw', '--subdir', 'DAGS_FOLDER/defese.py', '--cfg-path', '/tmp/tmp5tfnalaj', '--error-file', '/tmp/tmpaxrjfgdr']
[2023-03-16 11:57:54,124] {standard_task_runner.py:80} INFO - Job 1146: Subtask storing
[2023-03-16 11:57:54,405] {task_command.py:369} INFO - Running <TaskInstance: defence_dag.storing manual__2023-03-12T15:50:59.038083+00:00 [running]> on host 596adcca7378
[2023-03-16 11:57:54,777] {taskinstance.py:1571} INFO - Exporting the following env vars:
AIRFLOW_CTX_DAG_OWNER=***
AIRFLOW_CTX_DAG_ID=defence_dag
AIRFLOW_CTX_TASK_ID=storing
AIRFLOW_CTX_EXECUTION_DATE=2023-03-12T15:50:59.038083+00:00
AIRFLOW_CTX_TRY_NUMBER=2
AIRFLOW_CTX_DAG_RUN_ID=manual__2023-03-12T15:50:59.038083+00:00
[2023-03-16 11:57:54,786] {subprocess.py:62} INFO - Tmp dir root location: 
 /tmp
[2023-03-16 11:57:54,787] {subprocess.py:74} INFO - Running command: ['bash', '-c', 'sleep 1']
[2023-03-16 11:57:54,823] {subprocess.py:85} INFO - Output:
[2023-03-16 11:57:55,839] {subprocess.py:96} INFO - Command exited with return code 0
[2023-03-16 11:57:56,055] {taskinstance.py:1400} INFO - Marking task as SUCCESS. dag_id=defence_dag, task_id=storing, execution_date=20230312T155059, start_date=20230316T115753, end_date=20230316T115756
[2023-03-16 11:57:56,116] {local_task_job.py:156} INFO - Task exited with return code 0
[2023-03-16 11:57:56,384] {local_task_job.py:273} INFO - 1 downstream tasks scheduled from follow-on schedule check
