[2023-04-23 07:53:44,324] {taskinstance.py:1159} INFO - Dependencies all met for <TaskInstance: multi_defence_dag.Defence2 manual__2023-04-23T07:53:23.573684+00:00 [queued]>
[2023-04-23 07:53:44,346] {taskinstance.py:1159} INFO - Dependencies all met for <TaskInstance: multi_defence_dag.Defence2 manual__2023-04-23T07:53:23.573684+00:00 [queued]>
[2023-04-23 07:53:44,347] {taskinstance.py:1356} INFO - 
--------------------------------------------------------------------------------
[2023-04-23 07:53:44,351] {taskinstance.py:1357} INFO - Starting attempt 1 of 2
[2023-04-23 07:53:44,353] {taskinstance.py:1358} INFO - 
--------------------------------------------------------------------------------
[2023-04-23 07:53:44,409] {taskinstance.py:1377} INFO - Executing <Task(PythonOperator): Defence2> on 2023-04-23 07:53:23.573684+00:00
[2023-04-23 07:53:44,449] {standard_task_runner.py:52} INFO - Started process 372 to run task
[2023-04-23 07:53:44,471] {standard_task_runner.py:79} INFO - Running: ['***', 'tasks', 'run', 'multi_defence_dag', 'Defence2', 'manual__2023-04-23T07:53:23.573684+00:00', '--job-id', '5880', '--raw', '--subdir', 'DAGS_FOLDER/defence_dag.py', '--cfg-path', '/tmp/tmp7ufv9plu', '--error-file', '/tmp/tmplwz85v8b']
[2023-04-23 07:53:44,479] {standard_task_runner.py:80} INFO - Job 5880: Subtask Defence2
[2023-04-23 07:53:44,877] {task_command.py:369} INFO - Running <TaskInstance: multi_defence_dag.Defence2 manual__2023-04-23T07:53:23.573684+00:00 [running]> on host a3dd7d962104
[2023-04-23 07:53:45,231] {taskinstance.py:1571} INFO - Exporting the following env vars:
AIRFLOW_CTX_DAG_OWNER=***
AIRFLOW_CTX_DAG_ID=multi_defence_dag
AIRFLOW_CTX_TASK_ID=Defence2
AIRFLOW_CTX_EXECUTION_DATE=2023-04-23T07:53:23.573684+00:00
AIRFLOW_CTX_TRY_NUMBER=1
AIRFLOW_CTX_DAG_RUN_ID=manual__2023-04-23T07:53:23.573684+00:00
[2023-04-23 07:53:45,283] {python.py:173} INFO - Done. Returned value was: None
[2023-04-23 07:53:45,361] {taskinstance.py:1400} INFO - Marking task as SUCCESS. dag_id=multi_defence_dag, task_id=Defence2, execution_date=20230423T075323, start_date=20230423T075344, end_date=20230423T075345
[2023-04-23 07:53:45,437] {local_task_job.py:156} INFO - Task exited with return code 0
[2023-04-23 07:53:45,554] {local_task_job.py:273} INFO - 0 downstream tasks scheduled from follow-on schedule check
