[2023-03-28 12:09:28,449] {taskinstance.py:1159} INFO - Dependencies all met for <TaskInstance: defence_dag2.to_attack manual__2023-03-28T12:09:20.101458+00:00 [queued]>
[2023-03-28 12:09:28,456] {taskinstance.py:1159} INFO - Dependencies all met for <TaskInstance: defence_dag2.to_attack manual__2023-03-28T12:09:20.101458+00:00 [queued]>
[2023-03-28 12:09:28,457] {taskinstance.py:1356} INFO - 
--------------------------------------------------------------------------------
[2023-03-28 12:09:28,457] {taskinstance.py:1357} INFO - Starting attempt 1 of 1
[2023-03-28 12:09:28,459] {taskinstance.py:1358} INFO - 
--------------------------------------------------------------------------------
[2023-03-28 12:09:28,470] {taskinstance.py:1377} INFO - Executing <Task(BranchPythonOperator): to_attack> on 2023-03-28 12:09:20.101458+00:00
[2023-03-28 12:09:28,477] {standard_task_runner.py:52} INFO - Started process 2068 to run task
[2023-03-28 12:09:28,479] {standard_task_runner.py:79} INFO - Running: ['***', 'tasks', 'run', 'defence_dag2', 'to_attack', 'manual__2023-03-28T12:09:20.101458+00:00', '--job-id', '4553', '--raw', '--subdir', 'DAGS_FOLDER/defese.py', '--cfg-path', '/tmp/tmptyztc5_p', '--error-file', '/tmp/tmp9zifpjyk']
[2023-03-28 12:09:28,480] {standard_task_runner.py:80} INFO - Job 4553: Subtask to_attack
[2023-03-28 12:09:28,525] {task_command.py:369} INFO - Running <TaskInstance: defence_dag2.to_attack manual__2023-03-28T12:09:20.101458+00:00 [running]> on host ff3d40af78f9
[2023-03-28 12:09:28,584] {taskinstance.py:1571} INFO - Exporting the following env vars:
AIRFLOW_CTX_DAG_OWNER=***
AIRFLOW_CTX_DAG_ID=defence_dag2
AIRFLOW_CTX_TASK_ID=to_attack
AIRFLOW_CTX_EXECUTION_DATE=2023-03-28T12:09:20.101458+00:00
AIRFLOW_CTX_TRY_NUMBER=1
AIRFLOW_CTX_DAG_RUN_ID=manual__2023-03-28T12:09:20.101458+00:00
[2023-03-28 12:09:28,586] {transport.py:157} INFO - Attempting refresh to obtain initial access_token
[2023-03-28 12:09:28,589] {client.py:777} INFO - Refreshing access_token
[2023-03-28 12:09:29,494] {python.py:173} INFO - Done. Returned value was: trigger_offence
[2023-03-28 12:09:29,495] {skipmixin.py:140} INFO - Following branch trigger_offence
[2023-03-28 12:09:29,495] {skipmixin.py:175} INFO - Skipping tasks ['stop']
[2023-03-28 12:09:29,543] {taskinstance.py:1400} INFO - Marking task as SUCCESS. dag_id=defence_dag2, task_id=to_attack, execution_date=20230328T120920, start_date=20230328T120928, end_date=20230328T120929
[2023-03-28 12:09:29,578] {local_task_job.py:156} INFO - Task exited with return code 0
[2023-03-28 12:09:29,615] {local_task_job.py:273} INFO - 1 downstream tasks scheduled from follow-on schedule check
