[2023-03-28 09:51:43,948] {taskinstance.py:1159} INFO - Dependencies all met for <TaskInstance: attack_dag2.attack manual__2023-03-28T09:51:42.123122+00:00 [queued]>
[2023-03-28 09:51:43,960] {taskinstance.py:1159} INFO - Dependencies all met for <TaskInstance: attack_dag2.attack manual__2023-03-28T09:51:42.123122+00:00 [queued]>
[2023-03-28 09:51:43,961] {taskinstance.py:1356} INFO - 
--------------------------------------------------------------------------------
[2023-03-28 09:51:43,962] {taskinstance.py:1357} INFO - Starting attempt 1 of 1
[2023-03-28 09:51:43,963] {taskinstance.py:1358} INFO - 
--------------------------------------------------------------------------------
[2023-03-28 09:51:43,982] {taskinstance.py:1377} INFO - Executing <Task(PythonOperator): attack> on 2023-03-28 09:51:42.123122+00:00
[2023-03-28 09:51:43,988] {standard_task_runner.py:52} INFO - Started process 579 to run task
[2023-03-28 09:51:43,993] {standard_task_runner.py:79} INFO - Running: ['***', 'tasks', 'run', 'attack_dag2', 'attack', 'manual__2023-03-28T09:51:42.123122+00:00', '--job-id', '3978', '--raw', '--subdir', 'DAGS_FOLDER/attack.py', '--cfg-path', '/tmp/tmpebk20o7z', '--error-file', '/tmp/tmpp5c4z6ar']
[2023-03-28 09:51:43,994] {standard_task_runner.py:80} INFO - Job 3978: Subtask attack
[2023-03-28 09:51:44,064] {task_command.py:369} INFO - Running <TaskInstance: attack_dag2.attack manual__2023-03-28T09:51:42.123122+00:00 [running]> on host 70f8824ef075
[2023-03-28 09:51:44,167] {taskinstance.py:1571} INFO - Exporting the following env vars:
AIRFLOW_CTX_DAG_OWNER=***
AIRFLOW_CTX_DAG_ID=attack_dag2
AIRFLOW_CTX_TASK_ID=attack
AIRFLOW_CTX_EXECUTION_DATE=2023-03-28T09:51:42.123122+00:00
AIRFLOW_CTX_TRY_NUMBER=1
AIRFLOW_CTX_DAG_RUN_ID=manual__2023-03-28T09:51:42.123122+00:00
[2023-03-28 09:51:44,171] {transport.py:157} INFO - Attempting refresh to obtain initial access_token
[2023-03-28 09:51:44,177] {client.py:777} INFO - Refreshing access_token
[2023-03-28 09:51:45,144] {transport.py:157} INFO - Attempting refresh to obtain initial access_token
[2023-03-28 09:51:45,147] {client.py:777} INFO - Refreshing access_token
[2023-03-28 09:51:45,827] {python.py:173} INFO - Done. Returned value was: None
[2023-03-28 09:51:45,842] {taskinstance.py:1400} INFO - Marking task as SUCCESS. dag_id=attack_dag2, task_id=attack, execution_date=20230328T095142, start_date=20230328T095143, end_date=20230328T095145
[2023-03-28 09:51:45,898] {local_task_job.py:156} INFO - Task exited with return code 0
[2023-03-28 09:51:45,949] {local_task_job.py:273} INFO - 1 downstream tasks scheduled from follow-on schedule check
