[2023-04-16 13:57:52,176] {taskinstance.py:1159} INFO - Dependencies all met for <TaskInstance: multi_defence_dag.stop manual__2023-04-16T13:56:54.086572+00:00 [queued]>
[2023-04-16 13:57:52,227] {taskinstance.py:1159} INFO - Dependencies all met for <TaskInstance: multi_defence_dag.stop manual__2023-04-16T13:56:54.086572+00:00 [queued]>
[2023-04-16 13:57:52,227] {taskinstance.py:1356} INFO - 
--------------------------------------------------------------------------------
[2023-04-16 13:57:52,228] {taskinstance.py:1357} INFO - Starting attempt 1 of 2
[2023-04-16 13:57:52,243] {taskinstance.py:1358} INFO - 
--------------------------------------------------------------------------------
[2023-04-16 13:57:52,304] {taskinstance.py:1377} INFO - Executing <Task(PythonOperator): stop> on 2023-04-16 13:56:54.086572+00:00
[2023-04-16 13:57:52,335] {standard_task_runner.py:52} INFO - Started process 540 to run task
[2023-04-16 13:57:52,358] {standard_task_runner.py:79} INFO - Running: ['***', 'tasks', 'run', 'multi_defence_dag', 'stop', 'manual__2023-04-16T13:56:54.086572+00:00', '--job-id', '5230', '--raw', '--subdir', 'DAGS_FOLDER/defence_dag.py', '--cfg-path', '/tmp/tmp1ztwkzqz', '--error-file', '/tmp/tmp1_h0pu3a']
[2023-04-16 13:57:52,373] {standard_task_runner.py:80} INFO - Job 5230: Subtask stop
[2023-04-16 13:57:52,637] {task_command.py:369} INFO - Running <TaskInstance: multi_defence_dag.stop manual__2023-04-16T13:56:54.086572+00:00 [running]> on host c5458bb8a35c
[2023-04-16 13:57:52,937] {taskinstance.py:1571} INFO - Exporting the following env vars:
AIRFLOW_CTX_DAG_OWNER=***
AIRFLOW_CTX_DAG_ID=multi_defence_dag
AIRFLOW_CTX_TASK_ID=stop
AIRFLOW_CTX_EXECUTION_DATE=2023-04-16T13:56:54.086572+00:00
AIRFLOW_CTX_TRY_NUMBER=1
AIRFLOW_CTX_DAG_RUN_ID=manual__2023-04-16T13:56:54.086572+00:00
[2023-04-16 13:57:52,944] {python.py:173} INFO - Done. Returned value was: Cycle has ended
[2023-04-16 13:57:53,048] {taskinstance.py:1400} INFO - Marking task as SUCCESS. dag_id=multi_defence_dag, task_id=stop, execution_date=20230416T135654, start_date=20230416T135752, end_date=20230416T135753
[2023-04-16 13:57:53,126] {local_task_job.py:156} INFO - Task exited with return code 0
[2023-04-16 13:57:53,247] {local_task_job.py:273} INFO - 0 downstream tasks scheduled from follow-on schedule check
