[2023-03-16 11:57:48,179] {taskinstance.py:1159} INFO - Dependencies all met for <TaskInstance: defence_dag.trigger_offence manual__2023-03-12T15:19:16.588499+00:00 [queued]>
[2023-03-16 11:57:48,265] {taskinstance.py:1159} INFO - Dependencies all met for <TaskInstance: defence_dag.trigger_offence manual__2023-03-12T15:19:16.588499+00:00 [queued]>
[2023-03-16 11:57:48,272] {taskinstance.py:1356} INFO - 
--------------------------------------------------------------------------------
[2023-03-16 11:57:48,273] {taskinstance.py:1357} INFO - Starting attempt 2 of 2
[2023-03-16 11:57:48,273] {taskinstance.py:1358} INFO - 
--------------------------------------------------------------------------------
[2023-03-16 11:57:48,367] {taskinstance.py:1377} INFO - Executing <Task(TriggerDagRunOperator): trigger_offence> on 2023-03-12 15:19:16.588499+00:00
[2023-03-16 11:57:48,380] {standard_task_runner.py:52} INFO - Started process 1105 to run task
[2023-03-16 11:57:48,436] {standard_task_runner.py:79} INFO - Running: ['***', 'tasks', 'run', 'defence_dag', 'trigger_offence', 'manual__2023-03-12T15:19:16.588499+00:00', '--job-id', '1136', '--raw', '--subdir', 'DAGS_FOLDER/defese.py', '--cfg-path', '/tmp/tmpyfu1v7nz', '--error-file', '/tmp/tmpodehop8v']
[2023-03-16 11:57:48,453] {standard_task_runner.py:80} INFO - Job 1136: Subtask trigger_offence
[2023-03-16 11:57:48,858] {task_command.py:369} INFO - Running <TaskInstance: defence_dag.trigger_offence manual__2023-03-12T15:19:16.588499+00:00 [running]> on host 596adcca7378
[2023-03-16 11:57:49,341] {taskinstance.py:1571} INFO - Exporting the following env vars:
AIRFLOW_CTX_DAG_OWNER=***
AIRFLOW_CTX_DAG_ID=defence_dag
AIRFLOW_CTX_TASK_ID=trigger_offence
AIRFLOW_CTX_EXECUTION_DATE=2023-03-12T15:19:16.588499+00:00
AIRFLOW_CTX_TRY_NUMBER=2
AIRFLOW_CTX_DAG_RUN_ID=manual__2023-03-12T15:19:16.588499+00:00
[2023-03-16 11:57:54,528] {taskinstance.py:1400} INFO - Marking task as SUCCESS. dag_id=defence_dag, task_id=trigger_offence, execution_date=20230312T151916, start_date=20230316T115748, end_date=20230316T115754
[2023-03-16 11:57:54,726] {local_task_job.py:156} INFO - Task exited with return code 0
[2023-03-16 11:57:54,891] {local_task_job.py:273} INFO - 0 downstream tasks scheduled from follow-on schedule check
