[2023-03-23 15:17:42,466] {taskinstance.py:1159} INFO - Dependencies all met for <TaskInstance: multi_attack_dag.choose_best manual__2023-03-23T15:17:08.856488+00:00 [queued]>
[2023-03-23 15:17:42,535] {taskinstance.py:1159} INFO - Dependencies all met for <TaskInstance: multi_attack_dag.choose_best manual__2023-03-23T15:17:08.856488+00:00 [queued]>
[2023-03-23 15:17:42,537] {taskinstance.py:1356} INFO - 
--------------------------------------------------------------------------------
[2023-03-23 15:17:42,541] {taskinstance.py:1357} INFO - Starting attempt 1 of 2
[2023-03-23 15:17:42,543] {taskinstance.py:1358} INFO - 
--------------------------------------------------------------------------------
[2023-03-23 15:17:42,630] {taskinstance.py:1377} INFO - Executing <Task(PythonOperator): choose_best> on 2023-03-23 15:17:08.856488+00:00
[2023-03-23 15:17:42,649] {standard_task_runner.py:52} INFO - Started process 11962 to run task
[2023-03-23 15:17:42,669] {standard_task_runner.py:79} INFO - Running: ['***', 'tasks', 'run', 'multi_attack_dag', 'choose_best', 'manual__2023-03-23T15:17:08.856488+00:00', '--job-id', '2980', '--raw', '--subdir', 'DAGS_FOLDER/attack_dag.py', '--cfg-path', '/tmp/tmpxlgwn3yb', '--error-file', '/tmp/tmprxw4ioh2']
[2023-03-23 15:17:42,674] {standard_task_runner.py:80} INFO - Job 2980: Subtask choose_best
[2023-03-23 15:17:42,963] {task_command.py:369} INFO - Running <TaskInstance: multi_attack_dag.choose_best manual__2023-03-23T15:17:08.856488+00:00 [running]> on host 6447f1dacd32
[2023-03-23 15:17:43,548] {taskinstance.py:1571} INFO - Exporting the following env vars:
AIRFLOW_CTX_DAG_OWNER=***
AIRFLOW_CTX_DAG_ID=multi_attack_dag
AIRFLOW_CTX_TASK_ID=choose_best
AIRFLOW_CTX_EXECUTION_DATE=2023-03-23T15:17:08.856488+00:00
AIRFLOW_CTX_TRY_NUMBER=1
AIRFLOW_CTX_DAG_RUN_ID=manual__2023-03-23T15:17:08.856488+00:00
[2023-03-23 15:17:43,864] {transport.py:157} INFO - Attempting refresh to obtain initial access_token
[2023-03-23 15:17:43,893] {client.py:777} INFO - Refreshing access_token
[2023-03-23 15:17:45,253] {python.py:173} INFO - Done. Returned value was: None
[2023-03-23 15:17:45,341] {taskinstance.py:1400} INFO - Marking task as SUCCESS. dag_id=multi_attack_dag, task_id=choose_best, execution_date=20230323T151708, start_date=20230323T151742, end_date=20230323T151745
[2023-03-23 15:17:45,454] {local_task_job.py:156} INFO - Task exited with return code 0
[2023-03-23 15:17:45,730] {local_task_job.py:273} INFO - 1 downstream tasks scheduled from follow-on schedule check
