[2023-04-09 12:50:13,021] {taskinstance.py:1159} INFO - Dependencies all met for <TaskInstance: multi_defence_dag.to_defence2 manual__2023-04-09T12:50:04.821153+00:00 [queued]>
[2023-04-09 12:50:13,039] {taskinstance.py:1159} INFO - Dependencies all met for <TaskInstance: multi_defence_dag.to_defence2 manual__2023-04-09T12:50:04.821153+00:00 [queued]>
[2023-04-09 12:50:13,040] {taskinstance.py:1356} INFO - 
--------------------------------------------------------------------------------
[2023-04-09 12:50:13,040] {taskinstance.py:1357} INFO - Starting attempt 1 of 2
[2023-04-09 12:50:13,041] {taskinstance.py:1358} INFO - 
--------------------------------------------------------------------------------
[2023-04-09 12:50:13,062] {taskinstance.py:1377} INFO - Executing <Task(BranchPythonOperator): to_defence2> on 2023-04-09 12:50:04.821153+00:00
[2023-04-09 12:50:13,074] {standard_task_runner.py:52} INFO - Started process 15177 to run task
[2023-04-09 12:50:13,081] {standard_task_runner.py:79} INFO - Running: ['***', 'tasks', 'run', 'multi_defence_dag', 'to_defence2', 'manual__2023-04-09T12:50:04.821153+00:00', '--job-id', '5010', '--raw', '--subdir', 'DAGS_FOLDER/defence_dag.py', '--cfg-path', '/tmp/tmp28o8o_ws', '--error-file', '/tmp/tmpsm1dvz_d']
[2023-04-09 12:50:13,084] {standard_task_runner.py:80} INFO - Job 5010: Subtask to_defence2
[2023-04-09 12:50:13,175] {task_command.py:369} INFO - Running <TaskInstance: multi_defence_dag.to_defence2 manual__2023-04-09T12:50:04.821153+00:00 [running]> on host ff3d40af78f9
[2023-04-09 12:50:13,309] {taskinstance.py:1571} INFO - Exporting the following env vars:
AIRFLOW_CTX_DAG_OWNER=***
AIRFLOW_CTX_DAG_ID=multi_defence_dag
AIRFLOW_CTX_TASK_ID=to_defence2
AIRFLOW_CTX_EXECUTION_DATE=2023-04-09T12:50:04.821153+00:00
AIRFLOW_CTX_TRY_NUMBER=1
AIRFLOW_CTX_DAG_RUN_ID=manual__2023-04-09T12:50:04.821153+00:00
[2023-04-09 12:50:13,329] {python.py:173} INFO - Done. Returned value was: Defence2
[2023-04-09 12:50:13,330] {skipmixin.py:140} INFO - Following branch Defence2
[2023-04-09 12:50:13,331] {skipmixin.py:175} INFO - Skipping tasks ['default']
[2023-04-09 12:50:13,418] {taskinstance.py:1400} INFO - Marking task as SUCCESS. dag_id=multi_defence_dag, task_id=to_defence2, execution_date=20230409T125004, start_date=20230409T125013, end_date=20230409T125013
[2023-04-09 12:50:13,453] {local_task_job.py:156} INFO - Task exited with return code 0
[2023-04-09 12:50:13,552] {local_task_job.py:273} INFO - 1 downstream tasks scheduled from follow-on schedule check
