[2023-04-23 07:49:32,454] {taskinstance.py:1159} INFO - Dependencies all met for <TaskInstance: defence_dag2.storing scheduled__2023-04-22T00:00:00+00:00 [queued]>
[2023-04-23 07:49:32,560] {taskinstance.py:1159} INFO - Dependencies all met for <TaskInstance: defence_dag2.storing scheduled__2023-04-22T00:00:00+00:00 [queued]>
[2023-04-23 07:49:32,570] {taskinstance.py:1356} INFO - 
--------------------------------------------------------------------------------
[2023-04-23 07:49:32,571] {taskinstance.py:1357} INFO - Starting attempt 1 of 1
[2023-04-23 07:49:32,572] {taskinstance.py:1358} INFO - 
--------------------------------------------------------------------------------
[2023-04-23 07:49:32,638] {taskinstance.py:1377} INFO - Executing <Task(BashOperator): storing> on 2023-04-22 00:00:00+00:00
[2023-04-23 07:49:32,653] {standard_task_runner.py:52} INFO - Started process 107 to run task
[2023-04-23 07:49:32,675] {standard_task_runner.py:79} INFO - Running: ['***', 'tasks', 'run', 'defence_dag2', 'storing', 'scheduled__2023-04-22T00:00:00+00:00', '--job-id', '5840', '--raw', '--subdir', 'DAGS_FOLDER/defese.py', '--cfg-path', '/tmp/tmp7r07w0v3', '--error-file', '/tmp/tmpe9014m7k']
[2023-04-23 07:49:32,679] {standard_task_runner.py:80} INFO - Job 5840: Subtask storing
[2023-04-23 07:49:33,072] {task_command.py:369} INFO - Running <TaskInstance: defence_dag2.storing scheduled__2023-04-22T00:00:00+00:00 [running]> on host a3dd7d962104
[2023-04-23 07:49:34,248] {taskinstance.py:1571} INFO - Exporting the following env vars:
AIRFLOW_CTX_DAG_OWNER=***
AIRFLOW_CTX_DAG_ID=defence_dag2
AIRFLOW_CTX_TASK_ID=storing
AIRFLOW_CTX_EXECUTION_DATE=2023-04-22T00:00:00+00:00
AIRFLOW_CTX_TRY_NUMBER=1
AIRFLOW_CTX_DAG_RUN_ID=scheduled__2023-04-22T00:00:00+00:00
[2023-04-23 07:49:34,255] {subprocess.py:62} INFO - Tmp dir root location: 
 /tmp
[2023-04-23 07:49:34,262] {subprocess.py:74} INFO - Running command: ['bash', '-c', 'sleep 1']
[2023-04-23 07:49:34,323] {subprocess.py:85} INFO - Output:
[2023-04-23 07:49:35,348] {subprocess.py:96} INFO - Command exited with return code 0
[2023-04-23 07:49:35,684] {taskinstance.py:1400} INFO - Marking task as SUCCESS. dag_id=defence_dag2, task_id=storing, execution_date=20230422T000000, start_date=20230423T074932, end_date=20230423T074935
[2023-04-23 07:49:35,768] {local_task_job.py:156} INFO - Task exited with return code 0
[2023-04-23 07:49:35,935] {local_task_job.py:273} INFO - 1 downstream tasks scheduled from follow-on schedule check
