[2023-03-28 10:49:37,740] {taskinstance.py:1159} INFO - Dependencies all met for <TaskInstance: defence_dag2.defence1 manual__2023-03-28T10:49:28.689758+00:00 [queued]>
[2023-03-28 10:49:37,760] {taskinstance.py:1159} INFO - Dependencies all met for <TaskInstance: defence_dag2.defence1 manual__2023-03-28T10:49:28.689758+00:00 [queued]>
[2023-03-28 10:49:37,761] {taskinstance.py:1356} INFO - 
--------------------------------------------------------------------------------
[2023-03-28 10:49:37,762] {taskinstance.py:1357} INFO - Starting attempt 1 of 1
[2023-03-28 10:49:37,763] {taskinstance.py:1358} INFO - 
--------------------------------------------------------------------------------
[2023-03-28 10:49:37,784] {taskinstance.py:1377} INFO - Executing <Task(PythonOperator): defence1> on 2023-03-28 10:49:28.689758+00:00
[2023-03-28 10:49:37,797] {standard_task_runner.py:52} INFO - Started process 243 to run task
[2023-03-28 10:49:37,803] {standard_task_runner.py:79} INFO - Running: ['***', 'tasks', 'run', 'defence_dag2', 'defence1', 'manual__2023-03-28T10:49:28.689758+00:00', '--job-id', '4460', '--raw', '--subdir', 'DAGS_FOLDER/defese.py', '--cfg-path', '/tmp/tmpuviegpyq', '--error-file', '/tmp/tmp9uzyv19q']
[2023-03-28 10:49:37,805] {standard_task_runner.py:80} INFO - Job 4460: Subtask defence1
[2023-03-28 10:49:37,911] {task_command.py:369} INFO - Running <TaskInstance: defence_dag2.defence1 manual__2023-03-28T10:49:28.689758+00:00 [running]> on host a826a5b95b6c
[2023-03-28 10:49:38,020] {taskinstance.py:1571} INFO - Exporting the following env vars:
AIRFLOW_CTX_DAG_OWNER=***
AIRFLOW_CTX_DAG_ID=defence_dag2
AIRFLOW_CTX_TASK_ID=defence1
AIRFLOW_CTX_EXECUTION_DATE=2023-03-28T10:49:28.689758+00:00
AIRFLOW_CTX_TRY_NUMBER=1
AIRFLOW_CTX_DAG_RUN_ID=manual__2023-03-28T10:49:28.689758+00:00
[2023-03-28 10:49:38,044] {logging_mixin.py:115} INFO - defensing
[2023-03-28 10:49:38,045] {python.py:173} INFO - Done. Returned value was: None
[2023-03-28 10:49:38,064] {taskinstance.py:1400} INFO - Marking task as SUCCESS. dag_id=defence_dag2, task_id=defence1, execution_date=20230328T104928, start_date=20230328T104937, end_date=20230328T104938
[2023-03-28 10:49:38,139] {local_task_job.py:156} INFO - Task exited with return code 0
[2023-03-28 10:49:38,292] {local_task_job.py:273} INFO - 0 downstream tasks scheduled from follow-on schedule check
