[2023-04-08 11:04:34,373] {taskinstance.py:1159} INFO - Dependencies all met for <TaskInstance: estimator_match_DAG.get_estiamtor manual__2023-04-08T11:04:32.016005+00:00 [queued]>
[2023-04-08 11:04:34,381] {taskinstance.py:1159} INFO - Dependencies all met for <TaskInstance: estimator_match_DAG.get_estiamtor manual__2023-04-08T11:04:32.016005+00:00 [queued]>
[2023-04-08 11:04:34,381] {taskinstance.py:1356} INFO - 
--------------------------------------------------------------------------------
[2023-04-08 11:04:34,382] {taskinstance.py:1357} INFO - Starting attempt 1 of 2
[2023-04-08 11:04:34,382] {taskinstance.py:1358} INFO - 
--------------------------------------------------------------------------------
[2023-04-08 11:04:34,396] {taskinstance.py:1377} INFO - Executing <Task(PythonOperator): get_estiamtor> on 2023-04-08 11:04:32.016005+00:00
[2023-04-08 11:04:34,406] {standard_task_runner.py:52} INFO - Started process 779 to run task
[2023-04-08 11:04:34,410] {standard_task_runner.py:79} INFO - Running: ['***', 'tasks', 'run', 'estimator_match_DAG', 'get_estiamtor', 'manual__2023-04-08T11:04:32.016005+00:00', '--job-id', '4633', '--raw', '--subdir', 'DAGS_FOLDER/estimator_match.py', '--cfg-path', '/tmp/tmp2ev41w65', '--error-file', '/tmp/tmpaoegc5xh']
[2023-04-08 11:04:34,411] {standard_task_runner.py:80} INFO - Job 4633: Subtask get_estiamtor
[2023-04-08 11:04:34,466] {task_command.py:369} INFO - Running <TaskInstance: estimator_match_DAG.get_estiamtor manual__2023-04-08T11:04:32.016005+00:00 [running]> on host ff3d40af78f9
[2023-04-08 11:04:34,531] {taskinstance.py:1571} INFO - Exporting the following env vars:
AIRFLOW_CTX_DAG_OWNER=***
AIRFLOW_CTX_DAG_ID=estimator_match_DAG
AIRFLOW_CTX_TASK_ID=get_estiamtor
AIRFLOW_CTX_EXECUTION_DATE=2023-04-08T11:04:32.016005+00:00
AIRFLOW_CTX_TRY_NUMBER=1
AIRFLOW_CTX_DAG_RUN_ID=manual__2023-04-08T11:04:32.016005+00:00
[2023-04-08 11:04:34,534] {transport.py:157} INFO - Attempting refresh to obtain initial access_token
[2023-04-08 11:04:34,536] {client.py:777} INFO - Refreshing access_token
[2023-04-08 11:04:35,383] {transport.py:157} INFO - Attempting refresh to obtain initial access_token
[2023-04-08 11:04:35,387] {client.py:777} INFO - Refreshing access_token
[2023-04-08 11:04:36,150] {transport.py:157} INFO - Attempting refresh to obtain initial access_token
[2023-04-08 11:04:36,153] {client.py:777} INFO - Refreshing access_token
[2023-04-08 11:04:36,953] {pytorch.py:1198} INFO - Inferred 5 hidden layers on PyTorch classifier.
[2023-04-08 11:04:36,972] {python.py:173} INFO - Done. Returned value was: None
[2023-04-08 11:04:36,984] {taskinstance.py:1400} INFO - Marking task as SUCCESS. dag_id=estimator_match_DAG, task_id=get_estiamtor, execution_date=20230408T110432, start_date=20230408T110434, end_date=20230408T110436
[2023-04-08 11:04:37,037] {local_task_job.py:156} INFO - Task exited with return code 0
[2023-04-08 11:04:37,086] {local_task_job.py:273} INFO - 0 downstream tasks scheduled from follow-on schedule check
