[2023-03-19 15:37:20,929] {taskinstance.py:1159} INFO - Dependencies all met for <TaskInstance: defence_dag2.trigger_offence manual__2023-03-19T15:37:13.129149+00:00 [queued]>
[2023-03-19 15:37:20,938] {taskinstance.py:1159} INFO - Dependencies all met for <TaskInstance: defence_dag2.trigger_offence manual__2023-03-19T15:37:13.129149+00:00 [queued]>
[2023-03-19 15:37:20,938] {taskinstance.py:1356} INFO - 
--------------------------------------------------------------------------------
[2023-03-19 15:37:20,939] {taskinstance.py:1357} INFO - Starting attempt 1 of 1
[2023-03-19 15:37:20,939] {taskinstance.py:1358} INFO - 
--------------------------------------------------------------------------------
[2023-03-19 15:37:20,949] {taskinstance.py:1377} INFO - Executing <Task(TriggerDagRunOperator): trigger_offence> on 2023-03-19 15:37:13.129149+00:00
[2023-03-19 15:37:20,953] {standard_task_runner.py:52} INFO - Started process 364 to run task
[2023-03-19 15:37:20,955] {standard_task_runner.py:79} INFO - Running: ['***', 'tasks', 'run', 'defence_dag2', 'trigger_offence', 'manual__2023-03-19T15:37:13.129149+00:00', '--job-id', '1883', '--raw', '--subdir', 'DAGS_FOLDER/defese.py', '--cfg-path', '/tmp/tmpleh4ta1k', '--error-file', '/tmp/tmpbavxp64t']
[2023-03-19 15:37:20,956] {standard_task_runner.py:80} INFO - Job 1883: Subtask trigger_offence
[2023-03-19 15:37:21,000] {task_command.py:369} INFO - Running <TaskInstance: defence_dag2.trigger_offence manual__2023-03-19T15:37:13.129149+00:00 [running]> on host 6447f1dacd32
[2023-03-19 15:37:21,059] {taskinstance.py:1571} INFO - Exporting the following env vars:
AIRFLOW_CTX_DAG_OWNER=***
AIRFLOW_CTX_DAG_ID=defence_dag2
AIRFLOW_CTX_TASK_ID=trigger_offence
AIRFLOW_CTX_EXECUTION_DATE=2023-03-19T15:37:13.129149+00:00
AIRFLOW_CTX_TRY_NUMBER=1
AIRFLOW_CTX_DAG_RUN_ID=manual__2023-03-19T15:37:13.129149+00:00
[2023-03-19 15:37:21,678] {taskinstance.py:1400} INFO - Marking task as SUCCESS. dag_id=defence_dag2, task_id=trigger_offence, execution_date=20230319T153713, start_date=20230319T153720, end_date=20230319T153721
[2023-03-19 15:37:21,732] {local_task_job.py:156} INFO - Task exited with return code 0
[2023-03-19 15:37:21,767] {local_task_job.py:273} INFO - 0 downstream tasks scheduled from follow-on schedule check
