[2023-03-28 12:16:09,782] {taskinstance.py:1159} INFO - Dependencies all met for <TaskInstance: defence_dag2.to_attack manual__2023-03-28T12:16:00.475072+00:00 [queued]>
[2023-03-28 12:16:09,797] {taskinstance.py:1159} INFO - Dependencies all met for <TaskInstance: defence_dag2.to_attack manual__2023-03-28T12:16:00.475072+00:00 [queued]>
[2023-03-28 12:16:09,798] {taskinstance.py:1356} INFO - 
--------------------------------------------------------------------------------
[2023-03-28 12:16:09,799] {taskinstance.py:1357} INFO - Starting attempt 1 of 1
[2023-03-28 12:16:09,800] {taskinstance.py:1358} INFO - 
--------------------------------------------------------------------------------
[2023-03-28 12:16:09,822] {taskinstance.py:1377} INFO - Executing <Task(BranchPythonOperator): to_attack> on 2023-03-28 12:16:00.475072+00:00
[2023-03-28 12:16:09,831] {standard_task_runner.py:52} INFO - Started process 2449 to run task
[2023-03-28 12:16:09,835] {standard_task_runner.py:79} INFO - Running: ['***', 'tasks', 'run', 'defence_dag2', 'to_attack', 'manual__2023-03-28T12:16:00.475072+00:00', '--job-id', '4573', '--raw', '--subdir', 'DAGS_FOLDER/defese.py', '--cfg-path', '/tmp/tmpot2046hq', '--error-file', '/tmp/tmpekgrw92t']
[2023-03-28 12:16:09,836] {standard_task_runner.py:80} INFO - Job 4573: Subtask to_attack
[2023-03-28 12:16:09,900] {task_command.py:369} INFO - Running <TaskInstance: defence_dag2.to_attack manual__2023-03-28T12:16:00.475072+00:00 [running]> on host ff3d40af78f9
[2023-03-28 12:16:09,986] {taskinstance.py:1571} INFO - Exporting the following env vars:
AIRFLOW_CTX_DAG_OWNER=***
AIRFLOW_CTX_DAG_ID=defence_dag2
AIRFLOW_CTX_TASK_ID=to_attack
AIRFLOW_CTX_EXECUTION_DATE=2023-03-28T12:16:00.475072+00:00
AIRFLOW_CTX_TRY_NUMBER=1
AIRFLOW_CTX_DAG_RUN_ID=manual__2023-03-28T12:16:00.475072+00:00
[2023-03-28 12:16:09,989] {transport.py:157} INFO - Attempting refresh to obtain initial access_token
[2023-03-28 12:16:09,993] {client.py:777} INFO - Refreshing access_token
[2023-03-28 12:16:11,106] {python.py:173} INFO - Done. Returned value was: trigger_offence
[2023-03-28 12:16:11,107] {skipmixin.py:140} INFO - Following branch trigger_offence
[2023-03-28 12:16:11,108] {skipmixin.py:175} INFO - Skipping tasks ['stop']
[2023-03-28 12:16:11,151] {taskinstance.py:1400} INFO - Marking task as SUCCESS. dag_id=defence_dag2, task_id=to_attack, execution_date=20230328T121600, start_date=20230328T121609, end_date=20230328T121611
[2023-03-28 12:16:11,176] {local_task_job.py:156} INFO - Task exited with return code 0
[2023-03-28 12:16:11,208] {local_task_job.py:273} INFO - 1 downstream tasks scheduled from follow-on schedule check
