[2023-04-09 08:22:31,676] {taskinstance.py:1159} INFO - Dependencies all met for <TaskInstance: multi_defence_dag.Defence3 scheduled__2023-03-27T00:00:00+00:00 [queued]>
[2023-04-09 08:22:31,782] {taskinstance.py:1159} INFO - Dependencies all met for <TaskInstance: multi_defence_dag.Defence3 scheduled__2023-03-27T00:00:00+00:00 [queued]>
[2023-04-09 08:22:31,787] {taskinstance.py:1356} INFO - 
--------------------------------------------------------------------------------
[2023-04-09 08:22:31,795] {taskinstance.py:1357} INFO - Starting attempt 1 of 2
[2023-04-09 08:22:31,797] {taskinstance.py:1358} INFO - 
--------------------------------------------------------------------------------
[2023-04-09 08:22:31,900] {taskinstance.py:1377} INFO - Executing <Task(PythonOperator): Defence3> on 2023-03-27 00:00:00+00:00
[2023-04-09 08:22:31,938] {standard_task_runner.py:52} INFO - Started process 4170 to run task
[2023-04-09 08:22:31,992] {standard_task_runner.py:79} INFO - Running: ['***', 'tasks', 'run', 'multi_defence_dag', 'Defence3', 'scheduled__2023-03-27T00:00:00+00:00', '--job-id', '4770', '--raw', '--subdir', 'DAGS_FOLDER/defence_dag.py', '--cfg-path', '/tmp/tmpc78nwas0', '--error-file', '/tmp/tmpl_6_kfzv']
[2023-04-09 08:22:31,997] {standard_task_runner.py:80} INFO - Job 4770: Subtask Defence3
[2023-04-09 08:22:32,492] {task_command.py:369} INFO - Running <TaskInstance: multi_defence_dag.Defence3 scheduled__2023-03-27T00:00:00+00:00 [running]> on host ff3d40af78f9
[2023-04-09 08:22:33,027] {taskinstance.py:1571} INFO - Exporting the following env vars:
AIRFLOW_CTX_DAG_OWNER=***
AIRFLOW_CTX_DAG_ID=multi_defence_dag
AIRFLOW_CTX_TASK_ID=Defence3
AIRFLOW_CTX_EXECUTION_DATE=2023-03-27T00:00:00+00:00
AIRFLOW_CTX_TRY_NUMBER=1
AIRFLOW_CTX_DAG_RUN_ID=scheduled__2023-03-27T00:00:00+00:00
[2023-04-09 08:22:33,066] {python.py:173} INFO - Done. Returned value was: None
[2023-04-09 08:22:33,162] {taskinstance.py:1400} INFO - Marking task as SUCCESS. dag_id=multi_defence_dag, task_id=Defence3, execution_date=20230327T000000, start_date=20230409T082231, end_date=20230409T082233
[2023-04-09 08:22:33,318] {local_task_job.py:156} INFO - Task exited with return code 0
[2023-04-09 08:22:33,796] {local_task_job.py:273} INFO - 0 downstream tasks scheduled from follow-on schedule check
