[2023-04-09 08:49:47,598] {taskinstance.py:1159} INFO - Dependencies all met for <TaskInstance: multi_defence_dag.to_defence3 manual__2023-04-09T08:49:37.758189+00:00 [queued]>
[2023-04-09 08:49:47,626] {taskinstance.py:1159} INFO - Dependencies all met for <TaskInstance: multi_defence_dag.to_defence3 manual__2023-04-09T08:49:37.758189+00:00 [queued]>
[2023-04-09 08:49:47,627] {taskinstance.py:1356} INFO - 
--------------------------------------------------------------------------------
[2023-04-09 08:49:47,629] {taskinstance.py:1357} INFO - Starting attempt 1 of 2
[2023-04-09 08:49:47,629] {taskinstance.py:1358} INFO - 
--------------------------------------------------------------------------------
[2023-04-09 08:49:47,661] {taskinstance.py:1377} INFO - Executing <Task(BranchPythonOperator): to_defence3> on 2023-04-09 08:49:37.758189+00:00
[2023-04-09 08:49:47,677] {standard_task_runner.py:52} INFO - Started process 5296 to run task
[2023-04-09 08:49:47,693] {standard_task_runner.py:79} INFO - Running: ['***', 'tasks', 'run', 'multi_defence_dag', 'to_defence3', 'manual__2023-04-09T08:49:37.758189+00:00', '--job-id', '4868', '--raw', '--subdir', 'DAGS_FOLDER/defence_dag.py', '--cfg-path', '/tmp/tmp8_c1o_za', '--error-file', '/tmp/tmpgc0u274o']
[2023-04-09 08:49:47,696] {standard_task_runner.py:80} INFO - Job 4868: Subtask to_defence3
[2023-04-09 08:49:47,811] {task_command.py:369} INFO - Running <TaskInstance: multi_defence_dag.to_defence3 manual__2023-04-09T08:49:37.758189+00:00 [running]> on host ff3d40af78f9
[2023-04-09 08:49:48,097] {taskinstance.py:1571} INFO - Exporting the following env vars:
AIRFLOW_CTX_DAG_OWNER=***
AIRFLOW_CTX_DAG_ID=multi_defence_dag
AIRFLOW_CTX_TASK_ID=to_defence3
AIRFLOW_CTX_EXECUTION_DATE=2023-04-09T08:49:37.758189+00:00
AIRFLOW_CTX_TRY_NUMBER=1
AIRFLOW_CTX_DAG_RUN_ID=manual__2023-04-09T08:49:37.758189+00:00
[2023-04-09 08:49:48,127] {python.py:173} INFO - Done. Returned value was: Defence3
[2023-04-09 08:49:48,133] {skipmixin.py:140} INFO - Following branch Defence3
[2023-04-09 08:49:48,135] {skipmixin.py:175} INFO - Skipping tasks ['default']
[2023-04-09 08:49:48,281] {taskinstance.py:1400} INFO - Marking task as SUCCESS. dag_id=multi_defence_dag, task_id=to_defence3, execution_date=20230409T084937, start_date=20230409T084947, end_date=20230409T084948
[2023-04-09 08:49:48,336] {local_task_job.py:156} INFO - Task exited with return code 0
[2023-04-09 08:49:48,462] {local_task_job.py:273} INFO - 1 downstream tasks scheduled from follow-on schedule check
