[2023-04-30 09:43:44,962] {taskinstance.py:1159} INFO - Dependencies all met for <TaskInstance: multi_attack_dag.attack_NewtonFool manual__2023-04-30T09:37:54.528614+00:00 [queued]>
[2023-04-30 09:43:45,021] {taskinstance.py:1159} INFO - Dependencies all met for <TaskInstance: multi_attack_dag.attack_NewtonFool manual__2023-04-30T09:37:54.528614+00:00 [queued]>
[2023-04-30 09:43:45,022] {taskinstance.py:1356} INFO - 
--------------------------------------------------------------------------------
[2023-04-30 09:43:45,023] {taskinstance.py:1357} INFO - Starting attempt 2 of 2
[2023-04-30 09:43:45,024] {taskinstance.py:1358} INFO - 
--------------------------------------------------------------------------------
[2023-04-30 09:43:45,057] {taskinstance.py:1377} INFO - Executing <Task(PythonOperator): attack_NewtonFool> on 2023-04-30 09:37:54.528614+00:00
[2023-04-30 09:43:45,071] {standard_task_runner.py:52} INFO - Started process 2208 to run task
[2023-04-30 09:43:45,082] {standard_task_runner.py:79} INFO - Running: ['***', 'tasks', 'run', 'multi_attack_dag', 'attack_NewtonFool', 'manual__2023-04-30T09:37:54.528614+00:00', '--job-id', '7346', '--raw', '--subdir', 'DAGS_FOLDER/attack_dag.py', '--cfg-path', '/tmp/tmp7zbqea6o', '--error-file', '/tmp/tmpxj9d0n6d']
[2023-04-30 09:43:45,083] {standard_task_runner.py:80} INFO - Job 7346: Subtask attack_NewtonFool
[2023-04-30 09:43:45,223] {task_command.py:369} INFO - Running <TaskInstance: multi_attack_dag.attack_NewtonFool manual__2023-04-30T09:37:54.528614+00:00 [running]> on host e7e31d5a6603
[2023-04-30 09:43:45,430] {taskinstance.py:1571} INFO - Exporting the following env vars:
AIRFLOW_CTX_DAG_OWNER=***
AIRFLOW_CTX_DAG_ID=multi_attack_dag
AIRFLOW_CTX_TASK_ID=attack_NewtonFool
AIRFLOW_CTX_EXECUTION_DATE=2023-04-30T09:37:54.528614+00:00
AIRFLOW_CTX_TRY_NUMBER=2
AIRFLOW_CTX_DAG_RUN_ID=manual__2023-04-30T09:37:54.528614+00:00
[2023-04-30 09:43:45,442] {transport.py:157} INFO - Attempting refresh to obtain initial access_token
[2023-04-30 09:43:45,453] {client.py:777} INFO - Refreshing access_token
[2023-04-30 09:43:46,898] {estimator_helpers.py:53} INFO - Getting estimator...
[2023-04-30 09:43:46,900] {transport.py:157} INFO - Attempting refresh to obtain initial access_token
[2023-04-30 09:43:46,903] {client.py:777} INFO - Refreshing access_token
[2023-04-30 09:43:47,650] {taskinstance.py:1889} ERROR - Task failed with exception
Traceback (most recent call last):
  File "/home/airflow/.local/lib/python3.7/site-packages/airflow/operators/python.py", line 171, in execute
    return_value = self.execute_callable()
  File "/home/airflow/.local/lib/python3.7/site-packages/airflow/operators/python.py", line 189, in execute_callable
    return self.python_callable(*self.op_args, **self.op_kwargs)
  File "/opt/airflow/dags/attack.py", line 128, in attack_NewtonFool
    model_acc, adversarial_examples  = attack(NewtonFool)
  File "/opt/airflow/dags/attack.py", line 33, in attack
    estimator = get_estimator()
  File "/opt/airflow/dags/estimator_helpers.py", line 56, in get_estimator
    model = load_from_bucket("ML_model.pickle")
  File "/opt/airflow/dags/helpers.py", line 123, in load_from_bucket
    raise err
  File "/opt/airflow/dags/helpers.py", line 120, in load_from_bucket
    loaded_obj = cloudpickle.load(f)
TypeError: code() takes at most 15 arguments (16 given)
[2023-04-30 09:43:47,682] {taskinstance.py:1400} INFO - Marking task as FAILED. dag_id=multi_attack_dag, task_id=attack_NewtonFool, execution_date=20230430T093754, start_date=20230430T094344, end_date=20230430T094347
[2023-04-30 09:43:47,710] {standard_task_runner.py:97} ERROR - Failed to execute job 7346 for task attack_NewtonFool (code() takes at most 15 arguments (16 given); 2208)
[2023-04-30 09:43:47,750] {local_task_job.py:156} INFO - Task exited with return code 1
[2023-04-30 09:43:47,830] {local_task_job.py:273} INFO - 0 downstream tasks scheduled from follow-on schedule check
