[2023-04-09 12:50:19,328] {taskinstance.py:1159} INFO - Dependencies all met for <TaskInstance: multi_defence_dag.Defence3 manual__2023-04-09T12:50:04.821153+00:00 [queued]>
[2023-04-09 12:50:19,352] {taskinstance.py:1159} INFO - Dependencies all met for <TaskInstance: multi_defence_dag.Defence3 manual__2023-04-09T12:50:04.821153+00:00 [queued]>
[2023-04-09 12:50:19,353] {taskinstance.py:1356} INFO - 
--------------------------------------------------------------------------------
[2023-04-09 12:50:19,354] {taskinstance.py:1357} INFO - Starting attempt 1 of 2
[2023-04-09 12:50:19,355] {taskinstance.py:1358} INFO - 
--------------------------------------------------------------------------------
[2023-04-09 12:50:19,384] {taskinstance.py:1377} INFO - Executing <Task(PythonOperator): Defence3> on 2023-04-09 12:50:04.821153+00:00
[2023-04-09 12:50:19,396] {standard_task_runner.py:52} INFO - Started process 15188 to run task
[2023-04-09 12:50:19,401] {standard_task_runner.py:79} INFO - Running: ['***', 'tasks', 'run', 'multi_defence_dag', 'Defence3', 'manual__2023-04-09T12:50:04.821153+00:00', '--job-id', '5015', '--raw', '--subdir', 'DAGS_FOLDER/defence_dag.py', '--cfg-path', '/tmp/tmp1cg7o4i2', '--error-file', '/tmp/tmp1t1itkiu']
[2023-04-09 12:50:19,403] {standard_task_runner.py:80} INFO - Job 5015: Subtask Defence3
[2023-04-09 12:50:19,506] {task_command.py:369} INFO - Running <TaskInstance: multi_defence_dag.Defence3 manual__2023-04-09T12:50:04.821153+00:00 [running]> on host ff3d40af78f9
[2023-04-09 12:50:19,638] {taskinstance.py:1571} INFO - Exporting the following env vars:
AIRFLOW_CTX_DAG_OWNER=***
AIRFLOW_CTX_DAG_ID=multi_defence_dag
AIRFLOW_CTX_TASK_ID=Defence3
AIRFLOW_CTX_EXECUTION_DATE=2023-04-09T12:50:04.821153+00:00
AIRFLOW_CTX_TRY_NUMBER=1
AIRFLOW_CTX_DAG_RUN_ID=manual__2023-04-09T12:50:04.821153+00:00
[2023-04-09 12:50:19,659] {python.py:173} INFO - Done. Returned value was: None
[2023-04-09 12:50:19,674] {taskinstance.py:1400} INFO - Marking task as SUCCESS. dag_id=multi_defence_dag, task_id=Defence3, execution_date=20230409T125004, start_date=20230409T125019, end_date=20230409T125019
[2023-04-09 12:50:19,736] {local_task_job.py:156} INFO - Task exited with return code 0
[2023-04-09 12:50:19,810] {local_task_job.py:273} INFO - 1 downstream tasks scheduled from follow-on schedule check
