[2023-04-18 17:14:04,730] {taskinstance.py:1159} INFO - Dependencies all met for <TaskInstance: multi_attack_dag.to_attack_FastGradientMethod manual__2023-04-18T17:13:41.969991+00:00 [queued]>
[2023-04-18 17:14:04,765] {taskinstance.py:1159} INFO - Dependencies all met for <TaskInstance: multi_attack_dag.to_attack_FastGradientMethod manual__2023-04-18T17:13:41.969991+00:00 [queued]>
[2023-04-18 17:14:04,773] {taskinstance.py:1356} INFO - 
--------------------------------------------------------------------------------
[2023-04-18 17:14:04,775] {taskinstance.py:1357} INFO - Starting attempt 1 of 2
[2023-04-18 17:14:04,776] {taskinstance.py:1358} INFO - 
--------------------------------------------------------------------------------
[2023-04-18 17:14:04,852] {taskinstance.py:1377} INFO - Executing <Task(BranchPythonOperator): to_attack_FastGradientMethod> on 2023-04-18 17:13:41.969991+00:00
[2023-04-18 17:14:04,875] {standard_task_runner.py:52} INFO - Started process 9059 to run task
[2023-04-18 17:14:04,890] {standard_task_runner.py:79} INFO - Running: ['***', 'tasks', 'run', 'multi_attack_dag', 'to_attack_FastGradientMethod', 'manual__2023-04-18T17:13:41.969991+00:00', '--job-id', '5800', '--raw', '--subdir', 'DAGS_FOLDER/attack_dag.py', '--cfg-path', '/tmp/tmpfw6yoswt', '--error-file', '/tmp/tmptenhbalh']
[2023-04-18 17:14:04,899] {standard_task_runner.py:80} INFO - Job 5800: Subtask to_attack_FastGradientMethod
[2023-04-18 17:14:09,275] {task_command.py:369} INFO - Running <TaskInstance: multi_attack_dag.to_attack_FastGradientMethod manual__2023-04-18T17:13:41.969991+00:00 [running]> on host a3dd7d962104
[2023-04-18 17:14:09,614] {taskinstance.py:1571} INFO - Exporting the following env vars:
AIRFLOW_CTX_DAG_OWNER=***
AIRFLOW_CTX_DAG_ID=multi_attack_dag
AIRFLOW_CTX_TASK_ID=to_attack_FastGradientMethod
AIRFLOW_CTX_EXECUTION_DATE=2023-04-18T17:13:41.969991+00:00
AIRFLOW_CTX_TRY_NUMBER=1
AIRFLOW_CTX_DAG_RUN_ID=manual__2023-04-18T17:13:41.969991+00:00
[2023-04-18 17:14:09,660] {python.py:173} INFO - Done. Returned value was: default
[2023-04-18 17:14:09,671] {skipmixin.py:140} INFO - Following branch default
[2023-04-18 17:14:09,675] {skipmixin.py:175} INFO - Skipping tasks ['attack_FastGradientMethod']
[2023-04-18 17:14:12,078] {taskinstance.py:1400} INFO - Marking task as SUCCESS. dag_id=multi_attack_dag, task_id=to_attack_FastGradientMethod, execution_date=20230418T171341, start_date=20230418T171404, end_date=20230418T171412
[2023-04-18 17:14:12,131] {local_task_job.py:156} INFO - Task exited with return code 0
[2023-04-18 17:14:12,261] {local_task_job.py:273} INFO - 0 downstream tasks scheduled from follow-on schedule check
