[2023-04-16 13:57:25,240] {taskinstance.py:1159} INFO - Dependencies all met for <TaskInstance: multi_defence_dag.Defence2 manual__2023-04-16T13:56:54.086572+00:00 [queued]>
[2023-04-16 13:57:25,288] {taskinstance.py:1159} INFO - Dependencies all met for <TaskInstance: multi_defence_dag.Defence2 manual__2023-04-16T13:56:54.086572+00:00 [queued]>
[2023-04-16 13:57:25,289] {taskinstance.py:1356} INFO - 
--------------------------------------------------------------------------------
[2023-04-16 13:57:25,298] {taskinstance.py:1357} INFO - Starting attempt 1 of 2
[2023-04-16 13:57:25,299] {taskinstance.py:1358} INFO - 
--------------------------------------------------------------------------------
[2023-04-16 13:57:25,358] {taskinstance.py:1377} INFO - Executing <Task(PythonOperator): Defence2> on 2023-04-16 13:56:54.086572+00:00
[2023-04-16 13:57:25,392] {standard_task_runner.py:52} INFO - Started process 520 to run task
[2023-04-16 13:57:25,431] {standard_task_runner.py:79} INFO - Running: ['***', 'tasks', 'run', 'multi_defence_dag', 'Defence2', 'manual__2023-04-16T13:56:54.086572+00:00', '--job-id', '5225', '--raw', '--subdir', 'DAGS_FOLDER/defence_dag.py', '--cfg-path', '/tmp/tmpac_u4re3', '--error-file', '/tmp/tmpqnm8gk4y']
[2023-04-16 13:57:25,438] {standard_task_runner.py:80} INFO - Job 5225: Subtask Defence2
[2023-04-16 13:57:25,650] {task_command.py:369} INFO - Running <TaskInstance: multi_defence_dag.Defence2 manual__2023-04-16T13:56:54.086572+00:00 [running]> on host c5458bb8a35c
[2023-04-16 13:57:26,080] {taskinstance.py:1571} INFO - Exporting the following env vars:
AIRFLOW_CTX_DAG_OWNER=***
AIRFLOW_CTX_DAG_ID=multi_defence_dag
AIRFLOW_CTX_TASK_ID=Defence2
AIRFLOW_CTX_EXECUTION_DATE=2023-04-16T13:56:54.086572+00:00
AIRFLOW_CTX_TRY_NUMBER=1
AIRFLOW_CTX_DAG_RUN_ID=manual__2023-04-16T13:56:54.086572+00:00
[2023-04-16 13:57:26,279] {python.py:173} INFO - Done. Returned value was: None
[2023-04-16 13:57:26,402] {taskinstance.py:1400} INFO - Marking task as SUCCESS. dag_id=multi_defence_dag, task_id=Defence2, execution_date=20230416T135654, start_date=20230416T135725, end_date=20230416T135726
[2023-04-16 13:57:26,530] {local_task_job.py:156} INFO - Task exited with return code 0
[2023-04-16 13:57:26,693] {local_task_job.py:273} INFO - 0 downstream tasks scheduled from follow-on schedule check
