[2023-04-30 08:14:19,175] {taskinstance.py:1159} INFO - Dependencies all met for <TaskInstance: multi_defence_dag.to_defend manual__2023-04-30T08:13:57.239725+00:00 [queued]>
[2023-04-30 08:14:19,187] {taskinstance.py:1159} INFO - Dependencies all met for <TaskInstance: multi_defence_dag.to_defend manual__2023-04-30T08:13:57.239725+00:00 [queued]>
[2023-04-30 08:14:19,187] {taskinstance.py:1356} INFO - 
--------------------------------------------------------------------------------
[2023-04-30 08:14:19,188] {taskinstance.py:1357} INFO - Starting attempt 1 of 2
[2023-04-30 08:14:19,188] {taskinstance.py:1358} INFO - 
--------------------------------------------------------------------------------
[2023-04-30 08:14:19,204] {taskinstance.py:1377} INFO - Executing <Task(BranchPythonOperator): to_defend> on 2023-04-30 08:13:57.239725+00:00
[2023-04-30 08:14:19,212] {standard_task_runner.py:52} INFO - Started process 1250 to run task
[2023-04-30 08:14:19,215] {standard_task_runner.py:79} INFO - Running: ['***', 'tasks', 'run', 'multi_defence_dag', 'to_defend', 'manual__2023-04-30T08:13:57.239725+00:00', '--job-id', '7166', '--raw', '--subdir', 'DAGS_FOLDER/defence_dag.py', '--cfg-path', '/tmp/tmp_iy6amtv', '--error-file', '/tmp/tmpqv2nn0pj']
[2023-04-30 08:14:19,216] {standard_task_runner.py:80} INFO - Job 7166: Subtask to_defend
[2023-04-30 08:14:19,271] {task_command.py:369} INFO - Running <TaskInstance: multi_defence_dag.to_defend manual__2023-04-30T08:13:57.239725+00:00 [running]> on host e7e31d5a6603
[2023-04-30 08:14:19,356] {taskinstance.py:1571} INFO - Exporting the following env vars:
AIRFLOW_CTX_DAG_OWNER=***
AIRFLOW_CTX_DAG_ID=multi_defence_dag
AIRFLOW_CTX_TASK_ID=to_defend
AIRFLOW_CTX_EXECUTION_DATE=2023-04-30T08:13:57.239725+00:00
AIRFLOW_CTX_TRY_NUMBER=1
AIRFLOW_CTX_DAG_RUN_ID=manual__2023-04-30T08:13:57.239725+00:00
[2023-04-30 08:14:19,359] {transport.py:157} INFO - Attempting refresh to obtain initial access_token
[2023-04-30 08:14:19,362] {client.py:777} INFO - Refreshing access_token
[2023-04-30 08:14:20,154] {python.py:173} INFO - Done. Returned value was: stop
[2023-04-30 08:14:20,156] {skipmixin.py:140} INFO - Following branch stop
[2023-04-30 08:14:20,158] {skipmixin.py:175} INFO - Skipping tasks ['trigger_offence']
[2023-04-30 08:14:20,258] {taskinstance.py:1400} INFO - Marking task as SUCCESS. dag_id=multi_defence_dag, task_id=to_defend, execution_date=20230430T081357, start_date=20230430T081419, end_date=20230430T081420
[2023-04-30 08:14:20,317] {local_task_job.py:156} INFO - Task exited with return code 0
[2023-04-30 08:14:20,366] {local_task_job.py:273} INFO - 1 downstream tasks scheduled from follow-on schedule check
