[2023-03-23 15:18:09,580] {taskinstance.py:1159} INFO - Dependencies all met for <TaskInstance: multi_defence_dag.Defence2 manual__2023-03-23T15:17:50.310713+00:00 [queued]>
[2023-03-23 15:18:09,685] {taskinstance.py:1159} INFO - Dependencies all met for <TaskInstance: multi_defence_dag.Defence2 manual__2023-03-23T15:17:50.310713+00:00 [queued]>
[2023-03-23 15:18:09,687] {taskinstance.py:1356} INFO - 
--------------------------------------------------------------------------------
[2023-03-23 15:18:09,690] {taskinstance.py:1357} INFO - Starting attempt 1 of 2
[2023-03-23 15:18:09,691] {taskinstance.py:1358} INFO - 
--------------------------------------------------------------------------------
[2023-03-23 15:18:09,839] {taskinstance.py:1377} INFO - Executing <Task(PythonOperator): Defence2> on 2023-03-23 15:17:50.310713+00:00
[2023-03-23 15:18:09,881] {standard_task_runner.py:52} INFO - Started process 12001 to run task
[2023-03-23 15:18:09,930] {standard_task_runner.py:79} INFO - Running: ['***', 'tasks', 'run', 'multi_defence_dag', 'Defence2', 'manual__2023-03-23T15:17:50.310713+00:00', '--job-id', '2992', '--raw', '--subdir', 'DAGS_FOLDER/defence_dag.py', '--cfg-path', '/tmp/tmpi8jtpx7a', '--error-file', '/tmp/tmp77411w2r']
[2023-03-23 15:18:09,956] {standard_task_runner.py:80} INFO - Job 2992: Subtask Defence2
[2023-03-23 15:18:10,559] {task_command.py:369} INFO - Running <TaskInstance: multi_defence_dag.Defence2 manual__2023-03-23T15:17:50.310713+00:00 [running]> on host 6447f1dacd32
[2023-03-23 15:18:11,427] {taskinstance.py:1571} INFO - Exporting the following env vars:
AIRFLOW_CTX_DAG_OWNER=***
AIRFLOW_CTX_DAG_ID=multi_defence_dag
AIRFLOW_CTX_TASK_ID=Defence2
AIRFLOW_CTX_EXECUTION_DATE=2023-03-23T15:17:50.310713+00:00
AIRFLOW_CTX_TRY_NUMBER=1
AIRFLOW_CTX_DAG_RUN_ID=manual__2023-03-23T15:17:50.310713+00:00
[2023-03-23 15:18:11,567] {python.py:173} INFO - Done. Returned value was: None
[2023-03-23 15:18:11,682] {taskinstance.py:1400} INFO - Marking task as SUCCESS. dag_id=multi_defence_dag, task_id=Defence2, execution_date=20230323T151750, start_date=20230323T151809, end_date=20230323T151811
[2023-03-23 15:18:11,810] {local_task_job.py:156} INFO - Task exited with return code 0
[2023-03-23 15:18:12,318] {local_task_job.py:273} INFO - 0 downstream tasks scheduled from follow-on schedule check
