[2023-04-09 08:47:18,245] {taskinstance.py:1159} INFO - Dependencies all met for <TaskInstance: multi_defence_dag.trigger_offence manual__2023-04-09T08:45:35.384331+00:00 [queued]>
[2023-04-09 08:47:18,267] {taskinstance.py:1159} INFO - Dependencies all met for <TaskInstance: multi_defence_dag.trigger_offence manual__2023-04-09T08:45:35.384331+00:00 [queued]>
[2023-04-09 08:47:18,268] {taskinstance.py:1356} INFO - 
--------------------------------------------------------------------------------
[2023-04-09 08:47:18,270] {taskinstance.py:1357} INFO - Starting attempt 1 of 2
[2023-04-09 08:47:18,270] {taskinstance.py:1358} INFO - 
--------------------------------------------------------------------------------
[2023-04-09 08:47:18,300] {taskinstance.py:1377} INFO - Executing <Task(TriggerDagRunOperator): trigger_offence> on 2023-04-09 08:45:35.384331+00:00
[2023-04-09 08:47:18,317] {standard_task_runner.py:52} INFO - Started process 5095 to run task
[2023-04-09 08:47:18,329] {standard_task_runner.py:79} INFO - Running: ['***', 'tasks', 'run', 'multi_defence_dag', 'trigger_offence', 'manual__2023-04-09T08:45:35.384331+00:00', '--job-id', '4836', '--raw', '--subdir', 'DAGS_FOLDER/defence_dag.py', '--cfg-path', '/tmp/tmpgc6q4tf9', '--error-file', '/tmp/tmp9_u_1gog']
[2023-04-09 08:47:18,331] {standard_task_runner.py:80} INFO - Job 4836: Subtask trigger_offence
[2023-04-09 08:47:18,463] {task_command.py:369} INFO - Running <TaskInstance: multi_defence_dag.trigger_offence manual__2023-04-09T08:45:35.384331+00:00 [running]> on host ff3d40af78f9
[2023-04-09 08:47:18,635] {taskinstance.py:1571} INFO - Exporting the following env vars:
AIRFLOW_CTX_DAG_OWNER=***
AIRFLOW_CTX_DAG_ID=multi_defence_dag
AIRFLOW_CTX_TASK_ID=trigger_offence
AIRFLOW_CTX_EXECUTION_DATE=2023-04-09T08:45:35.384331+00:00
AIRFLOW_CTX_TRY_NUMBER=1
AIRFLOW_CTX_DAG_RUN_ID=manual__2023-04-09T08:45:35.384331+00:00
[2023-04-09 08:47:20,669] {taskinstance.py:1400} INFO - Marking task as SUCCESS. dag_id=multi_defence_dag, task_id=trigger_offence, execution_date=20230409T084535, start_date=20230409T084718, end_date=20230409T084720
[2023-04-09 08:47:20,754] {local_task_job.py:156} INFO - Task exited with return code 0
[2023-04-09 08:47:20,835] {local_task_job.py:273} INFO - 0 downstream tasks scheduled from follow-on schedule check
