[2023-04-27 08:19:15,899] {taskinstance.py:1159} INFO - Dependencies all met for <TaskInstance: multi_defence_dag.to_defence3 scheduled__2023-04-26T00:00:00+00:00 [queued]>
[2023-04-27 08:19:16,037] {taskinstance.py:1159} INFO - Dependencies all met for <TaskInstance: multi_defence_dag.to_defence3 scheduled__2023-04-26T00:00:00+00:00 [queued]>
[2023-04-27 08:19:16,038] {taskinstance.py:1356} INFO - 
--------------------------------------------------------------------------------
[2023-04-27 08:19:16,039] {taskinstance.py:1357} INFO - Starting attempt 1 of 2
[2023-04-27 08:19:16,045] {taskinstance.py:1358} INFO - 
--------------------------------------------------------------------------------
[2023-04-27 08:19:16,302] {taskinstance.py:1377} INFO - Executing <Task(BranchPythonOperator): to_defence3> on 2023-04-26 00:00:00+00:00
[2023-04-27 08:19:16,341] {standard_task_runner.py:52} INFO - Started process 157 to run task
[2023-04-27 08:19:16,385] {standard_task_runner.py:79} INFO - Running: ['***', 'tasks', 'run', 'multi_defence_dag', 'to_defence3', 'scheduled__2023-04-26T00:00:00+00:00', '--job-id', '6298', '--raw', '--subdir', 'DAGS_FOLDER/defence_dag.py', '--cfg-path', '/tmp/tmpx1o3sfdi', '--error-file', '/tmp/tmp7nnhmmp0']
[2023-04-27 08:19:16,416] {standard_task_runner.py:80} INFO - Job 6298: Subtask to_defence3
[2023-04-27 08:19:16,697] {task_command.py:369} INFO - Running <TaskInstance: multi_defence_dag.to_defence3 scheduled__2023-04-26T00:00:00+00:00 [running]> on host e7e31d5a6603
[2023-04-27 08:19:17,279] {taskinstance.py:1571} INFO - Exporting the following env vars:
AIRFLOW_CTX_DAG_OWNER=***
AIRFLOW_CTX_DAG_ID=multi_defence_dag
AIRFLOW_CTX_TASK_ID=to_defence3
AIRFLOW_CTX_EXECUTION_DATE=2023-04-26T00:00:00+00:00
AIRFLOW_CTX_TRY_NUMBER=1
AIRFLOW_CTX_DAG_RUN_ID=scheduled__2023-04-26T00:00:00+00:00
[2023-04-27 08:19:17,355] {python.py:173} INFO - Done. Returned value was: Defence3
[2023-04-27 08:19:17,356] {skipmixin.py:140} INFO - Following branch Defence3
[2023-04-27 08:19:17,357] {skipmixin.py:175} INFO - Skipping tasks ['default']
[2023-04-27 08:19:18,261] {taskinstance.py:1400} INFO - Marking task as SUCCESS. dag_id=multi_defence_dag, task_id=to_defence3, execution_date=20230426T000000, start_date=20230427T081915, end_date=20230427T081918
[2023-04-27 08:19:18,525] {local_task_job.py:156} INFO - Task exited with return code 0
[2023-04-27 08:19:18,806] {local_task_job.py:273} INFO - 1 downstream tasks scheduled from follow-on schedule check
