[2023-04-27 09:01:49,692] {taskinstance.py:1159} INFO - Dependencies all met for <TaskInstance: multi_attack_dag.to_attack_AutoProjectedGradientDescent manual__2023-04-27T09:01:19.609297+00:00 [queued]>
[2023-04-27 09:01:49,771] {taskinstance.py:1159} INFO - Dependencies all met for <TaskInstance: multi_attack_dag.to_attack_AutoProjectedGradientDescent manual__2023-04-27T09:01:19.609297+00:00 [queued]>
[2023-04-27 09:01:49,772] {taskinstance.py:1356} INFO - 
--------------------------------------------------------------------------------
[2023-04-27 09:01:49,773] {taskinstance.py:1357} INFO - Starting attempt 1 of 2
[2023-04-27 09:01:49,774] {taskinstance.py:1358} INFO - 
--------------------------------------------------------------------------------
[2023-04-27 09:01:49,891] {taskinstance.py:1377} INFO - Executing <Task(BranchPythonOperator): to_attack_AutoProjectedGradientDescent> on 2023-04-27 09:01:19.609297+00:00
[2023-04-27 09:01:49,906] {standard_task_runner.py:52} INFO - Started process 2480 to run task
[2023-04-27 09:01:49,933] {standard_task_runner.py:79} INFO - Running: ['***', 'tasks', 'run', 'multi_attack_dag', 'to_attack_AutoProjectedGradientDescent', 'manual__2023-04-27T09:01:19.609297+00:00', '--job-id', '6424', '--raw', '--subdir', 'DAGS_FOLDER/attack_dag.py', '--cfg-path', '/tmp/tmp0qspfgax', '--error-file', '/tmp/tmpgzritjzw']
[2023-04-27 09:01:49,958] {standard_task_runner.py:80} INFO - Job 6424: Subtask to_attack_AutoProjectedGradientDescent
[2023-04-27 09:01:50,239] {task_command.py:369} INFO - Running <TaskInstance: multi_attack_dag.to_attack_AutoProjectedGradientDescent manual__2023-04-27T09:01:19.609297+00:00 [running]> on host e7e31d5a6603
[2023-04-27 09:01:51,596] {taskinstance.py:1571} INFO - Exporting the following env vars:
AIRFLOW_CTX_DAG_OWNER=***
AIRFLOW_CTX_DAG_ID=multi_attack_dag
AIRFLOW_CTX_TASK_ID=to_attack_AutoProjectedGradientDescent
AIRFLOW_CTX_EXECUTION_DATE=2023-04-27T09:01:19.609297+00:00
AIRFLOW_CTX_TRY_NUMBER=1
AIRFLOW_CTX_DAG_RUN_ID=manual__2023-04-27T09:01:19.609297+00:00
[2023-04-27 09:01:51,656] {python.py:173} INFO - Done. Returned value was: attack_AutoProjectedGradientDescent
[2023-04-27 09:01:51,660] {skipmixin.py:140} INFO - Following branch attack_AutoProjectedGradientDescent
[2023-04-27 09:01:51,669] {skipmixin.py:175} INFO - Skipping tasks ['default']
[2023-04-27 09:01:52,680] {taskinstance.py:1400} INFO - Marking task as SUCCESS. dag_id=multi_attack_dag, task_id=to_attack_AutoProjectedGradientDescent, execution_date=20230427T090119, start_date=20230427T090149, end_date=20230427T090152
[2023-04-27 09:01:52,753] {local_task_job.py:156} INFO - Task exited with return code 0
[2023-04-27 09:01:53,903] {local_task_job.py:273} INFO - 1 downstream tasks scheduled from follow-on schedule check
