[2023-03-23 15:48:54,886] {taskinstance.py:1159} INFO - Dependencies all met for <TaskInstance: multi_defence_dag.to_defence2 manual__2023-03-23T15:48:47.419987+00:00 [queued]>
[2023-03-23 15:48:54,939] {taskinstance.py:1159} INFO - Dependencies all met for <TaskInstance: multi_defence_dag.to_defence2 manual__2023-03-23T15:48:47.419987+00:00 [queued]>
[2023-03-23 15:48:54,941] {taskinstance.py:1356} INFO - 
--------------------------------------------------------------------------------
[2023-03-23 15:48:54,948] {taskinstance.py:1357} INFO - Starting attempt 1 of 2
[2023-03-23 15:48:54,950] {taskinstance.py:1358} INFO - 
--------------------------------------------------------------------------------
[2023-03-23 15:48:55,061] {taskinstance.py:1377} INFO - Executing <Task(BranchPythonOperator): to_defence2> on 2023-03-23 15:48:47.419987+00:00
[2023-03-23 15:48:55,080] {standard_task_runner.py:52} INFO - Started process 13951 to run task
[2023-03-23 15:48:55,097] {standard_task_runner.py:79} INFO - Running: ['***', 'tasks', 'run', 'multi_defence_dag', 'to_defence2', 'manual__2023-03-23T15:48:47.419987+00:00', '--job-id', '3580', '--raw', '--subdir', 'DAGS_FOLDER/defence_dag.py', '--cfg-path', '/tmp/tmpaygx1gfx', '--error-file', '/tmp/tmpj63l0jk8']
[2023-03-23 15:48:55,104] {standard_task_runner.py:80} INFO - Job 3580: Subtask to_defence2
[2023-03-23 15:48:55,435] {task_command.py:369} INFO - Running <TaskInstance: multi_defence_dag.to_defence2 manual__2023-03-23T15:48:47.419987+00:00 [running]> on host 6447f1dacd32
[2023-03-23 15:48:55,758] {taskinstance.py:1571} INFO - Exporting the following env vars:
AIRFLOW_CTX_DAG_OWNER=***
AIRFLOW_CTX_DAG_ID=multi_defence_dag
AIRFLOW_CTX_TASK_ID=to_defence2
AIRFLOW_CTX_EXECUTION_DATE=2023-03-23T15:48:47.419987+00:00
AIRFLOW_CTX_TRY_NUMBER=1
AIRFLOW_CTX_DAG_RUN_ID=manual__2023-03-23T15:48:47.419987+00:00
[2023-03-23 15:48:55,844] {python.py:173} INFO - Done. Returned value was: Defence2
[2023-03-23 15:48:55,847] {skipmixin.py:140} INFO - Following branch Defence2
[2023-03-23 15:48:55,850] {skipmixin.py:175} INFO - Skipping tasks ['default']
[2023-03-23 15:48:56,177] {taskinstance.py:1400} INFO - Marking task as SUCCESS. dag_id=multi_defence_dag, task_id=to_defence2, execution_date=20230323T154847, start_date=20230323T154854, end_date=20230323T154856
[2023-03-23 15:48:56,279] {local_task_job.py:156} INFO - Task exited with return code 0
[2023-03-23 15:48:56,727] {local_task_job.py:273} INFO - 1 downstream tasks scheduled from follow-on schedule check
