[2023-03-23 15:33:38,770] {taskinstance.py:1159} INFO - Dependencies all met for <TaskInstance: multi_attack_dag.metadata manual__2023-03-23T15:33:35.269081+00:00 [queued]>
[2023-03-23 15:33:38,788] {taskinstance.py:1159} INFO - Dependencies all met for <TaskInstance: multi_attack_dag.metadata manual__2023-03-23T15:33:35.269081+00:00 [queued]>
[2023-03-23 15:33:38,789] {taskinstance.py:1356} INFO - 
--------------------------------------------------------------------------------
[2023-03-23 15:33:38,790] {taskinstance.py:1357} INFO - Starting attempt 1 of 2
[2023-03-23 15:33:38,791] {taskinstance.py:1358} INFO - 
--------------------------------------------------------------------------------
[2023-03-23 15:33:38,818] {taskinstance.py:1377} INFO - Executing <Task(PythonOperator): metadata> on 2023-03-23 15:33:35.269081+00:00
[2023-03-23 15:33:38,826] {standard_task_runner.py:52} INFO - Started process 12752 to run task
[2023-03-23 15:33:38,832] {standard_task_runner.py:79} INFO - Running: ['***', 'tasks', 'run', 'multi_attack_dag', 'metadata', 'manual__2023-03-23T15:33:35.269081+00:00', '--job-id', '3266', '--raw', '--subdir', 'DAGS_FOLDER/attack_dag.py', '--cfg-path', '/tmp/tmppasa5xj9', '--error-file', '/tmp/tmp8gagp8lu']
[2023-03-23 15:33:38,835] {standard_task_runner.py:80} INFO - Job 3266: Subtask metadata
[2023-03-23 15:33:38,950] {task_command.py:369} INFO - Running <TaskInstance: multi_attack_dag.metadata manual__2023-03-23T15:33:35.269081+00:00 [running]> on host 6447f1dacd32
[2023-03-23 15:33:39,101] {taskinstance.py:1571} INFO - Exporting the following env vars:
AIRFLOW_CTX_DAG_OWNER=***
AIRFLOW_CTX_DAG_ID=multi_attack_dag
AIRFLOW_CTX_TASK_ID=metadata
AIRFLOW_CTX_EXECUTION_DATE=2023-03-23T15:33:35.269081+00:00
AIRFLOW_CTX_TRY_NUMBER=1
AIRFLOW_CTX_DAG_RUN_ID=manual__2023-03-23T15:33:35.269081+00:00
[2023-03-23 15:33:39,114] {transport.py:157} INFO - Attempting refresh to obtain initial access_token
[2023-03-23 15:33:39,120] {client.py:777} INFO - Refreshing access_token
[2023-03-23 15:33:40,132] {python.py:173} INFO - Done. Returned value was: None
[2023-03-23 15:33:40,142] {taskinstance.py:1400} INFO - Marking task as SUCCESS. dag_id=multi_attack_dag, task_id=metadata, execution_date=20230323T153335, start_date=20230323T153338, end_date=20230323T153340
[2023-03-23 15:33:40,173] {local_task_job.py:156} INFO - Task exited with return code 0
[2023-03-23 15:33:40,211] {local_task_job.py:273} INFO - 3 downstream tasks scheduled from follow-on schedule check
