[2023-03-16 11:56:58,204] {taskinstance.py:1159} INFO - Dependencies all met for <TaskInstance: attack_dag.attack manual__2023-03-12T15:20:59.277971+00:00 [queued]>
[2023-03-16 11:56:58,295] {taskinstance.py:1159} INFO - Dependencies all met for <TaskInstance: attack_dag.attack manual__2023-03-12T15:20:59.277971+00:00 [queued]>
[2023-03-16 11:56:58,305] {taskinstance.py:1356} INFO - 
--------------------------------------------------------------------------------
[2023-03-16 11:56:58,306] {taskinstance.py:1357} INFO - Starting attempt 2 of 2
[2023-03-16 11:56:58,315] {taskinstance.py:1358} INFO - 
--------------------------------------------------------------------------------
[2023-03-16 11:56:58,500] {taskinstance.py:1377} INFO - Executing <Task(PythonOperator): attack> on 2023-03-12 15:20:59.277971+00:00
[2023-03-16 11:56:58,520] {standard_task_runner.py:79} INFO - Running: ['***', 'tasks', 'run', 'attack_dag', 'attack', 'manual__2023-03-12T15:20:59.277971+00:00', '--job-id', '1037', '--raw', '--subdir', 'DAGS_FOLDER/attack.py', '--cfg-path', '/tmp/tmp1_c62itv', '--error-file', '/tmp/tmpo4hav36p']
[2023-03-16 11:56:58,536] {standard_task_runner.py:80} INFO - Job 1037: Subtask attack
[2023-03-16 11:56:58,516] {standard_task_runner.py:52} INFO - Started process 842 to run task
[2023-03-16 11:56:58,758] {task_command.py:369} INFO - Running <TaskInstance: attack_dag.attack manual__2023-03-12T15:20:59.277971+00:00 [running]> on host 596adcca7378
[2023-03-16 11:56:59,225] {taskinstance.py:1571} INFO - Exporting the following env vars:
AIRFLOW_CTX_DAG_OWNER=***
AIRFLOW_CTX_DAG_ID=attack_dag
AIRFLOW_CTX_TASK_ID=attack
AIRFLOW_CTX_EXECUTION_DATE=2023-03-12T15:20:59.277971+00:00
AIRFLOW_CTX_TRY_NUMBER=2
AIRFLOW_CTX_DAG_RUN_ID=manual__2023-03-12T15:20:59.277971+00:00
[2023-03-16 11:56:59,226] {logging_mixin.py:115} INFO - attacking!
[2023-03-16 11:56:59,229] {python.py:173} INFO - Done. Returned value was: None
[2023-03-16 11:56:59,316] {taskinstance.py:1400} INFO - Marking task as SUCCESS. dag_id=attack_dag, task_id=attack, execution_date=20230312T152059, start_date=20230316T115658, end_date=20230316T115659
[2023-03-16 11:56:59,622] {local_task_job.py:156} INFO - Task exited with return code 0
[2023-03-16 11:56:59,797] {local_task_job.py:273} INFO - 1 downstream tasks scheduled from follow-on schedule check
