[2023-04-27 12:13:21,092] {taskinstance.py:1159} INFO - Dependencies all met for <TaskInstance: multi_attack_dag.attack_NewtonFool manual__2023-04-27T12:06:56.081840+00:00 [queued]>
[2023-04-27 12:13:21,357] {taskinstance.py:1159} INFO - Dependencies all met for <TaskInstance: multi_attack_dag.attack_NewtonFool manual__2023-04-27T12:06:56.081840+00:00 [queued]>
[2023-04-27 12:13:21,365] {taskinstance.py:1356} INFO - 
--------------------------------------------------------------------------------
[2023-04-27 12:13:21,414] {taskinstance.py:1357} INFO - Starting attempt 1 of 2
[2023-04-27 12:13:21,417] {taskinstance.py:1358} INFO - 
--------------------------------------------------------------------------------
[2023-04-27 12:13:21,596] {taskinstance.py:1377} INFO - Executing <Task(PythonOperator): attack_NewtonFool> on 2023-04-27 12:06:56.081840+00:00
[2023-04-27 12:13:21,707] {standard_task_runner.py:79} INFO - Running: ['***', 'tasks', 'run', 'multi_attack_dag', 'attack_NewtonFool', 'manual__2023-04-27T12:06:56.081840+00:00', '--job-id', '6807', '--raw', '--subdir', 'DAGS_FOLDER/attack_dag.py', '--cfg-path', '/tmp/tmpm8uc6d1z', '--error-file', '/tmp/tmpodz3679j']
[2023-04-27 12:13:21,737] {standard_task_runner.py:80} INFO - Job 6807: Subtask attack_NewtonFool
[2023-04-27 12:13:21,662] {standard_task_runner.py:52} INFO - Started process 3388 to run task
[2023-04-27 12:13:22,272] {task_command.py:369} INFO - Running <TaskInstance: multi_attack_dag.attack_NewtonFool manual__2023-04-27T12:06:56.081840+00:00 [running]> on host e7e31d5a6603
[2023-04-27 12:13:23,107] {taskinstance.py:1571} INFO - Exporting the following env vars:
AIRFLOW_CTX_DAG_OWNER=***
AIRFLOW_CTX_DAG_ID=multi_attack_dag
AIRFLOW_CTX_TASK_ID=attack_NewtonFool
AIRFLOW_CTX_EXECUTION_DATE=2023-04-27T12:06:56.081840+00:00
AIRFLOW_CTX_TRY_NUMBER=1
AIRFLOW_CTX_DAG_RUN_ID=manual__2023-04-27T12:06:56.081840+00:00
[2023-04-27 12:13:23,111] {transport.py:157} INFO - Attempting refresh to obtain initial access_token
[2023-04-27 12:13:23,120] {client.py:777} INFO - Refreshing access_token
[2023-04-27 12:13:23,889] {transport.py:157} INFO - Attempting refresh to obtain initial access_token
[2023-04-27 12:13:23,901] {client.py:777} INFO - Refreshing access_token
[2023-04-27 12:13:44,904] {pytorch.py:1198} INFO - Inferred 5 hidden layers on PyTorch classifier.
[2023-04-27 12:17:17,389] {attack.py:33} INFO - Optimizing...
[2023-04-27 12:17:17,404] {logging_mixin.py:115} INFO - I am right here on <class 'art.attacks.evasion.newtonfool.NewtonFool'>
[2023-04-27 12:17:17,415] {logging_mixin.py:115} INFO - <function optimize_evasion_attack.<locals>.<lambda> at 0x7f6dc107eef0>
[2023-04-27 12:17:17,612] {logging_mixin.py:115} INFO - This is the attack : <class 'art.attacks.evasion.newtonfool.NewtonFool'> and its HP : {'eta': 0.07064283281463439}
[2023-04-27 12:17:17,627] {attack.py:39} INFO - Optimizing failed! using default: 0.23793983459472656
[2023-04-27 12:17:17,867] {python.py:173} INFO - Done. Returned value was: None
[2023-04-27 12:17:17,924] {taskinstance.py:1400} INFO - Marking task as SUCCESS. dag_id=multi_attack_dag, task_id=attack_NewtonFool, execution_date=20230427T120656, start_date=20230427T121321, end_date=20230427T121717
[2023-04-27 12:17:18,095] {local_task_job.py:156} INFO - Task exited with return code 0
[2023-04-27 12:17:18,477] {local_task_job.py:273} INFO - 0 downstream tasks scheduled from follow-on schedule check
