[2023-04-30 09:52:25,322] {taskinstance.py:1159} INFO - Dependencies all met for <TaskInstance: multi_defence_dag.choose_best manual__2023-04-30T09:52:05.012521+00:00 [queued]>
[2023-04-30 09:52:25,338] {taskinstance.py:1159} INFO - Dependencies all met for <TaskInstance: multi_defence_dag.choose_best manual__2023-04-30T09:52:05.012521+00:00 [queued]>
[2023-04-30 09:52:25,339] {taskinstance.py:1356} INFO - 
--------------------------------------------------------------------------------
[2023-04-30 09:52:25,344] {taskinstance.py:1357} INFO - Starting attempt 1 of 2
[2023-04-30 09:52:25,345] {taskinstance.py:1358} INFO - 
--------------------------------------------------------------------------------
[2023-04-30 09:52:25,367] {taskinstance.py:1377} INFO - Executing <Task(PythonOperator): choose_best> on 2023-04-30 09:52:05.012521+00:00
[2023-04-30 09:52:25,377] {standard_task_runner.py:52} INFO - Started process 463 to run task
[2023-04-30 09:52:25,381] {standard_task_runner.py:79} INFO - Running: ['***', 'tasks', 'run', 'multi_defence_dag', 'choose_best', 'manual__2023-04-30T09:52:05.012521+00:00', '--job-id', '7414', '--raw', '--subdir', 'DAGS_FOLDER/defence_dag.py', '--cfg-path', '/tmp/tmpi6ga162y', '--error-file', '/tmp/tmpqjrwjg9m']
[2023-04-30 09:52:25,382] {standard_task_runner.py:80} INFO - Job 7414: Subtask choose_best
[2023-04-30 09:52:25,468] {task_command.py:369} INFO - Running <TaskInstance: multi_defence_dag.choose_best manual__2023-04-30T09:52:05.012521+00:00 [running]> on host 873e5d3a4399
[2023-04-30 09:52:25,600] {taskinstance.py:1571} INFO - Exporting the following env vars:
AIRFLOW_CTX_DAG_OWNER=***
AIRFLOW_CTX_DAG_ID=multi_defence_dag
AIRFLOW_CTX_TASK_ID=choose_best
AIRFLOW_CTX_EXECUTION_DATE=2023-04-30T09:52:05.012521+00:00
AIRFLOW_CTX_TRY_NUMBER=1
AIRFLOW_CTX_DAG_RUN_ID=manual__2023-04-30T09:52:05.012521+00:00
[2023-04-30 09:52:25,685] {transport.py:157} INFO - Attempting refresh to obtain initial access_token
[2023-04-30 09:52:25,694] {client.py:777} INFO - Refreshing access_token
[2023-04-30 09:52:26,484] {transport.py:157} INFO - Attempting refresh to obtain initial access_token
[2023-04-30 09:52:26,486] {client.py:777} INFO - Refreshing access_token
[2023-04-30 09:52:26,981] {python.py:173} INFO - Done. Returned value was: None
[2023-04-30 09:52:26,999] {taskinstance.py:1400} INFO - Marking task as SUCCESS. dag_id=multi_defence_dag, task_id=choose_best, execution_date=20230430T095205, start_date=20230430T095225, end_date=20230430T095226
[2023-04-30 09:52:27,042] {local_task_job.py:156} INFO - Task exited with return code 0
[2023-04-30 09:52:27,083] {local_task_job.py:273} INFO - 1 downstream tasks scheduled from follow-on schedule check
