[2023-03-28 10:28:53,988] {taskinstance.py:1159} INFO - Dependencies all met for <TaskInstance: defence_dag2.defence1 manual__2023-03-28T10:28:47.671873+00:00 [queued]>
[2023-03-28 10:28:53,998] {taskinstance.py:1159} INFO - Dependencies all met for <TaskInstance: defence_dag2.defence1 manual__2023-03-28T10:28:47.671873+00:00 [queued]>
[2023-03-28 10:28:53,999] {taskinstance.py:1356} INFO - 
--------------------------------------------------------------------------------
[2023-03-28 10:28:54,000] {taskinstance.py:1357} INFO - Starting attempt 1 of 1
[2023-03-28 10:28:54,001] {taskinstance.py:1358} INFO - 
--------------------------------------------------------------------------------
[2023-03-28 10:28:54,016] {taskinstance.py:1377} INFO - Executing <Task(PythonOperator): defence1> on 2023-03-28 10:28:47.671873+00:00
[2023-03-28 10:28:54,024] {standard_task_runner.py:52} INFO - Started process 2191 to run task
[2023-03-28 10:28:54,027] {standard_task_runner.py:79} INFO - Running: ['***', 'tasks', 'run', 'defence_dag2', 'defence1', 'manual__2023-03-28T10:28:47.671873+00:00', '--job-id', '4270', '--raw', '--subdir', 'DAGS_FOLDER/defese.py', '--cfg-path', '/tmp/tmpjwa7fulu', '--error-file', '/tmp/tmpzr15guof']
[2023-03-28 10:28:54,029] {standard_task_runner.py:80} INFO - Job 4270: Subtask defence1
[2023-03-28 10:28:54,090] {task_command.py:369} INFO - Running <TaskInstance: defence_dag2.defence1 manual__2023-03-28T10:28:47.671873+00:00 [running]> on host 70f8824ef075
[2023-03-28 10:28:54,162] {taskinstance.py:1571} INFO - Exporting the following env vars:
AIRFLOW_CTX_DAG_OWNER=***
AIRFLOW_CTX_DAG_ID=defence_dag2
AIRFLOW_CTX_TASK_ID=defence1
AIRFLOW_CTX_EXECUTION_DATE=2023-03-28T10:28:47.671873+00:00
AIRFLOW_CTX_TRY_NUMBER=1
AIRFLOW_CTX_DAG_RUN_ID=manual__2023-03-28T10:28:47.671873+00:00
[2023-03-28 10:28:54,178] {logging_mixin.py:115} INFO - defensing
[2023-03-28 10:28:54,179] {python.py:173} INFO - Done. Returned value was: None
[2023-03-28 10:28:54,192] {taskinstance.py:1400} INFO - Marking task as SUCCESS. dag_id=defence_dag2, task_id=defence1, execution_date=20230328T102847, start_date=20230328T102853, end_date=20230328T102854
[2023-03-28 10:28:54,241] {local_task_job.py:156} INFO - Task exited with return code 0
[2023-03-28 10:28:54,286] {local_task_job.py:273} INFO - 1 downstream tasks scheduled from follow-on schedule check
