[2023-04-09 08:47:04,985] {taskinstance.py:1159} INFO - Dependencies all met for <TaskInstance: multi_attack_dag.choose_best manual__2023-04-09T08:22:58.002047+00:00 [queued]>
[2023-04-09 08:47:05,010] {taskinstance.py:1159} INFO - Dependencies all met for <TaskInstance: multi_attack_dag.choose_best manual__2023-04-09T08:22:58.002047+00:00 [queued]>
[2023-04-09 08:47:05,011] {taskinstance.py:1356} INFO - 
--------------------------------------------------------------------------------
[2023-04-09 08:47:05,012] {taskinstance.py:1357} INFO - Starting attempt 1 of 2
[2023-04-09 08:47:05,013] {taskinstance.py:1358} INFO - 
--------------------------------------------------------------------------------
[2023-04-09 08:47:05,050] {taskinstance.py:1377} INFO - Executing <Task(PythonOperator): choose_best> on 2023-04-09 08:22:58.002047+00:00
[2023-04-09 08:47:05,073] {standard_task_runner.py:52} INFO - Started process 5072 to run task
[2023-04-09 08:47:05,083] {standard_task_runner.py:79} INFO - Running: ['***', 'tasks', 'run', 'multi_attack_dag', 'choose_best', 'manual__2023-04-09T08:22:58.002047+00:00', '--job-id', '4831', '--raw', '--subdir', 'DAGS_FOLDER/attack_dag.py', '--cfg-path', '/tmp/tmpipa9xkgn', '--error-file', '/tmp/tmpvxbv6k4u']
[2023-04-09 08:47:05,084] {standard_task_runner.py:80} INFO - Job 4831: Subtask choose_best
[2023-04-09 08:47:05,212] {task_command.py:369} INFO - Running <TaskInstance: multi_attack_dag.choose_best manual__2023-04-09T08:22:58.002047+00:00 [running]> on host ff3d40af78f9
[2023-04-09 08:47:05,418] {taskinstance.py:1571} INFO - Exporting the following env vars:
AIRFLOW_CTX_DAG_OWNER=***
AIRFLOW_CTX_DAG_ID=multi_attack_dag
AIRFLOW_CTX_TASK_ID=choose_best
AIRFLOW_CTX_EXECUTION_DATE=2023-04-09T08:22:58.002047+00:00
AIRFLOW_CTX_TRY_NUMBER=1
AIRFLOW_CTX_DAG_RUN_ID=manual__2023-04-09T08:22:58.002047+00:00
[2023-04-09 08:47:05,490] {transport.py:157} INFO - Attempting refresh to obtain initial access_token
[2023-04-09 08:47:05,499] {client.py:777} INFO - Refreshing access_token
[2023-04-09 08:47:06,516] {transport.py:157} INFO - Attempting refresh to obtain initial access_token
[2023-04-09 08:47:06,528] {client.py:777} INFO - Refreshing access_token
[2023-04-09 08:47:07,087] {python.py:173} INFO - Done. Returned value was: None
[2023-04-09 08:47:07,132] {taskinstance.py:1400} INFO - Marking task as SUCCESS. dag_id=multi_attack_dag, task_id=choose_best, execution_date=20230409T082258, start_date=20230409T084704, end_date=20230409T084707
[2023-04-09 08:47:07,236] {local_task_job.py:156} INFO - Task exited with return code 0
[2023-04-09 08:47:07,350] {local_task_job.py:273} INFO - 1 downstream tasks scheduled from follow-on schedule check
