[2023-04-18 07:37:38,956] {taskinstance.py:1159} INFO - Dependencies all met for <TaskInstance: multi_attack_dag.to_attack_ProjectedGradientDescent manual__2023-04-18T07:37:26.237935+00:00 [queued]>
[2023-04-18 07:37:38,989] {taskinstance.py:1159} INFO - Dependencies all met for <TaskInstance: multi_attack_dag.to_attack_ProjectedGradientDescent manual__2023-04-18T07:37:26.237935+00:00 [queued]>
[2023-04-18 07:37:38,996] {taskinstance.py:1356} INFO - 
--------------------------------------------------------------------------------
[2023-04-18 07:37:38,998] {taskinstance.py:1357} INFO - Starting attempt 1 of 2
[2023-04-18 07:37:38,998] {taskinstance.py:1358} INFO - 
--------------------------------------------------------------------------------
[2023-04-18 07:37:39,024] {taskinstance.py:1377} INFO - Executing <Task(BranchPythonOperator): to_attack_ProjectedGradientDescent> on 2023-04-18 07:37:26.237935+00:00
[2023-04-18 07:37:39,034] {standard_task_runner.py:52} INFO - Started process 4319 to run task
[2023-04-18 07:37:39,394] {standard_task_runner.py:79} INFO - Running: ['***', 'tasks', 'run', 'multi_attack_dag', 'to_attack_ProjectedGradientDescent', 'manual__2023-04-18T07:37:26.237935+00:00', '--job-id', '5582', '--raw', '--subdir', 'DAGS_FOLDER/attack_dag.py', '--cfg-path', '/tmp/tmpwp2aqxsz', '--error-file', '/tmp/tmp4oe4ra1w']
[2023-04-18 07:37:39,406] {standard_task_runner.py:80} INFO - Job 5582: Subtask to_attack_ProjectedGradientDescent
[2023-04-18 07:37:39,654] {task_command.py:369} INFO - Running <TaskInstance: multi_attack_dag.to_attack_ProjectedGradientDescent manual__2023-04-18T07:37:26.237935+00:00 [running]> on host a3dd7d962104
[2023-04-18 07:37:39,804] {taskinstance.py:1571} INFO - Exporting the following env vars:
AIRFLOW_CTX_DAG_OWNER=***
AIRFLOW_CTX_DAG_ID=multi_attack_dag
AIRFLOW_CTX_TASK_ID=to_attack_ProjectedGradientDescent
AIRFLOW_CTX_EXECUTION_DATE=2023-04-18T07:37:26.237935+00:00
AIRFLOW_CTX_TRY_NUMBER=1
AIRFLOW_CTX_DAG_RUN_ID=manual__2023-04-18T07:37:26.237935+00:00
[2023-04-18 07:37:39,825] {python.py:173} INFO - Done. Returned value was: attack_ProjectedGradientDescent
[2023-04-18 07:37:39,826] {skipmixin.py:140} INFO - Following branch attack_ProjectedGradientDescent
[2023-04-18 07:37:39,827] {skipmixin.py:175} INFO - Skipping tasks ['default']
[2023-04-18 07:37:39,918] {taskinstance.py:1400} INFO - Marking task as SUCCESS. dag_id=multi_attack_dag, task_id=to_attack_ProjectedGradientDescent, execution_date=20230418T073726, start_date=20230418T073738, end_date=20230418T073739
[2023-04-18 07:37:39,959] {local_task_job.py:156} INFO - Task exited with return code 0
[2023-04-18 07:37:40,148] {local_task_job.py:273} INFO - 1 downstream tasks scheduled from follow-on schedule check
