[2023-03-28 09:51:37,865] {taskinstance.py:1159} INFO - Dependencies all met for <TaskInstance: defence_dag2.defence1 manual__2023-03-28T09:51:33.424153+00:00 [queued]>
[2023-03-28 09:51:37,877] {taskinstance.py:1159} INFO - Dependencies all met for <TaskInstance: defence_dag2.defence1 manual__2023-03-28T09:51:33.424153+00:00 [queued]>
[2023-03-28 09:51:37,878] {taskinstance.py:1356} INFO - 
--------------------------------------------------------------------------------
[2023-03-28 09:51:37,878] {taskinstance.py:1357} INFO - Starting attempt 1 of 1
[2023-03-28 09:51:37,879] {taskinstance.py:1358} INFO - 
--------------------------------------------------------------------------------
[2023-03-28 09:51:37,892] {taskinstance.py:1377} INFO - Executing <Task(PythonOperator): defence1> on 2023-03-28 09:51:33.424153+00:00
[2023-03-28 09:51:37,897] {standard_task_runner.py:52} INFO - Started process 570 to run task
[2023-03-28 09:51:37,900] {standard_task_runner.py:79} INFO - Running: ['***', 'tasks', 'run', 'defence_dag2', 'defence1', 'manual__2023-03-28T09:51:33.424153+00:00', '--job-id', '3975', '--raw', '--subdir', 'DAGS_FOLDER/defese.py', '--cfg-path', '/tmp/tmpso3wfuc8', '--error-file', '/tmp/tmpfqnemc06']
[2023-03-28 09:51:37,901] {standard_task_runner.py:80} INFO - Job 3975: Subtask defence1
[2023-03-28 09:51:37,956] {task_command.py:369} INFO - Running <TaskInstance: defence_dag2.defence1 manual__2023-03-28T09:51:33.424153+00:00 [running]> on host 70f8824ef075
[2023-03-28 09:51:38,029] {taskinstance.py:1571} INFO - Exporting the following env vars:
AIRFLOW_CTX_DAG_OWNER=***
AIRFLOW_CTX_DAG_ID=defence_dag2
AIRFLOW_CTX_TASK_ID=defence1
AIRFLOW_CTX_EXECUTION_DATE=2023-03-28T09:51:33.424153+00:00
AIRFLOW_CTX_TRY_NUMBER=1
AIRFLOW_CTX_DAG_RUN_ID=manual__2023-03-28T09:51:33.424153+00:00
[2023-03-28 09:51:38,044] {logging_mixin.py:115} INFO - defensing
[2023-03-28 09:51:38,044] {python.py:173} INFO - Done. Returned value was: None
[2023-03-28 09:51:38,056] {taskinstance.py:1400} INFO - Marking task as SUCCESS. dag_id=defence_dag2, task_id=defence1, execution_date=20230328T095133, start_date=20230328T095137, end_date=20230328T095138
[2023-03-28 09:51:38,073] {local_task_job.py:156} INFO - Task exited with return code 0
[2023-03-28 09:51:38,113] {local_task_job.py:273} INFO - 1 downstream tasks scheduled from follow-on schedule check
