[2023-03-23 15:48:04,479] {taskinstance.py:1159} INFO - Dependencies all met for <TaskInstance: multi_defence_dag.to_defence2 manual__2023-03-23T15:47:56.691694+00:00 [queued]>
[2023-03-23 15:48:04,538] {taskinstance.py:1159} INFO - Dependencies all met for <TaskInstance: multi_defence_dag.to_defence2 manual__2023-03-23T15:47:56.691694+00:00 [queued]>
[2023-03-23 15:48:04,541] {taskinstance.py:1356} INFO - 
--------------------------------------------------------------------------------
[2023-03-23 15:48:04,543] {taskinstance.py:1357} INFO - Starting attempt 1 of 2
[2023-03-23 15:48:04,544] {taskinstance.py:1358} INFO - 
--------------------------------------------------------------------------------
[2023-03-23 15:48:04,615] {taskinstance.py:1377} INFO - Executing <Task(BranchPythonOperator): to_defence2> on 2023-03-23 15:47:56.691694+00:00
[2023-03-23 15:48:04,630] {standard_task_runner.py:52} INFO - Started process 13884 to run task
[2023-03-23 15:48:04,640] {standard_task_runner.py:79} INFO - Running: ['***', 'tasks', 'run', 'multi_defence_dag', 'to_defence2', 'manual__2023-03-23T15:47:56.691694+00:00', '--job-id', '3561', '--raw', '--subdir', 'DAGS_FOLDER/defence_dag.py', '--cfg-path', '/tmp/tmp2obj76us', '--error-file', '/tmp/tmp47g0cx4_']
[2023-03-23 15:48:04,645] {standard_task_runner.py:80} INFO - Job 3561: Subtask to_defence2
[2023-03-23 15:48:04,882] {task_command.py:369} INFO - Running <TaskInstance: multi_defence_dag.to_defence2 manual__2023-03-23T15:47:56.691694+00:00 [running]> on host 6447f1dacd32
[2023-03-23 15:48:05,131] {taskinstance.py:1571} INFO - Exporting the following env vars:
AIRFLOW_CTX_DAG_OWNER=***
AIRFLOW_CTX_DAG_ID=multi_defence_dag
AIRFLOW_CTX_TASK_ID=to_defence2
AIRFLOW_CTX_EXECUTION_DATE=2023-03-23T15:47:56.691694+00:00
AIRFLOW_CTX_TRY_NUMBER=1
AIRFLOW_CTX_DAG_RUN_ID=manual__2023-03-23T15:47:56.691694+00:00
[2023-03-23 15:48:05,197] {python.py:173} INFO - Done. Returned value was: Defence2
[2023-03-23 15:48:05,198] {skipmixin.py:140} INFO - Following branch Defence2
[2023-03-23 15:48:05,201] {skipmixin.py:175} INFO - Skipping tasks ['default']
[2023-03-23 15:48:05,491] {taskinstance.py:1400} INFO - Marking task as SUCCESS. dag_id=multi_defence_dag, task_id=to_defence2, execution_date=20230323T154756, start_date=20230323T154804, end_date=20230323T154805
[2023-03-23 15:48:05,593] {local_task_job.py:156} INFO - Task exited with return code 0
[2023-03-23 15:48:05,857] {local_task_job.py:273} INFO - 1 downstream tasks scheduled from follow-on schedule check
