[2023-04-09 10:56:43,564] {taskinstance.py:1159} INFO - Dependencies all met for <TaskInstance: multi_attack_dag.to_attack_ProjectedGradientDescent manual__2023-04-09T10:56:30.467423+00:00 [queued]>
[2023-04-09 10:56:43,584] {taskinstance.py:1159} INFO - Dependencies all met for <TaskInstance: multi_attack_dag.to_attack_ProjectedGradientDescent manual__2023-04-09T10:56:30.467423+00:00 [queued]>
[2023-04-09 10:56:43,585] {taskinstance.py:1356} INFO - 
--------------------------------------------------------------------------------
[2023-04-09 10:56:43,588] {taskinstance.py:1357} INFO - Starting attempt 1 of 2
[2023-04-09 10:56:43,589] {taskinstance.py:1358} INFO - 
--------------------------------------------------------------------------------
[2023-04-09 10:56:43,621] {taskinstance.py:1377} INFO - Executing <Task(BranchPythonOperator): to_attack_ProjectedGradientDescent> on 2023-04-09 10:56:30.467423+00:00
[2023-04-09 10:56:43,632] {standard_task_runner.py:52} INFO - Started process 10148 to run task
[2023-04-09 10:56:43,641] {standard_task_runner.py:79} INFO - Running: ['***', 'tasks', 'run', 'multi_attack_dag', 'to_attack_ProjectedGradientDescent', 'manual__2023-04-09T10:56:30.467423+00:00', '--job-id', '4908', '--raw', '--subdir', 'DAGS_FOLDER/attack_dag.py', '--cfg-path', '/tmp/tmpioqyw8at', '--error-file', '/tmp/tmpm6mees_9']
[2023-04-09 10:56:43,643] {standard_task_runner.py:80} INFO - Job 4908: Subtask to_attack_ProjectedGradientDescent
[2023-04-09 10:56:43,764] {task_command.py:369} INFO - Running <TaskInstance: multi_attack_dag.to_attack_ProjectedGradientDescent manual__2023-04-09T10:56:30.467423+00:00 [running]> on host ff3d40af78f9
[2023-04-09 10:56:43,895] {taskinstance.py:1571} INFO - Exporting the following env vars:
AIRFLOW_CTX_DAG_OWNER=***
AIRFLOW_CTX_DAG_ID=multi_attack_dag
AIRFLOW_CTX_TASK_ID=to_attack_ProjectedGradientDescent
AIRFLOW_CTX_EXECUTION_DATE=2023-04-09T10:56:30.467423+00:00
AIRFLOW_CTX_TRY_NUMBER=1
AIRFLOW_CTX_DAG_RUN_ID=manual__2023-04-09T10:56:30.467423+00:00
[2023-04-09 10:56:43,917] {python.py:173} INFO - Done. Returned value was: attack_ProjectedGradientDescent
[2023-04-09 10:56:43,918] {skipmixin.py:140} INFO - Following branch attack_ProjectedGradientDescent
[2023-04-09 10:56:43,919] {skipmixin.py:175} INFO - Skipping tasks ['default']
[2023-04-09 10:56:44,021] {taskinstance.py:1400} INFO - Marking task as SUCCESS. dag_id=multi_attack_dag, task_id=to_attack_ProjectedGradientDescent, execution_date=20230409T105630, start_date=20230409T105643, end_date=20230409T105644
[2023-04-09 10:56:44,057] {local_task_job.py:156} INFO - Task exited with return code 0
[2023-04-09 10:56:44,153] {local_task_job.py:273} INFO - 1 downstream tasks scheduled from follow-on schedule check
