[2023-03-16 11:30:13,364] {taskinstance.py:1159} INFO - Dependencies all met for <TaskInstance: defence_dag.defence1 manual__2023-03-16T11:30:09.295863+00:00 [queued]>
[2023-03-16 11:30:13,377] {taskinstance.py:1159} INFO - Dependencies all met for <TaskInstance: defence_dag.defence1 manual__2023-03-16T11:30:09.295863+00:00 [queued]>
[2023-03-16 11:30:13,378] {taskinstance.py:1356} INFO - 
--------------------------------------------------------------------------------
[2023-03-16 11:30:13,378] {taskinstance.py:1357} INFO - Starting attempt 1 of 1
[2023-03-16 11:30:13,379] {taskinstance.py:1358} INFO - 
--------------------------------------------------------------------------------
[2023-03-16 11:30:13,396] {taskinstance.py:1377} INFO - Executing <Task(PythonOperator): defence1> on 2023-03-16 11:30:09.295863+00:00
[2023-03-16 11:30:13,400] {standard_task_runner.py:52} INFO - Started process 406 to run task
[2023-03-16 11:30:13,403] {standard_task_runner.py:79} INFO - Running: ['***', 'tasks', 'run', 'defence_dag', 'defence1', 'manual__2023-03-16T11:30:09.295863+00:00', '--job-id', '802', '--raw', '--subdir', 'DAGS_FOLDER/defese.py', '--cfg-path', '/tmp/tmpw93ke350', '--error-file', '/tmp/tmptp8xq9_1']
[2023-03-16 11:30:13,404] {standard_task_runner.py:80} INFO - Job 802: Subtask defence1
[2023-03-16 11:30:13,464] {task_command.py:369} INFO - Running <TaskInstance: defence_dag.defence1 manual__2023-03-16T11:30:09.295863+00:00 [running]> on host 596adcca7378
[2023-03-16 11:30:13,550] {taskinstance.py:1571} INFO - Exporting the following env vars:
AIRFLOW_CTX_DAG_OWNER=***
AIRFLOW_CTX_DAG_ID=defence_dag
AIRFLOW_CTX_TASK_ID=defence1
AIRFLOW_CTX_EXECUTION_DATE=2023-03-16T11:30:09.295863+00:00
AIRFLOW_CTX_TRY_NUMBER=1
AIRFLOW_CTX_DAG_RUN_ID=manual__2023-03-16T11:30:09.295863+00:00
[2023-03-16 11:30:13,552] {logging_mixin.py:115} INFO - defensing
[2023-03-16 11:30:13,552] {python.py:173} INFO - Done. Returned value was: None
[2023-03-16 11:30:13,568] {taskinstance.py:1400} INFO - Marking task as SUCCESS. dag_id=defence_dag, task_id=defence1, execution_date=20230316T113009, start_date=20230316T113013, end_date=20230316T113013
[2023-03-16 11:30:13,616] {local_task_job.py:156} INFO - Task exited with return code 0
[2023-03-16 11:30:13,665] {local_task_job.py:273} INFO - 2 downstream tasks scheduled from follow-on schedule check
