[2023-03-12 15:52:47,081] {taskinstance.py:1159} INFO - Dependencies all met for <TaskInstance: defence_dag.storing manual__2023-03-12T15:52:46.061411+00:00 [queued]>
[2023-03-12 15:52:47,088] {taskinstance.py:1159} INFO - Dependencies all met for <TaskInstance: defence_dag.storing manual__2023-03-12T15:52:46.061411+00:00 [queued]>
[2023-03-12 15:52:47,089] {taskinstance.py:1356} INFO - 
--------------------------------------------------------------------------------
[2023-03-12 15:52:47,089] {taskinstance.py:1357} INFO - Starting attempt 1 of 1
[2023-03-12 15:52:47,090] {taskinstance.py:1358} INFO - 
--------------------------------------------------------------------------------
[2023-03-12 15:52:47,100] {taskinstance.py:1377} INFO - Executing <Task(BashOperator): storing> on 2023-03-12 15:52:46.061411+00:00
[2023-03-12 15:52:47,103] {standard_task_runner.py:52} INFO - Started process 159 to run task
[2023-03-12 15:52:47,105] {standard_task_runner.py:79} INFO - Running: ['***', 'tasks', 'run', 'defence_dag', 'storing', 'manual__2023-03-12T15:52:46.061411+00:00', '--job-id', '622', '--raw', '--subdir', 'DAGS_FOLDER/defese.py', '--cfg-path', '/tmp/tmp6kdq533q', '--error-file', '/tmp/tmpdngjfr7d']
[2023-03-12 15:52:47,106] {standard_task_runner.py:80} INFO - Job 622: Subtask storing
[2023-03-12 15:52:47,146] {task_command.py:369} INFO - Running <TaskInstance: defence_dag.storing manual__2023-03-12T15:52:46.061411+00:00 [running]> on host 596adcca7378
[2023-03-12 15:52:47,201] {taskinstance.py:1571} INFO - Exporting the following env vars:
AIRFLOW_CTX_DAG_OWNER=***
AIRFLOW_CTX_DAG_ID=defence_dag
AIRFLOW_CTX_TASK_ID=storing
AIRFLOW_CTX_EXECUTION_DATE=2023-03-12T15:52:46.061411+00:00
AIRFLOW_CTX_TRY_NUMBER=1
AIRFLOW_CTX_DAG_RUN_ID=manual__2023-03-12T15:52:46.061411+00:00
[2023-03-12 15:52:47,202] {subprocess.py:62} INFO - Tmp dir root location: 
 /tmp
[2023-03-12 15:52:47,203] {subprocess.py:74} INFO - Running command: ['bash', '-c', 'sleep 1']
[2023-03-12 15:52:47,209] {subprocess.py:85} INFO - Output:
[2023-03-12 15:52:48,211] {subprocess.py:96} INFO - Command exited with return code 0
[2023-03-12 15:52:48,250] {taskinstance.py:1400} INFO - Marking task as SUCCESS. dag_id=defence_dag, task_id=storing, execution_date=20230312T155246, start_date=20230312T155247, end_date=20230312T155248
[2023-03-12 15:52:48,282] {local_task_job.py:156} INFO - Task exited with return code 0
[2023-03-12 15:52:48,351] {local_task_job.py:273} INFO - 1 downstream tasks scheduled from follow-on schedule check
