[2023-04-09 11:30:36,027] {taskinstance.py:1159} INFO - Dependencies all met for <TaskInstance: multi_attack_dag.choose_best manual__2023-04-09T11:23:43.187301+00:00 [queued]>
[2023-04-09 11:30:36,049] {taskinstance.py:1159} INFO - Dependencies all met for <TaskInstance: multi_attack_dag.choose_best manual__2023-04-09T11:23:43.187301+00:00 [queued]>
[2023-04-09 11:30:36,050] {taskinstance.py:1356} INFO - 
--------------------------------------------------------------------------------
[2023-04-09 11:30:36,056] {taskinstance.py:1357} INFO - Starting attempt 1 of 2
[2023-04-09 11:30:36,057] {taskinstance.py:1358} INFO - 
--------------------------------------------------------------------------------
[2023-04-09 11:30:36,088] {taskinstance.py:1377} INFO - Executing <Task(PythonOperator): choose_best> on 2023-04-09 11:23:43.187301+00:00
[2023-04-09 11:30:36,103] {standard_task_runner.py:52} INFO - Started process 11546 to run task
[2023-04-09 11:30:36,109] {standard_task_runner.py:79} INFO - Running: ['***', 'tasks', 'run', 'multi_attack_dag', 'choose_best', 'manual__2023-04-09T11:23:43.187301+00:00', '--job-id', '4931', '--raw', '--subdir', 'DAGS_FOLDER/attack_dag.py', '--cfg-path', '/tmp/tmp69l855o9', '--error-file', '/tmp/tmpuig9afbi']
[2023-04-09 11:30:36,111] {standard_task_runner.py:80} INFO - Job 4931: Subtask choose_best
[2023-04-09 11:30:36,224] {task_command.py:369} INFO - Running <TaskInstance: multi_attack_dag.choose_best manual__2023-04-09T11:23:43.187301+00:00 [running]> on host ff3d40af78f9
[2023-04-09 11:30:36,386] {taskinstance.py:1571} INFO - Exporting the following env vars:
AIRFLOW_CTX_DAG_OWNER=***
AIRFLOW_CTX_DAG_ID=multi_attack_dag
AIRFLOW_CTX_TASK_ID=choose_best
AIRFLOW_CTX_EXECUTION_DATE=2023-04-09T11:23:43.187301+00:00
AIRFLOW_CTX_TRY_NUMBER=1
AIRFLOW_CTX_DAG_RUN_ID=manual__2023-04-09T11:23:43.187301+00:00
[2023-04-09 11:30:36,441] {transport.py:157} INFO - Attempting refresh to obtain initial access_token
[2023-04-09 11:30:36,450] {client.py:777} INFO - Refreshing access_token
[2023-04-09 11:30:37,297] {transport.py:157} INFO - Attempting refresh to obtain initial access_token
[2023-04-09 11:30:37,301] {client.py:777} INFO - Refreshing access_token
[2023-04-09 11:30:37,854] {transport.py:157} INFO - Attempting refresh to obtain initial access_token
[2023-04-09 11:30:37,857] {client.py:777} INFO - Refreshing access_token
[2023-04-09 11:30:38,349] {python.py:173} INFO - Done. Returned value was: None
[2023-04-09 11:30:38,367] {taskinstance.py:1400} INFO - Marking task as SUCCESS. dag_id=multi_attack_dag, task_id=choose_best, execution_date=20230409T112343, start_date=20230409T113036, end_date=20230409T113038
[2023-04-09 11:30:38,415] {local_task_job.py:156} INFO - Task exited with return code 0
[2023-04-09 11:30:38,457] {local_task_job.py:273} INFO - 1 downstream tasks scheduled from follow-on schedule check
