[2023-04-30 08:08:28,193] {taskinstance.py:1159} INFO - Dependencies all met for <TaskInstance: multi_attack_dag.to_attack_ProjectedGradientDescent manual__2023-04-30T08:08:12.016220+00:00 [queued]>
[2023-04-30 08:08:28,221] {taskinstance.py:1159} INFO - Dependencies all met for <TaskInstance: multi_attack_dag.to_attack_ProjectedGradientDescent manual__2023-04-30T08:08:12.016220+00:00 [queued]>
[2023-04-30 08:08:28,222] {taskinstance.py:1356} INFO - 
--------------------------------------------------------------------------------
[2023-04-30 08:08:28,223] {taskinstance.py:1357} INFO - Starting attempt 1 of 2
[2023-04-30 08:08:28,224] {taskinstance.py:1358} INFO - 
--------------------------------------------------------------------------------
[2023-04-30 08:08:28,288] {taskinstance.py:1377} INFO - Executing <Task(BranchPythonOperator): to_attack_ProjectedGradientDescent> on 2023-04-30 08:08:12.016220+00:00
[2023-04-30 08:08:28,317] {standard_task_runner.py:52} INFO - Started process 895 to run task
[2023-04-30 08:08:28,337] {standard_task_runner.py:79} INFO - Running: ['***', 'tasks', 'run', 'multi_attack_dag', 'to_attack_ProjectedGradientDescent', 'manual__2023-04-30T08:08:12.016220+00:00', '--job-id', '7135', '--raw', '--subdir', 'DAGS_FOLDER/attack_dag.py', '--cfg-path', '/tmp/tmpltpy7j3q', '--error-file', '/tmp/tmptwr86gji']
[2023-04-30 08:08:28,347] {standard_task_runner.py:80} INFO - Job 7135: Subtask to_attack_ProjectedGradientDescent
[2023-04-30 08:08:28,543] {task_command.py:369} INFO - Running <TaskInstance: multi_attack_dag.to_attack_ProjectedGradientDescent manual__2023-04-30T08:08:12.016220+00:00 [running]> on host e7e31d5a6603
[2023-04-30 08:08:28,946] {taskinstance.py:1571} INFO - Exporting the following env vars:
AIRFLOW_CTX_DAG_OWNER=***
AIRFLOW_CTX_DAG_ID=multi_attack_dag
AIRFLOW_CTX_TASK_ID=to_attack_ProjectedGradientDescent
AIRFLOW_CTX_EXECUTION_DATE=2023-04-30T08:08:12.016220+00:00
AIRFLOW_CTX_TRY_NUMBER=1
AIRFLOW_CTX_DAG_RUN_ID=manual__2023-04-30T08:08:12.016220+00:00
[2023-04-30 08:08:28,973] {python.py:173} INFO - Done. Returned value was: attack_ProjectedGradientDescent
[2023-04-30 08:08:28,979] {skipmixin.py:140} INFO - Following branch attack_ProjectedGradientDescent
[2023-04-30 08:08:28,980] {skipmixin.py:175} INFO - Skipping tasks ['default_attack']
[2023-04-30 08:08:29,157] {taskinstance.py:1400} INFO - Marking task as SUCCESS. dag_id=multi_attack_dag, task_id=to_attack_ProjectedGradientDescent, execution_date=20230430T080812, start_date=20230430T080828, end_date=20230430T080829
[2023-04-30 08:08:29,248] {local_task_job.py:156} INFO - Task exited with return code 0
[2023-04-30 08:08:29,558] {local_task_job.py:273} INFO - 1 downstream tasks scheduled from follow-on schedule check
