[2023-03-23 15:48:38,648] {taskinstance.py:1159} INFO - Dependencies all met for <TaskInstance: multi_attack_dag.attack3 manual__2023-03-23T15:48:21.866946+00:00 [queued]>
[2023-03-23 15:48:38,691] {taskinstance.py:1159} INFO - Dependencies all met for <TaskInstance: multi_attack_dag.attack3 manual__2023-03-23T15:48:21.866946+00:00 [queued]>
[2023-03-23 15:48:38,693] {taskinstance.py:1356} INFO - 
--------------------------------------------------------------------------------
[2023-03-23 15:48:38,695] {taskinstance.py:1357} INFO - Starting attempt 1 of 2
[2023-03-23 15:48:38,696] {taskinstance.py:1358} INFO - 
--------------------------------------------------------------------------------
[2023-03-23 15:48:38,744] {taskinstance.py:1377} INFO - Executing <Task(PythonOperator): attack3> on 2023-03-23 15:48:21.866946+00:00
[2023-03-23 15:48:38,759] {standard_task_runner.py:52} INFO - Started process 13929 to run task
[2023-03-23 15:48:38,774] {standard_task_runner.py:79} INFO - Running: ['***', 'tasks', 'run', 'multi_attack_dag', 'attack3', 'manual__2023-03-23T15:48:21.866946+00:00', '--job-id', '3573', '--raw', '--subdir', 'DAGS_FOLDER/attack_dag.py', '--cfg-path', '/tmp/tmpvn65vi2b', '--error-file', '/tmp/tmp_srp07yh']
[2023-03-23 15:48:38,780] {standard_task_runner.py:80} INFO - Job 3573: Subtask attack3
[2023-03-23 15:48:39,095] {task_command.py:369} INFO - Running <TaskInstance: multi_attack_dag.attack3 manual__2023-03-23T15:48:21.866946+00:00 [running]> on host 6447f1dacd32
[2023-03-23 15:48:39,443] {taskinstance.py:1571} INFO - Exporting the following env vars:
AIRFLOW_CTX_DAG_OWNER=***
AIRFLOW_CTX_DAG_ID=multi_attack_dag
AIRFLOW_CTX_TASK_ID=attack3
AIRFLOW_CTX_EXECUTION_DATE=2023-03-23T15:48:21.866946+00:00
AIRFLOW_CTX_TRY_NUMBER=1
AIRFLOW_CTX_DAG_RUN_ID=manual__2023-03-23T15:48:21.866946+00:00
[2023-03-23 15:48:39,515] {python.py:173} INFO - Done. Returned value was: None
[2023-03-23 15:48:39,587] {taskinstance.py:1400} INFO - Marking task as SUCCESS. dag_id=multi_attack_dag, task_id=attack3, execution_date=20230323T154821, start_date=20230323T154838, end_date=20230323T154839
[2023-03-23 15:48:39,675] {local_task_job.py:156} INFO - Task exited with return code 0
[2023-03-23 15:48:40,027] {local_task_job.py:273} INFO - 0 downstream tasks scheduled from follow-on schedule check
