[2023-04-23 09:34:43,304] {taskinstance.py:1159} INFO - Dependencies all met for <TaskInstance: multi_defence_dag.trigger_offence manual__2023-04-23T09:34:14.574284+00:00 [queued]>
[2023-04-23 09:34:43,316] {taskinstance.py:1159} INFO - Dependencies all met for <TaskInstance: multi_defence_dag.trigger_offence manual__2023-04-23T09:34:14.574284+00:00 [queued]>
[2023-04-23 09:34:43,317] {taskinstance.py:1356} INFO - 
--------------------------------------------------------------------------------
[2023-04-23 09:34:43,317] {taskinstance.py:1357} INFO - Starting attempt 1 of 2
[2023-04-23 09:34:43,318] {taskinstance.py:1358} INFO - 
--------------------------------------------------------------------------------
[2023-04-23 09:34:43,330] {taskinstance.py:1377} INFO - Executing <Task(TriggerDagRunOperator): trigger_offence> on 2023-04-23 09:34:14.574284+00:00
[2023-04-23 09:34:43,337] {standard_task_runner.py:52} INFO - Started process 1106 to run task
[2023-04-23 09:34:43,340] {standard_task_runner.py:79} INFO - Running: ['***', 'tasks', 'run', 'multi_defence_dag', 'trigger_offence', 'manual__2023-04-23T09:34:14.574284+00:00', '--job-id', '6090', '--raw', '--subdir', 'DAGS_FOLDER/defence_dag.py', '--cfg-path', '/tmp/tmp7m1id5cz', '--error-file', '/tmp/tmpd0zv0x0w']
[2023-04-23 09:34:43,341] {standard_task_runner.py:80} INFO - Job 6090: Subtask trigger_offence
[2023-04-23 09:34:43,388] {task_command.py:369} INFO - Running <TaskInstance: multi_defence_dag.trigger_offence manual__2023-04-23T09:34:14.574284+00:00 [running]> on host a3dd7d962104
[2023-04-23 09:34:43,451] {taskinstance.py:1571} INFO - Exporting the following env vars:
AIRFLOW_CTX_DAG_OWNER=***
AIRFLOW_CTX_DAG_ID=multi_defence_dag
AIRFLOW_CTX_TASK_ID=trigger_offence
AIRFLOW_CTX_EXECUTION_DATE=2023-04-23T09:34:14.574284+00:00
AIRFLOW_CTX_TRY_NUMBER=1
AIRFLOW_CTX_DAG_RUN_ID=manual__2023-04-23T09:34:14.574284+00:00
[2023-04-23 09:34:44,119] {taskinstance.py:1400} INFO - Marking task as SUCCESS. dag_id=multi_defence_dag, task_id=trigger_offence, execution_date=20230423T093414, start_date=20230423T093443, end_date=20230423T093444
[2023-04-23 09:34:44,157] {local_task_job.py:156} INFO - Task exited with return code 0
[2023-04-23 09:34:44,185] {local_task_job.py:273} INFO - 0 downstream tasks scheduled from follow-on schedule check
