[2023-03-23 15:10:01,009] {taskinstance.py:1159} INFO - Dependencies all met for <TaskInstance: multi_defence_dag.Defence1 manual__2023-03-23T15:08:47.614322+00:00 [queued]>
[2023-03-23 15:10:01,119] {taskinstance.py:1159} INFO - Dependencies all met for <TaskInstance: multi_defence_dag.Defence1 manual__2023-03-23T15:08:47.614322+00:00 [queued]>
[2023-03-23 15:10:01,122] {taskinstance.py:1356} INFO - 
--------------------------------------------------------------------------------
[2023-03-23 15:10:01,127] {taskinstance.py:1357} INFO - Starting attempt 1 of 2
[2023-03-23 15:10:01,129] {taskinstance.py:1358} INFO - 
--------------------------------------------------------------------------------
[2023-03-23 15:10:01,250] {taskinstance.py:1377} INFO - Executing <Task(PythonOperator): Defence1> on 2023-03-23 15:08:47.614322+00:00
[2023-03-23 15:10:01,292] {standard_task_runner.py:52} INFO - Started process 11403 to run task
[2023-03-23 15:10:01,315] {standard_task_runner.py:79} INFO - Running: ['***', 'tasks', 'run', 'multi_defence_dag', 'Defence1', 'manual__2023-03-23T15:08:47.614322+00:00', '--job-id', '2821', '--raw', '--subdir', 'DAGS_FOLDER/defence_dag.py', '--cfg-path', '/tmp/tmp2eclbo32', '--error-file', '/tmp/tmp7z_u4xi8']
[2023-03-23 15:10:01,353] {standard_task_runner.py:80} INFO - Job 2821: Subtask Defence1
[2023-03-23 15:10:01,956] {task_command.py:369} INFO - Running <TaskInstance: multi_defence_dag.Defence1 manual__2023-03-23T15:08:47.614322+00:00 [running]> on host 6447f1dacd32
[2023-03-23 15:10:02,733] {taskinstance.py:1571} INFO - Exporting the following env vars:
AIRFLOW_CTX_DAG_OWNER=***
AIRFLOW_CTX_DAG_ID=multi_defence_dag
AIRFLOW_CTX_TASK_ID=Defence1
AIRFLOW_CTX_EXECUTION_DATE=2023-03-23T15:08:47.614322+00:00
AIRFLOW_CTX_TRY_NUMBER=1
AIRFLOW_CTX_DAG_RUN_ID=manual__2023-03-23T15:08:47.614322+00:00
[2023-03-23 15:10:02,934] {python.py:173} INFO - Done. Returned value was: None
[2023-03-23 15:10:03,126] {taskinstance.py:1400} INFO - Marking task as SUCCESS. dag_id=multi_defence_dag, task_id=Defence1, execution_date=20230323T150847, start_date=20230323T151001, end_date=20230323T151003
[2023-03-23 15:10:03,325] {local_task_job.py:156} INFO - Task exited with return code 0
[2023-03-23 15:10:04,326] {local_task_job.py:273} INFO - 0 downstream tasks scheduled from follow-on schedule check
