[2023-04-16 15:31:17,688] {taskinstance.py:1159} INFO - Dependencies all met for <TaskInstance: multi_attack_dag.to_attack_BasicIterativeMethod manual__2023-04-16T15:30:45.711552+00:00 [queued]>
[2023-04-16 15:31:17,728] {taskinstance.py:1159} INFO - Dependencies all met for <TaskInstance: multi_attack_dag.to_attack_BasicIterativeMethod manual__2023-04-16T15:30:45.711552+00:00 [queued]>
[2023-04-16 15:31:17,728] {taskinstance.py:1356} INFO - 
--------------------------------------------------------------------------------
[2023-04-16 15:31:17,735] {taskinstance.py:1357} INFO - Starting attempt 1 of 2
[2023-04-16 15:31:17,736] {taskinstance.py:1358} INFO - 
--------------------------------------------------------------------------------
[2023-04-16 15:31:17,797] {taskinstance.py:1377} INFO - Executing <Task(BranchPythonOperator): to_attack_BasicIterativeMethod> on 2023-04-16 15:30:45.711552+00:00
[2023-04-16 15:31:17,827] {standard_task_runner.py:52} INFO - Started process 111 to run task
[2023-04-16 15:31:17,896] {standard_task_runner.py:79} INFO - Running: ['***', 'tasks', 'run', 'multi_attack_dag', 'to_attack_BasicIterativeMethod', 'manual__2023-04-16T15:30:45.711552+00:00', '--job-id', '5235', '--raw', '--subdir', 'DAGS_FOLDER/attack_dag.py', '--cfg-path', '/tmp/tmp_digyd82', '--error-file', '/tmp/tmppy8pxp8l']
[2023-04-16 15:31:17,897] {standard_task_runner.py:80} INFO - Job 5235: Subtask to_attack_BasicIterativeMethod
[2023-04-16 15:31:18,159] {task_command.py:369} INFO - Running <TaskInstance: multi_attack_dag.to_attack_BasicIterativeMethod manual__2023-04-16T15:30:45.711552+00:00 [running]> on host c5458bb8a35c
[2023-04-16 15:31:18,496] {taskinstance.py:1571} INFO - Exporting the following env vars:
AIRFLOW_CTX_DAG_OWNER=***
AIRFLOW_CTX_DAG_ID=multi_attack_dag
AIRFLOW_CTX_TASK_ID=to_attack_BasicIterativeMethod
AIRFLOW_CTX_EXECUTION_DATE=2023-04-16T15:30:45.711552+00:00
AIRFLOW_CTX_TRY_NUMBER=1
AIRFLOW_CTX_DAG_RUN_ID=manual__2023-04-16T15:30:45.711552+00:00
[2023-04-16 15:31:18,567] {python.py:173} INFO - Done. Returned value was: attack_BasicIterativeMethod
[2023-04-16 15:31:18,568] {skipmixin.py:140} INFO - Following branch attack_BasicIterativeMethod
[2023-04-16 15:31:18,569] {skipmixin.py:175} INFO - Skipping tasks ['default']
[2023-04-16 15:31:18,959] {taskinstance.py:1400} INFO - Marking task as SUCCESS. dag_id=multi_attack_dag, task_id=to_attack_BasicIterativeMethod, execution_date=20230416T153045, start_date=20230416T153117, end_date=20230416T153118
[2023-04-16 15:31:19,108] {local_task_job.py:156} INFO - Task exited with return code 0
[2023-04-16 15:31:19,446] {local_task_job.py:273} INFO - 1 downstream tasks scheduled from follow-on schedule check
