[2023-04-09 08:50:06,699] {taskinstance.py:1159} INFO - Dependencies all met for <TaskInstance: multi_defence_dag.to_defend manual__2023-04-09T08:49:37.758189+00:00 [queued]>
[2023-04-09 08:50:06,721] {taskinstance.py:1159} INFO - Dependencies all met for <TaskInstance: multi_defence_dag.to_defend manual__2023-04-09T08:49:37.758189+00:00 [queued]>
[2023-04-09 08:50:06,722] {taskinstance.py:1356} INFO - 
--------------------------------------------------------------------------------
[2023-04-09 08:50:06,723] {taskinstance.py:1357} INFO - Starting attempt 1 of 2
[2023-04-09 08:50:06,724] {taskinstance.py:1358} INFO - 
--------------------------------------------------------------------------------
[2023-04-09 08:50:06,757] {taskinstance.py:1377} INFO - Executing <Task(BranchPythonOperator): to_defend> on 2023-04-09 08:49:37.758189+00:00
[2023-04-09 08:50:06,782] {standard_task_runner.py:52} INFO - Started process 5321 to run task
[2023-04-09 08:50:06,791] {standard_task_runner.py:79} INFO - Running: ['***', 'tasks', 'run', 'multi_defence_dag', 'to_defend', 'manual__2023-04-09T08:49:37.758189+00:00', '--job-id', '4874', '--raw', '--subdir', 'DAGS_FOLDER/defence_dag.py', '--cfg-path', '/tmp/tmp5l_e85t7', '--error-file', '/tmp/tmpkmhkq91n']
[2023-04-09 08:50:06,793] {standard_task_runner.py:80} INFO - Job 4874: Subtask to_defend
[2023-04-09 08:50:06,946] {task_command.py:369} INFO - Running <TaskInstance: multi_defence_dag.to_defend manual__2023-04-09T08:49:37.758189+00:00 [running]> on host ff3d40af78f9
[2023-04-09 08:50:07,113] {taskinstance.py:1571} INFO - Exporting the following env vars:
AIRFLOW_CTX_DAG_OWNER=***
AIRFLOW_CTX_DAG_ID=multi_defence_dag
AIRFLOW_CTX_TASK_ID=to_defend
AIRFLOW_CTX_EXECUTION_DATE=2023-04-09T08:49:37.758189+00:00
AIRFLOW_CTX_TRY_NUMBER=1
AIRFLOW_CTX_DAG_RUN_ID=manual__2023-04-09T08:49:37.758189+00:00
[2023-04-09 08:50:07,121] {transport.py:157} INFO - Attempting refresh to obtain initial access_token
[2023-04-09 08:50:07,126] {client.py:777} INFO - Refreshing access_token
[2023-04-09 08:50:08,200] {python.py:173} INFO - Done. Returned value was: stop
[2023-04-09 08:50:08,201] {skipmixin.py:140} INFO - Following branch stop
[2023-04-09 08:50:08,203] {skipmixin.py:175} INFO - Skipping tasks ['trigger_offence']
[2023-04-09 08:50:08,307] {taskinstance.py:1400} INFO - Marking task as SUCCESS. dag_id=multi_defence_dag, task_id=to_defend, execution_date=20230409T084937, start_date=20230409T085006, end_date=20230409T085008
[2023-04-09 08:50:08,372] {local_task_job.py:156} INFO - Task exited with return code 0
[2023-04-09 08:50:08,490] {local_task_job.py:273} INFO - 0 downstream tasks scheduled from follow-on schedule check
