[2023-04-27 09:24:25,776] {taskinstance.py:1159} INFO - Dependencies all met for <TaskInstance: multi_attack_dag.to_attack_UniversalPerturbation manual__2023-04-27T09:23:14.509759+00:00 [queued]>
[2023-04-27 09:24:25,935] {taskinstance.py:1159} INFO - Dependencies all met for <TaskInstance: multi_attack_dag.to_attack_UniversalPerturbation manual__2023-04-27T09:23:14.509759+00:00 [queued]>
[2023-04-27 09:24:25,943] {taskinstance.py:1356} INFO - 
--------------------------------------------------------------------------------
[2023-04-27 09:24:25,966] {taskinstance.py:1357} INFO - Starting attempt 1 of 2
[2023-04-27 09:24:25,967] {taskinstance.py:1358} INFO - 
--------------------------------------------------------------------------------
[2023-04-27 09:24:26,142] {taskinstance.py:1377} INFO - Executing <Task(BranchPythonOperator): to_attack_UniversalPerturbation> on 2023-04-27 09:23:14.509759+00:00
[2023-04-27 09:24:26,198] {standard_task_runner.py:52} INFO - Started process 3433 to run task
[2023-04-27 09:24:26,274] {standard_task_runner.py:79} INFO - Running: ['***', 'tasks', 'run', 'multi_attack_dag', 'to_attack_UniversalPerturbation', 'manual__2023-04-27T09:23:14.509759+00:00', '--job-id', '6503', '--raw', '--subdir', 'DAGS_FOLDER/attack_dag.py', '--cfg-path', '/tmp/tmp1sq_7ln3', '--error-file', '/tmp/tmp086nhnv8']
[2023-04-27 09:24:26,281] {standard_task_runner.py:80} INFO - Job 6503: Subtask to_attack_UniversalPerturbation
[2023-04-27 09:24:26,838] {task_command.py:369} INFO - Running <TaskInstance: multi_attack_dag.to_attack_UniversalPerturbation manual__2023-04-27T09:23:14.509759+00:00 [running]> on host e7e31d5a6603
[2023-04-27 09:24:27,847] {taskinstance.py:1571} INFO - Exporting the following env vars:
AIRFLOW_CTX_DAG_OWNER=***
AIRFLOW_CTX_DAG_ID=multi_attack_dag
AIRFLOW_CTX_TASK_ID=to_attack_UniversalPerturbation
AIRFLOW_CTX_EXECUTION_DATE=2023-04-27T09:23:14.509759+00:00
AIRFLOW_CTX_TRY_NUMBER=1
AIRFLOW_CTX_DAG_RUN_ID=manual__2023-04-27T09:23:14.509759+00:00
[2023-04-27 09:24:27,926] {python.py:173} INFO - Done. Returned value was: attack_UniversalPerturbation
[2023-04-27 09:24:27,929] {skipmixin.py:140} INFO - Following branch attack_UniversalPerturbation
[2023-04-27 09:24:27,930] {skipmixin.py:175} INFO - Skipping tasks ['default']
[2023-04-27 09:24:28,687] {taskinstance.py:1400} INFO - Marking task as SUCCESS. dag_id=multi_attack_dag, task_id=to_attack_UniversalPerturbation, execution_date=20230427T092314, start_date=20230427T092425, end_date=20230427T092428
[2023-04-27 09:24:28,819] {local_task_job.py:156} INFO - Task exited with return code 0
[2023-04-27 09:24:29,491] {local_task_job.py:273} INFO - 1 downstream tasks scheduled from follow-on schedule check
