[2023-04-23 09:18:48,473] {taskinstance.py:1159} INFO - Dependencies all met for <TaskInstance: multi_defence_dag.choose_best manual__2023-04-23T09:18:27.312840+00:00 [queued]>
[2023-04-23 09:18:48,498] {taskinstance.py:1159} INFO - Dependencies all met for <TaskInstance: multi_defence_dag.choose_best manual__2023-04-23T09:18:27.312840+00:00 [queued]>
[2023-04-23 09:18:48,499] {taskinstance.py:1356} INFO - 
--------------------------------------------------------------------------------
[2023-04-23 09:18:48,501] {taskinstance.py:1357} INFO - Starting attempt 1 of 2
[2023-04-23 09:18:48,502] {taskinstance.py:1358} INFO - 
--------------------------------------------------------------------------------
[2023-04-23 09:18:48,535] {taskinstance.py:1377} INFO - Executing <Task(PythonOperator): choose_best> on 2023-04-23 09:18:27.312840+00:00
[2023-04-23 09:18:48,549] {standard_task_runner.py:52} INFO - Started process 133 to run task
[2023-04-23 09:18:48,557] {standard_task_runner.py:79} INFO - Running: ['***', 'tasks', 'run', 'multi_defence_dag', 'choose_best', 'manual__2023-04-23T09:18:27.312840+00:00', '--job-id', '6010', '--raw', '--subdir', 'DAGS_FOLDER/defence_dag.py', '--cfg-path', '/tmp/tmpmx0adn38', '--error-file', '/tmp/tmpihpv9m_n']
[2023-04-23 09:18:48,559] {standard_task_runner.py:80} INFO - Job 6010: Subtask choose_best
[2023-04-23 09:18:48,718] {task_command.py:369} INFO - Running <TaskInstance: multi_defence_dag.choose_best manual__2023-04-23T09:18:27.312840+00:00 [running]> on host a3dd7d962104
[2023-04-23 09:18:48,846] {taskinstance.py:1571} INFO - Exporting the following env vars:
AIRFLOW_CTX_DAG_OWNER=***
AIRFLOW_CTX_DAG_ID=multi_defence_dag
AIRFLOW_CTX_TASK_ID=choose_best
AIRFLOW_CTX_EXECUTION_DATE=2023-04-23T09:18:27.312840+00:00
AIRFLOW_CTX_TRY_NUMBER=1
AIRFLOW_CTX_DAG_RUN_ID=manual__2023-04-23T09:18:27.312840+00:00
[2023-04-23 09:18:48,926] {transport.py:157} INFO - Attempting refresh to obtain initial access_token
[2023-04-23 09:18:48,929] {client.py:777} INFO - Refreshing access_token
[2023-04-23 09:18:49,781] {transport.py:157} INFO - Attempting refresh to obtain initial access_token
[2023-04-23 09:18:49,784] {client.py:777} INFO - Refreshing access_token
[2023-04-23 09:18:50,267] {python.py:173} INFO - Done. Returned value was: None
[2023-04-23 09:18:50,302] {taskinstance.py:1400} INFO - Marking task as SUCCESS. dag_id=multi_defence_dag, task_id=choose_best, execution_date=20230423T091827, start_date=20230423T091848, end_date=20230423T091850
[2023-04-23 09:18:50,376] {local_task_job.py:156} INFO - Task exited with return code 0
[2023-04-23 09:18:50,477] {local_task_job.py:273} INFO - 1 downstream tasks scheduled from follow-on schedule check
