[2023-03-16 11:30:33,641] {taskinstance.py:1159} INFO - Dependencies all met for <TaskInstance: defence_dag.trigger_offence manual__2023-03-16T11:30:27.357529+00:00 [queued]>
[2023-03-16 11:30:33,654] {taskinstance.py:1159} INFO - Dependencies all met for <TaskInstance: defence_dag.trigger_offence manual__2023-03-16T11:30:27.357529+00:00 [queued]>
[2023-03-16 11:30:33,654] {taskinstance.py:1356} INFO - 
--------------------------------------------------------------------------------
[2023-03-16 11:30:33,655] {taskinstance.py:1357} INFO - Starting attempt 1 of 1
[2023-03-16 11:30:33,655] {taskinstance.py:1358} INFO - 
--------------------------------------------------------------------------------
[2023-03-16 11:30:33,674] {taskinstance.py:1377} INFO - Executing <Task(TriggerDagRunOperator): trigger_offence> on 2023-03-16 11:30:27.357529+00:00
[2023-03-16 11:30:33,679] {standard_task_runner.py:52} INFO - Started process 534 to run task
[2023-03-16 11:30:33,683] {standard_task_runner.py:79} INFO - Running: ['***', 'tasks', 'run', 'defence_dag', 'trigger_offence', 'manual__2023-03-16T11:30:27.357529+00:00', '--job-id', '848', '--raw', '--subdir', 'DAGS_FOLDER/defese.py', '--cfg-path', '/tmp/tmp18am7j70', '--error-file', '/tmp/tmpwxi7zkpg']
[2023-03-16 11:30:33,684] {standard_task_runner.py:80} INFO - Job 848: Subtask trigger_offence
[2023-03-16 11:30:33,756] {task_command.py:369} INFO - Running <TaskInstance: defence_dag.trigger_offence manual__2023-03-16T11:30:27.357529+00:00 [running]> on host 596adcca7378
[2023-03-16 11:30:33,844] {taskinstance.py:1571} INFO - Exporting the following env vars:
AIRFLOW_CTX_DAG_OWNER=***
AIRFLOW_CTX_DAG_ID=defence_dag
AIRFLOW_CTX_TASK_ID=trigger_offence
AIRFLOW_CTX_EXECUTION_DATE=2023-03-16T11:30:27.357529+00:00
AIRFLOW_CTX_TRY_NUMBER=1
AIRFLOW_CTX_DAG_RUN_ID=manual__2023-03-16T11:30:27.357529+00:00
[2023-03-16 11:30:34,747] {taskinstance.py:1400} INFO - Marking task as SUCCESS. dag_id=defence_dag, task_id=trigger_offence, execution_date=20230316T113027, start_date=20230316T113033, end_date=20230316T113034
[2023-03-16 11:30:34,780] {local_task_job.py:156} INFO - Task exited with return code 0
[2023-03-16 11:30:34,827] {local_task_job.py:273} INFO - 0 downstream tasks scheduled from follow-on schedule check
