[2023-03-19 12:07:25,601] {taskinstance.py:1159} INFO - Dependencies all met for <TaskInstance: defence_dag2.storing manual__2023-03-19T12:07:24.956724+00:00 [queued]>
[2023-03-19 12:07:25,608] {taskinstance.py:1159} INFO - Dependencies all met for <TaskInstance: defence_dag2.storing manual__2023-03-19T12:07:24.956724+00:00 [queued]>
[2023-03-19 12:07:25,608] {taskinstance.py:1356} INFO - 
--------------------------------------------------------------------------------
[2023-03-19 12:07:25,609] {taskinstance.py:1357} INFO - Starting attempt 1 of 1
[2023-03-19 12:07:25,610] {taskinstance.py:1358} INFO - 
--------------------------------------------------------------------------------
[2023-03-19 12:07:25,621] {taskinstance.py:1377} INFO - Executing <Task(BashOperator): storing> on 2023-03-19 12:07:24.956724+00:00
[2023-03-19 12:07:25,625] {standard_task_runner.py:52} INFO - Started process 133 to run task
[2023-03-19 12:07:25,627] {standard_task_runner.py:79} INFO - Running: ['***', 'tasks', 'run', 'defence_dag2', 'storing', 'manual__2023-03-19T12:07:24.956724+00:00', '--job-id', '1666', '--raw', '--subdir', 'DAGS_FOLDER/defese.py', '--cfg-path', '/tmp/tmpr9fdtweb', '--error-file', '/tmp/tmp5q3jk928']
[2023-03-19 12:07:25,628] {standard_task_runner.py:80} INFO - Job 1666: Subtask storing
[2023-03-19 12:07:25,676] {task_command.py:369} INFO - Running <TaskInstance: defence_dag2.storing manual__2023-03-19T12:07:24.956724+00:00 [running]> on host de4be3e36311
[2023-03-19 12:07:25,737] {taskinstance.py:1571} INFO - Exporting the following env vars:
AIRFLOW_CTX_DAG_OWNER=***
AIRFLOW_CTX_DAG_ID=defence_dag2
AIRFLOW_CTX_TASK_ID=storing
AIRFLOW_CTX_EXECUTION_DATE=2023-03-19T12:07:24.956724+00:00
AIRFLOW_CTX_TRY_NUMBER=1
AIRFLOW_CTX_DAG_RUN_ID=manual__2023-03-19T12:07:24.956724+00:00
[2023-03-19 12:07:25,738] {subprocess.py:62} INFO - Tmp dir root location: 
 /tmp
[2023-03-19 12:07:25,739] {subprocess.py:74} INFO - Running command: ['bash', '-c', 'sleep 1']
[2023-03-19 12:07:25,746] {subprocess.py:85} INFO - Output:
[2023-03-19 12:07:26,748] {subprocess.py:96} INFO - Command exited with return code 0
[2023-03-19 12:07:26,770] {taskinstance.py:1400} INFO - Marking task as SUCCESS. dag_id=defence_dag2, task_id=storing, execution_date=20230319T120724, start_date=20230319T120725, end_date=20230319T120726
[2023-03-19 12:07:26,809] {local_task_job.py:156} INFO - Task exited with return code 0
[2023-03-19 12:07:26,849] {local_task_job.py:273} INFO - 1 downstream tasks scheduled from follow-on schedule check
