[2023-03-12 15:50:41,686] {taskinstance.py:1159} INFO - Dependencies all met for <TaskInstance: defence_dag.storing manual__2023-03-12T15:50:39.492726+00:00 [queued]>
[2023-03-12 15:50:41,698] {taskinstance.py:1159} INFO - Dependencies all met for <TaskInstance: defence_dag.storing manual__2023-03-12T15:50:39.492726+00:00 [queued]>
[2023-03-12 15:50:41,699] {taskinstance.py:1356} INFO - 
--------------------------------------------------------------------------------
[2023-03-12 15:50:41,699] {taskinstance.py:1357} INFO - Starting attempt 1 of 1
[2023-03-12 15:50:41,700] {taskinstance.py:1358} INFO - 
--------------------------------------------------------------------------------
[2023-03-12 15:50:41,728] {taskinstance.py:1377} INFO - Executing <Task(BashOperator): storing> on 2023-03-12 15:50:39.492726+00:00
[2023-03-12 15:50:41,734] {standard_task_runner.py:52} INFO - Started process 112 to run task
[2023-03-12 15:50:41,738] {standard_task_runner.py:79} INFO - Running: ['***', 'tasks', 'run', 'defence_dag', 'storing', 'manual__2023-03-12T15:50:39.492726+00:00', '--job-id', '580', '--raw', '--subdir', 'DAGS_FOLDER/defese.py', '--cfg-path', '/tmp/tmpt6gufnq0', '--error-file', '/tmp/tmp1rn9b4ll']
[2023-03-12 15:50:41,739] {standard_task_runner.py:80} INFO - Job 580: Subtask storing
[2023-03-12 15:50:41,822] {task_command.py:369} INFO - Running <TaskInstance: defence_dag.storing manual__2023-03-12T15:50:39.492726+00:00 [running]> on host 596adcca7378
[2023-03-12 15:50:41,909] {taskinstance.py:1571} INFO - Exporting the following env vars:
AIRFLOW_CTX_DAG_OWNER=***
AIRFLOW_CTX_DAG_ID=defence_dag
AIRFLOW_CTX_TASK_ID=storing
AIRFLOW_CTX_EXECUTION_DATE=2023-03-12T15:50:39.492726+00:00
AIRFLOW_CTX_TRY_NUMBER=1
AIRFLOW_CTX_DAG_RUN_ID=manual__2023-03-12T15:50:39.492726+00:00
[2023-03-12 15:50:41,910] {subprocess.py:62} INFO - Tmp dir root location: 
 /tmp
[2023-03-12 15:50:41,911] {subprocess.py:74} INFO - Running command: ['bash', '-c', 'sleep 1']
[2023-03-12 15:50:41,921] {subprocess.py:85} INFO - Output:
[2023-03-12 15:50:42,924] {subprocess.py:96} INFO - Command exited with return code 0
[2023-03-12 15:50:42,952] {taskinstance.py:1400} INFO - Marking task as SUCCESS. dag_id=defence_dag, task_id=storing, execution_date=20230312T155039, start_date=20230312T155041, end_date=20230312T155042
[2023-03-12 15:50:42,997] {local_task_job.py:156} INFO - Task exited with return code 0
[2023-03-12 15:50:43,032] {local_task_job.py:273} INFO - 1 downstream tasks scheduled from follow-on schedule check
