[2023-04-27 12:26:16,133] {taskinstance.py:1159} INFO - Dependencies all met for <TaskInstance: multi_attack_dag.attack_VirtualAdversarialMethod manual__2023-04-27T12:25:48.345057+00:00 [queued]>
[2023-04-27 12:26:16,177] {taskinstance.py:1159} INFO - Dependencies all met for <TaskInstance: multi_attack_dag.attack_VirtualAdversarialMethod manual__2023-04-27T12:25:48.345057+00:00 [queued]>
[2023-04-27 12:26:16,178] {taskinstance.py:1356} INFO - 
--------------------------------------------------------------------------------
[2023-04-27 12:26:16,179] {taskinstance.py:1357} INFO - Starting attempt 1 of 2
[2023-04-27 12:26:16,180] {taskinstance.py:1358} INFO - 
--------------------------------------------------------------------------------
[2023-04-27 12:26:16,283] {taskinstance.py:1377} INFO - Executing <Task(PythonOperator): attack_VirtualAdversarialMethod> on 2023-04-27 12:25:48.345057+00:00
[2023-04-27 12:26:16,313] {standard_task_runner.py:52} INFO - Started process 3975 to run task
[2023-04-27 12:26:16,360] {standard_task_runner.py:79} INFO - Running: ['***', 'tasks', 'run', 'multi_attack_dag', 'attack_VirtualAdversarialMethod', 'manual__2023-04-27T12:25:48.345057+00:00', '--job-id', '6835', '--raw', '--subdir', 'DAGS_FOLDER/attack_dag.py', '--cfg-path', '/tmp/tmpsd23fb2y', '--error-file', '/tmp/tmpknd2z6dg']
[2023-04-27 12:26:16,371] {standard_task_runner.py:80} INFO - Job 6835: Subtask attack_VirtualAdversarialMethod
[2023-04-27 12:26:16,701] {task_command.py:369} INFO - Running <TaskInstance: multi_attack_dag.attack_VirtualAdversarialMethod manual__2023-04-27T12:25:48.345057+00:00 [running]> on host e7e31d5a6603
[2023-04-27 12:26:17,493] {taskinstance.py:1571} INFO - Exporting the following env vars:
AIRFLOW_CTX_DAG_OWNER=***
AIRFLOW_CTX_DAG_ID=multi_attack_dag
AIRFLOW_CTX_TASK_ID=attack_VirtualAdversarialMethod
AIRFLOW_CTX_EXECUTION_DATE=2023-04-27T12:25:48.345057+00:00
AIRFLOW_CTX_TRY_NUMBER=1
AIRFLOW_CTX_DAG_RUN_ID=manual__2023-04-27T12:25:48.345057+00:00
[2023-04-27 12:26:17,503] {transport.py:157} INFO - Attempting refresh to obtain initial access_token
[2023-04-27 12:26:17,510] {client.py:777} INFO - Refreshing access_token
[2023-04-27 12:26:18,837] {transport.py:157} INFO - Attempting refresh to obtain initial access_token
[2023-04-27 12:26:18,847] {client.py:777} INFO - Refreshing access_token
[2023-04-27 12:26:51,448] {pytorch.py:1198} INFO - Inferred 5 hidden layers on PyTorch classifier.
[2023-04-27 12:31:11,506] {attack.py:33} INFO - Optimizing...
[2023-04-27 12:31:11,509] {logging_mixin.py:115} INFO - I am right here on <class 'art.attacks.evasion.virtual_adversarial.VirtualAdversarialMethod'>
[2023-04-27 12:31:11,511] {attack.py:39} INFO - Optimizing failed! using default: 0.005471229553222656
[2023-04-27 12:31:12,154] {python.py:173} INFO - Done. Returned value was: None
[2023-04-27 12:31:12,613] {taskinstance.py:1400} INFO - Marking task as SUCCESS. dag_id=multi_attack_dag, task_id=attack_VirtualAdversarialMethod, execution_date=20230427T122548, start_date=20230427T122616, end_date=20230427T123112
[2023-04-27 12:31:13,504] {local_task_job.py:221} WARNING - State of this instance has been externally set to success. Terminating instance.
[2023-04-27 12:31:13,799] {process_utils.py:129} INFO - Sending Signals.SIGTERM to group 3975. PIDs of all processes in the group: [3975]
[2023-04-27 12:31:13,802] {process_utils.py:80} INFO - Sending the signal Signals.SIGTERM to group 3975
[2023-04-27 12:31:13,817] {process_utils.py:75} INFO - Process psutil.Process(pid=3975, status='terminated', exitcode=0, started='12:26:15') (3975) terminated with exit code 0
