[2023-03-27 12:50:29,018] {taskinstance.py:1159} INFO - Dependencies all met for <TaskInstance: multi_defence_dag.choose_best manual__2023-03-27T12:44:05.561400+00:00 [queued]>
[2023-03-27 12:50:29,025] {taskinstance.py:1159} INFO - Dependencies all met for <TaskInstance: multi_defence_dag.choose_best manual__2023-03-27T12:44:05.561400+00:00 [queued]>
[2023-03-27 12:50:29,026] {taskinstance.py:1356} INFO - 
--------------------------------------------------------------------------------
[2023-03-27 12:50:29,026] {taskinstance.py:1357} INFO - Starting attempt 1 of 2
[2023-03-27 12:50:29,027] {taskinstance.py:1358} INFO - 
--------------------------------------------------------------------------------
[2023-03-27 12:50:29,038] {taskinstance.py:1377} INFO - Executing <Task(PythonOperator): choose_best> on 2023-03-27 12:44:05.561400+00:00
[2023-03-27 12:50:29,044] {standard_task_runner.py:52} INFO - Started process 488 to run task
[2023-03-27 12:50:29,046] {standard_task_runner.py:79} INFO - Running: ['***', 'tasks', 'run', 'multi_defence_dag', 'choose_best', 'manual__2023-03-27T12:44:05.561400+00:00', '--job-id', '3897', '--raw', '--subdir', 'DAGS_FOLDER/defence_dag.py', '--cfg-path', '/tmp/tmp2nub424b', '--error-file', '/tmp/tmpg6cfko52']
[2023-03-27 12:50:29,047] {standard_task_runner.py:80} INFO - Job 3897: Subtask choose_best
[2023-03-27 12:50:29,091] {task_command.py:369} INFO - Running <TaskInstance: multi_defence_dag.choose_best manual__2023-03-27T12:44:05.561400+00:00 [running]> on host 9ccd24501083
[2023-03-27 12:50:29,152] {taskinstance.py:1571} INFO - Exporting the following env vars:
AIRFLOW_CTX_DAG_OWNER=***
AIRFLOW_CTX_DAG_ID=multi_defence_dag
AIRFLOW_CTX_TASK_ID=choose_best
AIRFLOW_CTX_EXECUTION_DATE=2023-03-27T12:44:05.561400+00:00
AIRFLOW_CTX_TRY_NUMBER=1
AIRFLOW_CTX_DAG_RUN_ID=manual__2023-03-27T12:44:05.561400+00:00
[2023-03-27 12:50:29,192] {transport.py:157} INFO - Attempting refresh to obtain initial access_token
[2023-03-27 12:50:29,195] {client.py:777} INFO - Refreshing access_token
[2023-03-27 12:50:30,195] {transport.py:157} INFO - Attempting refresh to obtain initial access_token
[2023-03-27 12:50:30,197] {client.py:777} INFO - Refreshing access_token
[2023-03-27 12:50:30,717] {python.py:173} INFO - Done. Returned value was: None
[2023-03-27 12:50:30,729] {taskinstance.py:1400} INFO - Marking task as SUCCESS. dag_id=multi_defence_dag, task_id=choose_best, execution_date=20230327T124405, start_date=20230327T125029, end_date=20230327T125030
[2023-03-27 12:50:30,750] {local_task_job.py:156} INFO - Task exited with return code 0
[2023-03-27 12:50:30,782] {local_task_job.py:273} INFO - 1 downstream tasks scheduled from follow-on schedule check
