[2023-04-27 08:27:25,965] {taskinstance.py:1159} INFO - Dependencies all met for <TaskInstance: multi_attack_dag.to_attack_FeatureAdversariesPyTorch scheduled__2023-04-23T00:00:00+00:00 [queued]>
[2023-04-27 08:27:26,117] {taskinstance.py:1159} INFO - Dependencies all met for <TaskInstance: multi_attack_dag.to_attack_FeatureAdversariesPyTorch scheduled__2023-04-23T00:00:00+00:00 [queued]>
[2023-04-27 08:27:26,120] {taskinstance.py:1356} INFO - 
--------------------------------------------------------------------------------
[2023-04-27 08:27:26,121] {taskinstance.py:1357} INFO - Starting attempt 2 of 2
[2023-04-27 08:27:26,121] {taskinstance.py:1358} INFO - 
--------------------------------------------------------------------------------
[2023-04-27 08:27:26,255] {taskinstance.py:1377} INFO - Executing <Task(BranchPythonOperator): to_attack_FeatureAdversariesPyTorch> on 2023-04-23 00:00:00+00:00
[2023-04-27 08:27:26,307] {standard_task_runner.py:52} INFO - Started process 670 to run task
[2023-04-27 08:27:26,337] {standard_task_runner.py:79} INFO - Running: ['***', 'tasks', 'run', 'multi_attack_dag', 'to_attack_FeatureAdversariesPyTorch', 'scheduled__2023-04-23T00:00:00+00:00', '--job-id', '6340', '--raw', '--subdir', 'DAGS_FOLDER/attack_dag.py', '--cfg-path', '/tmp/tmpyazl91_h', '--error-file', '/tmp/tmpl23720ax']
[2023-04-27 08:27:26,347] {standard_task_runner.py:80} INFO - Job 6340: Subtask to_attack_FeatureAdversariesPyTorch
[2023-04-27 08:27:26,715] {task_command.py:369} INFO - Running <TaskInstance: multi_attack_dag.to_attack_FeatureAdversariesPyTorch scheduled__2023-04-23T00:00:00+00:00 [running]> on host e7e31d5a6603
[2023-04-27 08:27:27,562] {taskinstance.py:1571} INFO - Exporting the following env vars:
AIRFLOW_CTX_DAG_OWNER=***
AIRFLOW_CTX_DAG_ID=multi_attack_dag
AIRFLOW_CTX_TASK_ID=to_attack_FeatureAdversariesPyTorch
AIRFLOW_CTX_EXECUTION_DATE=2023-04-23T00:00:00+00:00
AIRFLOW_CTX_TRY_NUMBER=2
AIRFLOW_CTX_DAG_RUN_ID=scheduled__2023-04-23T00:00:00+00:00
[2023-04-27 08:27:27,643] {python.py:173} INFO - Done. Returned value was: default
[2023-04-27 08:27:27,645] {skipmixin.py:140} INFO - Following branch default
[2023-04-27 08:27:27,646] {skipmixin.py:175} INFO - Skipping tasks ['attack_FeatureAdversariesPyTorch']
[2023-04-27 08:27:27,892] {taskinstance.py:1400} INFO - Marking task as SUCCESS. dag_id=multi_attack_dag, task_id=to_attack_FeatureAdversariesPyTorch, execution_date=20230423T000000, start_date=20230427T082725, end_date=20230427T082727
[2023-04-27 08:27:27,967] {local_task_job.py:156} INFO - Task exited with return code 0
[2023-04-27 08:27:28,691] {local_task_job.py:273} INFO - 0 downstream tasks scheduled from follow-on schedule check
