[2023-04-08 11:23:24,700] {taskinstance.py:1159} INFO - Dependencies all met for <TaskInstance: multi_attack_dag.choose_attack manual__2023-04-08T11:23:20.667132+00:00 [queued]>
[2023-04-08 11:23:24,718] {taskinstance.py:1159} INFO - Dependencies all met for <TaskInstance: multi_attack_dag.choose_attack manual__2023-04-08T11:23:20.667132+00:00 [queued]>
[2023-04-08 11:23:24,719] {taskinstance.py:1356} INFO - 
--------------------------------------------------------------------------------
[2023-04-08 11:23:24,720] {taskinstance.py:1357} INFO - Starting attempt 1 of 2
[2023-04-08 11:23:24,721] {taskinstance.py:1358} INFO - 
--------------------------------------------------------------------------------
[2023-04-08 11:23:24,744] {taskinstance.py:1377} INFO - Executing <Task(PythonOperator): choose_attack> on 2023-04-08 11:23:20.667132+00:00
[2023-04-08 11:23:24,754] {standard_task_runner.py:52} INFO - Started process 1707 to run task
[2023-04-08 11:23:24,759] {standard_task_runner.py:79} INFO - Running: ['***', 'tasks', 'run', 'multi_attack_dag', 'choose_attack', 'manual__2023-04-08T11:23:20.667132+00:00', '--job-id', '4641', '--raw', '--subdir', 'DAGS_FOLDER/attack_dag.py', '--cfg-path', '/tmp/tmp4td1rumx', '--error-file', '/tmp/tmp8fnvmy87']
[2023-04-08 11:23:24,761] {standard_task_runner.py:80} INFO - Job 4641: Subtask choose_attack
[2023-04-08 11:23:24,878] {task_command.py:369} INFO - Running <TaskInstance: multi_attack_dag.choose_attack manual__2023-04-08T11:23:20.667132+00:00 [running]> on host ff3d40af78f9
[2023-04-08 11:23:25,007] {taskinstance.py:1571} INFO - Exporting the following env vars:
AIRFLOW_CTX_DAG_OWNER=***
AIRFLOW_CTX_DAG_ID=multi_attack_dag
AIRFLOW_CTX_TASK_ID=choose_attack
AIRFLOW_CTX_EXECUTION_DATE=2023-04-08T11:23:20.667132+00:00
AIRFLOW_CTX_TRY_NUMBER=1
AIRFLOW_CTX_DAG_RUN_ID=manual__2023-04-08T11:23:20.667132+00:00
[2023-04-08 11:23:25,076] {python.py:173} INFO - Done. Returned value was: None
[2023-04-08 11:23:25,101] {taskinstance.py:1400} INFO - Marking task as SUCCESS. dag_id=multi_attack_dag, task_id=choose_attack, execution_date=20230408T112320, start_date=20230408T112324, end_date=20230408T112325
[2023-04-08 11:23:25,134] {local_task_job.py:156} INFO - Task exited with return code 0
[2023-04-08 11:23:25,208] {local_task_job.py:273} INFO - 1 downstream tasks scheduled from follow-on schedule check
