[2023-03-12 15:19:11,882] {taskinstance.py:1159} INFO - Dependencies all met for <TaskInstance: defence_dag.defence1 manual__2023-03-12T15:19:08.042572+00:00 [queued]>
[2023-03-12 15:19:11,899] {taskinstance.py:1159} INFO - Dependencies all met for <TaskInstance: defence_dag.defence1 manual__2023-03-12T15:19:08.042572+00:00 [queued]>
[2023-03-12 15:19:11,900] {taskinstance.py:1356} INFO - 
--------------------------------------------------------------------------------
[2023-03-12 15:19:11,901] {taskinstance.py:1357} INFO - Starting attempt 1 of 1
[2023-03-12 15:19:11,902] {taskinstance.py:1358} INFO - 
--------------------------------------------------------------------------------
[2023-03-12 15:19:11,924] {taskinstance.py:1377} INFO - Executing <Task(PythonOperator): defence1> on 2023-03-12 15:19:08.042572+00:00
[2023-03-12 15:19:11,930] {standard_task_runner.py:52} INFO - Started process 179 to run task
[2023-03-12 15:19:11,934] {standard_task_runner.py:79} INFO - Running: ['***', 'tasks', 'run', 'defence_dag', 'defence1', 'manual__2023-03-12T15:19:08.042572+00:00', '--job-id', '460', '--raw', '--subdir', 'DAGS_FOLDER/defese.py', '--cfg-path', '/tmp/tmp9lop69s9', '--error-file', '/tmp/tmpl7xbac1s']
[2023-03-12 15:19:11,935] {standard_task_runner.py:80} INFO - Job 460: Subtask defence1
[2023-03-12 15:19:12,020] {task_command.py:369} INFO - Running <TaskInstance: defence_dag.defence1 manual__2023-03-12T15:19:08.042572+00:00 [running]> on host 596adcca7378
[2023-03-12 15:19:12,143] {taskinstance.py:1571} INFO - Exporting the following env vars:
AIRFLOW_CTX_DAG_OWNER=***
AIRFLOW_CTX_DAG_ID=defence_dag
AIRFLOW_CTX_TASK_ID=defence1
AIRFLOW_CTX_EXECUTION_DATE=2023-03-12T15:19:08.042572+00:00
AIRFLOW_CTX_TRY_NUMBER=1
AIRFLOW_CTX_DAG_RUN_ID=manual__2023-03-12T15:19:08.042572+00:00
[2023-03-12 15:19:12,145] {logging_mixin.py:115} INFO - defensing
[2023-03-12 15:19:12,146] {python.py:173} INFO - Done. Returned value was: None
[2023-03-12 15:19:12,168] {taskinstance.py:1400} INFO - Marking task as SUCCESS. dag_id=defence_dag, task_id=defence1, execution_date=20230312T151908, start_date=20230312T151911, end_date=20230312T151912
[2023-03-12 15:19:12,228] {local_task_job.py:156} INFO - Task exited with return code 0
[2023-03-12 15:19:12,291] {local_task_job.py:273} INFO - 1 downstream tasks scheduled from follow-on schedule check
