[2023-03-27 13:03:10,319] {taskinstance.py:1159} INFO - Dependencies all met for <TaskInstance: multi_attack_dag.metadata manual__2023-03-27T12:55:57.607222+00:00 [queued]>
[2023-03-27 13:03:10,337] {taskinstance.py:1159} INFO - Dependencies all met for <TaskInstance: multi_attack_dag.metadata manual__2023-03-27T12:55:57.607222+00:00 [queued]>
[2023-03-27 13:03:10,338] {taskinstance.py:1356} INFO - 
--------------------------------------------------------------------------------
[2023-03-27 13:03:10,338] {taskinstance.py:1357} INFO - Starting attempt 1 of 2
[2023-03-27 13:03:10,339] {taskinstance.py:1358} INFO - 
--------------------------------------------------------------------------------
[2023-03-27 13:03:10,361] {taskinstance.py:1377} INFO - Executing <Task(PythonOperator): metadata> on 2023-03-27 12:55:57.607222+00:00
[2023-03-27 13:03:10,373] {standard_task_runner.py:52} INFO - Started process 954 to run task
[2023-03-27 13:03:10,379] {standard_task_runner.py:79} INFO - Running: ['***', 'tasks', 'run', 'multi_attack_dag', 'metadata', 'manual__2023-03-27T12:55:57.607222+00:00', '--job-id', '3901', '--raw', '--subdir', 'DAGS_FOLDER/attack_dag.py', '--cfg-path', '/tmp/tmpua804o4s', '--error-file', '/tmp/tmpzlkzz3bv']
[2023-03-27 13:03:10,381] {standard_task_runner.py:80} INFO - Job 3901: Subtask metadata
[2023-03-27 13:03:10,484] {task_command.py:369} INFO - Running <TaskInstance: multi_attack_dag.metadata manual__2023-03-27T12:55:57.607222+00:00 [running]> on host 9ccd24501083
[2023-03-27 13:03:10,618] {taskinstance.py:1571} INFO - Exporting the following env vars:
AIRFLOW_CTX_DAG_OWNER=***
AIRFLOW_CTX_DAG_ID=multi_attack_dag
AIRFLOW_CTX_TASK_ID=metadata
AIRFLOW_CTX_EXECUTION_DATE=2023-03-27T12:55:57.607222+00:00
AIRFLOW_CTX_TRY_NUMBER=1
AIRFLOW_CTX_DAG_RUN_ID=manual__2023-03-27T12:55:57.607222+00:00
[2023-03-27 13:03:10,623] {transport.py:157} INFO - Attempting refresh to obtain initial access_token
[2023-03-27 13:03:10,631] {client.py:777} INFO - Refreshing access_token
[2023-03-27 13:03:15,550] {python.py:173} INFO - Done. Returned value was: None
[2023-03-27 13:03:17,414] {taskinstance.py:1400} INFO - Marking task as SUCCESS. dag_id=multi_attack_dag, task_id=metadata, execution_date=20230327T125557, start_date=20230327T130310, end_date=20230327T130317
[2023-03-27 13:03:27,208] {local_task_job.py:156} INFO - Task exited with return code 0
[2023-03-27 13:03:29,656] {local_task_job.py:273} INFO - 0 downstream tasks scheduled from follow-on schedule check
