[2023-04-30 11:03:11,741] {taskinstance.py:1159} INFO - Dependencies all met for <TaskInstance: multi_attack_dag.to_attack_BasicIterativeMethod manual__2023-04-30T11:02:44.097488+00:00 [queued]>
[2023-04-30 11:03:11,780] {taskinstance.py:1159} INFO - Dependencies all met for <TaskInstance: multi_attack_dag.to_attack_BasicIterativeMethod manual__2023-04-30T11:02:44.097488+00:00 [queued]>
[2023-04-30 11:03:11,788] {taskinstance.py:1356} INFO - 
--------------------------------------------------------------------------------
[2023-04-30 11:03:11,790] {taskinstance.py:1357} INFO - Starting attempt 1 of 2
[2023-04-30 11:03:11,791] {taskinstance.py:1358} INFO - 
--------------------------------------------------------------------------------
[2023-04-30 11:03:11,894] {taskinstance.py:1377} INFO - Executing <Task(BranchPythonOperator): to_attack_BasicIterativeMethod> on 2023-04-30 11:02:44.097488+00:00
[2023-04-30 11:03:12,245] {standard_task_runner.py:52} INFO - Started process 108 to run task
[2023-04-30 11:03:12,272] {standard_task_runner.py:79} INFO - Running: ['***', 'tasks', 'run', 'multi_attack_dag', 'to_attack_BasicIterativeMethod', 'manual__2023-04-30T11:02:44.097488+00:00', '--job-id', '7423', '--raw', '--subdir', 'DAGS_FOLDER/attack_dag.py', '--cfg-path', '/tmp/tmpo8jwdj11', '--error-file', '/tmp/tmpex9nmc38']
[2023-04-30 11:03:12,305] {standard_task_runner.py:80} INFO - Job 7423: Subtask to_attack_BasicIterativeMethod
[2023-04-30 11:03:13,162] {task_command.py:369} INFO - Running <TaskInstance: multi_attack_dag.to_attack_BasicIterativeMethod manual__2023-04-30T11:02:44.097488+00:00 [running]> on host 873e5d3a4399
[2023-04-30 11:03:13,601] {taskinstance.py:1571} INFO - Exporting the following env vars:
AIRFLOW_CTX_DAG_OWNER=***
AIRFLOW_CTX_DAG_ID=multi_attack_dag
AIRFLOW_CTX_TASK_ID=to_attack_BasicIterativeMethod
AIRFLOW_CTX_EXECUTION_DATE=2023-04-30T11:02:44.097488+00:00
AIRFLOW_CTX_TRY_NUMBER=1
AIRFLOW_CTX_DAG_RUN_ID=manual__2023-04-30T11:02:44.097488+00:00
[2023-04-30 11:03:13,662] {python.py:173} INFO - Done. Returned value was: attack_BasicIterativeMethod
[2023-04-30 11:03:13,665] {skipmixin.py:140} INFO - Following branch attack_BasicIterativeMethod
[2023-04-30 11:03:13,669] {skipmixin.py:175} INFO - Skipping tasks ['default_attack']
[2023-04-30 11:03:14,142] {taskinstance.py:1400} INFO - Marking task as SUCCESS. dag_id=multi_attack_dag, task_id=to_attack_BasicIterativeMethod, execution_date=20230430T110244, start_date=20230430T110311, end_date=20230430T110314
[2023-04-30 11:03:14,190] {local_task_job.py:156} INFO - Task exited with return code 0
[2023-04-30 11:03:14,331] {local_task_job.py:273} INFO - 1 downstream tasks scheduled from follow-on schedule check
