[2023-03-28 10:30:07,923] {taskinstance.py:1159} INFO - Dependencies all met for <TaskInstance: defence_dag2.storing manual__2023-03-28T10:30:05.232378+00:00 [queued]>
[2023-03-28 10:30:07,934] {taskinstance.py:1159} INFO - Dependencies all met for <TaskInstance: defence_dag2.storing manual__2023-03-28T10:30:05.232378+00:00 [queued]>
[2023-03-28 10:30:07,935] {taskinstance.py:1356} INFO - 
--------------------------------------------------------------------------------
[2023-03-28 10:30:07,936] {taskinstance.py:1357} INFO - Starting attempt 1 of 1
[2023-03-28 10:30:07,937] {taskinstance.py:1358} INFO - 
--------------------------------------------------------------------------------
[2023-03-28 10:30:07,956] {taskinstance.py:1377} INFO - Executing <Task(BashOperator): storing> on 2023-03-28 10:30:05.232378+00:00
[2023-03-28 10:30:07,968] {standard_task_runner.py:52} INFO - Started process 2346 to run task
[2023-03-28 10:30:07,974] {standard_task_runner.py:79} INFO - Running: ['***', 'tasks', 'run', 'defence_dag2', 'storing', 'manual__2023-03-28T10:30:05.232378+00:00', '--job-id', '4302', '--raw', '--subdir', 'DAGS_FOLDER/defese.py', '--cfg-path', '/tmp/tmp61wslo1e', '--error-file', '/tmp/tmptt7tpo8n']
[2023-03-28 10:30:07,975] {standard_task_runner.py:80} INFO - Job 4302: Subtask storing
[2023-03-28 10:30:08,057] {task_command.py:369} INFO - Running <TaskInstance: defence_dag2.storing manual__2023-03-28T10:30:05.232378+00:00 [running]> on host 70f8824ef075
[2023-03-28 10:30:08,149] {taskinstance.py:1571} INFO - Exporting the following env vars:
AIRFLOW_CTX_DAG_OWNER=***
AIRFLOW_CTX_DAG_ID=defence_dag2
AIRFLOW_CTX_TASK_ID=storing
AIRFLOW_CTX_EXECUTION_DATE=2023-03-28T10:30:05.232378+00:00
AIRFLOW_CTX_TRY_NUMBER=1
AIRFLOW_CTX_DAG_RUN_ID=manual__2023-03-28T10:30:05.232378+00:00
[2023-03-28 10:30:08,151] {subprocess.py:62} INFO - Tmp dir root location: 
 /tmp
[2023-03-28 10:30:08,153] {subprocess.py:74} INFO - Running command: ['bash', '-c', 'sleep 1']
[2023-03-28 10:30:08,172] {subprocess.py:85} INFO - Output:
[2023-03-28 10:30:09,176] {subprocess.py:96} INFO - Command exited with return code 0
[2023-03-28 10:30:09,227] {taskinstance.py:1400} INFO - Marking task as SUCCESS. dag_id=defence_dag2, task_id=storing, execution_date=20230328T103005, start_date=20230328T103007, end_date=20230328T103009
[2023-03-28 10:30:09,274] {local_task_job.py:156} INFO - Task exited with return code 0
[2023-03-28 10:30:09,318] {local_task_job.py:273} INFO - 1 downstream tasks scheduled from follow-on schedule check
