[2023-04-30 08:26:26,727] {taskinstance.py:1159} INFO - Dependencies all met for <TaskInstance: multi_attack_dag.to_attack_ProjectedGradientDescent manual__2023-04-30T08:26:07.611662+00:00 [queued]>
[2023-04-30 08:26:26,757] {taskinstance.py:1159} INFO - Dependencies all met for <TaskInstance: multi_attack_dag.to_attack_ProjectedGradientDescent manual__2023-04-30T08:26:07.611662+00:00 [queued]>
[2023-04-30 08:26:26,758] {taskinstance.py:1356} INFO - 
--------------------------------------------------------------------------------
[2023-04-30 08:26:26,759] {taskinstance.py:1357} INFO - Starting attempt 1 of 2
[2023-04-30 08:26:26,762] {taskinstance.py:1358} INFO - 
--------------------------------------------------------------------------------
[2023-04-30 08:26:26,806] {taskinstance.py:1377} INFO - Executing <Task(BranchPythonOperator): to_attack_ProjectedGradientDescent> on 2023-04-30 08:26:07.611662+00:00
[2023-04-30 08:26:26,822] {standard_task_runner.py:52} INFO - Started process 1848 to run task
[2023-04-30 08:26:26,843] {standard_task_runner.py:79} INFO - Running: ['***', 'tasks', 'run', 'multi_attack_dag', 'to_attack_ProjectedGradientDescent', 'manual__2023-04-30T08:26:07.611662+00:00', '--job-id', '7172', '--raw', '--subdir', 'DAGS_FOLDER/attack_dag.py', '--cfg-path', '/tmp/tmpatbwf50p', '--error-file', '/tmp/tmphg9s8dar']
[2023-04-30 08:26:26,845] {standard_task_runner.py:80} INFO - Job 7172: Subtask to_attack_ProjectedGradientDescent
[2023-04-30 08:26:26,991] {task_command.py:369} INFO - Running <TaskInstance: multi_attack_dag.to_attack_ProjectedGradientDescent manual__2023-04-30T08:26:07.611662+00:00 [running]> on host e7e31d5a6603
[2023-04-30 08:26:27,249] {taskinstance.py:1571} INFO - Exporting the following env vars:
AIRFLOW_CTX_DAG_OWNER=***
AIRFLOW_CTX_DAG_ID=multi_attack_dag
AIRFLOW_CTX_TASK_ID=to_attack_ProjectedGradientDescent
AIRFLOW_CTX_EXECUTION_DATE=2023-04-30T08:26:07.611662+00:00
AIRFLOW_CTX_TRY_NUMBER=1
AIRFLOW_CTX_DAG_RUN_ID=manual__2023-04-30T08:26:07.611662+00:00
[2023-04-30 08:26:27,275] {python.py:173} INFO - Done. Returned value was: attack_ProjectedGradientDescent
[2023-04-30 08:26:27,278] {skipmixin.py:140} INFO - Following branch attack_ProjectedGradientDescent
[2023-04-30 08:26:27,280] {skipmixin.py:175} INFO - Skipping tasks ['default_attack']
[2023-04-30 08:26:27,544] {taskinstance.py:1400} INFO - Marking task as SUCCESS. dag_id=multi_attack_dag, task_id=to_attack_ProjectedGradientDescent, execution_date=20230430T082607, start_date=20230430T082626, end_date=20230430T082627
[2023-04-30 08:26:27,647] {local_task_job.py:156} INFO - Task exited with return code 0
[2023-04-30 08:26:27,889] {local_task_job.py:273} INFO - 1 downstream tasks scheduled from follow-on schedule check
