[2023-03-16 12:07:10,839] {taskinstance.py:1159} INFO - Dependencies all met for <TaskInstance: defence_dag2.trigger_offence manual__2023-03-16T12:07:05.482579+00:00 [queued]>
[2023-03-16 12:07:10,850] {taskinstance.py:1159} INFO - Dependencies all met for <TaskInstance: defence_dag2.trigger_offence manual__2023-03-16T12:07:05.482579+00:00 [queued]>
[2023-03-16 12:07:10,851] {taskinstance.py:1356} INFO - 
--------------------------------------------------------------------------------
[2023-03-16 12:07:10,856] {taskinstance.py:1357} INFO - Starting attempt 1 of 1
[2023-03-16 12:07:10,857] {taskinstance.py:1358} INFO - 
--------------------------------------------------------------------------------
[2023-03-16 12:07:10,869] {taskinstance.py:1377} INFO - Executing <Task(TriggerDagRunOperator): trigger_offence> on 2023-03-16 12:07:05.482579+00:00
[2023-03-16 12:07:10,873] {standard_task_runner.py:52} INFO - Started process 142 to run task
[2023-03-16 12:07:10,875] {standard_task_runner.py:79} INFO - Running: ['***', 'tasks', 'run', 'defence_dag2', 'trigger_offence', 'manual__2023-03-16T12:07:05.482579+00:00', '--job-id', '1253', '--raw', '--subdir', 'DAGS_FOLDER/defese.py', '--cfg-path', '/tmp/tmp_8b4xm0d', '--error-file', '/tmp/tmpts9efyng']
[2023-03-16 12:07:10,876] {standard_task_runner.py:80} INFO - Job 1253: Subtask trigger_offence
[2023-03-16 12:07:10,922] {task_command.py:369} INFO - Running <TaskInstance: defence_dag2.trigger_offence manual__2023-03-16T12:07:05.482579+00:00 [running]> on host 596adcca7378
[2023-03-16 12:07:10,992] {taskinstance.py:1571} INFO - Exporting the following env vars:
AIRFLOW_CTX_DAG_OWNER=***
AIRFLOW_CTX_DAG_ID=defence_dag2
AIRFLOW_CTX_TASK_ID=trigger_offence
AIRFLOW_CTX_EXECUTION_DATE=2023-03-16T12:07:05.482579+00:00
AIRFLOW_CTX_TRY_NUMBER=1
AIRFLOW_CTX_DAG_RUN_ID=manual__2023-03-16T12:07:05.482579+00:00
[2023-03-16 12:07:12,249] {taskinstance.py:1400} INFO - Marking task as SUCCESS. dag_id=defence_dag2, task_id=trigger_offence, execution_date=20230316T120705, start_date=20230316T120710, end_date=20230316T120712
[2023-03-16 12:07:12,296] {local_task_job.py:156} INFO - Task exited with return code 0
[2023-03-16 12:07:12,343] {local_task_job.py:273} INFO - 0 downstream tasks scheduled from follow-on schedule check
