[2023-03-16 16:58:11,690] {taskinstance.py:1159} INFO - Dependencies all met for <TaskInstance: xcom_dag.attack1 manual__2023-03-16T16:58:08.303206+00:00 [queued]>
[2023-03-16 16:58:11,700] {taskinstance.py:1159} INFO - Dependencies all met for <TaskInstance: xcom_dag.attack1 manual__2023-03-16T16:58:08.303206+00:00 [queued]>
[2023-03-16 16:58:11,700] {taskinstance.py:1356} INFO - 
--------------------------------------------------------------------------------
[2023-03-16 16:58:11,700] {taskinstance.py:1357} INFO - Starting attempt 1 of 2
[2023-03-16 16:58:11,701] {taskinstance.py:1358} INFO - 
--------------------------------------------------------------------------------
[2023-03-16 16:58:11,714] {taskinstance.py:1377} INFO - Executing <Task(PythonOperator): attack1> on 2023-03-16 16:58:08.303206+00:00
[2023-03-16 16:58:11,718] {standard_task_runner.py:52} INFO - Started process 157 to run task
[2023-03-16 16:58:11,721] {standard_task_runner.py:79} INFO - Running: ['***', 'tasks', 'run', 'xcom_dag', 'attack1', 'manual__2023-03-16T16:58:08.303206+00:00', '--job-id', '1479', '--raw', '--subdir', 'DAGS_FOLDER/dynamic_dag.py', '--cfg-path', '/tmp/tmp8okwtfc5', '--error-file', '/tmp/tmp6okq5dpo']
[2023-03-16 16:58:11,721] {standard_task_runner.py:80} INFO - Job 1479: Subtask attack1
[2023-03-16 16:58:11,777] {task_command.py:369} INFO - Running <TaskInstance: xcom_dag.attack1 manual__2023-03-16T16:58:08.303206+00:00 [running]> on host 596adcca7378
[2023-03-16 16:58:11,843] {taskinstance.py:1571} INFO - Exporting the following env vars:
AIRFLOW_CTX_DAG_OWNER=***
AIRFLOW_CTX_DAG_ID=xcom_dag
AIRFLOW_CTX_TASK_ID=attack1
AIRFLOW_CTX_EXECUTION_DATE=2023-03-16T16:58:08.303206+00:00
AIRFLOW_CTX_TRY_NUMBER=1
AIRFLOW_CTX_DAG_RUN_ID=manual__2023-03-16T16:58:08.303206+00:00
[2023-03-16 16:58:11,858] {python.py:173} INFO - Done. Returned value was: None
[2023-03-16 16:58:11,872] {taskinstance.py:1400} INFO - Marking task as SUCCESS. dag_id=xcom_dag, task_id=attack1, execution_date=20230316T165808, start_date=20230316T165811, end_date=20230316T165811
[2023-03-16 16:58:11,893] {local_task_job.py:156} INFO - Task exited with return code 0
[2023-03-16 16:58:11,929] {local_task_job.py:273} INFO - 1 downstream tasks scheduled from follow-on schedule check
