[2023-03-16 14:55:55,864] {taskinstance.py:1159} INFO - Dependencies all met for <TaskInstance: xcom_dag.choose_attack_Attack3 manual__2023-03-16T14:55:54.664128+00:00 [queued]>
[2023-03-16 14:55:55,873] {taskinstance.py:1159} INFO - Dependencies all met for <TaskInstance: xcom_dag.choose_attack_Attack3 manual__2023-03-16T14:55:54.664128+00:00 [queued]>
[2023-03-16 14:55:55,874] {taskinstance.py:1356} INFO - 
--------------------------------------------------------------------------------
[2023-03-16 14:55:55,884] {taskinstance.py:1357} INFO - Starting attempt 1 of 2
[2023-03-16 14:55:55,884] {taskinstance.py:1358} INFO - 
--------------------------------------------------------------------------------
[2023-03-16 14:55:55,899] {taskinstance.py:1377} INFO - Executing <Task(PythonOperator): choose_attack_Attack3> on 2023-03-16 14:55:54.664128+00:00
[2023-03-16 14:55:55,903] {standard_task_runner.py:52} INFO - Started process 113 to run task
[2023-03-16 14:55:55,906] {standard_task_runner.py:79} INFO - Running: ['***', 'tasks', 'run', 'xcom_dag', 'choose_attack_Attack3', 'manual__2023-03-16T14:55:54.664128+00:00', '--job-id', '1396', '--raw', '--subdir', 'DAGS_FOLDER/dynamic_dag.py', '--cfg-path', '/tmp/tmp9o_f91kj', '--error-file', '/tmp/tmp39d_nhm9']
[2023-03-16 14:55:55,906] {standard_task_runner.py:80} INFO - Job 1396: Subtask choose_attack_Attack3
[2023-03-16 14:55:55,955] {task_command.py:369} INFO - Running <TaskInstance: xcom_dag.choose_attack_Attack3 manual__2023-03-16T14:55:54.664128+00:00 [running]> on host 596adcca7378
[2023-03-16 14:55:56,021] {taskinstance.py:1571} INFO - Exporting the following env vars:
AIRFLOW_CTX_DAG_OWNER=***
AIRFLOW_CTX_DAG_ID=xcom_dag
AIRFLOW_CTX_TASK_ID=choose_attack_Attack3
AIRFLOW_CTX_EXECUTION_DATE=2023-03-16T14:55:54.664128+00:00
AIRFLOW_CTX_TRY_NUMBER=1
AIRFLOW_CTX_DAG_RUN_ID=manual__2023-03-16T14:55:54.664128+00:00
[2023-03-16 14:55:56,061] {python.py:173} INFO - Done. Returned value was: None
[2023-03-16 14:55:56,073] {taskinstance.py:1400} INFO - Marking task as SUCCESS. dag_id=xcom_dag, task_id=choose_attack_Attack3, execution_date=20230316T145554, start_date=20230316T145555, end_date=20230316T145556
[2023-03-16 14:55:56,119] {local_task_job.py:156} INFO - Task exited with return code 0
[2023-03-16 14:55:56,153] {local_task_job.py:273} INFO - 1 downstream tasks scheduled from follow-on schedule check
