[2023-04-30 08:13:46,372] {taskinstance.py:1159} INFO - Dependencies all met for <TaskInstance: multi_attack_dag.attack_BasicIterativeMethod manual__2023-04-30T08:08:12.016220+00:00 [queued]>
[2023-04-30 08:13:46,448] {taskinstance.py:1159} INFO - Dependencies all met for <TaskInstance: multi_attack_dag.attack_BasicIterativeMethod manual__2023-04-30T08:08:12.016220+00:00 [queued]>
[2023-04-30 08:13:46,452] {taskinstance.py:1356} INFO - 
--------------------------------------------------------------------------------
[2023-04-30 08:13:46,453] {taskinstance.py:1357} INFO - Starting attempt 2 of 2
[2023-04-30 08:13:46,454] {taskinstance.py:1358} INFO - 
--------------------------------------------------------------------------------
[2023-04-30 08:13:46,516] {taskinstance.py:1377} INFO - Executing <Task(PythonOperator): attack_BasicIterativeMethod> on 2023-04-30 08:08:12.016220+00:00
[2023-04-30 08:13:46,537] {standard_task_runner.py:52} INFO - Started process 1198 to run task
[2023-04-30 08:13:46,558] {standard_task_runner.py:79} INFO - Running: ['***', 'tasks', 'run', 'multi_attack_dag', 'attack_BasicIterativeMethod', 'manual__2023-04-30T08:08:12.016220+00:00', '--job-id', '7154', '--raw', '--subdir', 'DAGS_FOLDER/attack_dag.py', '--cfg-path', '/tmp/tmp9_xui_lj', '--error-file', '/tmp/tmpcr51ojhx']
[2023-04-30 08:13:46,567] {standard_task_runner.py:80} INFO - Job 7154: Subtask attack_BasicIterativeMethod
[2023-04-30 08:13:46,820] {task_command.py:369} INFO - Running <TaskInstance: multi_attack_dag.attack_BasicIterativeMethod manual__2023-04-30T08:08:12.016220+00:00 [running]> on host e7e31d5a6603
[2023-04-30 08:13:47,089] {taskinstance.py:1571} INFO - Exporting the following env vars:
AIRFLOW_CTX_DAG_OWNER=***
AIRFLOW_CTX_DAG_ID=multi_attack_dag
AIRFLOW_CTX_TASK_ID=attack_BasicIterativeMethod
AIRFLOW_CTX_EXECUTION_DATE=2023-04-30T08:08:12.016220+00:00
AIRFLOW_CTX_TRY_NUMBER=2
AIRFLOW_CTX_DAG_RUN_ID=manual__2023-04-30T08:08:12.016220+00:00
[2023-04-30 08:13:47,135] {transport.py:157} INFO - Attempting refresh to obtain initial access_token
[2023-04-30 08:13:47,146] {client.py:777} INFO - Refreshing access_token
[2023-04-30 08:13:47,936] {taskinstance.py:1889} ERROR - Task failed with exception
Traceback (most recent call last):
  File "/home/airflow/.local/lib/python3.7/site-packages/airflow/operators/python.py", line 171, in execute
    return_value = self.execute_callable()
  File "/home/airflow/.local/lib/python3.7/site-packages/airflow/operators/python.py", line 189, in execute_callable
    return self.python_callable(*self.op_args, **self.op_kwargs)
  File "/opt/airflow/dags/attack.py", line 202, in attack_BasicIterativeMethod
    model_acc, adversarial_examples  = attack(BasicIterativeMethod)
  File "/opt/airflow/dags/attack.py", line 30, in attack
    x_train, y_train,x_test, y_test =  get_data()
TypeError: cannot unpack non-iterable NoneType object
[2023-04-30 08:13:47,975] {taskinstance.py:1400} INFO - Marking task as FAILED. dag_id=multi_attack_dag, task_id=attack_BasicIterativeMethod, execution_date=20230430T080812, start_date=20230430T081346, end_date=20230430T081347
[2023-04-30 08:13:48,009] {standard_task_runner.py:97} ERROR - Failed to execute job 7154 for task attack_BasicIterativeMethod (cannot unpack non-iterable NoneType object; 1198)
[2023-04-30 08:13:48,037] {local_task_job.py:156} INFO - Task exited with return code 1
[2023-04-30 08:13:48,246] {local_task_job.py:273} INFO - 1 downstream tasks scheduled from follow-on schedule check
