[2023-04-30 08:02:36,510] {taskinstance.py:1159} INFO - Dependencies all met for <TaskInstance: multi_defence_dag.choose_defence manual__2023-04-30T08:02:31.201544+00:00 [queued]>
[2023-04-30 08:02:36,531] {taskinstance.py:1159} INFO - Dependencies all met for <TaskInstance: multi_defence_dag.choose_defence manual__2023-04-30T08:02:31.201544+00:00 [queued]>
[2023-04-30 08:02:36,532] {taskinstance.py:1356} INFO - 
--------------------------------------------------------------------------------
[2023-04-30 08:02:36,533] {taskinstance.py:1357} INFO - Starting attempt 1 of 2
[2023-04-30 08:02:36,534] {taskinstance.py:1358} INFO - 
--------------------------------------------------------------------------------
[2023-04-30 08:02:36,563] {taskinstance.py:1377} INFO - Executing <Task(PythonOperator): choose_defence> on 2023-04-30 08:02:31.201544+00:00
[2023-04-30 08:02:36,598] {standard_task_runner.py:52} INFO - Started process 468 to run task
[2023-04-30 08:02:36,614] {standard_task_runner.py:79} INFO - Running: ['***', 'tasks', 'run', 'multi_defence_dag', 'choose_defence', 'manual__2023-04-30T08:02:31.201544+00:00', '--job-id', '7082', '--raw', '--subdir', 'DAGS_FOLDER/defence_dag.py', '--cfg-path', '/tmp/tmp_t33pcog', '--error-file', '/tmp/tmpa97e94on']
[2023-04-30 08:02:36,616] {standard_task_runner.py:80} INFO - Job 7082: Subtask choose_defence
[2023-04-30 08:02:36,757] {task_command.py:369} INFO - Running <TaskInstance: multi_defence_dag.choose_defence manual__2023-04-30T08:02:31.201544+00:00 [running]> on host e7e31d5a6603
[2023-04-30 08:02:36,937] {taskinstance.py:1571} INFO - Exporting the following env vars:
AIRFLOW_CTX_DAG_OWNER=***
AIRFLOW_CTX_DAG_ID=multi_defence_dag
AIRFLOW_CTX_TASK_ID=choose_defence
AIRFLOW_CTX_EXECUTION_DATE=2023-04-30T08:02:31.201544+00:00
AIRFLOW_CTX_TRY_NUMBER=1
AIRFLOW_CTX_DAG_RUN_ID=manual__2023-04-30T08:02:31.201544+00:00
[2023-04-30 08:02:37,035] {python.py:173} INFO - Done. Returned value was: None
[2023-04-30 08:02:37,067] {taskinstance.py:1400} INFO - Marking task as SUCCESS. dag_id=multi_defence_dag, task_id=choose_defence, execution_date=20230430T080231, start_date=20230430T080236, end_date=20230430T080237
[2023-04-30 08:02:37,116] {local_task_job.py:156} INFO - Task exited with return code 0
[2023-04-30 08:02:37,228] {local_task_job.py:273} INFO - 3 downstream tasks scheduled from follow-on schedule check
