[2023-04-23 07:53:17,552] {taskinstance.py:1159} INFO - Dependencies all met for <TaskInstance: multi_sklearn_attack_dag.choose_best scheduled__2023-04-18T00:00:00+00:00 [queued]>
[2023-04-23 07:53:17,576] {taskinstance.py:1159} INFO - Dependencies all met for <TaskInstance: multi_sklearn_attack_dag.choose_best scheduled__2023-04-18T00:00:00+00:00 [queued]>
[2023-04-23 07:53:17,576] {taskinstance.py:1356} INFO - 
--------------------------------------------------------------------------------
[2023-04-23 07:53:17,577] {taskinstance.py:1357} INFO - Starting attempt 1 of 2
[2023-04-23 07:53:17,578] {taskinstance.py:1358} INFO - 
--------------------------------------------------------------------------------
[2023-04-23 07:53:17,615] {taskinstance.py:1377} INFO - Executing <Task(PythonOperator): choose_best> on 2023-04-18 00:00:00+00:00
[2023-04-23 07:53:17,631] {standard_task_runner.py:52} INFO - Started process 311 to run task
[2023-04-23 07:53:17,639] {standard_task_runner.py:79} INFO - Running: ['***', 'tasks', 'run', 'multi_sklearn_attack_dag', 'choose_best', 'scheduled__2023-04-18T00:00:00+00:00', '--job-id', '5869', '--raw', '--subdir', 'DAGS_FOLDER/sklearn_attack_dag.py', '--cfg-path', '/tmp/tmp9yw2xovi', '--error-file', '/tmp/tmpfqwcd99h']
[2023-04-23 07:53:17,642] {standard_task_runner.py:80} INFO - Job 5869: Subtask choose_best
[2023-04-23 07:53:17,776] {task_command.py:369} INFO - Running <TaskInstance: multi_sklearn_attack_dag.choose_best scheduled__2023-04-18T00:00:00+00:00 [running]> on host a3dd7d962104
[2023-04-23 07:53:17,941] {taskinstance.py:1571} INFO - Exporting the following env vars:
AIRFLOW_CTX_DAG_OWNER=***
AIRFLOW_CTX_DAG_ID=multi_sklearn_attack_dag
AIRFLOW_CTX_TASK_ID=choose_best
AIRFLOW_CTX_EXECUTION_DATE=2023-04-18T00:00:00+00:00
AIRFLOW_CTX_TRY_NUMBER=1
AIRFLOW_CTX_DAG_RUN_ID=scheduled__2023-04-18T00:00:00+00:00
[2023-04-23 07:53:18,020] {transport.py:157} INFO - Attempting refresh to obtain initial access_token
[2023-04-23 07:53:18,030] {client.py:777} INFO - Refreshing access_token
[2023-04-23 07:53:18,911] {transport.py:157} INFO - Attempting refresh to obtain initial access_token
[2023-04-23 07:53:18,914] {client.py:777} INFO - Refreshing access_token
[2023-04-23 07:53:19,403] {python.py:173} INFO - Done. Returned value was: None
[2023-04-23 07:53:19,425] {taskinstance.py:1400} INFO - Marking task as SUCCESS. dag_id=multi_sklearn_attack_dag, task_id=choose_best, execution_date=20230418T000000, start_date=20230423T075317, end_date=20230423T075319
[2023-04-23 07:53:19,461] {local_task_job.py:156} INFO - Task exited with return code 0
[2023-04-23 07:53:19,523] {local_task_job.py:273} INFO - 1 downstream tasks scheduled from follow-on schedule check
