[2023-03-28 09:55:35,667] {taskinstance.py:1159} INFO - Dependencies all met for <TaskInstance: defence_dag2.storing manual__2023-03-28T09:55:33.544429+00:00 [queued]>
[2023-03-28 09:55:35,679] {taskinstance.py:1159} INFO - Dependencies all met for <TaskInstance: defence_dag2.storing manual__2023-03-28T09:55:33.544429+00:00 [queued]>
[2023-03-28 09:55:35,680] {taskinstance.py:1356} INFO - 
--------------------------------------------------------------------------------
[2023-03-28 09:55:35,681] {taskinstance.py:1357} INFO - Starting attempt 1 of 1
[2023-03-28 09:55:35,682] {taskinstance.py:1358} INFO - 
--------------------------------------------------------------------------------
[2023-03-28 09:55:35,699] {taskinstance.py:1377} INFO - Executing <Task(BashOperator): storing> on 2023-03-28 09:55:33.544429+00:00
[2023-03-28 09:55:35,706] {standard_task_runner.py:52} INFO - Started process 932 to run task
[2023-03-28 09:55:35,711] {standard_task_runner.py:79} INFO - Running: ['***', 'tasks', 'run', 'defence_dag2', 'storing', 'manual__2023-03-28T09:55:33.544429+00:00', '--job-id', '4032', '--raw', '--subdir', 'DAGS_FOLDER/defese.py', '--cfg-path', '/tmp/tmpe4cewce6', '--error-file', '/tmp/tmp9k9gl_es']
[2023-03-28 09:55:35,712] {standard_task_runner.py:80} INFO - Job 4032: Subtask storing
[2023-03-28 09:55:35,763] {task_command.py:369} INFO - Running <TaskInstance: defence_dag2.storing manual__2023-03-28T09:55:33.544429+00:00 [running]> on host 70f8824ef075
[2023-03-28 09:55:35,835] {taskinstance.py:1571} INFO - Exporting the following env vars:
AIRFLOW_CTX_DAG_OWNER=***
AIRFLOW_CTX_DAG_ID=defence_dag2
AIRFLOW_CTX_TASK_ID=storing
AIRFLOW_CTX_EXECUTION_DATE=2023-03-28T09:55:33.544429+00:00
AIRFLOW_CTX_TRY_NUMBER=1
AIRFLOW_CTX_DAG_RUN_ID=manual__2023-03-28T09:55:33.544429+00:00
[2023-03-28 09:55:35,837] {subprocess.py:62} INFO - Tmp dir root location: 
 /tmp
[2023-03-28 09:55:35,838] {subprocess.py:74} INFO - Running command: ['bash', '-c', 'sleep 1']
[2023-03-28 09:55:35,849] {subprocess.py:85} INFO - Output:
[2023-03-28 09:55:36,852] {subprocess.py:96} INFO - Command exited with return code 0
[2023-03-28 09:55:36,893] {taskinstance.py:1400} INFO - Marking task as SUCCESS. dag_id=defence_dag2, task_id=storing, execution_date=20230328T095533, start_date=20230328T095535, end_date=20230328T095536
[2023-03-28 09:55:36,933] {local_task_job.py:156} INFO - Task exited with return code 0
[2023-03-28 09:55:36,984] {local_task_job.py:273} INFO - 1 downstream tasks scheduled from follow-on schedule check
