[2023-03-16 16:51:30,432] {taskinstance.py:1159} INFO - Dependencies all met for <TaskInstance: xcom_dag.choose_best manual__2023-03-16T16:51:26.021482+00:00 [queued]>
[2023-03-16 16:51:30,444] {taskinstance.py:1159} INFO - Dependencies all met for <TaskInstance: xcom_dag.choose_best manual__2023-03-16T16:51:26.021482+00:00 [queued]>
[2023-03-16 16:51:30,445] {taskinstance.py:1356} INFO - 
--------------------------------------------------------------------------------
[2023-03-16 16:51:30,445] {taskinstance.py:1357} INFO - Starting attempt 1 of 2
[2023-03-16 16:51:30,446] {taskinstance.py:1358} INFO - 
--------------------------------------------------------------------------------
[2023-03-16 16:51:30,461] {taskinstance.py:1377} INFO - Executing <Task(PythonOperator): choose_best> on 2023-03-16 16:51:26.021482+00:00
[2023-03-16 16:51:30,465] {standard_task_runner.py:52} INFO - Started process 150 to run task
[2023-03-16 16:51:30,468] {standard_task_runner.py:79} INFO - Running: ['***', 'tasks', 'run', 'xcom_dag', 'choose_best', 'manual__2023-03-16T16:51:26.021482+00:00', '--job-id', '1471', '--raw', '--subdir', 'DAGS_FOLDER/dynamic_dag.py', '--cfg-path', '/tmp/tmprkql4obq', '--error-file', '/tmp/tmpyd98d3zi']
[2023-03-16 16:51:30,468] {standard_task_runner.py:80} INFO - Job 1471: Subtask choose_best
[2023-03-16 16:51:30,516] {task_command.py:369} INFO - Running <TaskInstance: xcom_dag.choose_best manual__2023-03-16T16:51:26.021482+00:00 [running]> on host 596adcca7378
[2023-03-16 16:51:30,578] {taskinstance.py:1571} INFO - Exporting the following env vars:
AIRFLOW_CTX_DAG_OWNER=***
AIRFLOW_CTX_DAG_ID=xcom_dag
AIRFLOW_CTX_TASK_ID=choose_best
AIRFLOW_CTX_EXECUTION_DATE=2023-03-16T16:51:26.021482+00:00
AIRFLOW_CTX_TRY_NUMBER=1
AIRFLOW_CTX_DAG_RUN_ID=manual__2023-03-16T16:51:26.021482+00:00
[2023-03-16 16:51:30,627] {python.py:173} INFO - Done. Returned value was: None
[2023-03-16 16:51:30,641] {taskinstance.py:1400} INFO - Marking task as SUCCESS. dag_id=xcom_dag, task_id=choose_best, execution_date=20230316T165126, start_date=20230316T165130, end_date=20230316T165130
[2023-03-16 16:51:30,681] {local_task_job.py:156} INFO - Task exited with return code 0
[2023-03-16 16:51:30,711] {local_task_job.py:273} INFO - 0 downstream tasks scheduled from follow-on schedule check
