[2023-03-23 15:32:24,149] {taskinstance.py:1159} INFO - Dependencies all met for <TaskInstance: multi_defence_dag.Defence3 manual__2023-03-23T15:32:20.051781+00:00 [queued]>
[2023-03-23 15:32:24,165] {taskinstance.py:1159} INFO - Dependencies all met for <TaskInstance: multi_defence_dag.Defence3 manual__2023-03-23T15:32:20.051781+00:00 [queued]>
[2023-03-23 15:32:24,166] {taskinstance.py:1356} INFO - 
--------------------------------------------------------------------------------
[2023-03-23 15:32:24,167] {taskinstance.py:1357} INFO - Starting attempt 1 of 2
[2023-03-23 15:32:24,167] {taskinstance.py:1358} INFO - 
--------------------------------------------------------------------------------
[2023-03-23 15:32:24,186] {taskinstance.py:1377} INFO - Executing <Task(PythonOperator): Defence3> on 2023-03-23 15:32:20.051781+00:00
[2023-03-23 15:32:24,192] {standard_task_runner.py:52} INFO - Started process 12421 to run task
[2023-03-23 15:32:24,196] {standard_task_runner.py:79} INFO - Running: ['***', 'tasks', 'run', 'multi_defence_dag', 'Defence3', 'manual__2023-03-23T15:32:20.051781+00:00', '--job-id', '3135', '--raw', '--subdir', 'DAGS_FOLDER/defence_dag.py', '--cfg-path', '/tmp/tmpo1da3flr', '--error-file', '/tmp/tmph5c4swco']
[2023-03-23 15:32:24,198] {standard_task_runner.py:80} INFO - Job 3135: Subtask Defence3
[2023-03-23 15:32:24,273] {task_command.py:369} INFO - Running <TaskInstance: multi_defence_dag.Defence3 manual__2023-03-23T15:32:20.051781+00:00 [running]> on host 6447f1dacd32
[2023-03-23 15:32:24,352] {taskinstance.py:1571} INFO - Exporting the following env vars:
AIRFLOW_CTX_DAG_OWNER=***
AIRFLOW_CTX_DAG_ID=multi_defence_dag
AIRFLOW_CTX_TASK_ID=Defence3
AIRFLOW_CTX_EXECUTION_DATE=2023-03-23T15:32:20.051781+00:00
AIRFLOW_CTX_TRY_NUMBER=1
AIRFLOW_CTX_DAG_RUN_ID=manual__2023-03-23T15:32:20.051781+00:00
[2023-03-23 15:32:24,369] {python.py:173} INFO - Done. Returned value was: None
[2023-03-23 15:32:24,386] {taskinstance.py:1400} INFO - Marking task as SUCCESS. dag_id=multi_defence_dag, task_id=Defence3, execution_date=20230323T153220, start_date=20230323T153224, end_date=20230323T153224
[2023-03-23 15:32:24,409] {local_task_job.py:156} INFO - Task exited with return code 0
[2023-03-23 15:32:24,459] {local_task_job.py:273} INFO - 0 downstream tasks scheduled from follow-on schedule check
