[2023-03-23 15:33:30,094] {taskinstance.py:1159} INFO - Dependencies all met for <TaskInstance: multi_defence_dag.choose_best manual__2023-03-23T15:33:22.772833+00:00 [queued]>
[2023-03-23 15:33:30,105] {taskinstance.py:1159} INFO - Dependencies all met for <TaskInstance: multi_defence_dag.choose_best manual__2023-03-23T15:33:22.772833+00:00 [queued]>
[2023-03-23 15:33:30,106] {taskinstance.py:1356} INFO - 
--------------------------------------------------------------------------------
[2023-03-23 15:33:30,107] {taskinstance.py:1357} INFO - Starting attempt 1 of 2
[2023-03-23 15:33:30,107] {taskinstance.py:1358} INFO - 
--------------------------------------------------------------------------------
[2023-03-23 15:33:30,124] {taskinstance.py:1377} INFO - Executing <Task(PythonOperator): choose_best> on 2023-03-23 15:33:22.772833+00:00
[2023-03-23 15:33:30,130] {standard_task_runner.py:52} INFO - Started process 12726 to run task
[2023-03-23 15:33:30,133] {standard_task_runner.py:79} INFO - Running: ['***', 'tasks', 'run', 'multi_defence_dag', 'choose_best', 'manual__2023-03-23T15:33:22.772833+00:00', '--job-id', '3258', '--raw', '--subdir', 'DAGS_FOLDER/defence_dag.py', '--cfg-path', '/tmp/tmptxsdmqjw', '--error-file', '/tmp/tmpdo_naxvp']
[2023-03-23 15:33:30,134] {standard_task_runner.py:80} INFO - Job 3258: Subtask choose_best
[2023-03-23 15:33:30,194] {task_command.py:369} INFO - Running <TaskInstance: multi_defence_dag.choose_best manual__2023-03-23T15:33:22.772833+00:00 [running]> on host 6447f1dacd32
[2023-03-23 15:33:30,273] {taskinstance.py:1571} INFO - Exporting the following env vars:
AIRFLOW_CTX_DAG_OWNER=***
AIRFLOW_CTX_DAG_ID=multi_defence_dag
AIRFLOW_CTX_TASK_ID=choose_best
AIRFLOW_CTX_EXECUTION_DATE=2023-03-23T15:33:22.772833+00:00
AIRFLOW_CTX_TRY_NUMBER=1
AIRFLOW_CTX_DAG_RUN_ID=manual__2023-03-23T15:33:22.772833+00:00
[2023-03-23 15:33:30,332] {transport.py:157} INFO - Attempting refresh to obtain initial access_token
[2023-03-23 15:33:30,335] {client.py:777} INFO - Refreshing access_token
[2023-03-23 15:33:31,163] {python.py:173} INFO - Done. Returned value was: None
[2023-03-23 15:33:31,173] {taskinstance.py:1400} INFO - Marking task as SUCCESS. dag_id=multi_defence_dag, task_id=choose_best, execution_date=20230323T153322, start_date=20230323T153330, end_date=20230323T153331
[2023-03-23 15:33:31,192] {local_task_job.py:156} INFO - Task exited with return code 0
[2023-03-23 15:33:31,227] {local_task_job.py:273} INFO - 1 downstream tasks scheduled from follow-on schedule check
