[2023-04-09 12:50:27,502] {taskinstance.py:1159} INFO - Dependencies all met for <TaskInstance: multi_defence_dag.to_defend manual__2023-04-09T12:50:04.821153+00:00 [queued]>
[2023-04-09 12:50:27,516] {taskinstance.py:1159} INFO - Dependencies all met for <TaskInstance: multi_defence_dag.to_defend manual__2023-04-09T12:50:04.821153+00:00 [queued]>
[2023-04-09 12:50:27,517] {taskinstance.py:1356} INFO - 
--------------------------------------------------------------------------------
[2023-04-09 12:50:27,518] {taskinstance.py:1357} INFO - Starting attempt 1 of 2
[2023-04-09 12:50:27,518] {taskinstance.py:1358} INFO - 
--------------------------------------------------------------------------------
[2023-04-09 12:50:27,538] {taskinstance.py:1377} INFO - Executing <Task(BranchPythonOperator): to_defend> on 2023-04-09 12:50:04.821153+00:00
[2023-04-09 12:50:27,549] {standard_task_runner.py:52} INFO - Started process 15203 to run task
[2023-04-09 12:50:27,555] {standard_task_runner.py:79} INFO - Running: ['***', 'tasks', 'run', 'multi_defence_dag', 'to_defend', 'manual__2023-04-09T12:50:04.821153+00:00', '--job-id', '5017', '--raw', '--subdir', 'DAGS_FOLDER/defence_dag.py', '--cfg-path', '/tmp/tmp5qwwfz8x', '--error-file', '/tmp/tmpc563gf8g']
[2023-04-09 12:50:27,558] {standard_task_runner.py:80} INFO - Job 5017: Subtask to_defend
[2023-04-09 12:50:27,651] {task_command.py:369} INFO - Running <TaskInstance: multi_defence_dag.to_defend manual__2023-04-09T12:50:04.821153+00:00 [running]> on host ff3d40af78f9
[2023-04-09 12:50:27,767] {taskinstance.py:1571} INFO - Exporting the following env vars:
AIRFLOW_CTX_DAG_OWNER=***
AIRFLOW_CTX_DAG_ID=multi_defence_dag
AIRFLOW_CTX_TASK_ID=to_defend
AIRFLOW_CTX_EXECUTION_DATE=2023-04-09T12:50:04.821153+00:00
AIRFLOW_CTX_TRY_NUMBER=1
AIRFLOW_CTX_DAG_RUN_ID=manual__2023-04-09T12:50:04.821153+00:00
[2023-04-09 12:50:27,772] {transport.py:157} INFO - Attempting refresh to obtain initial access_token
[2023-04-09 12:50:27,779] {client.py:777} INFO - Refreshing access_token
[2023-04-09 12:50:28,737] {python.py:173} INFO - Done. Returned value was: stop
[2023-04-09 12:50:28,738] {skipmixin.py:140} INFO - Following branch stop
[2023-04-09 12:50:28,739] {skipmixin.py:175} INFO - Skipping tasks ['trigger_offence']
[2023-04-09 12:50:28,819] {taskinstance.py:1400} INFO - Marking task as SUCCESS. dag_id=multi_defence_dag, task_id=to_defend, execution_date=20230409T125004, start_date=20230409T125027, end_date=20230409T125028
[2023-04-09 12:50:28,853] {local_task_job.py:156} INFO - Task exited with return code 0
[2023-04-09 12:50:28,911] {local_task_job.py:273} INFO - 0 downstream tasks scheduled from follow-on schedule check
