[2023-04-09 08:22:12,785] {taskinstance.py:1159} INFO - Dependencies all met for <TaskInstance: multi_defence_dag.to_defence1 scheduled__2023-03-27T00:00:00+00:00 [queued]>
[2023-04-09 08:22:12,886] {taskinstance.py:1159} INFO - Dependencies all met for <TaskInstance: multi_defence_dag.to_defence1 scheduled__2023-03-27T00:00:00+00:00 [queued]>
[2023-04-09 08:22:12,911] {taskinstance.py:1356} INFO - 
--------------------------------------------------------------------------------
[2023-04-09 08:22:12,913] {taskinstance.py:1357} INFO - Starting attempt 2 of 2
[2023-04-09 08:22:12,914] {taskinstance.py:1358} INFO - 
--------------------------------------------------------------------------------
[2023-04-09 08:22:13,047] {taskinstance.py:1377} INFO - Executing <Task(BranchPythonOperator): to_defence1> on 2023-03-27 00:00:00+00:00
[2023-04-09 08:22:13,097] {standard_task_runner.py:52} INFO - Started process 4135 to run task
[2023-04-09 08:22:13,107] {standard_task_runner.py:79} INFO - Running: ['***', 'tasks', 'run', 'multi_defence_dag', 'to_defence1', 'scheduled__2023-03-27T00:00:00+00:00', '--job-id', '4766', '--raw', '--subdir', 'DAGS_FOLDER/defence_dag.py', '--cfg-path', '/tmp/tmpxq0b07uw', '--error-file', '/tmp/tmpy3ntuls7']
[2023-04-09 08:22:13,112] {standard_task_runner.py:80} INFO - Job 4766: Subtask to_defence1
[2023-04-09 08:22:13,446] {task_command.py:369} INFO - Running <TaskInstance: multi_defence_dag.to_defence1 scheduled__2023-03-27T00:00:00+00:00 [running]> on host ff3d40af78f9
[2023-04-09 08:22:13,831] {taskinstance.py:1571} INFO - Exporting the following env vars:
AIRFLOW_CTX_DAG_OWNER=***
AIRFLOW_CTX_DAG_ID=multi_defence_dag
AIRFLOW_CTX_TASK_ID=to_defence1
AIRFLOW_CTX_EXECUTION_DATE=2023-03-27T00:00:00+00:00
AIRFLOW_CTX_TRY_NUMBER=2
AIRFLOW_CTX_DAG_RUN_ID=scheduled__2023-03-27T00:00:00+00:00
[2023-04-09 08:22:13,892] {python.py:173} INFO - Done. Returned value was: Defence1
[2023-04-09 08:22:13,893] {skipmixin.py:140} INFO - Following branch Defence1
[2023-04-09 08:22:13,895] {skipmixin.py:175} INFO - Skipping tasks ['default']
[2023-04-09 08:22:14,089] {taskinstance.py:1400} INFO - Marking task as SUCCESS. dag_id=multi_defence_dag, task_id=to_defence1, execution_date=20230327T000000, start_date=20230409T082212, end_date=20230409T082214
[2023-04-09 08:22:14,167] {local_task_job.py:156} INFO - Task exited with return code 0
[2023-04-09 08:22:14,318] {local_task_job.py:273} INFO - 1 downstream tasks scheduled from follow-on schedule check
