[2023-03-23 15:16:17,061] {taskinstance.py:1159} INFO - Dependencies all met for <TaskInstance: multi_attack_dag.attack1 manual__2023-03-23T15:15:56.598685+00:00 [queued]>
[2023-03-23 15:16:17,109] {taskinstance.py:1159} INFO - Dependencies all met for <TaskInstance: multi_attack_dag.attack1 manual__2023-03-23T15:15:56.598685+00:00 [queued]>
[2023-03-23 15:16:17,111] {taskinstance.py:1356} INFO - 
--------------------------------------------------------------------------------
[2023-03-23 15:16:17,118] {taskinstance.py:1357} INFO - Starting attempt 1 of 2
[2023-03-23 15:16:17,119] {taskinstance.py:1358} INFO - 
--------------------------------------------------------------------------------
[2023-03-23 15:16:17,185] {taskinstance.py:1377} INFO - Executing <Task(PythonOperator): attack1> on 2023-03-23 15:15:56.598685+00:00
[2023-03-23 15:16:17,197] {standard_task_runner.py:52} INFO - Started process 11830 to run task
[2023-03-23 15:16:17,216] {standard_task_runner.py:79} INFO - Running: ['***', 'tasks', 'run', 'multi_attack_dag', 'attack1', 'manual__2023-03-23T15:15:56.598685+00:00', '--job-id', '2937', '--raw', '--subdir', 'DAGS_FOLDER/attack_dag.py', '--cfg-path', '/tmp/tmpbdr42lii', '--error-file', '/tmp/tmp04i75f38']
[2023-03-23 15:16:17,221] {standard_task_runner.py:80} INFO - Job 2937: Subtask attack1
[2023-03-23 15:16:17,490] {task_command.py:369} INFO - Running <TaskInstance: multi_attack_dag.attack1 manual__2023-03-23T15:15:56.598685+00:00 [running]> on host 6447f1dacd32
[2023-03-23 15:16:17,914] {taskinstance.py:1571} INFO - Exporting the following env vars:
AIRFLOW_CTX_DAG_OWNER=***
AIRFLOW_CTX_DAG_ID=multi_attack_dag
AIRFLOW_CTX_TASK_ID=attack1
AIRFLOW_CTX_EXECUTION_DATE=2023-03-23T15:15:56.598685+00:00
AIRFLOW_CTX_TRY_NUMBER=1
AIRFLOW_CTX_DAG_RUN_ID=manual__2023-03-23T15:15:56.598685+00:00
[2023-03-23 15:16:18,002] {python.py:173} INFO - Done. Returned value was: None
[2023-03-23 15:16:18,157] {taskinstance.py:1400} INFO - Marking task as SUCCESS. dag_id=multi_attack_dag, task_id=attack1, execution_date=20230323T151556, start_date=20230323T151617, end_date=20230323T151618
[2023-03-23 15:16:18,284] {local_task_job.py:156} INFO - Task exited with return code 0
[2023-03-23 15:16:18,585] {local_task_job.py:273} INFO - 0 downstream tasks scheduled from follow-on schedule check
