[2023-03-23 10:52:30,911] {taskinstance.py:1159} INFO - Dependencies all met for <TaskInstance: defence_dag2.defence1 manual__2023-03-23T10:52:28.034231+00:00 [queued]>
[2023-03-23 10:52:30,922] {taskinstance.py:1159} INFO - Dependencies all met for <TaskInstance: defence_dag2.defence1 manual__2023-03-23T10:52:28.034231+00:00 [queued]>
[2023-03-23 10:52:30,923] {taskinstance.py:1356} INFO - 
--------------------------------------------------------------------------------
[2023-03-23 10:52:30,924] {taskinstance.py:1357} INFO - Starting attempt 1 of 1
[2023-03-23 10:52:30,924] {taskinstance.py:1358} INFO - 
--------------------------------------------------------------------------------
[2023-03-23 10:52:30,939] {taskinstance.py:1377} INFO - Executing <Task(PythonOperator): defence1> on 2023-03-23 10:52:28.034231+00:00
[2023-03-23 10:52:30,944] {standard_task_runner.py:52} INFO - Started process 213 to run task
[2023-03-23 10:52:30,947] {standard_task_runner.py:79} INFO - Running: ['***', 'tasks', 'run', 'defence_dag2', 'defence1', 'manual__2023-03-23T10:52:28.034231+00:00', '--job-id', '2589', '--raw', '--subdir', 'DAGS_FOLDER/defese.py', '--cfg-path', '/tmp/tmpko9pzia7', '--error-file', '/tmp/tmph9fwvq73']
[2023-03-23 10:52:30,948] {standard_task_runner.py:80} INFO - Job 2589: Subtask defence1
[2023-03-23 10:52:31,005] {task_command.py:369} INFO - Running <TaskInstance: defence_dag2.defence1 manual__2023-03-23T10:52:28.034231+00:00 [running]> on host 6447f1dacd32
[2023-03-23 10:52:31,094] {taskinstance.py:1571} INFO - Exporting the following env vars:
AIRFLOW_CTX_DAG_OWNER=***
AIRFLOW_CTX_DAG_ID=defence_dag2
AIRFLOW_CTX_TASK_ID=defence1
AIRFLOW_CTX_EXECUTION_DATE=2023-03-23T10:52:28.034231+00:00
AIRFLOW_CTX_TRY_NUMBER=1
AIRFLOW_CTX_DAG_RUN_ID=manual__2023-03-23T10:52:28.034231+00:00
[2023-03-23 10:52:31,095] {logging_mixin.py:115} INFO - defensing
[2023-03-23 10:52:31,096] {python.py:173} INFO - Done. Returned value was: None
[2023-03-23 10:52:31,111] {taskinstance.py:1400} INFO - Marking task as SUCCESS. dag_id=defence_dag2, task_id=defence1, execution_date=20230323T105228, start_date=20230323T105230, end_date=20230323T105231
[2023-03-23 10:52:31,160] {local_task_job.py:156} INFO - Task exited with return code 0
[2023-03-23 10:52:31,207] {local_task_job.py:273} INFO - 1 downstream tasks scheduled from follow-on schedule check
