[2023-04-30 09:33:35,460] {taskinstance.py:1159} INFO - Dependencies all met for <TaskInstance: multi_defence_dag.Defence3 manual__2023-04-30T09:33:20.811586+00:00 [queued]>
[2023-04-30 09:33:35,492] {taskinstance.py:1159} INFO - Dependencies all met for <TaskInstance: multi_defence_dag.Defence3 manual__2023-04-30T09:33:20.811586+00:00 [queued]>
[2023-04-30 09:33:35,493] {taskinstance.py:1356} INFO - 
--------------------------------------------------------------------------------
[2023-04-30 09:33:35,494] {taskinstance.py:1357} INFO - Starting attempt 1 of 2
[2023-04-30 09:33:35,495] {taskinstance.py:1358} INFO - 
--------------------------------------------------------------------------------
[2023-04-30 09:33:35,544] {taskinstance.py:1377} INFO - Executing <Task(PythonOperator): Defence3> on 2023-04-30 09:33:20.811586+00:00
[2023-04-30 09:33:35,565] {standard_task_runner.py:52} INFO - Started process 1632 to run task
[2023-04-30 09:33:35,580] {standard_task_runner.py:79} INFO - Running: ['***', 'tasks', 'run', 'multi_defence_dag', 'Defence3', 'manual__2023-04-30T09:33:20.811586+00:00', '--job-id', '7308', '--raw', '--subdir', 'DAGS_FOLDER/defence_dag.py', '--cfg-path', '/tmp/tmpr2y96f_l', '--error-file', '/tmp/tmp0gkdg5pg']
[2023-04-30 09:33:35,583] {standard_task_runner.py:80} INFO - Job 7308: Subtask Defence3
[2023-04-30 09:33:35,728] {task_command.py:369} INFO - Running <TaskInstance: multi_defence_dag.Defence3 manual__2023-04-30T09:33:20.811586+00:00 [running]> on host e7e31d5a6603
[2023-04-30 09:33:35,903] {taskinstance.py:1571} INFO - Exporting the following env vars:
AIRFLOW_CTX_DAG_OWNER=***
AIRFLOW_CTX_DAG_ID=multi_defence_dag
AIRFLOW_CTX_TASK_ID=Defence3
AIRFLOW_CTX_EXECUTION_DATE=2023-04-30T09:33:20.811586+00:00
AIRFLOW_CTX_TRY_NUMBER=1
AIRFLOW_CTX_DAG_RUN_ID=manual__2023-04-30T09:33:20.811586+00:00
[2023-04-30 09:33:35,938] {python.py:173} INFO - Done. Returned value was: None
[2023-04-30 09:33:35,969] {taskinstance.py:1400} INFO - Marking task as SUCCESS. dag_id=multi_defence_dag, task_id=Defence3, execution_date=20230430T093320, start_date=20230430T093335, end_date=20230430T093335
[2023-04-30 09:33:36,028] {local_task_job.py:156} INFO - Task exited with return code 0
[2023-04-30 09:33:36,183] {local_task_job.py:273} INFO - 1 downstream tasks scheduled from follow-on schedule check
