[2023-04-30 09:33:32,367] {taskinstance.py:1159} INFO - Dependencies all met for <TaskInstance: multi_defence_dag.Defence1 manual__2023-04-30T09:33:20.811586+00:00 [queued]>
[2023-04-30 09:33:32,387] {taskinstance.py:1159} INFO - Dependencies all met for <TaskInstance: multi_defence_dag.Defence1 manual__2023-04-30T09:33:20.811586+00:00 [queued]>
[2023-04-30 09:33:32,388] {taskinstance.py:1356} INFO - 
--------------------------------------------------------------------------------
[2023-04-30 09:33:32,389] {taskinstance.py:1357} INFO - Starting attempt 1 of 2
[2023-04-30 09:33:32,389] {taskinstance.py:1358} INFO - 
--------------------------------------------------------------------------------
[2023-04-30 09:33:32,411] {taskinstance.py:1377} INFO - Executing <Task(PythonOperator): Defence1> on 2023-04-30 09:33:20.811586+00:00
[2023-04-30 09:33:32,430] {standard_task_runner.py:52} INFO - Started process 1621 to run task
[2023-04-30 09:33:32,436] {standard_task_runner.py:79} INFO - Running: ['***', 'tasks', 'run', 'multi_defence_dag', 'Defence1', 'manual__2023-04-30T09:33:20.811586+00:00', '--job-id', '7306', '--raw', '--subdir', 'DAGS_FOLDER/defence_dag.py', '--cfg-path', '/tmp/tmpot1jfd1y', '--error-file', '/tmp/tmp8mtvwbvm']
[2023-04-30 09:33:32,438] {standard_task_runner.py:80} INFO - Job 7306: Subtask Defence1
[2023-04-30 09:33:32,537] {task_command.py:369} INFO - Running <TaskInstance: multi_defence_dag.Defence1 manual__2023-04-30T09:33:20.811586+00:00 [running]> on host e7e31d5a6603
[2023-04-30 09:33:32,663] {taskinstance.py:1571} INFO - Exporting the following env vars:
AIRFLOW_CTX_DAG_OWNER=***
AIRFLOW_CTX_DAG_ID=multi_defence_dag
AIRFLOW_CTX_TASK_ID=Defence1
AIRFLOW_CTX_EXECUTION_DATE=2023-04-30T09:33:20.811586+00:00
AIRFLOW_CTX_TRY_NUMBER=1
AIRFLOW_CTX_DAG_RUN_ID=manual__2023-04-30T09:33:20.811586+00:00
[2023-04-30 09:33:32,691] {python.py:173} INFO - Done. Returned value was: None
[2023-04-30 09:33:32,716] {taskinstance.py:1400} INFO - Marking task as SUCCESS. dag_id=multi_defence_dag, task_id=Defence1, execution_date=20230430T093320, start_date=20230430T093332, end_date=20230430T093332
[2023-04-30 09:33:32,771] {local_task_job.py:156} INFO - Task exited with return code 0
[2023-04-30 09:33:32,896] {local_task_job.py:273} INFO - 0 downstream tasks scheduled from follow-on schedule check
