[2023-03-23 15:36:10,650] {taskinstance.py:1159} INFO - Dependencies all met for <TaskInstance: multi_defence_dag.choose_best manual__2023-03-23T15:36:01.947551+00:00 [queued]>
[2023-03-23 15:36:10,666] {taskinstance.py:1159} INFO - Dependencies all met for <TaskInstance: multi_defence_dag.choose_best manual__2023-03-23T15:36:01.947551+00:00 [queued]>
[2023-03-23 15:36:10,667] {taskinstance.py:1356} INFO - 
--------------------------------------------------------------------------------
[2023-03-23 15:36:10,668] {taskinstance.py:1357} INFO - Starting attempt 1 of 2
[2023-03-23 15:36:10,669] {taskinstance.py:1358} INFO - 
--------------------------------------------------------------------------------
[2023-03-23 15:36:10,691] {taskinstance.py:1377} INFO - Executing <Task(PythonOperator): choose_best> on 2023-03-23 15:36:01.947551+00:00
[2023-03-23 15:36:10,699] {standard_task_runner.py:52} INFO - Started process 13142 to run task
[2023-03-23 15:36:10,704] {standard_task_runner.py:79} INFO - Running: ['***', 'tasks', 'run', 'multi_defence_dag', 'choose_best', 'manual__2023-03-23T15:36:01.947551+00:00', '--job-id', '3411', '--raw', '--subdir', 'DAGS_FOLDER/defence_dag.py', '--cfg-path', '/tmp/tmp_rakl2pk', '--error-file', '/tmp/tmpeh7ofd5s']
[2023-03-23 15:36:10,705] {standard_task_runner.py:80} INFO - Job 3411: Subtask choose_best
[2023-03-23 15:36:10,846] {task_command.py:369} INFO - Running <TaskInstance: multi_defence_dag.choose_best manual__2023-03-23T15:36:01.947551+00:00 [running]> on host 6447f1dacd32
[2023-03-23 15:36:11,028] {taskinstance.py:1571} INFO - Exporting the following env vars:
AIRFLOW_CTX_DAG_OWNER=***
AIRFLOW_CTX_DAG_ID=multi_defence_dag
AIRFLOW_CTX_TASK_ID=choose_best
AIRFLOW_CTX_EXECUTION_DATE=2023-03-23T15:36:01.947551+00:00
AIRFLOW_CTX_TRY_NUMBER=1
AIRFLOW_CTX_DAG_RUN_ID=manual__2023-03-23T15:36:01.947551+00:00
[2023-03-23 15:36:11,179] {transport.py:157} INFO - Attempting refresh to obtain initial access_token
[2023-03-23 15:36:11,188] {client.py:777} INFO - Refreshing access_token
[2023-03-23 15:36:12,313] {python.py:173} INFO - Done. Returned value was: None
[2023-03-23 15:36:12,330] {taskinstance.py:1400} INFO - Marking task as SUCCESS. dag_id=multi_defence_dag, task_id=choose_best, execution_date=20230323T153601, start_date=20230323T153610, end_date=20230323T153612
[2023-03-23 15:36:12,364] {local_task_job.py:156} INFO - Task exited with return code 0
[2023-03-23 15:36:12,422] {local_task_job.py:273} INFO - 1 downstream tasks scheduled from follow-on schedule check
