[2023-03-28 11:46:39,485] {taskinstance.py:1159} INFO - Dependencies all met for <TaskInstance: multi_attack_dag.metadata manual__2023-03-28T11:46:33.273337+00:00 [queued]>
[2023-03-28 11:46:39,494] {taskinstance.py:1159} INFO - Dependencies all met for <TaskInstance: multi_attack_dag.metadata manual__2023-03-28T11:46:33.273337+00:00 [queued]>
[2023-03-28 11:46:39,494] {taskinstance.py:1356} INFO - 
--------------------------------------------------------------------------------
[2023-03-28 11:46:39,495] {taskinstance.py:1357} INFO - Starting attempt 1 of 2
[2023-03-28 11:46:39,496] {taskinstance.py:1358} INFO - 
--------------------------------------------------------------------------------
[2023-03-28 11:46:39,508] {taskinstance.py:1377} INFO - Executing <Task(PythonOperator): metadata> on 2023-03-28 11:46:33.273337+00:00
[2023-03-28 11:46:39,516] {standard_task_runner.py:52} INFO - Started process 912 to run task
[2023-03-28 11:46:39,519] {standard_task_runner.py:79} INFO - Running: ['***', 'tasks', 'run', 'multi_attack_dag', 'metadata', 'manual__2023-03-28T11:46:33.273337+00:00', '--job-id', '4530', '--raw', '--subdir', 'DAGS_FOLDER/sklearn_attack_dag.py', '--cfg-path', '/tmp/tmpu33nekqn', '--error-file', '/tmp/tmp908v3wbs']
[2023-03-28 11:46:39,521] {standard_task_runner.py:80} INFO - Job 4530: Subtask metadata
[2023-03-28 11:46:39,572] {task_command.py:369} INFO - Running <TaskInstance: multi_attack_dag.metadata manual__2023-03-28T11:46:33.273337+00:00 [running]> on host ff3d40af78f9
[2023-03-28 11:46:39,646] {taskinstance.py:1571} INFO - Exporting the following env vars:
AIRFLOW_CTX_DAG_OWNER=***
AIRFLOW_CTX_DAG_ID=multi_attack_dag
AIRFLOW_CTX_TASK_ID=metadata
AIRFLOW_CTX_EXECUTION_DATE=2023-03-28T11:46:33.273337+00:00
AIRFLOW_CTX_TRY_NUMBER=1
AIRFLOW_CTX_DAG_RUN_ID=manual__2023-03-28T11:46:33.273337+00:00
[2023-03-28 11:46:39,649] {transport.py:157} INFO - Attempting refresh to obtain initial access_token
[2023-03-28 11:46:39,652] {client.py:777} INFO - Refreshing access_token
[2023-03-28 11:46:40,741] {python.py:173} INFO - Done. Returned value was: None
[2023-03-28 11:46:40,762] {taskinstance.py:1400} INFO - Marking task as SUCCESS. dag_id=multi_attack_dag, task_id=metadata, execution_date=20230328T114633, start_date=20230328T114639, end_date=20230328T114640
[2023-03-28 11:46:40,818] {local_task_job.py:156} INFO - Task exited with return code 0
[2023-03-28 11:46:40,891] {local_task_job.py:273} INFO - 1 downstream tasks scheduled from follow-on schedule check
