[2023-04-30 08:08:37,657] {taskinstance.py:1159} INFO - Dependencies all met for <TaskInstance: multi_attack_dag.attack_CarliniL2Method manual__2023-04-30T08:08:12.016220+00:00 [queued]>
[2023-04-30 08:08:37,701] {taskinstance.py:1159} INFO - Dependencies all met for <TaskInstance: multi_attack_dag.attack_CarliniL2Method manual__2023-04-30T08:08:12.016220+00:00 [queued]>
[2023-04-30 08:08:37,702] {taskinstance.py:1356} INFO - 
--------------------------------------------------------------------------------
[2023-04-30 08:08:37,704] {taskinstance.py:1357} INFO - Starting attempt 1 of 2
[2023-04-30 08:08:37,704] {taskinstance.py:1358} INFO - 
--------------------------------------------------------------------------------
[2023-04-30 08:08:37,772] {taskinstance.py:1377} INFO - Executing <Task(PythonOperator): attack_CarliniL2Method> on 2023-04-30 08:08:12.016220+00:00
[2023-04-30 08:08:37,786] {standard_task_runner.py:52} INFO - Started process 917 to run task
[2023-04-30 08:08:37,794] {standard_task_runner.py:79} INFO - Running: ['***', 'tasks', 'run', 'multi_attack_dag', 'attack_CarliniL2Method', 'manual__2023-04-30T08:08:12.016220+00:00', '--job-id', '7145', '--raw', '--subdir', 'DAGS_FOLDER/attack_dag.py', '--cfg-path', '/tmp/tmpuwslu3ca', '--error-file', '/tmp/tmpt6vdao40']
[2023-04-30 08:08:37,798] {standard_task_runner.py:80} INFO - Job 7145: Subtask attack_CarliniL2Method
[2023-04-30 08:08:37,967] {task_command.py:369} INFO - Running <TaskInstance: multi_attack_dag.attack_CarliniL2Method manual__2023-04-30T08:08:12.016220+00:00 [running]> on host e7e31d5a6603
[2023-04-30 08:08:38,116] {taskinstance.py:1571} INFO - Exporting the following env vars:
AIRFLOW_CTX_DAG_OWNER=***
AIRFLOW_CTX_DAG_ID=multi_attack_dag
AIRFLOW_CTX_TASK_ID=attack_CarliniL2Method
AIRFLOW_CTX_EXECUTION_DATE=2023-04-30T08:08:12.016220+00:00
AIRFLOW_CTX_TRY_NUMBER=1
AIRFLOW_CTX_DAG_RUN_ID=manual__2023-04-30T08:08:12.016220+00:00
[2023-04-30 08:08:38,124] {transport.py:157} INFO - Attempting refresh to obtain initial access_token
[2023-04-30 08:08:38,132] {client.py:777} INFO - Refreshing access_token
[2023-04-30 08:08:39,059] {taskinstance.py:1889} ERROR - Task failed with exception
Traceback (most recent call last):
  File "/home/airflow/.local/lib/python3.7/site-packages/airflow/operators/python.py", line 171, in execute
    return_value = self.execute_callable()
  File "/home/airflow/.local/lib/python3.7/site-packages/airflow/operators/python.py", line 189, in execute_callable
    return self.python_callable(*self.op_args, **self.op_kwargs)
  File "/opt/airflow/dags/attack.py", line 96, in attack_CarliniL2Method
    model_acc, adversarial_examples  = attack(CarliniL2Method)
  File "/opt/airflow/dags/attack.py", line 30, in attack
    x_train, y_train,x_test, y_test =  get_data()
TypeError: cannot unpack non-iterable NoneType object
[2023-04-30 08:08:39,074] {taskinstance.py:1400} INFO - Marking task as UP_FOR_RETRY. dag_id=multi_attack_dag, task_id=attack_CarliniL2Method, execution_date=20230430T080812, start_date=20230430T080837, end_date=20230430T080839
[2023-04-30 08:08:39,092] {standard_task_runner.py:97} ERROR - Failed to execute job 7145 for task attack_CarliniL2Method (cannot unpack non-iterable NoneType object; 917)
[2023-04-30 08:08:39,141] {local_task_job.py:156} INFO - Task exited with return code 1
[2023-04-30 08:08:39,189] {local_task_job.py:273} INFO - 0 downstream tasks scheduled from follow-on schedule check
