[2023-03-19 11:57:55,121] {taskinstance.py:1159} INFO - Dependencies all met for <TaskInstance: defence_dag2.defence1 scheduled__2023-03-18T00:00:00+00:00 [queued]>
[2023-03-19 11:57:55,130] {taskinstance.py:1159} INFO - Dependencies all met for <TaskInstance: defence_dag2.defence1 scheduled__2023-03-18T00:00:00+00:00 [queued]>
[2023-03-19 11:57:55,131] {taskinstance.py:1356} INFO - 
--------------------------------------------------------------------------------
[2023-03-19 11:57:55,131] {taskinstance.py:1357} INFO - Starting attempt 1 of 1
[2023-03-19 11:57:55,132] {taskinstance.py:1358} INFO - 
--------------------------------------------------------------------------------
[2023-03-19 11:57:55,146] {taskinstance.py:1377} INFO - Executing <Task(PythonOperator): defence1> on 2023-03-18 00:00:00+00:00
[2023-03-19 11:57:55,151] {standard_task_runner.py:52} INFO - Started process 119 to run task
[2023-03-19 11:57:55,155] {standard_task_runner.py:79} INFO - Running: ['***', 'tasks', 'run', 'defence_dag2', 'defence1', 'scheduled__2023-03-18T00:00:00+00:00', '--job-id', '1654', '--raw', '--subdir', 'DAGS_FOLDER/defese.py', '--cfg-path', '/tmp/tmp034l5ipy', '--error-file', '/tmp/tmpdl3lyjxt']
[2023-03-19 11:57:55,156] {standard_task_runner.py:80} INFO - Job 1654: Subtask defence1
[2023-03-19 11:57:55,220] {task_command.py:369} INFO - Running <TaskInstance: defence_dag2.defence1 scheduled__2023-03-18T00:00:00+00:00 [running]> on host de4be3e36311
[2023-03-19 11:57:55,306] {taskinstance.py:1571} INFO - Exporting the following env vars:
AIRFLOW_CTX_DAG_OWNER=***
AIRFLOW_CTX_DAG_ID=defence_dag2
AIRFLOW_CTX_TASK_ID=defence1
AIRFLOW_CTX_EXECUTION_DATE=2023-03-18T00:00:00+00:00
AIRFLOW_CTX_TRY_NUMBER=1
AIRFLOW_CTX_DAG_RUN_ID=scheduled__2023-03-18T00:00:00+00:00
[2023-03-19 11:57:55,308] {logging_mixin.py:115} INFO - defensing
[2023-03-19 11:57:55,308] {python.py:173} INFO - Done. Returned value was: None
[2023-03-19 11:57:55,321] {taskinstance.py:1400} INFO - Marking task as SUCCESS. dag_id=defence_dag2, task_id=defence1, execution_date=20230318T000000, start_date=20230319T115755, end_date=20230319T115755
[2023-03-19 11:57:55,368] {local_task_job.py:156} INFO - Task exited with return code 0
[2023-03-19 11:57:55,408] {local_task_job.py:273} INFO - 1 downstream tasks scheduled from follow-on schedule check
