[2023-04-27 12:45:55,161] {taskinstance.py:1159} INFO - Dependencies all met for <TaskInstance: multi_defence_dag.to_defence1 manual__2023-04-27T12:44:43.915832+00:00 [queued]>
[2023-04-27 12:45:55,304] {taskinstance.py:1159} INFO - Dependencies all met for <TaskInstance: multi_defence_dag.to_defence1 manual__2023-04-27T12:44:43.915832+00:00 [queued]>
[2023-04-27 12:45:55,308] {taskinstance.py:1356} INFO - 
--------------------------------------------------------------------------------
[2023-04-27 12:45:55,312] {taskinstance.py:1357} INFO - Starting attempt 1 of 2
[2023-04-27 12:45:55,318] {taskinstance.py:1358} INFO - 
--------------------------------------------------------------------------------
[2023-04-27 12:45:55,507] {taskinstance.py:1377} INFO - Executing <Task(BranchPythonOperator): to_defence1> on 2023-04-27 12:44:43.915832+00:00
[2023-04-27 12:45:55,557] {standard_task_runner.py:52} INFO - Started process 217 to run task
[2023-04-27 12:45:55,612] {standard_task_runner.py:79} INFO - Running: ['***', 'tasks', 'run', 'multi_defence_dag', 'to_defence1', 'manual__2023-04-27T12:44:43.915832+00:00', '--job-id', '6861', '--raw', '--subdir', 'DAGS_FOLDER/defence_dag.py', '--cfg-path', '/tmp/tmpot7aa5oq', '--error-file', '/tmp/tmp87qajb2m']
[2023-04-27 12:45:55,627] {standard_task_runner.py:80} INFO - Job 6861: Subtask to_defence1
[2023-04-27 12:45:56,545] {task_command.py:369} INFO - Running <TaskInstance: multi_defence_dag.to_defence1 manual__2023-04-27T12:44:43.915832+00:00 [running]> on host e7e31d5a6603
[2023-04-27 12:45:59,214] {taskinstance.py:1571} INFO - Exporting the following env vars:
AIRFLOW_CTX_DAG_OWNER=***
AIRFLOW_CTX_DAG_ID=multi_defence_dag
AIRFLOW_CTX_TASK_ID=to_defence1
AIRFLOW_CTX_EXECUTION_DATE=2023-04-27T12:44:43.915832+00:00
AIRFLOW_CTX_TRY_NUMBER=1
AIRFLOW_CTX_DAG_RUN_ID=manual__2023-04-27T12:44:43.915832+00:00
[2023-04-27 12:45:59,449] {python.py:173} INFO - Done. Returned value was: Defence1
[2023-04-27 12:45:59,456] {skipmixin.py:140} INFO - Following branch Defence1
[2023-04-27 12:45:59,465] {skipmixin.py:175} INFO - Skipping tasks ['default']
[2023-04-27 12:46:00,712] {taskinstance.py:1400} INFO - Marking task as SUCCESS. dag_id=multi_defence_dag, task_id=to_defence1, execution_date=20230427T124443, start_date=20230427T124555, end_date=20230427T124600
[2023-04-27 12:46:01,329] {local_task_job.py:156} INFO - Task exited with return code 0
[2023-04-27 12:46:01,981] {local_task_job.py:273} INFO - 1 downstream tasks scheduled from follow-on schedule check
