[2023-03-16 11:29:21,186] {taskinstance.py:1159} INFO - Dependencies all met for <TaskInstance: defence_dag.trigger_offence manual__2023-03-12T15:53:28.101101+00:00 [queued]>
[2023-03-16 11:29:21,197] {taskinstance.py:1159} INFO - Dependencies all met for <TaskInstance: defence_dag.trigger_offence manual__2023-03-12T15:53:28.101101+00:00 [queued]>
[2023-03-16 11:29:21,197] {taskinstance.py:1356} INFO - 
--------------------------------------------------------------------------------
[2023-03-16 11:29:21,198] {taskinstance.py:1357} INFO - Starting attempt 1 of 1
[2023-03-16 11:29:21,198] {taskinstance.py:1358} INFO - 
--------------------------------------------------------------------------------
[2023-03-16 11:29:21,216] {taskinstance.py:1377} INFO - Executing <Task(TriggerDagRunOperator): trigger_offence> on 2023-03-12 15:53:28.101101+00:00
[2023-03-16 11:29:21,221] {standard_task_runner.py:52} INFO - Started process 89 to run task
[2023-03-16 11:29:21,225] {standard_task_runner.py:79} INFO - Running: ['***', 'tasks', 'run', 'defence_dag', 'trigger_offence', 'manual__2023-03-12T15:53:28.101101+00:00', '--job-id', '686', '--raw', '--subdir', 'DAGS_FOLDER/defese.py', '--cfg-path', '/tmp/tmp9ysaklmo', '--error-file', '/tmp/tmpjy62oqn_']
[2023-03-16 11:29:21,226] {standard_task_runner.py:80} INFO - Job 686: Subtask trigger_offence
[2023-03-16 11:29:21,297] {task_command.py:369} INFO - Running <TaskInstance: defence_dag.trigger_offence manual__2023-03-12T15:53:28.101101+00:00 [running]> on host 596adcca7378
[2023-03-16 11:29:22,069] {taskinstance.py:1571} INFO - Exporting the following env vars:
AIRFLOW_CTX_DAG_OWNER=***
AIRFLOW_CTX_DAG_ID=defence_dag
AIRFLOW_CTX_TASK_ID=trigger_offence
AIRFLOW_CTX_EXECUTION_DATE=2023-03-12T15:53:28.101101+00:00
AIRFLOW_CTX_TRY_NUMBER=1
AIRFLOW_CTX_DAG_RUN_ID=manual__2023-03-12T15:53:28.101101+00:00
[2023-03-16 11:29:24,206] {taskinstance.py:1400} INFO - Marking task as SUCCESS. dag_id=defence_dag, task_id=trigger_offence, execution_date=20230312T155328, start_date=20230316T112921, end_date=20230316T112924
[2023-03-16 11:29:24,236] {local_task_job.py:156} INFO - Task exited with return code 0
[2023-03-16 11:29:24,264] {local_task_job.py:273} INFO - 0 downstream tasks scheduled from follow-on schedule check
