[2023-03-12 15:21:10,283] {taskinstance.py:1159} INFO - Dependencies all met for <TaskInstance: defence_dag.trigger_offence manual__2023-03-12T15:21:03.331517+00:00 [queued]>
[2023-03-12 15:21:10,294] {taskinstance.py:1159} INFO - Dependencies all met for <TaskInstance: defence_dag.trigger_offence manual__2023-03-12T15:21:03.331517+00:00 [queued]>
[2023-03-12 15:21:10,294] {taskinstance.py:1356} INFO - 
--------------------------------------------------------------------------------
[2023-03-12 15:21:10,295] {taskinstance.py:1357} INFO - Starting attempt 1 of 1
[2023-03-12 15:21:10,296] {taskinstance.py:1358} INFO - 
--------------------------------------------------------------------------------
[2023-03-12 15:21:10,310] {taskinstance.py:1377} INFO - Executing <Task(TriggerDagRunOperator): trigger_offence> on 2023-03-12 15:21:03.331517+00:00
[2023-03-12 15:21:10,316] {standard_task_runner.py:52} INFO - Started process 440 to run task
[2023-03-12 15:21:10,319] {standard_task_runner.py:79} INFO - Running: ['***', 'tasks', 'run', 'defence_dag', 'trigger_offence', 'manual__2023-03-12T15:21:03.331517+00:00', '--job-id', '526', '--raw', '--subdir', 'DAGS_FOLDER/defese.py', '--cfg-path', '/tmp/tmpltd5u0bt', '--error-file', '/tmp/tmpmcxst2ch']
[2023-03-12 15:21:10,320] {standard_task_runner.py:80} INFO - Job 526: Subtask trigger_offence
[2023-03-12 15:21:10,370] {task_command.py:369} INFO - Running <TaskInstance: defence_dag.trigger_offence manual__2023-03-12T15:21:03.331517+00:00 [running]> on host 596adcca7378
[2023-03-12 15:21:10,437] {taskinstance.py:1571} INFO - Exporting the following env vars:
AIRFLOW_CTX_DAG_OWNER=***
AIRFLOW_CTX_DAG_ID=defence_dag
AIRFLOW_CTX_TASK_ID=trigger_offence
AIRFLOW_CTX_EXECUTION_DATE=2023-03-12T15:21:03.331517+00:00
AIRFLOW_CTX_TRY_NUMBER=1
AIRFLOW_CTX_DAG_RUN_ID=manual__2023-03-12T15:21:03.331517+00:00
[2023-03-12 15:21:11,222] {taskinstance.py:1400} INFO - Marking task as SUCCESS. dag_id=defence_dag, task_id=trigger_offence, execution_date=20230312T152103, start_date=20230312T152110, end_date=20230312T152111
[2023-03-12 15:21:11,255] {local_task_job.py:156} INFO - Task exited with return code 0
[2023-03-12 15:21:11,281] {local_task_job.py:273} INFO - 0 downstream tasks scheduled from follow-on schedule check
