[2023-03-28 10:32:53,504] {taskinstance.py:1159} INFO - Dependencies all met for <TaskInstance: defence_dag2.storing manual__2023-03-28T10:32:50.319941+00:00 [queued]>
[2023-03-28 10:32:53,519] {taskinstance.py:1159} INFO - Dependencies all met for <TaskInstance: defence_dag2.storing manual__2023-03-28T10:32:50.319941+00:00 [queued]>
[2023-03-28 10:32:53,520] {taskinstance.py:1356} INFO - 
--------------------------------------------------------------------------------
[2023-03-28 10:32:53,520] {taskinstance.py:1357} INFO - Starting attempt 1 of 1
[2023-03-28 10:32:53,521] {taskinstance.py:1358} INFO - 
--------------------------------------------------------------------------------
[2023-03-28 10:32:53,538] {taskinstance.py:1377} INFO - Executing <Task(BashOperator): storing> on 2023-03-28 10:32:50.319941+00:00
[2023-03-28 10:32:53,547] {standard_task_runner.py:52} INFO - Started process 2738 to run task
[2023-03-28 10:32:53,551] {standard_task_runner.py:79} INFO - Running: ['***', 'tasks', 'run', 'defence_dag2', 'storing', 'manual__2023-03-28T10:32:50.319941+00:00', '--job-id', '4386', '--raw', '--subdir', 'DAGS_FOLDER/defese.py', '--cfg-path', '/tmp/tmpcz67_bhn', '--error-file', '/tmp/tmpcan182u0']
[2023-03-28 10:32:53,552] {standard_task_runner.py:80} INFO - Job 4386: Subtask storing
[2023-03-28 10:32:53,632] {task_command.py:369} INFO - Running <TaskInstance: defence_dag2.storing manual__2023-03-28T10:32:50.319941+00:00 [running]> on host 70f8824ef075
[2023-03-28 10:32:53,738] {taskinstance.py:1571} INFO - Exporting the following env vars:
AIRFLOW_CTX_DAG_OWNER=***
AIRFLOW_CTX_DAG_ID=defence_dag2
AIRFLOW_CTX_TASK_ID=storing
AIRFLOW_CTX_EXECUTION_DATE=2023-03-28T10:32:50.319941+00:00
AIRFLOW_CTX_TRY_NUMBER=1
AIRFLOW_CTX_DAG_RUN_ID=manual__2023-03-28T10:32:50.319941+00:00
[2023-03-28 10:32:53,741] {subprocess.py:62} INFO - Tmp dir root location: 
 /tmp
[2023-03-28 10:32:53,742] {subprocess.py:74} INFO - Running command: ['bash', '-c', 'sleep 1']
[2023-03-28 10:32:53,761] {subprocess.py:85} INFO - Output:
[2023-03-28 10:32:54,766] {subprocess.py:96} INFO - Command exited with return code 0
[2023-03-28 10:32:54,872] {taskinstance.py:1400} INFO - Marking task as SUCCESS. dag_id=defence_dag2, task_id=storing, execution_date=20230328T103250, start_date=20230328T103253, end_date=20230328T103254
[2023-03-28 10:32:54,975] {local_task_job.py:156} INFO - Task exited with return code 0
[2023-03-28 10:32:55,089] {local_task_job.py:273} INFO - 1 downstream tasks scheduled from follow-on schedule check
