[2023-03-16 11:30:26,057] {taskinstance.py:1159} INFO - Dependencies all met for <TaskInstance: defence_dag.trigger_offence manual__2023-03-16T11:30:20.129918+00:00 [queued]>
[2023-03-16 11:30:26,072] {taskinstance.py:1159} INFO - Dependencies all met for <TaskInstance: defence_dag.trigger_offence manual__2023-03-16T11:30:20.129918+00:00 [queued]>
[2023-03-16 11:30:26,072] {taskinstance.py:1356} INFO - 
--------------------------------------------------------------------------------
[2023-03-16 11:30:26,073] {taskinstance.py:1357} INFO - Starting attempt 1 of 1
[2023-03-16 11:30:26,074] {taskinstance.py:1358} INFO - 
--------------------------------------------------------------------------------
[2023-03-16 11:30:26,092] {taskinstance.py:1377} INFO - Executing <Task(TriggerDagRunOperator): trigger_offence> on 2023-03-16 11:30:20.129918+00:00
[2023-03-16 11:30:26,097] {standard_task_runner.py:52} INFO - Started process 487 to run task
[2023-03-16 11:30:26,099] {standard_task_runner.py:79} INFO - Running: ['***', 'tasks', 'run', 'defence_dag', 'trigger_offence', 'manual__2023-03-16T11:30:20.129918+00:00', '--job-id', '832', '--raw', '--subdir', 'DAGS_FOLDER/defese.py', '--cfg-path', '/tmp/tmpt_ioxf5z', '--error-file', '/tmp/tmpsrw8itsz']
[2023-03-16 11:30:26,100] {standard_task_runner.py:80} INFO - Job 832: Subtask trigger_offence
[2023-03-16 11:30:26,159] {task_command.py:369} INFO - Running <TaskInstance: defence_dag.trigger_offence manual__2023-03-16T11:30:20.129918+00:00 [running]> on host 596adcca7378
[2023-03-16 11:30:26,238] {taskinstance.py:1571} INFO - Exporting the following env vars:
AIRFLOW_CTX_DAG_OWNER=***
AIRFLOW_CTX_DAG_ID=defence_dag
AIRFLOW_CTX_TASK_ID=trigger_offence
AIRFLOW_CTX_EXECUTION_DATE=2023-03-16T11:30:20.129918+00:00
AIRFLOW_CTX_TRY_NUMBER=1
AIRFLOW_CTX_DAG_RUN_ID=manual__2023-03-16T11:30:20.129918+00:00
[2023-03-16 11:30:27,155] {taskinstance.py:1400} INFO - Marking task as SUCCESS. dag_id=defence_dag, task_id=trigger_offence, execution_date=20230316T113020, start_date=20230316T113026, end_date=20230316T113027
[2023-03-16 11:30:27,196] {local_task_job.py:156} INFO - Task exited with return code 0
[2023-03-16 11:30:27,240] {local_task_job.py:273} INFO - 0 downstream tasks scheduled from follow-on schedule check
