[2023-04-16 13:57:04,642] {taskinstance.py:1159} INFO - Dependencies all met for <TaskInstance: multi_defence_dag.choose_defence manual__2023-04-16T13:56:54.086572+00:00 [queued]>
[2023-04-16 13:57:04,680] {taskinstance.py:1159} INFO - Dependencies all met for <TaskInstance: multi_defence_dag.choose_defence manual__2023-04-16T13:56:54.086572+00:00 [queued]>
[2023-04-16 13:57:04,688] {taskinstance.py:1356} INFO - 
--------------------------------------------------------------------------------
[2023-04-16 13:57:04,689] {taskinstance.py:1357} INFO - Starting attempt 1 of 2
[2023-04-16 13:57:04,690] {taskinstance.py:1358} INFO - 
--------------------------------------------------------------------------------
[2023-04-16 13:57:04,732] {taskinstance.py:1377} INFO - Executing <Task(PythonOperator): choose_defence> on 2023-04-16 13:56:54.086572+00:00
[2023-04-16 13:57:04,752] {standard_task_runner.py:52} INFO - Started process 487 to run task
[2023-04-16 13:57:04,768] {standard_task_runner.py:79} INFO - Running: ['***', 'tasks', 'run', 'multi_defence_dag', 'choose_defence', 'manual__2023-04-16T13:56:54.086572+00:00', '--job-id', '5221', '--raw', '--subdir', 'DAGS_FOLDER/defence_dag.py', '--cfg-path', '/tmp/tmpa2tk4ivp', '--error-file', '/tmp/tmpgrckrp4t']
[2023-04-16 13:57:04,770] {standard_task_runner.py:80} INFO - Job 5221: Subtask choose_defence
[2023-04-16 13:57:04,941] {task_command.py:369} INFO - Running <TaskInstance: multi_defence_dag.choose_defence manual__2023-04-16T13:56:54.086572+00:00 [running]> on host c5458bb8a35c
[2023-04-16 13:57:05,238] {taskinstance.py:1571} INFO - Exporting the following env vars:
AIRFLOW_CTX_DAG_OWNER=***
AIRFLOW_CTX_DAG_ID=multi_defence_dag
AIRFLOW_CTX_TASK_ID=choose_defence
AIRFLOW_CTX_EXECUTION_DATE=2023-04-16T13:56:54.086572+00:00
AIRFLOW_CTX_TRY_NUMBER=1
AIRFLOW_CTX_DAG_RUN_ID=manual__2023-04-16T13:56:54.086572+00:00
[2023-04-16 13:57:05,409] {python.py:173} INFO - Done. Returned value was: None
[2023-04-16 13:57:05,478] {taskinstance.py:1400} INFO - Marking task as SUCCESS. dag_id=multi_defence_dag, task_id=choose_defence, execution_date=20230416T135654, start_date=20230416T135704, end_date=20230416T135705
[2023-04-16 13:57:05,568] {local_task_job.py:156} INFO - Task exited with return code 0
[2023-04-16 13:57:05,779] {local_task_job.py:273} INFO - 3 downstream tasks scheduled from follow-on schedule check
