[2023-03-23 15:14:43,221] {taskinstance.py:1159} INFO - Dependencies all met for <TaskInstance: multi_defence_dag.to_defend manual__2023-03-23T15:14:20.366708+00:00 [queued]>
[2023-03-23 15:14:43,238] {taskinstance.py:1159} INFO - Dependencies all met for <TaskInstance: multi_defence_dag.to_defend manual__2023-03-23T15:14:20.366708+00:00 [queued]>
[2023-03-23 15:14:43,239] {taskinstance.py:1356} INFO - 
--------------------------------------------------------------------------------
[2023-03-23 15:14:43,244] {taskinstance.py:1357} INFO - Starting attempt 1 of 2
[2023-03-23 15:14:43,245] {taskinstance.py:1358} INFO - 
--------------------------------------------------------------------------------
[2023-03-23 15:14:43,270] {taskinstance.py:1377} INFO - Executing <Task(BranchPythonOperator): to_defend> on 2023-03-23 15:14:20.366708+00:00
[2023-03-23 15:14:43,278] {standard_task_runner.py:52} INFO - Started process 11700 to run task
[2023-03-23 15:14:43,285] {standard_task_runner.py:79} INFO - Running: ['***', 'tasks', 'run', 'multi_defence_dag', 'to_defend', 'manual__2023-03-23T15:14:20.366708+00:00', '--job-id', '2898', '--raw', '--subdir', 'DAGS_FOLDER/defence_dag.py', '--cfg-path', '/tmp/tmplw4wq6n9', '--error-file', '/tmp/tmpf8my418r']
[2023-03-23 15:14:43,287] {standard_task_runner.py:80} INFO - Job 2898: Subtask to_defend
[2023-03-23 15:14:43,390] {task_command.py:369} INFO - Running <TaskInstance: multi_defence_dag.to_defend manual__2023-03-23T15:14:20.366708+00:00 [running]> on host 6447f1dacd32
[2023-03-23 15:14:43,528] {taskinstance.py:1571} INFO - Exporting the following env vars:
AIRFLOW_CTX_DAG_OWNER=***
AIRFLOW_CTX_DAG_ID=multi_defence_dag
AIRFLOW_CTX_TASK_ID=to_defend
AIRFLOW_CTX_EXECUTION_DATE=2023-03-23T15:14:20.366708+00:00
AIRFLOW_CTX_TRY_NUMBER=1
AIRFLOW_CTX_DAG_RUN_ID=manual__2023-03-23T15:14:20.366708+00:00
[2023-03-23 15:14:43,554] {transport.py:157} INFO - Attempting refresh to obtain initial access_token
[2023-03-23 15:14:43,561] {client.py:777} INFO - Refreshing access_token
[2023-03-23 15:14:44,466] {python.py:173} INFO - Done. Returned value was: trigger_offence
[2023-03-23 15:14:44,467] {skipmixin.py:140} INFO - Following branch trigger_offence
[2023-03-23 15:14:44,468] {skipmixin.py:175} INFO - Skipping tasks ['stop']
[2023-03-23 15:14:44,544] {taskinstance.py:1400} INFO - Marking task as SUCCESS. dag_id=multi_defence_dag, task_id=to_defend, execution_date=20230323T151420, start_date=20230323T151443, end_date=20230323T151444
[2023-03-23 15:14:44,587] {local_task_job.py:156} INFO - Task exited with return code 0
[2023-03-23 15:14:44,647] {local_task_job.py:273} INFO - 0 downstream tasks scheduled from follow-on schedule check
