[2023-04-18 06:14:20,740] {taskinstance.py:1159} INFO - Dependencies all met for <TaskInstance: multi_defence_dag.choose_best scheduled__2023-04-17T00:00:00+00:00 [queued]>
[2023-04-18 06:14:20,785] {taskinstance.py:1159} INFO - Dependencies all met for <TaskInstance: multi_defence_dag.choose_best scheduled__2023-04-17T00:00:00+00:00 [queued]>
[2023-04-18 06:14:20,786] {taskinstance.py:1356} INFO - 
--------------------------------------------------------------------------------
[2023-04-18 06:14:20,788] {taskinstance.py:1357} INFO - Starting attempt 1 of 2
[2023-04-18 06:14:20,788] {taskinstance.py:1358} INFO - 
--------------------------------------------------------------------------------
[2023-04-18 06:14:20,831] {taskinstance.py:1377} INFO - Executing <Task(PythonOperator): choose_best> on 2023-04-17 00:00:00+00:00
[2023-04-18 06:14:20,850] {standard_task_runner.py:52} INFO - Started process 267 to run task
[2023-04-18 06:14:20,863] {standard_task_runner.py:79} INFO - Running: ['***', 'tasks', 'run', 'multi_defence_dag', 'choose_best', 'scheduled__2023-04-17T00:00:00+00:00', '--job-id', '5456', '--raw', '--subdir', 'DAGS_FOLDER/defence_dag.py', '--cfg-path', '/tmp/tmp0dulm_gw', '--error-file', '/tmp/tmp7gbndquf']
[2023-04-18 06:14:20,866] {standard_task_runner.py:80} INFO - Job 5456: Subtask choose_best
[2023-04-18 06:14:21,018] {task_command.py:369} INFO - Running <TaskInstance: multi_defence_dag.choose_best scheduled__2023-04-17T00:00:00+00:00 [running]> on host a3dd7d962104
[2023-04-18 06:14:21,223] {taskinstance.py:1571} INFO - Exporting the following env vars:
AIRFLOW_CTX_DAG_OWNER=***
AIRFLOW_CTX_DAG_ID=multi_defence_dag
AIRFLOW_CTX_TASK_ID=choose_best
AIRFLOW_CTX_EXECUTION_DATE=2023-04-17T00:00:00+00:00
AIRFLOW_CTX_TRY_NUMBER=1
AIRFLOW_CTX_DAG_RUN_ID=scheduled__2023-04-17T00:00:00+00:00
[2023-04-18 06:14:21,402] {transport.py:157} INFO - Attempting refresh to obtain initial access_token
[2023-04-18 06:14:21,413] {client.py:777} INFO - Refreshing access_token
[2023-04-18 06:14:22,135] {transport.py:157} INFO - Attempting refresh to obtain initial access_token
[2023-04-18 06:14:22,138] {client.py:777} INFO - Refreshing access_token
[2023-04-18 06:14:22,591] {python.py:173} INFO - Done. Returned value was: None
[2023-04-18 06:14:22,628] {taskinstance.py:1400} INFO - Marking task as SUCCESS. dag_id=multi_defence_dag, task_id=choose_best, execution_date=20230417T000000, start_date=20230418T061420, end_date=20230418T061422
[2023-04-18 06:14:22,720] {local_task_job.py:156} INFO - Task exited with return code 0
[2023-04-18 06:14:22,857] {local_task_job.py:273} INFO - 1 downstream tasks scheduled from follow-on schedule check
