[2023-04-09 08:48:10,664] {taskinstance.py:1159} INFO - Dependencies all met for <TaskInstance: multi_defence_dag.stop manual__2023-04-09T08:47:16.744958+00:00 [queued]>
[2023-04-09 08:48:10,691] {taskinstance.py:1159} INFO - Dependencies all met for <TaskInstance: multi_defence_dag.stop manual__2023-04-09T08:47:16.744958+00:00 [queued]>
[2023-04-09 08:48:10,692] {taskinstance.py:1356} INFO - 
--------------------------------------------------------------------------------
[2023-04-09 08:48:10,693] {taskinstance.py:1357} INFO - Starting attempt 1 of 2
[2023-04-09 08:48:10,694] {taskinstance.py:1358} INFO - 
--------------------------------------------------------------------------------
[2023-04-09 08:48:10,718] {taskinstance.py:1377} INFO - Executing <Task(PythonOperator): stop> on 2023-04-09 08:47:16.744958+00:00
[2023-04-09 08:48:10,733] {standard_task_runner.py:52} INFO - Started process 5200 to run task
[2023-04-09 08:48:10,740] {standard_task_runner.py:79} INFO - Running: ['***', 'tasks', 'run', 'multi_defence_dag', 'stop', 'manual__2023-04-09T08:47:16.744958+00:00', '--job-id', '4863', '--raw', '--subdir', 'DAGS_FOLDER/defence_dag.py', '--cfg-path', '/tmp/tmpptkqdph7', '--error-file', '/tmp/tmpdp9kbhbt']
[2023-04-09 08:48:10,741] {standard_task_runner.py:80} INFO - Job 4863: Subtask stop
[2023-04-09 08:48:10,928] {task_command.py:369} INFO - Running <TaskInstance: multi_defence_dag.stop manual__2023-04-09T08:47:16.744958+00:00 [running]> on host ff3d40af78f9
[2023-04-09 08:48:11,092] {taskinstance.py:1571} INFO - Exporting the following env vars:
AIRFLOW_CTX_DAG_OWNER=***
AIRFLOW_CTX_DAG_ID=multi_defence_dag
AIRFLOW_CTX_TASK_ID=stop
AIRFLOW_CTX_EXECUTION_DATE=2023-04-09T08:47:16.744958+00:00
AIRFLOW_CTX_TRY_NUMBER=1
AIRFLOW_CTX_DAG_RUN_ID=manual__2023-04-09T08:47:16.744958+00:00
[2023-04-09 08:48:11,095] {python.py:173} INFO - Done. Returned value was: Cycle has ended
[2023-04-09 08:48:11,169] {taskinstance.py:1400} INFO - Marking task as SUCCESS. dag_id=multi_defence_dag, task_id=stop, execution_date=20230409T084716, start_date=20230409T084810, end_date=20230409T084811
[2023-04-09 08:48:11,235] {local_task_job.py:156} INFO - Task exited with return code 0
[2023-04-09 08:48:11,315] {local_task_job.py:273} INFO - 0 downstream tasks scheduled from follow-on schedule check
