[2023-04-09 13:38:19,182] {taskinstance.py:1159} INFO - Dependencies all met for <TaskInstance: multi_defence_dag.to_defend manual__2023-04-09T13:37:58.850560+00:00 [queued]>
[2023-04-09 13:38:19,195] {taskinstance.py:1159} INFO - Dependencies all met for <TaskInstance: multi_defence_dag.to_defend manual__2023-04-09T13:37:58.850560+00:00 [queued]>
[2023-04-09 13:38:19,196] {taskinstance.py:1356} INFO - 
--------------------------------------------------------------------------------
[2023-04-09 13:38:19,196] {taskinstance.py:1357} INFO - Starting attempt 1 of 2
[2023-04-09 13:38:19,197] {taskinstance.py:1358} INFO - 
--------------------------------------------------------------------------------
[2023-04-09 13:38:19,213] {taskinstance.py:1377} INFO - Executing <Task(BranchPythonOperator): to_defend> on 2023-04-09 13:37:58.850560+00:00
[2023-04-09 13:38:19,226] {standard_task_runner.py:52} INFO - Started process 593 to run task
[2023-04-09 13:38:19,230] {standard_task_runner.py:79} INFO - Running: ['***', 'tasks', 'run', 'multi_defence_dag', 'to_defend', 'manual__2023-04-09T13:37:58.850560+00:00', '--job-id', '5077', '--raw', '--subdir', 'DAGS_FOLDER/defence_dag.py', '--cfg-path', '/tmp/tmpw8g1hw8s', '--error-file', '/tmp/tmpikmeq8ef']
[2023-04-09 13:38:19,231] {standard_task_runner.py:80} INFO - Job 5077: Subtask to_defend
[2023-04-09 13:38:19,304] {task_command.py:369} INFO - Running <TaskInstance: multi_defence_dag.to_defend manual__2023-04-09T13:37:58.850560+00:00 [running]> on host c5458bb8a35c
[2023-04-09 13:38:19,401] {taskinstance.py:1571} INFO - Exporting the following env vars:
AIRFLOW_CTX_DAG_OWNER=***
AIRFLOW_CTX_DAG_ID=multi_defence_dag
AIRFLOW_CTX_TASK_ID=to_defend
AIRFLOW_CTX_EXECUTION_DATE=2023-04-09T13:37:58.850560+00:00
AIRFLOW_CTX_TRY_NUMBER=1
AIRFLOW_CTX_DAG_RUN_ID=manual__2023-04-09T13:37:58.850560+00:00
[2023-04-09 13:38:19,406] {transport.py:157} INFO - Attempting refresh to obtain initial access_token
[2023-04-09 13:38:19,410] {client.py:777} INFO - Refreshing access_token
[2023-04-09 13:38:20,143] {python.py:173} INFO - Done. Returned value was: stop
[2023-04-09 13:38:20,144] {skipmixin.py:140} INFO - Following branch stop
[2023-04-09 13:38:20,146] {skipmixin.py:175} INFO - Skipping tasks ['trigger_offence']
[2023-04-09 13:38:20,204] {taskinstance.py:1400} INFO - Marking task as SUCCESS. dag_id=multi_defence_dag, task_id=to_defend, execution_date=20230409T133758, start_date=20230409T133819, end_date=20230409T133820
[2023-04-09 13:38:20,249] {local_task_job.py:156} INFO - Task exited with return code 0
[2023-04-09 13:38:20,291] {local_task_job.py:273} INFO - 1 downstream tasks scheduled from follow-on schedule check
