[2023-04-30 09:52:16,736] {taskinstance.py:1159} INFO - Dependencies all met for <TaskInstance: multi_defence_dag.to_defence2 manual__2023-04-30T09:52:05.012521+00:00 [queued]>
[2023-04-30 09:52:16,758] {taskinstance.py:1159} INFO - Dependencies all met for <TaskInstance: multi_defence_dag.to_defence2 manual__2023-04-30T09:52:05.012521+00:00 [queued]>
[2023-04-30 09:52:16,759] {taskinstance.py:1356} INFO - 
--------------------------------------------------------------------------------
[2023-04-30 09:52:16,761] {taskinstance.py:1357} INFO - Starting attempt 1 of 2
[2023-04-30 09:52:16,761] {taskinstance.py:1358} INFO - 
--------------------------------------------------------------------------------
[2023-04-30 09:52:16,791] {taskinstance.py:1377} INFO - Executing <Task(BranchPythonOperator): to_defence2> on 2023-04-30 09:52:05.012521+00:00
[2023-04-30 09:52:16,804] {standard_task_runner.py:52} INFO - Started process 441 to run task
[2023-04-30 09:52:16,814] {standard_task_runner.py:79} INFO - Running: ['***', 'tasks', 'run', 'multi_defence_dag', 'to_defence2', 'manual__2023-04-30T09:52:05.012521+00:00', '--job-id', '7409', '--raw', '--subdir', 'DAGS_FOLDER/defence_dag.py', '--cfg-path', '/tmp/tmp768nxjx1', '--error-file', '/tmp/tmppjup4ggx']
[2023-04-30 09:52:16,817] {standard_task_runner.py:80} INFO - Job 7409: Subtask to_defence2
[2023-04-30 09:52:16,975] {task_command.py:369} INFO - Running <TaskInstance: multi_defence_dag.to_defence2 manual__2023-04-30T09:52:05.012521+00:00 [running]> on host 873e5d3a4399
[2023-04-30 09:52:17,151] {taskinstance.py:1571} INFO - Exporting the following env vars:
AIRFLOW_CTX_DAG_OWNER=***
AIRFLOW_CTX_DAG_ID=multi_defence_dag
AIRFLOW_CTX_TASK_ID=to_defence2
AIRFLOW_CTX_EXECUTION_DATE=2023-04-30T09:52:05.012521+00:00
AIRFLOW_CTX_TRY_NUMBER=1
AIRFLOW_CTX_DAG_RUN_ID=manual__2023-04-30T09:52:05.012521+00:00
[2023-04-30 09:52:17,179] {python.py:173} INFO - Done. Returned value was: Defence2
[2023-04-30 09:52:17,181] {skipmixin.py:140} INFO - Following branch Defence2
[2023-04-30 09:52:17,182] {skipmixin.py:175} INFO - Skipping tasks ['default']
[2023-04-30 09:52:17,336] {taskinstance.py:1400} INFO - Marking task as SUCCESS. dag_id=multi_defence_dag, task_id=to_defence2, execution_date=20230430T095205, start_date=20230430T095216, end_date=20230430T095217
[2023-04-30 09:52:17,391] {local_task_job.py:156} INFO - Task exited with return code 0
[2023-04-30 09:52:17,532] {local_task_job.py:273} INFO - 1 downstream tasks scheduled from follow-on schedule check
