[2023-04-09 09:25:35,685] {taskinstance.py:1159} INFO - Dependencies all met for <TaskInstance: multi_attack_dag.choose_attack manual__2023-04-09T09:25:30.934769+00:00 [queued]>
[2023-04-09 09:25:35,701] {taskinstance.py:1159} INFO - Dependencies all met for <TaskInstance: multi_attack_dag.choose_attack manual__2023-04-09T09:25:30.934769+00:00 [queued]>
[2023-04-09 09:25:35,702] {taskinstance.py:1356} INFO - 
--------------------------------------------------------------------------------
[2023-04-09 09:25:35,703] {taskinstance.py:1357} INFO - Starting attempt 1 of 2
[2023-04-09 09:25:35,704] {taskinstance.py:1358} INFO - 
--------------------------------------------------------------------------------
[2023-04-09 09:25:35,733] {taskinstance.py:1377} INFO - Executing <Task(PythonOperator): choose_attack> on 2023-04-09 09:25:30.934769+00:00
[2023-04-09 09:25:35,749] {standard_task_runner.py:52} INFO - Started process 7001 to run task
[2023-04-09 09:25:35,757] {standard_task_runner.py:79} INFO - Running: ['***', 'tasks', 'run', 'multi_attack_dag', 'choose_attack', 'manual__2023-04-09T09:25:30.934769+00:00', '--job-id', '4897', '--raw', '--subdir', 'DAGS_FOLDER/attack_dag.py', '--cfg-path', '/tmp/tmprpes_6it', '--error-file', '/tmp/tmpju3zi0ig']
[2023-04-09 09:25:35,758] {standard_task_runner.py:80} INFO - Job 4897: Subtask choose_attack
[2023-04-09 09:25:35,843] {task_command.py:369} INFO - Running <TaskInstance: multi_attack_dag.choose_attack manual__2023-04-09T09:25:30.934769+00:00 [running]> on host ff3d40af78f9
[2023-04-09 09:25:35,949] {taskinstance.py:1571} INFO - Exporting the following env vars:
AIRFLOW_CTX_DAG_OWNER=***
AIRFLOW_CTX_DAG_ID=multi_attack_dag
AIRFLOW_CTX_TASK_ID=choose_attack
AIRFLOW_CTX_EXECUTION_DATE=2023-04-09T09:25:30.934769+00:00
AIRFLOW_CTX_TRY_NUMBER=1
AIRFLOW_CTX_DAG_RUN_ID=manual__2023-04-09T09:25:30.934769+00:00
[2023-04-09 09:25:35,999] {python.py:173} INFO - Done. Returned value was: None
[2023-04-09 09:25:36,017] {taskinstance.py:1400} INFO - Marking task as SUCCESS. dag_id=multi_attack_dag, task_id=choose_attack, execution_date=20230409T092530, start_date=20230409T092535, end_date=20230409T092536
[2023-04-09 09:25:36,051] {local_task_job.py:156} INFO - Task exited with return code 0
[2023-04-09 09:25:36,119] {local_task_job.py:273} INFO - 1 downstream tasks scheduled from follow-on schedule check
