[2023-04-30 09:52:11,497] {taskinstance.py:1159} INFO - Dependencies all met for <TaskInstance: multi_defence_dag.choose_defence manual__2023-04-30T09:52:05.012521+00:00 [queued]>
[2023-04-30 09:52:11,505] {taskinstance.py:1159} INFO - Dependencies all met for <TaskInstance: multi_defence_dag.choose_defence manual__2023-04-30T09:52:05.012521+00:00 [queued]>
[2023-04-30 09:52:11,505] {taskinstance.py:1356} INFO - 
--------------------------------------------------------------------------------
[2023-04-30 09:52:11,506] {taskinstance.py:1357} INFO - Starting attempt 1 of 2
[2023-04-30 09:52:11,506] {taskinstance.py:1358} INFO - 
--------------------------------------------------------------------------------
[2023-04-30 09:52:11,519] {taskinstance.py:1377} INFO - Executing <Task(PythonOperator): choose_defence> on 2023-04-30 09:52:05.012521+00:00
[2023-04-30 09:52:11,525] {standard_task_runner.py:52} INFO - Started process 433 to run task
[2023-04-30 09:52:11,529] {standard_task_runner.py:79} INFO - Running: ['***', 'tasks', 'run', 'multi_defence_dag', 'choose_defence', 'manual__2023-04-30T09:52:05.012521+00:00', '--job-id', '7407', '--raw', '--subdir', 'DAGS_FOLDER/defence_dag.py', '--cfg-path', '/tmp/tmpzzju6cum', '--error-file', '/tmp/tmpn64s5bx2']
[2023-04-30 09:52:11,530] {standard_task_runner.py:80} INFO - Job 7407: Subtask choose_defence
[2023-04-30 09:52:11,588] {task_command.py:369} INFO - Running <TaskInstance: multi_defence_dag.choose_defence manual__2023-04-30T09:52:05.012521+00:00 [running]> on host 873e5d3a4399
[2023-04-30 09:52:11,665] {taskinstance.py:1571} INFO - Exporting the following env vars:
AIRFLOW_CTX_DAG_OWNER=***
AIRFLOW_CTX_DAG_ID=multi_defence_dag
AIRFLOW_CTX_TASK_ID=choose_defence
AIRFLOW_CTX_EXECUTION_DATE=2023-04-30T09:52:05.012521+00:00
AIRFLOW_CTX_TRY_NUMBER=1
AIRFLOW_CTX_DAG_RUN_ID=manual__2023-04-30T09:52:05.012521+00:00
[2023-04-30 09:52:11,709] {python.py:173} INFO - Done. Returned value was: None
[2023-04-30 09:52:11,723] {taskinstance.py:1400} INFO - Marking task as SUCCESS. dag_id=multi_defence_dag, task_id=choose_defence, execution_date=20230430T095205, start_date=20230430T095211, end_date=20230430T095211
[2023-04-30 09:52:11,783] {local_task_job.py:156} INFO - Task exited with return code 0
[2023-04-30 09:52:11,875] {local_task_job.py:273} INFO - 0 downstream tasks scheduled from follow-on schedule check
