[2023-03-28 09:51:05,282] {taskinstance.py:1159} INFO - Dependencies all met for <TaskInstance: defence_dag2.storing manual__2023-03-28T09:51:03.026038+00:00 [queued]>
[2023-03-28 09:51:05,297] {taskinstance.py:1159} INFO - Dependencies all met for <TaskInstance: defence_dag2.storing manual__2023-03-28T09:51:03.026038+00:00 [queued]>
[2023-03-28 09:51:05,298] {taskinstance.py:1356} INFO - 
--------------------------------------------------------------------------------
[2023-03-28 09:51:05,299] {taskinstance.py:1357} INFO - Starting attempt 1 of 1
[2023-03-28 09:51:05,300] {taskinstance.py:1358} INFO - 
--------------------------------------------------------------------------------
[2023-03-28 09:51:05,319] {taskinstance.py:1377} INFO - Executing <Task(BashOperator): storing> on 2023-03-28 09:51:03.026038+00:00
[2023-03-28 09:51:05,327] {standard_task_runner.py:52} INFO - Started process 500 to run task
[2023-03-28 09:51:05,331] {standard_task_runner.py:79} INFO - Running: ['***', 'tasks', 'run', 'defence_dag2', 'storing', 'manual__2023-03-28T09:51:03.026038+00:00', '--job-id', '3962', '--raw', '--subdir', 'DAGS_FOLDER/defese.py', '--cfg-path', '/tmp/tmpx9eg2r2r', '--error-file', '/tmp/tmpspeauatj']
[2023-03-28 09:51:05,332] {standard_task_runner.py:80} INFO - Job 3962: Subtask storing
[2023-03-28 09:51:05,448] {task_command.py:369} INFO - Running <TaskInstance: defence_dag2.storing manual__2023-03-28T09:51:03.026038+00:00 [running]> on host 70f8824ef075
[2023-03-28 09:51:05,611] {taskinstance.py:1571} INFO - Exporting the following env vars:
AIRFLOW_CTX_DAG_OWNER=***
AIRFLOW_CTX_DAG_ID=defence_dag2
AIRFLOW_CTX_TASK_ID=storing
AIRFLOW_CTX_EXECUTION_DATE=2023-03-28T09:51:03.026038+00:00
AIRFLOW_CTX_TRY_NUMBER=1
AIRFLOW_CTX_DAG_RUN_ID=manual__2023-03-28T09:51:03.026038+00:00
[2023-03-28 09:51:05,615] {subprocess.py:62} INFO - Tmp dir root location: 
 /tmp
[2023-03-28 09:51:05,617] {subprocess.py:74} INFO - Running command: ['bash', '-c', 'sleep 1']
[2023-03-28 09:51:05,638] {subprocess.py:85} INFO - Output:
[2023-03-28 09:51:06,758] {subprocess.py:96} INFO - Command exited with return code 0
[2023-03-28 09:51:06,822] {taskinstance.py:1400} INFO - Marking task as SUCCESS. dag_id=defence_dag2, task_id=storing, execution_date=20230328T095103, start_date=20230328T095105, end_date=20230328T095106
[2023-03-28 09:51:06,875] {local_task_job.py:156} INFO - Task exited with return code 0
[2023-03-28 09:51:06,968] {local_task_job.py:273} INFO - 1 downstream tasks scheduled from follow-on schedule check
