[2023-04-08 14:31:48,041] {taskinstance.py:1159} INFO - Dependencies all met for <TaskInstance: multi_attack_dag.metadata manual__2023-04-08T14:31:40.539890+00:00 [queued]>
[2023-04-08 14:31:48,061] {taskinstance.py:1159} INFO - Dependencies all met for <TaskInstance: multi_attack_dag.metadata manual__2023-04-08T14:31:40.539890+00:00 [queued]>
[2023-04-08 14:31:48,062] {taskinstance.py:1356} INFO - 
--------------------------------------------------------------------------------
[2023-04-08 14:31:48,064] {taskinstance.py:1357} INFO - Starting attempt 1 of 2
[2023-04-08 14:31:48,065] {taskinstance.py:1358} INFO - 
--------------------------------------------------------------------------------
[2023-04-08 14:31:48,091] {taskinstance.py:1377} INFO - Executing <Task(PythonOperator): metadata> on 2023-04-08 14:31:40.539890+00:00
[2023-04-08 14:31:48,104] {standard_task_runner.py:52} INFO - Started process 9103 to run task
[2023-04-08 14:31:48,111] {standard_task_runner.py:79} INFO - Running: ['***', 'tasks', 'run', 'multi_attack_dag', 'metadata', 'manual__2023-04-08T14:31:40.539890+00:00', '--job-id', '4678', '--raw', '--subdir', 'DAGS_FOLDER/attack_dag.py', '--cfg-path', '/tmp/tmp2zpkp6gp', '--error-file', '/tmp/tmpnai1z2py']
[2023-04-08 14:31:48,113] {standard_task_runner.py:80} INFO - Job 4678: Subtask metadata
[2023-04-08 14:31:48,221] {task_command.py:369} INFO - Running <TaskInstance: multi_attack_dag.metadata manual__2023-04-08T14:31:40.539890+00:00 [running]> on host ff3d40af78f9
[2023-04-08 14:31:48,387] {taskinstance.py:1571} INFO - Exporting the following env vars:
AIRFLOW_CTX_DAG_OWNER=***
AIRFLOW_CTX_DAG_ID=multi_attack_dag
AIRFLOW_CTX_TASK_ID=metadata
AIRFLOW_CTX_EXECUTION_DATE=2023-04-08T14:31:40.539890+00:00
AIRFLOW_CTX_TRY_NUMBER=1
AIRFLOW_CTX_DAG_RUN_ID=manual__2023-04-08T14:31:40.539890+00:00
[2023-04-08 14:31:48,394] {transport.py:157} INFO - Attempting refresh to obtain initial access_token
[2023-04-08 14:31:48,400] {client.py:777} INFO - Refreshing access_token
[2023-04-08 14:31:49,516] {python.py:173} INFO - Done. Returned value was: None
[2023-04-08 14:31:49,540] {taskinstance.py:1400} INFO - Marking task as SUCCESS. dag_id=multi_attack_dag, task_id=metadata, execution_date=20230408T143140, start_date=20230408T143148, end_date=20230408T143149
[2023-04-08 14:31:49,610] {local_task_job.py:156} INFO - Task exited with return code 0
[2023-04-08 14:31:49,707] {local_task_job.py:273} INFO - 3 downstream tasks scheduled from follow-on schedule check
