[2023-04-30 09:27:19,561] {taskinstance.py:1159} INFO - Dependencies all met for <TaskInstance: multi_attack_dag.metadata manual__2023-04-30T09:27:12.775991+00:00 [queued]>
[2023-04-30 09:27:19,578] {taskinstance.py:1159} INFO - Dependencies all met for <TaskInstance: multi_attack_dag.metadata manual__2023-04-30T09:27:12.775991+00:00 [queued]>
[2023-04-30 09:27:19,579] {taskinstance.py:1356} INFO - 
--------------------------------------------------------------------------------
[2023-04-30 09:27:19,580] {taskinstance.py:1357} INFO - Starting attempt 1 of 2
[2023-04-30 09:27:19,580] {taskinstance.py:1358} INFO - 
--------------------------------------------------------------------------------
[2023-04-30 09:27:19,606] {taskinstance.py:1377} INFO - Executing <Task(PythonOperator): metadata> on 2023-04-30 09:27:12.775991+00:00
[2023-04-30 09:27:19,622] {standard_task_runner.py:52} INFO - Started process 1233 to run task
[2023-04-30 09:27:19,628] {standard_task_runner.py:79} INFO - Running: ['***', 'tasks', 'run', 'multi_attack_dag', 'metadata', 'manual__2023-04-30T09:27:12.775991+00:00', '--job-id', '7267', '--raw', '--subdir', 'DAGS_FOLDER/attack_dag.py', '--cfg-path', '/tmp/tmpfzbs2uda', '--error-file', '/tmp/tmpvxjbuy5b']
[2023-04-30 09:27:19,630] {standard_task_runner.py:80} INFO - Job 7267: Subtask metadata
[2023-04-30 09:27:19,735] {task_command.py:369} INFO - Running <TaskInstance: multi_attack_dag.metadata manual__2023-04-30T09:27:12.775991+00:00 [running]> on host e7e31d5a6603
[2023-04-30 09:27:19,901] {taskinstance.py:1571} INFO - Exporting the following env vars:
AIRFLOW_CTX_DAG_OWNER=***
AIRFLOW_CTX_DAG_ID=multi_attack_dag
AIRFLOW_CTX_TASK_ID=metadata
AIRFLOW_CTX_EXECUTION_DATE=2023-04-30T09:27:12.775991+00:00
AIRFLOW_CTX_TRY_NUMBER=1
AIRFLOW_CTX_DAG_RUN_ID=manual__2023-04-30T09:27:12.775991+00:00
[2023-04-30 09:27:19,906] {transport.py:157} INFO - Attempting refresh to obtain initial access_token
[2023-04-30 09:27:19,913] {client.py:777} INFO - Refreshing access_token
[2023-04-30 09:27:20,843] {python.py:173} INFO - Done. Returned value was: None
[2023-04-30 09:27:20,869] {taskinstance.py:1400} INFO - Marking task as SUCCESS. dag_id=multi_attack_dag, task_id=metadata, execution_date=20230430T092712, start_date=20230430T092719, end_date=20230430T092720
[2023-04-30 09:27:20,932] {local_task_job.py:156} INFO - Task exited with return code 0
[2023-04-30 09:27:21,016] {local_task_job.py:273} INFO - 6 downstream tasks scheduled from follow-on schedule check
