[2023-03-12 15:20:05,123] {taskinstance.py:1159} INFO - Dependencies all met for <TaskInstance: defence_dag.trigger_offence manual__2023-03-12T15:19:58.947648+00:00 [queued]>
[2023-03-12 15:20:05,133] {taskinstance.py:1159} INFO - Dependencies all met for <TaskInstance: defence_dag.trigger_offence manual__2023-03-12T15:19:58.947648+00:00 [queued]>
[2023-03-12 15:20:05,133] {taskinstance.py:1356} INFO - 
--------------------------------------------------------------------------------
[2023-03-12 15:20:05,134] {taskinstance.py:1357} INFO - Starting attempt 1 of 1
[2023-03-12 15:20:05,134] {taskinstance.py:1358} INFO - 
--------------------------------------------------------------------------------
[2023-03-12 15:20:05,147] {taskinstance.py:1377} INFO - Executing <Task(TriggerDagRunOperator): trigger_offence> on 2023-03-12 15:19:58.947648+00:00
[2023-03-12 15:20:05,152] {standard_task_runner.py:52} INFO - Started process 303 to run task
[2023-03-12 15:20:05,154] {standard_task_runner.py:79} INFO - Running: ['***', 'tasks', 'run', 'defence_dag', 'trigger_offence', 'manual__2023-03-12T15:19:58.947648+00:00', '--job-id', '491', '--raw', '--subdir', 'DAGS_FOLDER/defese.py', '--cfg-path', '/tmp/tmpmra5ysnb', '--error-file', '/tmp/tmp46wurhu5']
[2023-03-12 15:20:05,155] {standard_task_runner.py:80} INFO - Job 491: Subtask trigger_offence
[2023-03-12 15:20:05,211] {task_command.py:369} INFO - Running <TaskInstance: defence_dag.trigger_offence manual__2023-03-12T15:19:58.947648+00:00 [running]> on host 596adcca7378
[2023-03-12 15:20:05,274] {taskinstance.py:1571} INFO - Exporting the following env vars:
AIRFLOW_CTX_DAG_OWNER=***
AIRFLOW_CTX_DAG_ID=defence_dag
AIRFLOW_CTX_TASK_ID=trigger_offence
AIRFLOW_CTX_EXECUTION_DATE=2023-03-12T15:19:58.947648+00:00
AIRFLOW_CTX_TRY_NUMBER=1
AIRFLOW_CTX_DAG_RUN_ID=manual__2023-03-12T15:19:58.947648+00:00
[2023-03-12 15:20:06,134] {taskinstance.py:1400} INFO - Marking task as SUCCESS. dag_id=defence_dag, task_id=trigger_offence, execution_date=20230312T151958, start_date=20230312T152005, end_date=20230312T152006
[2023-03-12 15:20:06,173] {local_task_job.py:156} INFO - Task exited with return code 0
[2023-03-12 15:20:06,201] {local_task_job.py:273} INFO - 0 downstream tasks scheduled from follow-on schedule check
