[2023-04-18 15:25:15,060] {taskinstance.py:1159} INFO - Dependencies all met for <TaskInstance: multi_attack_dag.to_attack_FastGradientMethod manual__2023-04-18T15:24:55.583802+00:00 [queued]>
[2023-04-18 15:25:15,073] {taskinstance.py:1159} INFO - Dependencies all met for <TaskInstance: multi_attack_dag.to_attack_FastGradientMethod manual__2023-04-18T15:24:55.583802+00:00 [queued]>
[2023-04-18 15:25:15,073] {taskinstance.py:1356} INFO - 
--------------------------------------------------------------------------------
[2023-04-18 15:25:15,075] {taskinstance.py:1357} INFO - Starting attempt 1 of 2
[2023-04-18 15:25:15,076] {taskinstance.py:1358} INFO - 
--------------------------------------------------------------------------------
[2023-04-18 15:25:15,093] {taskinstance.py:1377} INFO - Executing <Task(BranchPythonOperator): to_attack_FastGradientMethod> on 2023-04-18 15:24:55.583802+00:00
[2023-04-18 15:25:15,102] {standard_task_runner.py:52} INFO - Started process 4020 to run task
[2023-04-18 15:25:15,108] {standard_task_runner.py:79} INFO - Running: ['***', 'tasks', 'run', 'multi_attack_dag', 'to_attack_FastGradientMethod', 'manual__2023-04-18T15:24:55.583802+00:00', '--job-id', '5708', '--raw', '--subdir', 'DAGS_FOLDER/attack_dag.py', '--cfg-path', '/tmp/tmp7edxlqzb', '--error-file', '/tmp/tmpvox7k7pk']
[2023-04-18 15:25:15,110] {standard_task_runner.py:80} INFO - Job 5708: Subtask to_attack_FastGradientMethod
[2023-04-18 15:25:15,197] {task_command.py:369} INFO - Running <TaskInstance: multi_attack_dag.to_attack_FastGradientMethod manual__2023-04-18T15:24:55.583802+00:00 [running]> on host a3dd7d962104
[2023-04-18 15:25:15,304] {taskinstance.py:1571} INFO - Exporting the following env vars:
AIRFLOW_CTX_DAG_OWNER=***
AIRFLOW_CTX_DAG_ID=multi_attack_dag
AIRFLOW_CTX_TASK_ID=to_attack_FastGradientMethod
AIRFLOW_CTX_EXECUTION_DATE=2023-04-18T15:24:55.583802+00:00
AIRFLOW_CTX_TRY_NUMBER=1
AIRFLOW_CTX_DAG_RUN_ID=manual__2023-04-18T15:24:55.583802+00:00
[2023-04-18 15:25:15,319] {python.py:173} INFO - Done. Returned value was: default
[2023-04-18 15:25:15,320] {skipmixin.py:140} INFO - Following branch default
[2023-04-18 15:25:15,321] {skipmixin.py:175} INFO - Skipping tasks ['attack_FastGradientMethod']
[2023-04-18 15:25:15,373] {taskinstance.py:1400} INFO - Marking task as SUCCESS. dag_id=multi_attack_dag, task_id=to_attack_FastGradientMethod, execution_date=20230418T152455, start_date=20230418T152515, end_date=20230418T152515
[2023-04-18 15:25:15,403] {local_task_job.py:156} INFO - Task exited with return code 0
[2023-04-18 15:25:15,454] {local_task_job.py:273} INFO - 0 downstream tasks scheduled from follow-on schedule check
