[2023-04-09 11:31:08,343] {taskinstance.py:1159} INFO - Dependencies all met for <TaskInstance: multi_defence_dag.stop manual__2023-04-09T11:30:41.812420+00:00 [queued]>
[2023-04-09 11:31:08,360] {taskinstance.py:1159} INFO - Dependencies all met for <TaskInstance: multi_defence_dag.stop manual__2023-04-09T11:30:41.812420+00:00 [queued]>
[2023-04-09 11:31:08,361] {taskinstance.py:1356} INFO - 
--------------------------------------------------------------------------------
[2023-04-09 11:31:08,361] {taskinstance.py:1357} INFO - Starting attempt 1 of 2
[2023-04-09 11:31:08,363] {taskinstance.py:1358} INFO - 
--------------------------------------------------------------------------------
[2023-04-09 11:31:08,385] {taskinstance.py:1377} INFO - Executing <Task(PythonOperator): stop> on 2023-04-09 11:30:41.812420+00:00
[2023-04-09 11:31:08,396] {standard_task_runner.py:52} INFO - Started process 11597 to run task
[2023-04-09 11:31:08,400] {standard_task_runner.py:79} INFO - Running: ['***', 'tasks', 'run', 'multi_defence_dag', 'stop', 'manual__2023-04-09T11:30:41.812420+00:00', '--job-id', '4942', '--raw', '--subdir', 'DAGS_FOLDER/defence_dag.py', '--cfg-path', '/tmp/tmp6n811cwu', '--error-file', '/tmp/tmp_bejcke4']
[2023-04-09 11:31:08,402] {standard_task_runner.py:80} INFO - Job 4942: Subtask stop
[2023-04-09 11:31:08,491] {task_command.py:369} INFO - Running <TaskInstance: multi_defence_dag.stop manual__2023-04-09T11:30:41.812420+00:00 [running]> on host ff3d40af78f9
[2023-04-09 11:31:08,594] {taskinstance.py:1571} INFO - Exporting the following env vars:
AIRFLOW_CTX_DAG_OWNER=***
AIRFLOW_CTX_DAG_ID=multi_defence_dag
AIRFLOW_CTX_TASK_ID=stop
AIRFLOW_CTX_EXECUTION_DATE=2023-04-09T11:30:41.812420+00:00
AIRFLOW_CTX_TRY_NUMBER=1
AIRFLOW_CTX_DAG_RUN_ID=manual__2023-04-09T11:30:41.812420+00:00
[2023-04-09 11:31:08,597] {python.py:173} INFO - Done. Returned value was: Cycle has ended
[2023-04-09 11:31:08,634] {taskinstance.py:1400} INFO - Marking task as SUCCESS. dag_id=multi_defence_dag, task_id=stop, execution_date=20230409T113041, start_date=20230409T113108, end_date=20230409T113108
[2023-04-09 11:31:08,697] {local_task_job.py:156} INFO - Task exited with return code 0
[2023-04-09 11:31:08,743] {local_task_job.py:273} INFO - 0 downstream tasks scheduled from follow-on schedule check
