[2023-03-23 15:36:30,393] {taskinstance.py:1159} INFO - Dependencies all met for <TaskInstance: multi_attack_dag.trigger_defence manual__2023-03-23T15:36:15.605009+00:00 [queued]>
[2023-03-23 15:36:30,419] {taskinstance.py:1159} INFO - Dependencies all met for <TaskInstance: multi_attack_dag.trigger_defence manual__2023-03-23T15:36:15.605009+00:00 [queued]>
[2023-03-23 15:36:30,420] {taskinstance.py:1356} INFO - 
--------------------------------------------------------------------------------
[2023-03-23 15:36:30,421] {taskinstance.py:1357} INFO - Starting attempt 1 of 2
[2023-03-23 15:36:30,422] {taskinstance.py:1358} INFO - 
--------------------------------------------------------------------------------
[2023-03-23 15:36:30,484] {taskinstance.py:1377} INFO - Executing <Task(TriggerDagRunOperator): trigger_defence> on 2023-03-23 15:36:15.605009+00:00
[2023-03-23 15:36:30,495] {standard_task_runner.py:52} INFO - Started process 13207 to run task
[2023-03-23 15:36:30,503] {standard_task_runner.py:79} INFO - Running: ['***', 'tasks', 'run', 'multi_attack_dag', 'trigger_defence', 'manual__2023-03-23T15:36:15.605009+00:00', '--job-id', '3432', '--raw', '--subdir', 'DAGS_FOLDER/attack_dag.py', '--cfg-path', '/tmp/tmpzhqx181_', '--error-file', '/tmp/tmpt7tvxvyn']
[2023-03-23 15:36:30,505] {standard_task_runner.py:80} INFO - Job 3432: Subtask trigger_defence
[2023-03-23 15:36:30,624] {task_command.py:369} INFO - Running <TaskInstance: multi_attack_dag.trigger_defence manual__2023-03-23T15:36:15.605009+00:00 [running]> on host 6447f1dacd32
[2023-03-23 15:36:30,774] {taskinstance.py:1571} INFO - Exporting the following env vars:
AIRFLOW_CTX_DAG_OWNER=***
AIRFLOW_CTX_DAG_ID=multi_attack_dag
AIRFLOW_CTX_TASK_ID=trigger_defence
AIRFLOW_CTX_EXECUTION_DATE=2023-03-23T15:36:15.605009+00:00
AIRFLOW_CTX_TRY_NUMBER=1
AIRFLOW_CTX_DAG_RUN_ID=manual__2023-03-23T15:36:15.605009+00:00
[2023-03-23 15:36:34,508] {taskinstance.py:1400} INFO - Marking task as SUCCESS. dag_id=multi_attack_dag, task_id=trigger_defence, execution_date=20230323T153615, start_date=20230323T153630, end_date=20230323T153634
[2023-03-23 15:36:34,579] {local_task_job.py:156} INFO - Task exited with return code 0
[2023-03-23 15:36:34,625] {local_task_job.py:273} INFO - 0 downstream tasks scheduled from follow-on schedule check
