[2023-04-23 09:18:54,573] {taskinstance.py:1159} INFO - Dependencies all met for <TaskInstance: multi_defence_dag.to_defend manual__2023-04-23T09:18:27.312840+00:00 [queued]>
[2023-04-23 09:18:54,597] {taskinstance.py:1159} INFO - Dependencies all met for <TaskInstance: multi_defence_dag.to_defend manual__2023-04-23T09:18:27.312840+00:00 [queued]>
[2023-04-23 09:18:54,598] {taskinstance.py:1356} INFO - 
--------------------------------------------------------------------------------
[2023-04-23 09:18:54,600] {taskinstance.py:1357} INFO - Starting attempt 1 of 2
[2023-04-23 09:18:54,601] {taskinstance.py:1358} INFO - 
--------------------------------------------------------------------------------
[2023-04-23 09:18:54,699] {taskinstance.py:1377} INFO - Executing <Task(BranchPythonOperator): to_defend> on 2023-04-23 09:18:27.312840+00:00
[2023-04-23 09:18:54,715] {standard_task_runner.py:52} INFO - Started process 136 to run task
[2023-04-23 09:18:54,723] {standard_task_runner.py:79} INFO - Running: ['***', 'tasks', 'run', 'multi_defence_dag', 'to_defend', 'manual__2023-04-23T09:18:27.312840+00:00', '--job-id', '6011', '--raw', '--subdir', 'DAGS_FOLDER/defence_dag.py', '--cfg-path', '/tmp/tmpz9q2ibro', '--error-file', '/tmp/tmp24jay1f9']
[2023-04-23 09:18:54,725] {standard_task_runner.py:80} INFO - Job 6011: Subtask to_defend
[2023-04-23 09:18:54,867] {task_command.py:369} INFO - Running <TaskInstance: multi_defence_dag.to_defend manual__2023-04-23T09:18:27.312840+00:00 [running]> on host a3dd7d962104
[2023-04-23 09:18:55,032] {taskinstance.py:1571} INFO - Exporting the following env vars:
AIRFLOW_CTX_DAG_OWNER=***
AIRFLOW_CTX_DAG_ID=multi_defence_dag
AIRFLOW_CTX_TASK_ID=to_defend
AIRFLOW_CTX_EXECUTION_DATE=2023-04-23T09:18:27.312840+00:00
AIRFLOW_CTX_TRY_NUMBER=1
AIRFLOW_CTX_DAG_RUN_ID=manual__2023-04-23T09:18:27.312840+00:00
[2023-04-23 09:18:55,037] {transport.py:157} INFO - Attempting refresh to obtain initial access_token
[2023-04-23 09:18:55,046] {client.py:777} INFO - Refreshing access_token
[2023-04-23 09:18:55,984] {python.py:173} INFO - Done. Returned value was: trigger_offence
[2023-04-23 09:18:55,985] {skipmixin.py:140} INFO - Following branch trigger_offence
[2023-04-23 09:18:55,987] {skipmixin.py:175} INFO - Skipping tasks ['stop']
[2023-04-23 09:18:56,143] {taskinstance.py:1400} INFO - Marking task as SUCCESS. dag_id=multi_defence_dag, task_id=to_defend, execution_date=20230423T091827, start_date=20230423T091854, end_date=20230423T091856
[2023-04-23 09:18:56,183] {local_task_job.py:156} INFO - Task exited with return code 0
[2023-04-23 09:18:56,280] {local_task_job.py:273} INFO - 1 downstream tasks scheduled from follow-on schedule check
