[2023-03-23 15:37:21,215] {taskinstance.py:1159} INFO - Dependencies all met for <TaskInstance: multi_defence_dag.Defence3 manual__2023-03-23T15:37:12.600733+00:00 [queued]>
[2023-03-23 15:37:21,267] {taskinstance.py:1159} INFO - Dependencies all met for <TaskInstance: multi_defence_dag.Defence3 manual__2023-03-23T15:37:12.600733+00:00 [queued]>
[2023-03-23 15:37:21,268] {taskinstance.py:1356} INFO - 
--------------------------------------------------------------------------------
[2023-03-23 15:37:21,273] {taskinstance.py:1357} INFO - Starting attempt 1 of 2
[2023-03-23 15:37:21,276] {taskinstance.py:1358} INFO - 
--------------------------------------------------------------------------------
[2023-03-23 15:37:21,334] {taskinstance.py:1377} INFO - Executing <Task(PythonOperator): Defence3> on 2023-03-23 15:37:12.600733+00:00
[2023-03-23 15:37:21,347] {standard_task_runner.py:52} INFO - Started process 13352 to run task
[2023-03-23 15:37:21,357] {standard_task_runner.py:79} INFO - Running: ['***', 'tasks', 'run', 'multi_defence_dag', 'Defence3', 'manual__2023-03-23T15:37:12.600733+00:00', '--job-id', '3485', '--raw', '--subdir', 'DAGS_FOLDER/defence_dag.py', '--cfg-path', '/tmp/tmpad6yyzo8', '--error-file', '/tmp/tmpudwx6x4d']
[2023-03-23 15:37:21,365] {standard_task_runner.py:80} INFO - Job 3485: Subtask Defence3
[2023-03-23 15:37:21,530] {task_command.py:369} INFO - Running <TaskInstance: multi_defence_dag.Defence3 manual__2023-03-23T15:37:12.600733+00:00 [running]> on host 6447f1dacd32
[2023-03-23 15:37:21,780] {taskinstance.py:1571} INFO - Exporting the following env vars:
AIRFLOW_CTX_DAG_OWNER=***
AIRFLOW_CTX_DAG_ID=multi_defence_dag
AIRFLOW_CTX_TASK_ID=Defence3
AIRFLOW_CTX_EXECUTION_DATE=2023-03-23T15:37:12.600733+00:00
AIRFLOW_CTX_TRY_NUMBER=1
AIRFLOW_CTX_DAG_RUN_ID=manual__2023-03-23T15:37:12.600733+00:00
[2023-03-23 15:37:21,825] {python.py:173} INFO - Done. Returned value was: None
[2023-03-23 15:37:21,867] {taskinstance.py:1400} INFO - Marking task as SUCCESS. dag_id=multi_defence_dag, task_id=Defence3, execution_date=20230323T153712, start_date=20230323T153721, end_date=20230323T153721
[2023-03-23 15:37:21,938] {local_task_job.py:156} INFO - Task exited with return code 0
[2023-03-23 15:37:22,050] {local_task_job.py:273} INFO - 1 downstream tasks scheduled from follow-on schedule check
