[2023-03-28 14:17:57,242] {taskinstance.py:1159} INFO - Dependencies all met for <TaskInstance: defence_dag2.storing manual__2023-03-28T14:17:55.457290+00:00 [queued]>
[2023-03-28 14:17:57,250] {taskinstance.py:1159} INFO - Dependencies all met for <TaskInstance: defence_dag2.storing manual__2023-03-28T14:17:55.457290+00:00 [queued]>
[2023-03-28 14:17:57,250] {taskinstance.py:1356} INFO - 
--------------------------------------------------------------------------------
[2023-03-28 14:17:57,251] {taskinstance.py:1357} INFO - Starting attempt 1 of 1
[2023-03-28 14:17:57,252] {taskinstance.py:1358} INFO - 
--------------------------------------------------------------------------------
[2023-03-28 14:17:57,264] {taskinstance.py:1377} INFO - Executing <Task(BashOperator): storing> on 2023-03-28 14:17:55.457290+00:00
[2023-03-28 14:17:57,270] {standard_task_runner.py:52} INFO - Started process 8470 to run task
[2023-03-28 14:17:57,273] {standard_task_runner.py:79} INFO - Running: ['***', 'tasks', 'run', 'defence_dag2', 'storing', 'manual__2023-03-28T14:17:55.457290+00:00', '--job-id', '4613', '--raw', '--subdir', 'DAGS_FOLDER/defese.py', '--cfg-path', '/tmp/tmpova21_z8', '--error-file', '/tmp/tmp7s6u4nna']
[2023-03-28 14:17:57,274] {standard_task_runner.py:80} INFO - Job 4613: Subtask storing
[2023-03-28 14:17:57,322] {task_command.py:369} INFO - Running <TaskInstance: defence_dag2.storing manual__2023-03-28T14:17:55.457290+00:00 [running]> on host ff3d40af78f9
[2023-03-28 14:17:57,389] {taskinstance.py:1571} INFO - Exporting the following env vars:
AIRFLOW_CTX_DAG_OWNER=***
AIRFLOW_CTX_DAG_ID=defence_dag2
AIRFLOW_CTX_TASK_ID=storing
AIRFLOW_CTX_EXECUTION_DATE=2023-03-28T14:17:55.457290+00:00
AIRFLOW_CTX_TRY_NUMBER=1
AIRFLOW_CTX_DAG_RUN_ID=manual__2023-03-28T14:17:55.457290+00:00
[2023-03-28 14:17:57,392] {subprocess.py:62} INFO - Tmp dir root location: 
 /tmp
[2023-03-28 14:17:57,393] {subprocess.py:74} INFO - Running command: ['bash', '-c', 'sleep 1']
[2023-03-28 14:17:57,404] {subprocess.py:85} INFO - Output:
[2023-03-28 14:17:58,407] {subprocess.py:96} INFO - Command exited with return code 0
[2023-03-28 14:17:58,436] {taskinstance.py:1400} INFO - Marking task as SUCCESS. dag_id=defence_dag2, task_id=storing, execution_date=20230328T141755, start_date=20230328T141757, end_date=20230328T141758
[2023-03-28 14:17:58,494] {local_task_job.py:156} INFO - Task exited with return code 0
[2023-03-28 14:17:58,546] {local_task_job.py:273} INFO - 1 downstream tasks scheduled from follow-on schedule check
