[2023-04-30 09:33:28,795] {taskinstance.py:1159} INFO - Dependencies all met for <TaskInstance: multi_defence_dag.to_defence1 manual__2023-04-30T09:33:20.811586+00:00 [queued]>
[2023-04-30 09:33:28,814] {taskinstance.py:1159} INFO - Dependencies all met for <TaskInstance: multi_defence_dag.to_defence1 manual__2023-04-30T09:33:20.811586+00:00 [queued]>
[2023-04-30 09:33:28,814] {taskinstance.py:1356} INFO - 
--------------------------------------------------------------------------------
[2023-04-30 09:33:28,815] {taskinstance.py:1357} INFO - Starting attempt 1 of 2
[2023-04-30 09:33:28,816] {taskinstance.py:1358} INFO - 
--------------------------------------------------------------------------------
[2023-04-30 09:33:28,842] {taskinstance.py:1377} INFO - Executing <Task(BranchPythonOperator): to_defence1> on 2023-04-30 09:33:20.811586+00:00
[2023-04-30 09:33:28,855] {standard_task_runner.py:52} INFO - Started process 1614 to run task
[2023-04-30 09:33:28,862] {standard_task_runner.py:79} INFO - Running: ['***', 'tasks', 'run', 'multi_defence_dag', 'to_defence1', 'manual__2023-04-30T09:33:20.811586+00:00', '--job-id', '7304', '--raw', '--subdir', 'DAGS_FOLDER/defence_dag.py', '--cfg-path', '/tmp/tmpo835b5me', '--error-file', '/tmp/tmpgc60hql9']
[2023-04-30 09:33:28,864] {standard_task_runner.py:80} INFO - Job 7304: Subtask to_defence1
[2023-04-30 09:33:28,967] {task_command.py:369} INFO - Running <TaskInstance: multi_defence_dag.to_defence1 manual__2023-04-30T09:33:20.811586+00:00 [running]> on host e7e31d5a6603
[2023-04-30 09:33:29,114] {taskinstance.py:1571} INFO - Exporting the following env vars:
AIRFLOW_CTX_DAG_OWNER=***
AIRFLOW_CTX_DAG_ID=multi_defence_dag
AIRFLOW_CTX_TASK_ID=to_defence1
AIRFLOW_CTX_EXECUTION_DATE=2023-04-30T09:33:20.811586+00:00
AIRFLOW_CTX_TRY_NUMBER=1
AIRFLOW_CTX_DAG_RUN_ID=manual__2023-04-30T09:33:20.811586+00:00
[2023-04-30 09:33:29,137] {python.py:173} INFO - Done. Returned value was: Defence1
[2023-04-30 09:33:29,138] {skipmixin.py:140} INFO - Following branch Defence1
[2023-04-30 09:33:29,139] {skipmixin.py:175} INFO - Skipping tasks ['default']
[2023-04-30 09:33:29,265] {taskinstance.py:1400} INFO - Marking task as SUCCESS. dag_id=multi_defence_dag, task_id=to_defence1, execution_date=20230430T093320, start_date=20230430T093328, end_date=20230430T093329
[2023-04-30 09:33:29,317] {local_task_job.py:156} INFO - Task exited with return code 0
[2023-04-30 09:33:29,410] {local_task_job.py:273} INFO - 1 downstream tasks scheduled from follow-on schedule check
