[2023-04-23 07:55:37,101] {taskinstance.py:1159} INFO - Dependencies all met for <TaskInstance: multi_attack_dag.attack_BasicIterativeMethod manual__2023-04-23T07:55:09.906716+00:00 [queued]>
[2023-04-23 07:55:37,143] {taskinstance.py:1159} INFO - Dependencies all met for <TaskInstance: multi_attack_dag.attack_BasicIterativeMethod manual__2023-04-23T07:55:09.906716+00:00 [queued]>
[2023-04-23 07:55:37,144] {taskinstance.py:1356} INFO - 
--------------------------------------------------------------------------------
[2023-04-23 07:55:37,146] {taskinstance.py:1357} INFO - Starting attempt 1 of 2
[2023-04-23 07:55:37,146] {taskinstance.py:1358} INFO - 
--------------------------------------------------------------------------------
[2023-04-23 07:55:37,178] {taskinstance.py:1377} INFO - Executing <Task(PythonOperator): attack_BasicIterativeMethod> on 2023-04-23 07:55:09.906716+00:00
[2023-04-23 07:55:37,188] {standard_task_runner.py:52} INFO - Started process 629 to run task
[2023-04-23 07:55:37,193] {standard_task_runner.py:79} INFO - Running: ['***', 'tasks', 'run', 'multi_attack_dag', 'attack_BasicIterativeMethod', 'manual__2023-04-23T07:55:09.906716+00:00', '--job-id', '5943', '--raw', '--subdir', 'DAGS_FOLDER/attack_dag.py', '--cfg-path', '/tmp/tmpss7b750y', '--error-file', '/tmp/tmpjopuyr6p']
[2023-04-23 07:55:37,195] {standard_task_runner.py:80} INFO - Job 5943: Subtask attack_BasicIterativeMethod
[2023-04-23 07:55:37,308] {task_command.py:369} INFO - Running <TaskInstance: multi_attack_dag.attack_BasicIterativeMethod manual__2023-04-23T07:55:09.906716+00:00 [running]> on host a3dd7d962104
[2023-04-23 07:55:37,468] {taskinstance.py:1571} INFO - Exporting the following env vars:
AIRFLOW_CTX_DAG_OWNER=***
AIRFLOW_CTX_DAG_ID=multi_attack_dag
AIRFLOW_CTX_TASK_ID=attack_BasicIterativeMethod
AIRFLOW_CTX_EXECUTION_DATE=2023-04-23T07:55:09.906716+00:00
AIRFLOW_CTX_TRY_NUMBER=1
AIRFLOW_CTX_DAG_RUN_ID=manual__2023-04-23T07:55:09.906716+00:00
[2023-04-23 07:55:37,501] {transport.py:157} INFO - Attempting refresh to obtain initial access_token
[2023-04-23 07:55:37,508] {client.py:777} INFO - Refreshing access_token
[2023-04-23 07:55:38,171] {transport.py:157} INFO - Attempting refresh to obtain initial access_token
[2023-04-23 07:55:38,174] {client.py:777} INFO - Refreshing access_token
[2023-04-23 07:55:39,041] {taskinstance.py:1889} ERROR - Task failed with exception
Traceback (most recent call last):
  File "/home/airflow/.local/lib/python3.7/site-packages/airflow/operators/python.py", line 171, in execute
    return_value = self.execute_callable()
  File "/home/airflow/.local/lib/python3.7/site-packages/airflow/operators/python.py", line 189, in execute_callable
    return self.python_callable(*self.op_args, **self.op_kwargs)
  File "/opt/airflow/dags/attack_dag.py", line 131, in attack_BasicIterativeMethod
    model_acc, adversarial_examples  = attack(BasicIterativeMethod)
  File "/opt/airflow/dags/attack_dag.py", line 163, in attack
    estimator = get_estimator()
  File "/opt/airflow/dags/attack_dag.py", line 69, in get_estimator
    model = load_from_bucket("ML_model.pickle")
  File "/opt/airflow/dags/helpers.py", line 121, in load_from_bucket
    raise err
  File "/opt/airflow/dags/helpers.py", line 118, in load_from_bucket
    loaded_obj = pickle.load(f)
AttributeError: Can't get attribute 'NeuralNetworkClassificationModel' on <module '__main__' from '/home/***/.local/bin/***'>
[2023-04-23 07:55:39,060] {taskinstance.py:1400} INFO - Marking task as UP_FOR_RETRY. dag_id=multi_attack_dag, task_id=attack_BasicIterativeMethod, execution_date=20230423T075509, start_date=20230423T075537, end_date=20230423T075539
[2023-04-23 07:55:39,083] {standard_task_runner.py:97} ERROR - Failed to execute job 5943 for task attack_BasicIterativeMethod (Can't get attribute 'NeuralNetworkClassificationModel' on <module '__main__' from '/home/***/.local/bin/***'>; 629)
[2023-04-23 07:55:39,135] {local_task_job.py:156} INFO - Task exited with return code 1
[2023-04-23 07:55:39,215] {local_task_job.py:273} INFO - 0 downstream tasks scheduled from follow-on schedule check
