[2023-03-28 10:32:59,805] {taskinstance.py:1159} INFO - Dependencies all met for <TaskInstance: defence_dag2.to_attack manual__2023-03-28T10:32:50.372610+00:00 [queued]>
[2023-03-28 10:32:59,817] {taskinstance.py:1159} INFO - Dependencies all met for <TaskInstance: defence_dag2.to_attack manual__2023-03-28T10:32:50.372610+00:00 [queued]>
[2023-03-28 10:32:59,818] {taskinstance.py:1356} INFO - 
--------------------------------------------------------------------------------
[2023-03-28 10:32:59,818] {taskinstance.py:1357} INFO - Starting attempt 1 of 1
[2023-03-28 10:32:59,819] {taskinstance.py:1358} INFO - 
--------------------------------------------------------------------------------
[2023-03-28 10:32:59,836] {taskinstance.py:1377} INFO - Executing <Task(BranchPythonOperator): to_attack> on 2023-03-28 10:32:50.372610+00:00
[2023-03-28 10:32:59,844] {standard_task_runner.py:52} INFO - Started process 2761 to run task
[2023-03-28 10:32:59,848] {standard_task_runner.py:79} INFO - Running: ['***', 'tasks', 'run', 'defence_dag2', 'to_attack', 'manual__2023-03-28T10:32:50.372610+00:00', '--job-id', '4390', '--raw', '--subdir', 'DAGS_FOLDER/defese.py', '--cfg-path', '/tmp/tmpqs88fqp0', '--error-file', '/tmp/tmpimem9fcl']
[2023-03-28 10:32:59,849] {standard_task_runner.py:80} INFO - Job 4390: Subtask to_attack
[2023-03-28 10:32:59,920] {task_command.py:369} INFO - Running <TaskInstance: defence_dag2.to_attack manual__2023-03-28T10:32:50.372610+00:00 [running]> on host 70f8824ef075
[2023-03-28 10:33:00,011] {taskinstance.py:1571} INFO - Exporting the following env vars:
AIRFLOW_CTX_DAG_OWNER=***
AIRFLOW_CTX_DAG_ID=defence_dag2
AIRFLOW_CTX_TASK_ID=to_attack
AIRFLOW_CTX_EXECUTION_DATE=2023-03-28T10:32:50.372610+00:00
AIRFLOW_CTX_TRY_NUMBER=1
AIRFLOW_CTX_DAG_RUN_ID=manual__2023-03-28T10:32:50.372610+00:00
[2023-03-28 10:33:00,015] {transport.py:157} INFO - Attempting refresh to obtain initial access_token
[2023-03-28 10:33:00,021] {client.py:777} INFO - Refreshing access_token
[2023-03-28 10:33:01,273] {python.py:173} INFO - Done. Returned value was: trigger_offence
[2023-03-28 10:33:01,277] {skipmixin.py:140} INFO - Following branch trigger_offence
[2023-03-28 10:33:01,278] {skipmixin.py:175} INFO - Skipping tasks ['stop']
[2023-03-28 10:33:01,349] {taskinstance.py:1400} INFO - Marking task as SUCCESS. dag_id=defence_dag2, task_id=to_attack, execution_date=20230328T103250, start_date=20230328T103259, end_date=20230328T103301
[2023-03-28 10:33:01,392] {local_task_job.py:156} INFO - Task exited with return code 0
[2023-03-28 10:33:01,467] {local_task_job.py:273} INFO - 1 downstream tasks scheduled from follow-on schedule check
