[2023-03-23 15:35:36,890] {taskinstance.py:1159} INFO - Dependencies all met for <TaskInstance: multi_defence_dag.Defence1 manual__2023-03-23T15:35:27.520262+00:00 [queued]>
[2023-03-23 15:35:36,930] {taskinstance.py:1159} INFO - Dependencies all met for <TaskInstance: multi_defence_dag.Defence1 manual__2023-03-23T15:35:27.520262+00:00 [queued]>
[2023-03-23 15:35:36,931] {taskinstance.py:1356} INFO - 
--------------------------------------------------------------------------------
[2023-03-23 15:35:36,933] {taskinstance.py:1357} INFO - Starting attempt 1 of 2
[2023-03-23 15:35:36,938] {taskinstance.py:1358} INFO - 
--------------------------------------------------------------------------------
[2023-03-23 15:35:36,988] {taskinstance.py:1377} INFO - Executing <Task(PythonOperator): Defence1> on 2023-03-23 15:35:27.520262+00:00
[2023-03-23 15:35:36,999] {standard_task_runner.py:52} INFO - Started process 13037 to run task
[2023-03-23 15:35:37,008] {standard_task_runner.py:79} INFO - Running: ['***', 'tasks', 'run', 'multi_defence_dag', 'Defence1', 'manual__2023-03-23T15:35:27.520262+00:00', '--job-id', '3367', '--raw', '--subdir', 'DAGS_FOLDER/defence_dag.py', '--cfg-path', '/tmp/tmpx1nwswe1', '--error-file', '/tmp/tmpd7ubo3d0']
[2023-03-23 15:35:37,012] {standard_task_runner.py:80} INFO - Job 3367: Subtask Defence1
[2023-03-23 15:35:37,190] {task_command.py:369} INFO - Running <TaskInstance: multi_defence_dag.Defence1 manual__2023-03-23T15:35:27.520262+00:00 [running]> on host 6447f1dacd32
[2023-03-23 15:35:37,373] {taskinstance.py:1571} INFO - Exporting the following env vars:
AIRFLOW_CTX_DAG_OWNER=***
AIRFLOW_CTX_DAG_ID=multi_defence_dag
AIRFLOW_CTX_TASK_ID=Defence1
AIRFLOW_CTX_EXECUTION_DATE=2023-03-23T15:35:27.520262+00:00
AIRFLOW_CTX_TRY_NUMBER=1
AIRFLOW_CTX_DAG_RUN_ID=manual__2023-03-23T15:35:27.520262+00:00
[2023-03-23 15:35:37,416] {python.py:173} INFO - Done. Returned value was: None
[2023-03-23 15:35:37,450] {taskinstance.py:1400} INFO - Marking task as SUCCESS. dag_id=multi_defence_dag, task_id=Defence1, execution_date=20230323T153527, start_date=20230323T153536, end_date=20230323T153537
[2023-03-23 15:35:37,509] {local_task_job.py:156} INFO - Task exited with return code 0
[2023-03-23 15:35:37,767] {local_task_job.py:273} INFO - 0 downstream tasks scheduled from follow-on schedule check
