[2023-03-16 11:31:43,077] {taskinstance.py:1159} INFO - Dependencies all met for <TaskInstance: defence_dag.defence1 manual__2023-03-16T11:31:38.185990+00:00 [queued]>
[2023-03-16 11:31:43,087] {taskinstance.py:1159} INFO - Dependencies all met for <TaskInstance: defence_dag.defence1 manual__2023-03-16T11:31:38.185990+00:00 [queued]>
[2023-03-16 11:31:43,088] {taskinstance.py:1356} INFO - 
--------------------------------------------------------------------------------
[2023-03-16 11:31:43,089] {taskinstance.py:1357} INFO - Starting attempt 1 of 1
[2023-03-16 11:31:43,090] {taskinstance.py:1358} INFO - 
--------------------------------------------------------------------------------
[2023-03-16 11:31:43,102] {taskinstance.py:1377} INFO - Executing <Task(PythonOperator): defence1> on 2023-03-16 11:31:38.185990+00:00
[2023-03-16 11:31:43,106] {standard_task_runner.py:52} INFO - Started process 83 to run task
[2023-03-16 11:31:43,108] {standard_task_runner.py:79} INFO - Running: ['***', 'tasks', 'run', 'defence_dag', 'defence1', 'manual__2023-03-16T11:31:38.185990+00:00', '--job-id', '885', '--raw', '--subdir', 'DAGS_FOLDER/defese.py', '--cfg-path', '/tmp/tmpkkjzzzkx', '--error-file', '/tmp/tmpikudckpq']
[2023-03-16 11:31:43,109] {standard_task_runner.py:80} INFO - Job 885: Subtask defence1
[2023-03-16 11:31:43,152] {task_command.py:369} INFO - Running <TaskInstance: defence_dag.defence1 manual__2023-03-16T11:31:38.185990+00:00 [running]> on host 596adcca7378
[2023-03-16 11:31:43,217] {taskinstance.py:1571} INFO - Exporting the following env vars:
AIRFLOW_CTX_DAG_OWNER=***
AIRFLOW_CTX_DAG_ID=defence_dag
AIRFLOW_CTX_TASK_ID=defence1
AIRFLOW_CTX_EXECUTION_DATE=2023-03-16T11:31:38.185990+00:00
AIRFLOW_CTX_TRY_NUMBER=1
AIRFLOW_CTX_DAG_RUN_ID=manual__2023-03-16T11:31:38.185990+00:00
[2023-03-16 11:31:43,218] {logging_mixin.py:115} INFO - defensing
[2023-03-16 11:31:43,219] {python.py:173} INFO - Done. Returned value was: None
[2023-03-16 11:31:43,230] {taskinstance.py:1400} INFO - Marking task as SUCCESS. dag_id=defence_dag, task_id=defence1, execution_date=20230316T113138, start_date=20230316T113143, end_date=20230316T113143
[2023-03-16 11:31:43,281] {local_task_job.py:156} INFO - Task exited with return code 0
[2023-03-16 11:31:43,310] {local_task_job.py:273} INFO - 0 downstream tasks scheduled from follow-on schedule check
