[2023-03-12 15:20:43,611] {taskinstance.py:1159} INFO - Dependencies all met for <TaskInstance: attack_dag.trigger_defence manual__2023-03-12T15:20:41.609860+00:00 [queued]>
[2023-03-12 15:20:43,626] {taskinstance.py:1159} INFO - Dependencies all met for <TaskInstance: attack_dag.trigger_defence manual__2023-03-12T15:20:41.609860+00:00 [queued]>
[2023-03-12 15:20:43,627] {taskinstance.py:1356} INFO - 
--------------------------------------------------------------------------------
[2023-03-12 15:20:43,627] {taskinstance.py:1357} INFO - Starting attempt 1 of 1
[2023-03-12 15:20:43,628] {taskinstance.py:1358} INFO - 
--------------------------------------------------------------------------------
[2023-03-12 15:20:43,643] {taskinstance.py:1377} INFO - Executing <Task(TriggerDagRunOperator): trigger_defence> on 2023-03-12 15:20:41.609860+00:00
[2023-03-12 15:20:43,648] {standard_task_runner.py:52} INFO - Started process 387 to run task
[2023-03-12 15:20:43,651] {standard_task_runner.py:79} INFO - Running: ['***', 'tasks', 'run', 'attack_dag', 'trigger_defence', 'manual__2023-03-12T15:20:41.609860+00:00', '--job-id', '513', '--raw', '--subdir', 'DAGS_FOLDER/attack.py', '--cfg-path', '/tmp/tmp9hcjkqmb', '--error-file', '/tmp/tmp2zg0lbf3']
[2023-03-12 15:20:43,652] {standard_task_runner.py:80} INFO - Job 513: Subtask trigger_defence
[2023-03-12 15:20:43,710] {task_command.py:369} INFO - Running <TaskInstance: attack_dag.trigger_defence manual__2023-03-12T15:20:41.609860+00:00 [running]> on host 596adcca7378
[2023-03-12 15:20:43,792] {taskinstance.py:1571} INFO - Exporting the following env vars:
AIRFLOW_CTX_DAG_OWNER=***
AIRFLOW_CTX_DAG_ID=attack_dag
AIRFLOW_CTX_TASK_ID=trigger_defence
AIRFLOW_CTX_EXECUTION_DATE=2023-03-12T15:20:41.609860+00:00
AIRFLOW_CTX_TRY_NUMBER=1
AIRFLOW_CTX_DAG_RUN_ID=manual__2023-03-12T15:20:41.609860+00:00
[2023-03-12 15:20:44,699] {taskinstance.py:1400} INFO - Marking task as SUCCESS. dag_id=attack_dag, task_id=trigger_defence, execution_date=20230312T152041, start_date=20230312T152043, end_date=20230312T152044
[2023-03-12 15:20:44,750] {local_task_job.py:156} INFO - Task exited with return code 0
[2023-03-12 15:20:44,787] {local_task_job.py:273} INFO - 0 downstream tasks scheduled from follow-on schedule check
