[2023-04-09 13:46:27,003] {taskinstance.py:1159} INFO - Dependencies all met for <TaskInstance: multi_defence_dag.choose_defence manual__2023-04-09T13:46:22.820575+00:00 [queued]>
[2023-04-09 13:46:27,016] {taskinstance.py:1159} INFO - Dependencies all met for <TaskInstance: multi_defence_dag.choose_defence manual__2023-04-09T13:46:22.820575+00:00 [queued]>
[2023-04-09 13:46:27,017] {taskinstance.py:1356} INFO - 
--------------------------------------------------------------------------------
[2023-04-09 13:46:27,018] {taskinstance.py:1357} INFO - Starting attempt 1 of 2
[2023-04-09 13:46:27,018] {taskinstance.py:1358} INFO - 
--------------------------------------------------------------------------------
[2023-04-09 13:46:27,037] {taskinstance.py:1377} INFO - Executing <Task(PythonOperator): choose_defence> on 2023-04-09 13:46:22.820575+00:00
[2023-04-09 13:46:27,049] {standard_task_runner.py:52} INFO - Started process 1005 to run task
[2023-04-09 13:46:27,053] {standard_task_runner.py:79} INFO - Running: ['***', 'tasks', 'run', 'multi_defence_dag', 'choose_defence', 'manual__2023-04-09T13:46:22.820575+00:00', '--job-id', '5088', '--raw', '--subdir', 'DAGS_FOLDER/defence_dag.py', '--cfg-path', '/tmp/tmptde4m07v', '--error-file', '/tmp/tmp8umh3tug']
[2023-04-09 13:46:27,055] {standard_task_runner.py:80} INFO - Job 5088: Subtask choose_defence
[2023-04-09 13:46:27,130] {task_command.py:369} INFO - Running <TaskInstance: multi_defence_dag.choose_defence manual__2023-04-09T13:46:22.820575+00:00 [running]> on host c5458bb8a35c
[2023-04-09 13:46:27,226] {taskinstance.py:1571} INFO - Exporting the following env vars:
AIRFLOW_CTX_DAG_OWNER=***
AIRFLOW_CTX_DAG_ID=multi_defence_dag
AIRFLOW_CTX_TASK_ID=choose_defence
AIRFLOW_CTX_EXECUTION_DATE=2023-04-09T13:46:22.820575+00:00
AIRFLOW_CTX_TRY_NUMBER=1
AIRFLOW_CTX_DAG_RUN_ID=manual__2023-04-09T13:46:22.820575+00:00
[2023-04-09 13:46:27,279] {python.py:173} INFO - Done. Returned value was: None
[2023-04-09 13:46:27,296] {taskinstance.py:1400} INFO - Marking task as SUCCESS. dag_id=multi_defence_dag, task_id=choose_defence, execution_date=20230409T134622, start_date=20230409T134627, end_date=20230409T134627
[2023-04-09 13:46:27,348] {local_task_job.py:156} INFO - Task exited with return code 0
[2023-04-09 13:46:27,430] {local_task_job.py:273} INFO - 3 downstream tasks scheduled from follow-on schedule check
