[2023-04-16 13:27:23,747] {taskinstance.py:1159} INFO - Dependencies all met for <TaskInstance: multi_defence_dag.Defence3 manual__2023-04-16T13:26:53.928329+00:00 [queued]>
[2023-04-16 13:27:23,797] {taskinstance.py:1159} INFO - Dependencies all met for <TaskInstance: multi_defence_dag.Defence3 manual__2023-04-16T13:26:53.928329+00:00 [queued]>
[2023-04-16 13:27:23,798] {taskinstance.py:1356} INFO - 
--------------------------------------------------------------------------------
[2023-04-16 13:27:23,799] {taskinstance.py:1357} INFO - Starting attempt 1 of 2
[2023-04-16 13:27:23,800] {taskinstance.py:1358} INFO - 
--------------------------------------------------------------------------------
[2023-04-16 13:27:23,852] {taskinstance.py:1377} INFO - Executing <Task(PythonOperator): Defence3> on 2023-04-16 13:26:53.928329+00:00
[2023-04-16 13:27:23,879] {standard_task_runner.py:52} INFO - Started process 386 to run task
[2023-04-16 13:27:23,898] {standard_task_runner.py:79} INFO - Running: ['***', 'tasks', 'run', 'multi_defence_dag', 'Defence3', 'manual__2023-04-16T13:26:53.928329+00:00', '--job-id', '5151', '--raw', '--subdir', 'DAGS_FOLDER/defence_dag.py', '--cfg-path', '/tmp/tmpl6y6tyhm', '--error-file', '/tmp/tmpr0_x2j0u']
[2023-04-16 13:27:23,900] {standard_task_runner.py:80} INFO - Job 5151: Subtask Defence3
[2023-04-16 13:27:24,087] {task_command.py:369} INFO - Running <TaskInstance: multi_defence_dag.Defence3 manual__2023-04-16T13:26:53.928329+00:00 [running]> on host c5458bb8a35c
[2023-04-16 13:27:24,321] {taskinstance.py:1571} INFO - Exporting the following env vars:
AIRFLOW_CTX_DAG_OWNER=***
AIRFLOW_CTX_DAG_ID=multi_defence_dag
AIRFLOW_CTX_TASK_ID=Defence3
AIRFLOW_CTX_EXECUTION_DATE=2023-04-16T13:26:53.928329+00:00
AIRFLOW_CTX_TRY_NUMBER=1
AIRFLOW_CTX_DAG_RUN_ID=manual__2023-04-16T13:26:53.928329+00:00
[2023-04-16 13:27:24,372] {python.py:173} INFO - Done. Returned value was: None
[2023-04-16 13:27:24,419] {taskinstance.py:1400} INFO - Marking task as SUCCESS. dag_id=multi_defence_dag, task_id=Defence3, execution_date=20230416T132653, start_date=20230416T132723, end_date=20230416T132724
[2023-04-16 13:27:24,471] {local_task_job.py:156} INFO - Task exited with return code 0
[2023-04-16 13:27:24,591] {local_task_job.py:273} INFO - 0 downstream tasks scheduled from follow-on schedule check
