[2023-04-09 12:50:31,134] {taskinstance.py:1159} INFO - Dependencies all met for <TaskInstance: multi_defence_dag.stop manual__2023-04-09T12:50:04.821153+00:00 [queued]>
[2023-04-09 12:50:31,143] {taskinstance.py:1159} INFO - Dependencies all met for <TaskInstance: multi_defence_dag.stop manual__2023-04-09T12:50:04.821153+00:00 [queued]>
[2023-04-09 12:50:31,144] {taskinstance.py:1356} INFO - 
--------------------------------------------------------------------------------
[2023-04-09 12:50:31,144] {taskinstance.py:1357} INFO - Starting attempt 1 of 2
[2023-04-09 12:50:31,146] {taskinstance.py:1358} INFO - 
--------------------------------------------------------------------------------
[2023-04-09 12:50:31,158] {taskinstance.py:1377} INFO - Executing <Task(PythonOperator): stop> on 2023-04-09 12:50:04.821153+00:00
[2023-04-09 12:50:31,169] {standard_task_runner.py:52} INFO - Started process 15206 to run task
[2023-04-09 12:50:31,172] {standard_task_runner.py:79} INFO - Running: ['***', 'tasks', 'run', 'multi_defence_dag', 'stop', 'manual__2023-04-09T12:50:04.821153+00:00', '--job-id', '5018', '--raw', '--subdir', 'DAGS_FOLDER/defence_dag.py', '--cfg-path', '/tmp/tmpd1fhsorx', '--error-file', '/tmp/tmp4ryku4ee']
[2023-04-09 12:50:31,173] {standard_task_runner.py:80} INFO - Job 5018: Subtask stop
[2023-04-09 12:50:31,231] {task_command.py:369} INFO - Running <TaskInstance: multi_defence_dag.stop manual__2023-04-09T12:50:04.821153+00:00 [running]> on host ff3d40af78f9
[2023-04-09 12:50:31,307] {taskinstance.py:1571} INFO - Exporting the following env vars:
AIRFLOW_CTX_DAG_OWNER=***
AIRFLOW_CTX_DAG_ID=multi_defence_dag
AIRFLOW_CTX_TASK_ID=stop
AIRFLOW_CTX_EXECUTION_DATE=2023-04-09T12:50:04.821153+00:00
AIRFLOW_CTX_TRY_NUMBER=1
AIRFLOW_CTX_DAG_RUN_ID=manual__2023-04-09T12:50:04.821153+00:00
[2023-04-09 12:50:31,309] {python.py:173} INFO - Done. Returned value was: Cycle has ended
[2023-04-09 12:50:31,358] {taskinstance.py:1400} INFO - Marking task as SUCCESS. dag_id=multi_defence_dag, task_id=stop, execution_date=20230409T125004, start_date=20230409T125031, end_date=20230409T125031
[2023-04-09 12:50:31,426] {local_task_job.py:156} INFO - Task exited with return code 0
[2023-04-09 12:50:31,469] {local_task_job.py:273} INFO - 0 downstream tasks scheduled from follow-on schedule check
