[2023-03-28 11:30:35,795] {taskinstance.py:1159} INFO - Dependencies all met for <TaskInstance: defence_dag2.storing manual__2023-03-28T11:30:16.568107+00:00 [queued]>
[2023-03-28 11:30:35,871] {taskinstance.py:1159} INFO - Dependencies all met for <TaskInstance: defence_dag2.storing manual__2023-03-28T11:30:16.568107+00:00 [queued]>
[2023-03-28 11:30:35,872] {taskinstance.py:1356} INFO - 
--------------------------------------------------------------------------------
[2023-03-28 11:30:35,873] {taskinstance.py:1357} INFO - Starting attempt 1 of 1
[2023-03-28 11:30:35,874] {taskinstance.py:1358} INFO - 
--------------------------------------------------------------------------------
[2023-03-28 11:30:35,910] {taskinstance.py:1377} INFO - Executing <Task(BashOperator): storing> on 2023-03-28 11:30:16.568107+00:00
[2023-03-28 11:30:35,923] {standard_task_runner.py:52} INFO - Started process 100 to run task
[2023-03-28 11:30:35,930] {standard_task_runner.py:79} INFO - Running: ['***', 'tasks', 'run', 'defence_dag2', 'storing', 'manual__2023-03-28T11:30:16.568107+00:00', '--job-id', '4509', '--raw', '--subdir', 'DAGS_FOLDER/defese.py', '--cfg-path', '/tmp/tmpyj69ydu_', '--error-file', '/tmp/tmpther45af']
[2023-03-28 11:30:35,932] {standard_task_runner.py:80} INFO - Job 4509: Subtask storing
[2023-03-28 11:30:36,080] {task_command.py:369} INFO - Running <TaskInstance: defence_dag2.storing manual__2023-03-28T11:30:16.568107+00:00 [running]> on host ff3d40af78f9
[2023-03-28 11:30:36,270] {taskinstance.py:1571} INFO - Exporting the following env vars:
AIRFLOW_CTX_DAG_OWNER=***
AIRFLOW_CTX_DAG_ID=defence_dag2
AIRFLOW_CTX_TASK_ID=storing
AIRFLOW_CTX_EXECUTION_DATE=2023-03-28T11:30:16.568107+00:00
AIRFLOW_CTX_TRY_NUMBER=1
AIRFLOW_CTX_DAG_RUN_ID=manual__2023-03-28T11:30:16.568107+00:00
[2023-03-28 11:30:36,273] {subprocess.py:62} INFO - Tmp dir root location: 
 /tmp
[2023-03-28 11:30:36,275] {subprocess.py:74} INFO - Running command: ['bash', '-c', 'sleep 1']
[2023-03-28 11:30:36,307] {subprocess.py:85} INFO - Output:
[2023-03-28 11:30:37,315] {subprocess.py:96} INFO - Command exited with return code 0
[2023-03-28 11:30:37,469] {taskinstance.py:1400} INFO - Marking task as SUCCESS. dag_id=defence_dag2, task_id=storing, execution_date=20230328T113016, start_date=20230328T113035, end_date=20230328T113037
[2023-03-28 11:30:37,598] {local_task_job.py:156} INFO - Task exited with return code 0
[2023-03-28 11:30:37,703] {local_task_job.py:273} INFO - 1 downstream tasks scheduled from follow-on schedule check
