[2023-03-23 15:13:32,030] {taskinstance.py:1159} INFO - Dependencies all met for <TaskInstance: multi_defence_dag.to_defence1 manual__2023-03-23T15:13:22.005974+00:00 [queued]>
[2023-03-23 15:13:32,068] {taskinstance.py:1159} INFO - Dependencies all met for <TaskInstance: multi_defence_dag.to_defence1 manual__2023-03-23T15:13:22.005974+00:00 [queued]>
[2023-03-23 15:13:32,072] {taskinstance.py:1356} INFO - 
--------------------------------------------------------------------------------
[2023-03-23 15:13:32,074] {taskinstance.py:1357} INFO - Starting attempt 1 of 2
[2023-03-23 15:13:32,076] {taskinstance.py:1358} INFO - 
--------------------------------------------------------------------------------
[2023-03-23 15:13:32,141] {taskinstance.py:1377} INFO - Executing <Task(BranchPythonOperator): to_defence1> on 2023-03-23 15:13:22.005974+00:00
[2023-03-23 15:13:32,163] {standard_task_runner.py:52} INFO - Started process 11614 to run task
[2023-03-23 15:13:32,180] {standard_task_runner.py:79} INFO - Running: ['***', 'tasks', 'run', 'multi_defence_dag', 'to_defence1', 'manual__2023-03-23T15:13:22.005974+00:00', '--job-id', '2874', '--raw', '--subdir', 'DAGS_FOLDER/defence_dag.py', '--cfg-path', '/tmp/tmpq0lr3zyn', '--error-file', '/tmp/tmp3u0aaww4']
[2023-03-23 15:13:32,187] {standard_task_runner.py:80} INFO - Job 2874: Subtask to_defence1
[2023-03-23 15:13:32,440] {task_command.py:369} INFO - Running <TaskInstance: multi_defence_dag.to_defence1 manual__2023-03-23T15:13:22.005974+00:00 [running]> on host 6447f1dacd32
[2023-03-23 15:13:32,843] {taskinstance.py:1571} INFO - Exporting the following env vars:
AIRFLOW_CTX_DAG_OWNER=***
AIRFLOW_CTX_DAG_ID=multi_defence_dag
AIRFLOW_CTX_TASK_ID=to_defence1
AIRFLOW_CTX_EXECUTION_DATE=2023-03-23T15:13:22.005974+00:00
AIRFLOW_CTX_TRY_NUMBER=1
AIRFLOW_CTX_DAG_RUN_ID=manual__2023-03-23T15:13:22.005974+00:00
[2023-03-23 15:13:32,908] {python.py:173} INFO - Done. Returned value was: Defence1
[2023-03-23 15:13:32,910] {skipmixin.py:140} INFO - Following branch Defence1
[2023-03-23 15:13:32,913] {skipmixin.py:175} INFO - Skipping tasks ['default']
[2023-03-23 15:13:33,310] {taskinstance.py:1400} INFO - Marking task as SUCCESS. dag_id=multi_defence_dag, task_id=to_defence1, execution_date=20230323T151322, start_date=20230323T151332, end_date=20230323T151333
[2023-03-23 15:13:33,403] {local_task_job.py:156} INFO - Task exited with return code 0
[2023-03-23 15:13:33,810] {local_task_job.py:273} INFO - 1 downstream tasks scheduled from follow-on schedule check
