[2023-03-28 09:50:55,459] {taskinstance.py:1159} INFO - Dependencies all met for <TaskInstance: defence_dag2.to_attack manual__2023-03-28T09:50:49.325259+00:00 [queued]>
[2023-03-28 09:50:55,469] {taskinstance.py:1159} INFO - Dependencies all met for <TaskInstance: defence_dag2.to_attack manual__2023-03-28T09:50:49.325259+00:00 [queued]>
[2023-03-28 09:50:55,470] {taskinstance.py:1356} INFO - 
--------------------------------------------------------------------------------
[2023-03-28 09:50:55,471] {taskinstance.py:1357} INFO - Starting attempt 1 of 1
[2023-03-28 09:50:55,476] {taskinstance.py:1358} INFO - 
--------------------------------------------------------------------------------
[2023-03-28 09:50:55,490] {taskinstance.py:1377} INFO - Executing <Task(BranchPythonOperator): to_attack> on 2023-03-28 09:50:49.325259+00:00
[2023-03-28 09:50:55,495] {standard_task_runner.py:52} INFO - Started process 479 to run task
[2023-03-28 09:50:55,498] {standard_task_runner.py:79} INFO - Running: ['***', 'tasks', 'run', 'defence_dag2', 'to_attack', 'manual__2023-03-28T09:50:49.325259+00:00', '--job-id', '3958', '--raw', '--subdir', 'DAGS_FOLDER/defese.py', '--cfg-path', '/tmp/tmp8ojc54p9', '--error-file', '/tmp/tmpex17izj1']
[2023-03-28 09:50:55,499] {standard_task_runner.py:80} INFO - Job 3958: Subtask to_attack
[2023-03-28 09:50:55,568] {task_command.py:369} INFO - Running <TaskInstance: defence_dag2.to_attack manual__2023-03-28T09:50:49.325259+00:00 [running]> on host 70f8824ef075
[2023-03-28 09:50:55,659] {taskinstance.py:1571} INFO - Exporting the following env vars:
AIRFLOW_CTX_DAG_OWNER=***
AIRFLOW_CTX_DAG_ID=defence_dag2
AIRFLOW_CTX_TASK_ID=to_attack
AIRFLOW_CTX_EXECUTION_DATE=2023-03-28T09:50:49.325259+00:00
AIRFLOW_CTX_TRY_NUMBER=1
AIRFLOW_CTX_DAG_RUN_ID=manual__2023-03-28T09:50:49.325259+00:00
[2023-03-28 09:50:55,666] {transport.py:157} INFO - Attempting refresh to obtain initial access_token
[2023-03-28 09:50:55,669] {client.py:777} INFO - Refreshing access_token
[2023-03-28 09:50:56,584] {python.py:173} INFO - Done. Returned value was: trigger_offence
[2023-03-28 09:50:56,585] {skipmixin.py:140} INFO - Following branch trigger_offence
[2023-03-28 09:50:56,586] {skipmixin.py:175} INFO - Skipping tasks ['stop']
[2023-03-28 09:50:56,640] {taskinstance.py:1400} INFO - Marking task as SUCCESS. dag_id=defence_dag2, task_id=to_attack, execution_date=20230328T095049, start_date=20230328T095055, end_date=20230328T095056
[2023-03-28 09:50:56,685] {local_task_job.py:156} INFO - Task exited with return code 0
[2023-03-28 09:50:56,738] {local_task_job.py:273} INFO - 1 downstream tasks scheduled from follow-on schedule check
