[2023-04-27 13:34:02,797] {taskinstance.py:1159} INFO - Dependencies all met for <TaskInstance: multi_defence_dag.stop manual__2023-04-27T13:33:38.450418+00:00 [queued]>
[2023-04-27 13:34:02,810] {taskinstance.py:1159} INFO - Dependencies all met for <TaskInstance: multi_defence_dag.stop manual__2023-04-27T13:33:38.450418+00:00 [queued]>
[2023-04-27 13:34:02,811] {taskinstance.py:1356} INFO - 
--------------------------------------------------------------------------------
[2023-04-27 13:34:02,811] {taskinstance.py:1357} INFO - Starting attempt 1 of 2
[2023-04-27 13:34:02,812] {taskinstance.py:1358} INFO - 
--------------------------------------------------------------------------------
[2023-04-27 13:34:02,825] {taskinstance.py:1377} INFO - Executing <Task(PythonOperator): stop> on 2023-04-27 13:33:38.450418+00:00
[2023-04-27 13:34:02,833] {standard_task_runner.py:52} INFO - Started process 576 to run task
[2023-04-27 13:34:02,836] {standard_task_runner.py:79} INFO - Running: ['***', 'tasks', 'run', 'multi_defence_dag', 'stop', 'manual__2023-04-27T13:33:38.450418+00:00', '--job-id', '6950', '--raw', '--subdir', 'DAGS_FOLDER/defence_dag.py', '--cfg-path', '/tmp/tmpmazi06r0', '--error-file', '/tmp/tmp6zwwjun8']
[2023-04-27 13:34:02,837] {standard_task_runner.py:80} INFO - Job 6950: Subtask stop
[2023-04-27 13:34:02,890] {task_command.py:369} INFO - Running <TaskInstance: multi_defence_dag.stop manual__2023-04-27T13:33:38.450418+00:00 [running]> on host e7e31d5a6603
[2023-04-27 13:34:02,973] {taskinstance.py:1571} INFO - Exporting the following env vars:
AIRFLOW_CTX_DAG_OWNER=***
AIRFLOW_CTX_DAG_ID=multi_defence_dag
AIRFLOW_CTX_TASK_ID=stop
AIRFLOW_CTX_EXECUTION_DATE=2023-04-27T13:33:38.450418+00:00
AIRFLOW_CTX_TRY_NUMBER=1
AIRFLOW_CTX_DAG_RUN_ID=manual__2023-04-27T13:33:38.450418+00:00
[2023-04-27 13:34:02,974] {python.py:173} INFO - Done. Returned value was: Cycle has ended
[2023-04-27 13:34:03,000] {taskinstance.py:1400} INFO - Marking task as SUCCESS. dag_id=multi_defence_dag, task_id=stop, execution_date=20230427T133338, start_date=20230427T133402, end_date=20230427T133402
[2023-04-27 13:34:03,051] {local_task_job.py:156} INFO - Task exited with return code 0
[2023-04-27 13:34:03,102] {local_task_job.py:273} INFO - 0 downstream tasks scheduled from follow-on schedule check
