[2023-04-16 13:24:16,947] {taskinstance.py:1159} INFO - Dependencies all met for <TaskInstance: multi_defence_dag.choose_best scheduled__2023-04-15T00:00:00+00:00 [queued]>
[2023-04-16 13:24:17,038] {taskinstance.py:1159} INFO - Dependencies all met for <TaskInstance: multi_defence_dag.choose_best scheduled__2023-04-15T00:00:00+00:00 [queued]>
[2023-04-16 13:24:17,046] {taskinstance.py:1356} INFO - 
--------------------------------------------------------------------------------
[2023-04-16 13:24:17,053] {taskinstance.py:1357} INFO - Starting attempt 1 of 2
[2023-04-16 13:24:17,054] {taskinstance.py:1358} INFO - 
--------------------------------------------------------------------------------
[2023-04-16 13:24:17,176] {taskinstance.py:1377} INFO - Executing <Task(PythonOperator): choose_best> on 2023-04-15 00:00:00+00:00
[2023-04-16 13:24:17,264] {standard_task_runner.py:52} INFO - Started process 223 to run task
[2023-04-16 13:24:17,275] {standard_task_runner.py:79} INFO - Running: ['***', 'tasks', 'run', 'multi_defence_dag', 'choose_best', 'scheduled__2023-04-15T00:00:00+00:00', '--job-id', '5129', '--raw', '--subdir', 'DAGS_FOLDER/defence_dag.py', '--cfg-path', '/tmp/tmp4oju2kek', '--error-file', '/tmp/tmpxaa77r0o']
[2023-04-16 13:24:17,294] {standard_task_runner.py:80} INFO - Job 5129: Subtask choose_best
[2023-04-16 13:24:17,574] {task_command.py:369} INFO - Running <TaskInstance: multi_defence_dag.choose_best scheduled__2023-04-15T00:00:00+00:00 [running]> on host c5458bb8a35c
[2023-04-16 13:24:17,916] {taskinstance.py:1571} INFO - Exporting the following env vars:
AIRFLOW_CTX_DAG_OWNER=***
AIRFLOW_CTX_DAG_ID=multi_defence_dag
AIRFLOW_CTX_TASK_ID=choose_best
AIRFLOW_CTX_EXECUTION_DATE=2023-04-15T00:00:00+00:00
AIRFLOW_CTX_TRY_NUMBER=1
AIRFLOW_CTX_DAG_RUN_ID=scheduled__2023-04-15T00:00:00+00:00
[2023-04-16 13:24:18,315] {transport.py:157} INFO - Attempting refresh to obtain initial access_token
[2023-04-16 13:24:18,326] {client.py:777} INFO - Refreshing access_token
[2023-04-16 13:24:19,266] {transport.py:157} INFO - Attempting refresh to obtain initial access_token
[2023-04-16 13:24:19,274] {client.py:777} INFO - Refreshing access_token
[2023-04-16 13:24:19,843] {python.py:173} INFO - Done. Returned value was: None
[2023-04-16 13:24:19,913] {taskinstance.py:1400} INFO - Marking task as SUCCESS. dag_id=multi_defence_dag, task_id=choose_best, execution_date=20230415T000000, start_date=20230416T132416, end_date=20230416T132419
[2023-04-16 13:24:20,035] {local_task_job.py:156} INFO - Task exited with return code 0
[2023-04-16 13:24:20,204] {local_task_job.py:273} INFO - 1 downstream tasks scheduled from follow-on schedule check
