[2023-04-27 12:07:32,071] {taskinstance.py:1159} INFO - Dependencies all met for <TaskInstance: multi_attack_dag.to_attack_SquareAttack manual__2023-04-27T12:06:56.081840+00:00 [queued]>
[2023-04-27 12:07:32,208] {taskinstance.py:1159} INFO - Dependencies all met for <TaskInstance: multi_attack_dag.to_attack_SquareAttack manual__2023-04-27T12:06:56.081840+00:00 [queued]>
[2023-04-27 12:07:32,214] {taskinstance.py:1356} INFO - 
--------------------------------------------------------------------------------
[2023-04-27 12:07:32,215] {taskinstance.py:1357} INFO - Starting attempt 1 of 2
[2023-04-27 12:07:32,216] {taskinstance.py:1358} INFO - 
--------------------------------------------------------------------------------
[2023-04-27 12:07:32,409] {taskinstance.py:1377} INFO - Executing <Task(BranchPythonOperator): to_attack_SquareAttack> on 2023-04-27 12:06:56.081840+00:00
[2023-04-27 12:07:32,525] {standard_task_runner.py:52} INFO - Started process 3062 to run task
[2023-04-27 12:07:32,536] {standard_task_runner.py:79} INFO - Running: ['***', 'tasks', 'run', 'multi_attack_dag', 'to_attack_SquareAttack', 'manual__2023-04-27T12:06:56.081840+00:00', '--job-id', '6755', '--raw', '--subdir', 'DAGS_FOLDER/attack_dag.py', '--cfg-path', '/tmp/tmpe20ktp0o', '--error-file', '/tmp/tmpgafh1pbj']
[2023-04-27 12:07:32,578] {standard_task_runner.py:80} INFO - Job 6755: Subtask to_attack_SquareAttack
[2023-04-27 12:07:33,110] {task_command.py:369} INFO - Running <TaskInstance: multi_attack_dag.to_attack_SquareAttack manual__2023-04-27T12:06:56.081840+00:00 [running]> on host e7e31d5a6603
[2023-04-27 12:07:33,778] {taskinstance.py:1571} INFO - Exporting the following env vars:
AIRFLOW_CTX_DAG_OWNER=***
AIRFLOW_CTX_DAG_ID=multi_attack_dag
AIRFLOW_CTX_TASK_ID=to_attack_SquareAttack
AIRFLOW_CTX_EXECUTION_DATE=2023-04-27T12:06:56.081840+00:00
AIRFLOW_CTX_TRY_NUMBER=1
AIRFLOW_CTX_DAG_RUN_ID=manual__2023-04-27T12:06:56.081840+00:00
[2023-04-27 12:07:33,910] {python.py:173} INFO - Done. Returned value was: attack_SquareAttack
[2023-04-27 12:07:33,917] {skipmixin.py:140} INFO - Following branch attack_SquareAttack
[2023-04-27 12:07:33,928] {skipmixin.py:175} INFO - Skipping tasks ['default_attack']
[2023-04-27 12:07:34,272] {taskinstance.py:1400} INFO - Marking task as SUCCESS. dag_id=multi_attack_dag, task_id=to_attack_SquareAttack, execution_date=20230427T120656, start_date=20230427T120732, end_date=20230427T120734
[2023-04-27 12:07:34,404] {local_task_job.py:156} INFO - Task exited with return code 0
[2023-04-27 12:07:35,444] {local_task_job.py:273} INFO - 0 downstream tasks scheduled from follow-on schedule check
