[2023-04-09 11:47:01,728] {taskinstance.py:1159} INFO - Dependencies all met for <TaskInstance: multi_attack_dag.to_attack_ProjectedGradientDescent manual__2023-04-09T11:46:48.028852+00:00 [queued]>
[2023-04-09 11:47:01,749] {taskinstance.py:1159} INFO - Dependencies all met for <TaskInstance: multi_attack_dag.to_attack_ProjectedGradientDescent manual__2023-04-09T11:46:48.028852+00:00 [queued]>
[2023-04-09 11:47:01,749] {taskinstance.py:1356} INFO - 
--------------------------------------------------------------------------------
[2023-04-09 11:47:01,751] {taskinstance.py:1357} INFO - Starting attempt 1 of 2
[2023-04-09 11:47:01,751] {taskinstance.py:1358} INFO - 
--------------------------------------------------------------------------------
[2023-04-09 11:47:01,777] {taskinstance.py:1377} INFO - Executing <Task(BranchPythonOperator): to_attack_ProjectedGradientDescent> on 2023-04-09 11:46:48.028852+00:00
[2023-04-09 11:47:01,789] {standard_task_runner.py:52} INFO - Started process 12383 to run task
[2023-04-09 11:47:01,793] {standard_task_runner.py:79} INFO - Running: ['***', 'tasks', 'run', 'multi_attack_dag', 'to_attack_ProjectedGradientDescent', 'manual__2023-04-09T11:46:48.028852+00:00', '--job-id', '4964', '--raw', '--subdir', 'DAGS_FOLDER/attack_dag.py', '--cfg-path', '/tmp/tmpr7yz75gr', '--error-file', '/tmp/tmp0_zvx2g_']
[2023-04-09 11:47:01,794] {standard_task_runner.py:80} INFO - Job 4964: Subtask to_attack_ProjectedGradientDescent
[2023-04-09 11:47:01,887] {task_command.py:369} INFO - Running <TaskInstance: multi_attack_dag.to_attack_ProjectedGradientDescent manual__2023-04-09T11:46:48.028852+00:00 [running]> on host ff3d40af78f9
[2023-04-09 11:47:01,998] {taskinstance.py:1571} INFO - Exporting the following env vars:
AIRFLOW_CTX_DAG_OWNER=***
AIRFLOW_CTX_DAG_ID=multi_attack_dag
AIRFLOW_CTX_TASK_ID=to_attack_ProjectedGradientDescent
AIRFLOW_CTX_EXECUTION_DATE=2023-04-09T11:46:48.028852+00:00
AIRFLOW_CTX_TRY_NUMBER=1
AIRFLOW_CTX_DAG_RUN_ID=manual__2023-04-09T11:46:48.028852+00:00
[2023-04-09 11:47:02,019] {python.py:173} INFO - Done. Returned value was: attack_ProjectedGradientDescent
[2023-04-09 11:47:02,020] {skipmixin.py:140} INFO - Following branch attack_ProjectedGradientDescent
[2023-04-09 11:47:02,021] {skipmixin.py:175} INFO - Skipping tasks ['default']
[2023-04-09 11:47:02,110] {taskinstance.py:1400} INFO - Marking task as SUCCESS. dag_id=multi_attack_dag, task_id=to_attack_ProjectedGradientDescent, execution_date=20230409T114648, start_date=20230409T114701, end_date=20230409T114702
[2023-04-09 11:47:02,169] {local_task_job.py:156} INFO - Task exited with return code 0
[2023-04-09 11:47:02,277] {local_task_job.py:273} INFO - 0 downstream tasks scheduled from follow-on schedule check
