[2023-04-27 12:50:23,371] {taskinstance.py:1159} INFO - Dependencies all met for <TaskInstance: multi_defence_dag.to_defence2 manual__2023-04-27T12:49:45.072276+00:00 [queued]>
[2023-04-27 12:50:23,421] {taskinstance.py:1159} INFO - Dependencies all met for <TaskInstance: multi_defence_dag.to_defence2 manual__2023-04-27T12:49:45.072276+00:00 [queued]>
[2023-04-27 12:50:23,422] {taskinstance.py:1356} INFO - 
--------------------------------------------------------------------------------
[2023-04-27 12:50:23,425] {taskinstance.py:1357} INFO - Starting attempt 1 of 2
[2023-04-27 12:50:23,426] {taskinstance.py:1358} INFO - 
--------------------------------------------------------------------------------
[2023-04-27 12:50:23,507] {taskinstance.py:1377} INFO - Executing <Task(BranchPythonOperator): to_defence2> on 2023-04-27 12:49:45.072276+00:00
[2023-04-27 12:50:23,525] {standard_task_runner.py:52} INFO - Started process 387 to run task
[2023-04-27 12:50:23,547] {standard_task_runner.py:79} INFO - Running: ['***', 'tasks', 'run', 'multi_defence_dag', 'to_defence2', 'manual__2023-04-27T12:49:45.072276+00:00', '--job-id', '6868', '--raw', '--subdir', 'DAGS_FOLDER/defence_dag.py', '--cfg-path', '/tmp/tmpg5f_62os', '--error-file', '/tmp/tmpl3rjftff']
[2023-04-27 12:50:23,551] {standard_task_runner.py:80} INFO - Job 6868: Subtask to_defence2
[2023-04-27 12:50:23,868] {task_command.py:369} INFO - Running <TaskInstance: multi_defence_dag.to_defence2 manual__2023-04-27T12:49:45.072276+00:00 [running]> on host e7e31d5a6603
[2023-04-27 12:50:24,286] {taskinstance.py:1571} INFO - Exporting the following env vars:
AIRFLOW_CTX_DAG_OWNER=***
AIRFLOW_CTX_DAG_ID=multi_defence_dag
AIRFLOW_CTX_TASK_ID=to_defence2
AIRFLOW_CTX_EXECUTION_DATE=2023-04-27T12:49:45.072276+00:00
AIRFLOW_CTX_TRY_NUMBER=1
AIRFLOW_CTX_DAG_RUN_ID=manual__2023-04-27T12:49:45.072276+00:00
[2023-04-27 12:50:24,370] {python.py:173} INFO - Done. Returned value was: Defence2
[2023-04-27 12:50:24,371] {skipmixin.py:140} INFO - Following branch Defence2
[2023-04-27 12:50:24,374] {skipmixin.py:175} INFO - Skipping tasks ['default']
[2023-04-27 12:50:24,878] {taskinstance.py:1400} INFO - Marking task as SUCCESS. dag_id=multi_defence_dag, task_id=to_defence2, execution_date=20230427T124945, start_date=20230427T125023, end_date=20230427T125024
[2023-04-27 12:50:25,084] {local_task_job.py:156} INFO - Task exited with return code 0
[2023-04-27 12:50:25,539] {local_task_job.py:273} INFO - 0 downstream tasks scheduled from follow-on schedule check
