[2023-04-23 07:49:59,723] {taskinstance.py:1159} INFO - Dependencies all met for <TaskInstance: multi_attack_dag.to_attack_ProjectedGradientDescent scheduled__2023-04-18T00:00:00+00:00 [queued]>
[2023-04-23 07:49:59,759] {taskinstance.py:1159} INFO - Dependencies all met for <TaskInstance: multi_attack_dag.to_attack_ProjectedGradientDescent scheduled__2023-04-18T00:00:00+00:00 [queued]>
[2023-04-23 07:49:59,763] {taskinstance.py:1356} INFO - 
--------------------------------------------------------------------------------
[2023-04-23 07:49:59,769] {taskinstance.py:1357} INFO - Starting attempt 1 of 2
[2023-04-23 07:49:59,770] {taskinstance.py:1358} INFO - 
--------------------------------------------------------------------------------
[2023-04-23 07:49:59,844] {taskinstance.py:1377} INFO - Executing <Task(BranchPythonOperator): to_attack_ProjectedGradientDescent> on 2023-04-18 00:00:00+00:00
[2023-04-23 07:49:59,861] {standard_task_runner.py:52} INFO - Started process 164 to run task
[2023-04-23 07:49:59,881] {standard_task_runner.py:79} INFO - Running: ['***', 'tasks', 'run', 'multi_attack_dag', 'to_attack_ProjectedGradientDescent', 'scheduled__2023-04-18T00:00:00+00:00', '--job-id', '5855', '--raw', '--subdir', 'DAGS_FOLDER/attack_dag.py', '--cfg-path', '/tmp/tmpvspknyoa', '--error-file', '/tmp/tmpyeryzoe8']
[2023-04-23 07:49:59,887] {standard_task_runner.py:80} INFO - Job 5855: Subtask to_attack_ProjectedGradientDescent
[2023-04-23 07:50:00,033] {task_command.py:369} INFO - Running <TaskInstance: multi_attack_dag.to_attack_ProjectedGradientDescent scheduled__2023-04-18T00:00:00+00:00 [running]> on host a3dd7d962104
[2023-04-23 07:50:00,340] {taskinstance.py:1571} INFO - Exporting the following env vars:
AIRFLOW_CTX_DAG_OWNER=***
AIRFLOW_CTX_DAG_ID=multi_attack_dag
AIRFLOW_CTX_TASK_ID=to_attack_ProjectedGradientDescent
AIRFLOW_CTX_EXECUTION_DATE=2023-04-18T00:00:00+00:00
AIRFLOW_CTX_TRY_NUMBER=1
AIRFLOW_CTX_DAG_RUN_ID=scheduled__2023-04-18T00:00:00+00:00
[2023-04-23 07:50:00,385] {python.py:173} INFO - Done. Returned value was: attack_ProjectedGradientDescent
[2023-04-23 07:50:00,386] {skipmixin.py:140} INFO - Following branch attack_ProjectedGradientDescent
[2023-04-23 07:50:00,388] {skipmixin.py:175} INFO - Skipping tasks ['default']
[2023-04-23 07:50:00,573] {taskinstance.py:1400} INFO - Marking task as SUCCESS. dag_id=multi_attack_dag, task_id=to_attack_ProjectedGradientDescent, execution_date=20230418T000000, start_date=20230423T074959, end_date=20230423T075000
[2023-04-23 07:50:00,666] {local_task_job.py:156} INFO - Task exited with return code 0
[2023-04-23 07:50:00,827] {local_task_job.py:273} INFO - 1 downstream tasks scheduled from follow-on schedule check
