[2023-03-23 15:07:03,531] {taskinstance.py:1159} INFO - Dependencies all met for <TaskInstance: multi_defence_dag.Defence1 manual__2023-03-23T15:06:36.030711+00:00 [queued]>
[2023-03-23 15:07:03,656] {taskinstance.py:1159} INFO - Dependencies all met for <TaskInstance: multi_defence_dag.Defence1 manual__2023-03-23T15:06:36.030711+00:00 [queued]>
[2023-03-23 15:07:03,659] {taskinstance.py:1356} INFO - 
--------------------------------------------------------------------------------
[2023-03-23 15:07:03,664] {taskinstance.py:1357} INFO - Starting attempt 1 of 2
[2023-03-23 15:07:03,667] {taskinstance.py:1358} INFO - 
--------------------------------------------------------------------------------
[2023-03-23 15:07:04,460] {taskinstance.py:1377} INFO - Executing <Task(PythonOperator): Defence1> on 2023-03-23 15:06:36.030711+00:00
[2023-03-23 15:07:04,499] {standard_task_runner.py:52} INFO - Started process 11302 to run task
[2023-03-23 15:07:04,515] {standard_task_runner.py:79} INFO - Running: ['***', 'tasks', 'run', 'multi_defence_dag', 'Defence1', 'manual__2023-03-23T15:06:36.030711+00:00', '--job-id', '2802', '--raw', '--subdir', 'DAGS_FOLDER/defence_dag.py', '--cfg-path', '/tmp/tmp0vk3z7el', '--error-file', '/tmp/tmpi1rln_s7']
[2023-03-23 15:07:04,526] {standard_task_runner.py:80} INFO - Job 2802: Subtask Defence1
[2023-03-23 15:07:05,654] {task_command.py:369} INFO - Running <TaskInstance: multi_defence_dag.Defence1 manual__2023-03-23T15:06:36.030711+00:00 [running]> on host 6447f1dacd32
[2023-03-23 15:07:07,526] {taskinstance.py:1571} INFO - Exporting the following env vars:
AIRFLOW_CTX_DAG_OWNER=***
AIRFLOW_CTX_DAG_ID=multi_defence_dag
AIRFLOW_CTX_TASK_ID=Defence1
AIRFLOW_CTX_EXECUTION_DATE=2023-03-23T15:06:36.030711+00:00
AIRFLOW_CTX_TRY_NUMBER=1
AIRFLOW_CTX_DAG_RUN_ID=manual__2023-03-23T15:06:36.030711+00:00
[2023-03-23 15:07:08,374] {python.py:173} INFO - Done. Returned value was: None
[2023-03-23 15:07:08,586] {taskinstance.py:1400} INFO - Marking task as SUCCESS. dag_id=multi_defence_dag, task_id=Defence1, execution_date=20230323T150636, start_date=20230323T150703, end_date=20230323T150708
[2023-03-23 15:07:09,501] {local_task_job.py:156} INFO - Task exited with return code 0
[2023-03-23 15:07:10,269] {local_task_job.py:273} INFO - 1 downstream tasks scheduled from follow-on schedule check
