[2023-03-12 15:50:28,712] {taskinstance.py:1159} INFO - Dependencies all met for <TaskInstance: defence_dag.trigger_offence manual__2023-03-12T15:50:21.621300+00:00 [queued]>
[2023-03-12 15:50:28,734] {taskinstance.py:1159} INFO - Dependencies all met for <TaskInstance: defence_dag.trigger_offence manual__2023-03-12T15:50:21.621300+00:00 [queued]>
[2023-03-12 15:50:28,735] {taskinstance.py:1356} INFO - 
--------------------------------------------------------------------------------
[2023-03-12 15:50:28,737] {taskinstance.py:1357} INFO - Starting attempt 1 of 1
[2023-03-12 15:50:28,738] {taskinstance.py:1358} INFO - 
--------------------------------------------------------------------------------
[2023-03-12 15:50:28,773] {taskinstance.py:1377} INFO - Executing <Task(TriggerDagRunOperator): trigger_offence> on 2023-03-12 15:50:21.621300+00:00
[2023-03-12 15:50:28,780] {standard_task_runner.py:52} INFO - Started process 82 to run task
[2023-03-12 15:50:28,786] {standard_task_runner.py:79} INFO - Running: ['***', 'tasks', 'run', 'defence_dag', 'trigger_offence', 'manual__2023-03-12T15:50:21.621300+00:00', '--job-id', '572', '--raw', '--subdir', 'DAGS_FOLDER/defese.py', '--cfg-path', '/tmp/tmpciq7sheg', '--error-file', '/tmp/tmpxf44i1xp']
[2023-03-12 15:50:28,787] {standard_task_runner.py:80} INFO - Job 572: Subtask trigger_offence
[2023-03-12 15:50:28,901] {task_command.py:369} INFO - Running <TaskInstance: defence_dag.trigger_offence manual__2023-03-12T15:50:21.621300+00:00 [running]> on host 596adcca7378
[2023-03-12 15:50:29,119] {taskinstance.py:1571} INFO - Exporting the following env vars:
AIRFLOW_CTX_DAG_OWNER=***
AIRFLOW_CTX_DAG_ID=defence_dag
AIRFLOW_CTX_TASK_ID=trigger_offence
AIRFLOW_CTX_EXECUTION_DATE=2023-03-12T15:50:21.621300+00:00
AIRFLOW_CTX_TRY_NUMBER=1
AIRFLOW_CTX_DAG_RUN_ID=manual__2023-03-12T15:50:21.621300+00:00
[2023-03-12 15:50:30,516] {taskinstance.py:1400} INFO - Marking task as SUCCESS. dag_id=defence_dag, task_id=trigger_offence, execution_date=20230312T155021, start_date=20230312T155028, end_date=20230312T155030
[2023-03-12 15:50:30,569] {local_task_job.py:156} INFO - Task exited with return code 0
[2023-03-12 15:50:30,610] {local_task_job.py:273} INFO - 0 downstream tasks scheduled from follow-on schedule check
