[2023-03-26 16:41:32,996] {taskinstance.py:1159} INFO - Dependencies all met for <TaskInstance: multi_defence_dag.Defence2 scheduled__2023-03-23T00:00:00+00:00 [queued]>
[2023-03-26 16:41:33,062] {taskinstance.py:1159} INFO - Dependencies all met for <TaskInstance: multi_defence_dag.Defence2 scheduled__2023-03-23T00:00:00+00:00 [queued]>
[2023-03-26 16:41:33,063] {taskinstance.py:1356} INFO - 
--------------------------------------------------------------------------------
[2023-03-26 16:41:33,064] {taskinstance.py:1357} INFO - Starting attempt 1 of 2
[2023-03-26 16:41:33,069] {taskinstance.py:1358} INFO - 
--------------------------------------------------------------------------------
[2023-03-26 16:41:33,157] {taskinstance.py:1377} INFO - Executing <Task(PythonOperator): Defence2> on 2023-03-23 00:00:00+00:00
[2023-03-26 16:41:33,172] {standard_task_runner.py:52} INFO - Started process 133 to run task
[2023-03-26 16:41:33,211] {standard_task_runner.py:79} INFO - Running: ['***', 'tasks', 'run', 'multi_defence_dag', 'Defence2', 'scheduled__2023-03-23T00:00:00+00:00', '--job-id', '3661', '--raw', '--subdir', 'DAGS_FOLDER/defence_dag.py', '--cfg-path', '/tmp/tmp_01491yx', '--error-file', '/tmp/tmp79jclti_']
[2023-03-26 16:41:33,217] {standard_task_runner.py:80} INFO - Job 3661: Subtask Defence2
[2023-03-26 16:41:33,423] {task_command.py:369} INFO - Running <TaskInstance: multi_defence_dag.Defence2 scheduled__2023-03-23T00:00:00+00:00 [running]> on host 6447f1dacd32
[2023-03-26 16:41:35,494] {taskinstance.py:1571} INFO - Exporting the following env vars:
AIRFLOW_CTX_DAG_OWNER=***
AIRFLOW_CTX_DAG_ID=multi_defence_dag
AIRFLOW_CTX_TASK_ID=Defence2
AIRFLOW_CTX_EXECUTION_DATE=2023-03-23T00:00:00+00:00
AIRFLOW_CTX_TRY_NUMBER=1
AIRFLOW_CTX_DAG_RUN_ID=scheduled__2023-03-23T00:00:00+00:00
[2023-03-26 16:41:35,557] {python.py:173} INFO - Done. Returned value was: None
[2023-03-26 16:41:35,602] {taskinstance.py:1400} INFO - Marking task as SUCCESS. dag_id=multi_defence_dag, task_id=Defence2, execution_date=20230323T000000, start_date=20230326T164132, end_date=20230326T164135
[2023-03-26 16:41:35,647] {local_task_job.py:156} INFO - Task exited with return code 0
[2023-03-26 16:41:36,141] {local_task_job.py:273} INFO - 0 downstream tasks scheduled from follow-on schedule check
