[2023-03-23 15:36:04,835] {taskinstance.py:1159} INFO - Dependencies all met for <TaskInstance: multi_defence_dag.choose_defence manual__2023-03-23T15:36:01.806993+00:00 [queued]>
[2023-03-23 15:36:04,845] {taskinstance.py:1159} INFO - Dependencies all met for <TaskInstance: multi_defence_dag.choose_defence manual__2023-03-23T15:36:01.806993+00:00 [queued]>
[2023-03-23 15:36:04,846] {taskinstance.py:1356} INFO - 
--------------------------------------------------------------------------------
[2023-03-23 15:36:04,847] {taskinstance.py:1357} INFO - Starting attempt 1 of 2
[2023-03-23 15:36:04,847] {taskinstance.py:1358} INFO - 
--------------------------------------------------------------------------------
[2023-03-23 15:36:04,867] {taskinstance.py:1377} INFO - Executing <Task(PythonOperator): choose_defence> on 2023-03-23 15:36:01.806993+00:00
[2023-03-23 15:36:04,872] {standard_task_runner.py:52} INFO - Started process 13115 to run task
[2023-03-23 15:36:04,876] {standard_task_runner.py:79} INFO - Running: ['***', 'tasks', 'run', 'multi_defence_dag', 'choose_defence', 'manual__2023-03-23T15:36:01.806993+00:00', '--job-id', '3397', '--raw', '--subdir', 'DAGS_FOLDER/defence_dag.py', '--cfg-path', '/tmp/tmpyqjaihv5', '--error-file', '/tmp/tmp_x5bvg6j']
[2023-03-23 15:36:04,877] {standard_task_runner.py:80} INFO - Job 3397: Subtask choose_defence
[2023-03-23 15:36:04,940] {task_command.py:369} INFO - Running <TaskInstance: multi_defence_dag.choose_defence manual__2023-03-23T15:36:01.806993+00:00 [running]> on host 6447f1dacd32
[2023-03-23 15:36:05,021] {taskinstance.py:1571} INFO - Exporting the following env vars:
AIRFLOW_CTX_DAG_OWNER=***
AIRFLOW_CTX_DAG_ID=multi_defence_dag
AIRFLOW_CTX_TASK_ID=choose_defence
AIRFLOW_CTX_EXECUTION_DATE=2023-03-23T15:36:01.806993+00:00
AIRFLOW_CTX_TRY_NUMBER=1
AIRFLOW_CTX_DAG_RUN_ID=manual__2023-03-23T15:36:01.806993+00:00
[2023-03-23 15:36:05,063] {python.py:173} INFO - Done. Returned value was: None
[2023-03-23 15:36:05,077] {taskinstance.py:1400} INFO - Marking task as SUCCESS. dag_id=multi_defence_dag, task_id=choose_defence, execution_date=20230323T153601, start_date=20230323T153604, end_date=20230323T153605
[2023-03-23 15:36:05,130] {local_task_job.py:156} INFO - Task exited with return code 0
[2023-03-23 15:36:05,184] {local_task_job.py:273} INFO - 3 downstream tasks scheduled from follow-on schedule check
