[2023-04-18 07:53:59,418] {taskinstance.py:1159} INFO - Dependencies all met for <TaskInstance: multi_attack_dag.to_attack_ProjectedGradientDescent manual__2023-04-18T07:53:46.479029+00:00 [queued]>
[2023-04-18 07:53:59,438] {taskinstance.py:1159} INFO - Dependencies all met for <TaskInstance: multi_attack_dag.to_attack_ProjectedGradientDescent manual__2023-04-18T07:53:46.479029+00:00 [queued]>
[2023-04-18 07:53:59,439] {taskinstance.py:1356} INFO - 
--------------------------------------------------------------------------------
[2023-04-18 07:53:59,440] {taskinstance.py:1357} INFO - Starting attempt 1 of 2
[2023-04-18 07:53:59,441] {taskinstance.py:1358} INFO - 
--------------------------------------------------------------------------------
[2023-04-18 07:53:59,479] {taskinstance.py:1377} INFO - Executing <Task(BranchPythonOperator): to_attack_ProjectedGradientDescent> on 2023-04-18 07:53:46.479029+00:00
[2023-04-18 07:53:59,492] {standard_task_runner.py:52} INFO - Started process 5112 to run task
[2023-04-18 07:53:59,514] {standard_task_runner.py:79} INFO - Running: ['***', 'tasks', 'run', 'multi_attack_dag', 'to_attack_ProjectedGradientDescent', 'manual__2023-04-18T07:53:46.479029+00:00', '--job-id', '5589', '--raw', '--subdir', 'DAGS_FOLDER/attack_dag.py', '--cfg-path', '/tmp/tmpxw98_o9_', '--error-file', '/tmp/tmplnaacjb7']
[2023-04-18 07:53:59,518] {standard_task_runner.py:80} INFO - Job 5589: Subtask to_attack_ProjectedGradientDescent
[2023-04-18 07:53:59,674] {task_command.py:369} INFO - Running <TaskInstance: multi_attack_dag.to_attack_ProjectedGradientDescent manual__2023-04-18T07:53:46.479029+00:00 [running]> on host a3dd7d962104
[2023-04-18 07:53:59,901] {taskinstance.py:1571} INFO - Exporting the following env vars:
AIRFLOW_CTX_DAG_OWNER=***
AIRFLOW_CTX_DAG_ID=multi_attack_dag
AIRFLOW_CTX_TASK_ID=to_attack_ProjectedGradientDescent
AIRFLOW_CTX_EXECUTION_DATE=2023-04-18T07:53:46.479029+00:00
AIRFLOW_CTX_TRY_NUMBER=1
AIRFLOW_CTX_DAG_RUN_ID=manual__2023-04-18T07:53:46.479029+00:00
[2023-04-18 07:53:59,935] {python.py:173} INFO - Done. Returned value was: attack_ProjectedGradientDescent
[2023-04-18 07:53:59,939] {skipmixin.py:140} INFO - Following branch attack_ProjectedGradientDescent
[2023-04-18 07:53:59,940] {skipmixin.py:175} INFO - Skipping tasks ['default']
[2023-04-18 07:54:00,071] {taskinstance.py:1400} INFO - Marking task as SUCCESS. dag_id=multi_attack_dag, task_id=to_attack_ProjectedGradientDescent, execution_date=20230418T075346, start_date=20230418T075359, end_date=20230418T075400
[2023-04-18 07:54:00,139] {local_task_job.py:156} INFO - Task exited with return code 0
[2023-04-18 07:54:00,353] {local_task_job.py:273} INFO - 1 downstream tasks scheduled from follow-on schedule check
