[2023-03-23 15:36:44,698] {taskinstance.py:1159} INFO - Dependencies all met for <TaskInstance: multi_defence_dag.choose_best manual__2023-03-23T15:36:30.778659+00:00 [queued]>
[2023-03-23 15:36:44,710] {taskinstance.py:1159} INFO - Dependencies all met for <TaskInstance: multi_defence_dag.choose_best manual__2023-03-23T15:36:30.778659+00:00 [queued]>
[2023-03-23 15:36:44,711] {taskinstance.py:1356} INFO - 
--------------------------------------------------------------------------------
[2023-03-23 15:36:44,712] {taskinstance.py:1357} INFO - Starting attempt 1 of 2
[2023-03-23 15:36:44,712] {taskinstance.py:1358} INFO - 
--------------------------------------------------------------------------------
[2023-03-23 15:36:44,728] {taskinstance.py:1377} INFO - Executing <Task(PythonOperator): choose_best> on 2023-03-23 15:36:30.778659+00:00
[2023-03-23 15:36:44,735] {standard_task_runner.py:52} INFO - Started process 13249 to run task
[2023-03-23 15:36:44,739] {standard_task_runner.py:79} INFO - Running: ['***', 'tasks', 'run', 'multi_defence_dag', 'choose_best', 'manual__2023-03-23T15:36:30.778659+00:00', '--job-id', '3448', '--raw', '--subdir', 'DAGS_FOLDER/defence_dag.py', '--cfg-path', '/tmp/tmp9u47abs8', '--error-file', '/tmp/tmpcp2589zn']
[2023-03-23 15:36:44,740] {standard_task_runner.py:80} INFO - Job 3448: Subtask choose_best
[2023-03-23 15:36:44,811] {task_command.py:369} INFO - Running <TaskInstance: multi_defence_dag.choose_best manual__2023-03-23T15:36:30.778659+00:00 [running]> on host 6447f1dacd32
[2023-03-23 15:36:44,901] {taskinstance.py:1571} INFO - Exporting the following env vars:
AIRFLOW_CTX_DAG_OWNER=***
AIRFLOW_CTX_DAG_ID=multi_defence_dag
AIRFLOW_CTX_TASK_ID=choose_best
AIRFLOW_CTX_EXECUTION_DATE=2023-03-23T15:36:30.778659+00:00
AIRFLOW_CTX_TRY_NUMBER=1
AIRFLOW_CTX_DAG_RUN_ID=manual__2023-03-23T15:36:30.778659+00:00
[2023-03-23 15:36:44,971] {transport.py:157} INFO - Attempting refresh to obtain initial access_token
[2023-03-23 15:36:44,975] {client.py:777} INFO - Refreshing access_token
[2023-03-23 15:36:45,964] {transport.py:157} INFO - Attempting refresh to obtain initial access_token
[2023-03-23 15:36:45,965] {client.py:777} INFO - Refreshing access_token
[2023-03-23 15:36:46,580] {python.py:173} INFO - Done. Returned value was: None
[2023-03-23 15:36:46,596] {taskinstance.py:1400} INFO - Marking task as SUCCESS. dag_id=multi_defence_dag, task_id=choose_best, execution_date=20230323T153630, start_date=20230323T153644, end_date=20230323T153646
[2023-03-23 15:36:46,643] {local_task_job.py:156} INFO - Task exited with return code 0
[2023-03-23 15:36:46,694] {local_task_job.py:273} INFO - 1 downstream tasks scheduled from follow-on schedule check
