[2023-03-23 08:58:50,784] {taskinstance.py:1159} INFO - Dependencies all met for <TaskInstance: defence_dag2.storing manual__2023-03-23T08:57:33.557855+00:00 [queued]>
[2023-03-23 08:58:50,797] {taskinstance.py:1159} INFO - Dependencies all met for <TaskInstance: defence_dag2.storing manual__2023-03-23T08:57:33.557855+00:00 [queued]>
[2023-03-23 08:58:50,798] {taskinstance.py:1356} INFO - 
--------------------------------------------------------------------------------
[2023-03-23 08:58:50,799] {taskinstance.py:1357} INFO - Starting attempt 1 of 1
[2023-03-23 08:58:50,799] {taskinstance.py:1358} INFO - 
--------------------------------------------------------------------------------
[2023-03-23 08:58:50,822] {taskinstance.py:1377} INFO - Executing <Task(BashOperator): storing> on 2023-03-23 08:57:33.557855+00:00
[2023-03-23 08:58:50,828] {standard_task_runner.py:52} INFO - Started process 65 to run task
[2023-03-23 08:58:50,833] {standard_task_runner.py:79} INFO - Running: ['***', 'tasks', 'run', 'defence_dag2', 'storing', 'manual__2023-03-23T08:57:33.557855+00:00', '--job-id', '2248', '--raw', '--subdir', 'DAGS_FOLDER/defese.py', '--cfg-path', '/tmp/tmp4zl8affq', '--error-file', '/tmp/tmpi9gmqa0y']
[2023-03-23 08:58:50,835] {standard_task_runner.py:80} INFO - Job 2248: Subtask storing
[2023-03-23 08:58:50,908] {task_command.py:369} INFO - Running <TaskInstance: defence_dag2.storing manual__2023-03-23T08:57:33.557855+00:00 [running]> on host 6447f1dacd32
[2023-03-23 08:58:51,030] {taskinstance.py:1571} INFO - Exporting the following env vars:
AIRFLOW_CTX_DAG_OWNER=***
AIRFLOW_CTX_DAG_ID=defence_dag2
AIRFLOW_CTX_TASK_ID=storing
AIRFLOW_CTX_EXECUTION_DATE=2023-03-23T08:57:33.557855+00:00
AIRFLOW_CTX_TRY_NUMBER=1
AIRFLOW_CTX_DAG_RUN_ID=manual__2023-03-23T08:57:33.557855+00:00
[2023-03-23 08:58:51,033] {subprocess.py:62} INFO - Tmp dir root location: 
 /tmp
[2023-03-23 08:58:51,034] {subprocess.py:74} INFO - Running command: ['bash', '-c', 'sleep 1']
[2023-03-23 08:58:51,047] {subprocess.py:85} INFO - Output:
[2023-03-23 08:58:52,051] {subprocess.py:96} INFO - Command exited with return code 0
[2023-03-23 08:58:52,096] {taskinstance.py:1400} INFO - Marking task as SUCCESS. dag_id=defence_dag2, task_id=storing, execution_date=20230323T085733, start_date=20230323T085850, end_date=20230323T085852
[2023-03-23 08:58:52,134] {local_task_job.py:156} INFO - Task exited with return code 0
[2023-03-23 08:58:52,167] {local_task_job.py:273} INFO - 1 downstream tasks scheduled from follow-on schedule check
