[2023-03-23 15:35:45,938] {taskinstance.py:1159} INFO - Dependencies all met for <TaskInstance: multi_defence_dag.trigger_offence manual__2023-03-23T15:35:27.520262+00:00 [queued]>
[2023-03-23 15:35:45,955] {taskinstance.py:1159} INFO - Dependencies all met for <TaskInstance: multi_defence_dag.trigger_offence manual__2023-03-23T15:35:27.520262+00:00 [queued]>
[2023-03-23 15:35:45,956] {taskinstance.py:1356} INFO - 
--------------------------------------------------------------------------------
[2023-03-23 15:35:45,957] {taskinstance.py:1357} INFO - Starting attempt 1 of 2
[2023-03-23 15:35:45,957] {taskinstance.py:1358} INFO - 
--------------------------------------------------------------------------------
[2023-03-23 15:35:45,981] {taskinstance.py:1377} INFO - Executing <Task(TriggerDagRunOperator): trigger_offence> on 2023-03-23 15:35:27.520262+00:00
[2023-03-23 15:35:45,988] {standard_task_runner.py:52} INFO - Started process 13052 to run task
[2023-03-23 15:35:45,993] {standard_task_runner.py:79} INFO - Running: ['***', 'tasks', 'run', 'multi_defence_dag', 'trigger_offence', 'manual__2023-03-23T15:35:27.520262+00:00', '--job-id', '3376', '--raw', '--subdir', 'DAGS_FOLDER/defence_dag.py', '--cfg-path', '/tmp/tmp3mdl7xkx', '--error-file', '/tmp/tmpwl_xmb0p']
[2023-03-23 15:35:45,995] {standard_task_runner.py:80} INFO - Job 3376: Subtask trigger_offence
[2023-03-23 15:35:46,127] {task_command.py:369} INFO - Running <TaskInstance: multi_defence_dag.trigger_offence manual__2023-03-23T15:35:27.520262+00:00 [running]> on host 6447f1dacd32
[2023-03-23 15:35:46,259] {taskinstance.py:1571} INFO - Exporting the following env vars:
AIRFLOW_CTX_DAG_OWNER=***
AIRFLOW_CTX_DAG_ID=multi_defence_dag
AIRFLOW_CTX_TASK_ID=trigger_offence
AIRFLOW_CTX_EXECUTION_DATE=2023-03-23T15:35:27.520262+00:00
AIRFLOW_CTX_TRY_NUMBER=1
AIRFLOW_CTX_DAG_RUN_ID=manual__2023-03-23T15:35:27.520262+00:00
[2023-03-23 15:35:48,609] {taskinstance.py:1400} INFO - Marking task as SUCCESS. dag_id=multi_defence_dag, task_id=trigger_offence, execution_date=20230323T153527, start_date=20230323T153545, end_date=20230323T153548
[2023-03-23 15:35:48,700] {local_task_job.py:156} INFO - Task exited with return code 0
[2023-03-23 15:35:48,793] {local_task_job.py:273} INFO - 0 downstream tasks scheduled from follow-on schedule check
