[2023-04-23 13:35:40,111] {taskinstance.py:1159} INFO - Dependencies all met for <TaskInstance: multi_attack_dag.attack_BasicIterativeMethod manual__2023-04-23T13:35:12.184460+00:00 [queued]>
[2023-04-23 13:35:40,143] {taskinstance.py:1159} INFO - Dependencies all met for <TaskInstance: multi_attack_dag.attack_BasicIterativeMethod manual__2023-04-23T13:35:12.184460+00:00 [queued]>
[2023-04-23 13:35:40,144] {taskinstance.py:1356} INFO - 
--------------------------------------------------------------------------------
[2023-04-23 13:35:40,145] {taskinstance.py:1357} INFO - Starting attempt 1 of 2
[2023-04-23 13:35:40,145] {taskinstance.py:1358} INFO - 
--------------------------------------------------------------------------------
[2023-04-23 13:35:40,177] {taskinstance.py:1377} INFO - Executing <Task(PythonOperator): attack_BasicIterativeMethod> on 2023-04-23 13:35:12.184460+00:00
[2023-04-23 13:35:40,190] {standard_task_runner.py:52} INFO - Started process 144 to run task
[2023-04-23 13:35:40,195] {standard_task_runner.py:79} INFO - Running: ['***', 'tasks', 'run', 'multi_attack_dag', 'attack_BasicIterativeMethod', 'manual__2023-04-23T13:35:12.184460+00:00', '--job-id', '6215', '--raw', '--subdir', 'DAGS_FOLDER/attack_dag.py', '--cfg-path', '/tmp/tmpg9flt2y4', '--error-file', '/tmp/tmp8sz5xryq']
[2023-04-23 13:35:40,197] {standard_task_runner.py:80} INFO - Job 6215: Subtask attack_BasicIterativeMethod
[2023-04-23 13:35:40,337] {task_command.py:369} INFO - Running <TaskInstance: multi_attack_dag.attack_BasicIterativeMethod manual__2023-04-23T13:35:12.184460+00:00 [running]> on host e7e31d5a6603
[2023-04-23 13:35:40,526] {taskinstance.py:1571} INFO - Exporting the following env vars:
AIRFLOW_CTX_DAG_OWNER=***
AIRFLOW_CTX_DAG_ID=multi_attack_dag
AIRFLOW_CTX_TASK_ID=attack_BasicIterativeMethod
AIRFLOW_CTX_EXECUTION_DATE=2023-04-23T13:35:12.184460+00:00
AIRFLOW_CTX_TRY_NUMBER=1
AIRFLOW_CTX_DAG_RUN_ID=manual__2023-04-23T13:35:12.184460+00:00
[2023-04-23 13:35:40,567] {transport.py:157} INFO - Attempting refresh to obtain initial access_token
[2023-04-23 13:35:40,577] {client.py:777} INFO - Refreshing access_token
[2023-04-23 13:35:41,338] {transport.py:157} INFO - Attempting refresh to obtain initial access_token
[2023-04-23 13:35:41,345] {client.py:777} INFO - Refreshing access_token
[2023-04-23 13:35:48,544] {pytorch.py:1198} INFO - Inferred 5 hidden layers on PyTorch classifier.
[2023-04-23 13:35:58,215] {attack_dag.py:227} INFO - Optimizing...
[2023-04-23 13:35:58,216] {logging_mixin.py:115} INFO - I am right here on <class 'art.attacks.evasion.iterative_method.BasicIterativeMethod'>
[2023-04-23 13:35:58,216] {taskinstance.py:1889} ERROR - Task failed with exception
Traceback (most recent call last):
  File "/home/airflow/.local/lib/python3.7/site-packages/airflow/operators/python.py", line 171, in execute
    return_value = self.execute_callable()
  File "/home/airflow/.local/lib/python3.7/site-packages/airflow/operators/python.py", line 189, in execute_callable
    return self.python_callable(*self.op_args, **self.op_kwargs)
  File "/opt/airflow/dags/attack_dag.py", line 145, in attack_BasicIterativeMethod
    model_acc, adversarial_examples  = attack(BasicIterativeMethod)
  File "/opt/airflow/dags/attack_dag.py", line 228, in attack
    optimized_attack = optimize_evasion_attack(attack_obj,estimator,x_test,y_test)
  File "/opt/airflow/dags/attack_dag.py", line 201, in optimize_evasion_attack
    search_space = [v for k, v in attack_parameter_range[type(attack).__name__].items()]
KeyError: 'ABCMeta'
[2023-04-23 13:35:58,231] {taskinstance.py:1400} INFO - Marking task as UP_FOR_RETRY. dag_id=multi_attack_dag, task_id=attack_BasicIterativeMethod, execution_date=20230423T133512, start_date=20230423T133540, end_date=20230423T133558
[2023-04-23 13:35:58,254] {standard_task_runner.py:97} ERROR - Failed to execute job 6215 for task attack_BasicIterativeMethod ('ABCMeta'; 144)
[2023-04-23 13:35:58,302] {local_task_job.py:156} INFO - Task exited with return code 1
[2023-04-23 13:35:58,361] {local_task_job.py:273} INFO - 0 downstream tasks scheduled from follow-on schedule check
