[2023-04-30 09:06:15,724] {taskinstance.py:1159} INFO - Dependencies all met for <TaskInstance: multi_defence_dag.to_defend manual__2023-04-30T09:05:56.025241+00:00 [queued]>
[2023-04-30 09:06:15,732] {taskinstance.py:1159} INFO - Dependencies all met for <TaskInstance: multi_defence_dag.to_defend manual__2023-04-30T09:05:56.025241+00:00 [queued]>
[2023-04-30 09:06:15,732] {taskinstance.py:1356} INFO - 
--------------------------------------------------------------------------------
[2023-04-30 09:06:15,733] {taskinstance.py:1357} INFO - Starting attempt 1 of 2
[2023-04-30 09:06:15,733] {taskinstance.py:1358} INFO - 
--------------------------------------------------------------------------------
[2023-04-30 09:06:15,744] {taskinstance.py:1377} INFO - Executing <Task(BranchPythonOperator): to_defend> on 2023-04-30 09:05:56.025241+00:00
[2023-04-30 09:06:15,751] {standard_task_runner.py:52} INFO - Started process 137 to run task
[2023-04-30 09:06:15,754] {standard_task_runner.py:79} INFO - Running: ['***', 'tasks', 'run', 'multi_defence_dag', 'to_defend', 'manual__2023-04-30T09:05:56.025241+00:00', '--job-id', '7232', '--raw', '--subdir', 'DAGS_FOLDER/defence_dag.py', '--cfg-path', '/tmp/tmp7w_j48hl', '--error-file', '/tmp/tmp24tdfc4t']
[2023-04-30 09:06:15,755] {standard_task_runner.py:80} INFO - Job 7232: Subtask to_defend
[2023-04-30 09:06:15,803] {task_command.py:369} INFO - Running <TaskInstance: multi_defence_dag.to_defend manual__2023-04-30T09:05:56.025241+00:00 [running]> on host e7e31d5a6603
[2023-04-30 09:06:15,863] {taskinstance.py:1571} INFO - Exporting the following env vars:
AIRFLOW_CTX_DAG_OWNER=***
AIRFLOW_CTX_DAG_ID=multi_defence_dag
AIRFLOW_CTX_TASK_ID=to_defend
AIRFLOW_CTX_EXECUTION_DATE=2023-04-30T09:05:56.025241+00:00
AIRFLOW_CTX_TRY_NUMBER=1
AIRFLOW_CTX_DAG_RUN_ID=manual__2023-04-30T09:05:56.025241+00:00
[2023-04-30 09:06:15,866] {transport.py:157} INFO - Attempting refresh to obtain initial access_token
[2023-04-30 09:06:15,870] {client.py:777} INFO - Refreshing access_token
[2023-04-30 09:06:16,660] {python.py:173} INFO - Done. Returned value was: stop
[2023-04-30 09:06:16,661] {skipmixin.py:140} INFO - Following branch stop
[2023-04-30 09:06:16,662] {skipmixin.py:175} INFO - Skipping tasks ['trigger_offence']
[2023-04-30 09:06:16,703] {taskinstance.py:1400} INFO - Marking task as SUCCESS. dag_id=multi_defence_dag, task_id=to_defend, execution_date=20230430T090556, start_date=20230430T090615, end_date=20230430T090616
[2023-04-30 09:06:16,733] {local_task_job.py:156} INFO - Task exited with return code 0
[2023-04-30 09:06:16,766] {local_task_job.py:273} INFO - 1 downstream tasks scheduled from follow-on schedule check
