[2023-04-16 13:23:08,007] {taskinstance.py:1159} INFO - Dependencies all met for <TaskInstance: defence_dag2.storing scheduled__2023-04-15T00:00:00+00:00 [queued]>
[2023-04-16 13:23:08,032] {taskinstance.py:1159} INFO - Dependencies all met for <TaskInstance: defence_dag2.storing scheduled__2023-04-15T00:00:00+00:00 [queued]>
[2023-04-16 13:23:08,047] {taskinstance.py:1356} INFO - 
--------------------------------------------------------------------------------
[2023-04-16 13:23:08,047] {taskinstance.py:1357} INFO - Starting attempt 1 of 1
[2023-04-16 13:23:08,048] {taskinstance.py:1358} INFO - 
--------------------------------------------------------------------------------
[2023-04-16 13:23:08,300] {taskinstance.py:1377} INFO - Executing <Task(BashOperator): storing> on 2023-04-15 00:00:00+00:00
[2023-04-16 13:23:08,726] {standard_task_runner.py:52} INFO - Started process 104 to run task
[2023-04-16 13:23:08,779] {standard_task_runner.py:79} INFO - Running: ['***', 'tasks', 'run', 'defence_dag2', 'storing', 'scheduled__2023-04-15T00:00:00+00:00', '--job-id', '5100', '--raw', '--subdir', 'DAGS_FOLDER/defese.py', '--cfg-path', '/tmp/tmpbfnaeomx', '--error-file', '/tmp/tmp75z49fp4']
[2023-04-16 13:23:08,787] {standard_task_runner.py:80} INFO - Job 5100: Subtask storing
[2023-04-16 13:23:10,067] {task_command.py:369} INFO - Running <TaskInstance: defence_dag2.storing scheduled__2023-04-15T00:00:00+00:00 [running]> on host c5458bb8a35c
[2023-04-16 13:23:12,717] {taskinstance.py:1571} INFO - Exporting the following env vars:
AIRFLOW_CTX_DAG_OWNER=***
AIRFLOW_CTX_DAG_ID=defence_dag2
AIRFLOW_CTX_TASK_ID=storing
AIRFLOW_CTX_EXECUTION_DATE=2023-04-15T00:00:00+00:00
AIRFLOW_CTX_TRY_NUMBER=1
AIRFLOW_CTX_DAG_RUN_ID=scheduled__2023-04-15T00:00:00+00:00
[2023-04-16 13:23:12,771] {subprocess.py:62} INFO - Tmp dir root location: 
 /tmp
[2023-04-16 13:23:12,830] {subprocess.py:74} INFO - Running command: ['bash', '-c', 'sleep 1']
[2023-04-16 13:23:13,507] {subprocess.py:85} INFO - Output:
[2023-04-16 13:23:14,881] {subprocess.py:96} INFO - Command exited with return code 0
[2023-04-16 13:23:15,258] {taskinstance.py:1400} INFO - Marking task as SUCCESS. dag_id=defence_dag2, task_id=storing, execution_date=20230415T000000, start_date=20230416T132308, end_date=20230416T132315
[2023-04-16 13:23:15,582] {local_task_job.py:156} INFO - Task exited with return code 0
[2023-04-16 13:23:16,712] {local_task_job.py:273} INFO - 1 downstream tasks scheduled from follow-on schedule check
