[2023-04-23 09:01:20,227] {taskinstance.py:1159} INFO - Dependencies all met for <TaskInstance: multi_attack_dag.metadata manual__2023-04-23T09:01:13.348109+00:00 [queued]>
[2023-04-23 09:01:20,250] {taskinstance.py:1159} INFO - Dependencies all met for <TaskInstance: multi_attack_dag.metadata manual__2023-04-23T09:01:13.348109+00:00 [queued]>
[2023-04-23 09:01:20,250] {taskinstance.py:1356} INFO - 
--------------------------------------------------------------------------------
[2023-04-23 09:01:20,252] {taskinstance.py:1357} INFO - Starting attempt 1 of 2
[2023-04-23 09:01:20,252] {taskinstance.py:1358} INFO - 
--------------------------------------------------------------------------------
[2023-04-23 09:01:20,278] {taskinstance.py:1377} INFO - Executing <Task(PythonOperator): metadata> on 2023-04-23 09:01:13.348109+00:00
[2023-04-23 09:01:20,290] {standard_task_runner.py:52} INFO - Started process 3290 to run task
[2023-04-23 09:01:20,296] {standard_task_runner.py:79} INFO - Running: ['***', 'tasks', 'run', 'multi_attack_dag', 'metadata', 'manual__2023-04-23T09:01:13.348109+00:00', '--job-id', '5991', '--raw', '--subdir', 'DAGS_FOLDER/attack_dag.py', '--cfg-path', '/tmp/tmp2a0o1b4k', '--error-file', '/tmp/tmpd0mpxuh1']
[2023-04-23 09:01:20,299] {standard_task_runner.py:80} INFO - Job 5991: Subtask metadata
[2023-04-23 09:01:20,403] {task_command.py:369} INFO - Running <TaskInstance: multi_attack_dag.metadata manual__2023-04-23T09:01:13.348109+00:00 [running]> on host a3dd7d962104
[2023-04-23 09:01:20,523] {taskinstance.py:1571} INFO - Exporting the following env vars:
AIRFLOW_CTX_DAG_OWNER=***
AIRFLOW_CTX_DAG_ID=multi_attack_dag
AIRFLOW_CTX_TASK_ID=metadata
AIRFLOW_CTX_EXECUTION_DATE=2023-04-23T09:01:13.348109+00:00
AIRFLOW_CTX_TRY_NUMBER=1
AIRFLOW_CTX_DAG_RUN_ID=manual__2023-04-23T09:01:13.348109+00:00
[2023-04-23 09:01:20,528] {transport.py:157} INFO - Attempting refresh to obtain initial access_token
[2023-04-23 09:01:20,538] {client.py:777} INFO - Refreshing access_token
[2023-04-23 09:01:21,485] {python.py:173} INFO - Done. Returned value was: None
[2023-04-23 09:01:21,536] {taskinstance.py:1400} INFO - Marking task as SUCCESS. dag_id=multi_attack_dag, task_id=metadata, execution_date=20230423T090113, start_date=20230423T090120, end_date=20230423T090121
[2023-04-23 09:01:21,634] {local_task_job.py:156} INFO - Task exited with return code 0
[2023-04-23 09:01:21,710] {local_task_job.py:273} INFO - 0 downstream tasks scheduled from follow-on schedule check
