[2023-04-30 08:00:23,210] {taskinstance.py:1159} INFO - Dependencies all met for <TaskInstance: multi_defence_dag.stop scheduled__2023-04-29T00:00:00+00:00 [queued]>
[2023-04-30 08:00:23,301] {taskinstance.py:1159} INFO - Dependencies all met for <TaskInstance: multi_defence_dag.stop scheduled__2023-04-29T00:00:00+00:00 [queued]>
[2023-04-30 08:00:23,302] {taskinstance.py:1356} INFO - 
--------------------------------------------------------------------------------
[2023-04-30 08:00:23,302] {taskinstance.py:1357} INFO - Starting attempt 1 of 2
[2023-04-30 08:00:23,303] {taskinstance.py:1358} INFO - 
--------------------------------------------------------------------------------
[2023-04-30 08:00:23,372] {taskinstance.py:1377} INFO - Executing <Task(PythonOperator): stop> on 2023-04-29 00:00:00+00:00
[2023-04-30 08:00:23,460] {standard_task_runner.py:52} INFO - Started process 367 to run task
[2023-04-30 08:00:23,478] {standard_task_runner.py:79} INFO - Running: ['***', 'tasks', 'run', 'multi_defence_dag', 'stop', 'scheduled__2023-04-29T00:00:00+00:00', '--job-id', '7074', '--raw', '--subdir', 'DAGS_FOLDER/defence_dag.py', '--cfg-path', '/tmp/tmp6f10nb5l', '--error-file', '/tmp/tmp62zg2_8i']
[2023-04-30 08:00:23,483] {standard_task_runner.py:80} INFO - Job 7074: Subtask stop
[2023-04-30 08:00:23,812] {task_command.py:369} INFO - Running <TaskInstance: multi_defence_dag.stop scheduled__2023-04-29T00:00:00+00:00 [running]> on host e7e31d5a6603
[2023-04-30 08:00:24,143] {taskinstance.py:1571} INFO - Exporting the following env vars:
AIRFLOW_CTX_DAG_OWNER=***
AIRFLOW_CTX_DAG_ID=multi_defence_dag
AIRFLOW_CTX_TASK_ID=stop
AIRFLOW_CTX_EXECUTION_DATE=2023-04-29T00:00:00+00:00
AIRFLOW_CTX_TRY_NUMBER=1
AIRFLOW_CTX_DAG_RUN_ID=scheduled__2023-04-29T00:00:00+00:00
[2023-04-30 08:00:24,145] {python.py:173} INFO - Done. Returned value was: Cycle has ended
[2023-04-30 08:00:24,273] {taskinstance.py:1400} INFO - Marking task as SUCCESS. dag_id=multi_defence_dag, task_id=stop, execution_date=20230429T000000, start_date=20230430T080023, end_date=20230430T080024
[2023-04-30 08:00:24,373] {local_task_job.py:156} INFO - Task exited with return code 0
[2023-04-30 08:00:24,468] {local_task_job.py:273} INFO - 0 downstream tasks scheduled from follow-on schedule check
