[2023-04-08 11:12:11,148] {taskinstance.py:1159} INFO - Dependencies all met for <TaskInstance: defence_dag2.defence1 scheduled__2023-04-07T00:00:00+00:00 [queued]>
[2023-04-08 11:12:11,158] {taskinstance.py:1159} INFO - Dependencies all met for <TaskInstance: defence_dag2.defence1 scheduled__2023-04-07T00:00:00+00:00 [queued]>
[2023-04-08 11:12:11,159] {taskinstance.py:1356} INFO - 
--------------------------------------------------------------------------------
[2023-04-08 11:12:11,159] {taskinstance.py:1357} INFO - Starting attempt 1 of 1
[2023-04-08 11:12:11,160] {taskinstance.py:1358} INFO - 
--------------------------------------------------------------------------------
[2023-04-08 11:12:11,172] {taskinstance.py:1377} INFO - Executing <Task(PythonOperator): defence1> on 2023-04-07 00:00:00+00:00
[2023-04-08 11:12:11,179] {standard_task_runner.py:52} INFO - Started process 1159 to run task
[2023-04-08 11:12:11,182] {standard_task_runner.py:79} INFO - Running: ['***', 'tasks', 'run', 'defence_dag2', 'defence1', 'scheduled__2023-04-07T00:00:00+00:00', '--job-id', '4636', '--raw', '--subdir', 'DAGS_FOLDER/defese.py', '--cfg-path', '/tmp/tmp9fkfbtjt', '--error-file', '/tmp/tmpngj7hfwp']
[2023-04-08 11:12:11,183] {standard_task_runner.py:80} INFO - Job 4636: Subtask defence1
[2023-04-08 11:12:11,224] {task_command.py:369} INFO - Running <TaskInstance: defence_dag2.defence1 scheduled__2023-04-07T00:00:00+00:00 [running]> on host ff3d40af78f9
[2023-04-08 11:12:11,281] {taskinstance.py:1571} INFO - Exporting the following env vars:
AIRFLOW_CTX_DAG_OWNER=***
AIRFLOW_CTX_DAG_ID=defence_dag2
AIRFLOW_CTX_TASK_ID=defence1
AIRFLOW_CTX_EXECUTION_DATE=2023-04-07T00:00:00+00:00
AIRFLOW_CTX_TRY_NUMBER=1
AIRFLOW_CTX_DAG_RUN_ID=scheduled__2023-04-07T00:00:00+00:00
[2023-04-08 11:12:11,293] {logging_mixin.py:115} INFO - defensing
[2023-04-08 11:12:11,293] {python.py:173} INFO - Done. Returned value was: None
[2023-04-08 11:12:11,303] {taskinstance.py:1400} INFO - Marking task as SUCCESS. dag_id=defence_dag2, task_id=defence1, execution_date=20230407T000000, start_date=20230408T111211, end_date=20230408T111211
[2023-04-08 11:12:11,354] {local_task_job.py:156} INFO - Task exited with return code 0
[2023-04-08 11:12:11,398] {local_task_job.py:273} INFO - 1 downstream tasks scheduled from follow-on schedule check
