[2023-03-28 11:46:45,773] {taskinstance.py:1159} INFO - Dependencies all met for <TaskInstance: multi_attack_dag.attack_zoo manual__2023-03-28T11:46:33.273337+00:00 [queued]>
[2023-03-28 11:46:45,782] {taskinstance.py:1159} INFO - Dependencies all met for <TaskInstance: multi_attack_dag.attack_zoo manual__2023-03-28T11:46:33.273337+00:00 [queued]>
[2023-03-28 11:46:45,783] {taskinstance.py:1356} INFO - 
--------------------------------------------------------------------------------
[2023-03-28 11:46:45,784] {taskinstance.py:1357} INFO - Starting attempt 1 of 2
[2023-03-28 11:46:45,784] {taskinstance.py:1358} INFO - 
--------------------------------------------------------------------------------
[2023-03-28 11:46:45,795] {taskinstance.py:1377} INFO - Executing <Task(PythonOperator): attack_zoo> on 2023-03-28 11:46:33.273337+00:00
[2023-03-28 11:46:45,802] {standard_task_runner.py:52} INFO - Started process 918 to run task
[2023-03-28 11:46:45,805] {standard_task_runner.py:79} INFO - Running: ['***', 'tasks', 'run', 'multi_attack_dag', 'attack_zoo', 'manual__2023-03-28T11:46:33.273337+00:00', '--job-id', '4532', '--raw', '--subdir', 'DAGS_FOLDER/sklearn_attack_dag.py', '--cfg-path', '/tmp/tmpx3lpabx7', '--error-file', '/tmp/tmpovp2aob1']
[2023-03-28 11:46:45,806] {standard_task_runner.py:80} INFO - Job 4532: Subtask attack_zoo
[2023-03-28 11:46:45,849] {task_command.py:369} INFO - Running <TaskInstance: multi_attack_dag.attack_zoo manual__2023-03-28T11:46:33.273337+00:00 [running]> on host ff3d40af78f9
[2023-03-28 11:46:45,907] {taskinstance.py:1571} INFO - Exporting the following env vars:
AIRFLOW_CTX_DAG_OWNER=***
AIRFLOW_CTX_DAG_ID=multi_attack_dag
AIRFLOW_CTX_TASK_ID=attack_zoo
AIRFLOW_CTX_EXECUTION_DATE=2023-03-28T11:46:33.273337+00:00
AIRFLOW_CTX_TRY_NUMBER=1
AIRFLOW_CTX_DAG_RUN_ID=manual__2023-03-28T11:46:33.273337+00:00
[2023-03-28 11:46:45,908] {utils.py:1511} INFO - Downloading data from https://s3.amazonaws.com/img-datasets/mnist.npz
[2023-03-28 11:46:54,298] {logging_mixin.py:115} INFO - [11:46:54] WARNING: ../src/learner.cc:627: 
Parameters: { "metric" } might not be used.

  This could be a false alarm, with some parameters getting used by language bindings but
  then being mistakenly passed down to XGBoost core, or some parameter actually being used
  but getting flagged wrongly here. Please open an issue if you find any such cases.
[2023-03-28 11:47:05,476] {logging_mixin.py:115} INFO - [0]	test-mlogloss:1.08678	train-mlogloss:1.35689
[2023-03-28 11:47:14,414] {logging_mixin.py:115} INFO - [1]	test-mlogloss:0.80412	train-mlogloss:1.02601
[2023-03-28 11:47:14,442] {logging_mixin.py:115} INFO - Accuracy on benign test examples: 100.0%
[2023-03-28 11:47:14,443] {zoo.py:155} INFO - Disable resizing and importance sampling because feature vector input has been detected.
[2023-03-28 11:47:14,451] {logging_mixin.py:115} WARNING - ZOO:   0%|          | 0/5 [00:00<?, ?it/s]
[2023-03-28 11:47:18,859] {logging_mixin.py:115} WARNING - ZOO:  20%|##        | 1/5 [00:04<00:17,  4.41s/it]
[2023-03-28 11:47:21,038] {logging_mixin.py:115} WARNING - ZOO:  40%|####      | 2/5 [00:06<00:09,  3.10s/it]
[2023-03-28 11:47:23,749] {logging_mixin.py:115} WARNING - ZOO:  60%|######    | 3/5 [00:09<00:05,  2.92s/it]
[2023-03-28 11:47:28,523] {logging_mixin.py:115} WARNING - ZOO:  80%|########  | 4/5 [00:14<00:03,  3.65s/it]
[2023-03-28 11:47:30,842] {logging_mixin.py:115} WARNING - ZOO: 100%|##########| 5/5 [00:16<00:00,  3.17s/it]
[2023-03-28 11:47:30,843] {logging_mixin.py:115} WARNING - ZOO: 100%|##########| 5/5 [00:16<00:00,  3.28s/it]
[2023-03-28 11:47:30,853] {zoo.py:248} INFO - Success rate of ZOO attack: 100.00%
[2023-03-28 11:47:30,906] {python.py:173} INFO - Done. Returned value was: None
[2023-03-28 11:47:30,923] {taskinstance.py:1400} INFO - Marking task as SUCCESS. dag_id=multi_attack_dag, task_id=attack_zoo, execution_date=20230328T114633, start_date=20230328T114645, end_date=20230328T114730
[2023-03-28 11:47:30,959] {local_task_job.py:156} INFO - Task exited with return code 0
[2023-03-28 11:47:31,013] {local_task_job.py:273} INFO - 1 downstream tasks scheduled from follow-on schedule check
