[2023-04-27 12:44:11,128] {taskinstance.py:1159} INFO - Dependencies all met for <TaskInstance: multi_attack_dag.choose_best manual__2023-04-27T10:40:33.319519+00:00 [queued]>
[2023-04-27 12:44:11,215] {taskinstance.py:1159} INFO - Dependencies all met for <TaskInstance: multi_attack_dag.choose_best manual__2023-04-27T10:40:33.319519+00:00 [queued]>
[2023-04-27 12:44:11,217] {taskinstance.py:1356} INFO - 
--------------------------------------------------------------------------------
[2023-04-27 12:44:11,224] {taskinstance.py:1357} INFO - Starting attempt 1 of 2
[2023-04-27 12:44:11,227] {taskinstance.py:1358} INFO - 
--------------------------------------------------------------------------------
[2023-04-27 12:44:11,413] {taskinstance.py:1377} INFO - Executing <Task(PythonOperator): choose_best> on 2023-04-27 10:40:33.319519+00:00
[2023-04-27 12:44:11,473] {standard_task_runner.py:52} INFO - Started process 158 to run task
[2023-04-27 12:44:11,523] {standard_task_runner.py:79} INFO - Running: ['***', 'tasks', 'run', 'multi_attack_dag', 'choose_best', 'manual__2023-04-27T10:40:33.319519+00:00', '--job-id', '6857', '--raw', '--subdir', 'DAGS_FOLDER/attack_dag.py', '--cfg-path', '/tmp/tmpi3v7pfg8', '--error-file', '/tmp/tmpdzzmz2gi']
[2023-04-27 12:44:11,533] {standard_task_runner.py:80} INFO - Job 6857: Subtask choose_best
[2023-04-27 12:44:12,023] {task_command.py:369} INFO - Running <TaskInstance: multi_attack_dag.choose_best manual__2023-04-27T10:40:33.319519+00:00 [running]> on host e7e31d5a6603
[2023-04-27 12:44:12,953] {taskinstance.py:1571} INFO - Exporting the following env vars:
AIRFLOW_CTX_DAG_OWNER=***
AIRFLOW_CTX_DAG_ID=multi_attack_dag
AIRFLOW_CTX_TASK_ID=choose_best
AIRFLOW_CTX_EXECUTION_DATE=2023-04-27T10:40:33.319519+00:00
AIRFLOW_CTX_TRY_NUMBER=1
AIRFLOW_CTX_DAG_RUN_ID=manual__2023-04-27T10:40:33.319519+00:00
[2023-04-27 12:44:16,361] {transport.py:157} INFO - Attempting refresh to obtain initial access_token
[2023-04-27 12:44:16,391] {client.py:777} INFO - Refreshing access_token
[2023-04-27 12:44:18,110] {transport.py:157} INFO - Attempting refresh to obtain initial access_token
[2023-04-27 12:44:18,131] {client.py:777} INFO - Refreshing access_token
[2023-04-27 12:44:18,915] {transport.py:157} INFO - Attempting refresh to obtain initial access_token
[2023-04-27 12:44:18,924] {client.py:777} INFO - Refreshing access_token
[2023-04-27 12:44:19,677] {python.py:173} INFO - Done. Returned value was: None
[2023-04-27 12:44:20,235] {taskinstance.py:1400} INFO - Marking task as SUCCESS. dag_id=multi_attack_dag, task_id=choose_best, execution_date=20230427T104033, start_date=20230427T124411, end_date=20230427T124420
[2023-04-27 12:44:20,401] {local_task_job.py:156} INFO - Task exited with return code 0
[2023-04-27 12:44:20,719] {local_task_job.py:273} INFO - 1 downstream tasks scheduled from follow-on schedule check
