[2023-04-23 09:35:39,326] {taskinstance.py:1159} INFO - Dependencies all met for <TaskInstance: multi_defence_dag.to_defend manual__2023-04-23T09:35:17.871007+00:00 [queued]>
[2023-04-23 09:35:39,347] {taskinstance.py:1159} INFO - Dependencies all met for <TaskInstance: multi_defence_dag.to_defend manual__2023-04-23T09:35:17.871007+00:00 [queued]>
[2023-04-23 09:35:39,348] {taskinstance.py:1356} INFO - 
--------------------------------------------------------------------------------
[2023-04-23 09:35:39,353] {taskinstance.py:1357} INFO - Starting attempt 1 of 2
[2023-04-23 09:35:39,354] {taskinstance.py:1358} INFO - 
--------------------------------------------------------------------------------
[2023-04-23 09:35:39,383] {taskinstance.py:1377} INFO - Executing <Task(BranchPythonOperator): to_defend> on 2023-04-23 09:35:17.871007+00:00
[2023-04-23 09:35:39,394] {standard_task_runner.py:52} INFO - Started process 1211 to run task
[2023-04-23 09:35:39,400] {standard_task_runner.py:79} INFO - Running: ['***', 'tasks', 'run', 'multi_defence_dag', 'to_defend', 'manual__2023-04-23T09:35:17.871007+00:00', '--job-id', '6108', '--raw', '--subdir', 'DAGS_FOLDER/defence_dag.py', '--cfg-path', '/tmp/tmpfvulz7ed', '--error-file', '/tmp/tmpw8rqgeyh']
[2023-04-23 09:35:39,402] {standard_task_runner.py:80} INFO - Job 6108: Subtask to_defend
[2023-04-23 09:35:39,516] {task_command.py:369} INFO - Running <TaskInstance: multi_defence_dag.to_defend manual__2023-04-23T09:35:17.871007+00:00 [running]> on host a3dd7d962104
[2023-04-23 09:35:39,674] {taskinstance.py:1571} INFO - Exporting the following env vars:
AIRFLOW_CTX_DAG_OWNER=***
AIRFLOW_CTX_DAG_ID=multi_defence_dag
AIRFLOW_CTX_TASK_ID=to_defend
AIRFLOW_CTX_EXECUTION_DATE=2023-04-23T09:35:17.871007+00:00
AIRFLOW_CTX_TRY_NUMBER=1
AIRFLOW_CTX_DAG_RUN_ID=manual__2023-04-23T09:35:17.871007+00:00
[2023-04-23 09:35:39,679] {transport.py:157} INFO - Attempting refresh to obtain initial access_token
[2023-04-23 09:35:39,687] {client.py:777} INFO - Refreshing access_token
[2023-04-23 09:35:41,170] {python.py:173} INFO - Done. Returned value was: trigger_offence
[2023-04-23 09:35:41,171] {skipmixin.py:140} INFO - Following branch trigger_offence
[2023-04-23 09:35:41,171] {skipmixin.py:175} INFO - Skipping tasks ['stop']
[2023-04-23 09:35:41,256] {taskinstance.py:1400} INFO - Marking task as SUCCESS. dag_id=multi_defence_dag, task_id=to_defend, execution_date=20230423T093517, start_date=20230423T093539, end_date=20230423T093541
[2023-04-23 09:35:41,302] {local_task_job.py:156} INFO - Task exited with return code 0
[2023-04-23 09:35:41,379] {local_task_job.py:273} INFO - 1 downstream tasks scheduled from follow-on schedule check
