[2023-03-28 09:54:24,010] {taskinstance.py:1159} INFO - Dependencies all met for <TaskInstance: defence_dag2.storing manual__2023-03-28T09:54:21.736829+00:00 [queued]>
[2023-03-28 09:54:24,019] {taskinstance.py:1159} INFO - Dependencies all met for <TaskInstance: defence_dag2.storing manual__2023-03-28T09:54:21.736829+00:00 [queued]>
[2023-03-28 09:54:24,019] {taskinstance.py:1356} INFO - 
--------------------------------------------------------------------------------
[2023-03-28 09:54:24,019] {taskinstance.py:1357} INFO - Starting attempt 1 of 1
[2023-03-28 09:54:24,020] {taskinstance.py:1358} INFO - 
--------------------------------------------------------------------------------
[2023-03-28 09:54:24,032] {taskinstance.py:1377} INFO - Executing <Task(BashOperator): storing> on 2023-03-28 09:54:21.736829+00:00
[2023-03-28 09:54:24,037] {standard_task_runner.py:52} INFO - Started process 783 to run task
[2023-03-28 09:54:24,040] {standard_task_runner.py:79} INFO - Running: ['***', 'tasks', 'run', 'defence_dag2', 'storing', 'manual__2023-03-28T09:54:21.736829+00:00', '--job-id', '4002', '--raw', '--subdir', 'DAGS_FOLDER/defese.py', '--cfg-path', '/tmp/tmp2g_qhl0y', '--error-file', '/tmp/tmpqdr5rct3']
[2023-03-28 09:54:24,041] {standard_task_runner.py:80} INFO - Job 4002: Subtask storing
[2023-03-28 09:54:24,093] {task_command.py:369} INFO - Running <TaskInstance: defence_dag2.storing manual__2023-03-28T09:54:21.736829+00:00 [running]> on host 70f8824ef075
[2023-03-28 09:54:24,165] {taskinstance.py:1571} INFO - Exporting the following env vars:
AIRFLOW_CTX_DAG_OWNER=***
AIRFLOW_CTX_DAG_ID=defence_dag2
AIRFLOW_CTX_TASK_ID=storing
AIRFLOW_CTX_EXECUTION_DATE=2023-03-28T09:54:21.736829+00:00
AIRFLOW_CTX_TRY_NUMBER=1
AIRFLOW_CTX_DAG_RUN_ID=manual__2023-03-28T09:54:21.736829+00:00
[2023-03-28 09:54:24,166] {subprocess.py:62} INFO - Tmp dir root location: 
 /tmp
[2023-03-28 09:54:24,167] {subprocess.py:74} INFO - Running command: ['bash', '-c', 'sleep 1']
[2023-03-28 09:54:24,176] {subprocess.py:85} INFO - Output:
[2023-03-28 09:54:25,180] {subprocess.py:96} INFO - Command exited with return code 0
[2023-03-28 09:54:25,248] {taskinstance.py:1400} INFO - Marking task as SUCCESS. dag_id=defence_dag2, task_id=storing, execution_date=20230328T095421, start_date=20230328T095424, end_date=20230328T095425
[2023-03-28 09:54:25,303] {local_task_job.py:156} INFO - Task exited with return code 0
[2023-03-28 09:54:25,438] {local_task_job.py:273} INFO - 1 downstream tasks scheduled from follow-on schedule check
