[2023-04-30 07:58:53,837] {taskinstance.py:1159} INFO - Dependencies all met for <TaskInstance: defence_dag2.storing scheduled__2023-04-27T00:00:00+00:00 [queued]>
[2023-04-30 07:58:53,873] {taskinstance.py:1159} INFO - Dependencies all met for <TaskInstance: defence_dag2.storing scheduled__2023-04-27T00:00:00+00:00 [queued]>
[2023-04-30 07:58:53,873] {taskinstance.py:1356} INFO - 
--------------------------------------------------------------------------------
[2023-04-30 07:58:53,874] {taskinstance.py:1357} INFO - Starting attempt 1 of 1
[2023-04-30 07:58:53,875] {taskinstance.py:1358} INFO - 
--------------------------------------------------------------------------------
[2023-04-30 07:58:53,914] {taskinstance.py:1377} INFO - Executing <Task(BashOperator): storing> on 2023-04-27 00:00:00+00:00
[2023-04-30 07:58:53,927] {standard_task_runner.py:52} INFO - Started process 152 to run task
[2023-04-30 07:58:53,945] {standard_task_runner.py:79} INFO - Running: ['***', 'tasks', 'run', 'defence_dag2', 'storing', 'scheduled__2023-04-27T00:00:00+00:00', '--job-id', '7014', '--raw', '--subdir', 'DAGS_FOLDER/defese.py', '--cfg-path', '/tmp/tmpfii7_f8u', '--error-file', '/tmp/tmpcjtityrh']
[2023-04-30 07:58:53,947] {standard_task_runner.py:80} INFO - Job 7014: Subtask storing
[2023-04-30 07:58:54,164] {task_command.py:369} INFO - Running <TaskInstance: defence_dag2.storing scheduled__2023-04-27T00:00:00+00:00 [running]> on host e7e31d5a6603
[2023-04-30 07:58:54,629] {taskinstance.py:1571} INFO - Exporting the following env vars:
AIRFLOW_CTX_DAG_OWNER=***
AIRFLOW_CTX_DAG_ID=defence_dag2
AIRFLOW_CTX_TASK_ID=storing
AIRFLOW_CTX_EXECUTION_DATE=2023-04-27T00:00:00+00:00
AIRFLOW_CTX_TRY_NUMBER=1
AIRFLOW_CTX_DAG_RUN_ID=scheduled__2023-04-27T00:00:00+00:00
[2023-04-30 07:58:54,632] {subprocess.py:62} INFO - Tmp dir root location: 
 /tmp
[2023-04-30 07:58:54,642] {subprocess.py:74} INFO - Running command: ['bash', '-c', 'sleep 1']
[2023-04-30 07:58:54,772] {subprocess.py:85} INFO - Output:
[2023-04-30 07:58:55,794] {subprocess.py:96} INFO - Command exited with return code 0
[2023-04-30 07:58:56,146] {taskinstance.py:1400} INFO - Marking task as SUCCESS. dag_id=defence_dag2, task_id=storing, execution_date=20230427T000000, start_date=20230430T075853, end_date=20230430T075856
[2023-04-30 07:58:56,301] {local_task_job.py:156} INFO - Task exited with return code 0
[2023-04-30 07:58:56,589] {local_task_job.py:273} INFO - 1 downstream tasks scheduled from follow-on schedule check
