[2023-04-27 11:41:37,138] {taskinstance.py:1159} INFO - Dependencies all met for <TaskInstance: multi_defence_dag.stop manual__2023-04-27T11:40:52.281856+00:00 [queued]>
[2023-04-27 11:41:37,156] {taskinstance.py:1159} INFO - Dependencies all met for <TaskInstance: multi_defence_dag.stop manual__2023-04-27T11:40:52.281856+00:00 [queued]>
[2023-04-27 11:41:37,157] {taskinstance.py:1356} INFO - 
--------------------------------------------------------------------------------
[2023-04-27 11:41:37,158] {taskinstance.py:1357} INFO - Starting attempt 1 of 2
[2023-04-27 11:41:37,158] {taskinstance.py:1358} INFO - 
--------------------------------------------------------------------------------
[2023-04-27 11:41:37,182] {taskinstance.py:1377} INFO - Executing <Task(PythonOperator): stop> on 2023-04-27 11:40:52.281856+00:00
[2023-04-27 11:41:37,249] {standard_task_runner.py:52} INFO - Started process 2007 to run task
[2023-04-27 11:41:37,268] {standard_task_runner.py:79} INFO - Running: ['***', 'tasks', 'run', 'multi_defence_dag', 'stop', 'manual__2023-04-27T11:40:52.281856+00:00', '--job-id', '6751', '--raw', '--subdir', 'DAGS_FOLDER/defence_dag.py', '--cfg-path', '/tmp/tmp0gjiz17s', '--error-file', '/tmp/tmpl4xx9wn_']
[2023-04-27 11:41:37,278] {standard_task_runner.py:80} INFO - Job 6751: Subtask stop
[2023-04-27 11:41:37,390] {task_command.py:369} INFO - Running <TaskInstance: multi_defence_dag.stop manual__2023-04-27T11:40:52.281856+00:00 [running]> on host e7e31d5a6603
[2023-04-27 11:41:37,574] {taskinstance.py:1571} INFO - Exporting the following env vars:
AIRFLOW_CTX_DAG_OWNER=***
AIRFLOW_CTX_DAG_ID=multi_defence_dag
AIRFLOW_CTX_TASK_ID=stop
AIRFLOW_CTX_EXECUTION_DATE=2023-04-27T11:40:52.281856+00:00
AIRFLOW_CTX_TRY_NUMBER=1
AIRFLOW_CTX_DAG_RUN_ID=manual__2023-04-27T11:40:52.281856+00:00
[2023-04-27 11:41:37,575] {python.py:173} INFO - Done. Returned value was: Cycle has ended
[2023-04-27 11:41:37,642] {taskinstance.py:1400} INFO - Marking task as SUCCESS. dag_id=multi_defence_dag, task_id=stop, execution_date=20230427T114052, start_date=20230427T114137, end_date=20230427T114137
[2023-04-27 11:41:37,692] {local_task_job.py:156} INFO - Task exited with return code 0
[2023-04-27 11:41:37,767] {local_task_job.py:273} INFO - 0 downstream tasks scheduled from follow-on schedule check
