[2023-04-18 18:01:15,404] {taskinstance.py:1159} INFO - Dependencies all met for <TaskInstance: multi_attack_dag.choose_attack manual__2023-04-18T18:01:10.715846+00:00 [queued]>
[2023-04-18 18:01:15,426] {taskinstance.py:1159} INFO - Dependencies all met for <TaskInstance: multi_attack_dag.choose_attack manual__2023-04-18T18:01:10.715846+00:00 [queued]>
[2023-04-18 18:01:15,427] {taskinstance.py:1356} INFO - 
--------------------------------------------------------------------------------
[2023-04-18 18:01:15,428] {taskinstance.py:1357} INFO - Starting attempt 1 of 2
[2023-04-18 18:01:15,429] {taskinstance.py:1358} INFO - 
--------------------------------------------------------------------------------
[2023-04-18 18:01:15,462] {taskinstance.py:1377} INFO - Executing <Task(PythonOperator): choose_attack> on 2023-04-18 18:01:10.715846+00:00
[2023-04-18 18:01:15,475] {standard_task_runner.py:52} INFO - Started process 10949 to run task
[2023-04-18 18:01:15,485] {standard_task_runner.py:79} INFO - Running: ['***', 'tasks', 'run', 'multi_attack_dag', 'choose_attack', 'manual__2023-04-18T18:01:10.715846+00:00', '--job-id', '5817', '--raw', '--subdir', 'DAGS_FOLDER/attack_dag.py', '--cfg-path', '/tmp/tmpca2z_l6t', '--error-file', '/tmp/tmppmkk_aoe']
[2023-04-18 18:01:15,488] {standard_task_runner.py:80} INFO - Job 5817: Subtask choose_attack
[2023-04-18 18:01:15,633] {task_command.py:369} INFO - Running <TaskInstance: multi_attack_dag.choose_attack manual__2023-04-18T18:01:10.715846+00:00 [running]> on host a3dd7d962104
[2023-04-18 18:01:15,856] {taskinstance.py:1571} INFO - Exporting the following env vars:
AIRFLOW_CTX_DAG_OWNER=***
AIRFLOW_CTX_DAG_ID=multi_attack_dag
AIRFLOW_CTX_TASK_ID=choose_attack
AIRFLOW_CTX_EXECUTION_DATE=2023-04-18T18:01:10.715846+00:00
AIRFLOW_CTX_TRY_NUMBER=1
AIRFLOW_CTX_DAG_RUN_ID=manual__2023-04-18T18:01:10.715846+00:00
[2023-04-18 18:01:15,957] {python.py:173} INFO - Done. Returned value was: None
[2023-04-18 18:01:15,980] {taskinstance.py:1400} INFO - Marking task as SUCCESS. dag_id=multi_attack_dag, task_id=choose_attack, execution_date=20230418T180110, start_date=20230418T180115, end_date=20230418T180115
[2023-04-18 18:01:16,027] {local_task_job.py:156} INFO - Task exited with return code 0
[2023-04-18 18:01:16,095] {local_task_job.py:273} INFO - 1 downstream tasks scheduled from follow-on schedule check
