[2023-04-09 09:25:45,794] {taskinstance.py:1159} INFO - Dependencies all met for <TaskInstance: multi_attack_dag.to_attack_ProjectedGradientDescent manual__2023-04-09T09:25:30.934769+00:00 [queued]>
[2023-04-09 09:25:45,810] {taskinstance.py:1159} INFO - Dependencies all met for <TaskInstance: multi_attack_dag.to_attack_ProjectedGradientDescent manual__2023-04-09T09:25:30.934769+00:00 [queued]>
[2023-04-09 09:25:45,811] {taskinstance.py:1356} INFO - 
--------------------------------------------------------------------------------
[2023-04-09 09:25:45,812] {taskinstance.py:1357} INFO - Starting attempt 1 of 2
[2023-04-09 09:25:45,813] {taskinstance.py:1358} INFO - 
--------------------------------------------------------------------------------
[2023-04-09 09:25:45,833] {taskinstance.py:1377} INFO - Executing <Task(BranchPythonOperator): to_attack_ProjectedGradientDescent> on 2023-04-09 09:25:30.934769+00:00
[2023-04-09 09:25:45,844] {standard_task_runner.py:52} INFO - Started process 7020 to run task
[2023-04-09 09:25:45,851] {standard_task_runner.py:79} INFO - Running: ['***', 'tasks', 'run', 'multi_attack_dag', 'to_attack_ProjectedGradientDescent', 'manual__2023-04-09T09:25:30.934769+00:00', '--job-id', '4899', '--raw', '--subdir', 'DAGS_FOLDER/attack_dag.py', '--cfg-path', '/tmp/tmplcie_jdr', '--error-file', '/tmp/tmpaktwmjdb']
[2023-04-09 09:25:45,857] {standard_task_runner.py:80} INFO - Job 4899: Subtask to_attack_ProjectedGradientDescent
[2023-04-09 09:25:45,985] {task_command.py:369} INFO - Running <TaskInstance: multi_attack_dag.to_attack_ProjectedGradientDescent manual__2023-04-09T09:25:30.934769+00:00 [running]> on host ff3d40af78f9
[2023-04-09 09:25:46,140] {taskinstance.py:1571} INFO - Exporting the following env vars:
AIRFLOW_CTX_DAG_OWNER=***
AIRFLOW_CTX_DAG_ID=multi_attack_dag
AIRFLOW_CTX_TASK_ID=to_attack_ProjectedGradientDescent
AIRFLOW_CTX_EXECUTION_DATE=2023-04-09T09:25:30.934769+00:00
AIRFLOW_CTX_TRY_NUMBER=1
AIRFLOW_CTX_DAG_RUN_ID=manual__2023-04-09T09:25:30.934769+00:00
[2023-04-09 09:25:46,164] {python.py:173} INFO - Done. Returned value was: attack_ProjectedGradientDescent
[2023-04-09 09:25:46,168] {skipmixin.py:140} INFO - Following branch attack_ProjectedGradientDescent
[2023-04-09 09:25:46,170] {skipmixin.py:175} INFO - Skipping tasks ['default']
[2023-04-09 09:25:46,301] {taskinstance.py:1400} INFO - Marking task as SUCCESS. dag_id=multi_attack_dag, task_id=to_attack_ProjectedGradientDescent, execution_date=20230409T092530, start_date=20230409T092545, end_date=20230409T092546
[2023-04-09 09:25:46,395] {local_task_job.py:156} INFO - Task exited with return code 0
[2023-04-09 09:25:46,708] {local_task_job.py:273} INFO - 1 downstream tasks scheduled from follow-on schedule check
