[2023-04-27 13:36:54,816] {taskinstance.py:1159} INFO - Dependencies all met for <TaskInstance: multi_attack_dag.to_attack_NewtonFool manual__2023-04-27T13:36:38.710932+00:00 [queued]>
[2023-04-27 13:36:54,836] {taskinstance.py:1159} INFO - Dependencies all met for <TaskInstance: multi_attack_dag.to_attack_NewtonFool manual__2023-04-27T13:36:38.710932+00:00 [queued]>
[2023-04-27 13:36:54,844] {taskinstance.py:1356} INFO - 
--------------------------------------------------------------------------------
[2023-04-27 13:36:54,845] {taskinstance.py:1357} INFO - Starting attempt 1 of 2
[2023-04-27 13:36:54,846] {taskinstance.py:1358} INFO - 
--------------------------------------------------------------------------------
[2023-04-27 13:36:54,946] {taskinstance.py:1377} INFO - Executing <Task(BranchPythonOperator): to_attack_NewtonFool> on 2023-04-27 13:36:38.710932+00:00
[2023-04-27 13:36:54,970] {standard_task_runner.py:52} INFO - Started process 734 to run task
[2023-04-27 13:36:54,984] {standard_task_runner.py:79} INFO - Running: ['***', 'tasks', 'run', 'multi_attack_dag', 'to_attack_NewtonFool', 'manual__2023-04-27T13:36:38.710932+00:00', '--job-id', '6955', '--raw', '--subdir', 'DAGS_FOLDER/attack_dag.py', '--cfg-path', '/tmp/tmpasyce0vw', '--error-file', '/tmp/tmplgqqwlpo']
[2023-04-27 13:36:54,989] {standard_task_runner.py:80} INFO - Job 6955: Subtask to_attack_NewtonFool
[2023-04-27 13:36:55,177] {task_command.py:369} INFO - Running <TaskInstance: multi_attack_dag.to_attack_NewtonFool manual__2023-04-27T13:36:38.710932+00:00 [running]> on host e7e31d5a6603
[2023-04-27 13:36:55,438] {taskinstance.py:1571} INFO - Exporting the following env vars:
AIRFLOW_CTX_DAG_OWNER=***
AIRFLOW_CTX_DAG_ID=multi_attack_dag
AIRFLOW_CTX_TASK_ID=to_attack_NewtonFool
AIRFLOW_CTX_EXECUTION_DATE=2023-04-27T13:36:38.710932+00:00
AIRFLOW_CTX_TRY_NUMBER=1
AIRFLOW_CTX_DAG_RUN_ID=manual__2023-04-27T13:36:38.710932+00:00
[2023-04-27 13:36:55,470] {python.py:173} INFO - Done. Returned value was: attack_NewtonFool
[2023-04-27 13:36:55,473] {skipmixin.py:140} INFO - Following branch attack_NewtonFool
[2023-04-27 13:36:55,474] {skipmixin.py:175} INFO - Skipping tasks ['default_attack']
[2023-04-27 13:36:55,741] {taskinstance.py:1400} INFO - Marking task as SUCCESS. dag_id=multi_attack_dag, task_id=to_attack_NewtonFool, execution_date=20230427T133638, start_date=20230427T133654, end_date=20230427T133655
[2023-04-27 13:36:55,805] {local_task_job.py:156} INFO - Task exited with return code 0
[2023-04-27 13:36:55,915] {local_task_job.py:273} INFO - 1 downstream tasks scheduled from follow-on schedule check
