[2023-04-18 16:21:51,941] {taskinstance.py:1159} INFO - Dependencies all met for <TaskInstance: multi_attack_dag.metadata manual__2023-04-18T16:21:43.143640+00:00 [queued]>
[2023-04-18 16:21:51,958] {taskinstance.py:1159} INFO - Dependencies all met for <TaskInstance: multi_attack_dag.metadata manual__2023-04-18T16:21:43.143640+00:00 [queued]>
[2023-04-18 16:21:51,959] {taskinstance.py:1356} INFO - 
--------------------------------------------------------------------------------
[2023-04-18 16:21:51,960] {taskinstance.py:1357} INFO - Starting attempt 1 of 2
[2023-04-18 16:21:51,961] {taskinstance.py:1358} INFO - 
--------------------------------------------------------------------------------
[2023-04-18 16:21:51,985] {taskinstance.py:1377} INFO - Executing <Task(PythonOperator): metadata> on 2023-04-18 16:21:43.143640+00:00
[2023-04-18 16:21:51,999] {standard_task_runner.py:52} INFO - Started process 6492 to run task
[2023-04-18 16:21:52,005] {standard_task_runner.py:79} INFO - Running: ['***', 'tasks', 'run', 'multi_attack_dag', 'metadata', 'manual__2023-04-18T16:21:43.143640+00:00', '--job-id', '5750', '--raw', '--subdir', 'DAGS_FOLDER/attack_dag.py', '--cfg-path', '/tmp/tmpsfrarnp_', '--error-file', '/tmp/tmprmnxnf5c']
[2023-04-18 16:21:52,007] {standard_task_runner.py:80} INFO - Job 5750: Subtask metadata
[2023-04-18 16:21:52,113] {task_command.py:369} INFO - Running <TaskInstance: multi_attack_dag.metadata manual__2023-04-18T16:21:43.143640+00:00 [running]> on host a3dd7d962104
[2023-04-18 16:21:52,255] {taskinstance.py:1571} INFO - Exporting the following env vars:
AIRFLOW_CTX_DAG_OWNER=***
AIRFLOW_CTX_DAG_ID=multi_attack_dag
AIRFLOW_CTX_TASK_ID=metadata
AIRFLOW_CTX_EXECUTION_DATE=2023-04-18T16:21:43.143640+00:00
AIRFLOW_CTX_TRY_NUMBER=1
AIRFLOW_CTX_DAG_RUN_ID=manual__2023-04-18T16:21:43.143640+00:00
[2023-04-18 16:21:52,260] {transport.py:157} INFO - Attempting refresh to obtain initial access_token
[2023-04-18 16:21:52,263] {client.py:777} INFO - Refreshing access_token
[2023-04-18 16:21:53,066] {python.py:173} INFO - Done. Returned value was: None
[2023-04-18 16:21:53,086] {taskinstance.py:1400} INFO - Marking task as SUCCESS. dag_id=multi_attack_dag, task_id=metadata, execution_date=20230418T162143, start_date=20230418T162151, end_date=20230418T162153
[2023-04-18 16:21:53,144] {local_task_job.py:156} INFO - Task exited with return code 0
[2023-04-18 16:21:53,231] {local_task_job.py:273} INFO - 3 downstream tasks scheduled from follow-on schedule check
