[2023-03-23 15:19:50,564] {taskinstance.py:1159} INFO - Dependencies all met for <TaskInstance: multi_attack_dag.attack3 manual__2023-03-23T15:19:25.043237+00:00 [queued]>
[2023-03-23 15:19:50,651] {taskinstance.py:1159} INFO - Dependencies all met for <TaskInstance: multi_attack_dag.attack3 manual__2023-03-23T15:19:25.043237+00:00 [queued]>
[2023-03-23 15:19:50,655] {taskinstance.py:1356} INFO - 
--------------------------------------------------------------------------------
[2023-03-23 15:19:50,664] {taskinstance.py:1357} INFO - Starting attempt 1 of 2
[2023-03-23 15:19:50,666] {taskinstance.py:1358} INFO - 
--------------------------------------------------------------------------------
[2023-03-23 15:19:50,755] {taskinstance.py:1377} INFO - Executing <Task(PythonOperator): attack3> on 2023-03-23 15:19:25.043237+00:00
[2023-03-23 15:19:50,779] {standard_task_runner.py:52} INFO - Started process 12157 to run task
[2023-03-23 15:19:50,800] {standard_task_runner.py:79} INFO - Running: ['***', 'tasks', 'run', 'multi_attack_dag', 'attack3', 'manual__2023-03-23T15:19:25.043237+00:00', '--job-id', '3042', '--raw', '--subdir', 'DAGS_FOLDER/attack_dag.py', '--cfg-path', '/tmp/tmpsd5fl7k0', '--error-file', '/tmp/tmpcic_najz']
[2023-03-23 15:19:50,806] {standard_task_runner.py:80} INFO - Job 3042: Subtask attack3
[2023-03-23 15:19:51,078] {task_command.py:369} INFO - Running <TaskInstance: multi_attack_dag.attack3 manual__2023-03-23T15:19:25.043237+00:00 [running]> on host 6447f1dacd32
[2023-03-23 15:19:51,458] {taskinstance.py:1571} INFO - Exporting the following env vars:
AIRFLOW_CTX_DAG_OWNER=***
AIRFLOW_CTX_DAG_ID=multi_attack_dag
AIRFLOW_CTX_TASK_ID=attack3
AIRFLOW_CTX_EXECUTION_DATE=2023-03-23T15:19:25.043237+00:00
AIRFLOW_CTX_TRY_NUMBER=1
AIRFLOW_CTX_DAG_RUN_ID=manual__2023-03-23T15:19:25.043237+00:00
[2023-03-23 15:19:51,522] {python.py:173} INFO - Done. Returned value was: None
[2023-03-23 15:19:51,603] {taskinstance.py:1400} INFO - Marking task as SUCCESS. dag_id=multi_attack_dag, task_id=attack3, execution_date=20230323T151925, start_date=20230323T151950, end_date=20230323T151951
[2023-03-23 15:19:51,671] {local_task_job.py:156} INFO - Task exited with return code 0
[2023-03-23 15:19:51,947] {local_task_job.py:273} INFO - 0 downstream tasks scheduled from follow-on schedule check
