[2023-03-23 15:35:29,978] {taskinstance.py:1159} INFO - Dependencies all met for <TaskInstance: multi_defence_dag.choose_defence manual__2023-03-23T15:35:27.520262+00:00 [queued]>
[2023-03-23 15:35:29,999] {taskinstance.py:1159} INFO - Dependencies all met for <TaskInstance: multi_defence_dag.choose_defence manual__2023-03-23T15:35:27.520262+00:00 [queued]>
[2023-03-23 15:35:30,000] {taskinstance.py:1356} INFO - 
--------------------------------------------------------------------------------
[2023-03-23 15:35:30,001] {taskinstance.py:1357} INFO - Starting attempt 1 of 2
[2023-03-23 15:35:30,002] {taskinstance.py:1358} INFO - 
--------------------------------------------------------------------------------
[2023-03-23 15:35:30,036] {taskinstance.py:1377} INFO - Executing <Task(PythonOperator): choose_defence> on 2023-03-23 15:35:27.520262+00:00
[2023-03-23 15:35:30,045] {standard_task_runner.py:52} INFO - Started process 13007 to run task
[2023-03-23 15:35:30,052] {standard_task_runner.py:79} INFO - Running: ['***', 'tasks', 'run', 'multi_defence_dag', 'choose_defence', 'manual__2023-03-23T15:35:27.520262+00:00', '--job-id', '3358', '--raw', '--subdir', 'DAGS_FOLDER/defence_dag.py', '--cfg-path', '/tmp/tmpcbj3_icv', '--error-file', '/tmp/tmpx8m10hjp']
[2023-03-23 15:35:30,054] {standard_task_runner.py:80} INFO - Job 3358: Subtask choose_defence
[2023-03-23 15:35:30,176] {task_command.py:369} INFO - Running <TaskInstance: multi_defence_dag.choose_defence manual__2023-03-23T15:35:27.520262+00:00 [running]> on host 6447f1dacd32
[2023-03-23 15:35:30,333] {taskinstance.py:1571} INFO - Exporting the following env vars:
AIRFLOW_CTX_DAG_OWNER=***
AIRFLOW_CTX_DAG_ID=multi_defence_dag
AIRFLOW_CTX_TASK_ID=choose_defence
AIRFLOW_CTX_EXECUTION_DATE=2023-03-23T15:35:27.520262+00:00
AIRFLOW_CTX_TRY_NUMBER=1
AIRFLOW_CTX_DAG_RUN_ID=manual__2023-03-23T15:35:27.520262+00:00
[2023-03-23 15:35:30,475] {python.py:173} INFO - Done. Returned value was: None
[2023-03-23 15:35:30,533] {taskinstance.py:1400} INFO - Marking task as SUCCESS. dag_id=multi_defence_dag, task_id=choose_defence, execution_date=20230323T153527, start_date=20230323T153529, end_date=20230323T153530
[2023-03-23 15:35:30,587] {local_task_job.py:156} INFO - Task exited with return code 0
[2023-03-23 15:35:30,768] {local_task_job.py:273} INFO - 3 downstream tasks scheduled from follow-on schedule check
