[2023-03-23 15:32:49,248] {taskinstance.py:1159} INFO - Dependencies all met for <TaskInstance: multi_defence_dag.to_defend manual__2023-03-23T15:32:40.546912+00:00 [queued]>
[2023-03-23 15:32:49,255] {taskinstance.py:1159} INFO - Dependencies all met for <TaskInstance: multi_defence_dag.to_defend manual__2023-03-23T15:32:40.546912+00:00 [queued]>
[2023-03-23 15:32:49,255] {taskinstance.py:1356} INFO - 
--------------------------------------------------------------------------------
[2023-03-23 15:32:49,255] {taskinstance.py:1357} INFO - Starting attempt 1 of 2
[2023-03-23 15:32:49,256] {taskinstance.py:1358} INFO - 
--------------------------------------------------------------------------------
[2023-03-23 15:32:49,266] {taskinstance.py:1377} INFO - Executing <Task(BranchPythonOperator): to_defend> on 2023-03-23 15:32:40.546912+00:00
[2023-03-23 15:32:49,271] {standard_task_runner.py:52} INFO - Started process 12541 to run task
[2023-03-23 15:32:49,273] {standard_task_runner.py:79} INFO - Running: ['***', 'tasks', 'run', 'multi_defence_dag', 'to_defend', 'manual__2023-03-23T15:32:40.546912+00:00', '--job-id', '3184', '--raw', '--subdir', 'DAGS_FOLDER/defence_dag.py', '--cfg-path', '/tmp/tmppfqri574', '--error-file', '/tmp/tmplex8kijm']
[2023-03-23 15:32:49,274] {standard_task_runner.py:80} INFO - Job 3184: Subtask to_defend
[2023-03-23 15:32:49,330] {task_command.py:369} INFO - Running <TaskInstance: multi_defence_dag.to_defend manual__2023-03-23T15:32:40.546912+00:00 [running]> on host 6447f1dacd32
[2023-03-23 15:32:49,419] {taskinstance.py:1571} INFO - Exporting the following env vars:
AIRFLOW_CTX_DAG_OWNER=***
AIRFLOW_CTX_DAG_ID=multi_defence_dag
AIRFLOW_CTX_TASK_ID=to_defend
AIRFLOW_CTX_EXECUTION_DATE=2023-03-23T15:32:40.546912+00:00
AIRFLOW_CTX_TRY_NUMBER=1
AIRFLOW_CTX_DAG_RUN_ID=manual__2023-03-23T15:32:40.546912+00:00
[2023-03-23 15:32:49,428] {transport.py:157} INFO - Attempting refresh to obtain initial access_token
[2023-03-23 15:32:49,434] {client.py:777} INFO - Refreshing access_token
[2023-03-23 15:32:50,267] {python.py:173} INFO - Done. Returned value was: trigger_offence
[2023-03-23 15:32:50,267] {skipmixin.py:140} INFO - Following branch trigger_offence
[2023-03-23 15:32:50,268] {skipmixin.py:175} INFO - Skipping tasks ['stop']
[2023-03-23 15:32:50,315] {taskinstance.py:1400} INFO - Marking task as SUCCESS. dag_id=multi_defence_dag, task_id=to_defend, execution_date=20230323T153240, start_date=20230323T153249, end_date=20230323T153250
[2023-03-23 15:32:50,331] {local_task_job.py:156} INFO - Task exited with return code 0
[2023-03-23 15:32:50,366] {local_task_job.py:273} INFO - 1 downstream tasks scheduled from follow-on schedule check
