[2023-03-23 15:01:34,846] {taskinstance.py:1159} INFO - Dependencies all met for <TaskInstance: multi_defence_dag.to_defence1 manual__2023-03-23T15:01:17.427334+00:00 [queued]>
[2023-03-23 15:01:34,935] {taskinstance.py:1159} INFO - Dependencies all met for <TaskInstance: multi_defence_dag.to_defence1 manual__2023-03-23T15:01:17.427334+00:00 [queued]>
[2023-03-23 15:01:34,938] {taskinstance.py:1356} INFO - 
--------------------------------------------------------------------------------
[2023-03-23 15:01:34,942] {taskinstance.py:1357} INFO - Starting attempt 1 of 2
[2023-03-23 15:01:34,945] {taskinstance.py:1358} INFO - 
--------------------------------------------------------------------------------
[2023-03-23 15:01:35,106] {taskinstance.py:1377} INFO - Executing <Task(BranchPythonOperator): to_defence1> on 2023-03-23 15:01:17.427334+00:00
[2023-03-23 15:01:35,127] {standard_task_runner.py:52} INFO - Started process 11108 to run task
[2023-03-23 15:01:35,148] {standard_task_runner.py:79} INFO - Running: ['***', 'tasks', 'run', 'multi_defence_dag', 'to_defence1', 'manual__2023-03-23T15:01:17.427334+00:00', '--job-id', '2761', '--raw', '--subdir', 'DAGS_FOLDER/defence_dag.py', '--cfg-path', '/tmp/tmpszbr5fch', '--error-file', '/tmp/tmp91qtiieb']
[2023-03-23 15:01:35,158] {standard_task_runner.py:80} INFO - Job 2761: Subtask to_defence1
[2023-03-23 15:01:35,630] {task_command.py:369} INFO - Running <TaskInstance: multi_defence_dag.to_defence1 manual__2023-03-23T15:01:17.427334+00:00 [running]> on host 6447f1dacd32
[2023-03-23 15:01:36,259] {taskinstance.py:1571} INFO - Exporting the following env vars:
AIRFLOW_CTX_DAG_OWNER=***
AIRFLOW_CTX_DAG_ID=multi_defence_dag
AIRFLOW_CTX_TASK_ID=to_defence1
AIRFLOW_CTX_EXECUTION_DATE=2023-03-23T15:01:17.427334+00:00
AIRFLOW_CTX_TRY_NUMBER=1
AIRFLOW_CTX_DAG_RUN_ID=manual__2023-03-23T15:01:17.427334+00:00
[2023-03-23 15:01:36,372] {python.py:173} INFO - Done. Returned value was: Defence1
[2023-03-23 15:01:36,378] {skipmixin.py:140} INFO - Following branch Defence1
[2023-03-23 15:01:36,384] {skipmixin.py:175} INFO - Skipping tasks ['default']
[2023-03-23 15:01:36,898] {taskinstance.py:1400} INFO - Marking task as SUCCESS. dag_id=multi_defence_dag, task_id=to_defence1, execution_date=20230323T150117, start_date=20230323T150134, end_date=20230323T150136
[2023-03-23 15:01:37,086] {local_task_job.py:156} INFO - Task exited with return code 0
[2023-03-23 15:01:37,885] {local_task_job.py:273} INFO - 1 downstream tasks scheduled from follow-on schedule check
