[2023-04-23 09:35:12,950] {taskinstance.py:1159} INFO - Dependencies all met for <TaskInstance: multi_attack_dag.choose_best manual__2023-04-23T09:34:43.453183+00:00 [queued]>
[2023-04-23 09:35:12,961] {taskinstance.py:1159} INFO - Dependencies all met for <TaskInstance: multi_attack_dag.choose_best manual__2023-04-23T09:34:43.453183+00:00 [queued]>
[2023-04-23 09:35:12,962] {taskinstance.py:1356} INFO - 
--------------------------------------------------------------------------------
[2023-04-23 09:35:12,963] {taskinstance.py:1357} INFO - Starting attempt 1 of 2
[2023-04-23 09:35:12,963] {taskinstance.py:1358} INFO - 
--------------------------------------------------------------------------------
[2023-04-23 09:35:12,979] {taskinstance.py:1377} INFO - Executing <Task(PythonOperator): choose_best> on 2023-04-23 09:34:43.453183+00:00
[2023-04-23 09:35:12,987] {standard_task_runner.py:52} INFO - Started process 1154 to run task
[2023-04-23 09:35:12,991] {standard_task_runner.py:79} INFO - Running: ['***', 'tasks', 'run', 'multi_attack_dag', 'choose_best', 'manual__2023-04-23T09:34:43.453183+00:00', '--job-id', '6098', '--raw', '--subdir', 'DAGS_FOLDER/attack_dag.py', '--cfg-path', '/tmp/tmpl_s58ub0', '--error-file', '/tmp/tmpqsfl11bo']
[2023-04-23 09:35:12,993] {standard_task_runner.py:80} INFO - Job 6098: Subtask choose_best
[2023-04-23 09:35:13,063] {task_command.py:369} INFO - Running <TaskInstance: multi_attack_dag.choose_best manual__2023-04-23T09:34:43.453183+00:00 [running]> on host a3dd7d962104
[2023-04-23 09:35:13,215] {taskinstance.py:1571} INFO - Exporting the following env vars:
AIRFLOW_CTX_DAG_OWNER=***
AIRFLOW_CTX_DAG_ID=multi_attack_dag
AIRFLOW_CTX_TASK_ID=choose_best
AIRFLOW_CTX_EXECUTION_DATE=2023-04-23T09:34:43.453183+00:00
AIRFLOW_CTX_TRY_NUMBER=1
AIRFLOW_CTX_DAG_RUN_ID=manual__2023-04-23T09:34:43.453183+00:00
[2023-04-23 09:35:13,252] {transport.py:157} INFO - Attempting refresh to obtain initial access_token
[2023-04-23 09:35:13,258] {client.py:777} INFO - Refreshing access_token
[2023-04-23 09:35:14,067] {transport.py:157} INFO - Attempting refresh to obtain initial access_token
[2023-04-23 09:35:14,072] {client.py:777} INFO - Refreshing access_token
[2023-04-23 09:35:14,997] {transport.py:157} INFO - Attempting refresh to obtain initial access_token
[2023-04-23 09:35:15,002] {client.py:777} INFO - Refreshing access_token
[2023-04-23 09:35:15,478] {python.py:173} INFO - Done. Returned value was: None
[2023-04-23 09:35:15,496] {taskinstance.py:1400} INFO - Marking task as SUCCESS. dag_id=multi_attack_dag, task_id=choose_best, execution_date=20230423T093443, start_date=20230423T093512, end_date=20230423T093515
[2023-04-23 09:35:15,537] {local_task_job.py:156} INFO - Task exited with return code 0
[2023-04-23 09:35:15,592] {local_task_job.py:273} INFO - 1 downstream tasks scheduled from follow-on schedule check
