[2023-03-28 12:16:06,181] {taskinstance.py:1159} INFO - Dependencies all met for <TaskInstance: defence_dag2.defence1 manual__2023-03-28T12:16:00.475072+00:00 [queued]>
[2023-03-28 12:16:06,199] {taskinstance.py:1159} INFO - Dependencies all met for <TaskInstance: defence_dag2.defence1 manual__2023-03-28T12:16:00.475072+00:00 [queued]>
[2023-03-28 12:16:06,200] {taskinstance.py:1356} INFO - 
--------------------------------------------------------------------------------
[2023-03-28 12:16:06,200] {taskinstance.py:1357} INFO - Starting attempt 1 of 1
[2023-03-28 12:16:06,201] {taskinstance.py:1358} INFO - 
--------------------------------------------------------------------------------
[2023-03-28 12:16:06,226] {taskinstance.py:1377} INFO - Executing <Task(PythonOperator): defence1> on 2023-03-28 12:16:00.475072+00:00
[2023-03-28 12:16:06,237] {standard_task_runner.py:52} INFO - Started process 2446 to run task
[2023-03-28 12:16:06,244] {standard_task_runner.py:79} INFO - Running: ['***', 'tasks', 'run', 'defence_dag2', 'defence1', 'manual__2023-03-28T12:16:00.475072+00:00', '--job-id', '4572', '--raw', '--subdir', 'DAGS_FOLDER/defese.py', '--cfg-path', '/tmp/tmp4_uf8tej', '--error-file', '/tmp/tmp022sm2l_']
[2023-03-28 12:16:06,246] {standard_task_runner.py:80} INFO - Job 4572: Subtask defence1
[2023-03-28 12:16:06,357] {task_command.py:369} INFO - Running <TaskInstance: defence_dag2.defence1 manual__2023-03-28T12:16:00.475072+00:00 [running]> on host ff3d40af78f9
[2023-03-28 12:16:06,497] {taskinstance.py:1571} INFO - Exporting the following env vars:
AIRFLOW_CTX_DAG_OWNER=***
AIRFLOW_CTX_DAG_ID=defence_dag2
AIRFLOW_CTX_TASK_ID=defence1
AIRFLOW_CTX_EXECUTION_DATE=2023-03-28T12:16:00.475072+00:00
AIRFLOW_CTX_TRY_NUMBER=1
AIRFLOW_CTX_DAG_RUN_ID=manual__2023-03-28T12:16:00.475072+00:00
[2023-03-28 12:16:06,527] {logging_mixin.py:115} INFO - defensing
[2023-03-28 12:16:06,527] {python.py:173} INFO - Done. Returned value was: None
[2023-03-28 12:16:06,554] {taskinstance.py:1400} INFO - Marking task as SUCCESS. dag_id=defence_dag2, task_id=defence1, execution_date=20230328T121600, start_date=20230328T121606, end_date=20230328T121606
[2023-03-28 12:16:06,618] {local_task_job.py:156} INFO - Task exited with return code 0
[2023-03-28 12:16:06,716] {local_task_job.py:273} INFO - 1 downstream tasks scheduled from follow-on schedule check
