[2023-03-28 10:28:51,095] {taskinstance.py:1159} INFO - Dependencies all met for <TaskInstance: defence_dag2.storing manual__2023-03-28T10:28:47.671873+00:00 [queued]>
[2023-03-28 10:28:51,109] {taskinstance.py:1159} INFO - Dependencies all met for <TaskInstance: defence_dag2.storing manual__2023-03-28T10:28:47.671873+00:00 [queued]>
[2023-03-28 10:28:51,110] {taskinstance.py:1356} INFO - 
--------------------------------------------------------------------------------
[2023-03-28 10:28:51,110] {taskinstance.py:1357} INFO - Starting attempt 1 of 1
[2023-03-28 10:28:51,111] {taskinstance.py:1358} INFO - 
--------------------------------------------------------------------------------
[2023-03-28 10:28:51,130] {taskinstance.py:1377} INFO - Executing <Task(BashOperator): storing> on 2023-03-28 10:28:47.671873+00:00
[2023-03-28 10:28:51,140] {standard_task_runner.py:52} INFO - Started process 2184 to run task
[2023-03-28 10:28:51,145] {standard_task_runner.py:79} INFO - Running: ['***', 'tasks', 'run', 'defence_dag2', 'storing', 'manual__2023-03-28T10:28:47.671873+00:00', '--job-id', '4268', '--raw', '--subdir', 'DAGS_FOLDER/defese.py', '--cfg-path', '/tmp/tmp_p381tsn', '--error-file', '/tmp/tmp4ijfm91k']
[2023-03-28 10:28:51,146] {standard_task_runner.py:80} INFO - Job 4268: Subtask storing
[2023-03-28 10:28:51,233] {task_command.py:369} INFO - Running <TaskInstance: defence_dag2.storing manual__2023-03-28T10:28:47.671873+00:00 [running]> on host 70f8824ef075
[2023-03-28 10:28:51,347] {taskinstance.py:1571} INFO - Exporting the following env vars:
AIRFLOW_CTX_DAG_OWNER=***
AIRFLOW_CTX_DAG_ID=defence_dag2
AIRFLOW_CTX_TASK_ID=storing
AIRFLOW_CTX_EXECUTION_DATE=2023-03-28T10:28:47.671873+00:00
AIRFLOW_CTX_TRY_NUMBER=1
AIRFLOW_CTX_DAG_RUN_ID=manual__2023-03-28T10:28:47.671873+00:00
[2023-03-28 10:28:51,349] {subprocess.py:62} INFO - Tmp dir root location: 
 /tmp
[2023-03-28 10:28:51,350] {subprocess.py:74} INFO - Running command: ['bash', '-c', 'sleep 1']
[2023-03-28 10:28:51,371] {subprocess.py:85} INFO - Output:
[2023-03-28 10:28:52,376] {subprocess.py:96} INFO - Command exited with return code 0
[2023-03-28 10:28:52,551] {taskinstance.py:1400} INFO - Marking task as SUCCESS. dag_id=defence_dag2, task_id=storing, execution_date=20230328T102847, start_date=20230328T102851, end_date=20230328T102852
[2023-03-28 10:28:52,606] {local_task_job.py:156} INFO - Task exited with return code 0
[2023-03-28 10:28:52,668] {local_task_job.py:273} INFO - 1 downstream tasks scheduled from follow-on schedule check
