[2023-03-16 11:29:35,883] {taskinstance.py:1159} INFO - Dependencies all met for <TaskInstance: defence_dag.storing manual__2023-03-16T11:29:34.542173+00:00 [queued]>
[2023-03-16 11:29:35,894] {taskinstance.py:1159} INFO - Dependencies all met for <TaskInstance: defence_dag.storing manual__2023-03-16T11:29:34.542173+00:00 [queued]>
[2023-03-16 11:29:35,895] {taskinstance.py:1356} INFO - 
--------------------------------------------------------------------------------
[2023-03-16 11:29:35,895] {taskinstance.py:1357} INFO - Starting attempt 1 of 1
[2023-03-16 11:29:35,896] {taskinstance.py:1358} INFO - 
--------------------------------------------------------------------------------
[2023-03-16 11:29:35,917] {taskinstance.py:1377} INFO - Executing <Task(BashOperator): storing> on 2023-03-16 11:29:34.542173+00:00
[2023-03-16 11:29:35,922] {standard_task_runner.py:52} INFO - Started process 177 to run task
[2023-03-16 11:29:35,926] {standard_task_runner.py:79} INFO - Running: ['***', 'tasks', 'run', 'defence_dag', 'storing', 'manual__2023-03-16T11:29:34.542173+00:00', '--job-id', '719', '--raw', '--subdir', 'DAGS_FOLDER/defese.py', '--cfg-path', '/tmp/tmp0lwkyyi5', '--error-file', '/tmp/tmpukpkfiod']
[2023-03-16 11:29:35,926] {standard_task_runner.py:80} INFO - Job 719: Subtask storing
[2023-03-16 11:29:35,991] {task_command.py:369} INFO - Running <TaskInstance: defence_dag.storing manual__2023-03-16T11:29:34.542173+00:00 [running]> on host 596adcca7378
[2023-03-16 11:29:36,081] {taskinstance.py:1571} INFO - Exporting the following env vars:
AIRFLOW_CTX_DAG_OWNER=***
AIRFLOW_CTX_DAG_ID=defence_dag
AIRFLOW_CTX_TASK_ID=storing
AIRFLOW_CTX_EXECUTION_DATE=2023-03-16T11:29:34.542173+00:00
AIRFLOW_CTX_TRY_NUMBER=1
AIRFLOW_CTX_DAG_RUN_ID=manual__2023-03-16T11:29:34.542173+00:00
[2023-03-16 11:29:36,082] {subprocess.py:62} INFO - Tmp dir root location: 
 /tmp
[2023-03-16 11:29:36,084] {subprocess.py:74} INFO - Running command: ['bash', '-c', 'sleep 1']
[2023-03-16 11:29:36,096] {subprocess.py:85} INFO - Output:
[2023-03-16 11:29:37,100] {subprocess.py:96} INFO - Command exited with return code 0
[2023-03-16 11:29:37,122] {taskinstance.py:1400} INFO - Marking task as SUCCESS. dag_id=defence_dag, task_id=storing, execution_date=20230316T112934, start_date=20230316T112935, end_date=20230316T112937
[2023-03-16 11:29:37,143] {local_task_job.py:156} INFO - Task exited with return code 0
[2023-03-16 11:29:37,176] {local_task_job.py:273} INFO - 1 downstream tasks scheduled from follow-on schedule check
