[2023-04-27 11:40:41,853] {taskinstance.py:1159} INFO - Dependencies all met for <TaskInstance: multi_attack_dag.attack_ShapeShifter manual__2023-04-27T10:40:33.319519+00:00 [queued]>
[2023-04-27 11:40:41,910] {taskinstance.py:1159} INFO - Dependencies all met for <TaskInstance: multi_attack_dag.attack_ShapeShifter manual__2023-04-27T10:40:33.319519+00:00 [queued]>
[2023-04-27 11:40:41,911] {taskinstance.py:1356} INFO - 
--------------------------------------------------------------------------------
[2023-04-27 11:40:41,912] {taskinstance.py:1357} INFO - Starting attempt 2 of 2
[2023-04-27 11:40:41,912] {taskinstance.py:1358} INFO - 
--------------------------------------------------------------------------------
[2023-04-27 11:40:41,961] {taskinstance.py:1377} INFO - Executing <Task(PythonOperator): attack_ShapeShifter> on 2023-04-27 10:40:33.319519+00:00
[2023-04-27 11:40:41,973] {standard_task_runner.py:52} INFO - Started process 1936 to run task
[2023-04-27 11:40:41,993] {standard_task_runner.py:79} INFO - Running: ['***', 'tasks', 'run', 'multi_attack_dag', 'attack_ShapeShifter', 'manual__2023-04-27T10:40:33.319519+00:00', '--job-id', '6738', '--raw', '--subdir', 'DAGS_FOLDER/attack_dag.py', '--cfg-path', '/tmp/tmp7o50yl5r', '--error-file', '/tmp/tmpkim86_hg']
[2023-04-27 11:40:41,996] {standard_task_runner.py:80} INFO - Job 6738: Subtask attack_ShapeShifter
[2023-04-27 11:40:42,270] {task_command.py:369} INFO - Running <TaskInstance: multi_attack_dag.attack_ShapeShifter manual__2023-04-27T10:40:33.319519+00:00 [running]> on host e7e31d5a6603
[2023-04-27 11:40:42,648] {taskinstance.py:1571} INFO - Exporting the following env vars:
AIRFLOW_CTX_DAG_OWNER=***
AIRFLOW_CTX_DAG_ID=multi_attack_dag
AIRFLOW_CTX_TASK_ID=attack_ShapeShifter
AIRFLOW_CTX_EXECUTION_DATE=2023-04-27T10:40:33.319519+00:00
AIRFLOW_CTX_TRY_NUMBER=2
AIRFLOW_CTX_DAG_RUN_ID=manual__2023-04-27T10:40:33.319519+00:00
[2023-04-27 11:40:42,653] {transport.py:157} INFO - Attempting refresh to obtain initial access_token
[2023-04-27 11:40:42,658] {client.py:777} INFO - Refreshing access_token
[2023-04-27 11:40:43,381] {transport.py:157} INFO - Attempting refresh to obtain initial access_token
[2023-04-27 11:40:43,387] {client.py:777} INFO - Refreshing access_token
[2023-04-27 11:40:44,263] {taskinstance.py:1889} ERROR - Task failed with exception
Traceback (most recent call last):
  File "/home/airflow/.local/lib/python3.7/site-packages/airflow/operators/python.py", line 171, in execute
    return_value = self.execute_callable()
  File "/home/airflow/.local/lib/python3.7/site-packages/airflow/operators/python.py", line 189, in execute_callable
    return self.python_callable(*self.op_args, **self.op_kwargs)
  File "/opt/airflow/dags/attack.py", line 159, in attack_ShapeShifter
    model_acc, adversarial_examples  = attack(ShapeShifter)
  File "/opt/airflow/dags/attack.py", line 30, in attack
    estimator,x_test,y_test = get_estimator()
  File "/opt/airflow/dags/estimator_helpers.py", line 49, in get_estimator
    s = ModelFactory('CC')
NameError: name 'ModelFactory' is not defined
[2023-04-27 11:40:44,313] {taskinstance.py:1400} INFO - Marking task as FAILED. dag_id=multi_attack_dag, task_id=attack_ShapeShifter, execution_date=20230427T104033, start_date=20230427T114041, end_date=20230427T114044
[2023-04-27 11:40:44,350] {standard_task_runner.py:97} ERROR - Failed to execute job 6738 for task attack_ShapeShifter (name 'ModelFactory' is not defined; 1936)
[2023-04-27 11:40:44,440] {local_task_job.py:156} INFO - Task exited with return code 1
[2023-04-27 11:40:44,770] {local_task_job.py:273} INFO - 0 downstream tasks scheduled from follow-on schedule check
