[2023-04-23 13:45:09,624] {taskinstance.py:1159} INFO - Dependencies all met for <TaskInstance: multi_attack_dag.to_attack_FastGradientMethod manual__2023-04-23T13:44:57.366397+00:00 [queued]>
[2023-04-23 13:45:09,647] {taskinstance.py:1159} INFO - Dependencies all met for <TaskInstance: multi_attack_dag.to_attack_FastGradientMethod manual__2023-04-23T13:44:57.366397+00:00 [queued]>
[2023-04-23 13:45:09,648] {taskinstance.py:1356} INFO - 
--------------------------------------------------------------------------------
[2023-04-23 13:45:09,649] {taskinstance.py:1357} INFO - Starting attempt 1 of 2
[2023-04-23 13:45:09,650] {taskinstance.py:1358} INFO - 
--------------------------------------------------------------------------------
[2023-04-23 13:45:09,690] {taskinstance.py:1377} INFO - Executing <Task(BranchPythonOperator): to_attack_FastGradientMethod> on 2023-04-23 13:44:57.366397+00:00
[2023-04-23 13:45:09,703] {standard_task_runner.py:52} INFO - Started process 650 to run task
[2023-04-23 13:45:09,718] {standard_task_runner.py:79} INFO - Running: ['***', 'tasks', 'run', 'multi_attack_dag', 'to_attack_FastGradientMethod', 'manual__2023-04-23T13:44:57.366397+00:00', '--job-id', '6235', '--raw', '--subdir', 'DAGS_FOLDER/attack_dag.py', '--cfg-path', '/tmp/tmpyp41ccxx', '--error-file', '/tmp/tmpas26d_1i']
[2023-04-23 13:45:09,721] {standard_task_runner.py:80} INFO - Job 6235: Subtask to_attack_FastGradientMethod
[2023-04-23 13:45:09,851] {task_command.py:369} INFO - Running <TaskInstance: multi_attack_dag.to_attack_FastGradientMethod manual__2023-04-23T13:44:57.366397+00:00 [running]> on host e7e31d5a6603
[2023-04-23 13:45:10,057] {taskinstance.py:1571} INFO - Exporting the following env vars:
AIRFLOW_CTX_DAG_OWNER=***
AIRFLOW_CTX_DAG_ID=multi_attack_dag
AIRFLOW_CTX_TASK_ID=to_attack_FastGradientMethod
AIRFLOW_CTX_EXECUTION_DATE=2023-04-23T13:44:57.366397+00:00
AIRFLOW_CTX_TRY_NUMBER=1
AIRFLOW_CTX_DAG_RUN_ID=manual__2023-04-23T13:44:57.366397+00:00
[2023-04-23 13:45:10,096] {python.py:173} INFO - Done. Returned value was: default
[2023-04-23 13:45:10,101] {skipmixin.py:140} INFO - Following branch default
[2023-04-23 13:45:10,104] {skipmixin.py:175} INFO - Skipping tasks ['attack_FastGradientMethod']
[2023-04-23 13:45:10,390] {taskinstance.py:1400} INFO - Marking task as SUCCESS. dag_id=multi_attack_dag, task_id=to_attack_FastGradientMethod, execution_date=20230423T134457, start_date=20230423T134509, end_date=20230423T134510
[2023-04-23 13:45:10,466] {local_task_job.py:156} INFO - Task exited with return code 0
[2023-04-23 13:45:10,579] {local_task_job.py:273} INFO - 0 downstream tasks scheduled from follow-on schedule check
