[2023-04-27 12:45:51,623] {taskinstance.py:1159} INFO - Dependencies all met for <TaskInstance: multi_defence_dag.to_defence2 manual__2023-04-27T12:44:43.915832+00:00 [queued]>
[2023-04-27 12:45:51,702] {taskinstance.py:1159} INFO - Dependencies all met for <TaskInstance: multi_defence_dag.to_defence2 manual__2023-04-27T12:44:43.915832+00:00 [queued]>
[2023-04-27 12:45:51,707] {taskinstance.py:1356} INFO - 
--------------------------------------------------------------------------------
[2023-04-27 12:45:51,711] {taskinstance.py:1357} INFO - Starting attempt 1 of 2
[2023-04-27 12:45:51,713] {taskinstance.py:1358} INFO - 
--------------------------------------------------------------------------------
[2023-04-27 12:45:51,886] {taskinstance.py:1377} INFO - Executing <Task(BranchPythonOperator): to_defence2> on 2023-04-27 12:44:43.915832+00:00
[2023-04-27 12:45:52,103] {standard_task_runner.py:79} INFO - Running: ['***', 'tasks', 'run', 'multi_defence_dag', 'to_defence2', 'manual__2023-04-27T12:44:43.915832+00:00', '--job-id', '6860', '--raw', '--subdir', 'DAGS_FOLDER/defence_dag.py', '--cfg-path', '/tmp/tmptwpstrrd', '--error-file', '/tmp/tmpz_a0blua']
[2023-04-27 12:45:51,977] {standard_task_runner.py:52} INFO - Started process 216 to run task
[2023-04-27 12:45:52,473] {standard_task_runner.py:80} INFO - Job 6860: Subtask to_defence2
[2023-04-27 12:45:53,906] {task_command.py:369} INFO - Running <TaskInstance: multi_defence_dag.to_defence2 manual__2023-04-27T12:44:43.915832+00:00 [running]> on host e7e31d5a6603
[2023-04-27 12:45:55,332] {taskinstance.py:1571} INFO - Exporting the following env vars:
AIRFLOW_CTX_DAG_OWNER=***
AIRFLOW_CTX_DAG_ID=multi_defence_dag
AIRFLOW_CTX_TASK_ID=to_defence2
AIRFLOW_CTX_EXECUTION_DATE=2023-04-27T12:44:43.915832+00:00
AIRFLOW_CTX_TRY_NUMBER=1
AIRFLOW_CTX_DAG_RUN_ID=manual__2023-04-27T12:44:43.915832+00:00
[2023-04-27 12:45:55,493] {python.py:173} INFO - Done. Returned value was: Defence2
[2023-04-27 12:45:55,499] {skipmixin.py:140} INFO - Following branch Defence2
[2023-04-27 12:45:55,505] {skipmixin.py:175} INFO - Skipping tasks ['default']
[2023-04-27 12:45:57,227] {taskinstance.py:1400} INFO - Marking task as SUCCESS. dag_id=multi_defence_dag, task_id=to_defence2, execution_date=20230427T124443, start_date=20230427T124551, end_date=20230427T124557
[2023-04-27 12:45:57,507] {local_task_job.py:156} INFO - Task exited with return code 0
[2023-04-27 12:45:59,128] {local_task_job.py:273} INFO - 1 downstream tasks scheduled from follow-on schedule check
