[2023-03-26 16:41:24,439] {taskinstance.py:1159} INFO - Dependencies all met for <TaskInstance: multi_defence_dag.to_defence3 scheduled__2023-03-23T00:00:00+00:00 [queued]>
[2023-03-26 16:41:24,643] {taskinstance.py:1159} INFO - Dependencies all met for <TaskInstance: multi_defence_dag.to_defence3 scheduled__2023-03-23T00:00:00+00:00 [queued]>
[2023-03-26 16:41:24,644] {taskinstance.py:1356} INFO - 
--------------------------------------------------------------------------------
[2023-03-26 16:41:24,648] {taskinstance.py:1357} INFO - Starting attempt 1 of 2
[2023-03-26 16:41:24,670] {taskinstance.py:1358} INFO - 
--------------------------------------------------------------------------------
[2023-03-26 16:41:24,824] {taskinstance.py:1377} INFO - Executing <Task(BranchPythonOperator): to_defence3> on 2023-03-23 00:00:00+00:00
[2023-03-26 16:41:24,901] {standard_task_runner.py:52} INFO - Started process 117 to run task
[2023-03-26 16:41:24,919] {standard_task_runner.py:79} INFO - Running: ['***', 'tasks', 'run', 'multi_defence_dag', 'to_defence3', 'scheduled__2023-03-23T00:00:00+00:00', '--job-id', '3654', '--raw', '--subdir', 'DAGS_FOLDER/defence_dag.py', '--cfg-path', '/tmp/tmp2lgp68we', '--error-file', '/tmp/tmp4nimyfga']
[2023-03-26 16:41:24,942] {standard_task_runner.py:80} INFO - Job 3654: Subtask to_defence3
[2023-03-26 16:41:25,352] {task_command.py:369} INFO - Running <TaskInstance: multi_defence_dag.to_defence3 scheduled__2023-03-23T00:00:00+00:00 [running]> on host 6447f1dacd32
[2023-03-26 16:41:25,811] {taskinstance.py:1571} INFO - Exporting the following env vars:
AIRFLOW_CTX_DAG_OWNER=***
AIRFLOW_CTX_DAG_ID=multi_defence_dag
AIRFLOW_CTX_TASK_ID=to_defence3
AIRFLOW_CTX_EXECUTION_DATE=2023-03-23T00:00:00+00:00
AIRFLOW_CTX_TRY_NUMBER=1
AIRFLOW_CTX_DAG_RUN_ID=scheduled__2023-03-23T00:00:00+00:00
[2023-03-26 16:41:25,918] {python.py:173} INFO - Done. Returned value was: Defence3
[2023-03-26 16:41:25,918] {skipmixin.py:140} INFO - Following branch Defence3
[2023-03-26 16:41:25,921] {skipmixin.py:175} INFO - Skipping tasks ['default']
[2023-03-26 16:41:27,294] {taskinstance.py:1400} INFO - Marking task as SUCCESS. dag_id=multi_defence_dag, task_id=to_defence3, execution_date=20230323T000000, start_date=20230326T164124, end_date=20230326T164127
[2023-03-26 16:41:27,780] {local_task_job.py:156} INFO - Task exited with return code 0
[2023-03-26 16:41:28,083] {local_task_job.py:273} INFO - 1 downstream tasks scheduled from follow-on schedule check
