[2023-03-23 11:15:08,299] {taskinstance.py:1159} INFO - Dependencies all met for <TaskInstance: attack_dag2.trigger_defence manual__2023-03-23T11:15:03.694212+00:00 [queued]>
[2023-03-23 11:15:08,305] {taskinstance.py:1159} INFO - Dependencies all met for <TaskInstance: attack_dag2.trigger_defence manual__2023-03-23T11:15:03.694212+00:00 [queued]>
[2023-03-23 11:15:08,306] {taskinstance.py:1356} INFO - 
--------------------------------------------------------------------------------
[2023-03-23 11:15:08,306] {taskinstance.py:1357} INFO - Starting attempt 1 of 1
[2023-03-23 11:15:08,307] {taskinstance.py:1358} INFO - 
--------------------------------------------------------------------------------
[2023-03-23 11:15:08,318] {taskinstance.py:1377} INFO - Executing <Task(TriggerDagRunOperator): trigger_defence> on 2023-03-23 11:15:03.694212+00:00
[2023-03-23 11:15:08,322] {standard_task_runner.py:52} INFO - Started process 1398 to run task
[2023-03-23 11:15:08,325] {standard_task_runner.py:79} INFO - Running: ['***', 'tasks', 'run', 'attack_dag2', 'trigger_defence', 'manual__2023-03-23T11:15:03.694212+00:00', '--job-id', '2639', '--raw', '--subdir', 'DAGS_FOLDER/attack.py', '--cfg-path', '/tmp/tmpzyc_lsu7', '--error-file', '/tmp/tmpj5feqqco']
[2023-03-23 11:15:08,326] {standard_task_runner.py:80} INFO - Job 2639: Subtask trigger_defence
[2023-03-23 11:15:08,369] {task_command.py:369} INFO - Running <TaskInstance: attack_dag2.trigger_defence manual__2023-03-23T11:15:03.694212+00:00 [running]> on host 6447f1dacd32
[2023-03-23 11:15:08,424] {taskinstance.py:1571} INFO - Exporting the following env vars:
AIRFLOW_CTX_DAG_OWNER=***
AIRFLOW_CTX_DAG_ID=attack_dag2
AIRFLOW_CTX_TASK_ID=trigger_defence
AIRFLOW_CTX_EXECUTION_DATE=2023-03-23T11:15:03.694212+00:00
AIRFLOW_CTX_TRY_NUMBER=1
AIRFLOW_CTX_DAG_RUN_ID=manual__2023-03-23T11:15:03.694212+00:00
[2023-03-23 11:15:09,183] {taskinstance.py:1400} INFO - Marking task as SUCCESS. dag_id=attack_dag2, task_id=trigger_defence, execution_date=20230323T111503, start_date=20230323T111508, end_date=20230323T111509
[2023-03-23 11:15:09,221] {local_task_job.py:156} INFO - Task exited with return code 0
[2023-03-23 11:15:09,254] {local_task_job.py:273} INFO - 0 downstream tasks scheduled from follow-on schedule check
