[2023-03-16 13:55:19,609] {taskinstance.py:1159} INFO - Dependencies all met for <TaskInstance: parse_json_dag.parse_json_files manual__2023-03-16T13:55:18.410335+00:00 [queued]>
[2023-03-16 13:55:19,617] {taskinstance.py:1159} INFO - Dependencies all met for <TaskInstance: parse_json_dag.parse_json_files manual__2023-03-16T13:55:18.410335+00:00 [queued]>
[2023-03-16 13:55:19,617] {taskinstance.py:1356} INFO - 
--------------------------------------------------------------------------------
[2023-03-16 13:55:19,618] {taskinstance.py:1357} INFO - Starting attempt 1 of 2
[2023-03-16 13:55:19,618] {taskinstance.py:1358} INFO - 
--------------------------------------------------------------------------------
[2023-03-16 13:55:19,628] {taskinstance.py:1377} INFO - Executing <Task(PythonOperator): parse_json_files> on 2023-03-16 13:55:18.410335+00:00
[2023-03-16 13:55:19,632] {standard_task_runner.py:52} INFO - Started process 91 to run task
[2023-03-16 13:55:19,635] {standard_task_runner.py:79} INFO - Running: ['***', 'tasks', 'run', 'parse_json_dag', 'parse_json_files', 'manual__2023-03-16T13:55:18.410335+00:00', '--job-id', '1348', '--raw', '--subdir', 'DAGS_FOLDER/dynamic_dag.py', '--cfg-path', '/tmp/tmpsi0263xq', '--error-file', '/tmp/tmpyeyka0a5']
[2023-03-16 13:55:19,636] {standard_task_runner.py:80} INFO - Job 1348: Subtask parse_json_files
[2023-03-16 13:55:19,675] {task_command.py:369} INFO - Running <TaskInstance: parse_json_dag.parse_json_files manual__2023-03-16T13:55:18.410335+00:00 [running]> on host 596adcca7378
[2023-03-16 13:55:19,733] {taskinstance.py:1571} INFO - Exporting the following env vars:
AIRFLOW_CTX_DAG_OWNER=***
AIRFLOW_CTX_DAG_ID=parse_json_dag
AIRFLOW_CTX_TASK_ID=parse_json_files
AIRFLOW_CTX_EXECUTION_DATE=2023-03-16T13:55:18.410335+00:00
AIRFLOW_CTX_TRY_NUMBER=1
AIRFLOW_CTX_DAG_RUN_ID=manual__2023-03-16T13:55:18.410335+00:00
[2023-03-16 13:55:19,735] {python.py:173} INFO - Done. Returned value was: None
[2023-03-16 13:55:19,745] {taskinstance.py:1400} INFO - Marking task as SUCCESS. dag_id=parse_json_dag, task_id=parse_json_files, execution_date=20230316T135518, start_date=20230316T135519, end_date=20230316T135519
[2023-03-16 13:55:19,768] {local_task_job.py:156} INFO - Task exited with return code 0
[2023-03-16 13:55:19,792] {local_task_job.py:273} INFO - 0 downstream tasks scheduled from follow-on schedule check
