[2023-04-16 17:04:46,022] {taskinstance.py:1159} INFO - Dependencies all met for <TaskInstance: multi_attack_dag.metadata manual__2023-04-16T17:04:00.049341+00:00 [queued]>
[2023-04-16 17:04:46,082] {taskinstance.py:1159} INFO - Dependencies all met for <TaskInstance: multi_attack_dag.metadata manual__2023-04-16T17:04:00.049341+00:00 [queued]>
[2023-04-16 17:04:46,083] {taskinstance.py:1356} INFO - 
--------------------------------------------------------------------------------
[2023-04-16 17:04:46,091] {taskinstance.py:1357} INFO - Starting attempt 1 of 2
[2023-04-16 17:04:46,091] {taskinstance.py:1358} INFO - 
--------------------------------------------------------------------------------
[2023-04-16 17:04:46,182] {taskinstance.py:1377} INFO - Executing <Task(PythonOperator): metadata> on 2023-04-16 17:04:00.049341+00:00
[2023-04-16 17:04:46,222] {standard_task_runner.py:52} INFO - Started process 144 to run task
[2023-04-16 17:04:46,241] {standard_task_runner.py:79} INFO - Running: ['***', 'tasks', 'run', 'multi_attack_dag', 'metadata', 'manual__2023-04-16T17:04:00.049341+00:00', '--job-id', '5298', '--raw', '--subdir', 'DAGS_FOLDER/attack_dag.py', '--cfg-path', '/tmp/tmpe1_x3oj2', '--error-file', '/tmp/tmpglp4k0d7']
[2023-04-16 17:04:46,242] {standard_task_runner.py:80} INFO - Job 5298: Subtask metadata
[2023-04-16 17:04:46,603] {task_command.py:369} INFO - Running <TaskInstance: multi_attack_dag.metadata manual__2023-04-16T17:04:00.049341+00:00 [running]> on host 6c1ce3ac9ba0
[2023-04-16 17:04:47,101] {taskinstance.py:1571} INFO - Exporting the following env vars:
AIRFLOW_CTX_DAG_OWNER=***
AIRFLOW_CTX_DAG_ID=multi_attack_dag
AIRFLOW_CTX_TASK_ID=metadata
AIRFLOW_CTX_EXECUTION_DATE=2023-04-16T17:04:00.049341+00:00
AIRFLOW_CTX_TRY_NUMBER=1
AIRFLOW_CTX_DAG_RUN_ID=manual__2023-04-16T17:04:00.049341+00:00
[2023-04-16 17:04:47,112] {transport.py:157} INFO - Attempting refresh to obtain initial access_token
[2023-04-16 17:04:47,153] {client.py:777} INFO - Refreshing access_token
[2023-04-16 17:04:48,351] {python.py:173} INFO - Done. Returned value was: None
[2023-04-16 17:04:48,473] {taskinstance.py:1400} INFO - Marking task as SUCCESS. dag_id=multi_attack_dag, task_id=metadata, execution_date=20230416T170400, start_date=20230416T170446, end_date=20230416T170448
[2023-04-16 17:04:48,632] {local_task_job.py:156} INFO - Task exited with return code 0
[2023-04-16 17:04:49,021] {local_task_job.py:273} INFO - 3 downstream tasks scheduled from follow-on schedule check
