[2023-03-23 15:37:23,918] {taskinstance.py:1159} INFO - Dependencies all met for <TaskInstance: multi_defence_dag.choose_best manual__2023-03-23T15:37:12.600041+00:00 [queued]>
[2023-03-23 15:37:23,944] {taskinstance.py:1159} INFO - Dependencies all met for <TaskInstance: multi_defence_dag.choose_best manual__2023-03-23T15:37:12.600041+00:00 [queued]>
[2023-03-23 15:37:23,945] {taskinstance.py:1356} INFO - 
--------------------------------------------------------------------------------
[2023-03-23 15:37:23,946] {taskinstance.py:1357} INFO - Starting attempt 1 of 2
[2023-03-23 15:37:23,947] {taskinstance.py:1358} INFO - 
--------------------------------------------------------------------------------
[2023-03-23 15:37:23,984] {taskinstance.py:1377} INFO - Executing <Task(PythonOperator): choose_best> on 2023-03-23 15:37:12.600041+00:00
[2023-03-23 15:37:23,992] {standard_task_runner.py:52} INFO - Started process 13356 to run task
[2023-03-23 15:37:23,998] {standard_task_runner.py:79} INFO - Running: ['***', 'tasks', 'run', 'multi_defence_dag', 'choose_best', 'manual__2023-03-23T15:37:12.600041+00:00', '--job-id', '3486', '--raw', '--subdir', 'DAGS_FOLDER/defence_dag.py', '--cfg-path', '/tmp/tmpm1_kp13u', '--error-file', '/tmp/tmpm33whizc']
[2023-03-23 15:37:24,000] {standard_task_runner.py:80} INFO - Job 3486: Subtask choose_best
[2023-03-23 15:37:24,108] {task_command.py:369} INFO - Running <TaskInstance: multi_defence_dag.choose_best manual__2023-03-23T15:37:12.600041+00:00 [running]> on host 6447f1dacd32
[2023-03-23 15:37:24,273] {taskinstance.py:1571} INFO - Exporting the following env vars:
AIRFLOW_CTX_DAG_OWNER=***
AIRFLOW_CTX_DAG_ID=multi_defence_dag
AIRFLOW_CTX_TASK_ID=choose_best
AIRFLOW_CTX_EXECUTION_DATE=2023-03-23T15:37:12.600041+00:00
AIRFLOW_CTX_TRY_NUMBER=1
AIRFLOW_CTX_DAG_RUN_ID=manual__2023-03-23T15:37:12.600041+00:00
[2023-03-23 15:37:24,410] {transport.py:157} INFO - Attempting refresh to obtain initial access_token
[2023-03-23 15:37:24,421] {client.py:777} INFO - Refreshing access_token
[2023-03-23 15:37:25,627] {transport.py:157} INFO - Attempting refresh to obtain initial access_token
[2023-03-23 15:37:25,633] {client.py:777} INFO - Refreshing access_token
[2023-03-23 15:37:26,369] {python.py:173} INFO - Done. Returned value was: None
[2023-03-23 15:37:26,405] {taskinstance.py:1400} INFO - Marking task as SUCCESS. dag_id=multi_defence_dag, task_id=choose_best, execution_date=20230323T153712, start_date=20230323T153723, end_date=20230323T153726
[2023-03-23 15:37:26,465] {local_task_job.py:156} INFO - Task exited with return code 0
[2023-03-23 15:37:26,550] {local_task_job.py:273} INFO - 1 downstream tasks scheduled from follow-on schedule check
