[2023-04-30 11:09:06,109] {taskinstance.py:1159} INFO - Dependencies all met for <TaskInstance: multi_defence_dag.choose_best manual__2023-04-30T11:08:46.506454+00:00 [queued]>
[2023-04-30 11:09:06,122] {taskinstance.py:1159} INFO - Dependencies all met for <TaskInstance: multi_defence_dag.choose_best manual__2023-04-30T11:08:46.506454+00:00 [queued]>
[2023-04-30 11:09:06,123] {taskinstance.py:1356} INFO - 
--------------------------------------------------------------------------------
[2023-04-30 11:09:06,128] {taskinstance.py:1357} INFO - Starting attempt 1 of 2
[2023-04-30 11:09:06,129] {taskinstance.py:1358} INFO - 
--------------------------------------------------------------------------------
[2023-04-30 11:09:06,153] {taskinstance.py:1377} INFO - Executing <Task(PythonOperator): choose_best> on 2023-04-30 11:08:46.506454+00:00
[2023-04-30 11:09:06,164] {standard_task_runner.py:52} INFO - Started process 447 to run task
[2023-04-30 11:09:06,169] {standard_task_runner.py:79} INFO - Running: ['***', 'tasks', 'run', 'multi_defence_dag', 'choose_best', 'manual__2023-04-30T11:08:46.506454+00:00', '--job-id', '7448', '--raw', '--subdir', 'DAGS_FOLDER/defence_dag.py', '--cfg-path', '/tmp/tmpsoih68dq', '--error-file', '/tmp/tmpny1xa42i']
[2023-04-30 11:09:06,172] {standard_task_runner.py:80} INFO - Job 7448: Subtask choose_best
[2023-04-30 11:09:06,249] {task_command.py:369} INFO - Running <TaskInstance: multi_defence_dag.choose_best manual__2023-04-30T11:08:46.506454+00:00 [running]> on host 873e5d3a4399
[2023-04-30 11:09:06,358] {taskinstance.py:1571} INFO - Exporting the following env vars:
AIRFLOW_CTX_DAG_OWNER=***
AIRFLOW_CTX_DAG_ID=multi_defence_dag
AIRFLOW_CTX_TASK_ID=choose_best
AIRFLOW_CTX_EXECUTION_DATE=2023-04-30T11:08:46.506454+00:00
AIRFLOW_CTX_TRY_NUMBER=1
AIRFLOW_CTX_DAG_RUN_ID=manual__2023-04-30T11:08:46.506454+00:00
[2023-04-30 11:09:06,426] {transport.py:157} INFO - Attempting refresh to obtain initial access_token
[2023-04-30 11:09:06,429] {client.py:777} INFO - Refreshing access_token
[2023-04-30 11:09:07,232] {transport.py:157} INFO - Attempting refresh to obtain initial access_token
[2023-04-30 11:09:07,234] {client.py:777} INFO - Refreshing access_token
[2023-04-30 11:09:07,691] {python.py:173} INFO - Done. Returned value was: None
[2023-04-30 11:09:07,720] {taskinstance.py:1400} INFO - Marking task as SUCCESS. dag_id=multi_defence_dag, task_id=choose_best, execution_date=20230430T110846, start_date=20230430T110906, end_date=20230430T110907
[2023-04-30 11:09:07,749] {local_task_job.py:156} INFO - Task exited with return code 0
[2023-04-30 11:09:07,833] {local_task_job.py:273} INFO - 1 downstream tasks scheduled from follow-on schedule check
