[2023-03-28 14:00:44,848] {taskinstance.py:1159} INFO - Dependencies all met for <TaskInstance: defence_dag2.defence1 manual__2023-03-28T14:00:30.408167+00:00 [queued]>
[2023-03-28 14:00:44,858] {taskinstance.py:1159} INFO - Dependencies all met for <TaskInstance: defence_dag2.defence1 manual__2023-03-28T14:00:30.408167+00:00 [queued]>
[2023-03-28 14:00:44,858] {taskinstance.py:1356} INFO - 
--------------------------------------------------------------------------------
[2023-03-28 14:00:44,859] {taskinstance.py:1357} INFO - Starting attempt 1 of 1
[2023-03-28 14:00:44,860] {taskinstance.py:1358} INFO - 
--------------------------------------------------------------------------------
[2023-03-28 14:00:44,872] {taskinstance.py:1377} INFO - Executing <Task(PythonOperator): defence1> on 2023-03-28 14:00:30.408167+00:00
[2023-03-28 14:00:44,878] {standard_task_runner.py:52} INFO - Started process 7600 to run task
[2023-03-28 14:00:44,881] {standard_task_runner.py:79} INFO - Running: ['***', 'tasks', 'run', 'defence_dag2', 'defence1', 'manual__2023-03-28T14:00:30.408167+00:00', '--job-id', '4603', '--raw', '--subdir', 'DAGS_FOLDER/defese.py', '--cfg-path', '/tmp/tmp1jp4uvu4', '--error-file', '/tmp/tmpm0x1s4it']
[2023-03-28 14:00:44,882] {standard_task_runner.py:80} INFO - Job 4603: Subtask defence1
[2023-03-28 14:00:44,926] {task_command.py:369} INFO - Running <TaskInstance: defence_dag2.defence1 manual__2023-03-28T14:00:30.408167+00:00 [running]> on host ff3d40af78f9
[2023-03-28 14:00:44,982] {taskinstance.py:1571} INFO - Exporting the following env vars:
AIRFLOW_CTX_DAG_OWNER=***
AIRFLOW_CTX_DAG_ID=defence_dag2
AIRFLOW_CTX_TASK_ID=defence1
AIRFLOW_CTX_EXECUTION_DATE=2023-03-28T14:00:30.408167+00:00
AIRFLOW_CTX_TRY_NUMBER=1
AIRFLOW_CTX_DAG_RUN_ID=manual__2023-03-28T14:00:30.408167+00:00
[2023-03-28 14:00:44,995] {logging_mixin.py:115} INFO - defensing
[2023-03-28 14:00:44,995] {python.py:173} INFO - Done. Returned value was: None
[2023-03-28 14:00:45,005] {taskinstance.py:1400} INFO - Marking task as SUCCESS. dag_id=defence_dag2, task_id=defence1, execution_date=20230328T140030, start_date=20230328T140044, end_date=20230328T140045
[2023-03-28 14:00:45,054] {local_task_job.py:156} INFO - Task exited with return code 0
[2023-03-28 14:00:45,094] {local_task_job.py:273} INFO - 1 downstream tasks scheduled from follow-on schedule check
