[2023-03-16 11:29:35,667] {taskinstance.py:1159} INFO - Dependencies all met for <TaskInstance: defence_dag.stop manual__2023-03-16T11:29:29.422254+00:00 [queued]>
[2023-03-16 11:29:35,684] {taskinstance.py:1159} INFO - Dependencies all met for <TaskInstance: defence_dag.stop manual__2023-03-16T11:29:29.422254+00:00 [queued]>
[2023-03-16 11:29:35,685] {taskinstance.py:1356} INFO - 
--------------------------------------------------------------------------------
[2023-03-16 11:29:35,685] {taskinstance.py:1357} INFO - Starting attempt 1 of 1
[2023-03-16 11:29:35,686] {taskinstance.py:1358} INFO - 
--------------------------------------------------------------------------------
[2023-03-16 11:29:35,712] {taskinstance.py:1377} INFO - Executing <Task(PythonOperator): stop> on 2023-03-16 11:29:29.422254+00:00
[2023-03-16 11:29:35,718] {standard_task_runner.py:52} INFO - Started process 176 to run task
[2023-03-16 11:29:35,722] {standard_task_runner.py:79} INFO - Running: ['***', 'tasks', 'run', 'defence_dag', 'stop', 'manual__2023-03-16T11:29:29.422254+00:00', '--job-id', '718', '--raw', '--subdir', 'DAGS_FOLDER/defese.py', '--cfg-path', '/tmp/tmpa3_mlbw5', '--error-file', '/tmp/tmpoqzg41n8']
[2023-03-16 11:29:35,722] {standard_task_runner.py:80} INFO - Job 718: Subtask stop
[2023-03-16 11:29:35,801] {task_command.py:369} INFO - Running <TaskInstance: defence_dag.stop manual__2023-03-16T11:29:29.422254+00:00 [running]> on host 596adcca7378
[2023-03-16 11:29:35,890] {taskinstance.py:1571} INFO - Exporting the following env vars:
AIRFLOW_CTX_DAG_OWNER=***
AIRFLOW_CTX_DAG_ID=defence_dag
AIRFLOW_CTX_TASK_ID=stop
AIRFLOW_CTX_EXECUTION_DATE=2023-03-16T11:29:29.422254+00:00
AIRFLOW_CTX_TRY_NUMBER=1
AIRFLOW_CTX_DAG_RUN_ID=manual__2023-03-16T11:29:29.422254+00:00
[2023-03-16 11:29:35,891] {python.py:173} INFO - Done. Returned value was: Cycle has ended
[2023-03-16 11:29:35,924] {taskinstance.py:1400} INFO - Marking task as SUCCESS. dag_id=defence_dag, task_id=stop, execution_date=20230316T112929, start_date=20230316T112935, end_date=20230316T112935
[2023-03-16 11:29:35,975] {local_task_job.py:156} INFO - Task exited with return code 0
[2023-03-16 11:29:36,017] {local_task_job.py:273} INFO - 0 downstream tasks scheduled from follow-on schedule check
