[2023-03-23 15:11:21,910] {taskinstance.py:1159} INFO - Dependencies all met for <TaskInstance: multi_attack_dag.attack3 manual__2023-03-23T15:10:25.032388+00:00 [queued]>
[2023-03-23 15:11:21,986] {taskinstance.py:1159} INFO - Dependencies all met for <TaskInstance: multi_attack_dag.attack3 manual__2023-03-23T15:10:25.032388+00:00 [queued]>
[2023-03-23 15:11:21,988] {taskinstance.py:1356} INFO - 
--------------------------------------------------------------------------------
[2023-03-23 15:11:21,990] {taskinstance.py:1357} INFO - Starting attempt 1 of 2
[2023-03-23 15:11:21,992] {taskinstance.py:1358} INFO - 
--------------------------------------------------------------------------------
[2023-03-23 15:11:22,087] {taskinstance.py:1377} INFO - Executing <Task(PythonOperator): attack3> on 2023-03-23 15:10:25.032388+00:00
[2023-03-23 15:11:22,113] {standard_task_runner.py:52} INFO - Started process 11456 to run task
[2023-03-23 15:11:22,171] {standard_task_runner.py:79} INFO - Running: ['***', 'tasks', 'run', 'multi_attack_dag', 'attack3', 'manual__2023-03-23T15:10:25.032388+00:00', '--job-id', '2829', '--raw', '--subdir', 'DAGS_FOLDER/attack_dag.py', '--cfg-path', '/tmp/tmp0_y5srm4', '--error-file', '/tmp/tmpb8zqk49t']
[2023-03-23 15:11:22,181] {standard_task_runner.py:80} INFO - Job 2829: Subtask attack3
[2023-03-23 15:11:22,585] {task_command.py:369} INFO - Running <TaskInstance: multi_attack_dag.attack3 manual__2023-03-23T15:10:25.032388+00:00 [running]> on host 6447f1dacd32
[2023-03-23 15:11:23,095] {taskinstance.py:1571} INFO - Exporting the following env vars:
AIRFLOW_CTX_DAG_OWNER=***
AIRFLOW_CTX_DAG_ID=multi_attack_dag
AIRFLOW_CTX_TASK_ID=attack3
AIRFLOW_CTX_EXECUTION_DATE=2023-03-23T15:10:25.032388+00:00
AIRFLOW_CTX_TRY_NUMBER=1
AIRFLOW_CTX_DAG_RUN_ID=manual__2023-03-23T15:10:25.032388+00:00
[2023-03-23 15:11:23,212] {python.py:173} INFO - Done. Returned value was: None
[2023-03-23 15:11:23,307] {taskinstance.py:1400} INFO - Marking task as SUCCESS. dag_id=multi_attack_dag, task_id=attack3, execution_date=20230323T151025, start_date=20230323T151121, end_date=20230323T151123
[2023-03-23 15:11:23,425] {local_task_job.py:156} INFO - Task exited with return code 0
[2023-03-23 15:11:23,826] {local_task_job.py:273} INFO - 1 downstream tasks scheduled from follow-on schedule check
