[2023-03-16 11:57:33,375] {taskinstance.py:1159} INFO - Dependencies all met for <TaskInstance: defence_dag.stop manual__2023-03-12T15:11:50.265052+00:00 [queued]>
[2023-03-16 11:57:33,438] {taskinstance.py:1159} INFO - Dependencies all met for <TaskInstance: defence_dag.stop manual__2023-03-12T15:11:50.265052+00:00 [queued]>
[2023-03-16 11:57:33,439] {taskinstance.py:1356} INFO - 
--------------------------------------------------------------------------------
[2023-03-16 11:57:33,440] {taskinstance.py:1357} INFO - Starting attempt 1 of 1
[2023-03-16 11:57:33,440] {taskinstance.py:1358} INFO - 
--------------------------------------------------------------------------------
[2023-03-16 11:57:33,525] {taskinstance.py:1377} INFO - Executing <Task(PythonOperator): stop> on 2023-03-12 15:11:50.265052+00:00
[2023-03-16 11:57:33,576] {standard_task_runner.py:79} INFO - Running: ['***', 'tasks', 'run', 'defence_dag', 'stop', 'manual__2023-03-12T15:11:50.265052+00:00', '--job-id', '1108', '--raw', '--subdir', 'DAGS_FOLDER/defese.py', '--cfg-path', '/tmp/tmpgfs3kkb4', '--error-file', '/tmp/tmprfiwfjyk']
[2023-03-16 11:57:33,578] {standard_task_runner.py:80} INFO - Job 1108: Subtask stop
[2023-03-16 11:57:33,568] {standard_task_runner.py:52} INFO - Started process 1017 to run task
[2023-03-16 11:57:34,042] {task_command.py:369} INFO - Running <TaskInstance: defence_dag.stop manual__2023-03-12T15:11:50.265052+00:00 [running]> on host 596adcca7378
[2023-03-16 11:57:34,665] {taskinstance.py:1571} INFO - Exporting the following env vars:
AIRFLOW_CTX_DAG_OWNER=***
AIRFLOW_CTX_DAG_ID=defence_dag
AIRFLOW_CTX_TASK_ID=stop
AIRFLOW_CTX_EXECUTION_DATE=2023-03-12T15:11:50.265052+00:00
AIRFLOW_CTX_TRY_NUMBER=1
AIRFLOW_CTX_DAG_RUN_ID=manual__2023-03-12T15:11:50.265052+00:00
[2023-03-16 11:57:34,671] {python.py:173} INFO - Done. Returned value was: Cycle has ended
[2023-03-16 11:57:34,938] {taskinstance.py:1400} INFO - Marking task as SUCCESS. dag_id=defence_dag, task_id=stop, execution_date=20230312T151150, start_date=20230316T115733, end_date=20230316T115734
[2023-03-16 11:57:35,163] {local_task_job.py:156} INFO - Task exited with return code 0
[2023-03-16 11:57:35,376] {local_task_job.py:273} INFO - 0 downstream tasks scheduled from follow-on schedule check
