[2023-03-12 15:19:05,085] {taskinstance.py:1159} INFO - Dependencies all met for <TaskInstance: defence_dag.trigger_offence manual__2023-03-12T15:18:58.976927+00:00 [queued]>
[2023-03-12 15:19:05,095] {taskinstance.py:1159} INFO - Dependencies all met for <TaskInstance: defence_dag.trigger_offence manual__2023-03-12T15:18:58.976927+00:00 [queued]>
[2023-03-12 15:19:05,096] {taskinstance.py:1356} INFO - 
--------------------------------------------------------------------------------
[2023-03-12 15:19:05,096] {taskinstance.py:1357} INFO - Starting attempt 1 of 1
[2023-03-12 15:19:05,097] {taskinstance.py:1358} INFO - 
--------------------------------------------------------------------------------
[2023-03-12 15:19:05,109] {taskinstance.py:1377} INFO - Executing <Task(TriggerDagRunOperator): trigger_offence> on 2023-03-12 15:18:58.976927+00:00
[2023-03-12 15:19:05,113] {standard_task_runner.py:52} INFO - Started process 168 to run task
[2023-03-12 15:19:05,115] {standard_task_runner.py:79} INFO - Running: ['***', 'tasks', 'run', 'defence_dag', 'trigger_offence', 'manual__2023-03-12T15:18:58.976927+00:00', '--job-id', '456', '--raw', '--subdir', 'DAGS_FOLDER/defese.py', '--cfg-path', '/tmp/tmpc9n1cllp', '--error-file', '/tmp/tmpcplu47bc']
[2023-03-12 15:19:05,116] {standard_task_runner.py:80} INFO - Job 456: Subtask trigger_offence
[2023-03-12 15:19:05,162] {task_command.py:369} INFO - Running <TaskInstance: defence_dag.trigger_offence manual__2023-03-12T15:18:58.976927+00:00 [running]> on host 596adcca7378
[2023-03-12 15:19:05,221] {taskinstance.py:1571} INFO - Exporting the following env vars:
AIRFLOW_CTX_DAG_OWNER=***
AIRFLOW_CTX_DAG_ID=defence_dag
AIRFLOW_CTX_TASK_ID=trigger_offence
AIRFLOW_CTX_EXECUTION_DATE=2023-03-12T15:18:58.976927+00:00
AIRFLOW_CTX_TRY_NUMBER=1
AIRFLOW_CTX_DAG_RUN_ID=manual__2023-03-12T15:18:58.976927+00:00
[2023-03-12 15:19:06,018] {taskinstance.py:1400} INFO - Marking task as SUCCESS. dag_id=defence_dag, task_id=trigger_offence, execution_date=20230312T151858, start_date=20230312T151905, end_date=20230312T151906
[2023-03-12 15:19:06,053] {local_task_job.py:156} INFO - Task exited with return code 0
[2023-03-12 15:19:06,084] {local_task_job.py:273} INFO - 0 downstream tasks scheduled from follow-on schedule check
