[2023-04-27 13:00:54,609] {taskinstance.py:1159} INFO - Dependencies all met for <TaskInstance: multi_defence_dag.to_defence3 manual__2023-04-27T13:00:07.786313+00:00 [queued]>
[2023-04-27 13:00:54,732] {taskinstance.py:1159} INFO - Dependencies all met for <TaskInstance: multi_defence_dag.to_defence3 manual__2023-04-27T13:00:07.786313+00:00 [queued]>
[2023-04-27 13:00:54,734] {taskinstance.py:1356} INFO - 
--------------------------------------------------------------------------------
[2023-04-27 13:00:54,741] {taskinstance.py:1357} INFO - Starting attempt 1 of 2
[2023-04-27 13:00:54,743] {taskinstance.py:1358} INFO - 
--------------------------------------------------------------------------------
[2023-04-27 13:00:54,847] {taskinstance.py:1377} INFO - Executing <Task(BranchPythonOperator): to_defence3> on 2023-04-27 13:00:07.786313+00:00
[2023-04-27 13:00:54,897] {standard_task_runner.py:52} INFO - Started process 753 to run task
[2023-04-27 13:00:54,934] {standard_task_runner.py:79} INFO - Running: ['***', 'tasks', 'run', 'multi_defence_dag', 'to_defence3', 'manual__2023-04-27T13:00:07.786313+00:00', '--job-id', '6889', '--raw', '--subdir', 'DAGS_FOLDER/defence_dag.py', '--cfg-path', '/tmp/tmpq_b4huqj', '--error-file', '/tmp/tmpegyy0yyz']
[2023-04-27 13:00:54,939] {standard_task_runner.py:80} INFO - Job 6889: Subtask to_defence3
[2023-04-27 13:00:55,193] {task_command.py:369} INFO - Running <TaskInstance: multi_defence_dag.to_defence3 manual__2023-04-27T13:00:07.786313+00:00 [running]> on host e7e31d5a6603
[2023-04-27 13:00:55,724] {taskinstance.py:1571} INFO - Exporting the following env vars:
AIRFLOW_CTX_DAG_OWNER=***
AIRFLOW_CTX_DAG_ID=multi_defence_dag
AIRFLOW_CTX_TASK_ID=to_defence3
AIRFLOW_CTX_EXECUTION_DATE=2023-04-27T13:00:07.786313+00:00
AIRFLOW_CTX_TRY_NUMBER=1
AIRFLOW_CTX_DAG_RUN_ID=manual__2023-04-27T13:00:07.786313+00:00
[2023-04-27 13:00:55,823] {python.py:173} INFO - Done. Returned value was: Defence3
[2023-04-27 13:00:55,825] {skipmixin.py:140} INFO - Following branch Defence3
[2023-04-27 13:00:55,827] {skipmixin.py:175} INFO - Skipping tasks ['default']
[2023-04-27 13:00:56,141] {taskinstance.py:1400} INFO - Marking task as SUCCESS. dag_id=multi_defence_dag, task_id=to_defence3, execution_date=20230427T130007, start_date=20230427T130054, end_date=20230427T130056
[2023-04-27 13:00:56,229] {local_task_job.py:156} INFO - Task exited with return code 0
[2023-04-27 13:00:56,540] {local_task_job.py:273} INFO - 1 downstream tasks scheduled from follow-on schedule check
