[2023-04-09 08:49:53,330] {taskinstance.py:1159} INFO - Dependencies all met for <TaskInstance: multi_defence_dag.Defence2 manual__2023-04-09T08:49:37.758189+00:00 [queued]>
[2023-04-09 08:49:53,357] {taskinstance.py:1159} INFO - Dependencies all met for <TaskInstance: multi_defence_dag.Defence2 manual__2023-04-09T08:49:37.758189+00:00 [queued]>
[2023-04-09 08:49:53,361] {taskinstance.py:1356} INFO - 
--------------------------------------------------------------------------------
[2023-04-09 08:49:53,362] {taskinstance.py:1357} INFO - Starting attempt 1 of 2
[2023-04-09 08:49:53,363] {taskinstance.py:1358} INFO - 
--------------------------------------------------------------------------------
[2023-04-09 08:49:53,392] {taskinstance.py:1377} INFO - Executing <Task(PythonOperator): Defence2> on 2023-04-09 08:49:37.758189+00:00
[2023-04-09 08:49:53,407] {standard_task_runner.py:52} INFO - Started process 5304 to run task
[2023-04-09 08:49:53,414] {standard_task_runner.py:79} INFO - Running: ['***', 'tasks', 'run', 'multi_defence_dag', 'Defence2', 'manual__2023-04-09T08:49:37.758189+00:00', '--job-id', '4870', '--raw', '--subdir', 'DAGS_FOLDER/defence_dag.py', '--cfg-path', '/tmp/tmp9uwgw8zg', '--error-file', '/tmp/tmp7h4207p_']
[2023-04-09 08:49:53,417] {standard_task_runner.py:80} INFO - Job 4870: Subtask Defence2
[2023-04-09 08:49:53,567] {task_command.py:369} INFO - Running <TaskInstance: multi_defence_dag.Defence2 manual__2023-04-09T08:49:37.758189+00:00 [running]> on host ff3d40af78f9
[2023-04-09 08:49:53,733] {taskinstance.py:1571} INFO - Exporting the following env vars:
AIRFLOW_CTX_DAG_OWNER=***
AIRFLOW_CTX_DAG_ID=multi_defence_dag
AIRFLOW_CTX_TASK_ID=Defence2
AIRFLOW_CTX_EXECUTION_DATE=2023-04-09T08:49:37.758189+00:00
AIRFLOW_CTX_TRY_NUMBER=1
AIRFLOW_CTX_DAG_RUN_ID=manual__2023-04-09T08:49:37.758189+00:00
[2023-04-09 08:49:53,771] {python.py:173} INFO - Done. Returned value was: None
[2023-04-09 08:49:53,795] {taskinstance.py:1400} INFO - Marking task as SUCCESS. dag_id=multi_defence_dag, task_id=Defence2, execution_date=20230409T084937, start_date=20230409T084953, end_date=20230409T084953
[2023-04-09 08:49:53,830] {local_task_job.py:156} INFO - Task exited with return code 0
[2023-04-09 08:49:53,932] {local_task_job.py:273} INFO - 0 downstream tasks scheduled from follow-on schedule check
