[2023-03-23 11:15:13,680] {taskinstance.py:1159} INFO - Dependencies all met for <TaskInstance: defence_dag2.to_attack manual__2023-03-23T11:15:08.425524+00:00 [queued]>
[2023-03-23 11:15:13,689] {taskinstance.py:1159} INFO - Dependencies all met for <TaskInstance: defence_dag2.to_attack manual__2023-03-23T11:15:08.425524+00:00 [queued]>
[2023-03-23 11:15:13,689] {taskinstance.py:1356} INFO - 
--------------------------------------------------------------------------------
[2023-03-23 11:15:13,690] {taskinstance.py:1357} INFO - Starting attempt 1 of 1
[2023-03-23 11:15:13,691] {taskinstance.py:1358} INFO - 
--------------------------------------------------------------------------------
[2023-03-23 11:15:13,703] {taskinstance.py:1377} INFO - Executing <Task(BranchPythonOperator): to_attack> on 2023-03-23 11:15:08.425524+00:00
[2023-03-23 11:15:13,707] {standard_task_runner.py:52} INFO - Started process 1406 to run task
[2023-03-23 11:15:13,710] {standard_task_runner.py:79} INFO - Running: ['***', 'tasks', 'run', 'defence_dag2', 'to_attack', 'manual__2023-03-23T11:15:08.425524+00:00', '--job-id', '2642', '--raw', '--subdir', 'DAGS_FOLDER/defese.py', '--cfg-path', '/tmp/tmpqq0y6tgf', '--error-file', '/tmp/tmpx2635tw7']
[2023-03-23 11:15:13,711] {standard_task_runner.py:80} INFO - Job 2642: Subtask to_attack
[2023-03-23 11:15:13,763] {task_command.py:369} INFO - Running <TaskInstance: defence_dag2.to_attack manual__2023-03-23T11:15:08.425524+00:00 [running]> on host 6447f1dacd32
[2023-03-23 11:15:13,833] {taskinstance.py:1571} INFO - Exporting the following env vars:
AIRFLOW_CTX_DAG_OWNER=***
AIRFLOW_CTX_DAG_ID=defence_dag2
AIRFLOW_CTX_TASK_ID=to_attack
AIRFLOW_CTX_EXECUTION_DATE=2023-03-23T11:15:08.425524+00:00
AIRFLOW_CTX_TRY_NUMBER=1
AIRFLOW_CTX_DAG_RUN_ID=manual__2023-03-23T11:15:08.425524+00:00
[2023-03-23 11:15:13,843] {transport.py:157} INFO - Attempting refresh to obtain initial access_token
[2023-03-23 11:15:13,845] {client.py:777} INFO - Refreshing access_token
[2023-03-23 11:15:14,890] {python.py:173} INFO - Done. Returned value was: trigger_offence
[2023-03-23 11:15:14,891] {skipmixin.py:140} INFO - Following branch trigger_offence
[2023-03-23 11:15:14,892] {skipmixin.py:175} INFO - Skipping tasks ['stop']
[2023-03-23 11:15:14,952] {taskinstance.py:1400} INFO - Marking task as SUCCESS. dag_id=defence_dag2, task_id=to_attack, execution_date=20230323T111508, start_date=20230323T111513, end_date=20230323T111514
[2023-03-23 11:15:14,970] {local_task_job.py:156} INFO - Task exited with return code 0
[2023-03-23 11:15:15,006] {local_task_job.py:273} INFO - 1 downstream tasks scheduled from follow-on schedule check
