[2023-04-16 13:24:48,244] {taskinstance.py:1159} INFO - Dependencies all met for <TaskInstance: multi_defence_dag.stop scheduled__2023-04-09T00:00:00+00:00 [queued]>
[2023-04-16 13:24:48,363] {taskinstance.py:1159} INFO - Dependencies all met for <TaskInstance: multi_defence_dag.stop scheduled__2023-04-09T00:00:00+00:00 [queued]>
[2023-04-16 13:24:48,366] {taskinstance.py:1356} INFO - 
--------------------------------------------------------------------------------
[2023-04-16 13:24:48,366] {taskinstance.py:1357} INFO - Starting attempt 1 of 2
[2023-04-16 13:24:48,372] {taskinstance.py:1358} INFO - 
--------------------------------------------------------------------------------
[2023-04-16 13:24:48,435] {taskinstance.py:1377} INFO - Executing <Task(PythonOperator): stop> on 2023-04-09 00:00:00+00:00
[2023-04-16 13:24:48,492] {standard_task_runner.py:52} INFO - Started process 255 to run task
[2023-04-16 13:24:48,487] {standard_task_runner.py:79} INFO - Running: ['***', 'tasks', 'run', 'multi_defence_dag', 'stop', 'scheduled__2023-04-09T00:00:00+00:00', '--job-id', '5135', '--raw', '--subdir', 'DAGS_FOLDER/defence_dag.py', '--cfg-path', '/tmp/tmpyak_on7k', '--error-file', '/tmp/tmpj2rkfdcz']
[2023-04-16 13:24:48,522] {standard_task_runner.py:80} INFO - Job 5135: Subtask stop
[2023-04-16 13:24:48,862] {task_command.py:369} INFO - Running <TaskInstance: multi_defence_dag.stop scheduled__2023-04-09T00:00:00+00:00 [running]> on host c5458bb8a35c
[2023-04-16 13:24:49,336] {taskinstance.py:1571} INFO - Exporting the following env vars:
AIRFLOW_CTX_DAG_OWNER=***
AIRFLOW_CTX_DAG_ID=multi_defence_dag
AIRFLOW_CTX_TASK_ID=stop
AIRFLOW_CTX_EXECUTION_DATE=2023-04-09T00:00:00+00:00
AIRFLOW_CTX_TRY_NUMBER=1
AIRFLOW_CTX_DAG_RUN_ID=scheduled__2023-04-09T00:00:00+00:00
[2023-04-16 13:24:49,347] {python.py:173} INFO - Done. Returned value was: Cycle has ended
[2023-04-16 13:24:49,514] {taskinstance.py:1400} INFO - Marking task as SUCCESS. dag_id=multi_defence_dag, task_id=stop, execution_date=20230409T000000, start_date=20230416T132448, end_date=20230416T132449
[2023-04-16 13:24:49,662] {local_task_job.py:156} INFO - Task exited with return code 0
[2023-04-16 13:24:49,827] {local_task_job.py:273} INFO - 0 downstream tasks scheduled from follow-on schedule check
