[2023-03-28 14:19:54,758] {taskinstance.py:1159} INFO - Dependencies all met for <TaskInstance: defence_dag2.storing manual__2023-03-28T14:19:52.535958+00:00 [queued]>
[2023-03-28 14:19:54,769] {taskinstance.py:1159} INFO - Dependencies all met for <TaskInstance: defence_dag2.storing manual__2023-03-28T14:19:52.535958+00:00 [queued]>
[2023-03-28 14:19:54,769] {taskinstance.py:1356} INFO - 
--------------------------------------------------------------------------------
[2023-03-28 14:19:54,770] {taskinstance.py:1357} INFO - Starting attempt 1 of 1
[2023-03-28 14:19:54,771] {taskinstance.py:1358} INFO - 
--------------------------------------------------------------------------------
[2023-03-28 14:19:54,786] {taskinstance.py:1377} INFO - Executing <Task(BashOperator): storing> on 2023-03-28 14:19:52.535958+00:00
[2023-03-28 14:19:54,796] {standard_task_runner.py:52} INFO - Started process 8569 to run task
[2023-03-28 14:19:54,799] {standard_task_runner.py:79} INFO - Running: ['***', 'tasks', 'run', 'defence_dag2', 'storing', 'manual__2023-03-28T14:19:52.535958+00:00', '--job-id', '4616', '--raw', '--subdir', 'DAGS_FOLDER/defese.py', '--cfg-path', '/tmp/tmphy_sgln0', '--error-file', '/tmp/tmpnzpj6c9u']
[2023-03-28 14:19:54,800] {standard_task_runner.py:80} INFO - Job 4616: Subtask storing
[2023-03-28 14:19:54,869] {task_command.py:369} INFO - Running <TaskInstance: defence_dag2.storing manual__2023-03-28T14:19:52.535958+00:00 [running]> on host ff3d40af78f9
[2023-03-28 14:19:54,963] {taskinstance.py:1571} INFO - Exporting the following env vars:
AIRFLOW_CTX_DAG_OWNER=***
AIRFLOW_CTX_DAG_ID=defence_dag2
AIRFLOW_CTX_TASK_ID=storing
AIRFLOW_CTX_EXECUTION_DATE=2023-03-28T14:19:52.535958+00:00
AIRFLOW_CTX_TRY_NUMBER=1
AIRFLOW_CTX_DAG_RUN_ID=manual__2023-03-28T14:19:52.535958+00:00
[2023-03-28 14:19:54,965] {subprocess.py:62} INFO - Tmp dir root location: 
 /tmp
[2023-03-28 14:19:54,965] {subprocess.py:74} INFO - Running command: ['bash', '-c', 'sleep 1']
[2023-03-28 14:19:54,982] {subprocess.py:85} INFO - Output:
[2023-03-28 14:19:55,986] {subprocess.py:96} INFO - Command exited with return code 0
[2023-03-28 14:19:56,039] {taskinstance.py:1400} INFO - Marking task as SUCCESS. dag_id=defence_dag2, task_id=storing, execution_date=20230328T141952, start_date=20230328T141954, end_date=20230328T141956
[2023-03-28 14:19:56,061] {local_task_job.py:156} INFO - Task exited with return code 0
[2023-03-28 14:19:56,097] {local_task_job.py:273} INFO - 1 downstream tasks scheduled from follow-on schedule check
