[2023-03-16 11:29:52,884] {taskinstance.py:1159} INFO - Dependencies all met for <TaskInstance: defence_dag.to_attack manual__2023-03-16T11:29:51.266855+00:00 [queued]>
[2023-03-16 11:29:52,901] {taskinstance.py:1159} INFO - Dependencies all met for <TaskInstance: defence_dag.to_attack manual__2023-03-16T11:29:51.266855+00:00 [queued]>
[2023-03-16 11:29:52,901] {taskinstance.py:1356} INFO - 
--------------------------------------------------------------------------------
[2023-03-16 11:29:52,902] {taskinstance.py:1357} INFO - Starting attempt 1 of 1
[2023-03-16 11:29:52,903] {taskinstance.py:1358} INFO - 
--------------------------------------------------------------------------------
[2023-03-16 11:29:52,920] {taskinstance.py:1377} INFO - Executing <Task(BranchPythonOperator): to_attack> on 2023-03-16 11:29:51.266855+00:00
[2023-03-16 11:29:52,927] {standard_task_runner.py:52} INFO - Started process 276 to run task
[2023-03-16 11:29:52,931] {standard_task_runner.py:79} INFO - Running: ['***', 'tasks', 'run', 'defence_dag', 'to_attack', 'manual__2023-03-16T11:29:51.266855+00:00', '--job-id', '757', '--raw', '--subdir', 'DAGS_FOLDER/defese.py', '--cfg-path', '/tmp/tmpyg__n4m_', '--error-file', '/tmp/tmpoahr_u5d']
[2023-03-16 11:29:52,932] {standard_task_runner.py:80} INFO - Job 757: Subtask to_attack
[2023-03-16 11:29:53,011] {task_command.py:369} INFO - Running <TaskInstance: defence_dag.to_attack manual__2023-03-16T11:29:51.266855+00:00 [running]> on host 596adcca7378
[2023-03-16 11:29:53,119] {taskinstance.py:1571} INFO - Exporting the following env vars:
AIRFLOW_CTX_DAG_OWNER=***
AIRFLOW_CTX_DAG_ID=defence_dag
AIRFLOW_CTX_TASK_ID=to_attack
AIRFLOW_CTX_EXECUTION_DATE=2023-03-16T11:29:51.266855+00:00
AIRFLOW_CTX_TRY_NUMBER=1
AIRFLOW_CTX_DAG_RUN_ID=manual__2023-03-16T11:29:51.266855+00:00
[2023-03-16 11:29:53,121] {taskinstance.py:1889} ERROR - Task failed with exception
Traceback (most recent call last):
  File "/home/airflow/.local/lib/python3.7/site-packages/airflow/operators/python.py", line 207, in execute
    branch = super().execute(context)
  File "/home/airflow/.local/lib/python3.7/site-packages/airflow/operators/python.py", line 171, in execute
    return_value = self.execute_callable()
  File "/home/airflow/.local/lib/python3.7/site-packages/airflow/operators/python.py", line 189, in execute_callable
    return self.python_callable(*self.op_args, **self.op_kwargs)
  File "/opt/airflow/dags/defese.py", line 18, in to_attack
    if NUM_CYCLES > 0:
UnboundLocalError: local variable 'NUM_CYCLES' referenced before assignment
[2023-03-16 11:29:53,142] {taskinstance.py:1400} INFO - Marking task as FAILED. dag_id=defence_dag, task_id=to_attack, execution_date=20230316T112951, start_date=20230316T112952, end_date=20230316T112953
[2023-03-16 11:29:53,160] {standard_task_runner.py:97} ERROR - Failed to execute job 757 for task to_attack (local variable 'NUM_CYCLES' referenced before assignment; 276)
[2023-03-16 11:29:53,184] {local_task_job.py:156} INFO - Task exited with return code 1
[2023-03-16 11:29:53,251] {local_task_job.py:273} INFO - 0 downstream tasks scheduled from follow-on schedule check
