[2023-04-27 09:13:29,245] {taskinstance.py:1159} INFO - Dependencies all met for <TaskInstance: multi_attack_dag.attack_LowProFool manual__2023-04-27T09:01:19.609297+00:00 [queued]>
[2023-04-27 09:13:29,310] {taskinstance.py:1159} INFO - Dependencies all met for <TaskInstance: multi_attack_dag.attack_LowProFool manual__2023-04-27T09:01:19.609297+00:00 [queued]>
[2023-04-27 09:13:29,311] {taskinstance.py:1356} INFO - 
--------------------------------------------------------------------------------
[2023-04-27 09:13:29,316] {taskinstance.py:1357} INFO - Starting attempt 2 of 2
[2023-04-27 09:13:29,317] {taskinstance.py:1358} INFO - 
--------------------------------------------------------------------------------
[2023-04-27 09:13:29,361] {taskinstance.py:1377} INFO - Executing <Task(PythonOperator): attack_LowProFool> on 2023-04-27 09:01:19.609297+00:00
[2023-04-27 09:13:29,385] {standard_task_runner.py:52} INFO - Started process 2992 to run task
[2023-04-27 09:13:29,427] {standard_task_runner.py:79} INFO - Running: ['***', 'tasks', 'run', 'multi_attack_dag', 'attack_LowProFool', 'manual__2023-04-27T09:01:19.609297+00:00', '--job-id', '6477', '--raw', '--subdir', 'DAGS_FOLDER/attack_dag.py', '--cfg-path', '/tmp/tmpmhlmxsmy', '--error-file', '/tmp/tmp67otgzyj']
[2023-04-27 09:13:29,431] {standard_task_runner.py:80} INFO - Job 6477: Subtask attack_LowProFool
[2023-04-27 09:13:29,739] {task_command.py:369} INFO - Running <TaskInstance: multi_attack_dag.attack_LowProFool manual__2023-04-27T09:01:19.609297+00:00 [running]> on host e7e31d5a6603
[2023-04-27 09:13:30,161] {taskinstance.py:1571} INFO - Exporting the following env vars:
AIRFLOW_CTX_DAG_OWNER=***
AIRFLOW_CTX_DAG_ID=multi_attack_dag
AIRFLOW_CTX_TASK_ID=attack_LowProFool
AIRFLOW_CTX_EXECUTION_DATE=2023-04-27T09:01:19.609297+00:00
AIRFLOW_CTX_TRY_NUMBER=2
AIRFLOW_CTX_DAG_RUN_ID=manual__2023-04-27T09:01:19.609297+00:00
[2023-04-27 09:13:30,169] {transport.py:157} INFO - Attempting refresh to obtain initial access_token
[2023-04-27 09:13:30,187] {client.py:777} INFO - Refreshing access_token
[2023-04-27 09:13:31,014] {transport.py:157} INFO - Attempting refresh to obtain initial access_token
[2023-04-27 09:13:31,019] {client.py:777} INFO - Refreshing access_token
[2023-04-27 09:13:41,144] {pytorch.py:1198} INFO - Inferred 5 hidden layers on PyTorch classifier.
[2023-04-27 09:17:35,981] {attack_dag.py:642} INFO - Optimizing...
[2023-04-27 09:17:35,992] {logging_mixin.py:115} INFO - I am right here on <class 'art.attacks.evasion.lowprofool.LowProFool'>
[2023-04-27 09:17:35,993] {taskinstance.py:1889} ERROR - Task failed with exception
Traceback (most recent call last):
  File "/home/airflow/.local/lib/python3.7/site-packages/airflow/operators/python.py", line 171, in execute
    return_value = self.execute_callable()
  File "/home/airflow/.local/lib/python3.7/site-packages/airflow/operators/python.py", line 189, in execute_callable
    return self.python_callable(*self.op_args, **self.op_kwargs)
  File "/opt/airflow/dags/attack_dag.py", line 479, in attack_LowProFool
    model_acc, adversarial_examples  = attack(LowProFool)
  File "/opt/airflow/dags/attack_dag.py", line 643, in attack
    optimized_attack = optimize_evasion_attack(attack_obj,estimator,x_test,y_test)
  File "/opt/airflow/dags/attack_dag.py", line 616, in optimize_evasion_attack
    search_space = [v for k, v in attack_parameter_range[attack.__name__].items()]
KeyError: 'LowProFool'
[2023-04-27 09:17:36,139] {taskinstance.py:1400} INFO - Marking task as FAILED. dag_id=multi_attack_dag, task_id=attack_LowProFool, execution_date=20230427T090119, start_date=20230427T091329, end_date=20230427T091736
[2023-04-27 09:17:36,263] {standard_task_runner.py:97} ERROR - Failed to execute job 6477 for task attack_LowProFool ('LowProFool'; 2992)
[2023-04-27 09:17:36,342] {local_task_job.py:156} INFO - Task exited with return code 1
[2023-04-27 09:17:36,633] {local_task_job.py:273} INFO - 0 downstream tasks scheduled from follow-on schedule check
