[2023-04-23 09:37:46,949] {taskinstance.py:1159} INFO - Dependencies all met for <TaskInstance: multi_defence_dag.Defence2 manual__2023-04-23T09:37:34.372717+00:00 [queued]>
[2023-04-23 09:37:46,977] {taskinstance.py:1159} INFO - Dependencies all met for <TaskInstance: multi_defence_dag.Defence2 manual__2023-04-23T09:37:34.372717+00:00 [queued]>
[2023-04-23 09:37:46,978] {taskinstance.py:1356} INFO - 
--------------------------------------------------------------------------------
[2023-04-23 09:37:46,981] {taskinstance.py:1357} INFO - Starting attempt 1 of 2
[2023-04-23 09:37:46,982] {taskinstance.py:1358} INFO - 
--------------------------------------------------------------------------------
[2023-04-23 09:37:47,019] {taskinstance.py:1377} INFO - Executing <Task(PythonOperator): Defence2> on 2023-04-23 09:37:34.372717+00:00
[2023-04-23 09:37:47,033] {standard_task_runner.py:52} INFO - Started process 1421 to run task
[2023-04-23 09:37:47,043] {standard_task_runner.py:79} INFO - Running: ['***', 'tasks', 'run', 'multi_defence_dag', 'Defence2', 'manual__2023-04-23T09:37:34.372717+00:00', '--job-id', '6143', '--raw', '--subdir', 'DAGS_FOLDER/defence_dag.py', '--cfg-path', '/tmp/tmp460l8ylk', '--error-file', '/tmp/tmppzyl05fw']
[2023-04-23 09:37:47,045] {standard_task_runner.py:80} INFO - Job 6143: Subtask Defence2
[2023-04-23 09:37:47,182] {task_command.py:369} INFO - Running <TaskInstance: multi_defence_dag.Defence2 manual__2023-04-23T09:37:34.372717+00:00 [running]> on host a3dd7d962104
[2023-04-23 09:37:47,418] {taskinstance.py:1571} INFO - Exporting the following env vars:
AIRFLOW_CTX_DAG_OWNER=***
AIRFLOW_CTX_DAG_ID=multi_defence_dag
AIRFLOW_CTX_TASK_ID=Defence2
AIRFLOW_CTX_EXECUTION_DATE=2023-04-23T09:37:34.372717+00:00
AIRFLOW_CTX_TRY_NUMBER=1
AIRFLOW_CTX_DAG_RUN_ID=manual__2023-04-23T09:37:34.372717+00:00
[2023-04-23 09:37:47,450] {python.py:173} INFO - Done. Returned value was: None
[2023-04-23 09:37:47,473] {taskinstance.py:1400} INFO - Marking task as SUCCESS. dag_id=multi_defence_dag, task_id=Defence2, execution_date=20230423T093734, start_date=20230423T093746, end_date=20230423T093747
[2023-04-23 09:37:47,539] {local_task_job.py:156} INFO - Task exited with return code 0
[2023-04-23 09:37:47,721] {local_task_job.py:273} INFO - 0 downstream tasks scheduled from follow-on schedule check
