[2023-03-28 14:09:57,692] {taskinstance.py:1159} INFO - Dependencies all met for <TaskInstance: defence_dag2.defence1 manual__2023-03-28T14:09:52.221595+00:00 [queued]>
[2023-03-28 14:09:57,701] {taskinstance.py:1159} INFO - Dependencies all met for <TaskInstance: defence_dag2.defence1 manual__2023-03-28T14:09:52.221595+00:00 [queued]>
[2023-03-28 14:09:57,701] {taskinstance.py:1356} INFO - 
--------------------------------------------------------------------------------
[2023-03-28 14:09:57,702] {taskinstance.py:1357} INFO - Starting attempt 1 of 1
[2023-03-28 14:09:57,703] {taskinstance.py:1358} INFO - 
--------------------------------------------------------------------------------
[2023-03-28 14:09:57,716] {taskinstance.py:1377} INFO - Executing <Task(PythonOperator): defence1> on 2023-03-28 14:09:52.221595+00:00
[2023-03-28 14:09:57,724] {standard_task_runner.py:52} INFO - Started process 8066 to run task
[2023-03-28 14:09:57,727] {standard_task_runner.py:79} INFO - Running: ['***', 'tasks', 'run', 'defence_dag2', 'defence1', 'manual__2023-03-28T14:09:52.221595+00:00', '--job-id', '4609', '--raw', '--subdir', 'DAGS_FOLDER/defese.py', '--cfg-path', '/tmp/tmpszsgf0y1', '--error-file', '/tmp/tmpsznlubts']
[2023-03-28 14:09:57,728] {standard_task_runner.py:80} INFO - Job 4609: Subtask defence1
[2023-03-28 14:09:57,783] {task_command.py:369} INFO - Running <TaskInstance: defence_dag2.defence1 manual__2023-03-28T14:09:52.221595+00:00 [running]> on host ff3d40af78f9
[2023-03-28 14:09:57,906] {taskinstance.py:1571} INFO - Exporting the following env vars:
AIRFLOW_CTX_DAG_OWNER=***
AIRFLOW_CTX_DAG_ID=defence_dag2
AIRFLOW_CTX_TASK_ID=defence1
AIRFLOW_CTX_EXECUTION_DATE=2023-03-28T14:09:52.221595+00:00
AIRFLOW_CTX_TRY_NUMBER=1
AIRFLOW_CTX_DAG_RUN_ID=manual__2023-03-28T14:09:52.221595+00:00
[2023-03-28 14:09:57,923] {logging_mixin.py:115} INFO - defensing
[2023-03-28 14:09:57,924] {python.py:173} INFO - Done. Returned value was: None
[2023-03-28 14:09:57,938] {taskinstance.py:1400} INFO - Marking task as SUCCESS. dag_id=defence_dag2, task_id=defence1, execution_date=20230328T140952, start_date=20230328T140957, end_date=20230328T140957
[2023-03-28 14:09:57,981] {local_task_job.py:156} INFO - Task exited with return code 0
[2023-03-28 14:09:58,018] {local_task_job.py:273} INFO - 1 downstream tasks scheduled from follow-on schedule check
