[2023-03-16 15:34:54,903] {taskinstance.py:1159} INFO - Dependencies all met for <TaskInstance: xcom_dag.choose_best manual__2023-03-16T15:34:53.613300+00:00 [queued]>
[2023-03-16 15:34:54,915] {taskinstance.py:1159} INFO - Dependencies all met for <TaskInstance: xcom_dag.choose_best manual__2023-03-16T15:34:53.613300+00:00 [queued]>
[2023-03-16 15:34:54,916] {taskinstance.py:1356} INFO - 
--------------------------------------------------------------------------------
[2023-03-16 15:34:54,916] {taskinstance.py:1357} INFO - Starting attempt 1 of 2
[2023-03-16 15:34:54,917] {taskinstance.py:1358} INFO - 
--------------------------------------------------------------------------------
[2023-03-16 15:34:54,934] {taskinstance.py:1377} INFO - Executing <Task(PythonOperator): choose_best> on 2023-03-16 15:34:53.613300+00:00
[2023-03-16 15:34:54,938] {standard_task_runner.py:52} INFO - Started process 176 to run task
[2023-03-16 15:34:54,943] {standard_task_runner.py:79} INFO - Running: ['***', 'tasks', 'run', 'xcom_dag', 'choose_best', 'manual__2023-03-16T15:34:53.613300+00:00', '--job-id', '1414', '--raw', '--subdir', 'DAGS_FOLDER/dynamic_dag.py', '--cfg-path', '/tmp/tmp_9283nm_', '--error-file', '/tmp/tmp_9yefmr2']
[2023-03-16 15:34:54,944] {standard_task_runner.py:80} INFO - Job 1414: Subtask choose_best
[2023-03-16 15:34:55,038] {task_command.py:369} INFO - Running <TaskInstance: xcom_dag.choose_best manual__2023-03-16T15:34:53.613300+00:00 [running]> on host 596adcca7378
[2023-03-16 15:34:55,124] {taskinstance.py:1571} INFO - Exporting the following env vars:
AIRFLOW_CTX_DAG_OWNER=***
AIRFLOW_CTX_DAG_ID=xcom_dag
AIRFLOW_CTX_TASK_ID=choose_best
AIRFLOW_CTX_EXECUTION_DATE=2023-03-16T15:34:53.613300+00:00
AIRFLOW_CTX_TRY_NUMBER=1
AIRFLOW_CTX_DAG_RUN_ID=manual__2023-03-16T15:34:53.613300+00:00
[2023-03-16 15:34:55,145] {python.py:173} INFO - Done. Returned value was: None
[2023-03-16 15:34:55,168] {taskinstance.py:1400} INFO - Marking task as SUCCESS. dag_id=xcom_dag, task_id=choose_best, execution_date=20230316T153453, start_date=20230316T153454, end_date=20230316T153455
[2023-03-16 15:34:55,199] {local_task_job.py:156} INFO - Task exited with return code 0
[2023-03-16 15:34:55,267] {local_task_job.py:273} INFO - 0 downstream tasks scheduled from follow-on schedule check
