[2023-04-23 09:36:34,082] {taskinstance.py:1159} INFO - Dependencies all met for <TaskInstance: multi_defence_dag.to_defence1 manual__2023-04-23T09:36:24.954875+00:00 [queued]>
[2023-04-23 09:36:34,105] {taskinstance.py:1159} INFO - Dependencies all met for <TaskInstance: multi_defence_dag.to_defence1 manual__2023-04-23T09:36:24.954875+00:00 [queued]>
[2023-04-23 09:36:34,105] {taskinstance.py:1356} INFO - 
--------------------------------------------------------------------------------
[2023-04-23 09:36:34,107] {taskinstance.py:1357} INFO - Starting attempt 1 of 2
[2023-04-23 09:36:34,108] {taskinstance.py:1358} INFO - 
--------------------------------------------------------------------------------
[2023-04-23 09:36:34,144] {taskinstance.py:1377} INFO - Executing <Task(BranchPythonOperator): to_defence1> on 2023-04-23 09:36:24.954875+00:00
[2023-04-23 09:36:34,157] {standard_task_runner.py:52} INFO - Started process 1295 to run task
[2023-04-23 09:36:34,169] {standard_task_runner.py:79} INFO - Running: ['***', 'tasks', 'run', 'multi_defence_dag', 'to_defence1', 'manual__2023-04-23T09:36:24.954875+00:00', '--job-id', '6122', '--raw', '--subdir', 'DAGS_FOLDER/defence_dag.py', '--cfg-path', '/tmp/tmpac5skjxd', '--error-file', '/tmp/tmpvqrtca5g']
[2023-04-23 09:36:34,171] {standard_task_runner.py:80} INFO - Job 6122: Subtask to_defence1
[2023-04-23 09:36:34,294] {task_command.py:369} INFO - Running <TaskInstance: multi_defence_dag.to_defence1 manual__2023-04-23T09:36:24.954875+00:00 [running]> on host a3dd7d962104
[2023-04-23 09:36:34,534] {taskinstance.py:1571} INFO - Exporting the following env vars:
AIRFLOW_CTX_DAG_OWNER=***
AIRFLOW_CTX_DAG_ID=multi_defence_dag
AIRFLOW_CTX_TASK_ID=to_defence1
AIRFLOW_CTX_EXECUTION_DATE=2023-04-23T09:36:24.954875+00:00
AIRFLOW_CTX_TRY_NUMBER=1
AIRFLOW_CTX_DAG_RUN_ID=manual__2023-04-23T09:36:24.954875+00:00
[2023-04-23 09:36:34,562] {python.py:173} INFO - Done. Returned value was: Defence1
[2023-04-23 09:36:34,563] {skipmixin.py:140} INFO - Following branch Defence1
[2023-04-23 09:36:34,564] {skipmixin.py:175} INFO - Skipping tasks ['default']
[2023-04-23 09:36:34,693] {taskinstance.py:1400} INFO - Marking task as SUCCESS. dag_id=multi_defence_dag, task_id=to_defence1, execution_date=20230423T093624, start_date=20230423T093634, end_date=20230423T093634
[2023-04-23 09:36:34,752] {local_task_job.py:156} INFO - Task exited with return code 0
[2023-04-23 09:36:34,905] {local_task_job.py:273} INFO - 1 downstream tasks scheduled from follow-on schedule check
