[2023-04-30 08:32:18,178] {taskinstance.py:1159} INFO - Dependencies all met for <TaskInstance: multi_defence_dag.choose_best manual__2023-04-30T08:32:02.020681+00:00 [queued]>
[2023-04-30 08:32:18,191] {taskinstance.py:1159} INFO - Dependencies all met for <TaskInstance: multi_defence_dag.choose_best manual__2023-04-30T08:32:02.020681+00:00 [queued]>
[2023-04-30 08:32:18,192] {taskinstance.py:1356} INFO - 
--------------------------------------------------------------------------------
[2023-04-30 08:32:18,197] {taskinstance.py:1357} INFO - Starting attempt 1 of 2
[2023-04-30 08:32:18,198] {taskinstance.py:1358} INFO - 
--------------------------------------------------------------------------------
[2023-04-30 08:32:18,214] {taskinstance.py:1377} INFO - Executing <Task(PythonOperator): choose_best> on 2023-04-30 08:32:02.020681+00:00
[2023-04-30 08:32:18,223] {standard_task_runner.py:52} INFO - Started process 2193 to run task
[2023-04-30 08:32:18,227] {standard_task_runner.py:79} INFO - Running: ['***', 'tasks', 'run', 'multi_defence_dag', 'choose_best', 'manual__2023-04-30T08:32:02.020681+00:00', '--job-id', '7197', '--raw', '--subdir', 'DAGS_FOLDER/defence_dag.py', '--cfg-path', '/tmp/tmpb0aizaey', '--error-file', '/tmp/tmppz76jidi']
[2023-04-30 08:32:18,228] {standard_task_runner.py:80} INFO - Job 7197: Subtask choose_best
[2023-04-30 08:32:18,295] {task_command.py:369} INFO - Running <TaskInstance: multi_defence_dag.choose_best manual__2023-04-30T08:32:02.020681+00:00 [running]> on host e7e31d5a6603
[2023-04-30 08:32:18,397] {taskinstance.py:1571} INFO - Exporting the following env vars:
AIRFLOW_CTX_DAG_OWNER=***
AIRFLOW_CTX_DAG_ID=multi_defence_dag
AIRFLOW_CTX_TASK_ID=choose_best
AIRFLOW_CTX_EXECUTION_DATE=2023-04-30T08:32:02.020681+00:00
AIRFLOW_CTX_TRY_NUMBER=1
AIRFLOW_CTX_DAG_RUN_ID=manual__2023-04-30T08:32:02.020681+00:00
[2023-04-30 08:32:18,458] {transport.py:157} INFO - Attempting refresh to obtain initial access_token
[2023-04-30 08:32:18,461] {client.py:777} INFO - Refreshing access_token
[2023-04-30 08:32:19,301] {transport.py:157} INFO - Attempting refresh to obtain initial access_token
[2023-04-30 08:32:19,304] {client.py:777} INFO - Refreshing access_token
[2023-04-30 08:32:19,796] {python.py:173} INFO - Done. Returned value was: None
[2023-04-30 08:32:19,814] {taskinstance.py:1400} INFO - Marking task as SUCCESS. dag_id=multi_defence_dag, task_id=choose_best, execution_date=20230430T083202, start_date=20230430T083218, end_date=20230430T083219
[2023-04-30 08:32:19,847] {local_task_job.py:156} INFO - Task exited with return code 0
[2023-04-30 08:32:19,877] {local_task_job.py:273} INFO - 1 downstream tasks scheduled from follow-on schedule check
