[2023-03-23 15:16:33,754] {taskinstance.py:1159} INFO - Dependencies all met for <TaskInstance: multi_defence_dag.choose_best manual__2023-03-23T15:16:09.085439+00:00 [queued]>
[2023-03-23 15:16:33,796] {taskinstance.py:1159} INFO - Dependencies all met for <TaskInstance: multi_defence_dag.choose_best manual__2023-03-23T15:16:09.085439+00:00 [queued]>
[2023-03-23 15:16:33,797] {taskinstance.py:1356} INFO - 
--------------------------------------------------------------------------------
[2023-03-23 15:16:33,804] {taskinstance.py:1357} INFO - Starting attempt 1 of 2
[2023-03-23 15:16:33,805] {taskinstance.py:1358} INFO - 
--------------------------------------------------------------------------------
[2023-03-23 15:16:33,874] {taskinstance.py:1377} INFO - Executing <Task(PythonOperator): choose_best> on 2023-03-23 15:16:09.085439+00:00
[2023-03-23 15:16:33,891] {standard_task_runner.py:52} INFO - Started process 11860 to run task
[2023-03-23 15:16:33,907] {standard_task_runner.py:79} INFO - Running: ['***', 'tasks', 'run', 'multi_defence_dag', 'choose_best', 'manual__2023-03-23T15:16:09.085439+00:00', '--job-id', '2947', '--raw', '--subdir', 'DAGS_FOLDER/defence_dag.py', '--cfg-path', '/tmp/tmpcz6epg6j', '--error-file', '/tmp/tmpeomceeur']
[2023-03-23 15:16:33,913] {standard_task_runner.py:80} INFO - Job 2947: Subtask choose_best
[2023-03-23 15:16:34,152] {task_command.py:369} INFO - Running <TaskInstance: multi_defence_dag.choose_best manual__2023-03-23T15:16:09.085439+00:00 [running]> on host 6447f1dacd32
[2023-03-23 15:16:34,442] {taskinstance.py:1571} INFO - Exporting the following env vars:
AIRFLOW_CTX_DAG_OWNER=***
AIRFLOW_CTX_DAG_ID=multi_defence_dag
AIRFLOW_CTX_TASK_ID=choose_best
AIRFLOW_CTX_EXECUTION_DATE=2023-03-23T15:16:09.085439+00:00
AIRFLOW_CTX_TRY_NUMBER=1
AIRFLOW_CTX_DAG_RUN_ID=manual__2023-03-23T15:16:09.085439+00:00
[2023-03-23 15:16:34,688] {transport.py:157} INFO - Attempting refresh to obtain initial access_token
[2023-03-23 15:16:34,706] {client.py:777} INFO - Refreshing access_token
[2023-03-23 15:16:35,943] {python.py:173} INFO - Done. Returned value was: None
[2023-03-23 15:16:35,980] {taskinstance.py:1400} INFO - Marking task as SUCCESS. dag_id=multi_defence_dag, task_id=choose_best, execution_date=20230323T151609, start_date=20230323T151633, end_date=20230323T151635
[2023-03-23 15:16:36,057] {local_task_job.py:156} INFO - Task exited with return code 0
[2023-03-23 15:16:36,237] {local_task_job.py:273} INFO - 1 downstream tasks scheduled from follow-on schedule check
