[2023-03-23 09:30:15,609] {taskinstance.py:1159} INFO - Dependencies all met for <TaskInstance: defence_dag2.storing manual__2023-03-23T09:30:14.392092+00:00 [queued]>
[2023-03-23 09:30:15,618] {taskinstance.py:1159} INFO - Dependencies all met for <TaskInstance: defence_dag2.storing manual__2023-03-23T09:30:14.392092+00:00 [queued]>
[2023-03-23 09:30:15,618] {taskinstance.py:1356} INFO - 
--------------------------------------------------------------------------------
[2023-03-23 09:30:15,619] {taskinstance.py:1357} INFO - Starting attempt 1 of 1
[2023-03-23 09:30:15,619] {taskinstance.py:1358} INFO - 
--------------------------------------------------------------------------------
[2023-03-23 09:30:15,631] {taskinstance.py:1377} INFO - Executing <Task(BashOperator): storing> on 2023-03-23 09:30:14.392092+00:00
[2023-03-23 09:30:15,636] {standard_task_runner.py:52} INFO - Started process 120 to run task
[2023-03-23 09:30:15,638] {standard_task_runner.py:79} INFO - Running: ['***', 'tasks', 'run', 'defence_dag2', 'storing', 'manual__2023-03-23T09:30:14.392092+00:00', '--job-id', '2288', '--raw', '--subdir', 'DAGS_FOLDER/defese.py', '--cfg-path', '/tmp/tmp8wmcrzz4', '--error-file', '/tmp/tmpc86m1p55']
[2023-03-23 09:30:15,639] {standard_task_runner.py:80} INFO - Job 2288: Subtask storing
[2023-03-23 09:30:15,688] {task_command.py:369} INFO - Running <TaskInstance: defence_dag2.storing manual__2023-03-23T09:30:14.392092+00:00 [running]> on host 6447f1dacd32
[2023-03-23 09:30:15,752] {taskinstance.py:1571} INFO - Exporting the following env vars:
AIRFLOW_CTX_DAG_OWNER=***
AIRFLOW_CTX_DAG_ID=defence_dag2
AIRFLOW_CTX_TASK_ID=storing
AIRFLOW_CTX_EXECUTION_DATE=2023-03-23T09:30:14.392092+00:00
AIRFLOW_CTX_TRY_NUMBER=1
AIRFLOW_CTX_DAG_RUN_ID=manual__2023-03-23T09:30:14.392092+00:00
[2023-03-23 09:30:15,754] {subprocess.py:62} INFO - Tmp dir root location: 
 /tmp
[2023-03-23 09:30:15,754] {subprocess.py:74} INFO - Running command: ['bash', '-c', 'sleep 1']
[2023-03-23 09:30:15,763] {subprocess.py:85} INFO - Output:
[2023-03-23 09:30:16,765] {subprocess.py:96} INFO - Command exited with return code 0
[2023-03-23 09:30:16,803] {taskinstance.py:1400} INFO - Marking task as SUCCESS. dag_id=defence_dag2, task_id=storing, execution_date=20230323T093014, start_date=20230323T093015, end_date=20230323T093016
[2023-03-23 09:30:16,860] {local_task_job.py:156} INFO - Task exited with return code 0
[2023-03-23 09:30:16,912] {local_task_job.py:273} INFO - 1 downstream tasks scheduled from follow-on schedule check
