[2023-03-23 15:07:04,639] {taskinstance.py:1159} INFO - Dependencies all met for <TaskInstance: multi_defence_dag.Defence2 manual__2023-03-23T15:06:36.030711+00:00 [queued]>
[2023-03-23 15:07:04,729] {taskinstance.py:1159} INFO - Dependencies all met for <TaskInstance: multi_defence_dag.Defence2 manual__2023-03-23T15:06:36.030711+00:00 [queued]>
[2023-03-23 15:07:04,732] {taskinstance.py:1356} INFO - 
--------------------------------------------------------------------------------
[2023-03-23 15:07:04,738] {taskinstance.py:1357} INFO - Starting attempt 1 of 2
[2023-03-23 15:07:04,742] {taskinstance.py:1358} INFO - 
--------------------------------------------------------------------------------
[2023-03-23 15:07:05,333] {taskinstance.py:1377} INFO - Executing <Task(PythonOperator): Defence2> on 2023-03-23 15:06:36.030711+00:00
[2023-03-23 15:07:05,363] {standard_task_runner.py:52} INFO - Started process 11303 to run task
[2023-03-23 15:07:05,380] {standard_task_runner.py:79} INFO - Running: ['***', 'tasks', 'run', 'multi_defence_dag', 'Defence2', 'manual__2023-03-23T15:06:36.030711+00:00', '--job-id', '2803', '--raw', '--subdir', 'DAGS_FOLDER/defence_dag.py', '--cfg-path', '/tmp/tmpu2rid0tm', '--error-file', '/tmp/tmp8ekdcgyp']
[2023-03-23 15:07:05,384] {standard_task_runner.py:80} INFO - Job 2803: Subtask Defence2
[2023-03-23 15:07:05,870] {task_command.py:369} INFO - Running <TaskInstance: multi_defence_dag.Defence2 manual__2023-03-23T15:06:36.030711+00:00 [running]> on host 6447f1dacd32
[2023-03-23 15:07:06,693] {taskinstance.py:1571} INFO - Exporting the following env vars:
AIRFLOW_CTX_DAG_OWNER=***
AIRFLOW_CTX_DAG_ID=multi_defence_dag
AIRFLOW_CTX_TASK_ID=Defence2
AIRFLOW_CTX_EXECUTION_DATE=2023-03-23T15:06:36.030711+00:00
AIRFLOW_CTX_TRY_NUMBER=1
AIRFLOW_CTX_DAG_RUN_ID=manual__2023-03-23T15:06:36.030711+00:00
[2023-03-23 15:07:07,468] {python.py:173} INFO - Done. Returned value was: None
[2023-03-23 15:07:07,563] {taskinstance.py:1400} INFO - Marking task as SUCCESS. dag_id=multi_defence_dag, task_id=Defence2, execution_date=20230323T150636, start_date=20230323T150704, end_date=20230323T150707
[2023-03-23 15:07:07,717] {local_task_job.py:156} INFO - Task exited with return code 0
[2023-03-23 15:07:08,368] {local_task_job.py:273} INFO - 0 downstream tasks scheduled from follow-on schedule check
