[2023-04-18 08:03:52,751] {taskinstance.py:1159} INFO - Dependencies all met for <TaskInstance: multi_attack_dag.to_attack_BasicIterativeMethod manual__2023-04-18T07:58:29.552809+00:00 [queued]>
[2023-04-18 08:03:52,803] {taskinstance.py:1159} INFO - Dependencies all met for <TaskInstance: multi_attack_dag.to_attack_BasicIterativeMethod manual__2023-04-18T07:58:29.552809+00:00 [queued]>
[2023-04-18 08:03:52,842] {taskinstance.py:1356} INFO - 
--------------------------------------------------------------------------------
[2023-04-18 08:03:52,845] {taskinstance.py:1357} INFO - Starting attempt 1 of 2
[2023-04-18 08:03:52,852] {taskinstance.py:1358} INFO - 
--------------------------------------------------------------------------------
[2023-04-18 08:03:53,014] {taskinstance.py:1377} INFO - Executing <Task(BranchPythonOperator): to_attack_BasicIterativeMethod> on 2023-04-18 07:58:29.552809+00:00
[2023-04-18 08:03:53,050] {standard_task_runner.py:52} INFO - Started process 5625 to run task
[2023-04-18 08:03:53,096] {standard_task_runner.py:79} INFO - Running: ['***', 'tasks', 'run', 'multi_attack_dag', 'to_attack_BasicIterativeMethod', 'manual__2023-04-18T07:58:29.552809+00:00', '--job-id', '5607', '--raw', '--subdir', 'DAGS_FOLDER/attack_dag.py', '--cfg-path', '/tmp/tmpxpwp7bhk', '--error-file', '/tmp/tmp7snhprpq']
[2023-04-18 08:03:53,100] {standard_task_runner.py:80} INFO - Job 5607: Subtask to_attack_BasicIterativeMethod
[2023-04-18 08:03:53,343] {task_command.py:369} INFO - Running <TaskInstance: multi_attack_dag.to_attack_BasicIterativeMethod manual__2023-04-18T07:58:29.552809+00:00 [running]> on host a3dd7d962104
[2023-04-18 08:03:53,835] {taskinstance.py:1571} INFO - Exporting the following env vars:
AIRFLOW_CTX_DAG_OWNER=***
AIRFLOW_CTX_DAG_ID=multi_attack_dag
AIRFLOW_CTX_TASK_ID=to_attack_BasicIterativeMethod
AIRFLOW_CTX_EXECUTION_DATE=2023-04-18T07:58:29.552809+00:00
AIRFLOW_CTX_TRY_NUMBER=1
AIRFLOW_CTX_DAG_RUN_ID=manual__2023-04-18T07:58:29.552809+00:00
[2023-04-18 08:03:53,886] {python.py:173} INFO - Done. Returned value was: attack_BasicIterativeMethod
[2023-04-18 08:03:53,888] {skipmixin.py:140} INFO - Following branch attack_BasicIterativeMethod
[2023-04-18 08:03:53,889] {skipmixin.py:175} INFO - Skipping tasks ['default']
[2023-04-18 08:03:54,068] {taskinstance.py:1400} INFO - Marking task as SUCCESS. dag_id=multi_attack_dag, task_id=to_attack_BasicIterativeMethod, execution_date=20230418T075829, start_date=20230418T080352, end_date=20230418T080354
[2023-04-18 08:03:54,135] {local_task_job.py:156} INFO - Task exited with return code 0
[2023-04-18 08:03:54,316] {local_task_job.py:273} INFO - 1 downstream tasks scheduled from follow-on schedule check
