[2023-03-16 11:58:00,151] {taskinstance.py:1159} INFO - Dependencies all met for <TaskInstance: defence_dag.storing manual__2023-03-12T15:52:38.442126+00:00 [queued]>
[2023-03-16 11:58:00,227] {taskinstance.py:1159} INFO - Dependencies all met for <TaskInstance: defence_dag.storing manual__2023-03-12T15:52:38.442126+00:00 [queued]>
[2023-03-16 11:58:00,231] {taskinstance.py:1356} INFO - 
--------------------------------------------------------------------------------
[2023-03-16 11:58:00,234] {taskinstance.py:1357} INFO - Starting attempt 2 of 2
[2023-03-16 11:58:00,235] {taskinstance.py:1358} INFO - 
--------------------------------------------------------------------------------
[2023-03-16 11:58:00,401] {taskinstance.py:1377} INFO - Executing <Task(BashOperator): storing> on 2023-03-12 15:52:38.442126+00:00
[2023-03-16 11:58:00,423] {standard_task_runner.py:52} INFO - Started process 1211 to run task
[2023-03-16 11:58:00,452] {standard_task_runner.py:79} INFO - Running: ['***', 'tasks', 'run', 'defence_dag', 'storing', 'manual__2023-03-12T15:52:38.442126+00:00', '--job-id', '1176', '--raw', '--subdir', 'DAGS_FOLDER/defese.py', '--cfg-path', '/tmp/tmpyaqglnsh', '--error-file', '/tmp/tmpwhju4yln']
[2023-03-16 11:58:00,454] {standard_task_runner.py:80} INFO - Job 1176: Subtask storing
[2023-03-16 11:58:00,820] {task_command.py:369} INFO - Running <TaskInstance: defence_dag.storing manual__2023-03-12T15:52:38.442126+00:00 [running]> on host 596adcca7378
[2023-03-16 11:58:01,158] {taskinstance.py:1571} INFO - Exporting the following env vars:
AIRFLOW_CTX_DAG_OWNER=***
AIRFLOW_CTX_DAG_ID=defence_dag
AIRFLOW_CTX_TASK_ID=storing
AIRFLOW_CTX_EXECUTION_DATE=2023-03-12T15:52:38.442126+00:00
AIRFLOW_CTX_TRY_NUMBER=2
AIRFLOW_CTX_DAG_RUN_ID=manual__2023-03-12T15:52:38.442126+00:00
[2023-03-16 11:58:01,165] {subprocess.py:62} INFO - Tmp dir root location: 
 /tmp
[2023-03-16 11:58:01,166] {subprocess.py:74} INFO - Running command: ['bash', '-c', 'sleep 1']
[2023-03-16 11:58:01,192] {subprocess.py:85} INFO - Output:
[2023-03-16 11:58:02,213] {subprocess.py:96} INFO - Command exited with return code 0
[2023-03-16 11:58:02,379] {taskinstance.py:1400} INFO - Marking task as SUCCESS. dag_id=defence_dag, task_id=storing, execution_date=20230312T155238, start_date=20230316T115800, end_date=20230316T115802
[2023-03-16 11:58:02,503] {local_task_job.py:156} INFO - Task exited with return code 0
[2023-03-16 11:58:02,924] {local_task_job.py:273} INFO - 0 downstream tasks scheduled from follow-on schedule check
