[2023-03-23 15:33:26,618] {taskinstance.py:1159} INFO - Dependencies all met for <TaskInstance: multi_defence_dag.to_defence3 manual__2023-03-23T15:33:22.860429+00:00 [queued]>
[2023-03-23 15:33:26,634] {taskinstance.py:1159} INFO - Dependencies all met for <TaskInstance: multi_defence_dag.to_defence3 manual__2023-03-23T15:33:22.860429+00:00 [queued]>
[2023-03-23 15:33:26,634] {taskinstance.py:1356} INFO - 
--------------------------------------------------------------------------------
[2023-03-23 15:33:26,636] {taskinstance.py:1357} INFO - Starting attempt 1 of 2
[2023-03-23 15:33:26,636] {taskinstance.py:1358} INFO - 
--------------------------------------------------------------------------------
[2023-03-23 15:33:26,660] {taskinstance.py:1377} INFO - Executing <Task(BranchPythonOperator): to_defence3> on 2023-03-23 15:33:22.860429+00:00
[2023-03-23 15:33:26,667] {standard_task_runner.py:52} INFO - Started process 12708 to run task
[2023-03-23 15:33:26,674] {standard_task_runner.py:79} INFO - Running: ['***', 'tasks', 'run', 'multi_defence_dag', 'to_defence3', 'manual__2023-03-23T15:33:22.860429+00:00', '--job-id', '3249', '--raw', '--subdir', 'DAGS_FOLDER/defence_dag.py', '--cfg-path', '/tmp/tmps08ccfpn', '--error-file', '/tmp/tmpcanzt_zc']
[2023-03-23 15:33:26,677] {standard_task_runner.py:80} INFO - Job 3249: Subtask to_defence3
[2023-03-23 15:33:26,792] {task_command.py:369} INFO - Running <TaskInstance: multi_defence_dag.to_defence3 manual__2023-03-23T15:33:22.860429+00:00 [running]> on host 6447f1dacd32
[2023-03-23 15:33:26,927] {taskinstance.py:1571} INFO - Exporting the following env vars:
AIRFLOW_CTX_DAG_OWNER=***
AIRFLOW_CTX_DAG_ID=multi_defence_dag
AIRFLOW_CTX_TASK_ID=to_defence3
AIRFLOW_CTX_EXECUTION_DATE=2023-03-23T15:33:22.860429+00:00
AIRFLOW_CTX_TRY_NUMBER=1
AIRFLOW_CTX_DAG_RUN_ID=manual__2023-03-23T15:33:22.860429+00:00
[2023-03-23 15:33:26,946] {python.py:173} INFO - Done. Returned value was: Defence3
[2023-03-23 15:33:26,947] {skipmixin.py:140} INFO - Following branch Defence3
[2023-03-23 15:33:26,949] {skipmixin.py:175} INFO - Skipping tasks ['default']
[2023-03-23 15:33:27,044] {taskinstance.py:1400} INFO - Marking task as SUCCESS. dag_id=multi_defence_dag, task_id=to_defence3, execution_date=20230323T153322, start_date=20230323T153326, end_date=20230323T153327
[2023-03-23 15:33:27,087] {local_task_job.py:156} INFO - Task exited with return code 0
[2023-03-23 15:33:27,228] {local_task_job.py:273} INFO - 1 downstream tasks scheduled from follow-on schedule check
