[2023-03-28 09:53:56,311] {taskinstance.py:1159} INFO - Dependencies all met for <TaskInstance: defence_dag2.storing manual__2023-03-28T09:53:55.252359+00:00 [queued]>
[2023-03-28 09:53:56,326] {taskinstance.py:1159} INFO - Dependencies all met for <TaskInstance: defence_dag2.storing manual__2023-03-28T09:53:55.252359+00:00 [queued]>
[2023-03-28 09:53:56,326] {taskinstance.py:1356} INFO - 
--------------------------------------------------------------------------------
[2023-03-28 09:53:56,328] {taskinstance.py:1357} INFO - Starting attempt 1 of 1
[2023-03-28 09:53:56,332] {taskinstance.py:1358} INFO - 
--------------------------------------------------------------------------------
[2023-03-28 09:53:56,351] {taskinstance.py:1377} INFO - Executing <Task(BashOperator): storing> on 2023-03-28 09:53:55.252359+00:00
[2023-03-28 09:53:56,357] {standard_task_runner.py:52} INFO - Started process 727 to run task
[2023-03-28 09:53:56,360] {standard_task_runner.py:79} INFO - Running: ['***', 'tasks', 'run', 'defence_dag2', 'storing', 'manual__2023-03-28T09:53:55.252359+00:00', '--job-id', '3990', '--raw', '--subdir', 'DAGS_FOLDER/defese.py', '--cfg-path', '/tmp/tmpi6zqdp93', '--error-file', '/tmp/tmp7fzy7v04']
[2023-03-28 09:53:56,361] {standard_task_runner.py:80} INFO - Job 3990: Subtask storing
[2023-03-28 09:53:56,415] {task_command.py:369} INFO - Running <TaskInstance: defence_dag2.storing manual__2023-03-28T09:53:55.252359+00:00 [running]> on host 70f8824ef075
[2023-03-28 09:53:56,491] {taskinstance.py:1571} INFO - Exporting the following env vars:
AIRFLOW_CTX_DAG_OWNER=***
AIRFLOW_CTX_DAG_ID=defence_dag2
AIRFLOW_CTX_TASK_ID=storing
AIRFLOW_CTX_EXECUTION_DATE=2023-03-28T09:53:55.252359+00:00
AIRFLOW_CTX_TRY_NUMBER=1
AIRFLOW_CTX_DAG_RUN_ID=manual__2023-03-28T09:53:55.252359+00:00
[2023-03-28 09:53:56,493] {subprocess.py:62} INFO - Tmp dir root location: 
 /tmp
[2023-03-28 09:53:56,494] {subprocess.py:74} INFO - Running command: ['bash', '-c', 'sleep 1']
[2023-03-28 09:53:56,505] {subprocess.py:85} INFO - Output:
[2023-03-28 09:53:57,507] {subprocess.py:96} INFO - Command exited with return code 0
[2023-03-28 09:53:57,555] {taskinstance.py:1400} INFO - Marking task as SUCCESS. dag_id=defence_dag2, task_id=storing, execution_date=20230328T095355, start_date=20230328T095356, end_date=20230328T095357
[2023-03-28 09:53:57,580] {local_task_job.py:156} INFO - Task exited with return code 0
[2023-03-28 09:53:57,644] {local_task_job.py:273} INFO - 1 downstream tasks scheduled from follow-on schedule check
