[2023-04-30 07:59:11,316] {taskinstance.py:1159} INFO - Dependencies all met for <TaskInstance: multi_defence_dag.to_defence1 scheduled__2023-04-29T00:00:00+00:00 [queued]>
[2023-04-30 07:59:11,438] {taskinstance.py:1159} INFO - Dependencies all met for <TaskInstance: multi_defence_dag.to_defence1 scheduled__2023-04-29T00:00:00+00:00 [queued]>
[2023-04-30 07:59:11,448] {taskinstance.py:1356} INFO - 
--------------------------------------------------------------------------------
[2023-04-30 07:59:11,454] {taskinstance.py:1357} INFO - Starting attempt 1 of 2
[2023-04-30 07:59:11,455] {taskinstance.py:1358} INFO - 
--------------------------------------------------------------------------------
[2023-04-30 07:59:11,735] {taskinstance.py:1377} INFO - Executing <Task(BranchPythonOperator): to_defence1> on 2023-04-29 00:00:00+00:00
[2023-04-30 07:59:11,845] {standard_task_runner.py:52} INFO - Started process 201 to run task
[2023-04-30 07:59:11,874] {standard_task_runner.py:79} INFO - Running: ['***', 'tasks', 'run', 'multi_defence_dag', 'to_defence1', 'scheduled__2023-04-29T00:00:00+00:00', '--job-id', '7026', '--raw', '--subdir', 'DAGS_FOLDER/defence_dag.py', '--cfg-path', '/tmp/tmpb26b4evk', '--error-file', '/tmp/tmp34qpde2r']
[2023-04-30 07:59:11,891] {standard_task_runner.py:80} INFO - Job 7026: Subtask to_defence1
[2023-04-30 07:59:12,183] {task_command.py:369} INFO - Running <TaskInstance: multi_defence_dag.to_defence1 scheduled__2023-04-29T00:00:00+00:00 [running]> on host e7e31d5a6603
[2023-04-30 07:59:12,460] {taskinstance.py:1571} INFO - Exporting the following env vars:
AIRFLOW_CTX_DAG_OWNER=***
AIRFLOW_CTX_DAG_ID=multi_defence_dag
AIRFLOW_CTX_TASK_ID=to_defence1
AIRFLOW_CTX_EXECUTION_DATE=2023-04-29T00:00:00+00:00
AIRFLOW_CTX_TRY_NUMBER=1
AIRFLOW_CTX_DAG_RUN_ID=scheduled__2023-04-29T00:00:00+00:00
[2023-04-30 07:59:12,489] {python.py:173} INFO - Done. Returned value was: Defence1
[2023-04-30 07:59:12,492] {skipmixin.py:140} INFO - Following branch Defence1
[2023-04-30 07:59:12,496] {skipmixin.py:175} INFO - Skipping tasks ['default']
[2023-04-30 07:59:12,895] {taskinstance.py:1400} INFO - Marking task as SUCCESS. dag_id=multi_defence_dag, task_id=to_defence1, execution_date=20230429T000000, start_date=20230430T075911, end_date=20230430T075912
[2023-04-30 07:59:13,058] {local_task_job.py:156} INFO - Task exited with return code 0
[2023-04-30 07:59:13,378] {local_task_job.py:273} INFO - 1 downstream tasks scheduled from follow-on schedule check
