[2023-03-12 15:19:52,117] {taskinstance.py:1159} INFO - Dependencies all met for <TaskInstance: defence_dag.storing manual__2023-03-12T15:19:50.083730+00:00 [queued]>
[2023-03-12 15:19:52,125] {taskinstance.py:1159} INFO - Dependencies all met for <TaskInstance: defence_dag.storing manual__2023-03-12T15:19:50.083730+00:00 [queued]>
[2023-03-12 15:19:52,126] {taskinstance.py:1356} INFO - 
--------------------------------------------------------------------------------
[2023-03-12 15:19:52,126] {taskinstance.py:1357} INFO - Starting attempt 1 of 1
[2023-03-12 15:19:52,127] {taskinstance.py:1358} INFO - 
--------------------------------------------------------------------------------
[2023-03-12 15:19:52,137] {taskinstance.py:1377} INFO - Executing <Task(BashOperator): storing> on 2023-03-12 15:19:50.083730+00:00
[2023-03-12 15:19:52,141] {standard_task_runner.py:52} INFO - Started process 276 to run task
[2023-03-12 15:19:52,143] {standard_task_runner.py:79} INFO - Running: ['***', 'tasks', 'run', 'defence_dag', 'storing', 'manual__2023-03-12T15:19:50.083730+00:00', '--job-id', '484', '--raw', '--subdir', 'DAGS_FOLDER/defese.py', '--cfg-path', '/tmp/tmpyq9_n5s0', '--error-file', '/tmp/tmpn77r5bq4']
[2023-03-12 15:19:52,144] {standard_task_runner.py:80} INFO - Job 484: Subtask storing
[2023-03-12 15:19:52,185] {task_command.py:369} INFO - Running <TaskInstance: defence_dag.storing manual__2023-03-12T15:19:50.083730+00:00 [running]> on host 596adcca7378
[2023-03-12 15:19:52,240] {taskinstance.py:1571} INFO - Exporting the following env vars:
AIRFLOW_CTX_DAG_OWNER=***
AIRFLOW_CTX_DAG_ID=defence_dag
AIRFLOW_CTX_TASK_ID=storing
AIRFLOW_CTX_EXECUTION_DATE=2023-03-12T15:19:50.083730+00:00
AIRFLOW_CTX_TRY_NUMBER=1
AIRFLOW_CTX_DAG_RUN_ID=manual__2023-03-12T15:19:50.083730+00:00
[2023-03-12 15:19:52,241] {subprocess.py:62} INFO - Tmp dir root location: 
 /tmp
[2023-03-12 15:19:52,242] {subprocess.py:74} INFO - Running command: ['bash', '-c', 'sleep 1']
[2023-03-12 15:19:52,249] {subprocess.py:85} INFO - Output:
[2023-03-12 15:19:53,251] {subprocess.py:96} INFO - Command exited with return code 0
[2023-03-12 15:19:53,283] {taskinstance.py:1400} INFO - Marking task as SUCCESS. dag_id=defence_dag, task_id=storing, execution_date=20230312T151950, start_date=20230312T151952, end_date=20230312T151953
[2023-03-12 15:19:53,324] {local_task_job.py:156} INFO - Task exited with return code 0
[2023-03-12 15:19:53,365] {local_task_job.py:273} INFO - 1 downstream tasks scheduled from follow-on schedule check
