[2023-03-16 11:56:48,701] {taskinstance.py:1159} INFO - Dependencies all met for <TaskInstance: defence_dag.storing manual__2023-03-12T15:18:58.976927+00:00 [None]>
[2023-03-16 11:56:48,747] {taskinstance.py:1159} INFO - Dependencies all met for <TaskInstance: defence_dag.storing manual__2023-03-12T15:18:58.976927+00:00 [None]>
[2023-03-16 11:56:48,749] {taskinstance.py:1356} INFO - 
--------------------------------------------------------------------------------
[2023-03-16 11:56:48,750] {taskinstance.py:1357} INFO - Starting attempt 2 of 2
[2023-03-16 11:56:48,751] {taskinstance.py:1358} INFO - 
--------------------------------------------------------------------------------
[2023-03-16 11:56:48,935] {taskinstance.py:1377} INFO - Executing <Task(BashOperator): storing> on 2023-03-12 15:18:58.976927+00:00
[2023-03-16 11:56:48,957] {standard_task_runner.py:52} INFO - Started process 757 to run task
[2023-03-16 11:56:49,004] {standard_task_runner.py:79} INFO - Running: ['***', 'tasks', 'run', 'defence_dag', 'storing', 'manual__2023-03-12T15:18:58.976927+00:00', '--job-id', '999', '--raw', '--subdir', 'DAGS_FOLDER/defese.py', '--cfg-path', '/tmp/tmpr5rd4tfa', '--error-file', '/tmp/tmpylwv34be']
[2023-03-16 11:56:49,006] {standard_task_runner.py:80} INFO - Job 999: Subtask storing
[2023-03-16 11:56:49,232] {task_command.py:369} INFO - Running <TaskInstance: defence_dag.storing manual__2023-03-12T15:18:58.976927+00:00 [running]> on host 596adcca7378
[2023-03-16 11:56:49,829] {taskinstance.py:1571} INFO - Exporting the following env vars:
AIRFLOW_CTX_DAG_OWNER=***
AIRFLOW_CTX_DAG_ID=defence_dag
AIRFLOW_CTX_TASK_ID=storing
AIRFLOW_CTX_EXECUTION_DATE=2023-03-12T15:18:58.976927+00:00
AIRFLOW_CTX_TRY_NUMBER=2
AIRFLOW_CTX_DAG_RUN_ID=manual__2023-03-12T15:18:58.976927+00:00
[2023-03-16 11:56:49,831] {subprocess.py:62} INFO - Tmp dir root location: 
 /tmp
[2023-03-16 11:56:49,887] {subprocess.py:74} INFO - Running command: ['bash', '-c', 'sleep 1']
[2023-03-16 11:56:49,998] {subprocess.py:85} INFO - Output:
[2023-03-16 11:56:51,118] {subprocess.py:96} INFO - Command exited with return code 0
[2023-03-16 11:56:51,477] {taskinstance.py:1400} INFO - Marking task as SUCCESS. dag_id=defence_dag, task_id=storing, execution_date=20230312T151858, start_date=20230316T115648, end_date=20230316T115651
[2023-03-16 11:56:51,551] {local_task_job.py:156} INFO - Task exited with return code 0
[2023-03-16 11:56:51,773] {local_task_job.py:273} INFO - 1 downstream tasks scheduled from follow-on schedule check
