[2023-03-28 10:49:50,225] {taskinstance.py:1159} INFO - Dependencies all met for <TaskInstance: attack_dag2.attack manual__2023-03-28T10:49:45.823380+00:00 [queued]>
[2023-03-28 10:49:50,252] {taskinstance.py:1159} INFO - Dependencies all met for <TaskInstance: attack_dag2.attack manual__2023-03-28T10:49:45.823380+00:00 [queued]>
[2023-03-28 10:49:50,253] {taskinstance.py:1356} INFO - 
--------------------------------------------------------------------------------
[2023-03-28 10:49:50,254] {taskinstance.py:1357} INFO - Starting attempt 1 of 1
[2023-03-28 10:49:50,255] {taskinstance.py:1358} INFO - 
--------------------------------------------------------------------------------
[2023-03-28 10:49:50,296] {taskinstance.py:1377} INFO - Executing <Task(PythonOperator): attack> on 2023-03-28 10:49:45.823380+00:00
[2023-03-28 10:49:50,313] {standard_task_runner.py:52} INFO - Started process 261 to run task
[2023-03-28 10:49:50,322] {standard_task_runner.py:79} INFO - Running: ['***', 'tasks', 'run', 'attack_dag2', 'attack', 'manual__2023-03-28T10:49:45.823380+00:00', '--job-id', '4463', '--raw', '--subdir', 'DAGS_FOLDER/attack.py', '--cfg-path', '/tmp/tmpczx0f6sq', '--error-file', '/tmp/tmp7b23kzml']
[2023-03-28 10:49:50,326] {standard_task_runner.py:80} INFO - Job 4463: Subtask attack
[2023-03-28 10:49:50,484] {task_command.py:369} INFO - Running <TaskInstance: attack_dag2.attack manual__2023-03-28T10:49:45.823380+00:00 [running]> on host a826a5b95b6c
[2023-03-28 10:49:50,655] {taskinstance.py:1571} INFO - Exporting the following env vars:
AIRFLOW_CTX_DAG_OWNER=***
AIRFLOW_CTX_DAG_ID=attack_dag2
AIRFLOW_CTX_TASK_ID=attack
AIRFLOW_CTX_EXECUTION_DATE=2023-03-28T10:49:45.823380+00:00
AIRFLOW_CTX_TRY_NUMBER=1
AIRFLOW_CTX_DAG_RUN_ID=manual__2023-03-28T10:49:45.823380+00:00
[2023-03-28 10:49:50,660] {transport.py:157} INFO - Attempting refresh to obtain initial access_token
[2023-03-28 10:49:50,665] {client.py:777} INFO - Refreshing access_token
[2023-03-28 10:49:51,715] {transport.py:157} INFO - Attempting refresh to obtain initial access_token
[2023-03-28 10:49:51,719] {client.py:777} INFO - Refreshing access_token
[2023-03-28 10:49:52,421] {python.py:173} INFO - Done. Returned value was: None
[2023-03-28 10:49:52,480] {taskinstance.py:1400} INFO - Marking task as SUCCESS. dag_id=attack_dag2, task_id=attack, execution_date=20230328T104945, start_date=20230328T104950, end_date=20230328T104952
[2023-03-28 10:49:52,550] {local_task_job.py:156} INFO - Task exited with return code 0
[2023-03-28 10:49:52,615] {local_task_job.py:273} INFO - 1 downstream tasks scheduled from follow-on schedule check
