[2023-04-23 09:19:52,178] {taskinstance.py:1159} INFO - Dependencies all met for <TaskInstance: multi_defence_dag.to_defence1 manual__2023-04-23T09:19:38.287675+00:00 [queued]>
[2023-04-23 09:19:52,252] {taskinstance.py:1159} INFO - Dependencies all met for <TaskInstance: multi_defence_dag.to_defence1 manual__2023-04-23T09:19:38.287675+00:00 [queued]>
[2023-04-23 09:19:52,254] {taskinstance.py:1356} INFO - 
--------------------------------------------------------------------------------
[2023-04-23 09:19:52,268] {taskinstance.py:1357} INFO - Starting attempt 1 of 2
[2023-04-23 09:19:52,268] {taskinstance.py:1358} INFO - 
--------------------------------------------------------------------------------
[2023-04-23 09:19:52,304] {taskinstance.py:1377} INFO - Executing <Task(BranchPythonOperator): to_defence1> on 2023-04-23 09:19:38.287675+00:00
[2023-04-23 09:19:52,321] {standard_task_runner.py:52} INFO - Started process 223 to run task
[2023-04-23 09:19:52,409] {standard_task_runner.py:79} INFO - Running: ['***', 'tasks', 'run', 'multi_defence_dag', 'to_defence1', 'manual__2023-04-23T09:19:38.287675+00:00', '--job-id', '6023', '--raw', '--subdir', 'DAGS_FOLDER/defence_dag.py', '--cfg-path', '/tmp/tmpdb820r3y', '--error-file', '/tmp/tmp9tjj_s5g']
[2023-04-23 09:19:52,413] {standard_task_runner.py:80} INFO - Job 6023: Subtask to_defence1
[2023-04-23 09:19:52,615] {task_command.py:369} INFO - Running <TaskInstance: multi_defence_dag.to_defence1 manual__2023-04-23T09:19:38.287675+00:00 [running]> on host a3dd7d962104
[2023-04-23 09:19:52,835] {taskinstance.py:1571} INFO - Exporting the following env vars:
AIRFLOW_CTX_DAG_OWNER=***
AIRFLOW_CTX_DAG_ID=multi_defence_dag
AIRFLOW_CTX_TASK_ID=to_defence1
AIRFLOW_CTX_EXECUTION_DATE=2023-04-23T09:19:38.287675+00:00
AIRFLOW_CTX_TRY_NUMBER=1
AIRFLOW_CTX_DAG_RUN_ID=manual__2023-04-23T09:19:38.287675+00:00
[2023-04-23 09:19:52,860] {python.py:173} INFO - Done. Returned value was: Defence1
[2023-04-23 09:19:52,861] {skipmixin.py:140} INFO - Following branch Defence1
[2023-04-23 09:19:52,862] {skipmixin.py:175} INFO - Skipping tasks ['default']
[2023-04-23 09:19:53,561] {taskinstance.py:1400} INFO - Marking task as SUCCESS. dag_id=multi_defence_dag, task_id=to_defence1, execution_date=20230423T091938, start_date=20230423T091952, end_date=20230423T091953
[2023-04-23 09:19:53,640] {local_task_job.py:156} INFO - Task exited with return code 0
[2023-04-23 09:19:53,758] {local_task_job.py:273} INFO - 1 downstream tasks scheduled from follow-on schedule check
