[2023-04-27 12:50:47,188] {taskinstance.py:1159} INFO - Dependencies all met for <TaskInstance: multi_defence_dag.Defence3 manual__2023-04-27T12:49:45.072276+00:00 [queued]>
[2023-04-27 12:50:47,341] {taskinstance.py:1159} INFO - Dependencies all met for <TaskInstance: multi_defence_dag.Defence3 manual__2023-04-27T12:49:45.072276+00:00 [queued]>
[2023-04-27 12:50:47,350] {taskinstance.py:1356} INFO - 
--------------------------------------------------------------------------------
[2023-04-27 12:50:47,355] {taskinstance.py:1357} INFO - Starting attempt 1 of 2
[2023-04-27 12:50:47,356] {taskinstance.py:1358} INFO - 
--------------------------------------------------------------------------------
[2023-04-27 12:50:47,605] {taskinstance.py:1377} INFO - Executing <Task(PythonOperator): Defence3> on 2023-04-27 12:49:45.072276+00:00
[2023-04-27 12:50:47,689] {standard_task_runner.py:52} INFO - Started process 403 to run task
[2023-04-27 12:50:47,711] {standard_task_runner.py:79} INFO - Running: ['***', 'tasks', 'run', 'multi_defence_dag', 'Defence3', 'manual__2023-04-27T12:49:45.072276+00:00', '--job-id', '6869', '--raw', '--subdir', 'DAGS_FOLDER/defence_dag.py', '--cfg-path', '/tmp/tmp2v8k77zo', '--error-file', '/tmp/tmpa5abe0qc']
[2023-04-27 12:50:47,720] {standard_task_runner.py:80} INFO - Job 6869: Subtask Defence3
[2023-04-27 12:50:48,947] {task_command.py:369} INFO - Running <TaskInstance: multi_defence_dag.Defence3 manual__2023-04-27T12:49:45.072276+00:00 [running]> on host e7e31d5a6603
[2023-04-27 12:50:50,472] {taskinstance.py:1571} INFO - Exporting the following env vars:
AIRFLOW_CTX_DAG_OWNER=***
AIRFLOW_CTX_DAG_ID=multi_defence_dag
AIRFLOW_CTX_TASK_ID=Defence3
AIRFLOW_CTX_EXECUTION_DATE=2023-04-27T12:49:45.072276+00:00
AIRFLOW_CTX_TRY_NUMBER=1
AIRFLOW_CTX_DAG_RUN_ID=manual__2023-04-27T12:49:45.072276+00:00
[2023-04-27 12:50:50,651] {python.py:173} INFO - Done. Returned value was: None
[2023-04-27 12:50:50,946] {taskinstance.py:1400} INFO - Marking task as SUCCESS. dag_id=multi_defence_dag, task_id=Defence3, execution_date=20230427T124945, start_date=20230427T125047, end_date=20230427T125050
[2023-04-27 12:50:51,283] {local_task_job.py:156} INFO - Task exited with return code 0
[2023-04-27 12:50:51,788] {local_task_job.py:273} INFO - 0 downstream tasks scheduled from follow-on schedule check
