[2023-04-09 12:49:31,013] {taskinstance.py:1159} INFO - Dependencies all met for <TaskInstance: multi_defence_dag.choose_best manual__2023-04-09T12:48:45.979523+00:00 [queued]>
[2023-04-09 12:49:31,049] {taskinstance.py:1159} INFO - Dependencies all met for <TaskInstance: multi_defence_dag.choose_best manual__2023-04-09T12:48:45.979523+00:00 [queued]>
[2023-04-09 12:49:31,049] {taskinstance.py:1356} INFO - 
--------------------------------------------------------------------------------
[2023-04-09 12:49:31,054] {taskinstance.py:1357} INFO - Starting attempt 1 of 2
[2023-04-09 12:49:31,055] {taskinstance.py:1358} INFO - 
--------------------------------------------------------------------------------
[2023-04-09 12:49:31,082] {taskinstance.py:1377} INFO - Executing <Task(PythonOperator): choose_best> on 2023-04-09 12:48:45.979523+00:00
[2023-04-09 12:49:31,098] {standard_task_runner.py:52} INFO - Started process 15120 to run task
[2023-04-09 12:49:31,106] {standard_task_runner.py:79} INFO - Running: ['***', 'tasks', 'run', 'multi_defence_dag', 'choose_best', 'manual__2023-04-09T12:48:45.979523+00:00', '--job-id', '5004', '--raw', '--subdir', 'DAGS_FOLDER/defence_dag.py', '--cfg-path', '/tmp/tmpoiqf3t2b', '--error-file', '/tmp/tmp9ba12bmz']
[2023-04-09 12:49:31,115] {standard_task_runner.py:80} INFO - Job 5004: Subtask choose_best
[2023-04-09 12:49:31,212] {task_command.py:369} INFO - Running <TaskInstance: multi_defence_dag.choose_best manual__2023-04-09T12:48:45.979523+00:00 [running]> on host ff3d40af78f9
[2023-04-09 12:49:31,434] {taskinstance.py:1571} INFO - Exporting the following env vars:
AIRFLOW_CTX_DAG_OWNER=***
AIRFLOW_CTX_DAG_ID=multi_defence_dag
AIRFLOW_CTX_TASK_ID=choose_best
AIRFLOW_CTX_EXECUTION_DATE=2023-04-09T12:48:45.979523+00:00
AIRFLOW_CTX_TRY_NUMBER=1
AIRFLOW_CTX_DAG_RUN_ID=manual__2023-04-09T12:48:45.979523+00:00
[2023-04-09 12:49:31,619] {transport.py:157} INFO - Attempting refresh to obtain initial access_token
[2023-04-09 12:49:31,630] {client.py:777} INFO - Refreshing access_token
[2023-04-09 12:49:32,724] {transport.py:157} INFO - Attempting refresh to obtain initial access_token
[2023-04-09 12:49:32,739] {client.py:777} INFO - Refreshing access_token
[2023-04-09 12:49:33,266] {python.py:173} INFO - Done. Returned value was: None
[2023-04-09 12:49:33,284] {taskinstance.py:1400} INFO - Marking task as SUCCESS. dag_id=multi_defence_dag, task_id=choose_best, execution_date=20230409T124845, start_date=20230409T124931, end_date=20230409T124933
[2023-04-09 12:49:33,382] {local_task_job.py:156} INFO - Task exited with return code 0
[2023-04-09 12:49:33,459] {local_task_job.py:273} INFO - 1 downstream tasks scheduled from follow-on schedule check
