[2023-03-23 11:15:10,362] {taskinstance.py:1159} INFO - Dependencies all met for <TaskInstance: defence_dag2.storing manual__2023-03-23T11:15:08.425524+00:00 [queued]>
[2023-03-23 11:15:10,375] {taskinstance.py:1159} INFO - Dependencies all met for <TaskInstance: defence_dag2.storing manual__2023-03-23T11:15:08.425524+00:00 [queued]>
[2023-03-23 11:15:10,376] {taskinstance.py:1356} INFO - 
--------------------------------------------------------------------------------
[2023-03-23 11:15:10,376] {taskinstance.py:1357} INFO - Starting attempt 1 of 1
[2023-03-23 11:15:10,378] {taskinstance.py:1358} INFO - 
--------------------------------------------------------------------------------
[2023-03-23 11:15:10,401] {taskinstance.py:1377} INFO - Executing <Task(BashOperator): storing> on 2023-03-23 11:15:08.425524+00:00
[2023-03-23 11:15:10,407] {standard_task_runner.py:52} INFO - Started process 1401 to run task
[2023-03-23 11:15:10,412] {standard_task_runner.py:79} INFO - Running: ['***', 'tasks', 'run', 'defence_dag2', 'storing', 'manual__2023-03-23T11:15:08.425524+00:00', '--job-id', '2640', '--raw', '--subdir', 'DAGS_FOLDER/defese.py', '--cfg-path', '/tmp/tmpjxcm3f1t', '--error-file', '/tmp/tmpa8u_ebif']
[2023-03-23 11:15:10,413] {standard_task_runner.py:80} INFO - Job 2640: Subtask storing
[2023-03-23 11:15:10,490] {task_command.py:369} INFO - Running <TaskInstance: defence_dag2.storing manual__2023-03-23T11:15:08.425524+00:00 [running]> on host 6447f1dacd32
[2023-03-23 11:15:10,570] {taskinstance.py:1571} INFO - Exporting the following env vars:
AIRFLOW_CTX_DAG_OWNER=***
AIRFLOW_CTX_DAG_ID=defence_dag2
AIRFLOW_CTX_TASK_ID=storing
AIRFLOW_CTX_EXECUTION_DATE=2023-03-23T11:15:08.425524+00:00
AIRFLOW_CTX_TRY_NUMBER=1
AIRFLOW_CTX_DAG_RUN_ID=manual__2023-03-23T11:15:08.425524+00:00
[2023-03-23 11:15:10,572] {subprocess.py:62} INFO - Tmp dir root location: 
 /tmp
[2023-03-23 11:15:10,573] {subprocess.py:74} INFO - Running command: ['bash', '-c', 'sleep 1']
[2023-03-23 11:15:10,582] {subprocess.py:85} INFO - Output:
[2023-03-23 11:15:11,586] {subprocess.py:96} INFO - Command exited with return code 0
[2023-03-23 11:15:11,646] {taskinstance.py:1400} INFO - Marking task as SUCCESS. dag_id=defence_dag2, task_id=storing, execution_date=20230323T111508, start_date=20230323T111510, end_date=20230323T111511
[2023-03-23 11:15:11,674] {local_task_job.py:156} INFO - Task exited with return code 0
[2023-03-23 11:15:11,712] {local_task_job.py:273} INFO - 1 downstream tasks scheduled from follow-on schedule check
