[2023-04-27 08:58:42,770] {taskinstance.py:1159} INFO - Dependencies all met for <TaskInstance: multi_defence_dag.to_defence2 manual__2023-04-27T08:58:31.672798+00:00 [queued]>
[2023-04-27 08:58:42,798] {taskinstance.py:1159} INFO - Dependencies all met for <TaskInstance: multi_defence_dag.to_defence2 manual__2023-04-27T08:58:31.672798+00:00 [queued]>
[2023-04-27 08:58:42,798] {taskinstance.py:1356} INFO - 
--------------------------------------------------------------------------------
[2023-04-27 08:58:42,800] {taskinstance.py:1357} INFO - Starting attempt 1 of 2
[2023-04-27 08:58:42,800] {taskinstance.py:1358} INFO - 
--------------------------------------------------------------------------------
[2023-04-27 08:58:42,838] {taskinstance.py:1377} INFO - Executing <Task(BranchPythonOperator): to_defence2> on 2023-04-27 08:58:31.672798+00:00
[2023-04-27 08:58:42,852] {standard_task_runner.py:52} INFO - Started process 2281 to run task
[2023-04-27 08:58:42,860] {standard_task_runner.py:79} INFO - Running: ['***', 'tasks', 'run', 'multi_defence_dag', 'to_defence2', 'manual__2023-04-27T08:58:31.672798+00:00', '--job-id', '6410', '--raw', '--subdir', 'DAGS_FOLDER/defence_dag.py', '--cfg-path', '/tmp/tmp8wjc3dfe', '--error-file', '/tmp/tmpnaq7jqkd']
[2023-04-27 08:58:42,862] {standard_task_runner.py:80} INFO - Job 6410: Subtask to_defence2
[2023-04-27 08:58:42,997] {task_command.py:369} INFO - Running <TaskInstance: multi_defence_dag.to_defence2 manual__2023-04-27T08:58:31.672798+00:00 [running]> on host e7e31d5a6603
[2023-04-27 08:58:43,196] {taskinstance.py:1571} INFO - Exporting the following env vars:
AIRFLOW_CTX_DAG_OWNER=***
AIRFLOW_CTX_DAG_ID=multi_defence_dag
AIRFLOW_CTX_TASK_ID=to_defence2
AIRFLOW_CTX_EXECUTION_DATE=2023-04-27T08:58:31.672798+00:00
AIRFLOW_CTX_TRY_NUMBER=1
AIRFLOW_CTX_DAG_RUN_ID=manual__2023-04-27T08:58:31.672798+00:00
[2023-04-27 08:58:43,231] {python.py:173} INFO - Done. Returned value was: Defence2
[2023-04-27 08:58:43,235] {skipmixin.py:140} INFO - Following branch Defence2
[2023-04-27 08:58:43,236] {skipmixin.py:175} INFO - Skipping tasks ['default']
[2023-04-27 08:58:43,355] {taskinstance.py:1400} INFO - Marking task as SUCCESS. dag_id=multi_defence_dag, task_id=to_defence2, execution_date=20230427T085831, start_date=20230427T085842, end_date=20230427T085843
[2023-04-27 08:58:43,435] {local_task_job.py:156} INFO - Task exited with return code 0
[2023-04-27 08:58:43,571] {local_task_job.py:273} INFO - 1 downstream tasks scheduled from follow-on schedule check
