[2023-04-23 09:27:57,177] {taskinstance.py:1159} INFO - Dependencies all met for <TaskInstance: multi_attack_dag.choose_best manual__2023-04-23T09:27:15.414457+00:00 [queued]>
[2023-04-23 09:27:57,191] {taskinstance.py:1159} INFO - Dependencies all met for <TaskInstance: multi_attack_dag.choose_best manual__2023-04-23T09:27:15.414457+00:00 [queued]>
[2023-04-23 09:27:57,192] {taskinstance.py:1356} INFO - 
--------------------------------------------------------------------------------
[2023-04-23 09:27:57,197] {taskinstance.py:1357} INFO - Starting attempt 1 of 2
[2023-04-23 09:27:57,198] {taskinstance.py:1358} INFO - 
--------------------------------------------------------------------------------
[2023-04-23 09:27:57,215] {taskinstance.py:1377} INFO - Executing <Task(PythonOperator): choose_best> on 2023-04-23 09:27:15.414457+00:00
[2023-04-23 09:27:57,225] {standard_task_runner.py:52} INFO - Started process 663 to run task
[2023-04-23 09:27:57,229] {standard_task_runner.py:79} INFO - Running: ['***', 'tasks', 'run', 'multi_attack_dag', 'choose_best', 'manual__2023-04-23T09:27:15.414457+00:00', '--job-id', '6046', '--raw', '--subdir', 'DAGS_FOLDER/attack_dag.py', '--cfg-path', '/tmp/tmphbrywf1m', '--error-file', '/tmp/tmpjj50jswy']
[2023-04-23 09:27:57,231] {standard_task_runner.py:80} INFO - Job 6046: Subtask choose_best
[2023-04-23 09:27:57,316] {task_command.py:369} INFO - Running <TaskInstance: multi_attack_dag.choose_best manual__2023-04-23T09:27:15.414457+00:00 [running]> on host a3dd7d962104
[2023-04-23 09:27:57,424] {taskinstance.py:1571} INFO - Exporting the following env vars:
AIRFLOW_CTX_DAG_OWNER=***
AIRFLOW_CTX_DAG_ID=multi_attack_dag
AIRFLOW_CTX_TASK_ID=choose_best
AIRFLOW_CTX_EXECUTION_DATE=2023-04-23T09:27:15.414457+00:00
AIRFLOW_CTX_TRY_NUMBER=1
AIRFLOW_CTX_DAG_RUN_ID=manual__2023-04-23T09:27:15.414457+00:00
[2023-04-23 09:27:57,471] {transport.py:157} INFO - Attempting refresh to obtain initial access_token
[2023-04-23 09:27:57,476] {client.py:777} INFO - Refreshing access_token
[2023-04-23 09:27:58,399] {transport.py:157} INFO - Attempting refresh to obtain initial access_token
[2023-04-23 09:27:58,400] {client.py:777} INFO - Refreshing access_token
[2023-04-23 09:27:59,317] {transport.py:157} INFO - Attempting refresh to obtain initial access_token
[2023-04-23 09:27:59,319] {client.py:777} INFO - Refreshing access_token
[2023-04-23 09:27:59,806] {python.py:173} INFO - Done. Returned value was: None
[2023-04-23 09:27:59,823] {taskinstance.py:1400} INFO - Marking task as SUCCESS. dag_id=multi_attack_dag, task_id=choose_best, execution_date=20230423T092715, start_date=20230423T092757, end_date=20230423T092759
[2023-04-23 09:27:59,858] {local_task_job.py:156} INFO - Task exited with return code 0
[2023-04-23 09:27:59,885] {local_task_job.py:273} INFO - 1 downstream tasks scheduled from follow-on schedule check
