[2023-03-12 15:52:19,561] {taskinstance.py:1159} INFO - Dependencies all met for <TaskInstance: defence_dag.trigger_offence manual__2023-03-12T15:52:14.765919+00:00 [queued]>
[2023-03-12 15:52:19,571] {taskinstance.py:1159} INFO - Dependencies all met for <TaskInstance: defence_dag.trigger_offence manual__2023-03-12T15:52:14.765919+00:00 [queued]>
[2023-03-12 15:52:19,571] {taskinstance.py:1356} INFO - 
--------------------------------------------------------------------------------
[2023-03-12 15:52:19,572] {taskinstance.py:1357} INFO - Starting attempt 1 of 1
[2023-03-12 15:52:19,572] {taskinstance.py:1358} INFO - 
--------------------------------------------------------------------------------
[2023-03-12 15:52:19,585] {taskinstance.py:1377} INFO - Executing <Task(TriggerDagRunOperator): trigger_offence> on 2023-03-12 15:52:14.765919+00:00
[2023-03-12 15:52:19,589] {standard_task_runner.py:52} INFO - Started process 95 to run task
[2023-03-12 15:52:19,591] {standard_task_runner.py:79} INFO - Running: ['***', 'tasks', 'run', 'defence_dag', 'trigger_offence', 'manual__2023-03-12T15:52:14.765919+00:00', '--job-id', '604', '--raw', '--subdir', 'DAGS_FOLDER/defese.py', '--cfg-path', '/tmp/tmp26oy73og', '--error-file', '/tmp/tmpfz1qrxig']
[2023-03-12 15:52:19,592] {standard_task_runner.py:80} INFO - Job 604: Subtask trigger_offence
[2023-03-12 15:52:19,633] {task_command.py:369} INFO - Running <TaskInstance: defence_dag.trigger_offence manual__2023-03-12T15:52:14.765919+00:00 [running]> on host 596adcca7378
[2023-03-12 15:52:19,692] {taskinstance.py:1571} INFO - Exporting the following env vars:
AIRFLOW_CTX_DAG_OWNER=***
AIRFLOW_CTX_DAG_ID=defence_dag
AIRFLOW_CTX_TASK_ID=trigger_offence
AIRFLOW_CTX_EXECUTION_DATE=2023-03-12T15:52:14.765919+00:00
AIRFLOW_CTX_TRY_NUMBER=1
AIRFLOW_CTX_DAG_RUN_ID=manual__2023-03-12T15:52:14.765919+00:00
[2023-03-12 15:52:20,384] {taskinstance.py:1400} INFO - Marking task as SUCCESS. dag_id=defence_dag, task_id=trigger_offence, execution_date=20230312T155214, start_date=20230312T155219, end_date=20230312T155220
[2023-03-12 15:52:20,407] {local_task_job.py:156} INFO - Task exited with return code 0
[2023-03-12 15:52:20,434] {local_task_job.py:273} INFO - 0 downstream tasks scheduled from follow-on schedule check
