[2023-03-28 09:40:16,600] {taskinstance.py:1159} INFO - Dependencies all met for <TaskInstance: defence_dag2.storing manual__2023-03-27T12:40:58.379305+00:00 [queued]>
[2023-03-28 09:40:16,611] {taskinstance.py:1159} INFO - Dependencies all met for <TaskInstance: defence_dag2.storing manual__2023-03-27T12:40:58.379305+00:00 [queued]>
[2023-03-28 09:40:16,612] {taskinstance.py:1356} INFO - 
--------------------------------------------------------------------------------
[2023-03-28 09:40:16,612] {taskinstance.py:1357} INFO - Starting attempt 1 of 1
[2023-03-28 09:40:16,613] {taskinstance.py:1358} INFO - 
--------------------------------------------------------------------------------
[2023-03-28 09:40:16,630] {taskinstance.py:1377} INFO - Executing <Task(BashOperator): storing> on 2023-03-27 12:40:58.379305+00:00
[2023-03-28 09:40:16,643] {standard_task_runner.py:52} INFO - Started process 173 to run task
[2023-03-28 09:40:16,650] {standard_task_runner.py:79} INFO - Running: ['***', 'tasks', 'run', 'defence_dag2', 'storing', 'manual__2023-03-27T12:40:58.379305+00:00', '--job-id', '3911', '--raw', '--subdir', 'DAGS_FOLDER/defese.py', '--cfg-path', '/tmp/tmpd_teiqsc', '--error-file', '/tmp/tmp6hsel355']
[2023-03-28 09:40:16,652] {standard_task_runner.py:80} INFO - Job 3911: Subtask storing
[2023-03-28 09:40:16,736] {task_command.py:369} INFO - Running <TaskInstance: defence_dag2.storing manual__2023-03-27T12:40:58.379305+00:00 [running]> on host 70f8824ef075
[2023-03-28 09:40:16,874] {taskinstance.py:1571} INFO - Exporting the following env vars:
AIRFLOW_CTX_DAG_OWNER=***
AIRFLOW_CTX_DAG_ID=defence_dag2
AIRFLOW_CTX_TASK_ID=storing
AIRFLOW_CTX_EXECUTION_DATE=2023-03-27T12:40:58.379305+00:00
AIRFLOW_CTX_TRY_NUMBER=1
AIRFLOW_CTX_DAG_RUN_ID=manual__2023-03-27T12:40:58.379305+00:00
[2023-03-28 09:40:16,875] {subprocess.py:62} INFO - Tmp dir root location: 
 /tmp
[2023-03-28 09:40:16,876] {subprocess.py:74} INFO - Running command: ['bash', '-c', 'sleep 1']
[2023-03-28 09:40:16,888] {subprocess.py:85} INFO - Output:
[2023-03-28 09:40:17,890] {subprocess.py:96} INFO - Command exited with return code 0
[2023-03-28 09:40:17,925] {taskinstance.py:1400} INFO - Marking task as SUCCESS. dag_id=defence_dag2, task_id=storing, execution_date=20230327T124058, start_date=20230328T094016, end_date=20230328T094017
[2023-03-28 09:40:17,951] {local_task_job.py:156} INFO - Task exited with return code 0
[2023-03-28 09:40:18,004] {local_task_job.py:273} INFO - 1 downstream tasks scheduled from follow-on schedule check
