[2023-03-28 12:19:55,531] {taskinstance.py:1159} INFO - Dependencies all met for <TaskInstance: defence_dag2.storing manual__2023-03-28T12:19:53.458535+00:00 [queued]>
[2023-03-28 12:19:55,547] {taskinstance.py:1159} INFO - Dependencies all met for <TaskInstance: defence_dag2.storing manual__2023-03-28T12:19:53.458535+00:00 [queued]>
[2023-03-28 12:19:55,547] {taskinstance.py:1356} INFO - 
--------------------------------------------------------------------------------
[2023-03-28 12:19:55,548] {taskinstance.py:1357} INFO - Starting attempt 1 of 1
[2023-03-28 12:19:55,549] {taskinstance.py:1358} INFO - 
--------------------------------------------------------------------------------
[2023-03-28 12:19:55,576] {taskinstance.py:1377} INFO - Executing <Task(BashOperator): storing> on 2023-03-28 12:19:53.458535+00:00
[2023-03-28 12:19:55,588] {standard_task_runner.py:52} INFO - Started process 2657 to run task
[2023-03-28 12:19:55,592] {standard_task_runner.py:79} INFO - Running: ['***', 'tasks', 'run', 'defence_dag2', 'storing', 'manual__2023-03-28T12:19:53.458535+00:00', '--job-id', '4581', '--raw', '--subdir', 'DAGS_FOLDER/defese.py', '--cfg-path', '/tmp/tmpfs9rc_y3', '--error-file', '/tmp/tmpdbmkv3qy']
[2023-03-28 12:19:55,594] {standard_task_runner.py:80} INFO - Job 4581: Subtask storing
[2023-03-28 12:19:55,693] {task_command.py:369} INFO - Running <TaskInstance: defence_dag2.storing manual__2023-03-28T12:19:53.458535+00:00 [running]> on host ff3d40af78f9
[2023-03-28 12:19:55,821] {taskinstance.py:1571} INFO - Exporting the following env vars:
AIRFLOW_CTX_DAG_OWNER=***
AIRFLOW_CTX_DAG_ID=defence_dag2
AIRFLOW_CTX_TASK_ID=storing
AIRFLOW_CTX_EXECUTION_DATE=2023-03-28T12:19:53.458535+00:00
AIRFLOW_CTX_TRY_NUMBER=1
AIRFLOW_CTX_DAG_RUN_ID=manual__2023-03-28T12:19:53.458535+00:00
[2023-03-28 12:19:55,824] {subprocess.py:62} INFO - Tmp dir root location: 
 /tmp
[2023-03-28 12:19:55,825] {subprocess.py:74} INFO - Running command: ['bash', '-c', 'sleep 1']
[2023-03-28 12:19:55,847] {subprocess.py:85} INFO - Output:
[2023-03-28 12:19:56,851] {subprocess.py:96} INFO - Command exited with return code 0
[2023-03-28 12:19:56,890] {taskinstance.py:1400} INFO - Marking task as SUCCESS. dag_id=defence_dag2, task_id=storing, execution_date=20230328T121953, start_date=20230328T121955, end_date=20230328T121956
[2023-03-28 12:19:56,934] {local_task_job.py:156} INFO - Task exited with return code 0
[2023-03-28 12:19:56,986] {local_task_job.py:273} INFO - 1 downstream tasks scheduled from follow-on schedule check
