[2023-03-23 15:33:26,595] {taskinstance.py:1159} INFO - Dependencies all met for <TaskInstance: multi_defence_dag.to_defence2 manual__2023-03-23T15:33:22.772833+00:00 [queued]>
[2023-03-23 15:33:26,614] {taskinstance.py:1159} INFO - Dependencies all met for <TaskInstance: multi_defence_dag.to_defence2 manual__2023-03-23T15:33:22.772833+00:00 [queued]>
[2023-03-23 15:33:26,614] {taskinstance.py:1356} INFO - 
--------------------------------------------------------------------------------
[2023-03-23 15:33:26,616] {taskinstance.py:1357} INFO - Starting attempt 1 of 2
[2023-03-23 15:33:26,616] {taskinstance.py:1358} INFO - 
--------------------------------------------------------------------------------
[2023-03-23 15:33:26,641] {taskinstance.py:1377} INFO - Executing <Task(BranchPythonOperator): to_defence2> on 2023-03-23 15:33:22.772833+00:00
[2023-03-23 15:33:26,647] {standard_task_runner.py:52} INFO - Started process 12707 to run task
[2023-03-23 15:33:26,654] {standard_task_runner.py:79} INFO - Running: ['***', 'tasks', 'run', 'multi_defence_dag', 'to_defence2', 'manual__2023-03-23T15:33:22.772833+00:00', '--job-id', '3248', '--raw', '--subdir', 'DAGS_FOLDER/defence_dag.py', '--cfg-path', '/tmp/tmp_o7c0hyl', '--error-file', '/tmp/tmpv0vyx19y']
[2023-03-23 15:33:26,656] {standard_task_runner.py:80} INFO - Job 3248: Subtask to_defence2
[2023-03-23 15:33:26,766] {task_command.py:369} INFO - Running <TaskInstance: multi_defence_dag.to_defence2 manual__2023-03-23T15:33:22.772833+00:00 [running]> on host 6447f1dacd32
[2023-03-23 15:33:26,898] {taskinstance.py:1571} INFO - Exporting the following env vars:
AIRFLOW_CTX_DAG_OWNER=***
AIRFLOW_CTX_DAG_ID=multi_defence_dag
AIRFLOW_CTX_TASK_ID=to_defence2
AIRFLOW_CTX_EXECUTION_DATE=2023-03-23T15:33:22.772833+00:00
AIRFLOW_CTX_TRY_NUMBER=1
AIRFLOW_CTX_DAG_RUN_ID=manual__2023-03-23T15:33:22.772833+00:00
[2023-03-23 15:33:26,923] {python.py:173} INFO - Done. Returned value was: Defence2
[2023-03-23 15:33:26,924] {skipmixin.py:140} INFO - Following branch Defence2
[2023-03-23 15:33:26,925] {skipmixin.py:175} INFO - Skipping tasks ['default']
[2023-03-23 15:33:27,015] {taskinstance.py:1400} INFO - Marking task as SUCCESS. dag_id=multi_defence_dag, task_id=to_defence2, execution_date=20230323T153322, start_date=20230323T153326, end_date=20230323T153327
[2023-03-23 15:33:27,068] {local_task_job.py:156} INFO - Task exited with return code 0
[2023-03-23 15:33:27,205] {local_task_job.py:273} INFO - 1 downstream tasks scheduled from follow-on schedule check
