[2023-03-19 16:17:46,579] {taskinstance.py:1159} INFO - Dependencies all met for <TaskInstance: defence_dag2.to_attack manual__2023-03-19T16:16:15.865423+00:00 [queued]>
[2023-03-19 16:17:46,590] {taskinstance.py:1159} INFO - Dependencies all met for <TaskInstance: defence_dag2.to_attack manual__2023-03-19T16:16:15.865423+00:00 [queued]>
[2023-03-19 16:17:46,591] {taskinstance.py:1356} INFO - 
--------------------------------------------------------------------------------
[2023-03-19 16:17:46,591] {taskinstance.py:1357} INFO - Starting attempt 1 of 1
[2023-03-19 16:17:46,597] {taskinstance.py:1358} INFO - 
--------------------------------------------------------------------------------
[2023-03-19 16:17:46,614] {taskinstance.py:1377} INFO - Executing <Task(BranchPythonOperator): to_attack> on 2023-03-19 16:16:15.865423+00:00
[2023-03-19 16:17:46,619] {standard_task_runner.py:52} INFO - Started process 73 to run task
[2023-03-19 16:17:46,623] {standard_task_runner.py:79} INFO - Running: ['***', 'tasks', 'run', 'defence_dag2', 'to_attack', 'manual__2023-03-19T16:16:15.865423+00:00', '--job-id', '1984', '--raw', '--subdir', 'DAGS_FOLDER/defese.py', '--cfg-path', '/tmp/tmpuiw544ob', '--error-file', '/tmp/tmp7fo4jcrc']
[2023-03-19 16:17:46,624] {standard_task_runner.py:80} INFO - Job 1984: Subtask to_attack
[2023-03-19 16:17:46,690] {task_command.py:369} INFO - Running <TaskInstance: defence_dag2.to_attack manual__2023-03-19T16:16:15.865423+00:00 [running]> on host 6447f1dacd32
[2023-03-19 16:17:46,773] {taskinstance.py:1571} INFO - Exporting the following env vars:
AIRFLOW_CTX_DAG_OWNER=***
AIRFLOW_CTX_DAG_ID=defence_dag2
AIRFLOW_CTX_TASK_ID=to_attack
AIRFLOW_CTX_EXECUTION_DATE=2023-03-19T16:16:15.865423+00:00
AIRFLOW_CTX_TRY_NUMBER=1
AIRFLOW_CTX_DAG_RUN_ID=manual__2023-03-19T16:16:15.865423+00:00
[2023-03-19 16:17:46,785] {transport.py:157} INFO - Attempting refresh to obtain initial access_token
[2023-03-19 16:17:46,789] {client.py:777} INFO - Refreshing access_token
[2023-03-19 16:17:47,462] {logging_mixin.py:115} INFO - 404 No such object: mabdata207125196/counter.pickle (GET https://www.googleapis.com/storage/v1/b/mabdata207125196/o/counter.pickle?projection=noAcl)
[2023-03-19 16:17:47,463] {taskinstance.py:1889} ERROR - Task failed with exception
Traceback (most recent call last):
  File "/home/airflow/.local/lib/python3.7/site-packages/airflow/operators/python.py", line 207, in execute
    branch = super().execute(context)
  File "/home/airflow/.local/lib/python3.7/site-packages/airflow/operators/python.py", line 171, in execute
    return_value = self.execute_callable()
  File "/home/airflow/.local/lib/python3.7/site-packages/airflow/operators/python.py", line 189, in execute_callable
    return self.python_callable(*self.op_args, **self.op_kwargs)
  File "/opt/airflow/dags/defese.py", line 38, in to_attack
    cycles = get_counter().cycles
AttributeError: 'NoneType' object has no attribute 'cycles'
[2023-03-19 16:17:47,480] {taskinstance.py:1400} INFO - Marking task as FAILED. dag_id=defence_dag2, task_id=to_attack, execution_date=20230319T161615, start_date=20230319T161746, end_date=20230319T161747
[2023-03-19 16:17:47,489] {standard_task_runner.py:97} ERROR - Failed to execute job 1984 for task to_attack ('NoneType' object has no attribute 'cycles'; 73)
[2023-03-19 16:17:47,521] {local_task_job.py:156} INFO - Task exited with return code 1
[2023-03-19 16:17:47,566] {local_task_job.py:273} INFO - 0 downstream tasks scheduled from follow-on schedule check
