[2023-04-23 09:36:34,001] {taskinstance.py:1159} INFO - Dependencies all met for <TaskInstance: multi_defence_dag.to_defence2 manual__2023-04-23T09:36:24.954875+00:00 [queued]>
[2023-04-23 09:36:34,026] {taskinstance.py:1159} INFO - Dependencies all met for <TaskInstance: multi_defence_dag.to_defence2 manual__2023-04-23T09:36:24.954875+00:00 [queued]>
[2023-04-23 09:36:34,026] {taskinstance.py:1356} INFO - 
--------------------------------------------------------------------------------
[2023-04-23 09:36:34,030] {taskinstance.py:1357} INFO - Starting attempt 1 of 2
[2023-04-23 09:36:34,031] {taskinstance.py:1358} INFO - 
--------------------------------------------------------------------------------
[2023-04-23 09:36:34,064] {taskinstance.py:1377} INFO - Executing <Task(BranchPythonOperator): to_defence2> on 2023-04-23 09:36:24.954875+00:00
[2023-04-23 09:36:34,078] {standard_task_runner.py:52} INFO - Started process 1294 to run task
[2023-04-23 09:36:34,091] {standard_task_runner.py:79} INFO - Running: ['***', 'tasks', 'run', 'multi_defence_dag', 'to_defence2', 'manual__2023-04-23T09:36:24.954875+00:00', '--job-id', '6121', '--raw', '--subdir', 'DAGS_FOLDER/defence_dag.py', '--cfg-path', '/tmp/tmpajqcn6n9', '--error-file', '/tmp/tmpq7c_y0yb']
[2023-04-23 09:36:34,093] {standard_task_runner.py:80} INFO - Job 6121: Subtask to_defence2
[2023-04-23 09:36:34,204] {task_command.py:369} INFO - Running <TaskInstance: multi_defence_dag.to_defence2 manual__2023-04-23T09:36:24.954875+00:00 [running]> on host a3dd7d962104
[2023-04-23 09:36:34,463] {taskinstance.py:1571} INFO - Exporting the following env vars:
AIRFLOW_CTX_DAG_OWNER=***
AIRFLOW_CTX_DAG_ID=multi_defence_dag
AIRFLOW_CTX_TASK_ID=to_defence2
AIRFLOW_CTX_EXECUTION_DATE=2023-04-23T09:36:24.954875+00:00
AIRFLOW_CTX_TRY_NUMBER=1
AIRFLOW_CTX_DAG_RUN_ID=manual__2023-04-23T09:36:24.954875+00:00
[2023-04-23 09:36:34,501] {python.py:173} INFO - Done. Returned value was: Defence2
[2023-04-23 09:36:34,506] {skipmixin.py:140} INFO - Following branch Defence2
[2023-04-23 09:36:34,508] {skipmixin.py:175} INFO - Skipping tasks ['default']
[2023-04-23 09:36:34,669] {taskinstance.py:1400} INFO - Marking task as SUCCESS. dag_id=multi_defence_dag, task_id=to_defence2, execution_date=20230423T093624, start_date=20230423T093634, end_date=20230423T093634
[2023-04-23 09:36:34,723] {local_task_job.py:156} INFO - Task exited with return code 0
[2023-04-23 09:36:34,847] {local_task_job.py:273} INFO - 1 downstream tasks scheduled from follow-on schedule check
