[2023-04-23 07:49:34,734] {taskinstance.py:1159} INFO - Dependencies all met for <TaskInstance: estimator_match_DAG.get_estiamtor scheduled__2023-04-18T00:00:00+00:00 [queued]>
[2023-04-23 07:49:34,794] {taskinstance.py:1159} INFO - Dependencies all met for <TaskInstance: estimator_match_DAG.get_estiamtor scheduled__2023-04-18T00:00:00+00:00 [queued]>
[2023-04-23 07:49:34,795] {taskinstance.py:1356} INFO - 
--------------------------------------------------------------------------------
[2023-04-23 07:49:34,796] {taskinstance.py:1357} INFO - Starting attempt 1 of 2
[2023-04-23 07:49:34,798] {taskinstance.py:1358} INFO - 
--------------------------------------------------------------------------------
[2023-04-23 07:49:34,940] {taskinstance.py:1377} INFO - Executing <Task(PythonOperator): get_estiamtor> on 2023-04-18 00:00:00+00:00
[2023-04-23 07:49:34,999] {standard_task_runner.py:52} INFO - Started process 114 to run task
[2023-04-23 07:49:35,015] {standard_task_runner.py:79} INFO - Running: ['***', 'tasks', 'run', 'estimator_match_DAG', 'get_estiamtor', 'scheduled__2023-04-18T00:00:00+00:00', '--job-id', '5845', '--raw', '--subdir', 'DAGS_FOLDER/estimator_match.py', '--cfg-path', '/tmp/tmp5dnhv54t', '--error-file', '/tmp/tmp7vau07gg']
[2023-04-23 07:49:35,025] {standard_task_runner.py:80} INFO - Job 5845: Subtask get_estiamtor
[2023-04-23 07:49:35,286] {task_command.py:369} INFO - Running <TaskInstance: estimator_match_DAG.get_estiamtor scheduled__2023-04-18T00:00:00+00:00 [running]> on host a3dd7d962104
[2023-04-23 07:49:35,588] {taskinstance.py:1571} INFO - Exporting the following env vars:
AIRFLOW_CTX_DAG_OWNER=***
AIRFLOW_CTX_DAG_ID=estimator_match_DAG
AIRFLOW_CTX_TASK_ID=get_estiamtor
AIRFLOW_CTX_EXECUTION_DATE=2023-04-18T00:00:00+00:00
AIRFLOW_CTX_TRY_NUMBER=1
AIRFLOW_CTX_DAG_RUN_ID=scheduled__2023-04-18T00:00:00+00:00
[2023-04-23 07:49:35,594] {transport.py:157} INFO - Attempting refresh to obtain initial access_token
[2023-04-23 07:49:35,600] {client.py:777} INFO - Refreshing access_token
[2023-04-23 07:49:36,360] {transport.py:157} INFO - Attempting refresh to obtain initial access_token
[2023-04-23 07:49:36,370] {client.py:777} INFO - Refreshing access_token
[2023-04-23 07:49:37,436] {taskinstance.py:1889} ERROR - Task failed with exception
Traceback (most recent call last):
  File "/home/airflow/.local/lib/python3.7/site-packages/airflow/operators/python.py", line 171, in execute
    return_value = self.execute_callable()
  File "/home/airflow/.local/lib/python3.7/site-packages/airflow/operators/python.py", line 189, in execute_callable
    return self.python_callable(*self.op_args, **self.op_kwargs)
  File "/opt/airflow/dags/estimator_match.py", line 53, in get_estimator
    model = load_from_bucket("ML_model.pickle",as_json=False)
  File "/opt/airflow/dags/helpers.py", line 121, in load_from_bucket
    raise err
  File "/opt/airflow/dags/helpers.py", line 118, in load_from_bucket
    loaded_obj = pickle.load(f)
AttributeError: Can't get attribute 'NeuralNetworkClassificationModel' on <module '__main__' from '/home/***/.local/bin/***'>
[2023-04-23 07:49:37,496] {taskinstance.py:1400} INFO - Marking task as UP_FOR_RETRY. dag_id=estimator_match_DAG, task_id=get_estiamtor, execution_date=20230418T000000, start_date=20230423T074934, end_date=20230423T074937
[2023-04-23 07:49:37,578] {standard_task_runner.py:97} ERROR - Failed to execute job 5845 for task get_estiamtor (Can't get attribute 'NeuralNetworkClassificationModel' on <module '__main__' from '/home/***/.local/bin/***'>; 114)
[2023-04-23 07:49:37,666] {local_task_job.py:156} INFO - Task exited with return code 1
[2023-04-23 07:49:38,098] {local_task_job.py:273} INFO - 0 downstream tasks scheduled from follow-on schedule check
