[2023-03-16 11:30:29,826] {taskinstance.py:1159} INFO - Dependencies all met for <TaskInstance: defence_dag.to_attack manual__2023-03-16T11:30:27.358467+00:00 [queued]>
[2023-03-16 11:30:29,841] {taskinstance.py:1159} INFO - Dependencies all met for <TaskInstance: defence_dag.to_attack manual__2023-03-16T11:30:27.358467+00:00 [queued]>
[2023-03-16 11:30:29,842] {taskinstance.py:1356} INFO - 
--------------------------------------------------------------------------------
[2023-03-16 11:30:29,842] {taskinstance.py:1357} INFO - Starting attempt 1 of 1
[2023-03-16 11:30:29,843] {taskinstance.py:1358} INFO - 
--------------------------------------------------------------------------------
[2023-03-16 11:30:29,863] {taskinstance.py:1377} INFO - Executing <Task(BranchPythonOperator): to_attack> on 2023-03-16 11:30:27.358467+00:00
[2023-03-16 11:30:29,868] {standard_task_runner.py:52} INFO - Started process 514 to run task
[2023-03-16 11:30:29,871] {standard_task_runner.py:79} INFO - Running: ['***', 'tasks', 'run', 'defence_dag', 'to_attack', 'manual__2023-03-16T11:30:27.358467+00:00', '--job-id', '840', '--raw', '--subdir', 'DAGS_FOLDER/defese.py', '--cfg-path', '/tmp/tmptqg7ip7r', '--error-file', '/tmp/tmpja3khqet']
[2023-03-16 11:30:29,872] {standard_task_runner.py:80} INFO - Job 840: Subtask to_attack
[2023-03-16 11:30:29,946] {task_command.py:369} INFO - Running <TaskInstance: defence_dag.to_attack manual__2023-03-16T11:30:27.358467+00:00 [running]> on host 596adcca7378
[2023-03-16 11:30:30,044] {taskinstance.py:1571} INFO - Exporting the following env vars:
AIRFLOW_CTX_DAG_OWNER=***
AIRFLOW_CTX_DAG_ID=defence_dag
AIRFLOW_CTX_TASK_ID=to_attack
AIRFLOW_CTX_EXECUTION_DATE=2023-03-16T11:30:27.358467+00:00
AIRFLOW_CTX_TRY_NUMBER=1
AIRFLOW_CTX_DAG_RUN_ID=manual__2023-03-16T11:30:27.358467+00:00
[2023-03-16 11:30:30,045] {taskinstance.py:1889} ERROR - Task failed with exception
Traceback (most recent call last):
  File "/home/airflow/.local/lib/python3.7/site-packages/airflow/operators/python.py", line 207, in execute
    branch = super().execute(context)
  File "/home/airflow/.local/lib/python3.7/site-packages/airflow/operators/python.py", line 171, in execute
    return_value = self.execute_callable()
  File "/home/airflow/.local/lib/python3.7/site-packages/airflow/operators/python.py", line 189, in execute_callable
    return self.python_callable(*self.op_args, **self.op_kwargs)
  File "/opt/airflow/dags/defese.py", line 18, in to_attack
    if NUM_CYCLES > 0:
UnboundLocalError: local variable 'NUM_CYCLES' referenced before assignment
[2023-03-16 11:30:30,062] {taskinstance.py:1400} INFO - Marking task as FAILED. dag_id=defence_dag, task_id=to_attack, execution_date=20230316T113027, start_date=20230316T113029, end_date=20230316T113030
[2023-03-16 11:30:30,085] {standard_task_runner.py:97} ERROR - Failed to execute job 840 for task to_attack (local variable 'NUM_CYCLES' referenced before assignment; 514)
[2023-03-16 11:30:30,127] {local_task_job.py:156} INFO - Task exited with return code 1
[2023-03-16 11:30:30,262] {local_task_job.py:273} INFO - 0 downstream tasks scheduled from follow-on schedule check
