[2023-03-23 15:15:47,356] {taskinstance.py:1159} INFO - Dependencies all met for <TaskInstance: multi_attack_dag.metadata manual__2023-03-23T15:15:33.717943+00:00 [queued]>
[2023-03-23 15:15:47,415] {taskinstance.py:1159} INFO - Dependencies all met for <TaskInstance: multi_attack_dag.metadata manual__2023-03-23T15:15:33.717943+00:00 [queued]>
[2023-03-23 15:15:47,427] {taskinstance.py:1356} INFO - 
--------------------------------------------------------------------------------
[2023-03-23 15:15:47,430] {taskinstance.py:1357} INFO - Starting attempt 1 of 2
[2023-03-23 15:15:47,431] {taskinstance.py:1358} INFO - 
--------------------------------------------------------------------------------
[2023-03-23 15:15:47,537] {taskinstance.py:1377} INFO - Executing <Task(PythonOperator): metadata> on 2023-03-23 15:15:33.717943+00:00
[2023-03-23 15:15:47,553] {standard_task_runner.py:52} INFO - Started process 11788 to run task
[2023-03-23 15:15:47,571] {standard_task_runner.py:79} INFO - Running: ['***', 'tasks', 'run', 'multi_attack_dag', 'metadata', 'manual__2023-03-23T15:15:33.717943+00:00', '--job-id', '2921', '--raw', '--subdir', 'DAGS_FOLDER/attack_dag.py', '--cfg-path', '/tmp/tmpk2l7lcsv', '--error-file', '/tmp/tmp8iccww5g']
[2023-03-23 15:15:47,575] {standard_task_runner.py:80} INFO - Job 2921: Subtask metadata
[2023-03-23 15:15:47,932] {task_command.py:369} INFO - Running <TaskInstance: multi_attack_dag.metadata manual__2023-03-23T15:15:33.717943+00:00 [running]> on host 6447f1dacd32
[2023-03-23 15:15:48,495] {taskinstance.py:1571} INFO - Exporting the following env vars:
AIRFLOW_CTX_DAG_OWNER=***
AIRFLOW_CTX_DAG_ID=multi_attack_dag
AIRFLOW_CTX_TASK_ID=metadata
AIRFLOW_CTX_EXECUTION_DATE=2023-03-23T15:15:33.717943+00:00
AIRFLOW_CTX_TRY_NUMBER=1
AIRFLOW_CTX_DAG_RUN_ID=manual__2023-03-23T15:15:33.717943+00:00
[2023-03-23 15:15:48,574] {transport.py:157} INFO - Attempting refresh to obtain initial access_token
[2023-03-23 15:15:48,614] {client.py:777} INFO - Refreshing access_token
[2023-03-23 15:15:49,807] {python.py:173} INFO - Done. Returned value was: None
[2023-03-23 15:15:49,894] {taskinstance.py:1400} INFO - Marking task as SUCCESS. dag_id=multi_attack_dag, task_id=metadata, execution_date=20230323T151533, start_date=20230323T151547, end_date=20230323T151549
[2023-03-23 15:15:50,005] {local_task_job.py:156} INFO - Task exited with return code 0
[2023-03-23 15:15:50,310] {local_task_job.py:273} INFO - 3 downstream tasks scheduled from follow-on schedule check
