[2023-04-30 08:06:01,738] {taskinstance.py:1159} INFO - Dependencies all met for <TaskInstance: multi_defence_dag.Defence2 manual__2023-04-30T08:05:43.746360+00:00 [queued]>
[2023-04-30 08:06:01,754] {taskinstance.py:1159} INFO - Dependencies all met for <TaskInstance: multi_defence_dag.Defence2 manual__2023-04-30T08:05:43.746360+00:00 [queued]>
[2023-04-30 08:06:01,755] {taskinstance.py:1356} INFO - 
--------------------------------------------------------------------------------
[2023-04-30 08:06:01,787] {taskinstance.py:1357} INFO - Starting attempt 1 of 2
[2023-04-30 08:06:01,788] {taskinstance.py:1358} INFO - 
--------------------------------------------------------------------------------
[2023-04-30 08:06:01,834] {taskinstance.py:1377} INFO - Executing <Task(PythonOperator): Defence2> on 2023-04-30 08:05:43.746360+00:00
[2023-04-30 08:06:01,852] {standard_task_runner.py:52} INFO - Started process 748 to run task
[2023-04-30 08:06:01,862] {standard_task_runner.py:79} INFO - Running: ['***', 'tasks', 'run', 'multi_defence_dag', 'Defence2', 'manual__2023-04-30T08:05:43.746360+00:00', '--job-id', '7128', '--raw', '--subdir', 'DAGS_FOLDER/defence_dag.py', '--cfg-path', '/tmp/tmpw4zf8xv2', '--error-file', '/tmp/tmpzmfp20mq']
[2023-04-30 08:06:01,865] {standard_task_runner.py:80} INFO - Job 7128: Subtask Defence2
[2023-04-30 08:06:02,050] {task_command.py:369} INFO - Running <TaskInstance: multi_defence_dag.Defence2 manual__2023-04-30T08:05:43.746360+00:00 [running]> on host e7e31d5a6603
[2023-04-30 08:06:02,265] {taskinstance.py:1571} INFO - Exporting the following env vars:
AIRFLOW_CTX_DAG_OWNER=***
AIRFLOW_CTX_DAG_ID=multi_defence_dag
AIRFLOW_CTX_TASK_ID=Defence2
AIRFLOW_CTX_EXECUTION_DATE=2023-04-30T08:05:43.746360+00:00
AIRFLOW_CTX_TRY_NUMBER=1
AIRFLOW_CTX_DAG_RUN_ID=manual__2023-04-30T08:05:43.746360+00:00
[2023-04-30 08:06:02,310] {python.py:173} INFO - Done. Returned value was: None
[2023-04-30 08:06:02,337] {taskinstance.py:1400} INFO - Marking task as SUCCESS. dag_id=multi_defence_dag, task_id=Defence2, execution_date=20230430T080543, start_date=20230430T080601, end_date=20230430T080602
[2023-04-30 08:06:02,413] {local_task_job.py:156} INFO - Task exited with return code 0
[2023-04-30 08:06:02,546] {local_task_job.py:273} INFO - 0 downstream tasks scheduled from follow-on schedule check
