[2023-04-27 13:33:51,871] {taskinstance.py:1159} INFO - Dependencies all met for <TaskInstance: multi_defence_dag.Defence3 manual__2023-04-27T13:33:38.450418+00:00 [queued]>
[2023-04-27 13:33:51,898] {taskinstance.py:1159} INFO - Dependencies all met for <TaskInstance: multi_defence_dag.Defence3 manual__2023-04-27T13:33:38.450418+00:00 [queued]>
[2023-04-27 13:33:51,899] {taskinstance.py:1356} INFO - 
--------------------------------------------------------------------------------
[2023-04-27 13:33:51,901] {taskinstance.py:1357} INFO - Starting attempt 1 of 2
[2023-04-27 13:33:51,902] {taskinstance.py:1358} INFO - 
--------------------------------------------------------------------------------
[2023-04-27 13:33:51,933] {taskinstance.py:1377} INFO - Executing <Task(PythonOperator): Defence3> on 2023-04-27 13:33:38.450418+00:00
[2023-04-27 13:33:51,948] {standard_task_runner.py:52} INFO - Started process 565 to run task
[2023-04-27 13:33:51,955] {standard_task_runner.py:79} INFO - Running: ['***', 'tasks', 'run', 'multi_defence_dag', 'Defence3', 'manual__2023-04-27T13:33:38.450418+00:00', '--job-id', '6947', '--raw', '--subdir', 'DAGS_FOLDER/defence_dag.py', '--cfg-path', '/tmp/tmpl00qrt0r', '--error-file', '/tmp/tmpng0wr_mz']
[2023-04-27 13:33:51,957] {standard_task_runner.py:80} INFO - Job 6947: Subtask Defence3
[2023-04-27 13:33:52,077] {task_command.py:369} INFO - Running <TaskInstance: multi_defence_dag.Defence3 manual__2023-04-27T13:33:38.450418+00:00 [running]> on host e7e31d5a6603
[2023-04-27 13:33:52,224] {taskinstance.py:1571} INFO - Exporting the following env vars:
AIRFLOW_CTX_DAG_OWNER=***
AIRFLOW_CTX_DAG_ID=multi_defence_dag
AIRFLOW_CTX_TASK_ID=Defence3
AIRFLOW_CTX_EXECUTION_DATE=2023-04-27T13:33:38.450418+00:00
AIRFLOW_CTX_TRY_NUMBER=1
AIRFLOW_CTX_DAG_RUN_ID=manual__2023-04-27T13:33:38.450418+00:00
[2023-04-27 13:33:52,252] {python.py:173} INFO - Done. Returned value was: None
[2023-04-27 13:33:52,273] {taskinstance.py:1400} INFO - Marking task as SUCCESS. dag_id=multi_defence_dag, task_id=Defence3, execution_date=20230427T133338, start_date=20230427T133351, end_date=20230427T133352
[2023-04-27 13:33:52,335] {local_task_job.py:156} INFO - Task exited with return code 0
[2023-04-27 13:33:52,419] {local_task_job.py:273} INFO - 1 downstream tasks scheduled from follow-on schedule check
