[2023-03-23 15:01:28,668] {taskinstance.py:1159} INFO - Dependencies all met for <TaskInstance: multi_defence_dag.choose_defence manual__2023-03-23T15:01:17.427334+00:00 [queued]>
[2023-03-23 15:01:28,708] {taskinstance.py:1159} INFO - Dependencies all met for <TaskInstance: multi_defence_dag.choose_defence manual__2023-03-23T15:01:17.427334+00:00 [queued]>
[2023-03-23 15:01:28,709] {taskinstance.py:1356} INFO - 
--------------------------------------------------------------------------------
[2023-03-23 15:01:28,716] {taskinstance.py:1357} INFO - Starting attempt 1 of 2
[2023-03-23 15:01:28,717] {taskinstance.py:1358} INFO - 
--------------------------------------------------------------------------------
[2023-03-23 15:01:28,766] {taskinstance.py:1377} INFO - Executing <Task(PythonOperator): choose_defence> on 2023-03-23 15:01:17.427334+00:00
[2023-03-23 15:01:28,780] {standard_task_runner.py:52} INFO - Started process 11094 to run task
[2023-03-23 15:01:28,791] {standard_task_runner.py:79} INFO - Running: ['***', 'tasks', 'run', 'multi_defence_dag', 'choose_defence', 'manual__2023-03-23T15:01:17.427334+00:00', '--job-id', '2759', '--raw', '--subdir', 'DAGS_FOLDER/defence_dag.py', '--cfg-path', '/tmp/tmptica7769', '--error-file', '/tmp/tmpuhtfawam']
[2023-03-23 15:01:28,794] {standard_task_runner.py:80} INFO - Job 2759: Subtask choose_defence
[2023-03-23 15:01:29,066] {task_command.py:369} INFO - Running <TaskInstance: multi_defence_dag.choose_defence manual__2023-03-23T15:01:17.427334+00:00 [running]> on host 6447f1dacd32
[2023-03-23 15:01:29,504] {taskinstance.py:1571} INFO - Exporting the following env vars:
AIRFLOW_CTX_DAG_OWNER=***
AIRFLOW_CTX_DAG_ID=multi_defence_dag
AIRFLOW_CTX_TASK_ID=choose_defence
AIRFLOW_CTX_EXECUTION_DATE=2023-03-23T15:01:17.427334+00:00
AIRFLOW_CTX_TRY_NUMBER=1
AIRFLOW_CTX_DAG_RUN_ID=manual__2023-03-23T15:01:17.427334+00:00
[2023-03-23 15:01:29,731] {python.py:173} INFO - Done. Returned value was: None
[2023-03-23 15:01:29,788] {taskinstance.py:1400} INFO - Marking task as SUCCESS. dag_id=multi_defence_dag, task_id=choose_defence, execution_date=20230323T150117, start_date=20230323T150128, end_date=20230323T150129
[2023-03-23 15:01:29,855] {local_task_job.py:156} INFO - Task exited with return code 0
[2023-03-23 15:01:30,144] {local_task_job.py:273} INFO - 3 downstream tasks scheduled from follow-on schedule check
