[2023-04-18 06:16:04,402] {taskinstance.py:1159} INFO - Dependencies all met for <TaskInstance: multi_sklearn_attack_dag.trigger_defence scheduled__2023-04-16T00:00:00+00:00 [queued]>
[2023-04-18 06:16:04,413] {taskinstance.py:1159} INFO - Dependencies all met for <TaskInstance: multi_sklearn_attack_dag.trigger_defence scheduled__2023-04-16T00:00:00+00:00 [queued]>
[2023-04-18 06:16:04,414] {taskinstance.py:1356} INFO - 
--------------------------------------------------------------------------------
[2023-04-18 06:16:04,415] {taskinstance.py:1357} INFO - Starting attempt 1 of 2
[2023-04-18 06:16:04,416] {taskinstance.py:1358} INFO - 
--------------------------------------------------------------------------------
[2023-04-18 06:16:04,432] {taskinstance.py:1377} INFO - Executing <Task(TriggerDagRunOperator): trigger_defence> on 2023-04-16 00:00:00+00:00
[2023-04-18 06:16:04,452] {standard_task_runner.py:52} INFO - Started process 376 to run task
[2023-04-18 06:16:04,458] {standard_task_runner.py:79} INFO - Running: ['***', 'tasks', 'run', 'multi_sklearn_attack_dag', 'trigger_defence', 'scheduled__2023-04-16T00:00:00+00:00', '--job-id', '5473', '--raw', '--subdir', 'DAGS_FOLDER/sklearn_attack_dag.py', '--cfg-path', '/tmp/tmpd6k7jf0e', '--error-file', '/tmp/tmpacldaoo1']
[2023-04-18 06:16:04,460] {standard_task_runner.py:80} INFO - Job 5473: Subtask trigger_defence
[2023-04-18 06:16:04,531] {task_command.py:369} INFO - Running <TaskInstance: multi_sklearn_attack_dag.trigger_defence scheduled__2023-04-16T00:00:00+00:00 [running]> on host a3dd7d962104
[2023-04-18 06:16:04,614] {taskinstance.py:1571} INFO - Exporting the following env vars:
AIRFLOW_CTX_DAG_OWNER=***
AIRFLOW_CTX_DAG_ID=multi_sklearn_attack_dag
AIRFLOW_CTX_TASK_ID=trigger_defence
AIRFLOW_CTX_EXECUTION_DATE=2023-04-16T00:00:00+00:00
AIRFLOW_CTX_TRY_NUMBER=1
AIRFLOW_CTX_DAG_RUN_ID=scheduled__2023-04-16T00:00:00+00:00
[2023-04-18 06:16:06,693] {taskinstance.py:1400} INFO - Marking task as SUCCESS. dag_id=multi_sklearn_attack_dag, task_id=trigger_defence, execution_date=20230416T000000, start_date=20230418T061604, end_date=20230418T061606
[2023-04-18 06:16:06,765] {local_task_job.py:156} INFO - Task exited with return code 0
[2023-04-18 06:16:06,858] {local_task_job.py:273} INFO - 0 downstream tasks scheduled from follow-on schedule check
