[2023-04-16 17:07:01,349] {taskinstance.py:1159} INFO - Dependencies all met for <TaskInstance: multi_attack_dag.to_attack_BasicIterativeMethod manual__2023-04-16T17:06:10.065385+00:00 [queued]>
[2023-04-16 17:07:01,440] {taskinstance.py:1159} INFO - Dependencies all met for <TaskInstance: multi_attack_dag.to_attack_BasicIterativeMethod manual__2023-04-16T17:06:10.065385+00:00 [queued]>
[2023-04-16 17:07:01,441] {taskinstance.py:1356} INFO - 
--------------------------------------------------------------------------------
[2023-04-16 17:07:01,448] {taskinstance.py:1357} INFO - Starting attempt 1 of 2
[2023-04-16 17:07:01,488] {taskinstance.py:1358} INFO - 
--------------------------------------------------------------------------------
[2023-04-16 17:07:01,649] {taskinstance.py:1377} INFO - Executing <Task(BranchPythonOperator): to_attack_BasicIterativeMethod> on 2023-04-16 17:06:10.065385+00:00
[2023-04-16 17:07:01,770] {standard_task_runner.py:52} INFO - Started process 237 to run task
[2023-04-16 17:07:01,849] {standard_task_runner.py:79} INFO - Running: ['***', 'tasks', 'run', 'multi_attack_dag', 'to_attack_BasicIterativeMethod', 'manual__2023-04-16T17:06:10.065385+00:00', '--job-id', '5306', '--raw', '--subdir', 'DAGS_FOLDER/attack_dag.py', '--cfg-path', '/tmp/tmpjw41b0l2', '--error-file', '/tmp/tmpznllk8vb']
[2023-04-16 17:07:01,920] {standard_task_runner.py:80} INFO - Job 5306: Subtask to_attack_BasicIterativeMethod
[2023-04-16 17:07:02,440] {task_command.py:369} INFO - Running <TaskInstance: multi_attack_dag.to_attack_BasicIterativeMethod manual__2023-04-16T17:06:10.065385+00:00 [running]> on host 6c1ce3ac9ba0
[2023-04-16 17:07:03,259] {taskinstance.py:1571} INFO - Exporting the following env vars:
AIRFLOW_CTX_DAG_OWNER=***
AIRFLOW_CTX_DAG_ID=multi_attack_dag
AIRFLOW_CTX_TASK_ID=to_attack_BasicIterativeMethod
AIRFLOW_CTX_EXECUTION_DATE=2023-04-16T17:06:10.065385+00:00
AIRFLOW_CTX_TRY_NUMBER=1
AIRFLOW_CTX_DAG_RUN_ID=manual__2023-04-16T17:06:10.065385+00:00
[2023-04-16 17:07:03,380] {python.py:173} INFO - Done. Returned value was: attack_BasicIterativeMethod
[2023-04-16 17:07:03,381] {skipmixin.py:140} INFO - Following branch attack_BasicIterativeMethod
[2023-04-16 17:07:03,389] {skipmixin.py:175} INFO - Skipping tasks ['default']
[2023-04-16 17:07:03,920] {taskinstance.py:1400} INFO - Marking task as SUCCESS. dag_id=multi_attack_dag, task_id=to_attack_BasicIterativeMethod, execution_date=20230416T170610, start_date=20230416T170701, end_date=20230416T170703
[2023-04-16 17:07:04,081] {local_task_job.py:156} INFO - Task exited with return code 0
[2023-04-16 17:07:04,620] {local_task_job.py:273} INFO - 1 downstream tasks scheduled from follow-on schedule check
