[2023-03-23 15:18:41,850] {taskinstance.py:1159} INFO - Dependencies all met for <TaskInstance: multi_attack_dag.metadata manual__2023-03-23T15:18:29.120278+00:00 [queued]>
[2023-03-23 15:18:41,897] {taskinstance.py:1159} INFO - Dependencies all met for <TaskInstance: multi_attack_dag.metadata manual__2023-03-23T15:18:29.120278+00:00 [queued]>
[2023-03-23 15:18:41,899] {taskinstance.py:1356} INFO - 
--------------------------------------------------------------------------------
[2023-03-23 15:18:41,902] {taskinstance.py:1357} INFO - Starting attempt 1 of 2
[2023-03-23 15:18:41,903] {taskinstance.py:1358} INFO - 
--------------------------------------------------------------------------------
[2023-03-23 15:18:42,000] {taskinstance.py:1377} INFO - Executing <Task(PythonOperator): metadata> on 2023-03-23 15:18:29.120278+00:00
[2023-03-23 15:18:42,041] {standard_task_runner.py:52} INFO - Started process 12049 to run task
[2023-03-23 15:18:42,063] {standard_task_runner.py:79} INFO - Running: ['***', 'tasks', 'run', 'multi_attack_dag', 'metadata', 'manual__2023-03-23T15:18:29.120278+00:00', '--job-id', '3007', '--raw', '--subdir', 'DAGS_FOLDER/attack_dag.py', '--cfg-path', '/tmp/tmpiygicblo', '--error-file', '/tmp/tmppt2sc157']
[2023-03-23 15:18:42,069] {standard_task_runner.py:80} INFO - Job 3007: Subtask metadata
[2023-03-23 15:18:42,449] {task_command.py:369} INFO - Running <TaskInstance: multi_attack_dag.metadata manual__2023-03-23T15:18:29.120278+00:00 [running]> on host 6447f1dacd32
[2023-03-23 15:18:42,853] {taskinstance.py:1571} INFO - Exporting the following env vars:
AIRFLOW_CTX_DAG_OWNER=***
AIRFLOW_CTX_DAG_ID=multi_attack_dag
AIRFLOW_CTX_TASK_ID=metadata
AIRFLOW_CTX_EXECUTION_DATE=2023-03-23T15:18:29.120278+00:00
AIRFLOW_CTX_TRY_NUMBER=1
AIRFLOW_CTX_DAG_RUN_ID=manual__2023-03-23T15:18:29.120278+00:00
[2023-03-23 15:18:42,894] {transport.py:157} INFO - Attempting refresh to obtain initial access_token
[2023-03-23 15:18:42,904] {client.py:777} INFO - Refreshing access_token
[2023-03-23 15:18:44,080] {python.py:173} INFO - Done. Returned value was: None
[2023-03-23 15:18:44,177] {taskinstance.py:1400} INFO - Marking task as SUCCESS. dag_id=multi_attack_dag, task_id=metadata, execution_date=20230323T151829, start_date=20230323T151841, end_date=20230323T151844
[2023-03-23 15:18:44,300] {local_task_job.py:156} INFO - Task exited with return code 0
[2023-03-23 15:18:44,553] {local_task_job.py:273} INFO - 3 downstream tasks scheduled from follow-on schedule check
