[2023-04-27 15:14:51,899] {taskinstance.py:1159} INFO - Dependencies all met for <TaskInstance: multi_defence_dag.Defence1 manual__2023-04-27T15:14:42.947829+00:00 [queued]>
[2023-04-27 15:14:51,913] {taskinstance.py:1159} INFO - Dependencies all met for <TaskInstance: multi_defence_dag.Defence1 manual__2023-04-27T15:14:42.947829+00:00 [queued]>
[2023-04-27 15:14:51,914] {taskinstance.py:1356} INFO - 
--------------------------------------------------------------------------------
[2023-04-27 15:14:51,915] {taskinstance.py:1357} INFO - Starting attempt 1 of 2
[2023-04-27 15:14:51,915] {taskinstance.py:1358} INFO - 
--------------------------------------------------------------------------------
[2023-04-27 15:14:51,931] {taskinstance.py:1377} INFO - Executing <Task(PythonOperator): Defence1> on 2023-04-27 15:14:42.947829+00:00
[2023-04-27 15:14:51,941] {standard_task_runner.py:52} INFO - Started process 3571 to run task
[2023-04-27 15:14:51,946] {standard_task_runner.py:79} INFO - Running: ['***', 'tasks', 'run', 'multi_defence_dag', 'Defence1', 'manual__2023-04-27T15:14:42.947829+00:00', '--job-id', '7000', '--raw', '--subdir', 'DAGS_FOLDER/defence_dag.py', '--cfg-path', '/tmp/tmpxumtcbls', '--error-file', '/tmp/tmpz24vv294']
[2023-04-27 15:14:51,948] {standard_task_runner.py:80} INFO - Job 7000: Subtask Defence1
[2023-04-27 15:14:52,016] {task_command.py:369} INFO - Running <TaskInstance: multi_defence_dag.Defence1 manual__2023-04-27T15:14:42.947829+00:00 [running]> on host e7e31d5a6603
[2023-04-27 15:14:52,100] {taskinstance.py:1571} INFO - Exporting the following env vars:
AIRFLOW_CTX_DAG_OWNER=***
AIRFLOW_CTX_DAG_ID=multi_defence_dag
AIRFLOW_CTX_TASK_ID=Defence1
AIRFLOW_CTX_EXECUTION_DATE=2023-04-27T15:14:42.947829+00:00
AIRFLOW_CTX_TRY_NUMBER=1
AIRFLOW_CTX_DAG_RUN_ID=manual__2023-04-27T15:14:42.947829+00:00
[2023-04-27 15:14:52,125] {python.py:173} INFO - Done. Returned value was: None
[2023-04-27 15:14:52,148] {taskinstance.py:1400} INFO - Marking task as SUCCESS. dag_id=multi_defence_dag, task_id=Defence1, execution_date=20230427T151442, start_date=20230427T151451, end_date=20230427T151452
[2023-04-27 15:14:52,199] {local_task_job.py:156} INFO - Task exited with return code 0
[2023-04-27 15:14:52,248] {local_task_job.py:273} INFO - 0 downstream tasks scheduled from follow-on schedule check
