[2023-04-09 08:46:23,701] {taskinstance.py:1159} INFO - Dependencies all met for <TaskInstance: multi_defence_dag.to_defence3 manual__2023-04-09T08:45:35.384331+00:00 [queued]>
[2023-04-09 08:46:23,776] {taskinstance.py:1159} INFO - Dependencies all met for <TaskInstance: multi_defence_dag.to_defence3 manual__2023-04-09T08:45:35.384331+00:00 [queued]>
[2023-04-09 08:46:23,780] {taskinstance.py:1356} INFO - 
--------------------------------------------------------------------------------
[2023-04-09 08:46:23,781] {taskinstance.py:1357} INFO - Starting attempt 1 of 2
[2023-04-09 08:46:23,781] {taskinstance.py:1358} INFO - 
--------------------------------------------------------------------------------
[2023-04-09 08:46:23,881] {taskinstance.py:1377} INFO - Executing <Task(BranchPythonOperator): to_defence3> on 2023-04-09 08:45:35.384331+00:00
[2023-04-09 08:46:24,037] {standard_task_runner.py:52} INFO - Started process 5031 to run task
[2023-04-09 08:46:24,072] {standard_task_runner.py:79} INFO - Running: ['***', 'tasks', 'run', 'multi_defence_dag', 'to_defence3', 'manual__2023-04-09T08:45:35.384331+00:00', '--job-id', '4824', '--raw', '--subdir', 'DAGS_FOLDER/defence_dag.py', '--cfg-path', '/tmp/tmpxgvyy824', '--error-file', '/tmp/tmpmd3elrf9']
[2023-04-09 08:46:24,138] {standard_task_runner.py:80} INFO - Job 4824: Subtask to_defence3
[2023-04-09 08:46:24,398] {task_command.py:369} INFO - Running <TaskInstance: multi_defence_dag.to_defence3 manual__2023-04-09T08:45:35.384331+00:00 [running]> on host ff3d40af78f9
[2023-04-09 08:46:24,782] {taskinstance.py:1571} INFO - Exporting the following env vars:
AIRFLOW_CTX_DAG_OWNER=***
AIRFLOW_CTX_DAG_ID=multi_defence_dag
AIRFLOW_CTX_TASK_ID=to_defence3
AIRFLOW_CTX_EXECUTION_DATE=2023-04-09T08:45:35.384331+00:00
AIRFLOW_CTX_TRY_NUMBER=1
AIRFLOW_CTX_DAG_RUN_ID=manual__2023-04-09T08:45:35.384331+00:00
[2023-04-09 08:46:24,830] {python.py:173} INFO - Done. Returned value was: Defence3
[2023-04-09 08:46:24,834] {skipmixin.py:140} INFO - Following branch Defence3
[2023-04-09 08:46:24,835] {skipmixin.py:175} INFO - Skipping tasks ['default']
[2023-04-09 08:46:25,012] {taskinstance.py:1400} INFO - Marking task as SUCCESS. dag_id=multi_defence_dag, task_id=to_defence3, execution_date=20230409T084535, start_date=20230409T084623, end_date=20230409T084625
[2023-04-09 08:46:25,130] {local_task_job.py:156} INFO - Task exited with return code 0
[2023-04-09 08:46:25,516] {local_task_job.py:273} INFO - 0 downstream tasks scheduled from follow-on schedule check
