[2023-03-16 11:57:24,738] {taskinstance.py:1159} INFO - Dependencies all met for <TaskInstance: defence_dag.defence1 manual__2023-03-12T15:19:16.588499+00:00 [queued]>
[2023-03-16 11:57:24,814] {taskinstance.py:1159} INFO - Dependencies all met for <TaskInstance: defence_dag.defence1 manual__2023-03-12T15:19:16.588499+00:00 [queued]>
[2023-03-16 11:57:24,823] {taskinstance.py:1356} INFO - 
--------------------------------------------------------------------------------
[2023-03-16 11:57:24,823] {taskinstance.py:1357} INFO - Starting attempt 2 of 2
[2023-03-16 11:57:24,828] {taskinstance.py:1358} INFO - 
--------------------------------------------------------------------------------
[2023-03-16 11:57:24,931] {taskinstance.py:1377} INFO - Executing <Task(PythonOperator): defence1> on 2023-03-12 15:19:16.588499+00:00
[2023-03-16 11:57:24,940] {standard_task_runner.py:52} INFO - Started process 963 to run task
[2023-03-16 11:57:24,947] {standard_task_runner.py:79} INFO - Running: ['***', 'tasks', 'run', 'defence_dag', 'defence1', 'manual__2023-03-12T15:19:16.588499+00:00', '--job-id', '1081', '--raw', '--subdir', 'DAGS_FOLDER/defese.py', '--cfg-path', '/tmp/tmpz61f7ova', '--error-file', '/tmp/tmpydo_vt0l']
[2023-03-16 11:57:24,948] {standard_task_runner.py:80} INFO - Job 1081: Subtask defence1
[2023-03-16 11:57:25,331] {task_command.py:369} INFO - Running <TaskInstance: defence_dag.defence1 manual__2023-03-12T15:19:16.588499+00:00 [running]> on host 596adcca7378
[2023-03-16 11:57:25,794] {taskinstance.py:1571} INFO - Exporting the following env vars:
AIRFLOW_CTX_DAG_OWNER=***
AIRFLOW_CTX_DAG_ID=defence_dag
AIRFLOW_CTX_TASK_ID=defence1
AIRFLOW_CTX_EXECUTION_DATE=2023-03-12T15:19:16.588499+00:00
AIRFLOW_CTX_TRY_NUMBER=2
AIRFLOW_CTX_DAG_RUN_ID=manual__2023-03-12T15:19:16.588499+00:00
[2023-03-16 11:57:25,796] {logging_mixin.py:115} INFO - defensing
[2023-03-16 11:57:25,797] {python.py:173} INFO - Done. Returned value was: None
[2023-03-16 11:57:25,898] {taskinstance.py:1400} INFO - Marking task as SUCCESS. dag_id=defence_dag, task_id=defence1, execution_date=20230312T151916, start_date=20230316T115724, end_date=20230316T115725
[2023-03-16 11:57:26,024] {local_task_job.py:156} INFO - Task exited with return code 0
[2023-03-16 11:57:26,158] {local_task_job.py:273} INFO - 1 downstream tasks scheduled from follow-on schedule check
