[2023-04-18 06:14:11,354] {taskinstance.py:1159} INFO - Dependencies all met for <TaskInstance: multi_defence_dag.Defence3 scheduled__2023-04-17T00:00:00+00:00 [queued]>
[2023-04-18 06:14:11,482] {taskinstance.py:1159} INFO - Dependencies all met for <TaskInstance: multi_defence_dag.Defence3 scheduled__2023-04-17T00:00:00+00:00 [queued]>
[2023-04-18 06:14:11,483] {taskinstance.py:1356} INFO - 
--------------------------------------------------------------------------------
[2023-04-18 06:14:11,484] {taskinstance.py:1357} INFO - Starting attempt 1 of 2
[2023-04-18 06:14:11,485] {taskinstance.py:1358} INFO - 
--------------------------------------------------------------------------------
[2023-04-18 06:14:11,615] {taskinstance.py:1377} INFO - Executing <Task(PythonOperator): Defence3> on 2023-04-17 00:00:00+00:00
[2023-04-18 06:14:11,642] {standard_task_runner.py:52} INFO - Started process 244 to run task
[2023-04-18 06:14:11,666] {standard_task_runner.py:79} INFO - Running: ['***', 'tasks', 'run', 'multi_defence_dag', 'Defence3', 'scheduled__2023-04-17T00:00:00+00:00', '--job-id', '5449', '--raw', '--subdir', 'DAGS_FOLDER/defence_dag.py', '--cfg-path', '/tmp/tmpsjriq0lw', '--error-file', '/tmp/tmpfsp5kugq']
[2023-04-18 06:14:11,673] {standard_task_runner.py:80} INFO - Job 5449: Subtask Defence3
[2023-04-18 06:14:12,023] {task_command.py:369} INFO - Running <TaskInstance: multi_defence_dag.Defence3 scheduled__2023-04-17T00:00:00+00:00 [running]> on host a3dd7d962104
[2023-04-18 06:14:12,444] {taskinstance.py:1571} INFO - Exporting the following env vars:
AIRFLOW_CTX_DAG_OWNER=***
AIRFLOW_CTX_DAG_ID=multi_defence_dag
AIRFLOW_CTX_TASK_ID=Defence3
AIRFLOW_CTX_EXECUTION_DATE=2023-04-17T00:00:00+00:00
AIRFLOW_CTX_TRY_NUMBER=1
AIRFLOW_CTX_DAG_RUN_ID=scheduled__2023-04-17T00:00:00+00:00
[2023-04-18 06:14:12,560] {python.py:173} INFO - Done. Returned value was: None
[2023-04-18 06:14:12,875] {taskinstance.py:1400} INFO - Marking task as SUCCESS. dag_id=multi_defence_dag, task_id=Defence3, execution_date=20230417T000000, start_date=20230418T061411, end_date=20230418T061412
[2023-04-18 06:14:13,026] {local_task_job.py:156} INFO - Task exited with return code 0
[2023-04-18 06:14:13,237] {local_task_job.py:273} INFO - 1 downstream tasks scheduled from follow-on schedule check
