[2023-03-28 14:18:00,879] {taskinstance.py:1159} INFO - Dependencies all met for <TaskInstance: defence_dag2.defence1 manual__2023-03-28T14:17:55.457290+00:00 [queued]>
[2023-03-28 14:18:00,889] {taskinstance.py:1159} INFO - Dependencies all met for <TaskInstance: defence_dag2.defence1 manual__2023-03-28T14:17:55.457290+00:00 [queued]>
[2023-03-28 14:18:00,889] {taskinstance.py:1356} INFO - 
--------------------------------------------------------------------------------
[2023-03-28 14:18:00,890] {taskinstance.py:1357} INFO - Starting attempt 1 of 1
[2023-03-28 14:18:00,891] {taskinstance.py:1358} INFO - 
--------------------------------------------------------------------------------
[2023-03-28 14:18:00,904] {taskinstance.py:1377} INFO - Executing <Task(PythonOperator): defence1> on 2023-03-28 14:17:55.457290+00:00
[2023-03-28 14:18:00,911] {standard_task_runner.py:52} INFO - Started process 8474 to run task
[2023-03-28 14:18:00,915] {standard_task_runner.py:79} INFO - Running: ['***', 'tasks', 'run', 'defence_dag2', 'defence1', 'manual__2023-03-28T14:17:55.457290+00:00', '--job-id', '4614', '--raw', '--subdir', 'DAGS_FOLDER/defese.py', '--cfg-path', '/tmp/tmpi8h86p99', '--error-file', '/tmp/tmp4vmnhul8']
[2023-03-28 14:18:00,915] {standard_task_runner.py:80} INFO - Job 4614: Subtask defence1
[2023-03-28 14:18:00,985] {task_command.py:369} INFO - Running <TaskInstance: defence_dag2.defence1 manual__2023-03-28T14:17:55.457290+00:00 [running]> on host ff3d40af78f9
[2023-03-28 14:18:01,061] {taskinstance.py:1571} INFO - Exporting the following env vars:
AIRFLOW_CTX_DAG_OWNER=***
AIRFLOW_CTX_DAG_ID=defence_dag2
AIRFLOW_CTX_TASK_ID=defence1
AIRFLOW_CTX_EXECUTION_DATE=2023-03-28T14:17:55.457290+00:00
AIRFLOW_CTX_TRY_NUMBER=1
AIRFLOW_CTX_DAG_RUN_ID=manual__2023-03-28T14:17:55.457290+00:00
[2023-03-28 14:18:01,088] {logging_mixin.py:115} INFO - defensing
[2023-03-28 14:18:01,088] {python.py:173} INFO - Done. Returned value was: None
[2023-03-28 14:18:01,099] {taskinstance.py:1400} INFO - Marking task as SUCCESS. dag_id=defence_dag2, task_id=defence1, execution_date=20230328T141755, start_date=20230328T141800, end_date=20230328T141801
[2023-03-28 14:18:01,127] {local_task_job.py:156} INFO - Task exited with return code 0
[2023-03-28 14:18:01,194] {local_task_job.py:273} INFO - 1 downstream tasks scheduled from follow-on schedule check
