[2023-03-23 15:15:38,569] {taskinstance.py:1159} INFO - Dependencies all met for <TaskInstance: multi_defence_dag.Defence1 manual__2023-03-23T15:15:17.158319+00:00 [queued]>
[2023-03-23 15:15:38,644] {taskinstance.py:1159} INFO - Dependencies all met for <TaskInstance: multi_defence_dag.Defence1 manual__2023-03-23T15:15:17.158319+00:00 [queued]>
[2023-03-23 15:15:38,646] {taskinstance.py:1356} INFO - 
--------------------------------------------------------------------------------
[2023-03-23 15:15:38,648] {taskinstance.py:1357} INFO - Starting attempt 1 of 2
[2023-03-23 15:15:38,649] {taskinstance.py:1358} INFO - 
--------------------------------------------------------------------------------
[2023-03-23 15:15:38,719] {taskinstance.py:1377} INFO - Executing <Task(PythonOperator): Defence1> on 2023-03-23 15:15:17.158319+00:00
[2023-03-23 15:15:38,735] {standard_task_runner.py:52} INFO - Started process 11770 to run task
[2023-03-23 15:15:38,757] {standard_task_runner.py:79} INFO - Running: ['***', 'tasks', 'run', 'multi_defence_dag', 'Defence1', 'manual__2023-03-23T15:15:17.158319+00:00', '--job-id', '2917', '--raw', '--subdir', 'DAGS_FOLDER/defence_dag.py', '--cfg-path', '/tmp/tmp4mu7z0qm', '--error-file', '/tmp/tmpup5c_kko']
[2023-03-23 15:15:38,764] {standard_task_runner.py:80} INFO - Job 2917: Subtask Defence1
[2023-03-23 15:15:39,114] {task_command.py:369} INFO - Running <TaskInstance: multi_defence_dag.Defence1 manual__2023-03-23T15:15:17.158319+00:00 [running]> on host 6447f1dacd32
[2023-03-23 15:15:39,590] {taskinstance.py:1571} INFO - Exporting the following env vars:
AIRFLOW_CTX_DAG_OWNER=***
AIRFLOW_CTX_DAG_ID=multi_defence_dag
AIRFLOW_CTX_TASK_ID=Defence1
AIRFLOW_CTX_EXECUTION_DATE=2023-03-23T15:15:17.158319+00:00
AIRFLOW_CTX_TRY_NUMBER=1
AIRFLOW_CTX_DAG_RUN_ID=manual__2023-03-23T15:15:17.158319+00:00
[2023-03-23 15:15:39,697] {python.py:173} INFO - Done. Returned value was: None
[2023-03-23 15:15:39,799] {taskinstance.py:1400} INFO - Marking task as SUCCESS. dag_id=multi_defence_dag, task_id=Defence1, execution_date=20230323T151517, start_date=20230323T151538, end_date=20230323T151539
[2023-03-23 15:15:39,863] {local_task_job.py:156} INFO - Task exited with return code 0
[2023-03-23 15:15:40,142] {local_task_job.py:273} INFO - 0 downstream tasks scheduled from follow-on schedule check
