[2023-04-30 11:09:01,952] {taskinstance.py:1159} INFO - Dependencies all met for <TaskInstance: multi_defence_dag.Defence2 manual__2023-04-30T11:08:46.506454+00:00 [queued]>
[2023-04-30 11:09:01,989] {taskinstance.py:1159} INFO - Dependencies all met for <TaskInstance: multi_defence_dag.Defence2 manual__2023-04-30T11:08:46.506454+00:00 [queued]>
[2023-04-30 11:09:01,991] {taskinstance.py:1356} INFO - 
--------------------------------------------------------------------------------
[2023-04-30 11:09:01,993] {taskinstance.py:1357} INFO - Starting attempt 1 of 2
[2023-04-30 11:09:01,993] {taskinstance.py:1358} INFO - 
--------------------------------------------------------------------------------
[2023-04-30 11:09:02,045] {taskinstance.py:1377} INFO - Executing <Task(PythonOperator): Defence2> on 2023-04-30 11:08:46.506454+00:00
[2023-04-30 11:09:02,067] {standard_task_runner.py:52} INFO - Started process 443 to run task
[2023-04-30 11:09:02,077] {standard_task_runner.py:79} INFO - Running: ['***', 'tasks', 'run', 'multi_defence_dag', 'Defence2', 'manual__2023-04-30T11:08:46.506454+00:00', '--job-id', '7446', '--raw', '--subdir', 'DAGS_FOLDER/defence_dag.py', '--cfg-path', '/tmp/tmpc2vz253z', '--error-file', '/tmp/tmpna__sdby']
[2023-04-30 11:09:02,081] {standard_task_runner.py:80} INFO - Job 7446: Subtask Defence2
[2023-04-30 11:09:02,219] {task_command.py:369} INFO - Running <TaskInstance: multi_defence_dag.Defence2 manual__2023-04-30T11:08:46.506454+00:00 [running]> on host 873e5d3a4399
[2023-04-30 11:09:02,417] {taskinstance.py:1571} INFO - Exporting the following env vars:
AIRFLOW_CTX_DAG_OWNER=***
AIRFLOW_CTX_DAG_ID=multi_defence_dag
AIRFLOW_CTX_TASK_ID=Defence2
AIRFLOW_CTX_EXECUTION_DATE=2023-04-30T11:08:46.506454+00:00
AIRFLOW_CTX_TRY_NUMBER=1
AIRFLOW_CTX_DAG_RUN_ID=manual__2023-04-30T11:08:46.506454+00:00
[2023-04-30 11:09:02,515] {python.py:173} INFO - Done. Returned value was: None
[2023-04-30 11:09:02,590] {taskinstance.py:1400} INFO - Marking task as SUCCESS. dag_id=multi_defence_dag, task_id=Defence2, execution_date=20230430T110846, start_date=20230430T110901, end_date=20230430T110902
[2023-04-30 11:09:02,666] {local_task_job.py:156} INFO - Task exited with return code 0
[2023-04-30 11:09:02,863] {local_task_job.py:273} INFO - 1 downstream tasks scheduled from follow-on schedule check
