[2023-03-23 15:16:08,121] {taskinstance.py:1159} INFO - Dependencies all met for <TaskInstance: multi_attack_dag.trigger_defence manual__2023-03-23T15:15:33.717943+00:00 [queued]>
[2023-03-23 15:16:08,182] {taskinstance.py:1159} INFO - Dependencies all met for <TaskInstance: multi_attack_dag.trigger_defence manual__2023-03-23T15:15:33.717943+00:00 [queued]>
[2023-03-23 15:16:08,185] {taskinstance.py:1356} INFO - 
--------------------------------------------------------------------------------
[2023-03-23 15:16:08,192] {taskinstance.py:1357} INFO - Starting attempt 1 of 2
[2023-03-23 15:16:08,193] {taskinstance.py:1358} INFO - 
--------------------------------------------------------------------------------
[2023-03-23 15:16:08,284] {taskinstance.py:1377} INFO - Executing <Task(TriggerDagRunOperator): trigger_defence> on 2023-03-23 15:15:33.717943+00:00
[2023-03-23 15:16:08,306] {standard_task_runner.py:52} INFO - Started process 11819 to run task
[2023-03-23 15:16:08,325] {standard_task_runner.py:79} INFO - Running: ['***', 'tasks', 'run', 'multi_attack_dag', 'trigger_defence', 'manual__2023-03-23T15:15:33.717943+00:00', '--job-id', '2932', '--raw', '--subdir', 'DAGS_FOLDER/attack_dag.py', '--cfg-path', '/tmp/tmpz_du0b7r', '--error-file', '/tmp/tmpl4_92ftc']
[2023-03-23 15:16:08,331] {standard_task_runner.py:80} INFO - Job 2932: Subtask trigger_defence
[2023-03-23 15:16:08,631] {task_command.py:369} INFO - Running <TaskInstance: multi_attack_dag.trigger_defence manual__2023-03-23T15:15:33.717943+00:00 [running]> on host 6447f1dacd32
[2023-03-23 15:16:09,081] {taskinstance.py:1571} INFO - Exporting the following env vars:
AIRFLOW_CTX_DAG_OWNER=***
AIRFLOW_CTX_DAG_ID=multi_attack_dag
AIRFLOW_CTX_TASK_ID=trigger_defence
AIRFLOW_CTX_EXECUTION_DATE=2023-03-23T15:15:33.717943+00:00
AIRFLOW_CTX_TRY_NUMBER=1
AIRFLOW_CTX_DAG_RUN_ID=manual__2023-03-23T15:15:33.717943+00:00
[2023-03-23 15:16:15,132] {taskinstance.py:1400} INFO - Marking task as SUCCESS. dag_id=multi_attack_dag, task_id=trigger_defence, execution_date=20230323T151533, start_date=20230323T151608, end_date=20230323T151615
[2023-03-23 15:16:15,239] {local_task_job.py:156} INFO - Task exited with return code 0
[2023-03-23 15:16:15,360] {local_task_job.py:273} INFO - 0 downstream tasks scheduled from follow-on schedule check
