[2023-04-16 13:28:42,171] {taskinstance.py:1159} INFO - Dependencies all met for <TaskInstance: multi_attack_dag.to_attack_BasicIterativeMethod scheduled__2023-04-09T00:00:00+00:00 [queued]>
[2023-04-16 13:28:42,241] {taskinstance.py:1159} INFO - Dependencies all met for <TaskInstance: multi_attack_dag.to_attack_BasicIterativeMethod scheduled__2023-04-09T00:00:00+00:00 [queued]>
[2023-04-16 13:28:42,242] {taskinstance.py:1356} INFO - 
--------------------------------------------------------------------------------
[2023-04-16 13:28:42,251] {taskinstance.py:1357} INFO - Starting attempt 1 of 2
[2023-04-16 13:28:42,267] {taskinstance.py:1358} INFO - 
--------------------------------------------------------------------------------
[2023-04-16 13:28:42,368] {taskinstance.py:1377} INFO - Executing <Task(BranchPythonOperator): to_attack_BasicIterativeMethod> on 2023-04-09 00:00:00+00:00
[2023-04-16 13:28:42,431] {standard_task_runner.py:52} INFO - Started process 479 to run task
[2023-04-16 13:28:42,489] {standard_task_runner.py:79} INFO - Running: ['***', 'tasks', 'run', 'multi_attack_dag', 'to_attack_BasicIterativeMethod', 'scheduled__2023-04-09T00:00:00+00:00', '--job-id', '5166', '--raw', '--subdir', 'DAGS_FOLDER/attack_dag.py', '--cfg-path', '/tmp/tmpja6lplod', '--error-file', '/tmp/tmpwgjsc2oh']
[2023-04-16 13:28:42,510] {standard_task_runner.py:80} INFO - Job 5166: Subtask to_attack_BasicIterativeMethod
[2023-04-16 13:28:43,051] {task_command.py:369} INFO - Running <TaskInstance: multi_attack_dag.to_attack_BasicIterativeMethod scheduled__2023-04-09T00:00:00+00:00 [running]> on host c5458bb8a35c
[2023-04-16 13:28:43,647] {taskinstance.py:1571} INFO - Exporting the following env vars:
AIRFLOW_CTX_DAG_OWNER=***
AIRFLOW_CTX_DAG_ID=multi_attack_dag
AIRFLOW_CTX_TASK_ID=to_attack_BasicIterativeMethod
AIRFLOW_CTX_EXECUTION_DATE=2023-04-09T00:00:00+00:00
AIRFLOW_CTX_TRY_NUMBER=1
AIRFLOW_CTX_DAG_RUN_ID=scheduled__2023-04-09T00:00:00+00:00
[2023-04-16 13:28:43,702] {python.py:173} INFO - Done. Returned value was: attack_BasicIterativeMethod
[2023-04-16 13:28:43,717] {skipmixin.py:140} INFO - Following branch attack_BasicIterativeMethod
[2023-04-16 13:28:43,728] {skipmixin.py:175} INFO - Skipping tasks ['default']
[2023-04-16 13:28:44,028] {taskinstance.py:1400} INFO - Marking task as SUCCESS. dag_id=multi_attack_dag, task_id=to_attack_BasicIterativeMethod, execution_date=20230409T000000, start_date=20230416T132842, end_date=20230416T132844
[2023-04-16 13:28:44,127] {local_task_job.py:156} INFO - Task exited with return code 0
[2023-04-16 13:28:44,519] {local_task_job.py:273} INFO - 0 downstream tasks scheduled from follow-on schedule check
