[2023-03-28 10:29:59,133] {taskinstance.py:1159} INFO - Dependencies all met for <TaskInstance: defence_dag2.trigger_offence manual__2023-03-28T10:29:48.566487+00:00 [queued]>
[2023-03-28 10:29:59,147] {taskinstance.py:1159} INFO - Dependencies all met for <TaskInstance: defence_dag2.trigger_offence manual__2023-03-28T10:29:48.566487+00:00 [queued]>
[2023-03-28 10:29:59,148] {taskinstance.py:1356} INFO - 
--------------------------------------------------------------------------------
[2023-03-28 10:29:59,153] {taskinstance.py:1357} INFO - Starting attempt 1 of 1
[2023-03-28 10:29:59,154] {taskinstance.py:1358} INFO - 
--------------------------------------------------------------------------------
[2023-03-28 10:29:59,172] {taskinstance.py:1377} INFO - Executing <Task(TriggerDagRunOperator): trigger_offence> on 2023-03-28 10:29:48.566487+00:00
[2023-03-28 10:29:59,181] {standard_task_runner.py:52} INFO - Started process 2335 to run task
[2023-03-28 10:29:59,185] {standard_task_runner.py:79} INFO - Running: ['***', 'tasks', 'run', 'defence_dag2', 'trigger_offence', 'manual__2023-03-28T10:29:48.566487+00:00', '--job-id', '4299', '--raw', '--subdir', 'DAGS_FOLDER/defese.py', '--cfg-path', '/tmp/tmpvp_pr0xi', '--error-file', '/tmp/tmpo508m3nv']
[2023-03-28 10:29:59,186] {standard_task_runner.py:80} INFO - Job 4299: Subtask trigger_offence
[2023-03-28 10:29:59,256] {task_command.py:369} INFO - Running <TaskInstance: defence_dag2.trigger_offence manual__2023-03-28T10:29:48.566487+00:00 [running]> on host 70f8824ef075
[2023-03-28 10:29:59,352] {taskinstance.py:1571} INFO - Exporting the following env vars:
AIRFLOW_CTX_DAG_OWNER=***
AIRFLOW_CTX_DAG_ID=defence_dag2
AIRFLOW_CTX_TASK_ID=trigger_offence
AIRFLOW_CTX_EXECUTION_DATE=2023-03-28T10:29:48.566487+00:00
AIRFLOW_CTX_TRY_NUMBER=1
AIRFLOW_CTX_DAG_RUN_ID=manual__2023-03-28T10:29:48.566487+00:00
[2023-03-28 10:30:00,263] {taskinstance.py:1400} INFO - Marking task as SUCCESS. dag_id=defence_dag2, task_id=trigger_offence, execution_date=20230328T102948, start_date=20230328T102959, end_date=20230328T103000
[2023-03-28 10:30:00,323] {local_task_job.py:156} INFO - Task exited with return code 0
[2023-03-28 10:30:00,408] {local_task_job.py:273} INFO - 0 downstream tasks scheduled from follow-on schedule check
