[2023-04-16 13:25:42,942] {taskinstance.py:1159} INFO - Dependencies all met for <TaskInstance: multi_attack_dag.metadata manual__2023-04-16T13:25:23.747525+00:00 [queued]>
[2023-04-16 13:25:42,972] {taskinstance.py:1159} INFO - Dependencies all met for <TaskInstance: multi_attack_dag.metadata manual__2023-04-16T13:25:23.747525+00:00 [queued]>
[2023-04-16 13:25:42,972] {taskinstance.py:1356} INFO - 
--------------------------------------------------------------------------------
[2023-04-16 13:25:42,973] {taskinstance.py:1357} INFO - Starting attempt 1 of 2
[2023-04-16 13:25:42,974] {taskinstance.py:1358} INFO - 
--------------------------------------------------------------------------------
[2023-04-16 13:25:43,022] {taskinstance.py:1377} INFO - Executing <Task(PythonOperator): metadata> on 2023-04-16 13:25:23.747525+00:00
[2023-04-16 13:25:43,052] {standard_task_runner.py:52} INFO - Started process 289 to run task
[2023-04-16 13:25:43,074] {standard_task_runner.py:79} INFO - Running: ['***', 'tasks', 'run', 'multi_attack_dag', 'metadata', 'manual__2023-04-16T13:25:23.747525+00:00', '--job-id', '5137', '--raw', '--subdir', 'DAGS_FOLDER/attack_dag.py', '--cfg-path', '/tmp/tmpoiie9hr1', '--error-file', '/tmp/tmpvteqv9r0']
[2023-04-16 13:25:43,085] {standard_task_runner.py:80} INFO - Job 5137: Subtask metadata
[2023-04-16 13:25:43,325] {task_command.py:369} INFO - Running <TaskInstance: multi_attack_dag.metadata manual__2023-04-16T13:25:23.747525+00:00 [running]> on host c5458bb8a35c
[2023-04-16 13:25:43,612] {taskinstance.py:1571} INFO - Exporting the following env vars:
AIRFLOW_CTX_DAG_OWNER=***
AIRFLOW_CTX_DAG_ID=multi_attack_dag
AIRFLOW_CTX_TASK_ID=metadata
AIRFLOW_CTX_EXECUTION_DATE=2023-04-16T13:25:23.747525+00:00
AIRFLOW_CTX_TRY_NUMBER=1
AIRFLOW_CTX_DAG_RUN_ID=manual__2023-04-16T13:25:23.747525+00:00
[2023-04-16 13:25:43,621] {transport.py:157} INFO - Attempting refresh to obtain initial access_token
[2023-04-16 13:25:43,631] {client.py:777} INFO - Refreshing access_token
[2023-04-16 13:25:44,541] {python.py:173} INFO - Done. Returned value was: None
[2023-04-16 13:25:44,764] {taskinstance.py:1400} INFO - Marking task as SUCCESS. dag_id=multi_attack_dag, task_id=metadata, execution_date=20230416T132523, start_date=20230416T132542, end_date=20230416T132544
[2023-04-16 13:25:44,853] {local_task_job.py:156} INFO - Task exited with return code 0
[2023-04-16 13:25:45,003] {local_task_job.py:273} INFO - 3 downstream tasks scheduled from follow-on schedule check
