[2023-04-27 10:30:49,578] {taskinstance.py:1159} INFO - Dependencies all met for <TaskInstance: multi_attack_dag.metadata manual__2023-04-27T10:30:40.186391+00:00 [queued]>
[2023-04-27 10:30:49,597] {taskinstance.py:1159} INFO - Dependencies all met for <TaskInstance: multi_attack_dag.metadata manual__2023-04-27T10:30:40.186391+00:00 [queued]>
[2023-04-27 10:30:49,598] {taskinstance.py:1356} INFO - 
--------------------------------------------------------------------------------
[2023-04-27 10:30:49,599] {taskinstance.py:1357} INFO - Starting attempt 1 of 2
[2023-04-27 10:30:49,600] {taskinstance.py:1358} INFO - 
--------------------------------------------------------------------------------
[2023-04-27 10:30:49,635] {taskinstance.py:1377} INFO - Executing <Task(PythonOperator): metadata> on 2023-04-27 10:30:40.186391+00:00
[2023-04-27 10:30:49,647] {standard_task_runner.py:52} INFO - Started process 5236 to run task
[2023-04-27 10:30:49,654] {standard_task_runner.py:79} INFO - Running: ['***', 'tasks', 'run', 'multi_attack_dag', 'metadata', 'manual__2023-04-27T10:30:40.186391+00:00', '--job-id', '6589', '--raw', '--subdir', 'DAGS_FOLDER/attack_dag.py', '--cfg-path', '/tmp/tmp4j35wb26', '--error-file', '/tmp/tmp089dpw2b']
[2023-04-27 10:30:49,657] {standard_task_runner.py:80} INFO - Job 6589: Subtask metadata
[2023-04-27 10:30:49,799] {task_command.py:369} INFO - Running <TaskInstance: multi_attack_dag.metadata manual__2023-04-27T10:30:40.186391+00:00 [running]> on host e7e31d5a6603
[2023-04-27 10:30:49,976] {taskinstance.py:1571} INFO - Exporting the following env vars:
AIRFLOW_CTX_DAG_OWNER=***
AIRFLOW_CTX_DAG_ID=multi_attack_dag
AIRFLOW_CTX_TASK_ID=metadata
AIRFLOW_CTX_EXECUTION_DATE=2023-04-27T10:30:40.186391+00:00
AIRFLOW_CTX_TRY_NUMBER=1
AIRFLOW_CTX_DAG_RUN_ID=manual__2023-04-27T10:30:40.186391+00:00
[2023-04-27 10:30:49,982] {transport.py:157} INFO - Attempting refresh to obtain initial access_token
[2023-04-27 10:30:49,990] {client.py:777} INFO - Refreshing access_token
[2023-04-27 10:30:50,973] {python.py:173} INFO - Done. Returned value was: None
[2023-04-27 10:30:51,000] {taskinstance.py:1400} INFO - Marking task as SUCCESS. dag_id=multi_attack_dag, task_id=metadata, execution_date=20230427T103040, start_date=20230427T103049, end_date=20230427T103051
[2023-04-27 10:30:51,038] {local_task_job.py:156} INFO - Task exited with return code 0
[2023-04-27 10:30:51,177] {local_task_job.py:273} INFO - 33 downstream tasks scheduled from follow-on schedule check
