[2023-03-16 11:44:56,665] {taskinstance.py:1159} INFO - Dependencies all met for <TaskInstance: defence_dag.storing manual__2023-03-16T11:44:54.966978+00:00 [queued]>
[2023-03-16 11:44:56,675] {taskinstance.py:1159} INFO - Dependencies all met for <TaskInstance: defence_dag.storing manual__2023-03-16T11:44:54.966978+00:00 [queued]>
[2023-03-16 11:44:56,675] {taskinstance.py:1356} INFO - 
--------------------------------------------------------------------------------
[2023-03-16 11:44:56,675] {taskinstance.py:1357} INFO - Starting attempt 1 of 1
[2023-03-16 11:44:56,676] {taskinstance.py:1358} INFO - 
--------------------------------------------------------------------------------
[2023-03-16 11:44:56,690] {taskinstance.py:1377} INFO - Executing <Task(BashOperator): storing> on 2023-03-16 11:44:54.966978+00:00
[2023-03-16 11:44:56,693] {standard_task_runner.py:52} INFO - Started process 133 to run task
[2023-03-16 11:44:56,696] {standard_task_runner.py:79} INFO - Running: ['***', 'tasks', 'run', 'defence_dag', 'storing', 'manual__2023-03-16T11:44:54.966978+00:00', '--job-id', '944', '--raw', '--subdir', 'DAGS_FOLDER/defese.py', '--cfg-path', '/tmp/tmpeqi22viu', '--error-file', '/tmp/tmpod7mdz2n']
[2023-03-16 11:44:56,696] {standard_task_runner.py:80} INFO - Job 944: Subtask storing
[2023-03-16 11:44:56,738] {task_command.py:369} INFO - Running <TaskInstance: defence_dag.storing manual__2023-03-16T11:44:54.966978+00:00 [running]> on host 596adcca7378
[2023-03-16 11:44:56,789] {taskinstance.py:1571} INFO - Exporting the following env vars:
AIRFLOW_CTX_DAG_OWNER=***
AIRFLOW_CTX_DAG_ID=defence_dag
AIRFLOW_CTX_TASK_ID=storing
AIRFLOW_CTX_EXECUTION_DATE=2023-03-16T11:44:54.966978+00:00
AIRFLOW_CTX_TRY_NUMBER=1
AIRFLOW_CTX_DAG_RUN_ID=manual__2023-03-16T11:44:54.966978+00:00
[2023-03-16 11:44:56,790] {subprocess.py:62} INFO - Tmp dir root location: 
 /tmp
[2023-03-16 11:44:56,791] {subprocess.py:74} INFO - Running command: ['bash', '-c', 'sleep 1']
[2023-03-16 11:44:56,797] {subprocess.py:85} INFO - Output:
[2023-03-16 11:44:57,799] {subprocess.py:96} INFO - Command exited with return code 0
[2023-03-16 11:44:57,833] {taskinstance.py:1400} INFO - Marking task as SUCCESS. dag_id=defence_dag, task_id=storing, execution_date=20230316T114454, start_date=20230316T114456, end_date=20230316T114457
[2023-03-16 11:44:57,877] {local_task_job.py:156} INFO - Task exited with return code 0
[2023-03-16 11:44:57,907] {local_task_job.py:273} INFO - 1 downstream tasks scheduled from follow-on schedule check
