[2023-04-27 09:25:27,789] {taskinstance.py:1159} INFO - Dependencies all met for <TaskInstance: multi_attack_dag.attack_SignOPTAttack manual__2023-04-27T09:23:14.509759+00:00 [queued]>
[2023-04-27 09:25:28,081] {taskinstance.py:1159} INFO - Dependencies all met for <TaskInstance: multi_attack_dag.attack_SignOPTAttack manual__2023-04-27T09:23:14.509759+00:00 [queued]>
[2023-04-27 09:25:28,090] {taskinstance.py:1356} INFO - 
--------------------------------------------------------------------------------
[2023-04-27 09:25:28,096] {taskinstance.py:1357} INFO - Starting attempt 1 of 2
[2023-04-27 09:25:28,100] {taskinstance.py:1358} INFO - 
--------------------------------------------------------------------------------
[2023-04-27 09:25:28,294] {taskinstance.py:1377} INFO - Executing <Task(PythonOperator): attack_SignOPTAttack> on 2023-04-27 09:23:14.509759+00:00
[2023-04-27 09:25:28,366] {standard_task_runner.py:52} INFO - Started process 3535 to run task
[2023-04-27 09:25:28,377] {standard_task_runner.py:79} INFO - Running: ['***', 'tasks', 'run', 'multi_attack_dag', 'attack_SignOPTAttack', 'manual__2023-04-27T09:23:14.509759+00:00', '--job-id', '6527', '--raw', '--subdir', 'DAGS_FOLDER/attack_dag.py', '--cfg-path', '/tmp/tmp3n2ghhqf', '--error-file', '/tmp/tmpbcc1qe56']
[2023-04-27 09:25:28,417] {standard_task_runner.py:80} INFO - Job 6527: Subtask attack_SignOPTAttack
[2023-04-27 09:25:28,912] {task_command.py:369} INFO - Running <TaskInstance: multi_attack_dag.attack_SignOPTAttack manual__2023-04-27T09:23:14.509759+00:00 [running]> on host e7e31d5a6603
[2023-04-27 09:25:29,673] {taskinstance.py:1571} INFO - Exporting the following env vars:
AIRFLOW_CTX_DAG_OWNER=***
AIRFLOW_CTX_DAG_ID=multi_attack_dag
AIRFLOW_CTX_TASK_ID=attack_SignOPTAttack
AIRFLOW_CTX_EXECUTION_DATE=2023-04-27T09:23:14.509759+00:00
AIRFLOW_CTX_TRY_NUMBER=1
AIRFLOW_CTX_DAG_RUN_ID=manual__2023-04-27T09:23:14.509759+00:00
[2023-04-27 09:25:29,677] {transport.py:157} INFO - Attempting refresh to obtain initial access_token
[2023-04-27 09:25:29,738] {client.py:777} INFO - Refreshing access_token
[2023-04-27 09:25:30,868] {transport.py:157} INFO - Attempting refresh to obtain initial access_token
[2023-04-27 09:25:30,884] {client.py:777} INFO - Refreshing access_token
[2023-04-27 09:25:54,416] {pytorch.py:1198} INFO - Inferred 5 hidden layers on PyTorch classifier.
[2023-04-27 09:31:11,164] {attack_dag.py:642} INFO - Optimizing...
[2023-04-27 09:31:11,182] {logging_mixin.py:115} INFO - I am right here on <class 'art.attacks.evasion.sign_opt.SignOPTAttack'>
[2023-04-27 09:31:11,199] {taskinstance.py:1889} ERROR - Task failed with exception
Traceback (most recent call last):
  File "/home/airflow/.local/lib/python3.7/site-packages/airflow/operators/python.py", line 171, in execute
    return_value = self.execute_callable()
  File "/home/airflow/.local/lib/python3.7/site-packages/airflow/operators/python.py", line 189, in execute_callable
    return self.python_callable(*self.op_args, **self.op_kwargs)
  File "/opt/airflow/dags/attack_dag.py", line 519, in attack_SignOPTAttack
    model_acc, adversarial_examples  = attack(SignOPTAttack)
  File "/opt/airflow/dags/attack_dag.py", line 643, in attack
    optimized_attack = optimize_evasion_attack(attack_obj,estimator,x_test,y_test)
  File "/opt/airflow/dags/attack_dag.py", line 616, in optimize_evasion_attack
    search_space = [v for k, v in attack_parameter_range[attack.__name__].items()]
KeyError: 'SignOPTAttack'
[2023-04-27 09:31:11,224] {taskinstance.py:1400} INFO - Marking task as UP_FOR_RETRY. dag_id=multi_attack_dag, task_id=attack_SignOPTAttack, execution_date=20230427T092314, start_date=20230427T092527, end_date=20230427T093111
[2023-04-27 09:31:11,246] {standard_task_runner.py:97} ERROR - Failed to execute job 6527 for task attack_SignOPTAttack ('SignOPTAttack'; 3535)
[2023-04-27 09:31:11,444] {local_task_job.py:156} INFO - Task exited with return code 1
[2023-04-27 09:31:12,384] {local_task_job.py:273} INFO - 0 downstream tasks scheduled from follow-on schedule check
