[2023-04-09 08:22:57,523] {taskinstance.py:1159} INFO - Dependencies all met for <TaskInstance: multi_defence_dag.trigger_offence manual__2023-03-28T11:32:36.679161+00:00 [queued]>
[2023-04-09 08:22:57,558] {taskinstance.py:1159} INFO - Dependencies all met for <TaskInstance: multi_defence_dag.trigger_offence manual__2023-03-28T11:32:36.679161+00:00 [queued]>
[2023-04-09 08:22:57,558] {taskinstance.py:1356} INFO - 
--------------------------------------------------------------------------------
[2023-04-09 08:22:57,559] {taskinstance.py:1357} INFO - Starting attempt 1 of 2
[2023-04-09 08:22:57,560] {taskinstance.py:1358} INFO - 
--------------------------------------------------------------------------------
[2023-04-09 08:22:57,596] {taskinstance.py:1377} INFO - Executing <Task(TriggerDagRunOperator): trigger_offence> on 2023-03-28 11:32:36.679161+00:00
[2023-04-09 08:22:57,611] {standard_task_runner.py:52} INFO - Started process 4230 to run task
[2023-04-09 08:22:57,626] {standard_task_runner.py:79} INFO - Running: ['***', 'tasks', 'run', 'multi_defence_dag', 'trigger_offence', 'manual__2023-03-28T11:32:36.679161+00:00', '--job-id', '4788', '--raw', '--subdir', 'DAGS_FOLDER/defence_dag.py', '--cfg-path', '/tmp/tmpk44d7u_h', '--error-file', '/tmp/tmpuld3px5n']
[2023-04-09 08:22:57,630] {standard_task_runner.py:80} INFO - Job 4788: Subtask trigger_offence
[2023-04-09 08:22:57,798] {task_command.py:369} INFO - Running <TaskInstance: multi_defence_dag.trigger_offence manual__2023-03-28T11:32:36.679161+00:00 [running]> on host ff3d40af78f9
[2023-04-09 08:22:57,999] {taskinstance.py:1571} INFO - Exporting the following env vars:
AIRFLOW_CTX_DAG_OWNER=***
AIRFLOW_CTX_DAG_ID=multi_defence_dag
AIRFLOW_CTX_TASK_ID=trigger_offence
AIRFLOW_CTX_EXECUTION_DATE=2023-03-28T11:32:36.679161+00:00
AIRFLOW_CTX_TRY_NUMBER=1
AIRFLOW_CTX_DAG_RUN_ID=manual__2023-03-28T11:32:36.679161+00:00
[2023-04-09 08:23:00,349] {taskinstance.py:1400} INFO - Marking task as SUCCESS. dag_id=multi_defence_dag, task_id=trigger_offence, execution_date=20230328T113236, start_date=20230409T082257, end_date=20230409T082300
[2023-04-09 08:23:00,442] {local_task_job.py:156} INFO - Task exited with return code 0
[2023-04-09 08:23:00,535] {local_task_job.py:273} INFO - 0 downstream tasks scheduled from follow-on schedule check
