[2023-03-19 12:38:24,676] {taskinstance.py:1159} INFO - Dependencies all met for <TaskInstance: defence_dag2.to_attack manual__2023-03-19T12:38:19.115557+00:00 [queued]>
[2023-03-19 12:38:24,683] {taskinstance.py:1159} INFO - Dependencies all met for <TaskInstance: defence_dag2.to_attack manual__2023-03-19T12:38:19.115557+00:00 [queued]>
[2023-03-19 12:38:24,684] {taskinstance.py:1356} INFO - 
--------------------------------------------------------------------------------
[2023-03-19 12:38:24,684] {taskinstance.py:1357} INFO - Starting attempt 1 of 1
[2023-03-19 12:38:24,685] {taskinstance.py:1358} INFO - 
--------------------------------------------------------------------------------
[2023-03-19 12:38:24,695] {taskinstance.py:1377} INFO - Executing <Task(BranchPythonOperator): to_attack> on 2023-03-19 12:38:19.115557+00:00
[2023-03-19 12:38:24,700] {standard_task_runner.py:52} INFO - Started process 120 to run task
[2023-03-19 12:38:24,703] {standard_task_runner.py:79} INFO - Running: ['***', 'tasks', 'run', 'defence_dag2', 'to_attack', 'manual__2023-03-19T12:38:19.115557+00:00', '--job-id', '1686', '--raw', '--subdir', 'DAGS_FOLDER/defese.py', '--cfg-path', '/tmp/tmpova15vfn', '--error-file', '/tmp/tmpj8jo8bd2']
[2023-03-19 12:38:24,704] {standard_task_runner.py:80} INFO - Job 1686: Subtask to_attack
[2023-03-19 12:38:24,756] {task_command.py:369} INFO - Running <TaskInstance: defence_dag2.to_attack manual__2023-03-19T12:38:19.115557+00:00 [running]> on host e8c10a6b6dce
[2023-03-19 12:38:24,816] {taskinstance.py:1571} INFO - Exporting the following env vars:
AIRFLOW_CTX_DAG_OWNER=***
AIRFLOW_CTX_DAG_ID=defence_dag2
AIRFLOW_CTX_TASK_ID=to_attack
AIRFLOW_CTX_EXECUTION_DATE=2023-03-19T12:38:19.115557+00:00
AIRFLOW_CTX_TRY_NUMBER=1
AIRFLOW_CTX_DAG_RUN_ID=manual__2023-03-19T12:38:19.115557+00:00
[2023-03-19 12:38:24,818] {taskinstance.py:1889} ERROR - Task failed with exception
Traceback (most recent call last):
  File "/home/airflow/.local/lib/python3.7/site-packages/airflow/operators/python.py", line 207, in execute
    branch = super().execute(context)
  File "/home/airflow/.local/lib/python3.7/site-packages/airflow/operators/python.py", line 171, in execute
    return_value = self.execute_callable()
  File "/home/airflow/.local/lib/python3.7/site-packages/airflow/operators/python.py", line 189, in execute_callable
    return self.python_callable(*self.op_args, **self.op_kwargs)
  File "/opt/airflow/dags/defese.py", line 36, in to_attack
    cycles = get_counter().cycles
  File "/opt/airflow/dags/defese.py", line 22, in get_counter
    os.environ["GOOGLE_APPLICATION_CREDENTIALS"] = ACOUNT_SERVICE_KEY
NameError: name 'os' is not defined
[2023-03-19 12:38:24,829] {taskinstance.py:1400} INFO - Marking task as FAILED. dag_id=defence_dag2, task_id=to_attack, execution_date=20230319T123819, start_date=20230319T123824, end_date=20230319T123824
[2023-03-19 12:38:24,846] {standard_task_runner.py:97} ERROR - Failed to execute job 1686 for task to_attack (name 'os' is not defined; 120)
[2023-03-19 12:38:24,876] {local_task_job.py:156} INFO - Task exited with return code 1
[2023-03-19 12:38:24,915] {local_task_job.py:273} INFO - 0 downstream tasks scheduled from follow-on schedule check
