[2023-04-27 08:25:22,000] {taskinstance.py:1159} INFO - Dependencies all met for <TaskInstance: multi_defence_dag.choose_best scheduled__2023-04-23T00:00:00+00:00 [queued]>
[2023-04-27 08:25:22,061] {taskinstance.py:1159} INFO - Dependencies all met for <TaskInstance: multi_defence_dag.choose_best scheduled__2023-04-23T00:00:00+00:00 [queued]>
[2023-04-27 08:25:22,065] {taskinstance.py:1356} INFO - 
--------------------------------------------------------------------------------
[2023-04-27 08:25:22,067] {taskinstance.py:1357} INFO - Starting attempt 1 of 2
[2023-04-27 08:25:22,068] {taskinstance.py:1358} INFO - 
--------------------------------------------------------------------------------
[2023-04-27 08:25:22,212] {taskinstance.py:1377} INFO - Executing <Task(PythonOperator): choose_best> on 2023-04-23 00:00:00+00:00
[2023-04-27 08:25:22,256] {standard_task_runner.py:52} INFO - Started process 506 to run task
[2023-04-27 08:25:22,266] {standard_task_runner.py:79} INFO - Running: ['***', 'tasks', 'run', 'multi_defence_dag', 'choose_best', 'scheduled__2023-04-23T00:00:00+00:00', '--job-id', '6326', '--raw', '--subdir', 'DAGS_FOLDER/defence_dag.py', '--cfg-path', '/tmp/tmplls9jr2m', '--error-file', '/tmp/tmp5_79tz1k']
[2023-04-27 08:25:22,275] {standard_task_runner.py:80} INFO - Job 6326: Subtask choose_best
[2023-04-27 08:25:22,742] {task_command.py:369} INFO - Running <TaskInstance: multi_defence_dag.choose_best scheduled__2023-04-23T00:00:00+00:00 [running]> on host e7e31d5a6603
[2023-04-27 08:25:23,282] {taskinstance.py:1571} INFO - Exporting the following env vars:
AIRFLOW_CTX_DAG_OWNER=***
AIRFLOW_CTX_DAG_ID=multi_defence_dag
AIRFLOW_CTX_TASK_ID=choose_best
AIRFLOW_CTX_EXECUTION_DATE=2023-04-23T00:00:00+00:00
AIRFLOW_CTX_TRY_NUMBER=1
AIRFLOW_CTX_DAG_RUN_ID=scheduled__2023-04-23T00:00:00+00:00
[2023-04-27 08:25:23,531] {transport.py:157} INFO - Attempting refresh to obtain initial access_token
[2023-04-27 08:25:23,549] {client.py:777} INFO - Refreshing access_token
[2023-04-27 08:25:25,158] {transport.py:157} INFO - Attempting refresh to obtain initial access_token
[2023-04-27 08:25:25,194] {client.py:777} INFO - Refreshing access_token
[2023-04-27 08:25:25,958] {python.py:173} INFO - Done. Returned value was: None
[2023-04-27 08:25:26,030] {taskinstance.py:1400} INFO - Marking task as SUCCESS. dag_id=multi_defence_dag, task_id=choose_best, execution_date=20230423T000000, start_date=20230427T082522, end_date=20230427T082526
[2023-04-27 08:25:26,141] {local_task_job.py:156} INFO - Task exited with return code 0
[2023-04-27 08:25:26,302] {local_task_job.py:273} INFO - 1 downstream tasks scheduled from follow-on schedule check
