[2023-04-09 08:49:53,551] {taskinstance.py:1159} INFO - Dependencies all met for <TaskInstance: multi_defence_dag.Defence3 manual__2023-04-09T08:49:37.758189+00:00 [queued]>
[2023-04-09 08:49:53,580] {taskinstance.py:1159} INFO - Dependencies all met for <TaskInstance: multi_defence_dag.Defence3 manual__2023-04-09T08:49:37.758189+00:00 [queued]>
[2023-04-09 08:49:53,581] {taskinstance.py:1356} INFO - 
--------------------------------------------------------------------------------
[2023-04-09 08:49:53,582] {taskinstance.py:1357} INFO - Starting attempt 1 of 2
[2023-04-09 08:49:53,583] {taskinstance.py:1358} INFO - 
--------------------------------------------------------------------------------
[2023-04-09 08:49:53,615] {taskinstance.py:1377} INFO - Executing <Task(PythonOperator): Defence3> on 2023-04-09 08:49:37.758189+00:00
[2023-04-09 08:49:53,638] {standard_task_runner.py:52} INFO - Started process 5306 to run task
[2023-04-09 08:49:53,648] {standard_task_runner.py:79} INFO - Running: ['***', 'tasks', 'run', 'multi_defence_dag', 'Defence3', 'manual__2023-04-09T08:49:37.758189+00:00', '--job-id', '4872', '--raw', '--subdir', 'DAGS_FOLDER/defence_dag.py', '--cfg-path', '/tmp/tmp2ji6z_pt', '--error-file', '/tmp/tmpfi5vm6wc']
[2023-04-09 08:49:53,651] {standard_task_runner.py:80} INFO - Job 4872: Subtask Defence3
[2023-04-09 08:49:53,744] {task_command.py:369} INFO - Running <TaskInstance: multi_defence_dag.Defence3 manual__2023-04-09T08:49:37.758189+00:00 [running]> on host ff3d40af78f9
[2023-04-09 08:49:53,885] {taskinstance.py:1571} INFO - Exporting the following env vars:
AIRFLOW_CTX_DAG_OWNER=***
AIRFLOW_CTX_DAG_ID=multi_defence_dag
AIRFLOW_CTX_TASK_ID=Defence3
AIRFLOW_CTX_EXECUTION_DATE=2023-04-09T08:49:37.758189+00:00
AIRFLOW_CTX_TRY_NUMBER=1
AIRFLOW_CTX_DAG_RUN_ID=manual__2023-04-09T08:49:37.758189+00:00
[2023-04-09 08:49:53,916] {python.py:173} INFO - Done. Returned value was: None
[2023-04-09 08:49:53,953] {taskinstance.py:1400} INFO - Marking task as SUCCESS. dag_id=multi_defence_dag, task_id=Defence3, execution_date=20230409T084937, start_date=20230409T084953, end_date=20230409T084953
[2023-04-09 08:49:53,998] {local_task_job.py:156} INFO - Task exited with return code 0
[2023-04-09 08:49:54,135] {local_task_job.py:273} INFO - 0 downstream tasks scheduled from follow-on schedule check
