[2023-04-30 08:02:42,018] {taskinstance.py:1159} INFO - Dependencies all met for <TaskInstance: multi_defence_dag.Defence1 manual__2023-04-30T08:02:27.349183+00:00 [queued]>
[2023-04-30 08:02:42,068] {taskinstance.py:1159} INFO - Dependencies all met for <TaskInstance: multi_defence_dag.Defence1 manual__2023-04-30T08:02:27.349183+00:00 [queued]>
[2023-04-30 08:02:42,068] {taskinstance.py:1356} INFO - 
--------------------------------------------------------------------------------
[2023-04-30 08:02:42,069] {taskinstance.py:1357} INFO - Starting attempt 1 of 2
[2023-04-30 08:02:42,070] {taskinstance.py:1358} INFO - 
--------------------------------------------------------------------------------
[2023-04-30 08:02:42,110] {taskinstance.py:1377} INFO - Executing <Task(PythonOperator): Defence1> on 2023-04-30 08:02:27.349183+00:00
[2023-04-30 08:02:42,129] {standard_task_runner.py:52} INFO - Started process 489 to run task
[2023-04-30 08:02:42,143] {standard_task_runner.py:79} INFO - Running: ['***', 'tasks', 'run', 'multi_defence_dag', 'Defence1', 'manual__2023-04-30T08:02:27.349183+00:00', '--job-id', '7084', '--raw', '--subdir', 'DAGS_FOLDER/defence_dag.py', '--cfg-path', '/tmp/tmp6c4euhny', '--error-file', '/tmp/tmpwgnzt7ns']
[2023-04-30 08:02:42,145] {standard_task_runner.py:80} INFO - Job 7084: Subtask Defence1
[2023-04-30 08:02:42,299] {task_command.py:369} INFO - Running <TaskInstance: multi_defence_dag.Defence1 manual__2023-04-30T08:02:27.349183+00:00 [running]> on host e7e31d5a6603
[2023-04-30 08:02:42,496] {taskinstance.py:1571} INFO - Exporting the following env vars:
AIRFLOW_CTX_DAG_OWNER=***
AIRFLOW_CTX_DAG_ID=multi_defence_dag
AIRFLOW_CTX_TASK_ID=Defence1
AIRFLOW_CTX_EXECUTION_DATE=2023-04-30T08:02:27.349183+00:00
AIRFLOW_CTX_TRY_NUMBER=1
AIRFLOW_CTX_DAG_RUN_ID=manual__2023-04-30T08:02:27.349183+00:00
[2023-04-30 08:02:42,535] {python.py:173} INFO - Done. Returned value was: None
[2023-04-30 08:02:42,568] {taskinstance.py:1400} INFO - Marking task as SUCCESS. dag_id=multi_defence_dag, task_id=Defence1, execution_date=20230430T080227, start_date=20230430T080242, end_date=20230430T080242
[2023-04-30 08:02:42,606] {local_task_job.py:156} INFO - Task exited with return code 0
[2023-04-30 08:02:42,688] {local_task_job.py:273} INFO - 0 downstream tasks scheduled from follow-on schedule check
