[2023-03-28 10:29:29,009] {taskinstance.py:1159} INFO - Dependencies all met for <TaskInstance: attack_dag2.attack manual__2023-03-28T10:29:26.641182+00:00 [queued]>
[2023-03-28 10:29:29,018] {taskinstance.py:1159} INFO - Dependencies all met for <TaskInstance: attack_dag2.attack manual__2023-03-28T10:29:26.641182+00:00 [queued]>
[2023-03-28 10:29:29,019] {taskinstance.py:1356} INFO - 
--------------------------------------------------------------------------------
[2023-03-28 10:29:29,019] {taskinstance.py:1357} INFO - Starting attempt 1 of 1
[2023-03-28 10:29:29,020] {taskinstance.py:1358} INFO - 
--------------------------------------------------------------------------------
[2023-03-28 10:29:29,033] {taskinstance.py:1377} INFO - Executing <Task(PythonOperator): attack> on 2023-03-28 10:29:26.641182+00:00
[2023-03-28 10:29:29,052] {standard_task_runner.py:52} INFO - Started process 2275 to run task
[2023-03-28 10:29:29,060] {standard_task_runner.py:79} INFO - Running: ['***', 'tasks', 'run', 'attack_dag2', 'attack', 'manual__2023-03-28T10:29:26.641182+00:00', '--job-id', '4288', '--raw', '--subdir', 'DAGS_FOLDER/attack.py', '--cfg-path', '/tmp/tmp0aeqvxvd', '--error-file', '/tmp/tmp5g8c_m65']
[2023-03-28 10:29:29,062] {standard_task_runner.py:80} INFO - Job 4288: Subtask attack
[2023-03-28 10:29:29,134] {task_command.py:369} INFO - Running <TaskInstance: attack_dag2.attack manual__2023-03-28T10:29:26.641182+00:00 [running]> on host 70f8824ef075
[2023-03-28 10:29:29,201] {taskinstance.py:1571} INFO - Exporting the following env vars:
AIRFLOW_CTX_DAG_OWNER=***
AIRFLOW_CTX_DAG_ID=attack_dag2
AIRFLOW_CTX_TASK_ID=attack
AIRFLOW_CTX_EXECUTION_DATE=2023-03-28T10:29:26.641182+00:00
AIRFLOW_CTX_TRY_NUMBER=1
AIRFLOW_CTX_DAG_RUN_ID=manual__2023-03-28T10:29:26.641182+00:00
[2023-03-28 10:29:29,204] {transport.py:157} INFO - Attempting refresh to obtain initial access_token
[2023-03-28 10:29:29,207] {client.py:777} INFO - Refreshing access_token
[2023-03-28 10:29:30,176] {transport.py:157} INFO - Attempting refresh to obtain initial access_token
[2023-03-28 10:29:30,178] {client.py:777} INFO - Refreshing access_token
[2023-03-28 10:29:30,778] {python.py:173} INFO - Done. Returned value was: None
[2023-03-28 10:29:30,793] {taskinstance.py:1400} INFO - Marking task as SUCCESS. dag_id=attack_dag2, task_id=attack, execution_date=20230328T102926, start_date=20230328T102929, end_date=20230328T102930
[2023-03-28 10:29:30,844] {local_task_job.py:156} INFO - Task exited with return code 0
[2023-03-28 10:29:30,919] {local_task_job.py:273} INFO - 1 downstream tasks scheduled from follow-on schedule check
