[2023-04-23 09:18:38,506] {taskinstance.py:1159} INFO - Dependencies all met for <TaskInstance: multi_defence_dag.to_defence2 manual__2023-04-23T09:18:27.312840+00:00 [queued]>
[2023-04-23 09:18:38,526] {taskinstance.py:1159} INFO - Dependencies all met for <TaskInstance: multi_defence_dag.to_defence2 manual__2023-04-23T09:18:27.312840+00:00 [queued]>
[2023-04-23 09:18:38,527] {taskinstance.py:1356} INFO - 
--------------------------------------------------------------------------------
[2023-04-23 09:18:38,528] {taskinstance.py:1357} INFO - Starting attempt 1 of 2
[2023-04-23 09:18:38,529] {taskinstance.py:1358} INFO - 
--------------------------------------------------------------------------------
[2023-04-23 09:18:38,557] {taskinstance.py:1377} INFO - Executing <Task(BranchPythonOperator): to_defence2> on 2023-04-23 09:18:27.312840+00:00
[2023-04-23 09:18:38,568] {standard_task_runner.py:52} INFO - Started process 110 to run task
[2023-04-23 09:18:38,575] {standard_task_runner.py:79} INFO - Running: ['***', 'tasks', 'run', 'multi_defence_dag', 'to_defence2', 'manual__2023-04-23T09:18:27.312840+00:00', '--job-id', '6004', '--raw', '--subdir', 'DAGS_FOLDER/defence_dag.py', '--cfg-path', '/tmp/tmp6en734l5', '--error-file', '/tmp/tmpzbhj6n2_']
[2023-04-23 09:18:38,577] {standard_task_runner.py:80} INFO - Job 6004: Subtask to_defence2
[2023-04-23 09:18:38,707] {task_command.py:369} INFO - Running <TaskInstance: multi_defence_dag.to_defence2 manual__2023-04-23T09:18:27.312840+00:00 [running]> on host a3dd7d962104
[2023-04-23 09:18:38,881] {taskinstance.py:1571} INFO - Exporting the following env vars:
AIRFLOW_CTX_DAG_OWNER=***
AIRFLOW_CTX_DAG_ID=multi_defence_dag
AIRFLOW_CTX_TASK_ID=to_defence2
AIRFLOW_CTX_EXECUTION_DATE=2023-04-23T09:18:27.312840+00:00
AIRFLOW_CTX_TRY_NUMBER=1
AIRFLOW_CTX_DAG_RUN_ID=manual__2023-04-23T09:18:27.312840+00:00
[2023-04-23 09:18:38,909] {python.py:173} INFO - Done. Returned value was: Defence2
[2023-04-23 09:18:38,910] {skipmixin.py:140} INFO - Following branch Defence2
[2023-04-23 09:18:38,911] {skipmixin.py:175} INFO - Skipping tasks ['default']
[2023-04-23 09:18:38,997] {taskinstance.py:1400} INFO - Marking task as SUCCESS. dag_id=multi_defence_dag, task_id=to_defence2, execution_date=20230423T091827, start_date=20230423T091838, end_date=20230423T091838
[2023-04-23 09:18:39,029] {local_task_job.py:156} INFO - Task exited with return code 0
[2023-04-23 09:18:39,134] {local_task_job.py:273} INFO - 1 downstream tasks scheduled from follow-on schedule check
