[2023-03-19 12:52:45,133] {taskinstance.py:1159} INFO - Dependencies all met for <TaskInstance: defence_dag2.to_attack manual__2023-03-19T12:52:39.583847+00:00 [queued]>
[2023-03-19 12:52:45,142] {taskinstance.py:1159} INFO - Dependencies all met for <TaskInstance: defence_dag2.to_attack manual__2023-03-19T12:52:39.583847+00:00 [queued]>
[2023-03-19 12:52:45,142] {taskinstance.py:1356} INFO - 
--------------------------------------------------------------------------------
[2023-03-19 12:52:45,143] {taskinstance.py:1357} INFO - Starting attempt 1 of 1
[2023-03-19 12:52:45,158] {taskinstance.py:1358} INFO - 
--------------------------------------------------------------------------------
[2023-03-19 12:52:45,169] {taskinstance.py:1377} INFO - Executing <Task(BranchPythonOperator): to_attack> on 2023-03-19 12:52:39.583847+00:00
[2023-03-19 12:52:45,174] {standard_task_runner.py:52} INFO - Started process 88 to run task
[2023-03-19 12:52:45,176] {standard_task_runner.py:79} INFO - Running: ['***', 'tasks', 'run', 'defence_dag2', 'to_attack', 'manual__2023-03-19T12:52:39.583847+00:00', '--job-id', '1731', '--raw', '--subdir', 'DAGS_FOLDER/defese.py', '--cfg-path', '/tmp/tmp123agp1w', '--error-file', '/tmp/tmp9tqy5d_f']
[2023-03-19 12:52:45,177] {standard_task_runner.py:80} INFO - Job 1731: Subtask to_attack
[2023-03-19 12:52:45,221] {task_command.py:369} INFO - Running <TaskInstance: defence_dag2.to_attack manual__2023-03-19T12:52:39.583847+00:00 [running]> on host e8c10a6b6dce
[2023-03-19 12:52:45,277] {taskinstance.py:1571} INFO - Exporting the following env vars:
AIRFLOW_CTX_DAG_OWNER=***
AIRFLOW_CTX_DAG_ID=defence_dag2
AIRFLOW_CTX_TASK_ID=to_attack
AIRFLOW_CTX_EXECUTION_DATE=2023-03-19T12:52:39.583847+00:00
AIRFLOW_CTX_TRY_NUMBER=1
AIRFLOW_CTX_DAG_RUN_ID=manual__2023-03-19T12:52:39.583847+00:00
[2023-03-19 12:52:45,283] {transport.py:157} INFO - Attempting refresh to obtain initial access_token
[2023-03-19 12:52:45,286] {client.py:777} INFO - Refreshing access_token
[2023-03-19 12:52:46,314] {logging_mixin.py:115} INFO - Ran out of input
[2023-03-19 12:52:46,315] {python.py:173} INFO - Done. Returned value was: stop
[2023-03-19 12:52:46,316] {skipmixin.py:140} INFO - Following branch stop
[2023-03-19 12:52:46,316] {skipmixin.py:175} INFO - Skipping tasks ['trigger_offence']
[2023-03-19 12:52:46,357] {taskinstance.py:1400} INFO - Marking task as SUCCESS. dag_id=defence_dag2, task_id=to_attack, execution_date=20230319T125239, start_date=20230319T125245, end_date=20230319T125246
[2023-03-19 12:52:46,397] {local_task_job.py:156} INFO - Task exited with return code 0
[2023-03-19 12:52:46,430] {local_task_job.py:273} INFO - 1 downstream tasks scheduled from follow-on schedule check
