[2023-04-18 06:16:19,665] {taskinstance.py:1159} INFO - Dependencies all met for <TaskInstance: multi_defence_dag.Defence2 manual__2023-04-18T06:16:04.615552+00:00 [queued]>
[2023-04-18 06:16:19,694] {taskinstance.py:1159} INFO - Dependencies all met for <TaskInstance: multi_defence_dag.Defence2 manual__2023-04-18T06:16:04.615552+00:00 [queued]>
[2023-04-18 06:16:19,696] {taskinstance.py:1356} INFO - 
--------------------------------------------------------------------------------
[2023-04-18 06:16:19,697] {taskinstance.py:1357} INFO - Starting attempt 1 of 2
[2023-04-18 06:16:19,698] {taskinstance.py:1358} INFO - 
--------------------------------------------------------------------------------
[2023-04-18 06:16:19,744] {taskinstance.py:1377} INFO - Executing <Task(PythonOperator): Defence2> on 2023-04-18 06:16:04.615552+00:00
[2023-04-18 06:16:19,777] {standard_task_runner.py:52} INFO - Started process 404 to run task
[2023-04-18 06:16:19,790] {standard_task_runner.py:79} INFO - Running: ['***', 'tasks', 'run', 'multi_defence_dag', 'Defence2', 'manual__2023-04-18T06:16:04.615552+00:00', '--job-id', '5478', '--raw', '--subdir', 'DAGS_FOLDER/defence_dag.py', '--cfg-path', '/tmp/tmpwoor0ha3', '--error-file', '/tmp/tmpum183gxg']
[2023-04-18 06:16:19,792] {standard_task_runner.py:80} INFO - Job 5478: Subtask Defence2
[2023-04-18 06:16:20,010] {task_command.py:369} INFO - Running <TaskInstance: multi_defence_dag.Defence2 manual__2023-04-18T06:16:04.615552+00:00 [running]> on host a3dd7d962104
[2023-04-18 06:16:20,980] {taskinstance.py:1571} INFO - Exporting the following env vars:
AIRFLOW_CTX_DAG_OWNER=***
AIRFLOW_CTX_DAG_ID=multi_defence_dag
AIRFLOW_CTX_TASK_ID=Defence2
AIRFLOW_CTX_EXECUTION_DATE=2023-04-18T06:16:04.615552+00:00
AIRFLOW_CTX_TRY_NUMBER=1
AIRFLOW_CTX_DAG_RUN_ID=manual__2023-04-18T06:16:04.615552+00:00
[2023-04-18 06:16:21,040] {python.py:173} INFO - Done. Returned value was: None
[2023-04-18 06:16:21,075] {taskinstance.py:1400} INFO - Marking task as SUCCESS. dag_id=multi_defence_dag, task_id=Defence2, execution_date=20230418T061604, start_date=20230418T061619, end_date=20230418T061621
[2023-04-18 06:16:21,130] {local_task_job.py:156} INFO - Task exited with return code 0
[2023-04-18 06:16:21,243] {local_task_job.py:273} INFO - 0 downstream tasks scheduled from follow-on schedule check
