[2023-03-12 15:52:57,217] {taskinstance.py:1159} INFO - Dependencies all met for <TaskInstance: defence_dag.defence1 manual__2023-03-12T15:52:53.665138+00:00 [queued]>
[2023-03-12 15:52:57,224] {taskinstance.py:1159} INFO - Dependencies all met for <TaskInstance: defence_dag.defence1 manual__2023-03-12T15:52:53.665138+00:00 [queued]>
[2023-03-12 15:52:57,224] {taskinstance.py:1356} INFO - 
--------------------------------------------------------------------------------
[2023-03-12 15:52:57,225] {taskinstance.py:1357} INFO - Starting attempt 1 of 1
[2023-03-12 15:52:57,225] {taskinstance.py:1358} INFO - 
--------------------------------------------------------------------------------
[2023-03-12 15:52:57,235] {taskinstance.py:1377} INFO - Executing <Task(PythonOperator): defence1> on 2023-03-12 15:52:53.665138+00:00
[2023-03-12 15:52:57,239] {standard_task_runner.py:52} INFO - Started process 185 to run task
[2023-03-12 15:52:57,241] {standard_task_runner.py:79} INFO - Running: ['***', 'tasks', 'run', 'defence_dag', 'defence1', 'manual__2023-03-12T15:52:53.665138+00:00', '--job-id', '628', '--raw', '--subdir', 'DAGS_FOLDER/defese.py', '--cfg-path', '/tmp/tmppokfxvpn', '--error-file', '/tmp/tmp2w0h5qdx']
[2023-03-12 15:52:57,241] {standard_task_runner.py:80} INFO - Job 628: Subtask defence1
[2023-03-12 15:52:57,280] {task_command.py:369} INFO - Running <TaskInstance: defence_dag.defence1 manual__2023-03-12T15:52:53.665138+00:00 [running]> on host 596adcca7378
[2023-03-12 15:52:57,336] {taskinstance.py:1571} INFO - Exporting the following env vars:
AIRFLOW_CTX_DAG_OWNER=***
AIRFLOW_CTX_DAG_ID=defence_dag
AIRFLOW_CTX_TASK_ID=defence1
AIRFLOW_CTX_EXECUTION_DATE=2023-03-12T15:52:53.665138+00:00
AIRFLOW_CTX_TRY_NUMBER=1
AIRFLOW_CTX_DAG_RUN_ID=manual__2023-03-12T15:52:53.665138+00:00
[2023-03-12 15:52:57,337] {logging_mixin.py:115} INFO - defensing
[2023-03-12 15:52:57,337] {python.py:173} INFO - Done. Returned value was: None
[2023-03-12 15:52:57,347] {taskinstance.py:1400} INFO - Marking task as SUCCESS. dag_id=defence_dag, task_id=defence1, execution_date=20230312T155253, start_date=20230312T155257, end_date=20230312T155257
[2023-03-12 15:52:57,374] {local_task_job.py:156} INFO - Task exited with return code 0
[2023-03-12 15:52:57,401] {local_task_job.py:273} INFO - 1 downstream tasks scheduled from follow-on schedule check
