[2023-03-23 13:51:27,468] {taskinstance.py:1159} INFO - Dependencies all met for <TaskInstance: multi_attack_dag.metadata manual__2023-03-23T13:51:25.127124+00:00 [queued]>
[2023-03-23 13:51:27,480] {taskinstance.py:1159} INFO - Dependencies all met for <TaskInstance: multi_attack_dag.metadata manual__2023-03-23T13:51:25.127124+00:00 [queued]>
[2023-03-23 13:51:27,481] {taskinstance.py:1356} INFO - 
--------------------------------------------------------------------------------
[2023-03-23 13:51:27,482] {taskinstance.py:1357} INFO - Starting attempt 1 of 2
[2023-03-23 13:51:27,482] {taskinstance.py:1358} INFO - 
--------------------------------------------------------------------------------
[2023-03-23 13:51:27,500] {taskinstance.py:1377} INFO - Executing <Task(PythonOperator): metadata> on 2023-03-23 13:51:25.127124+00:00
[2023-03-23 13:51:27,506] {standard_task_runner.py:52} INFO - Started process 8928 to run task
[2023-03-23 13:51:27,510] {standard_task_runner.py:79} INFO - Running: ['***', 'tasks', 'run', 'multi_attack_dag', 'metadata', 'manual__2023-03-23T13:51:25.127124+00:00', '--job-id', '2709', '--raw', '--subdir', 'DAGS_FOLDER/dynamic_dag.py', '--cfg-path', '/tmp/tmp1cgipz63', '--error-file', '/tmp/tmprpgirvwp']
[2023-03-23 13:51:27,512] {standard_task_runner.py:80} INFO - Job 2709: Subtask metadata
[2023-03-23 13:51:27,584] {task_command.py:369} INFO - Running <TaskInstance: multi_attack_dag.metadata manual__2023-03-23T13:51:25.127124+00:00 [running]> on host 6447f1dacd32
[2023-03-23 13:51:27,680] {taskinstance.py:1571} INFO - Exporting the following env vars:
AIRFLOW_CTX_DAG_OWNER=***
AIRFLOW_CTX_DAG_ID=multi_attack_dag
AIRFLOW_CTX_TASK_ID=metadata
AIRFLOW_CTX_EXECUTION_DATE=2023-03-23T13:51:25.127124+00:00
AIRFLOW_CTX_TRY_NUMBER=1
AIRFLOW_CTX_DAG_RUN_ID=manual__2023-03-23T13:51:25.127124+00:00
[2023-03-23 13:51:27,695] {transport.py:157} INFO - Attempting refresh to obtain initial access_token
[2023-03-23 13:51:27,701] {client.py:777} INFO - Refreshing access_token
[2023-03-23 13:51:29,031] {python.py:173} INFO - Done. Returned value was: None
[2023-03-23 13:51:29,041] {taskinstance.py:1400} INFO - Marking task as SUCCESS. dag_id=multi_attack_dag, task_id=metadata, execution_date=20230323T135125, start_date=20230323T135127, end_date=20230323T135129
[2023-03-23 13:51:29,094] {local_task_job.py:156} INFO - Task exited with return code 0
[2023-03-23 13:51:29,130] {local_task_job.py:273} INFO - 3 downstream tasks scheduled from follow-on schedule check
