[2023-04-18 07:11:28,479] {taskinstance.py:1159} INFO - Dependencies all met for <TaskInstance: multi_attack_dag.metadata manual__2023-04-18T07:11:21.774886+00:00 [queued]>
[2023-04-18 07:11:28,489] {taskinstance.py:1159} INFO - Dependencies all met for <TaskInstance: multi_attack_dag.metadata manual__2023-04-18T07:11:21.774886+00:00 [queued]>
[2023-04-18 07:11:28,490] {taskinstance.py:1356} INFO - 
--------------------------------------------------------------------------------
[2023-04-18 07:11:28,492] {taskinstance.py:1357} INFO - Starting attempt 1 of 2
[2023-04-18 07:11:28,493] {taskinstance.py:1358} INFO - 
--------------------------------------------------------------------------------
[2023-04-18 07:11:28,508] {taskinstance.py:1377} INFO - Executing <Task(PythonOperator): metadata> on 2023-04-18 07:11:21.774886+00:00
[2023-04-18 07:11:28,516] {standard_task_runner.py:52} INFO - Started process 3004 to run task
[2023-04-18 07:11:28,520] {standard_task_runner.py:79} INFO - Running: ['***', 'tasks', 'run', 'multi_attack_dag', 'metadata', 'manual__2023-04-18T07:11:21.774886+00:00', '--job-id', '5552', '--raw', '--subdir', 'DAGS_FOLDER/attack_dag.py', '--cfg-path', '/tmp/tmp90tfm7l9', '--error-file', '/tmp/tmpn6z3n7k0']
[2023-04-18 07:11:28,521] {standard_task_runner.py:80} INFO - Job 5552: Subtask metadata
[2023-04-18 07:11:28,581] {task_command.py:369} INFO - Running <TaskInstance: multi_attack_dag.metadata manual__2023-04-18T07:11:21.774886+00:00 [running]> on host a3dd7d962104
[2023-04-18 07:11:28,666] {taskinstance.py:1571} INFO - Exporting the following env vars:
AIRFLOW_CTX_DAG_OWNER=***
AIRFLOW_CTX_DAG_ID=multi_attack_dag
AIRFLOW_CTX_TASK_ID=metadata
AIRFLOW_CTX_EXECUTION_DATE=2023-04-18T07:11:21.774886+00:00
AIRFLOW_CTX_TRY_NUMBER=1
AIRFLOW_CTX_DAG_RUN_ID=manual__2023-04-18T07:11:21.774886+00:00
[2023-04-18 07:11:28,670] {transport.py:157} INFO - Attempting refresh to obtain initial access_token
[2023-04-18 07:11:28,673] {client.py:777} INFO - Refreshing access_token
[2023-04-18 07:11:29,389] {python.py:173} INFO - Done. Returned value was: None
[2023-04-18 07:11:29,411] {taskinstance.py:1400} INFO - Marking task as SUCCESS. dag_id=multi_attack_dag, task_id=metadata, execution_date=20230418T071121, start_date=20230418T071128, end_date=20230418T071129
[2023-04-18 07:11:29,457] {local_task_job.py:156} INFO - Task exited with return code 0
[2023-04-18 07:11:29,561] {local_task_job.py:273} INFO - 3 downstream tasks scheduled from follow-on schedule check
