[2023-04-09 12:47:54,677] {taskinstance.py:1159} INFO - Dependencies all met for <TaskInstance: multi_attack_dag.to_attack_BasicIterativeMethod manual__2023-04-09T12:47:44.077776+00:00 [queued]>
[2023-04-09 12:47:54,703] {taskinstance.py:1159} INFO - Dependencies all met for <TaskInstance: multi_attack_dag.to_attack_BasicIterativeMethod manual__2023-04-09T12:47:44.077776+00:00 [queued]>
[2023-04-09 12:47:54,706] {taskinstance.py:1356} INFO - 
--------------------------------------------------------------------------------
[2023-04-09 12:47:54,709] {taskinstance.py:1357} INFO - Starting attempt 1 of 2
[2023-04-09 12:47:54,710] {taskinstance.py:1358} INFO - 
--------------------------------------------------------------------------------
[2023-04-09 12:47:54,763] {taskinstance.py:1377} INFO - Executing <Task(BranchPythonOperator): to_attack_BasicIterativeMethod> on 2023-04-09 12:47:44.077776+00:00
[2023-04-09 12:47:54,777] {standard_task_runner.py:52} INFO - Started process 15023 to run task
[2023-04-09 12:47:54,791] {standard_task_runner.py:79} INFO - Running: ['***', 'tasks', 'run', 'multi_attack_dag', 'to_attack_BasicIterativeMethod', 'manual__2023-04-09T12:47:44.077776+00:00', '--job-id', '4992', '--raw', '--subdir', 'DAGS_FOLDER/attack_dag.py', '--cfg-path', '/tmp/tmpq3e_3juy', '--error-file', '/tmp/tmpz1hqo8tl']
[2023-04-09 12:47:54,796] {standard_task_runner.py:80} INFO - Job 4992: Subtask to_attack_BasicIterativeMethod
[2023-04-09 12:47:54,964] {task_command.py:369} INFO - Running <TaskInstance: multi_attack_dag.to_attack_BasicIterativeMethod manual__2023-04-09T12:47:44.077776+00:00 [running]> on host ff3d40af78f9
[2023-04-09 12:47:55,144] {taskinstance.py:1571} INFO - Exporting the following env vars:
AIRFLOW_CTX_DAG_OWNER=***
AIRFLOW_CTX_DAG_ID=multi_attack_dag
AIRFLOW_CTX_TASK_ID=to_attack_BasicIterativeMethod
AIRFLOW_CTX_EXECUTION_DATE=2023-04-09T12:47:44.077776+00:00
AIRFLOW_CTX_TRY_NUMBER=1
AIRFLOW_CTX_DAG_RUN_ID=manual__2023-04-09T12:47:44.077776+00:00
[2023-04-09 12:47:55,180] {python.py:173} INFO - Done. Returned value was: attack_BasicIterativeMethod
[2023-04-09 12:47:55,181] {skipmixin.py:140} INFO - Following branch attack_BasicIterativeMethod
[2023-04-09 12:47:55,182] {skipmixin.py:175} INFO - Skipping tasks ['default']
[2023-04-09 12:47:55,413] {taskinstance.py:1400} INFO - Marking task as SUCCESS. dag_id=multi_attack_dag, task_id=to_attack_BasicIterativeMethod, execution_date=20230409T124744, start_date=20230409T124754, end_date=20230409T124755
[2023-04-09 12:47:55,458] {local_task_job.py:156} INFO - Task exited with return code 0
[2023-04-09 12:47:55,574] {local_task_job.py:273} INFO - 1 downstream tasks scheduled from follow-on schedule check
