[2023-03-28 10:28:26,401] {taskinstance.py:1159} INFO - Dependencies all met for <TaskInstance: defence_dag2.storing manual__2023-03-28T10:28:23.779427+00:00 [queued]>
[2023-03-28 10:28:26,416] {taskinstance.py:1159} INFO - Dependencies all met for <TaskInstance: defence_dag2.storing manual__2023-03-28T10:28:23.779427+00:00 [queued]>
[2023-03-28 10:28:26,417] {taskinstance.py:1356} INFO - 
--------------------------------------------------------------------------------
[2023-03-28 10:28:26,417] {taskinstance.py:1357} INFO - Starting attempt 1 of 1
[2023-03-28 10:28:26,418] {taskinstance.py:1358} INFO - 
--------------------------------------------------------------------------------
[2023-03-28 10:28:26,442] {taskinstance.py:1377} INFO - Executing <Task(BashOperator): storing> on 2023-03-28 10:28:23.779427+00:00
[2023-03-28 10:28:26,458] {standard_task_runner.py:52} INFO - Started process 2131 to run task
[2023-03-28 10:28:26,463] {standard_task_runner.py:79} INFO - Running: ['***', 'tasks', 'run', 'defence_dag2', 'storing', 'manual__2023-03-28T10:28:23.779427+00:00', '--job-id', '4257', '--raw', '--subdir', 'DAGS_FOLDER/defese.py', '--cfg-path', '/tmp/tmp2awcboxf', '--error-file', '/tmp/tmp6wdgq1f8']
[2023-03-28 10:28:26,465] {standard_task_runner.py:80} INFO - Job 4257: Subtask storing
[2023-03-28 10:28:26,587] {task_command.py:369} INFO - Running <TaskInstance: defence_dag2.storing manual__2023-03-28T10:28:23.779427+00:00 [running]> on host 70f8824ef075
[2023-03-28 10:28:26,745] {taskinstance.py:1571} INFO - Exporting the following env vars:
AIRFLOW_CTX_DAG_OWNER=***
AIRFLOW_CTX_DAG_ID=defence_dag2
AIRFLOW_CTX_TASK_ID=storing
AIRFLOW_CTX_EXECUTION_DATE=2023-03-28T10:28:23.779427+00:00
AIRFLOW_CTX_TRY_NUMBER=1
AIRFLOW_CTX_DAG_RUN_ID=manual__2023-03-28T10:28:23.779427+00:00
[2023-03-28 10:28:26,748] {subprocess.py:62} INFO - Tmp dir root location: 
 /tmp
[2023-03-28 10:28:26,749] {subprocess.py:74} INFO - Running command: ['bash', '-c', 'sleep 1']
[2023-03-28 10:28:26,769] {subprocess.py:85} INFO - Output:
[2023-03-28 10:28:27,773] {subprocess.py:96} INFO - Command exited with return code 0
[2023-03-28 10:28:27,851] {taskinstance.py:1400} INFO - Marking task as SUCCESS. dag_id=defence_dag2, task_id=storing, execution_date=20230328T102823, start_date=20230328T102826, end_date=20230328T102827
[2023-03-28 10:28:27,893] {local_task_job.py:156} INFO - Task exited with return code 0
[2023-03-28 10:28:27,989] {local_task_job.py:273} INFO - 1 downstream tasks scheduled from follow-on schedule check
