[2023-04-23 13:42:47,336] {taskinstance.py:1159} INFO - Dependencies all met for <TaskInstance: multi_attack_dag.attack_BasicIterativeMethod manual__2023-04-23T13:42:16.260150+00:00 [queued]>
[2023-04-23 13:42:47,357] {taskinstance.py:1159} INFO - Dependencies all met for <TaskInstance: multi_attack_dag.attack_BasicIterativeMethod manual__2023-04-23T13:42:16.260150+00:00 [queued]>
[2023-04-23 13:42:47,358] {taskinstance.py:1356} INFO - 
--------------------------------------------------------------------------------
[2023-04-23 13:42:47,359] {taskinstance.py:1357} INFO - Starting attempt 1 of 2
[2023-04-23 13:42:47,360] {taskinstance.py:1358} INFO - 
--------------------------------------------------------------------------------
[2023-04-23 13:42:47,385] {taskinstance.py:1377} INFO - Executing <Task(PythonOperator): attack_BasicIterativeMethod> on 2023-04-23 13:42:16.260150+00:00
[2023-04-23 13:42:47,396] {standard_task_runner.py:52} INFO - Started process 508 to run task
[2023-04-23 13:42:47,400] {standard_task_runner.py:79} INFO - Running: ['***', 'tasks', 'run', 'multi_attack_dag', 'attack_BasicIterativeMethod', 'manual__2023-04-23T13:42:16.260150+00:00', '--job-id', '6224', '--raw', '--subdir', 'DAGS_FOLDER/attack_dag.py', '--cfg-path', '/tmp/tmp_qhpx5sp', '--error-file', '/tmp/tmppwo103fx']
[2023-04-23 13:42:47,402] {standard_task_runner.py:80} INFO - Job 6224: Subtask attack_BasicIterativeMethod
[2023-04-23 13:42:47,483] {task_command.py:369} INFO - Running <TaskInstance: multi_attack_dag.attack_BasicIterativeMethod manual__2023-04-23T13:42:16.260150+00:00 [running]> on host e7e31d5a6603
[2023-04-23 13:42:47,587] {taskinstance.py:1571} INFO - Exporting the following env vars:
AIRFLOW_CTX_DAG_OWNER=***
AIRFLOW_CTX_DAG_ID=multi_attack_dag
AIRFLOW_CTX_TASK_ID=attack_BasicIterativeMethod
AIRFLOW_CTX_EXECUTION_DATE=2023-04-23T13:42:16.260150+00:00
AIRFLOW_CTX_TRY_NUMBER=1
AIRFLOW_CTX_DAG_RUN_ID=manual__2023-04-23T13:42:16.260150+00:00
[2023-04-23 13:42:47,607] {transport.py:157} INFO - Attempting refresh to obtain initial access_token
[2023-04-23 13:42:47,611] {client.py:777} INFO - Refreshing access_token
[2023-04-23 13:42:48,445] {transport.py:157} INFO - Attempting refresh to obtain initial access_token
[2023-04-23 13:42:48,447] {client.py:777} INFO - Refreshing access_token
[2023-04-23 13:42:53,777] {pytorch.py:1198} INFO - Inferred 5 hidden layers on PyTorch classifier.
[2023-04-23 13:43:00,400] {attack_dag.py:227} INFO - Optimizing...
[2023-04-23 13:43:00,418] {logging_mixin.py:115} INFO - I am right here on <class 'art.attacks.evasion.iterative_method.BasicIterativeMethod'>
[2023-04-23 13:43:00,419] {logging_mixin.py:115} INFO - <function optimize_evasion_attack.<locals>.<lambda> at 0x7efce3f580e0>
[2023-04-23 13:43:00,434] {taskinstance.py:1889} ERROR - Task failed with exception
Traceback (most recent call last):
  File "/home/airflow/.local/lib/python3.7/site-packages/airflow/operators/python.py", line 171, in execute
    return_value = self.execute_callable()
  File "/home/airflow/.local/lib/python3.7/site-packages/airflow/operators/python.py", line 189, in execute_callable
    return self.python_callable(*self.op_args, **self.op_kwargs)
  File "/opt/airflow/dags/attack_dag.py", line 145, in attack_BasicIterativeMethod
    model_acc, adversarial_examples  = attack(BasicIterativeMethod)
  File "/opt/airflow/dags/attack_dag.py", line 228, in attack
    optimized_attack = optimize_evasion_attack(attack_obj,estimator,x_test,y_test)
  File "/opt/airflow/dags/attack_dag.py", line 204, in optimize_evasion_attack
    result = gp_minimize(func, search_space, n_calls=10)
  File "/home/airflow/.local/lib/python3.7/site-packages/skopt/optimizer/gp.py", line 268, in gp_minimize
    callback=callback, n_jobs=n_jobs, model_queue_size=model_queue_size)
  File "/home/airflow/.local/lib/python3.7/site-packages/skopt/optimizer/base.py", line 299, in base_minimize
    next_y = func(next_x)
  File "/opt/airflow/dags/attack_dag.py", line 202, in <lambda>
    func = lambda params: _optimize(attack, params,classifier=classifier,data=data,true_labels=true_labels)
  File "/opt/airflow/dags/attack_dag.py", line 190, in _optimize
    HP = {k: v for k, v in zip(attacks_parameters[type(attack).__name__], hyperparams)}
KeyError: 'ABCMeta'
[2023-04-23 13:43:00,455] {taskinstance.py:1400} INFO - Marking task as UP_FOR_RETRY. dag_id=multi_attack_dag, task_id=attack_BasicIterativeMethod, execution_date=20230423T134216, start_date=20230423T134247, end_date=20230423T134300
[2023-04-23 13:43:00,494] {standard_task_runner.py:97} ERROR - Failed to execute job 6224 for task attack_BasicIterativeMethod ('ABCMeta'; 508)
[2023-04-23 13:43:00,541] {local_task_job.py:156} INFO - Task exited with return code 1
[2023-04-23 13:43:00,612] {local_task_job.py:273} INFO - 0 downstream tasks scheduled from follow-on schedule check
