[2023-03-23 15:16:50,623] {taskinstance.py:1159} INFO - Dependencies all met for <TaskInstance: multi_defence_dag.Defence1 manual__2023-03-23T15:16:30.344788+00:00 [queued]>
[2023-03-23 15:16:50,713] {taskinstance.py:1159} INFO - Dependencies all met for <TaskInstance: multi_defence_dag.Defence1 manual__2023-03-23T15:16:30.344788+00:00 [queued]>
[2023-03-23 15:16:50,715] {taskinstance.py:1356} INFO - 
--------------------------------------------------------------------------------
[2023-03-23 15:16:50,723] {taskinstance.py:1357} INFO - Starting attempt 1 of 2
[2023-03-23 15:16:50,726] {taskinstance.py:1358} INFO - 
--------------------------------------------------------------------------------
[2023-03-23 15:16:50,850] {taskinstance.py:1377} INFO - Executing <Task(PythonOperator): Defence1> on 2023-03-23 15:16:30.344788+00:00
[2023-03-23 15:16:50,876] {standard_task_runner.py:52} INFO - Started process 11884 to run task
[2023-03-23 15:16:50,929] {standard_task_runner.py:79} INFO - Running: ['***', 'tasks', 'run', 'multi_defence_dag', 'Defence1', 'manual__2023-03-23T15:16:30.344788+00:00', '--job-id', '2954', '--raw', '--subdir', 'DAGS_FOLDER/defence_dag.py', '--cfg-path', '/tmp/tmpu1gfmoiq', '--error-file', '/tmp/tmpn199vq39']
[2023-03-23 15:16:50,946] {standard_task_runner.py:80} INFO - Job 2954: Subtask Defence1
[2023-03-23 15:16:51,465] {task_command.py:369} INFO - Running <TaskInstance: multi_defence_dag.Defence1 manual__2023-03-23T15:16:30.344788+00:00 [running]> on host 6447f1dacd32
[2023-03-23 15:16:52,459] {taskinstance.py:1571} INFO - Exporting the following env vars:
AIRFLOW_CTX_DAG_OWNER=***
AIRFLOW_CTX_DAG_ID=multi_defence_dag
AIRFLOW_CTX_TASK_ID=Defence1
AIRFLOW_CTX_EXECUTION_DATE=2023-03-23T15:16:30.344788+00:00
AIRFLOW_CTX_TRY_NUMBER=1
AIRFLOW_CTX_DAG_RUN_ID=manual__2023-03-23T15:16:30.344788+00:00
[2023-03-23 15:16:52,618] {python.py:173} INFO - Done. Returned value was: None
[2023-03-23 15:16:52,782] {taskinstance.py:1400} INFO - Marking task as SUCCESS. dag_id=multi_defence_dag, task_id=Defence1, execution_date=20230323T151630, start_date=20230323T151650, end_date=20230323T151652
[2023-03-23 15:16:52,912] {local_task_job.py:156} INFO - Task exited with return code 0
[2023-03-23 15:16:53,441] {local_task_job.py:273} INFO - 0 downstream tasks scheduled from follow-on schedule check
