[2023-03-23 07:55:01,286] {taskinstance.py:1159} INFO - Dependencies all met for <TaskInstance: defence_dag2.defence1 scheduled__2023-03-19T00:00:00+00:00 [queued]>
[2023-03-23 07:55:01,316] {taskinstance.py:1159} INFO - Dependencies all met for <TaskInstance: defence_dag2.defence1 scheduled__2023-03-19T00:00:00+00:00 [queued]>
[2023-03-23 07:55:01,317] {taskinstance.py:1356} INFO - 
--------------------------------------------------------------------------------
[2023-03-23 07:55:01,317] {taskinstance.py:1357} INFO - Starting attempt 1 of 1
[2023-03-23 07:55:01,318] {taskinstance.py:1358} INFO - 
--------------------------------------------------------------------------------
[2023-03-23 07:55:01,363] {taskinstance.py:1377} INFO - Executing <Task(PythonOperator): defence1> on 2023-03-19 00:00:00+00:00
[2023-03-23 07:55:01,379] {standard_task_runner.py:52} INFO - Started process 95 to run task
[2023-03-23 07:55:01,387] {standard_task_runner.py:79} INFO - Running: ['***', 'tasks', 'run', 'defence_dag2', 'defence1', 'scheduled__2023-03-19T00:00:00+00:00', '--job-id', '2140', '--raw', '--subdir', 'DAGS_FOLDER/defese.py', '--cfg-path', '/tmp/tmpc_dqq8h3', '--error-file', '/tmp/tmp16juyh5c']
[2023-03-23 07:55:01,392] {standard_task_runner.py:80} INFO - Job 2140: Subtask defence1
[2023-03-23 07:55:01,508] {task_command.py:369} INFO - Running <TaskInstance: defence_dag2.defence1 scheduled__2023-03-19T00:00:00+00:00 [running]> on host 6447f1dacd32
[2023-03-23 07:55:01,663] {taskinstance.py:1571} INFO - Exporting the following env vars:
AIRFLOW_CTX_DAG_OWNER=***
AIRFLOW_CTX_DAG_ID=defence_dag2
AIRFLOW_CTX_TASK_ID=defence1
AIRFLOW_CTX_EXECUTION_DATE=2023-03-19T00:00:00+00:00
AIRFLOW_CTX_TRY_NUMBER=1
AIRFLOW_CTX_DAG_RUN_ID=scheduled__2023-03-19T00:00:00+00:00
[2023-03-23 07:55:01,665] {logging_mixin.py:115} INFO - defensing
[2023-03-23 07:55:01,665] {python.py:173} INFO - Done. Returned value was: None
[2023-03-23 07:55:01,682] {taskinstance.py:1400} INFO - Marking task as SUCCESS. dag_id=defence_dag2, task_id=defence1, execution_date=20230319T000000, start_date=20230323T075501, end_date=20230323T075501
[2023-03-23 07:55:01,732] {local_task_job.py:156} INFO - Task exited with return code 0
[2023-03-23 07:55:01,804] {local_task_job.py:273} INFO - 1 downstream tasks scheduled from follow-on schedule check
