[2023-03-16 11:30:34,996] {taskinstance.py:1159} INFO - Dependencies all met for <TaskInstance: defence_dag.defence1 manual__2023-03-16T11:30:30.024445+00:00 [queued]>
[2023-03-16 11:30:35,012] {taskinstance.py:1159} INFO - Dependencies all met for <TaskInstance: defence_dag.defence1 manual__2023-03-16T11:30:30.024445+00:00 [queued]>
[2023-03-16 11:30:35,013] {taskinstance.py:1356} INFO - 
--------------------------------------------------------------------------------
[2023-03-16 11:30:35,013] {taskinstance.py:1357} INFO - Starting attempt 1 of 1
[2023-03-16 11:30:35,014] {taskinstance.py:1358} INFO - 
--------------------------------------------------------------------------------
[2023-03-16 11:30:35,037] {taskinstance.py:1377} INFO - Executing <Task(PythonOperator): defence1> on 2023-03-16 11:30:30.024445+00:00
[2023-03-16 11:30:35,043] {standard_task_runner.py:52} INFO - Started process 542 to run task
[2023-03-16 11:30:35,047] {standard_task_runner.py:79} INFO - Running: ['***', 'tasks', 'run', 'defence_dag', 'defence1', 'manual__2023-03-16T11:30:30.024445+00:00', '--job-id', '850', '--raw', '--subdir', 'DAGS_FOLDER/defese.py', '--cfg-path', '/tmp/tmpbp3barkf', '--error-file', '/tmp/tmpg0reyb5x']
[2023-03-16 11:30:35,048] {standard_task_runner.py:80} INFO - Job 850: Subtask defence1
[2023-03-16 11:30:35,135] {task_command.py:369} INFO - Running <TaskInstance: defence_dag.defence1 manual__2023-03-16T11:30:30.024445+00:00 [running]> on host 596adcca7378
[2023-03-16 11:30:35,230] {taskinstance.py:1571} INFO - Exporting the following env vars:
AIRFLOW_CTX_DAG_OWNER=***
AIRFLOW_CTX_DAG_ID=defence_dag
AIRFLOW_CTX_TASK_ID=defence1
AIRFLOW_CTX_EXECUTION_DATE=2023-03-16T11:30:30.024445+00:00
AIRFLOW_CTX_TRY_NUMBER=1
AIRFLOW_CTX_DAG_RUN_ID=manual__2023-03-16T11:30:30.024445+00:00
[2023-03-16 11:30:35,231] {logging_mixin.py:115} INFO - defensing
[2023-03-16 11:30:35,232] {python.py:173} INFO - Done. Returned value was: None
[2023-03-16 11:30:35,246] {taskinstance.py:1400} INFO - Marking task as SUCCESS. dag_id=defence_dag, task_id=defence1, execution_date=20230316T113030, start_date=20230316T113034, end_date=20230316T113035
[2023-03-16 11:30:35,300] {local_task_job.py:156} INFO - Task exited with return code 0
[2023-03-16 11:30:35,380] {local_task_job.py:273} INFO - 2 downstream tasks scheduled from follow-on schedule check
