[2023-03-28 12:14:25,653] {taskinstance.py:1159} INFO - Dependencies all met for <TaskInstance: defence_dag2.defence1 manual__2023-03-28T12:14:17.633016+00:00 [queued]>
[2023-03-28 12:14:25,666] {taskinstance.py:1159} INFO - Dependencies all met for <TaskInstance: defence_dag2.defence1 manual__2023-03-28T12:14:17.633016+00:00 [queued]>
[2023-03-28 12:14:25,667] {taskinstance.py:1356} INFO - 
--------------------------------------------------------------------------------
[2023-03-28 12:14:25,667] {taskinstance.py:1357} INFO - Starting attempt 1 of 1
[2023-03-28 12:14:25,668] {taskinstance.py:1358} INFO - 
--------------------------------------------------------------------------------
[2023-03-28 12:14:25,690] {taskinstance.py:1377} INFO - Executing <Task(PythonOperator): defence1> on 2023-03-28 12:14:17.633016+00:00
[2023-03-28 12:14:25,700] {standard_task_runner.py:52} INFO - Started process 2350 to run task
[2023-03-28 12:14:25,705] {standard_task_runner.py:79} INFO - Running: ['***', 'tasks', 'run', 'defence_dag2', 'defence1', 'manual__2023-03-28T12:14:17.633016+00:00', '--job-id', '4567', '--raw', '--subdir', 'DAGS_FOLDER/defese.py', '--cfg-path', '/tmp/tmpp3gexfms', '--error-file', '/tmp/tmp7rgjsjkf']
[2023-03-28 12:14:25,707] {standard_task_runner.py:80} INFO - Job 4567: Subtask defence1
[2023-03-28 12:14:25,799] {task_command.py:369} INFO - Running <TaskInstance: defence_dag2.defence1 manual__2023-03-28T12:14:17.633016+00:00 [running]> on host ff3d40af78f9
[2023-03-28 12:14:25,919] {taskinstance.py:1571} INFO - Exporting the following env vars:
AIRFLOW_CTX_DAG_OWNER=***
AIRFLOW_CTX_DAG_ID=defence_dag2
AIRFLOW_CTX_TASK_ID=defence1
AIRFLOW_CTX_EXECUTION_DATE=2023-03-28T12:14:17.633016+00:00
AIRFLOW_CTX_TRY_NUMBER=1
AIRFLOW_CTX_DAG_RUN_ID=manual__2023-03-28T12:14:17.633016+00:00
[2023-03-28 12:14:25,945] {logging_mixin.py:115} INFO - defensing
[2023-03-28 12:14:25,946] {python.py:173} INFO - Done. Returned value was: None
[2023-03-28 12:14:25,969] {taskinstance.py:1400} INFO - Marking task as SUCCESS. dag_id=defence_dag2, task_id=defence1, execution_date=20230328T121417, start_date=20230328T121425, end_date=20230328T121425
[2023-03-28 12:14:25,999] {local_task_job.py:156} INFO - Task exited with return code 0
[2023-03-28 12:14:26,092] {local_task_job.py:273} INFO - 0 downstream tasks scheduled from follow-on schedule check
