[2023-03-23 15:37:41,964] {taskinstance.py:1159} INFO - Dependencies all met for <TaskInstance: multi_defence_dag.stop manual__2023-03-23T15:37:12.600041+00:00 [queued]>
[2023-03-23 15:37:42,040] {taskinstance.py:1159} INFO - Dependencies all met for <TaskInstance: multi_defence_dag.stop manual__2023-03-23T15:37:12.600041+00:00 [queued]>
[2023-03-23 15:37:42,043] {taskinstance.py:1356} INFO - 
--------------------------------------------------------------------------------
[2023-03-23 15:37:42,046] {taskinstance.py:1357} INFO - Starting attempt 1 of 2
[2023-03-23 15:37:42,051] {taskinstance.py:1358} INFO - 
--------------------------------------------------------------------------------
[2023-03-23 15:37:42,391] {taskinstance.py:1377} INFO - Executing <Task(PythonOperator): stop> on 2023-03-23 15:37:12.600041+00:00
[2023-03-23 15:37:42,464] {standard_task_runner.py:79} INFO - Running: ['***', 'tasks', 'run', 'multi_defence_dag', 'stop', 'manual__2023-03-23T15:37:12.600041+00:00', '--job-id', '3490', '--raw', '--subdir', 'DAGS_FOLDER/defence_dag.py', '--cfg-path', '/tmp/tmphu1ua1qg', '--error-file', '/tmp/tmp8gz8pt_c']
[2023-03-23 15:37:42,478] {standard_task_runner.py:80} INFO - Job 3490: Subtask stop
[2023-03-23 15:37:42,457] {standard_task_runner.py:52} INFO - Started process 13373 to run task
[2023-03-23 15:37:43,282] {task_command.py:369} INFO - Running <TaskInstance: multi_defence_dag.stop manual__2023-03-23T15:37:12.600041+00:00 [running]> on host 6447f1dacd32
[2023-03-23 15:37:43,865] {taskinstance.py:1571} INFO - Exporting the following env vars:
AIRFLOW_CTX_DAG_OWNER=***
AIRFLOW_CTX_DAG_ID=multi_defence_dag
AIRFLOW_CTX_TASK_ID=stop
AIRFLOW_CTX_EXECUTION_DATE=2023-03-23T15:37:12.600041+00:00
AIRFLOW_CTX_TRY_NUMBER=1
AIRFLOW_CTX_DAG_RUN_ID=manual__2023-03-23T15:37:12.600041+00:00
[2023-03-23 15:37:43,869] {python.py:173} INFO - Done. Returned value was: Cycle has ended
[2023-03-23 15:37:44,072] {taskinstance.py:1400} INFO - Marking task as SUCCESS. dag_id=multi_defence_dag, task_id=stop, execution_date=20230323T153712, start_date=20230323T153741, end_date=20230323T153744
[2023-03-23 15:37:44,181] {local_task_job.py:156} INFO - Task exited with return code 0
[2023-03-23 15:37:44,280] {local_task_job.py:273} INFO - 0 downstream tasks scheduled from follow-on schedule check
