[2023-04-09 13:38:11,838] {taskinstance.py:1159} INFO - Dependencies all met for <TaskInstance: multi_defence_dag.Defence2 manual__2023-04-09T13:37:58.850560+00:00 [queued]>
[2023-04-09 13:38:11,857] {taskinstance.py:1159} INFO - Dependencies all met for <TaskInstance: multi_defence_dag.Defence2 manual__2023-04-09T13:37:58.850560+00:00 [queued]>
[2023-04-09 13:38:11,858] {taskinstance.py:1356} INFO - 
--------------------------------------------------------------------------------
[2023-04-09 13:38:11,859] {taskinstance.py:1357} INFO - Starting attempt 1 of 2
[2023-04-09 13:38:11,859] {taskinstance.py:1358} INFO - 
--------------------------------------------------------------------------------
[2023-04-09 13:38:11,876] {taskinstance.py:1377} INFO - Executing <Task(PythonOperator): Defence2> on 2023-04-09 13:37:58.850560+00:00
[2023-04-09 13:38:11,887] {standard_task_runner.py:52} INFO - Started process 587 to run task
[2023-04-09 13:38:11,892] {standard_task_runner.py:79} INFO - Running: ['***', 'tasks', 'run', 'multi_defence_dag', 'Defence2', 'manual__2023-04-09T13:37:58.850560+00:00', '--job-id', '5075', '--raw', '--subdir', 'DAGS_FOLDER/defence_dag.py', '--cfg-path', '/tmp/tmpo4hrlre3', '--error-file', '/tmp/tmpfkb5qt3k']
[2023-04-09 13:38:11,893] {standard_task_runner.py:80} INFO - Job 5075: Subtask Defence2
[2023-04-09 13:38:12,003] {task_command.py:369} INFO - Running <TaskInstance: multi_defence_dag.Defence2 manual__2023-04-09T13:37:58.850560+00:00 [running]> on host c5458bb8a35c
[2023-04-09 13:38:12,154] {taskinstance.py:1571} INFO - Exporting the following env vars:
AIRFLOW_CTX_DAG_OWNER=***
AIRFLOW_CTX_DAG_ID=multi_defence_dag
AIRFLOW_CTX_TASK_ID=Defence2
AIRFLOW_CTX_EXECUTION_DATE=2023-04-09T13:37:58.850560+00:00
AIRFLOW_CTX_TRY_NUMBER=1
AIRFLOW_CTX_DAG_RUN_ID=manual__2023-04-09T13:37:58.850560+00:00
[2023-04-09 13:38:12,190] {python.py:173} INFO - Done. Returned value was: None
[2023-04-09 13:38:12,213] {taskinstance.py:1400} INFO - Marking task as SUCCESS. dag_id=multi_defence_dag, task_id=Defence2, execution_date=20230409T133758, start_date=20230409T133811, end_date=20230409T133812
[2023-04-09 13:38:12,266] {local_task_job.py:156} INFO - Task exited with return code 0
[2023-04-09 13:38:12,355] {local_task_job.py:273} INFO - 1 downstream tasks scheduled from follow-on schedule check
