[2023-04-09 12:50:17,972] {taskinstance.py:1159} INFO - Dependencies all met for <TaskInstance: multi_defence_dag.Defence2 manual__2023-04-09T12:50:04.821153+00:00 [queued]>
[2023-04-09 12:50:17,996] {taskinstance.py:1159} INFO - Dependencies all met for <TaskInstance: multi_defence_dag.Defence2 manual__2023-04-09T12:50:04.821153+00:00 [queued]>
[2023-04-09 12:50:17,997] {taskinstance.py:1356} INFO - 
--------------------------------------------------------------------------------
[2023-04-09 12:50:17,998] {taskinstance.py:1357} INFO - Starting attempt 1 of 2
[2023-04-09 12:50:17,999] {taskinstance.py:1358} INFO - 
--------------------------------------------------------------------------------
[2023-04-09 12:50:18,025] {taskinstance.py:1377} INFO - Executing <Task(PythonOperator): Defence2> on 2023-04-09 12:50:04.821153+00:00
[2023-04-09 12:50:18,040] {standard_task_runner.py:52} INFO - Started process 15186 to run task
[2023-04-09 12:50:18,053] {standard_task_runner.py:79} INFO - Running: ['***', 'tasks', 'run', 'multi_defence_dag', 'Defence2', 'manual__2023-04-09T12:50:04.821153+00:00', '--job-id', '5013', '--raw', '--subdir', 'DAGS_FOLDER/defence_dag.py', '--cfg-path', '/tmp/tmp3tgfhk40', '--error-file', '/tmp/tmpem8jf4oe']
[2023-04-09 12:50:18,056] {standard_task_runner.py:80} INFO - Job 5013: Subtask Defence2
[2023-04-09 12:50:18,179] {task_command.py:369} INFO - Running <TaskInstance: multi_defence_dag.Defence2 manual__2023-04-09T12:50:04.821153+00:00 [running]> on host ff3d40af78f9
[2023-04-09 12:50:18,324] {taskinstance.py:1571} INFO - Exporting the following env vars:
AIRFLOW_CTX_DAG_OWNER=***
AIRFLOW_CTX_DAG_ID=multi_defence_dag
AIRFLOW_CTX_TASK_ID=Defence2
AIRFLOW_CTX_EXECUTION_DATE=2023-04-09T12:50:04.821153+00:00
AIRFLOW_CTX_TRY_NUMBER=1
AIRFLOW_CTX_DAG_RUN_ID=manual__2023-04-09T12:50:04.821153+00:00
[2023-04-09 12:50:18,353] {python.py:173} INFO - Done. Returned value was: None
[2023-04-09 12:50:18,378] {taskinstance.py:1400} INFO - Marking task as SUCCESS. dag_id=multi_defence_dag, task_id=Defence2, execution_date=20230409T125004, start_date=20230409T125017, end_date=20230409T125018
[2023-04-09 12:50:18,426] {local_task_job.py:156} INFO - Task exited with return code 0
[2023-04-09 12:50:18,505] {local_task_job.py:273} INFO - 0 downstream tasks scheduled from follow-on schedule check
