[2023-04-09 13:46:33,772] {taskinstance.py:1159} INFO - Dependencies all met for <TaskInstance: multi_defence_dag.to_defence2 manual__2023-04-09T13:46:22.820575+00:00 [queued]>
[2023-04-09 13:46:33,794] {taskinstance.py:1159} INFO - Dependencies all met for <TaskInstance: multi_defence_dag.to_defence2 manual__2023-04-09T13:46:22.820575+00:00 [queued]>
[2023-04-09 13:46:33,795] {taskinstance.py:1356} INFO - 
--------------------------------------------------------------------------------
[2023-04-09 13:46:33,796] {taskinstance.py:1357} INFO - Starting attempt 1 of 2
[2023-04-09 13:46:33,796] {taskinstance.py:1358} INFO - 
--------------------------------------------------------------------------------
[2023-04-09 13:46:33,831] {taskinstance.py:1377} INFO - Executing <Task(BranchPythonOperator): to_defence2> on 2023-04-09 13:46:22.820575+00:00
[2023-04-09 13:46:33,843] {standard_task_runner.py:52} INFO - Started process 1024 to run task
[2023-04-09 13:46:33,851] {standard_task_runner.py:79} INFO - Running: ['***', 'tasks', 'run', 'multi_defence_dag', 'to_defence2', 'manual__2023-04-09T13:46:22.820575+00:00', '--job-id', '5091', '--raw', '--subdir', 'DAGS_FOLDER/defence_dag.py', '--cfg-path', '/tmp/tmp9_1i20lm', '--error-file', '/tmp/tmpxujwmo33']
[2023-04-09 13:46:33,852] {standard_task_runner.py:80} INFO - Job 5091: Subtask to_defence2
[2023-04-09 13:46:33,969] {task_command.py:369} INFO - Running <TaskInstance: multi_defence_dag.to_defence2 manual__2023-04-09T13:46:22.820575+00:00 [running]> on host c5458bb8a35c
[2023-04-09 13:46:34,121] {taskinstance.py:1571} INFO - Exporting the following env vars:
AIRFLOW_CTX_DAG_OWNER=***
AIRFLOW_CTX_DAG_ID=multi_defence_dag
AIRFLOW_CTX_TASK_ID=to_defence2
AIRFLOW_CTX_EXECUTION_DATE=2023-04-09T13:46:22.820575+00:00
AIRFLOW_CTX_TRY_NUMBER=1
AIRFLOW_CTX_DAG_RUN_ID=manual__2023-04-09T13:46:22.820575+00:00
[2023-04-09 13:46:34,142] {python.py:173} INFO - Done. Returned value was: Defence2
[2023-04-09 13:46:34,143] {skipmixin.py:140} INFO - Following branch Defence2
[2023-04-09 13:46:34,145] {skipmixin.py:175} INFO - Skipping tasks ['default']
[2023-04-09 13:46:34,314] {taskinstance.py:1400} INFO - Marking task as SUCCESS. dag_id=multi_defence_dag, task_id=to_defence2, execution_date=20230409T134622, start_date=20230409T134633, end_date=20230409T134634
[2023-04-09 13:46:34,346] {local_task_job.py:156} INFO - Task exited with return code 0
[2023-04-09 13:46:34,449] {local_task_job.py:273} INFO - 1 downstream tasks scheduled from follow-on schedule check
