[2023-03-23 15:52:09,667] {taskinstance.py:1159} INFO - Dependencies all met for <TaskInstance: multi_defence_dag.Defence3 manual__2023-03-23T15:51:46.878965+00:00 [queued]>
[2023-03-23 15:52:09,726] {taskinstance.py:1159} INFO - Dependencies all met for <TaskInstance: multi_defence_dag.Defence3 manual__2023-03-23T15:51:46.878965+00:00 [queued]>
[2023-03-23 15:52:09,729] {taskinstance.py:1356} INFO - 
--------------------------------------------------------------------------------
[2023-03-23 15:52:09,733] {taskinstance.py:1357} INFO - Starting attempt 1 of 2
[2023-03-23 15:52:09,734] {taskinstance.py:1358} INFO - 
--------------------------------------------------------------------------------
[2023-03-23 15:52:09,830] {taskinstance.py:1377} INFO - Executing <Task(PythonOperator): Defence3> on 2023-03-23 15:51:46.878965+00:00
[2023-03-23 15:52:09,852] {standard_task_runner.py:52} INFO - Started process 14175 to run task
[2023-03-23 15:52:09,872] {standard_task_runner.py:79} INFO - Running: ['***', 'tasks', 'run', 'multi_defence_dag', 'Defence3', 'manual__2023-03-23T15:51:46.878965+00:00', '--job-id', '3640', '--raw', '--subdir', 'DAGS_FOLDER/defence_dag.py', '--cfg-path', '/tmp/tmpakpimkyb', '--error-file', '/tmp/tmpyr1_h185']
[2023-03-23 15:52:09,880] {standard_task_runner.py:80} INFO - Job 3640: Subtask Defence3
[2023-03-23 15:52:10,243] {task_command.py:369} INFO - Running <TaskInstance: multi_defence_dag.Defence3 manual__2023-03-23T15:51:46.878965+00:00 [running]> on host 6447f1dacd32
[2023-03-23 15:52:10,718] {taskinstance.py:1571} INFO - Exporting the following env vars:
AIRFLOW_CTX_DAG_OWNER=***
AIRFLOW_CTX_DAG_ID=multi_defence_dag
AIRFLOW_CTX_TASK_ID=Defence3
AIRFLOW_CTX_EXECUTION_DATE=2023-03-23T15:51:46.878965+00:00
AIRFLOW_CTX_TRY_NUMBER=1
AIRFLOW_CTX_DAG_RUN_ID=manual__2023-03-23T15:51:46.878965+00:00
[2023-03-23 15:52:10,855] {python.py:173} INFO - Done. Returned value was: None
[2023-03-23 15:52:11,120] {taskinstance.py:1400} INFO - Marking task as SUCCESS. dag_id=multi_defence_dag, task_id=Defence3, execution_date=20230323T155146, start_date=20230323T155209, end_date=20230323T155211
[2023-03-23 15:52:11,206] {local_task_job.py:156} INFO - Task exited with return code 0
[2023-03-23 15:52:11,384] {local_task_job.py:273} INFO - 1 downstream tasks scheduled from follow-on schedule check
