[2023-03-23 12:02:01,669] {taskinstance.py:1159} INFO - Dependencies all met for <TaskInstance: defence_dag2.trigger_offence manual__2023-03-23T12:01:55.306163+00:00 [queued]>
[2023-03-23 12:02:01,682] {taskinstance.py:1159} INFO - Dependencies all met for <TaskInstance: defence_dag2.trigger_offence manual__2023-03-23T12:01:55.306163+00:00 [queued]>
[2023-03-23 12:02:01,682] {taskinstance.py:1356} INFO - 
--------------------------------------------------------------------------------
[2023-03-23 12:02:01,683] {taskinstance.py:1357} INFO - Starting attempt 1 of 1
[2023-03-23 12:02:01,683] {taskinstance.py:1358} INFO - 
--------------------------------------------------------------------------------
[2023-03-23 12:02:01,695] {taskinstance.py:1377} INFO - Executing <Task(TriggerDagRunOperator): trigger_offence> on 2023-03-23 12:01:55.306163+00:00
[2023-03-23 12:02:01,700] {standard_task_runner.py:52} INFO - Started process 3719 to run task
[2023-03-23 12:02:01,703] {standard_task_runner.py:79} INFO - Running: ['***', 'tasks', 'run', 'defence_dag2', 'trigger_offence', 'manual__2023-03-23T12:01:55.306163+00:00', '--job-id', '2688', '--raw', '--subdir', 'DAGS_FOLDER/defese.py', '--cfg-path', '/tmp/tmp8_x7zqm1', '--error-file', '/tmp/tmp6wxciv3v']
[2023-03-23 12:02:01,704] {standard_task_runner.py:80} INFO - Job 2688: Subtask trigger_offence
[2023-03-23 12:02:01,750] {task_command.py:369} INFO - Running <TaskInstance: defence_dag2.trigger_offence manual__2023-03-23T12:01:55.306163+00:00 [running]> on host 6447f1dacd32
[2023-03-23 12:02:01,883] {taskinstance.py:1571} INFO - Exporting the following env vars:
AIRFLOW_CTX_DAG_OWNER=***
AIRFLOW_CTX_DAG_ID=defence_dag2
AIRFLOW_CTX_TASK_ID=trigger_offence
AIRFLOW_CTX_EXECUTION_DATE=2023-03-23T12:01:55.306163+00:00
AIRFLOW_CTX_TRY_NUMBER=1
AIRFLOW_CTX_DAG_RUN_ID=manual__2023-03-23T12:01:55.306163+00:00
[2023-03-23 12:02:02,966] {taskinstance.py:1400} INFO - Marking task as SUCCESS. dag_id=defence_dag2, task_id=trigger_offence, execution_date=20230323T120155, start_date=20230323T120201, end_date=20230323T120202
[2023-03-23 12:02:03,042] {local_task_job.py:156} INFO - Task exited with return code 0
[2023-03-23 12:02:03,103] {local_task_job.py:273} INFO - 0 downstream tasks scheduled from follow-on schedule check
