[2023-04-30 09:43:53,118] {taskinstance.py:1159} INFO - Dependencies all met for <TaskInstance: multi_attack_dag.choose_best manual__2023-04-30T09:37:54.528614+00:00 [queued]>
[2023-04-30 09:43:53,145] {taskinstance.py:1159} INFO - Dependencies all met for <TaskInstance: multi_attack_dag.choose_best manual__2023-04-30T09:37:54.528614+00:00 [queued]>
[2023-04-30 09:43:53,146] {taskinstance.py:1356} INFO - 
--------------------------------------------------------------------------------
[2023-04-30 09:43:53,152] {taskinstance.py:1357} INFO - Starting attempt 1 of 2
[2023-04-30 09:43:53,152] {taskinstance.py:1358} INFO - 
--------------------------------------------------------------------------------
[2023-04-30 09:43:53,185] {taskinstance.py:1377} INFO - Executing <Task(PythonOperator): choose_best> on 2023-04-30 09:37:54.528614+00:00
[2023-04-30 09:43:53,200] {standard_task_runner.py:52} INFO - Started process 2223 to run task
[2023-04-30 09:43:53,208] {standard_task_runner.py:79} INFO - Running: ['***', 'tasks', 'run', 'multi_attack_dag', 'choose_best', 'manual__2023-04-30T09:37:54.528614+00:00', '--job-id', '7350', '--raw', '--subdir', 'DAGS_FOLDER/attack_dag.py', '--cfg-path', '/tmp/tmpnwjm9gfv', '--error-file', '/tmp/tmpal4u6_92']
[2023-04-30 09:43:53,211] {standard_task_runner.py:80} INFO - Job 7350: Subtask choose_best
[2023-04-30 09:43:53,325] {task_command.py:369} INFO - Running <TaskInstance: multi_attack_dag.choose_best manual__2023-04-30T09:37:54.528614+00:00 [running]> on host e7e31d5a6603
[2023-04-30 09:43:53,474] {taskinstance.py:1571} INFO - Exporting the following env vars:
AIRFLOW_CTX_DAG_OWNER=***
AIRFLOW_CTX_DAG_ID=multi_attack_dag
AIRFLOW_CTX_TASK_ID=choose_best
AIRFLOW_CTX_EXECUTION_DATE=2023-04-30T09:37:54.528614+00:00
AIRFLOW_CTX_TRY_NUMBER=1
AIRFLOW_CTX_DAG_RUN_ID=manual__2023-04-30T09:37:54.528614+00:00
[2023-04-30 09:43:54,020] {transport.py:157} INFO - Attempting refresh to obtain initial access_token
[2023-04-30 09:43:54,025] {client.py:777} INFO - Refreshing access_token
[2023-04-30 09:43:54,854] {transport.py:157} INFO - Attempting refresh to obtain initial access_token
[2023-04-30 09:43:54,861] {client.py:777} INFO - Refreshing access_token
[2023-04-30 09:43:55,362] {transport.py:157} INFO - Attempting refresh to obtain initial access_token
[2023-04-30 09:43:55,366] {client.py:777} INFO - Refreshing access_token
[2023-04-30 09:43:55,871] {python.py:173} INFO - Done. Returned value was: None
[2023-04-30 09:43:55,885] {taskinstance.py:1400} INFO - Marking task as SUCCESS. dag_id=multi_attack_dag, task_id=choose_best, execution_date=20230430T093754, start_date=20230430T094353, end_date=20230430T094355
[2023-04-30 09:43:55,914] {local_task_job.py:156} INFO - Task exited with return code 0
[2023-04-30 09:43:55,941] {local_task_job.py:273} INFO - 1 downstream tasks scheduled from follow-on schedule check
