[2023-04-23 09:27:34,080] {taskinstance.py:1159} INFO - Dependencies all met for <TaskInstance: multi_attack_dag.attack_BasicIterativeMethod manual__2023-04-23T09:27:15.414457+00:00 [queued]>
[2023-04-23 09:27:34,110] {taskinstance.py:1159} INFO - Dependencies all met for <TaskInstance: multi_attack_dag.attack_BasicIterativeMethod manual__2023-04-23T09:27:15.414457+00:00 [queued]>
[2023-04-23 09:27:34,111] {taskinstance.py:1356} INFO - 
--------------------------------------------------------------------------------
[2023-04-23 09:27:34,112] {taskinstance.py:1357} INFO - Starting attempt 1 of 2
[2023-04-23 09:27:34,113] {taskinstance.py:1358} INFO - 
--------------------------------------------------------------------------------
[2023-04-23 09:27:34,146] {taskinstance.py:1377} INFO - Executing <Task(PythonOperator): attack_BasicIterativeMethod> on 2023-04-23 09:27:15.414457+00:00
[2023-04-23 09:27:34,156] {standard_task_runner.py:52} INFO - Started process 644 to run task
[2023-04-23 09:27:34,164] {standard_task_runner.py:79} INFO - Running: ['***', 'tasks', 'run', 'multi_attack_dag', 'attack_BasicIterativeMethod', 'manual__2023-04-23T09:27:15.414457+00:00', '--job-id', '6044', '--raw', '--subdir', 'DAGS_FOLDER/attack_dag.py', '--cfg-path', '/tmp/tmpa8hm4401', '--error-file', '/tmp/tmp2bcvbgzj']
[2023-04-23 09:27:34,166] {standard_task_runner.py:80} INFO - Job 6044: Subtask attack_BasicIterativeMethod
[2023-04-23 09:27:34,305] {task_command.py:369} INFO - Running <TaskInstance: multi_attack_dag.attack_BasicIterativeMethod manual__2023-04-23T09:27:15.414457+00:00 [running]> on host a3dd7d962104
[2023-04-23 09:27:34,457] {taskinstance.py:1571} INFO - Exporting the following env vars:
AIRFLOW_CTX_DAG_OWNER=***
AIRFLOW_CTX_DAG_ID=multi_attack_dag
AIRFLOW_CTX_TASK_ID=attack_BasicIterativeMethod
AIRFLOW_CTX_EXECUTION_DATE=2023-04-23T09:27:15.414457+00:00
AIRFLOW_CTX_TRY_NUMBER=1
AIRFLOW_CTX_DAG_RUN_ID=manual__2023-04-23T09:27:15.414457+00:00
[2023-04-23 09:27:34,493] {transport.py:157} INFO - Attempting refresh to obtain initial access_token
[2023-04-23 09:27:34,498] {client.py:777} INFO - Refreshing access_token
[2023-04-23 09:27:35,211] {transport.py:157} INFO - Attempting refresh to obtain initial access_token
[2023-04-23 09:27:35,216] {client.py:777} INFO - Refreshing access_token
[2023-04-23 09:27:41,993] {pytorch.py:1198} INFO - Inferred 5 hidden layers on PyTorch classifier.
[2023-04-23 09:27:44,606] {projected_gradient_descent.py:199} INFO - Creating adversarial samples.
[2023-04-23 09:27:44,652] {logging_mixin.py:115} WARNING - PGD - Batches:   0%|          | 0/7 [00:00<?, ?it/s]
[2023-04-23 09:27:45,543] {logging_mixin.py:115} WARNING - PGD - Batches:  14%|#4        | 1/7 [00:00<00:05,  1.13it/s]
[2023-04-23 09:27:45,858] {logging_mixin.py:115} WARNING - PGD - Batches:  29%|##8       | 2/7 [00:01<00:02,  1.82it/s]
[2023-04-23 09:27:46,026] {logging_mixin.py:115} WARNING - PGD - Batches:  43%|####2     | 3/7 [00:01<00:01,  2.66it/s]
[2023-04-23 09:27:46,944] {logging_mixin.py:115} WARNING - PGD - Batches:  57%|#####7    | 4/7 [00:02<00:01,  1.69it/s]
[2023-04-23 09:27:49,121] {logging_mixin.py:115} WARNING - PGD - Batches:  71%|#######1  | 5/7 [00:04<00:02,  1.16s/it]
[2023-04-23 09:27:50,816] {logging_mixin.py:115} WARNING - PGD - Batches:  86%|########5 | 6/7 [00:06<00:01,  1.34s/it]
[2023-04-23 09:27:51,880] {logging_mixin.py:115} WARNING - PGD - Batches: 100%|##########| 7/7 [00:07<00:00,  1.25s/it]
[2023-04-23 09:27:51,882] {logging_mixin.py:115} WARNING -                                                             
[2023-04-23 09:27:51,897] {projected_gradient_descent_pytorch.py:239} INFO - Success rate of attack: 100.00%
[2023-04-23 09:27:51,925] {transport.py:157} INFO - Attempting refresh to obtain initial access_token
[2023-04-23 09:27:51,928] {client.py:777} INFO - Refreshing access_token
[2023-04-23 09:27:52,666] {python.py:173} INFO - Done. Returned value was: None
[2023-04-23 09:27:52,693] {taskinstance.py:1400} INFO - Marking task as SUCCESS. dag_id=multi_attack_dag, task_id=attack_BasicIterativeMethod, execution_date=20230423T092715, start_date=20230423T092734, end_date=20230423T092752
[2023-04-23 09:27:52,748] {local_task_job.py:156} INFO - Task exited with return code 0
[2023-04-23 09:27:52,816] {local_task_job.py:273} INFO - 0 downstream tasks scheduled from follow-on schedule check
