[2023-04-09 12:53:19,426] {taskinstance.py:1159} INFO - Dependencies all met for <TaskInstance: multi_attack_dag.to_attack_ProjectedGradientDescent manual__2023-04-09T12:53:07.476467+00:00 [queued]>
[2023-04-09 12:53:19,459] {taskinstance.py:1159} INFO - Dependencies all met for <TaskInstance: multi_attack_dag.to_attack_ProjectedGradientDescent manual__2023-04-09T12:53:07.476467+00:00 [queued]>
[2023-04-09 12:53:19,460] {taskinstance.py:1356} INFO - 
--------------------------------------------------------------------------------
[2023-04-09 12:53:19,465] {taskinstance.py:1357} INFO - Starting attempt 1 of 2
[2023-04-09 12:53:19,466] {taskinstance.py:1358} INFO - 
--------------------------------------------------------------------------------
[2023-04-09 12:53:19,503] {taskinstance.py:1377} INFO - Executing <Task(BranchPythonOperator): to_attack_ProjectedGradientDescent> on 2023-04-09 12:53:07.476467+00:00
[2023-04-09 12:53:19,517] {standard_task_runner.py:52} INFO - Started process 15346 to run task
[2023-04-09 12:53:19,523] {standard_task_runner.py:79} INFO - Running: ['***', 'tasks', 'run', 'multi_attack_dag', 'to_attack_ProjectedGradientDescent', 'manual__2023-04-09T12:53:07.476467+00:00', '--job-id', '5021', '--raw', '--subdir', 'DAGS_FOLDER/attack_dag.py', '--cfg-path', '/tmp/tmp1dzbd_gj', '--error-file', '/tmp/tmpe7yubyk4']
[2023-04-09 12:53:19,525] {standard_task_runner.py:80} INFO - Job 5021: Subtask to_attack_ProjectedGradientDescent
[2023-04-09 12:53:19,647] {task_command.py:369} INFO - Running <TaskInstance: multi_attack_dag.to_attack_ProjectedGradientDescent manual__2023-04-09T12:53:07.476467+00:00 [running]> on host ff3d40af78f9
[2023-04-09 12:53:19,799] {taskinstance.py:1571} INFO - Exporting the following env vars:
AIRFLOW_CTX_DAG_OWNER=***
AIRFLOW_CTX_DAG_ID=multi_attack_dag
AIRFLOW_CTX_TASK_ID=to_attack_ProjectedGradientDescent
AIRFLOW_CTX_EXECUTION_DATE=2023-04-09T12:53:07.476467+00:00
AIRFLOW_CTX_TRY_NUMBER=1
AIRFLOW_CTX_DAG_RUN_ID=manual__2023-04-09T12:53:07.476467+00:00
[2023-04-09 12:53:19,826] {python.py:173} INFO - Done. Returned value was: attack_ProjectedGradientDescent
[2023-04-09 12:53:19,836] {skipmixin.py:140} INFO - Following branch attack_ProjectedGradientDescent
[2023-04-09 12:53:19,837] {skipmixin.py:175} INFO - Skipping tasks ['default']
[2023-04-09 12:53:19,974] {taskinstance.py:1400} INFO - Marking task as SUCCESS. dag_id=multi_attack_dag, task_id=to_attack_ProjectedGradientDescent, execution_date=20230409T125307, start_date=20230409T125319, end_date=20230409T125319
[2023-04-09 12:53:20,023] {local_task_job.py:156} INFO - Task exited with return code 0
[2023-04-09 12:53:20,131] {local_task_job.py:273} INFO - 1 downstream tasks scheduled from follow-on schedule check
