[2023-04-18 06:08:40,494] {taskinstance.py:1159} INFO - Dependencies all met for <TaskInstance: multi_attack_dag.to_attack_BasicIterativeMethod scheduled__2023-04-17T00:00:00+00:00 [queued]>
[2023-04-18 06:08:40,559] {taskinstance.py:1159} INFO - Dependencies all met for <TaskInstance: multi_attack_dag.to_attack_BasicIterativeMethod scheduled__2023-04-17T00:00:00+00:00 [queued]>
[2023-04-18 06:08:40,561] {taskinstance.py:1356} INFO - 
--------------------------------------------------------------------------------
[2023-04-18 06:08:40,566] {taskinstance.py:1357} INFO - Starting attempt 1 of 2
[2023-04-18 06:08:40,567] {taskinstance.py:1358} INFO - 
--------------------------------------------------------------------------------
[2023-04-18 06:08:40,655] {taskinstance.py:1377} INFO - Executing <Task(BranchPythonOperator): to_attack_BasicIterativeMethod> on 2023-04-17 00:00:00+00:00
[2023-04-18 06:08:40,727] {standard_task_runner.py:79} INFO - Running: ['***', 'tasks', 'run', 'multi_attack_dag', 'to_attack_BasicIterativeMethod', 'scheduled__2023-04-17T00:00:00+00:00', '--job-id', '5413', '--raw', '--subdir', 'DAGS_FOLDER/attack_dag.py', '--cfg-path', '/tmp/tmps64ddt9c', '--error-file', '/tmp/tmpbreedavw']
[2023-04-18 06:08:40,741] {standard_task_runner.py:80} INFO - Job 5413: Subtask to_attack_BasicIterativeMethod
[2023-04-18 06:08:40,721] {standard_task_runner.py:52} INFO - Started process 160 to run task
[2023-04-18 06:08:41,040] {task_command.py:369} INFO - Running <TaskInstance: multi_attack_dag.to_attack_BasicIterativeMethod scheduled__2023-04-17T00:00:00+00:00 [running]> on host 6c1ce3ac9ba0
[2023-04-18 06:08:41,262] {taskinstance.py:1571} INFO - Exporting the following env vars:
AIRFLOW_CTX_DAG_OWNER=***
AIRFLOW_CTX_DAG_ID=multi_attack_dag
AIRFLOW_CTX_TASK_ID=to_attack_BasicIterativeMethod
AIRFLOW_CTX_EXECUTION_DATE=2023-04-17T00:00:00+00:00
AIRFLOW_CTX_TRY_NUMBER=1
AIRFLOW_CTX_DAG_RUN_ID=scheduled__2023-04-17T00:00:00+00:00
[2023-04-18 06:08:41,329] {python.py:173} INFO - Done. Returned value was: attack_BasicIterativeMethod
[2023-04-18 06:08:41,330] {skipmixin.py:140} INFO - Following branch attack_BasicIterativeMethod
[2023-04-18 06:08:41,332] {skipmixin.py:175} INFO - Skipping tasks ['default']
[2023-04-18 06:08:41,622] {taskinstance.py:1400} INFO - Marking task as SUCCESS. dag_id=multi_attack_dag, task_id=to_attack_BasicIterativeMethod, execution_date=20230417T000000, start_date=20230418T060840, end_date=20230418T060841
[2023-04-18 06:08:41,707] {local_task_job.py:156} INFO - Task exited with return code 0
[2023-04-18 06:08:41,897] {local_task_job.py:273} INFO - 1 downstream tasks scheduled from follow-on schedule check
