[2023-03-12 15:20:04,035] {taskinstance.py:1159} INFO - Dependencies all met for <TaskInstance: defence_dag.defence1 manual__2023-03-12T15:19:58.947648+00:00 [queued]>
[2023-03-12 15:20:04,050] {taskinstance.py:1159} INFO - Dependencies all met for <TaskInstance: defence_dag.defence1 manual__2023-03-12T15:19:58.947648+00:00 [queued]>
[2023-03-12 15:20:04,051] {taskinstance.py:1356} INFO - 
--------------------------------------------------------------------------------
[2023-03-12 15:20:04,052] {taskinstance.py:1357} INFO - Starting attempt 1 of 1
[2023-03-12 15:20:04,053] {taskinstance.py:1358} INFO - 
--------------------------------------------------------------------------------
[2023-03-12 15:20:04,071] {taskinstance.py:1377} INFO - Executing <Task(PythonOperator): defence1> on 2023-03-12 15:19:58.947648+00:00
[2023-03-12 15:20:04,077] {standard_task_runner.py:52} INFO - Started process 301 to run task
[2023-03-12 15:20:04,081] {standard_task_runner.py:79} INFO - Running: ['***', 'tasks', 'run', 'defence_dag', 'defence1', 'manual__2023-03-12T15:19:58.947648+00:00', '--job-id', '490', '--raw', '--subdir', 'DAGS_FOLDER/defese.py', '--cfg-path', '/tmp/tmphqserehz', '--error-file', '/tmp/tmp_06ym33f']
[2023-03-12 15:20:04,082] {standard_task_runner.py:80} INFO - Job 490: Subtask defence1
[2023-03-12 15:20:04,145] {task_command.py:369} INFO - Running <TaskInstance: defence_dag.defence1 manual__2023-03-12T15:19:58.947648+00:00 [running]> on host 596adcca7378
[2023-03-12 15:20:04,222] {taskinstance.py:1571} INFO - Exporting the following env vars:
AIRFLOW_CTX_DAG_OWNER=***
AIRFLOW_CTX_DAG_ID=defence_dag
AIRFLOW_CTX_TASK_ID=defence1
AIRFLOW_CTX_EXECUTION_DATE=2023-03-12T15:19:58.947648+00:00
AIRFLOW_CTX_TRY_NUMBER=1
AIRFLOW_CTX_DAG_RUN_ID=manual__2023-03-12T15:19:58.947648+00:00
[2023-03-12 15:20:04,224] {logging_mixin.py:115} INFO - defensing
[2023-03-12 15:20:04,224] {python.py:173} INFO - Done. Returned value was: None
[2023-03-12 15:20:04,237] {taskinstance.py:1400} INFO - Marking task as SUCCESS. dag_id=defence_dag, task_id=defence1, execution_date=20230312T151958, start_date=20230312T152004, end_date=20230312T152004
[2023-03-12 15:20:04,254] {local_task_job.py:156} INFO - Task exited with return code 0
[2023-03-12 15:20:04,289] {local_task_job.py:273} INFO - 1 downstream tasks scheduled from follow-on schedule check
