[2023-03-12 08:57:01,111] {taskinstance.py:1159} INFO - Dependencies all met for <TaskInstance: cycle.attack_FG scheduled__2023-02-07T00:00:00+00:00 [queued]>
[2023-03-12 08:57:01,141] {taskinstance.py:1159} INFO - Dependencies all met for <TaskInstance: cycle.attack_FG scheduled__2023-02-07T00:00:00+00:00 [queued]>
[2023-03-12 08:57:01,142] {taskinstance.py:1356} INFO - 
--------------------------------------------------------------------------------
[2023-03-12 08:57:01,144] {taskinstance.py:1357} INFO - Starting attempt 1 of 3
[2023-03-12 08:57:01,147] {taskinstance.py:1358} INFO - 
--------------------------------------------------------------------------------
[2023-03-12 08:57:01,230] {taskinstance.py:1377} INFO - Executing <Task(_PythonDecoratedOperator): attack_FG> on 2023-02-07 00:00:00+00:00
[2023-03-12 08:57:01,248] {standard_task_runner.py:52} INFO - Started process 376 to run task
[2023-03-12 08:57:01,276] {standard_task_runner.py:79} INFO - Running: ['***', 'tasks', 'run', 'cycle', 'attack_FG', 'scheduled__2023-02-07T00:00:00+00:00', '--job-id', '257', '--raw', '--subdir', 'DAGS_FOLDER/cycle_dag.py', '--cfg-path', '/tmp/tmp4uxv0rqb', '--error-file', '/tmp/tmpx6d77qby']
[2023-03-12 08:57:01,279] {standard_task_runner.py:80} INFO - Job 257: Subtask attack_FG
[2023-03-12 08:57:01,550] {task_command.py:369} INFO - Running <TaskInstance: cycle.attack_FG scheduled__2023-02-07T00:00:00+00:00 [running]> on host 596adcca7378
[2023-03-12 08:57:01,837] {taskinstance.py:1571} INFO - Exporting the following env vars:
AIRFLOW_CTX_DAG_OWNER=***
AIRFLOW_CTX_DAG_ID=cycle
AIRFLOW_CTX_TASK_ID=attack_FG
AIRFLOW_CTX_EXECUTION_DATE=2023-02-07T00:00:00+00:00
AIRFLOW_CTX_TRY_NUMBER=1
AIRFLOW_CTX_DAG_RUN_ID=scheduled__2023-02-07T00:00:00+00:00
[2023-03-12 08:57:01,839] {python.py:173} INFO - Done. Returned value was: None
[2023-03-12 08:57:01,923] {taskinstance.py:1400} INFO - Marking task as SUCCESS. dag_id=cycle, task_id=attack_FG, execution_date=20230207T000000, start_date=20230312T085701, end_date=20230312T085701
[2023-03-12 08:57:02,017] {local_task_job.py:156} INFO - Task exited with return code 0
[2023-03-12 08:57:02,174] {local_task_job.py:273} INFO - 1 downstream tasks scheduled from follow-on schedule check
