[2023-03-23 15:42:48,053] {taskinstance.py:1159} INFO - Dependencies all met for <TaskInstance: multi_defence_dag.to_defence2 manual__2023-03-23T15:42:39.040561+00:00 [queued]>
[2023-03-23 15:42:48,122] {taskinstance.py:1159} INFO - Dependencies all met for <TaskInstance: multi_defence_dag.to_defence2 manual__2023-03-23T15:42:39.040561+00:00 [queued]>
[2023-03-23 15:42:48,125] {taskinstance.py:1356} INFO - 
--------------------------------------------------------------------------------
[2023-03-23 15:42:48,134] {taskinstance.py:1357} INFO - Starting attempt 1 of 2
[2023-03-23 15:42:48,136] {taskinstance.py:1358} INFO - 
--------------------------------------------------------------------------------
[2023-03-23 15:42:48,266] {taskinstance.py:1377} INFO - Executing <Task(BranchPythonOperator): to_defence2> on 2023-03-23 15:42:39.040561+00:00
[2023-03-23 15:42:48,285] {standard_task_runner.py:52} INFO - Started process 13639 to run task
[2023-03-23 15:42:48,303] {standard_task_runner.py:79} INFO - Running: ['***', 'tasks', 'run', 'multi_defence_dag', 'to_defence2', 'manual__2023-03-23T15:42:39.040561+00:00', '--job-id', '3521', '--raw', '--subdir', 'DAGS_FOLDER/defence_dag.py', '--cfg-path', '/tmp/tmpg6b3y11h', '--error-file', '/tmp/tmpfglcqze0']
[2023-03-23 15:42:48,310] {standard_task_runner.py:80} INFO - Job 3521: Subtask to_defence2
[2023-03-23 15:42:48,613] {task_command.py:369} INFO - Running <TaskInstance: multi_defence_dag.to_defence2 manual__2023-03-23T15:42:39.040561+00:00 [running]> on host 6447f1dacd32
[2023-03-23 15:42:48,890] {taskinstance.py:1571} INFO - Exporting the following env vars:
AIRFLOW_CTX_DAG_OWNER=***
AIRFLOW_CTX_DAG_ID=multi_defence_dag
AIRFLOW_CTX_TASK_ID=to_defence2
AIRFLOW_CTX_EXECUTION_DATE=2023-03-23T15:42:39.040561+00:00
AIRFLOW_CTX_TRY_NUMBER=1
AIRFLOW_CTX_DAG_RUN_ID=manual__2023-03-23T15:42:39.040561+00:00
[2023-03-23 15:42:48,923] {python.py:173} INFO - Done. Returned value was: Defence2
[2023-03-23 15:42:48,925] {skipmixin.py:140} INFO - Following branch Defence2
[2023-03-23 15:42:48,927] {skipmixin.py:175} INFO - Skipping tasks ['default']
[2023-03-23 15:42:49,129] {taskinstance.py:1400} INFO - Marking task as SUCCESS. dag_id=multi_defence_dag, task_id=to_defence2, execution_date=20230323T154239, start_date=20230323T154248, end_date=20230323T154249
[2023-03-23 15:42:49,205] {local_task_job.py:156} INFO - Task exited with return code 0
[2023-03-23 15:42:49,425] {local_task_job.py:273} INFO - 0 downstream tasks scheduled from follow-on schedule check
