[2023-04-30 07:59:10,845] {taskinstance.py:1159} INFO - Dependencies all met for <TaskInstance: multi_defence_dag.to_defence2 scheduled__2023-04-29T00:00:00+00:00 [queued]>
[2023-04-30 07:59:10,922] {taskinstance.py:1159} INFO - Dependencies all met for <TaskInstance: multi_defence_dag.to_defence2 scheduled__2023-04-29T00:00:00+00:00 [queued]>
[2023-04-30 07:59:10,927] {taskinstance.py:1356} INFO - 
--------------------------------------------------------------------------------
[2023-04-30 07:59:10,928] {taskinstance.py:1357} INFO - Starting attempt 1 of 2
[2023-04-30 07:59:10,930] {taskinstance.py:1358} INFO - 
--------------------------------------------------------------------------------
[2023-04-30 07:59:11,030] {taskinstance.py:1377} INFO - Executing <Task(BranchPythonOperator): to_defence2> on 2023-04-29 00:00:00+00:00
[2023-04-30 07:59:11,078] {standard_task_runner.py:52} INFO - Started process 199 to run task
[2023-04-30 07:59:11,084] {standard_task_runner.py:79} INFO - Running: ['***', 'tasks', 'run', 'multi_defence_dag', 'to_defence2', 'scheduled__2023-04-29T00:00:00+00:00', '--job-id', '7025', '--raw', '--subdir', 'DAGS_FOLDER/defence_dag.py', '--cfg-path', '/tmp/tmpr5erm8e7', '--error-file', '/tmp/tmp4uyu1yzq']
[2023-04-30 07:59:11,128] {standard_task_runner.py:80} INFO - Job 7025: Subtask to_defence2
[2023-04-30 07:59:11,483] {task_command.py:369} INFO - Running <TaskInstance: multi_defence_dag.to_defence2 scheduled__2023-04-29T00:00:00+00:00 [running]> on host e7e31d5a6603
[2023-04-30 07:59:12,268] {taskinstance.py:1571} INFO - Exporting the following env vars:
AIRFLOW_CTX_DAG_OWNER=***
AIRFLOW_CTX_DAG_ID=multi_defence_dag
AIRFLOW_CTX_TASK_ID=to_defence2
AIRFLOW_CTX_EXECUTION_DATE=2023-04-29T00:00:00+00:00
AIRFLOW_CTX_TRY_NUMBER=1
AIRFLOW_CTX_DAG_RUN_ID=scheduled__2023-04-29T00:00:00+00:00
[2023-04-30 07:59:12,315] {python.py:173} INFO - Done. Returned value was: Defence2
[2023-04-30 07:59:12,318] {skipmixin.py:140} INFO - Following branch Defence2
[2023-04-30 07:59:12,320] {skipmixin.py:175} INFO - Skipping tasks ['default']
[2023-04-30 07:59:12,519] {taskinstance.py:1400} INFO - Marking task as SUCCESS. dag_id=multi_defence_dag, task_id=to_defence2, execution_date=20230429T000000, start_date=20230430T075910, end_date=20230430T075912
[2023-04-30 07:59:12,583] {local_task_job.py:156} INFO - Task exited with return code 0
[2023-04-30 07:59:12,888] {local_task_job.py:273} INFO - 1 downstream tasks scheduled from follow-on schedule check
