[2023-03-23 11:15:24,716] {taskinstance.py:1159} INFO - Dependencies all met for <TaskInstance: defence_dag2.defence1 manual__2023-03-23T11:15:20.618565+00:00 [queued]>
[2023-03-23 11:15:24,725] {taskinstance.py:1159} INFO - Dependencies all met for <TaskInstance: defence_dag2.defence1 manual__2023-03-23T11:15:20.618565+00:00 [queued]>
[2023-03-23 11:15:24,726] {taskinstance.py:1356} INFO - 
--------------------------------------------------------------------------------
[2023-03-23 11:15:24,726] {taskinstance.py:1357} INFO - Starting attempt 1 of 1
[2023-03-23 11:15:24,727] {taskinstance.py:1358} INFO - 
--------------------------------------------------------------------------------
[2023-03-23 11:15:24,740] {taskinstance.py:1377} INFO - Executing <Task(PythonOperator): defence1> on 2023-03-23 11:15:20.618565+00:00
[2023-03-23 11:15:24,745] {standard_task_runner.py:52} INFO - Started process 1429 to run task
[2023-03-23 11:15:24,748] {standard_task_runner.py:79} INFO - Running: ['***', 'tasks', 'run', 'defence_dag2', 'defence1', 'manual__2023-03-23T11:15:20.618565+00:00', '--job-id', '2647', '--raw', '--subdir', 'DAGS_FOLDER/defese.py', '--cfg-path', '/tmp/tmp6xercqko', '--error-file', '/tmp/tmpu3nxut2s']
[2023-03-23 11:15:24,749] {standard_task_runner.py:80} INFO - Job 2647: Subtask defence1
[2023-03-23 11:15:24,799] {task_command.py:369} INFO - Running <TaskInstance: defence_dag2.defence1 manual__2023-03-23T11:15:20.618565+00:00 [running]> on host 6447f1dacd32
[2023-03-23 11:15:24,862] {taskinstance.py:1571} INFO - Exporting the following env vars:
AIRFLOW_CTX_DAG_OWNER=***
AIRFLOW_CTX_DAG_ID=defence_dag2
AIRFLOW_CTX_TASK_ID=defence1
AIRFLOW_CTX_EXECUTION_DATE=2023-03-23T11:15:20.618565+00:00
AIRFLOW_CTX_TRY_NUMBER=1
AIRFLOW_CTX_DAG_RUN_ID=manual__2023-03-23T11:15:20.618565+00:00
[2023-03-23 11:15:24,864] {logging_mixin.py:115} INFO - defensing
[2023-03-23 11:15:24,864] {python.py:173} INFO - Done. Returned value was: None
[2023-03-23 11:15:24,875] {taskinstance.py:1400} INFO - Marking task as SUCCESS. dag_id=defence_dag2, task_id=defence1, execution_date=20230323T111520, start_date=20230323T111524, end_date=20230323T111524
[2023-03-23 11:15:24,921] {local_task_job.py:156} INFO - Task exited with return code 0
[2023-03-23 11:15:24,961] {local_task_job.py:273} INFO - 1 downstream tasks scheduled from follow-on schedule check
