[2023-03-23 07:55:02,942] {taskinstance.py:1159} INFO - Dependencies all met for <TaskInstance: xcom_dag.choose_best scheduled__2023-03-19T00:00:00+00:00 [queued]>
[2023-03-23 07:55:02,957] {taskinstance.py:1159} INFO - Dependencies all met for <TaskInstance: xcom_dag.choose_best scheduled__2023-03-19T00:00:00+00:00 [queued]>
[2023-03-23 07:55:02,957] {taskinstance.py:1356} INFO - 
--------------------------------------------------------------------------------
[2023-03-23 07:55:02,958] {taskinstance.py:1357} INFO - Starting attempt 1 of 2
[2023-03-23 07:55:02,958] {taskinstance.py:1358} INFO - 
--------------------------------------------------------------------------------
[2023-03-23 07:55:02,981] {taskinstance.py:1377} INFO - Executing <Task(PythonOperator): choose_best> on 2023-03-19 00:00:00+00:00
[2023-03-23 07:55:02,989] {standard_task_runner.py:52} INFO - Started process 107 to run task
[2023-03-23 07:55:02,998] {standard_task_runner.py:79} INFO - Running: ['***', 'tasks', 'run', 'xcom_dag', 'choose_best', 'scheduled__2023-03-19T00:00:00+00:00', '--job-id', '2149', '--raw', '--subdir', 'DAGS_FOLDER/dynamic_dag.py', '--cfg-path', '/tmp/tmpbmlh_609', '--error-file', '/tmp/tmpjkt7g24f']
[2023-03-23 07:55:03,006] {standard_task_runner.py:80} INFO - Job 2149: Subtask choose_best
[2023-03-23 07:55:03,094] {task_command.py:369} INFO - Running <TaskInstance: xcom_dag.choose_best scheduled__2023-03-19T00:00:00+00:00 [running]> on host 6447f1dacd32
[2023-03-23 07:55:03,246] {taskinstance.py:1571} INFO - Exporting the following env vars:
AIRFLOW_CTX_DAG_OWNER=***
AIRFLOW_CTX_DAG_ID=xcom_dag
AIRFLOW_CTX_TASK_ID=choose_best
AIRFLOW_CTX_EXECUTION_DATE=2023-03-19T00:00:00+00:00
AIRFLOW_CTX_TRY_NUMBER=1
AIRFLOW_CTX_DAG_RUN_ID=scheduled__2023-03-19T00:00:00+00:00
[2023-03-23 07:55:03,322] {python.py:173} INFO - Done. Returned value was: None
[2023-03-23 07:55:03,351] {taskinstance.py:1400} INFO - Marking task as SUCCESS. dag_id=xcom_dag, task_id=choose_best, execution_date=20230319T000000, start_date=20230323T075502, end_date=20230323T075503
[2023-03-23 07:55:03,409] {local_task_job.py:156} INFO - Task exited with return code 0
[2023-03-23 07:55:03,461] {local_task_job.py:273} INFO - 1 downstream tasks scheduled from follow-on schedule check
