[2023-04-27 12:50:04,121] {taskinstance.py:1159} INFO - Dependencies all met for <TaskInstance: multi_defence_dag.choose_defence manual__2023-04-27T12:49:45.072276+00:00 [queued]>
[2023-04-27 12:50:04,167] {taskinstance.py:1159} INFO - Dependencies all met for <TaskInstance: multi_defence_dag.choose_defence manual__2023-04-27T12:49:45.072276+00:00 [queued]>
[2023-04-27 12:50:04,169] {taskinstance.py:1356} INFO - 
--------------------------------------------------------------------------------
[2023-04-27 12:50:04,176] {taskinstance.py:1357} INFO - Starting attempt 1 of 2
[2023-04-27 12:50:04,178] {taskinstance.py:1358} INFO - 
--------------------------------------------------------------------------------
[2023-04-27 12:50:04,273] {taskinstance.py:1377} INFO - Executing <Task(PythonOperator): choose_defence> on 2023-04-27 12:49:45.072276+00:00
[2023-04-27 12:50:04,369] {standard_task_runner.py:52} INFO - Started process 369 to run task
[2023-04-27 12:50:04,381] {standard_task_runner.py:79} INFO - Running: ['***', 'tasks', 'run', 'multi_defence_dag', 'choose_defence', 'manual__2023-04-27T12:49:45.072276+00:00', '--job-id', '6865', '--raw', '--subdir', 'DAGS_FOLDER/defence_dag.py', '--cfg-path', '/tmp/tmporgkrqkr', '--error-file', '/tmp/tmpk93pr8eq']
[2023-04-27 12:50:04,386] {standard_task_runner.py:80} INFO - Job 6865: Subtask choose_defence
[2023-04-27 12:50:04,756] {task_command.py:369} INFO - Running <TaskInstance: multi_defence_dag.choose_defence manual__2023-04-27T12:49:45.072276+00:00 [running]> on host e7e31d5a6603
[2023-04-27 12:50:05,246] {taskinstance.py:1571} INFO - Exporting the following env vars:
AIRFLOW_CTX_DAG_OWNER=***
AIRFLOW_CTX_DAG_ID=multi_defence_dag
AIRFLOW_CTX_TASK_ID=choose_defence
AIRFLOW_CTX_EXECUTION_DATE=2023-04-27T12:49:45.072276+00:00
AIRFLOW_CTX_TRY_NUMBER=1
AIRFLOW_CTX_DAG_RUN_ID=manual__2023-04-27T12:49:45.072276+00:00
[2023-04-27 12:50:05,424] {python.py:173} INFO - Done. Returned value was: None
[2023-04-27 12:50:05,484] {taskinstance.py:1400} INFO - Marking task as SUCCESS. dag_id=multi_defence_dag, task_id=choose_defence, execution_date=20230427T124945, start_date=20230427T125004, end_date=20230427T125005
[2023-04-27 12:50:05,578] {local_task_job.py:156} INFO - Task exited with return code 0
[2023-04-27 12:50:05,829] {local_task_job.py:273} INFO - 0 downstream tasks scheduled from follow-on schedule check
