[2023-04-27 12:23:06,439] {taskinstance.py:1159} INFO - Dependencies all met for <TaskInstance: multi_defence_dag.to_defence1 manual__2023-04-27T12:22:44.797039+00:00 [queued]>
[2023-04-27 12:23:06,487] {taskinstance.py:1159} INFO - Dependencies all met for <TaskInstance: multi_defence_dag.to_defence1 manual__2023-04-27T12:22:44.797039+00:00 [queued]>
[2023-04-27 12:23:06,488] {taskinstance.py:1356} INFO - 
--------------------------------------------------------------------------------
[2023-04-27 12:23:06,488] {taskinstance.py:1357} INFO - Starting attempt 1 of 2
[2023-04-27 12:23:06,489] {taskinstance.py:1358} INFO - 
--------------------------------------------------------------------------------
[2023-04-27 12:23:06,570] {taskinstance.py:1377} INFO - Executing <Task(BranchPythonOperator): to_defence1> on 2023-04-27 12:22:44.797039+00:00
[2023-04-27 12:23:06,602] {standard_task_runner.py:52} INFO - Started process 3806 to run task
[2023-04-27 12:23:06,615] {standard_task_runner.py:79} INFO - Running: ['***', 'tasks', 'run', 'multi_defence_dag', 'to_defence1', 'manual__2023-04-27T12:22:44.797039+00:00', '--job-id', '6824', '--raw', '--subdir', 'DAGS_FOLDER/defence_dag.py', '--cfg-path', '/tmp/tmpawbujm0t', '--error-file', '/tmp/tmpv0v7sshq']
[2023-04-27 12:23:06,627] {standard_task_runner.py:80} INFO - Job 6824: Subtask to_defence1
[2023-04-27 12:23:06,778] {task_command.py:369} INFO - Running <TaskInstance: multi_defence_dag.to_defence1 manual__2023-04-27T12:22:44.797039+00:00 [running]> on host e7e31d5a6603
[2023-04-27 12:23:07,149] {taskinstance.py:1571} INFO - Exporting the following env vars:
AIRFLOW_CTX_DAG_OWNER=***
AIRFLOW_CTX_DAG_ID=multi_defence_dag
AIRFLOW_CTX_TASK_ID=to_defence1
AIRFLOW_CTX_EXECUTION_DATE=2023-04-27T12:22:44.797039+00:00
AIRFLOW_CTX_TRY_NUMBER=1
AIRFLOW_CTX_DAG_RUN_ID=manual__2023-04-27T12:22:44.797039+00:00
[2023-04-27 12:23:07,183] {python.py:173} INFO - Done. Returned value was: Defence1
[2023-04-27 12:23:07,183] {skipmixin.py:140} INFO - Following branch Defence1
[2023-04-27 12:23:07,184] {skipmixin.py:175} INFO - Skipping tasks ['default']
[2023-04-27 12:23:07,328] {taskinstance.py:1400} INFO - Marking task as SUCCESS. dag_id=multi_defence_dag, task_id=to_defence1, execution_date=20230427T122244, start_date=20230427T122306, end_date=20230427T122307
[2023-04-27 12:23:07,406] {local_task_job.py:156} INFO - Task exited with return code 0
[2023-04-27 12:23:07,557] {local_task_job.py:273} INFO - 1 downstream tasks scheduled from follow-on schedule check
