[2023-03-16 11:30:36,454] {taskinstance.py:1159} INFO - Dependencies all met for <TaskInstance: attack_dag.trigger_defence manual__2023-03-16T11:30:33.862891+00:00 [queued]>
[2023-03-16 11:30:36,467] {taskinstance.py:1159} INFO - Dependencies all met for <TaskInstance: attack_dag.trigger_defence manual__2023-03-16T11:30:33.862891+00:00 [queued]>
[2023-03-16 11:30:36,468] {taskinstance.py:1356} INFO - 
--------------------------------------------------------------------------------
[2023-03-16 11:30:36,468] {taskinstance.py:1357} INFO - Starting attempt 1 of 1
[2023-03-16 11:30:36,469] {taskinstance.py:1358} INFO - 
--------------------------------------------------------------------------------
[2023-03-16 11:30:36,484] {taskinstance.py:1377} INFO - Executing <Task(TriggerDagRunOperator): trigger_defence> on 2023-03-16 11:30:33.862891+00:00
[2023-03-16 11:30:36,489] {standard_task_runner.py:52} INFO - Started process 552 to run task
[2023-03-16 11:30:36,492] {standard_task_runner.py:79} INFO - Running: ['***', 'tasks', 'run', 'attack_dag', 'trigger_defence', 'manual__2023-03-16T11:30:33.862891+00:00', '--job-id', '856', '--raw', '--subdir', 'DAGS_FOLDER/attack.py', '--cfg-path', '/tmp/tmp7ubun98o', '--error-file', '/tmp/tmpwi4fhhay']
[2023-03-16 11:30:36,493] {standard_task_runner.py:80} INFO - Job 856: Subtask trigger_defence
[2023-03-16 11:30:36,551] {task_command.py:369} INFO - Running <TaskInstance: attack_dag.trigger_defence manual__2023-03-16T11:30:33.862891+00:00 [running]> on host 596adcca7378
[2023-03-16 11:30:36,638] {taskinstance.py:1571} INFO - Exporting the following env vars:
AIRFLOW_CTX_DAG_OWNER=***
AIRFLOW_CTX_DAG_ID=attack_dag
AIRFLOW_CTX_TASK_ID=trigger_defence
AIRFLOW_CTX_EXECUTION_DATE=2023-03-16T11:30:33.862891+00:00
AIRFLOW_CTX_TRY_NUMBER=1
AIRFLOW_CTX_DAG_RUN_ID=manual__2023-03-16T11:30:33.862891+00:00
[2023-03-16 11:30:37,692] {taskinstance.py:1400} INFO - Marking task as SUCCESS. dag_id=attack_dag, task_id=trigger_defence, execution_date=20230316T113033, start_date=20230316T113036, end_date=20230316T113037
[2023-03-16 11:30:37,749] {local_task_job.py:156} INFO - Task exited with return code 0
[2023-03-16 11:30:37,782] {local_task_job.py:273} INFO - 0 downstream tasks scheduled from follow-on schedule check
