[2023-03-23 15:37:05,747] {taskinstance.py:1159} INFO - Dependencies all met for <TaskInstance: multi_attack_dag.attack3 manual__2023-03-23T15:36:52.958391+00:00 [queued]>
[2023-03-23 15:37:05,788] {taskinstance.py:1159} INFO - Dependencies all met for <TaskInstance: multi_attack_dag.attack3 manual__2023-03-23T15:36:52.958391+00:00 [queued]>
[2023-03-23 15:37:05,790] {taskinstance.py:1356} INFO - 
--------------------------------------------------------------------------------
[2023-03-23 15:37:05,791] {taskinstance.py:1357} INFO - Starting attempt 1 of 2
[2023-03-23 15:37:05,792] {taskinstance.py:1358} INFO - 
--------------------------------------------------------------------------------
[2023-03-23 15:37:05,866] {taskinstance.py:1377} INFO - Executing <Task(PythonOperator): attack3> on 2023-03-23 15:36:52.958391+00:00
[2023-03-23 15:37:05,886] {standard_task_runner.py:52} INFO - Started process 13303 to run task
[2023-03-23 15:37:05,899] {standard_task_runner.py:79} INFO - Running: ['***', 'tasks', 'run', 'multi_attack_dag', 'attack3', 'manual__2023-03-23T15:36:52.958391+00:00', '--job-id', '3466', '--raw', '--subdir', 'DAGS_FOLDER/attack_dag.py', '--cfg-path', '/tmp/tmp8r1zu8u6', '--error-file', '/tmp/tmp2y36dj1j']
[2023-03-23 15:37:05,902] {standard_task_runner.py:80} INFO - Job 3466: Subtask attack3
[2023-03-23 15:37:06,082] {task_command.py:369} INFO - Running <TaskInstance: multi_attack_dag.attack3 manual__2023-03-23T15:36:52.958391+00:00 [running]> on host 6447f1dacd32
[2023-03-23 15:37:06,402] {taskinstance.py:1571} INFO - Exporting the following env vars:
AIRFLOW_CTX_DAG_OWNER=***
AIRFLOW_CTX_DAG_ID=multi_attack_dag
AIRFLOW_CTX_TASK_ID=attack3
AIRFLOW_CTX_EXECUTION_DATE=2023-03-23T15:36:52.958391+00:00
AIRFLOW_CTX_TRY_NUMBER=1
AIRFLOW_CTX_DAG_RUN_ID=manual__2023-03-23T15:36:52.958391+00:00
[2023-03-23 15:37:06,453] {python.py:173} INFO - Done. Returned value was: None
[2023-03-23 15:37:06,552] {taskinstance.py:1400} INFO - Marking task as SUCCESS. dag_id=multi_attack_dag, task_id=attack3, execution_date=20230323T153652, start_date=20230323T153705, end_date=20230323T153706
[2023-03-23 15:37:06,617] {local_task_job.py:156} INFO - Task exited with return code 0
[2023-03-23 15:37:06,729] {local_task_job.py:273} INFO - 1 downstream tasks scheduled from follow-on schedule check
