[2023-03-28 09:52:00,253] {taskinstance.py:1159} INFO - Dependencies all met for <TaskInstance: attack_dag2.trigger_defence manual__2023-03-28T09:51:55.066688+00:00 [queued]>
[2023-03-28 09:52:00,262] {taskinstance.py:1159} INFO - Dependencies all met for <TaskInstance: attack_dag2.trigger_defence manual__2023-03-28T09:51:55.066688+00:00 [queued]>
[2023-03-28 09:52:00,263] {taskinstance.py:1356} INFO - 
--------------------------------------------------------------------------------
[2023-03-28 09:52:00,264] {taskinstance.py:1357} INFO - Starting attempt 1 of 1
[2023-03-28 09:52:00,264] {taskinstance.py:1358} INFO - 
--------------------------------------------------------------------------------
[2023-03-28 09:52:00,278] {taskinstance.py:1377} INFO - Executing <Task(TriggerDagRunOperator): trigger_defence> on 2023-03-28 09:51:55.066688+00:00
[2023-03-28 09:52:00,283] {standard_task_runner.py:52} INFO - Started process 619 to run task
[2023-03-28 09:52:00,286] {standard_task_runner.py:79} INFO - Running: ['***', 'tasks', 'run', 'attack_dag2', 'trigger_defence', 'manual__2023-03-28T09:51:55.066688+00:00', '--job-id', '3985', '--raw', '--subdir', 'DAGS_FOLDER/attack.py', '--cfg-path', '/tmp/tmp2zgakco3', '--error-file', '/tmp/tmpdf5xiz7s']
[2023-03-28 09:52:00,287] {standard_task_runner.py:80} INFO - Job 3985: Subtask trigger_defence
[2023-03-28 09:52:00,340] {task_command.py:369} INFO - Running <TaskInstance: attack_dag2.trigger_defence manual__2023-03-28T09:51:55.066688+00:00 [running]> on host 70f8824ef075
[2023-03-28 09:52:00,416] {taskinstance.py:1571} INFO - Exporting the following env vars:
AIRFLOW_CTX_DAG_OWNER=***
AIRFLOW_CTX_DAG_ID=attack_dag2
AIRFLOW_CTX_TASK_ID=trigger_defence
AIRFLOW_CTX_EXECUTION_DATE=2023-03-28T09:51:55.066688+00:00
AIRFLOW_CTX_TRY_NUMBER=1
AIRFLOW_CTX_DAG_RUN_ID=manual__2023-03-28T09:51:55.066688+00:00
[2023-03-28 09:52:01,141] {taskinstance.py:1400} INFO - Marking task as SUCCESS. dag_id=attack_dag2, task_id=trigger_defence, execution_date=20230328T095155, start_date=20230328T095200, end_date=20230328T095201
[2023-03-28 09:52:01,184] {local_task_job.py:156} INFO - Task exited with return code 0
[2023-03-28 09:52:01,215] {local_task_job.py:273} INFO - 0 downstream tasks scheduled from follow-on schedule check
