[2023-03-16 11:30:24,390] {taskinstance.py:1159} INFO - Dependencies all met for <TaskInstance: defence_dag.stop manual__2023-03-16T11:30:19.246070+00:00 [queued]>
[2023-03-16 11:30:24,404] {taskinstance.py:1159} INFO - Dependencies all met for <TaskInstance: defence_dag.stop manual__2023-03-16T11:30:19.246070+00:00 [queued]>
[2023-03-16 11:30:24,404] {taskinstance.py:1356} INFO - 
--------------------------------------------------------------------------------
[2023-03-16 11:30:24,405] {taskinstance.py:1357} INFO - Starting attempt 1 of 1
[2023-03-16 11:30:24,406] {taskinstance.py:1358} INFO - 
--------------------------------------------------------------------------------
[2023-03-16 11:30:24,421] {taskinstance.py:1377} INFO - Executing <Task(PythonOperator): stop> on 2023-03-16 11:30:19.246070+00:00
[2023-03-16 11:30:24,426] {standard_task_runner.py:52} INFO - Started process 477 to run task
[2023-03-16 11:30:24,430] {standard_task_runner.py:79} INFO - Running: ['***', 'tasks', 'run', 'defence_dag', 'stop', 'manual__2023-03-16T11:30:19.246070+00:00', '--job-id', '829', '--raw', '--subdir', 'DAGS_FOLDER/defese.py', '--cfg-path', '/tmp/tmpqpezt_3u', '--error-file', '/tmp/tmpo97awuu8']
[2023-03-16 11:30:24,431] {standard_task_runner.py:80} INFO - Job 829: Subtask stop
[2023-03-16 11:30:24,496] {task_command.py:369} INFO - Running <TaskInstance: defence_dag.stop manual__2023-03-16T11:30:19.246070+00:00 [running]> on host 596adcca7378
[2023-03-16 11:30:24,588] {taskinstance.py:1571} INFO - Exporting the following env vars:
AIRFLOW_CTX_DAG_OWNER=***
AIRFLOW_CTX_DAG_ID=defence_dag
AIRFLOW_CTX_TASK_ID=stop
AIRFLOW_CTX_EXECUTION_DATE=2023-03-16T11:30:19.246070+00:00
AIRFLOW_CTX_TRY_NUMBER=1
AIRFLOW_CTX_DAG_RUN_ID=manual__2023-03-16T11:30:19.246070+00:00
[2023-03-16 11:30:24,589] {python.py:173} INFO - Done. Returned value was: Cycle has ended
[2023-03-16 11:30:24,622] {taskinstance.py:1400} INFO - Marking task as SUCCESS. dag_id=defence_dag, task_id=stop, execution_date=20230316T113019, start_date=20230316T113024, end_date=20230316T113024
[2023-03-16 11:30:24,683] {local_task_job.py:156} INFO - Task exited with return code 0
[2023-03-16 11:30:24,722] {local_task_job.py:273} INFO - 0 downstream tasks scheduled from follow-on schedule check
