[2023-04-23 07:54:46,440] {taskinstance.py:1159} INFO - Dependencies all met for <TaskInstance: multi_defence_dag.to_defence1 scheduled__2023-04-18T00:00:00+00:00 [queued]>
[2023-04-23 07:54:46,520] {taskinstance.py:1159} INFO - Dependencies all met for <TaskInstance: multi_defence_dag.to_defence1 scheduled__2023-04-18T00:00:00+00:00 [queued]>
[2023-04-23 07:54:46,528] {taskinstance.py:1356} INFO - 
--------------------------------------------------------------------------------
[2023-04-23 07:54:46,529] {taskinstance.py:1357} INFO - Starting attempt 1 of 2
[2023-04-23 07:54:46,530] {taskinstance.py:1358} INFO - 
--------------------------------------------------------------------------------
[2023-04-23 07:54:46,602] {taskinstance.py:1377} INFO - Executing <Task(BranchPythonOperator): to_defence1> on 2023-04-18 00:00:00+00:00
[2023-04-23 07:54:46,654] {standard_task_runner.py:52} INFO - Started process 510 to run task
[2023-04-23 07:54:46,723] {standard_task_runner.py:79} INFO - Running: ['***', 'tasks', 'run', 'multi_defence_dag', 'to_defence1', 'scheduled__2023-04-18T00:00:00+00:00', '--job-id', '5911', '--raw', '--subdir', 'DAGS_FOLDER/defence_dag.py', '--cfg-path', '/tmp/tmpjnl9ex59', '--error-file', '/tmp/tmpxs1mvl_7']
[2023-04-23 07:54:46,725] {standard_task_runner.py:80} INFO - Job 5911: Subtask to_defence1
[2023-04-23 07:54:46,970] {task_command.py:369} INFO - Running <TaskInstance: multi_defence_dag.to_defence1 scheduled__2023-04-18T00:00:00+00:00 [running]> on host a3dd7d962104
[2023-04-23 07:54:47,249] {taskinstance.py:1571} INFO - Exporting the following env vars:
AIRFLOW_CTX_DAG_OWNER=***
AIRFLOW_CTX_DAG_ID=multi_defence_dag
AIRFLOW_CTX_TASK_ID=to_defence1
AIRFLOW_CTX_EXECUTION_DATE=2023-04-18T00:00:00+00:00
AIRFLOW_CTX_TRY_NUMBER=1
AIRFLOW_CTX_DAG_RUN_ID=scheduled__2023-04-18T00:00:00+00:00
[2023-04-23 07:54:47,292] {python.py:173} INFO - Done. Returned value was: Defence1
[2023-04-23 07:54:47,296] {skipmixin.py:140} INFO - Following branch Defence1
[2023-04-23 07:54:47,297] {skipmixin.py:175} INFO - Skipping tasks ['default']
[2023-04-23 07:54:47,531] {taskinstance.py:1400} INFO - Marking task as SUCCESS. dag_id=multi_defence_dag, task_id=to_defence1, execution_date=20230418T000000, start_date=20230423T075446, end_date=20230423T075447
[2023-04-23 07:54:47,615] {local_task_job.py:156} INFO - Task exited with return code 0
[2023-04-23 07:54:47,947] {local_task_job.py:273} INFO - 1 downstream tasks scheduled from follow-on schedule check
