[2023-03-23 15:14:02,607] {taskinstance.py:1159} INFO - Dependencies all met for <TaskInstance: multi_attack_dag.to_attack1 manual__2023-03-23T15:13:50.248244+00:00 [queued]>
[2023-03-23 15:14:02,665] {taskinstance.py:1159} INFO - Dependencies all met for <TaskInstance: multi_attack_dag.to_attack1 manual__2023-03-23T15:13:50.248244+00:00 [queued]>
[2023-03-23 15:14:02,667] {taskinstance.py:1356} INFO - 
--------------------------------------------------------------------------------
[2023-03-23 15:14:02,670] {taskinstance.py:1357} INFO - Starting attempt 1 of 2
[2023-03-23 15:14:02,672] {taskinstance.py:1358} INFO - 
--------------------------------------------------------------------------------
[2023-03-23 15:14:02,741] {taskinstance.py:1377} INFO - Executing <Task(BranchPythonOperator): to_attack1> on 2023-03-23 15:13:50.248244+00:00
[2023-03-23 15:14:02,757] {standard_task_runner.py:52} INFO - Started process 11654 to run task
[2023-03-23 15:14:02,774] {standard_task_runner.py:79} INFO - Running: ['***', 'tasks', 'run', 'multi_attack_dag', 'to_attack1', 'manual__2023-03-23T15:13:50.248244+00:00', '--job-id', '2884', '--raw', '--subdir', 'DAGS_FOLDER/attack_dag.py', '--cfg-path', '/tmp/tmpkucrgr8x', '--error-file', '/tmp/tmpdg173rsl']
[2023-03-23 15:14:02,779] {standard_task_runner.py:80} INFO - Job 2884: Subtask to_attack1
[2023-03-23 15:14:03,034] {task_command.py:369} INFO - Running <TaskInstance: multi_attack_dag.to_attack1 manual__2023-03-23T15:13:50.248244+00:00 [running]> on host 6447f1dacd32
[2023-03-23 15:14:03,322] {taskinstance.py:1571} INFO - Exporting the following env vars:
AIRFLOW_CTX_DAG_OWNER=***
AIRFLOW_CTX_DAG_ID=multi_attack_dag
AIRFLOW_CTX_TASK_ID=to_attack1
AIRFLOW_CTX_EXECUTION_DATE=2023-03-23T15:13:50.248244+00:00
AIRFLOW_CTX_TRY_NUMBER=1
AIRFLOW_CTX_DAG_RUN_ID=manual__2023-03-23T15:13:50.248244+00:00
[2023-03-23 15:14:03,380] {python.py:173} INFO - Done. Returned value was: attack1
[2023-03-23 15:14:03,382] {skipmixin.py:140} INFO - Following branch attack1
[2023-03-23 15:14:03,384] {skipmixin.py:175} INFO - Skipping tasks ['default']
[2023-03-23 15:14:03,669] {taskinstance.py:1400} INFO - Marking task as SUCCESS. dag_id=multi_attack_dag, task_id=to_attack1, execution_date=20230323T151350, start_date=20230323T151402, end_date=20230323T151403
[2023-03-23 15:14:03,759] {local_task_job.py:156} INFO - Task exited with return code 0
[2023-03-23 15:14:04,078] {local_task_job.py:273} INFO - 1 downstream tasks scheduled from follow-on schedule check
