[2023-04-16 17:03:32,057] {taskinstance.py:1159} INFO - Dependencies all met for <TaskInstance: multi_attack_dag.metadata manual__2023-04-16T16:25:06.400137+00:00 [queued]>
[2023-04-16 17:03:32,117] {taskinstance.py:1159} INFO - Dependencies all met for <TaskInstance: multi_attack_dag.metadata manual__2023-04-16T16:25:06.400137+00:00 [queued]>
[2023-04-16 17:03:32,125] {taskinstance.py:1356} INFO - 
--------------------------------------------------------------------------------
[2023-04-16 17:03:32,135] {taskinstance.py:1357} INFO - Starting attempt 1 of 2
[2023-04-16 17:03:32,136] {taskinstance.py:1358} INFO - 
--------------------------------------------------------------------------------
[2023-04-16 17:03:32,236] {taskinstance.py:1377} INFO - Executing <Task(PythonOperator): metadata> on 2023-04-16 16:25:06.400137+00:00
[2023-04-16 17:03:32,286] {standard_task_runner.py:52} INFO - Started process 96 to run task
[2023-04-16 17:03:32,306] {standard_task_runner.py:79} INFO - Running: ['***', 'tasks', 'run', 'multi_attack_dag', 'metadata', 'manual__2023-04-16T16:25:06.400137+00:00', '--job-id', '5291', '--raw', '--subdir', 'DAGS_FOLDER/attack_dag.py', '--cfg-path', '/tmp/tmp7fzhnlib', '--error-file', '/tmp/tmppqpmkdek']
[2023-04-16 17:03:32,316] {standard_task_runner.py:80} INFO - Job 5291: Subtask metadata
[2023-04-16 17:03:32,776] {task_command.py:369} INFO - Running <TaskInstance: multi_attack_dag.metadata manual__2023-04-16T16:25:06.400137+00:00 [running]> on host 6c1ce3ac9ba0
[2023-04-16 17:03:33,335] {taskinstance.py:1571} INFO - Exporting the following env vars:
AIRFLOW_CTX_DAG_OWNER=***
AIRFLOW_CTX_DAG_ID=multi_attack_dag
AIRFLOW_CTX_TASK_ID=metadata
AIRFLOW_CTX_EXECUTION_DATE=2023-04-16T16:25:06.400137+00:00
AIRFLOW_CTX_TRY_NUMBER=1
AIRFLOW_CTX_DAG_RUN_ID=manual__2023-04-16T16:25:06.400137+00:00
[2023-04-16 17:03:33,367] {transport.py:157} INFO - Attempting refresh to obtain initial access_token
[2023-04-16 17:03:33,386] {client.py:777} INFO - Refreshing access_token
[2023-04-16 17:03:34,677] {python.py:173} INFO - Done. Returned value was: None
[2023-04-16 17:03:34,846] {taskinstance.py:1400} INFO - Marking task as SUCCESS. dag_id=multi_attack_dag, task_id=metadata, execution_date=20230416T162506, start_date=20230416T170332, end_date=20230416T170334
[2023-04-16 17:03:35,038] {local_task_job.py:156} INFO - Task exited with return code 0
[2023-04-16 17:03:35,356] {local_task_job.py:273} INFO - 3 downstream tasks scheduled from follow-on schedule check
