[2023-04-23 07:53:37,358] {taskinstance.py:1159} INFO - Dependencies all met for <TaskInstance: multi_defence_dag.to_defence1 manual__2023-04-23T07:53:23.772082+00:00 [queued]>
[2023-04-23 07:53:37,413] {taskinstance.py:1159} INFO - Dependencies all met for <TaskInstance: multi_defence_dag.to_defence1 manual__2023-04-23T07:53:23.772082+00:00 [queued]>
[2023-04-23 07:53:37,417] {taskinstance.py:1356} INFO - 
--------------------------------------------------------------------------------
[2023-04-23 07:53:37,422] {taskinstance.py:1357} INFO - Starting attempt 1 of 2
[2023-04-23 07:53:37,426] {taskinstance.py:1358} INFO - 
--------------------------------------------------------------------------------
[2023-04-23 07:53:37,489] {taskinstance.py:1377} INFO - Executing <Task(BranchPythonOperator): to_defence1> on 2023-04-23 07:53:23.772082+00:00
[2023-04-23 07:53:37,519] {standard_task_runner.py:52} INFO - Started process 353 to run task
[2023-04-23 07:53:37,541] {standard_task_runner.py:79} INFO - Running: ['***', 'tasks', 'run', 'multi_defence_dag', 'to_defence1', 'manual__2023-04-23T07:53:23.772082+00:00', '--job-id', '5877', '--raw', '--subdir', 'DAGS_FOLDER/defence_dag.py', '--cfg-path', '/tmp/tmp97j3eanf', '--error-file', '/tmp/tmpbms4x7wr']
[2023-04-23 07:53:37,543] {standard_task_runner.py:80} INFO - Job 5877: Subtask to_defence1
[2023-04-23 07:53:37,701] {task_command.py:369} INFO - Running <TaskInstance: multi_defence_dag.to_defence1 manual__2023-04-23T07:53:23.772082+00:00 [running]> on host a3dd7d962104
[2023-04-23 07:53:38,070] {taskinstance.py:1571} INFO - Exporting the following env vars:
AIRFLOW_CTX_DAG_OWNER=***
AIRFLOW_CTX_DAG_ID=multi_defence_dag
AIRFLOW_CTX_TASK_ID=to_defence1
AIRFLOW_CTX_EXECUTION_DATE=2023-04-23T07:53:23.772082+00:00
AIRFLOW_CTX_TRY_NUMBER=1
AIRFLOW_CTX_DAG_RUN_ID=manual__2023-04-23T07:53:23.772082+00:00
[2023-04-23 07:53:38,147] {python.py:173} INFO - Done. Returned value was: Defence1
[2023-04-23 07:53:38,148] {skipmixin.py:140} INFO - Following branch Defence1
[2023-04-23 07:53:38,151] {skipmixin.py:175} INFO - Skipping tasks ['default']
[2023-04-23 07:53:38,424] {taskinstance.py:1400} INFO - Marking task as SUCCESS. dag_id=multi_defence_dag, task_id=to_defence1, execution_date=20230423T075323, start_date=20230423T075337, end_date=20230423T075338
[2023-04-23 07:53:38,527] {local_task_job.py:156} INFO - Task exited with return code 0
[2023-04-23 07:53:39,023] {local_task_job.py:273} INFO - 0 downstream tasks scheduled from follow-on schedule check
