[2023-04-27 09:14:31,836] {taskinstance.py:1159} INFO - Dependencies all met for <TaskInstance: multi_attack_dag.attack_TargetedUniversalPerturbation manual__2023-04-27T09:01:19.609297+00:00 [queued]>
[2023-04-27 09:14:31,962] {taskinstance.py:1159} INFO - Dependencies all met for <TaskInstance: multi_attack_dag.attack_TargetedUniversalPerturbation manual__2023-04-27T09:01:19.609297+00:00 [queued]>
[2023-04-27 09:14:31,982] {taskinstance.py:1356} INFO - 
--------------------------------------------------------------------------------
[2023-04-27 09:14:31,991] {taskinstance.py:1357} INFO - Starting attempt 2 of 2
[2023-04-27 09:14:32,015] {taskinstance.py:1358} INFO - 
--------------------------------------------------------------------------------
[2023-04-27 09:14:32,168] {taskinstance.py:1377} INFO - Executing <Task(PythonOperator): attack_TargetedUniversalPerturbation> on 2023-04-27 09:01:19.609297+00:00
[2023-04-27 09:14:32,335] {standard_task_runner.py:52} INFO - Started process 3051 to run task
[2023-04-27 09:14:32,382] {standard_task_runner.py:79} INFO - Running: ['***', 'tasks', 'run', 'multi_attack_dag', 'attack_TargetedUniversalPerturbation', 'manual__2023-04-27T09:01:19.609297+00:00', '--job-id', '6482', '--raw', '--subdir', 'DAGS_FOLDER/attack_dag.py', '--cfg-path', '/tmp/tmpg4b9b5l_', '--error-file', '/tmp/tmppp1onbxx']
[2023-04-27 09:14:32,383] {standard_task_runner.py:80} INFO - Job 6482: Subtask attack_TargetedUniversalPerturbation
[2023-04-27 09:14:33,031] {task_command.py:369} INFO - Running <TaskInstance: multi_attack_dag.attack_TargetedUniversalPerturbation manual__2023-04-27T09:01:19.609297+00:00 [running]> on host e7e31d5a6603
[2023-04-27 09:14:34,053] {taskinstance.py:1571} INFO - Exporting the following env vars:
AIRFLOW_CTX_DAG_OWNER=***
AIRFLOW_CTX_DAG_ID=multi_attack_dag
AIRFLOW_CTX_TASK_ID=attack_TargetedUniversalPerturbation
AIRFLOW_CTX_EXECUTION_DATE=2023-04-27T09:01:19.609297+00:00
AIRFLOW_CTX_TRY_NUMBER=2
AIRFLOW_CTX_DAG_RUN_ID=manual__2023-04-27T09:01:19.609297+00:00
[2023-04-27 09:14:34,057] {transport.py:157} INFO - Attempting refresh to obtain initial access_token
[2023-04-27 09:14:34,062] {client.py:777} INFO - Refreshing access_token
[2023-04-27 09:14:35,146] {transport.py:157} INFO - Attempting refresh to obtain initial access_token
[2023-04-27 09:14:35,153] {client.py:777} INFO - Refreshing access_token
[2023-04-27 09:15:00,245] {pytorch.py:1198} INFO - Inferred 5 hidden layers on PyTorch classifier.
[2023-04-27 09:20:10,225] {attack_dag.py:642} INFO - Optimizing...
[2023-04-27 09:20:10,236] {logging_mixin.py:115} INFO - I am right here on <class 'art.attacks.evasion.targeted_universal_perturbation.TargetedUniversalPerturbation'>
[2023-04-27 09:20:10,247] {taskinstance.py:1889} ERROR - Task failed with exception
Traceback (most recent call last):
  File "/home/airflow/.local/lib/python3.7/site-packages/airflow/operators/python.py", line 171, in execute
    return_value = self.execute_callable()
  File "/home/airflow/.local/lib/python3.7/site-packages/airflow/operators/python.py", line 189, in execute_callable
    return self.python_callable(*self.op_args, **self.op_kwargs)
  File "/opt/airflow/dags/attack_dag.py", line 414, in attack_TargetedUniversalPerturbation
    model_acc, adversarial_examples  = attack(TargetedUniversalPerturbation)
  File "/opt/airflow/dags/attack_dag.py", line 643, in attack
    optimized_attack = optimize_evasion_attack(attack_obj,estimator,x_test,y_test)
  File "/opt/airflow/dags/attack_dag.py", line 616, in optimize_evasion_attack
    search_space = [v for k, v in attack_parameter_range[attack.__name__].items()]
KeyError: 'TargetedUniversalPerturbation'
[2023-04-27 09:20:10,579] {taskinstance.py:1400} INFO - Marking task as FAILED. dag_id=multi_attack_dag, task_id=attack_TargetedUniversalPerturbation, execution_date=20230427T090119, start_date=20230427T091431, end_date=20230427T092010
[2023-04-27 09:20:11,004] {standard_task_runner.py:97} ERROR - Failed to execute job 6482 for task attack_TargetedUniversalPerturbation ('TargetedUniversalPerturbation'; 3051)
[2023-04-27 09:20:11,080] {local_task_job.py:156} INFO - Task exited with return code 1
[2023-04-27 09:20:11,601] {local_task_job.py:273} INFO - 0 downstream tasks scheduled from follow-on schedule check
