[2023-03-12 15:18:55,757] {taskinstance.py:1159} INFO - Dependencies all met for <TaskInstance: defence_dag.trigger_offence manual__2023-03-12T15:18:50.089265+00:00 [queued]>
[2023-03-12 15:18:55,765] {taskinstance.py:1159} INFO - Dependencies all met for <TaskInstance: defence_dag.trigger_offence manual__2023-03-12T15:18:50.089265+00:00 [queued]>
[2023-03-12 15:18:55,766] {taskinstance.py:1356} INFO - 
--------------------------------------------------------------------------------
[2023-03-12 15:18:55,766] {taskinstance.py:1357} INFO - Starting attempt 1 of 1
[2023-03-12 15:18:55,766] {taskinstance.py:1358} INFO - 
--------------------------------------------------------------------------------
[2023-03-12 15:18:55,776] {taskinstance.py:1377} INFO - Executing <Task(TriggerDagRunOperator): trigger_offence> on 2023-03-12 15:18:50.089265+00:00
[2023-03-12 15:18:55,780] {standard_task_runner.py:52} INFO - Started process 145 to run task
[2023-03-12 15:18:55,782] {standard_task_runner.py:79} INFO - Running: ['***', 'tasks', 'run', 'defence_dag', 'trigger_offence', 'manual__2023-03-12T15:18:50.089265+00:00', '--job-id', '451', '--raw', '--subdir', 'DAGS_FOLDER/defese.py', '--cfg-path', '/tmp/tmpmqs27690', '--error-file', '/tmp/tmpxa9zzavd']
[2023-03-12 15:18:55,783] {standard_task_runner.py:80} INFO - Job 451: Subtask trigger_offence
[2023-03-12 15:18:55,824] {task_command.py:369} INFO - Running <TaskInstance: defence_dag.trigger_offence manual__2023-03-12T15:18:50.089265+00:00 [running]> on host 596adcca7378
[2023-03-12 15:18:55,879] {taskinstance.py:1571} INFO - Exporting the following env vars:
AIRFLOW_CTX_DAG_OWNER=***
AIRFLOW_CTX_DAG_ID=defence_dag
AIRFLOW_CTX_TASK_ID=trigger_offence
AIRFLOW_CTX_EXECUTION_DATE=2023-03-12T15:18:50.089265+00:00
AIRFLOW_CTX_TRY_NUMBER=1
AIRFLOW_CTX_DAG_RUN_ID=manual__2023-03-12T15:18:50.089265+00:00
[2023-03-12 15:18:56,644] {taskinstance.py:1400} INFO - Marking task as SUCCESS. dag_id=defence_dag, task_id=trigger_offence, execution_date=20230312T151850, start_date=20230312T151855, end_date=20230312T151856
[2023-03-12 15:18:56,679] {local_task_job.py:156} INFO - Task exited with return code 0
[2023-03-12 15:18:56,705] {local_task_job.py:273} INFO - 0 downstream tasks scheduled from follow-on schedule check
