[2023-03-23 14:47:04,060] {taskinstance.py:1159} INFO - Dependencies all met for <TaskInstance: multi_defence_dag.to_defence2 scheduled__2023-03-22T00:00:00+00:00 [queued]>
[2023-03-23 14:47:04,421] {taskinstance.py:1159} INFO - Dependencies all met for <TaskInstance: multi_defence_dag.to_defence2 scheduled__2023-03-22T00:00:00+00:00 [queued]>
[2023-03-23 14:47:04,454] {taskinstance.py:1356} INFO - 
--------------------------------------------------------------------------------
[2023-03-23 14:47:04,479] {taskinstance.py:1357} INFO - Starting attempt 1 of 2
[2023-03-23 14:47:04,500] {taskinstance.py:1358} INFO - 
--------------------------------------------------------------------------------
[2023-03-23 14:47:07,776] {taskinstance.py:1377} INFO - Executing <Task(BranchPythonOperator): to_defence2> on 2023-03-22 00:00:00+00:00
[2023-03-23 14:47:07,876] {standard_task_runner.py:52} INFO - Started process 10707 to run task
[2023-03-23 14:47:07,986] {standard_task_runner.py:79} INFO - Running: ['***', 'tasks', 'run', 'multi_defence_dag', 'to_defence2', 'scheduled__2023-03-22T00:00:00+00:00', '--job-id', '2730', '--raw', '--subdir', 'DAGS_FOLDER/defence_dag.py', '--cfg-path', '/tmp/tmpjazv7_4b', '--error-file', '/tmp/tmpkk2gm8mn']
[2023-03-23 14:47:08,024] {standard_task_runner.py:80} INFO - Job 2730: Subtask to_defence2
[2023-03-23 14:47:09,747] {task_command.py:369} INFO - Running <TaskInstance: multi_defence_dag.to_defence2 scheduled__2023-03-22T00:00:00+00:00 [running]> on host 6447f1dacd32
[2023-03-23 14:47:13,459] {taskinstance.py:1571} INFO - Exporting the following env vars:
AIRFLOW_CTX_DAG_OWNER=***
AIRFLOW_CTX_DAG_ID=multi_defence_dag
AIRFLOW_CTX_TASK_ID=to_defence2
AIRFLOW_CTX_EXECUTION_DATE=2023-03-22T00:00:00+00:00
AIRFLOW_CTX_TRY_NUMBER=1
AIRFLOW_CTX_DAG_RUN_ID=scheduled__2023-03-22T00:00:00+00:00
[2023-03-23 14:47:14,027] {python.py:173} INFO - Done. Returned value was: default
[2023-03-23 14:47:14,044] {skipmixin.py:140} INFO - Following branch default
[2023-03-23 14:47:14,057] {skipmixin.py:175} INFO - Skipping tasks ['defence2']
[2023-03-23 14:47:49,042] {taskinstance.py:1400} INFO - Marking task as SUCCESS. dag_id=multi_defence_dag, task_id=to_defence2, execution_date=20230322T000000, start_date=20230323T144704, end_date=20230323T144749
[2023-03-23 14:47:49,269] {local_task_job.py:156} INFO - Task exited with return code 0
[2023-03-23 14:47:53,561] {local_task_job.py:273} INFO - 0 downstream tasks scheduled from follow-on schedule check
