[2023-03-16 15:34:56,200] {taskinstance.py:1159} INFO - Dependencies all met for <TaskInstance: xcom_dag.default manual__2023-03-16T15:34:53.613300+00:00 [queued]>
[2023-03-16 15:34:56,216] {taskinstance.py:1159} INFO - Dependencies all met for <TaskInstance: xcom_dag.default manual__2023-03-16T15:34:53.613300+00:00 [queued]>
[2023-03-16 15:34:56,217] {taskinstance.py:1356} INFO - 
--------------------------------------------------------------------------------
[2023-03-16 15:34:56,217] {taskinstance.py:1357} INFO - Starting attempt 1 of 2
[2023-03-16 15:34:56,222] {taskinstance.py:1358} INFO - 
--------------------------------------------------------------------------------
[2023-03-16 15:34:56,236] {taskinstance.py:1377} INFO - Executing <Task(PythonOperator): default> on 2023-03-16 15:34:53.613300+00:00
[2023-03-16 15:34:56,241] {standard_task_runner.py:52} INFO - Started process 178 to run task
[2023-03-16 15:34:56,243] {standard_task_runner.py:79} INFO - Running: ['***', 'tasks', 'run', 'xcom_dag', 'default', 'manual__2023-03-16T15:34:53.613300+00:00', '--job-id', '1418', '--raw', '--subdir', 'DAGS_FOLDER/dynamic_dag.py', '--cfg-path', '/tmp/tmpol1_ld8q', '--error-file', '/tmp/tmpl0bmbb1a']
[2023-03-16 15:34:56,244] {standard_task_runner.py:80} INFO - Job 1418: Subtask default
[2023-03-16 15:34:56,306] {task_command.py:369} INFO - Running <TaskInstance: xcom_dag.default manual__2023-03-16T15:34:53.613300+00:00 [running]> on host 596adcca7378
[2023-03-16 15:34:56,392] {taskinstance.py:1571} INFO - Exporting the following env vars:
AIRFLOW_CTX_DAG_OWNER=***
AIRFLOW_CTX_DAG_ID=xcom_dag
AIRFLOW_CTX_TASK_ID=default
AIRFLOW_CTX_EXECUTION_DATE=2023-03-16T15:34:53.613300+00:00
AIRFLOW_CTX_TRY_NUMBER=1
AIRFLOW_CTX_DAG_RUN_ID=manual__2023-03-16T15:34:53.613300+00:00
[2023-03-16 15:34:56,408] {python.py:173} INFO - Done. Returned value was: None
[2023-03-16 15:34:56,423] {taskinstance.py:1400} INFO - Marking task as SUCCESS. dag_id=xcom_dag, task_id=default, execution_date=20230316T153453, start_date=20230316T153456, end_date=20230316T153456
[2023-03-16 15:34:56,457] {local_task_job.py:156} INFO - Task exited with return code 0
[2023-03-16 15:34:56,536] {local_task_job.py:273} INFO - 0 downstream tasks scheduled from follow-on schedule check
