[2023-04-09 08:46:23,138] {taskinstance.py:1159} INFO - Dependencies all met for <TaskInstance: multi_defence_dag.to_defence2 manual__2023-04-09T08:45:35.384331+00:00 [queued]>
[2023-04-09 08:46:23,196] {taskinstance.py:1159} INFO - Dependencies all met for <TaskInstance: multi_defence_dag.to_defence2 manual__2023-04-09T08:45:35.384331+00:00 [queued]>
[2023-04-09 08:46:23,197] {taskinstance.py:1356} INFO - 
--------------------------------------------------------------------------------
[2023-04-09 08:46:23,205] {taskinstance.py:1357} INFO - Starting attempt 1 of 2
[2023-04-09 08:46:23,206] {taskinstance.py:1358} INFO - 
--------------------------------------------------------------------------------
[2023-04-09 08:46:23,319] {taskinstance.py:1377} INFO - Executing <Task(BranchPythonOperator): to_defence2> on 2023-04-09 08:45:35.384331+00:00
[2023-04-09 08:46:23,397] {standard_task_runner.py:52} INFO - Started process 5030 to run task
[2023-04-09 08:46:23,435] {standard_task_runner.py:79} INFO - Running: ['***', 'tasks', 'run', 'multi_defence_dag', 'to_defence2', 'manual__2023-04-09T08:45:35.384331+00:00', '--job-id', '4823', '--raw', '--subdir', 'DAGS_FOLDER/defence_dag.py', '--cfg-path', '/tmp/tmpiim25zs5', '--error-file', '/tmp/tmp5hbt7x3o']
[2023-04-09 08:46:23,525] {standard_task_runner.py:80} INFO - Job 4823: Subtask to_defence2
[2023-04-09 08:46:23,693] {task_command.py:369} INFO - Running <TaskInstance: multi_defence_dag.to_defence2 manual__2023-04-09T08:45:35.384331+00:00 [running]> on host ff3d40af78f9
[2023-04-09 08:46:24,147] {taskinstance.py:1571} INFO - Exporting the following env vars:
AIRFLOW_CTX_DAG_OWNER=***
AIRFLOW_CTX_DAG_ID=multi_defence_dag
AIRFLOW_CTX_TASK_ID=to_defence2
AIRFLOW_CTX_EXECUTION_DATE=2023-04-09T08:45:35.384331+00:00
AIRFLOW_CTX_TRY_NUMBER=1
AIRFLOW_CTX_DAG_RUN_ID=manual__2023-04-09T08:45:35.384331+00:00
[2023-04-09 08:46:24,204] {python.py:173} INFO - Done. Returned value was: Defence2
[2023-04-09 08:46:24,205] {skipmixin.py:140} INFO - Following branch Defence2
[2023-04-09 08:46:24,205] {skipmixin.py:175} INFO - Skipping tasks ['default']
[2023-04-09 08:46:24,423] {taskinstance.py:1400} INFO - Marking task as SUCCESS. dag_id=multi_defence_dag, task_id=to_defence2, execution_date=20230409T084535, start_date=20230409T084623, end_date=20230409T084624
[2023-04-09 08:46:24,664] {local_task_job.py:156} INFO - Task exited with return code 0
[2023-04-09 08:46:25,011] {local_task_job.py:273} INFO - 1 downstream tasks scheduled from follow-on schedule check
