[2023-04-16 17:36:27,806] {taskinstance.py:1159} INFO - Dependencies all met for <TaskInstance: multi_attack_dag.choose_attack manual__2023-04-16T17:36:09.455508+00:00 [queued]>
[2023-04-16 17:36:27,867] {taskinstance.py:1159} INFO - Dependencies all met for <TaskInstance: multi_attack_dag.choose_attack manual__2023-04-16T17:36:09.455508+00:00 [queued]>
[2023-04-16 17:36:27,875] {taskinstance.py:1356} INFO - 
--------------------------------------------------------------------------------
[2023-04-16 17:36:27,877] {taskinstance.py:1357} INFO - Starting attempt 1 of 2
[2023-04-16 17:36:27,885] {taskinstance.py:1358} INFO - 
--------------------------------------------------------------------------------
[2023-04-16 17:36:28,006] {taskinstance.py:1377} INFO - Executing <Task(PythonOperator): choose_attack> on 2023-04-16 17:36:09.455508+00:00
[2023-04-16 17:36:28,115] {standard_task_runner.py:52} INFO - Started process 111 to run task
[2023-04-16 17:36:28,165] {standard_task_runner.py:79} INFO - Running: ['***', 'tasks', 'run', 'multi_attack_dag', 'choose_attack', 'manual__2023-04-16T17:36:09.455508+00:00', '--job-id', '5396', '--raw', '--subdir', 'DAGS_FOLDER/attack_dag.py', '--cfg-path', '/tmp/tmpclp3y_yp', '--error-file', '/tmp/tmpcjaa9pug']
[2023-04-16 17:36:28,175] {standard_task_runner.py:80} INFO - Job 5396: Subtask choose_attack
[2023-04-16 17:36:28,837] {task_command.py:369} INFO - Running <TaskInstance: multi_attack_dag.choose_attack manual__2023-04-16T17:36:09.455508+00:00 [running]> on host 6c1ce3ac9ba0
[2023-04-16 17:36:29,397] {taskinstance.py:1571} INFO - Exporting the following env vars:
AIRFLOW_CTX_DAG_OWNER=***
AIRFLOW_CTX_DAG_ID=multi_attack_dag
AIRFLOW_CTX_TASK_ID=choose_attack
AIRFLOW_CTX_EXECUTION_DATE=2023-04-16T17:36:09.455508+00:00
AIRFLOW_CTX_TRY_NUMBER=1
AIRFLOW_CTX_DAG_RUN_ID=manual__2023-04-16T17:36:09.455508+00:00
[2023-04-16 17:36:29,716] {python.py:173} INFO - Done. Returned value was: None
[2023-04-16 17:36:29,826] {taskinstance.py:1400} INFO - Marking task as SUCCESS. dag_id=multi_attack_dag, task_id=choose_attack, execution_date=20230416T173609, start_date=20230416T173627, end_date=20230416T173629
[2023-04-16 17:36:30,035] {local_task_job.py:156} INFO - Task exited with return code 0
[2023-04-16 17:36:30,435] {local_task_job.py:273} INFO - 1 downstream tasks scheduled from follow-on schedule check
