[2023-04-27 12:07:54,518] {taskinstance.py:1159} INFO - Dependencies all met for <TaskInstance: multi_attack_dag.to_attack_ProjectedGradientDescent manual__2023-04-27T12:06:56.081840+00:00 [queued]>
[2023-04-27 12:07:54,607] {taskinstance.py:1159} INFO - Dependencies all met for <TaskInstance: multi_attack_dag.to_attack_ProjectedGradientDescent manual__2023-04-27T12:06:56.081840+00:00 [queued]>
[2023-04-27 12:07:54,608] {taskinstance.py:1356} INFO - 
--------------------------------------------------------------------------------
[2023-04-27 12:07:54,609] {taskinstance.py:1357} INFO - Starting attempt 1 of 2
[2023-04-27 12:07:54,609] {taskinstance.py:1358} INFO - 
--------------------------------------------------------------------------------
[2023-04-27 12:07:54,731] {taskinstance.py:1377} INFO - Executing <Task(BranchPythonOperator): to_attack_ProjectedGradientDescent> on 2023-04-27 12:06:56.081840+00:00
[2023-04-27 12:07:54,798] {standard_task_runner.py:52} INFO - Started process 3106 to run task
[2023-04-27 12:07:54,866] {standard_task_runner.py:79} INFO - Running: ['***', 'tasks', 'run', 'multi_attack_dag', 'to_attack_ProjectedGradientDescent', 'manual__2023-04-27T12:06:56.081840+00:00', '--job-id', '6766', '--raw', '--subdir', 'DAGS_FOLDER/attack_dag.py', '--cfg-path', '/tmp/tmpe9k2j7lg', '--error-file', '/tmp/tmp4os4b5bo']
[2023-04-27 12:07:54,869] {standard_task_runner.py:80} INFO - Job 6766: Subtask to_attack_ProjectedGradientDescent
[2023-04-27 12:07:55,413] {task_command.py:369} INFO - Running <TaskInstance: multi_attack_dag.to_attack_ProjectedGradientDescent manual__2023-04-27T12:06:56.081840+00:00 [running]> on host e7e31d5a6603
[2023-04-27 12:07:56,181] {taskinstance.py:1571} INFO - Exporting the following env vars:
AIRFLOW_CTX_DAG_OWNER=***
AIRFLOW_CTX_DAG_ID=multi_attack_dag
AIRFLOW_CTX_TASK_ID=to_attack_ProjectedGradientDescent
AIRFLOW_CTX_EXECUTION_DATE=2023-04-27T12:06:56.081840+00:00
AIRFLOW_CTX_TRY_NUMBER=1
AIRFLOW_CTX_DAG_RUN_ID=manual__2023-04-27T12:06:56.081840+00:00
[2023-04-27 12:07:56,269] {python.py:173} INFO - Done. Returned value was: attack_ProjectedGradientDescent
[2023-04-27 12:07:56,286] {skipmixin.py:140} INFO - Following branch attack_ProjectedGradientDescent
[2023-04-27 12:07:56,297] {skipmixin.py:175} INFO - Skipping tasks ['default_attack']
[2023-04-27 12:08:00,798] {taskinstance.py:1400} INFO - Marking task as SUCCESS. dag_id=multi_attack_dag, task_id=to_attack_ProjectedGradientDescent, execution_date=20230427T120656, start_date=20230427T120754, end_date=20230427T120800
[2023-04-27 12:08:02,951] {local_task_job.py:156} INFO - Task exited with return code 0
[2023-04-27 12:08:05,290] {local_task_job.py:273} INFO - 1 downstream tasks scheduled from follow-on schedule check
