[2023-03-23 15:06:50,592] {taskinstance.py:1159} INFO - Dependencies all met for <TaskInstance: multi_defence_dag.to_defence2 manual__2023-03-23T15:06:36.030711+00:00 [queued]>
[2023-03-23 15:06:50,831] {taskinstance.py:1159} INFO - Dependencies all met for <TaskInstance: multi_defence_dag.to_defence2 manual__2023-03-23T15:06:36.030711+00:00 [queued]>
[2023-03-23 15:06:50,837] {taskinstance.py:1356} INFO - 
--------------------------------------------------------------------------------
[2023-03-23 15:06:50,857] {taskinstance.py:1357} INFO - Starting attempt 1 of 2
[2023-03-23 15:06:50,861] {taskinstance.py:1358} INFO - 
--------------------------------------------------------------------------------
[2023-03-23 15:06:55,608] {taskinstance.py:1377} INFO - Executing <Task(BranchPythonOperator): to_defence2> on 2023-03-23 15:06:36.030711+00:00
[2023-03-23 15:06:55,655] {standard_task_runner.py:52} INFO - Started process 11297 to run task
[2023-03-23 15:06:55,725] {standard_task_runner.py:79} INFO - Running: ['***', 'tasks', 'run', 'multi_defence_dag', 'to_defence2', 'manual__2023-03-23T15:06:36.030711+00:00', '--job-id', '2800', '--raw', '--subdir', 'DAGS_FOLDER/defence_dag.py', '--cfg-path', '/tmp/tmp47im4aam', '--error-file', '/tmp/tmpf3pi7v8y']
[2023-03-23 15:06:55,737] {standard_task_runner.py:80} INFO - Job 2800: Subtask to_defence2
[2023-03-23 15:06:57,554] {task_command.py:369} INFO - Running <TaskInstance: multi_defence_dag.to_defence2 manual__2023-03-23T15:06:36.030711+00:00 [running]> on host 6447f1dacd32
[2023-03-23 15:06:58,376] {taskinstance.py:1571} INFO - Exporting the following env vars:
AIRFLOW_CTX_DAG_OWNER=***
AIRFLOW_CTX_DAG_ID=multi_defence_dag
AIRFLOW_CTX_TASK_ID=to_defence2
AIRFLOW_CTX_EXECUTION_DATE=2023-03-23T15:06:36.030711+00:00
AIRFLOW_CTX_TRY_NUMBER=1
AIRFLOW_CTX_DAG_RUN_ID=manual__2023-03-23T15:06:36.030711+00:00
[2023-03-23 15:06:58,503] {python.py:173} INFO - Done. Returned value was: Defence2
[2023-03-23 15:06:58,507] {skipmixin.py:140} INFO - Following branch Defence2
[2023-03-23 15:06:58,512] {skipmixin.py:175} INFO - Skipping tasks ['default']
[2023-03-23 15:06:59,843] {taskinstance.py:1400} INFO - Marking task as SUCCESS. dag_id=multi_defence_dag, task_id=to_defence2, execution_date=20230323T150636, start_date=20230323T150650, end_date=20230323T150659
[2023-03-23 15:07:00,016] {local_task_job.py:156} INFO - Task exited with return code 0
[2023-03-23 15:07:00,495] {local_task_job.py:273} INFO - 1 downstream tasks scheduled from follow-on schedule check
