[2023-03-26 16:41:05,909] {taskinstance.py:1159} INFO - Dependencies all met for <TaskInstance: multi_defence_dag.choose_defence scheduled__2023-03-25T00:00:00+00:00 [queued]>
[2023-03-26 16:41:05,934] {taskinstance.py:1159} INFO - Dependencies all met for <TaskInstance: multi_defence_dag.choose_defence scheduled__2023-03-25T00:00:00+00:00 [queued]>
[2023-03-26 16:41:05,935] {taskinstance.py:1356} INFO - 
--------------------------------------------------------------------------------
[2023-03-26 16:41:05,936] {taskinstance.py:1357} INFO - Starting attempt 1 of 2
[2023-03-26 16:41:05,939] {taskinstance.py:1358} INFO - 
--------------------------------------------------------------------------------
[2023-03-26 16:41:05,981] {taskinstance.py:1377} INFO - Executing <Task(PythonOperator): choose_defence> on 2023-03-25 00:00:00+00:00
[2023-03-26 16:41:06,011] {standard_task_runner.py:52} INFO - Started process 85 to run task
[2023-03-26 16:41:06,025] {standard_task_runner.py:79} INFO - Running: ['***', 'tasks', 'run', 'multi_defence_dag', 'choose_defence', 'scheduled__2023-03-25T00:00:00+00:00', '--job-id', '3648', '--raw', '--subdir', 'DAGS_FOLDER/defence_dag.py', '--cfg-path', '/tmp/tmppo1hk26c', '--error-file', '/tmp/tmpubrzw8eo']
[2023-03-26 16:41:06,028] {standard_task_runner.py:80} INFO - Job 3648: Subtask choose_defence
[2023-03-26 16:41:06,247] {task_command.py:369} INFO - Running <TaskInstance: multi_defence_dag.choose_defence scheduled__2023-03-25T00:00:00+00:00 [running]> on host 6447f1dacd32
[2023-03-26 16:41:06,971] {taskinstance.py:1571} INFO - Exporting the following env vars:
AIRFLOW_CTX_DAG_OWNER=***
AIRFLOW_CTX_DAG_ID=multi_defence_dag
AIRFLOW_CTX_TASK_ID=choose_defence
AIRFLOW_CTX_EXECUTION_DATE=2023-03-25T00:00:00+00:00
AIRFLOW_CTX_TRY_NUMBER=1
AIRFLOW_CTX_DAG_RUN_ID=scheduled__2023-03-25T00:00:00+00:00
[2023-03-26 16:41:07,386] {python.py:173} INFO - Done. Returned value was: None
[2023-03-26 16:41:07,445] {taskinstance.py:1400} INFO - Marking task as SUCCESS. dag_id=multi_defence_dag, task_id=choose_defence, execution_date=20230325T000000, start_date=20230326T164105, end_date=20230326T164107
[2023-03-26 16:41:07,538] {local_task_job.py:156} INFO - Task exited with return code 0
[2023-03-26 16:41:07,901] {local_task_job.py:273} INFO - 3 downstream tasks scheduled from follow-on schedule check
