[2023-04-09 08:22:57,825] {taskinstance.py:1159} INFO - Dependencies all met for <TaskInstance: multi_defence_dag.trigger_offence scheduled__2023-04-08T00:00:00+00:00 [queued]>
[2023-04-09 08:22:57,866] {taskinstance.py:1159} INFO - Dependencies all met for <TaskInstance: multi_defence_dag.trigger_offence scheduled__2023-04-08T00:00:00+00:00 [queued]>
[2023-04-09 08:22:57,867] {taskinstance.py:1356} INFO - 
--------------------------------------------------------------------------------
[2023-04-09 08:22:57,868] {taskinstance.py:1357} INFO - Starting attempt 1 of 2
[2023-04-09 08:22:57,869] {taskinstance.py:1358} INFO - 
--------------------------------------------------------------------------------
[2023-04-09 08:22:57,893] {taskinstance.py:1377} INFO - Executing <Task(TriggerDagRunOperator): trigger_offence> on 2023-04-08 00:00:00+00:00
[2023-04-09 08:22:57,912] {standard_task_runner.py:52} INFO - Started process 4232 to run task
[2023-04-09 08:22:57,922] {standard_task_runner.py:79} INFO - Running: ['***', 'tasks', 'run', 'multi_defence_dag', 'trigger_offence', 'scheduled__2023-04-08T00:00:00+00:00', '--job-id', '4790', '--raw', '--subdir', 'DAGS_FOLDER/defence_dag.py', '--cfg-path', '/tmp/tmp1ew6fbew', '--error-file', '/tmp/tmp_l9n1ze1']
[2023-04-09 08:22:57,925] {standard_task_runner.py:80} INFO - Job 4790: Subtask trigger_offence
[2023-04-09 08:22:58,108] {task_command.py:369} INFO - Running <TaskInstance: multi_defence_dag.trigger_offence scheduled__2023-04-08T00:00:00+00:00 [running]> on host ff3d40af78f9
[2023-04-09 08:22:58,417] {taskinstance.py:1571} INFO - Exporting the following env vars:
AIRFLOW_CTX_DAG_OWNER=***
AIRFLOW_CTX_DAG_ID=multi_defence_dag
AIRFLOW_CTX_TASK_ID=trigger_offence
AIRFLOW_CTX_EXECUTION_DATE=2023-04-08T00:00:00+00:00
AIRFLOW_CTX_TRY_NUMBER=1
AIRFLOW_CTX_DAG_RUN_ID=scheduled__2023-04-08T00:00:00+00:00
[2023-04-09 08:23:00,526] {taskinstance.py:1400} INFO - Marking task as SUCCESS. dag_id=multi_defence_dag, task_id=trigger_offence, execution_date=20230408T000000, start_date=20230409T082257, end_date=20230409T082300
[2023-04-09 08:23:00,597] {local_task_job.py:156} INFO - Task exited with return code 0
[2023-04-09 08:23:00,684] {local_task_job.py:273} INFO - 0 downstream tasks scheduled from follow-on schedule check
