[2023-03-23 14:50:27,142] {taskinstance.py:1159} INFO - Dependencies all met for <TaskInstance: multi_attack_dag.to_attack2 manual__2023-03-23T14:50:03.746635+00:00 [queued]>
[2023-03-23 14:50:27,262] {taskinstance.py:1159} INFO - Dependencies all met for <TaskInstance: multi_attack_dag.to_attack2 manual__2023-03-23T14:50:03.746635+00:00 [queued]>
[2023-03-23 14:50:27,265] {taskinstance.py:1356} INFO - 
--------------------------------------------------------------------------------
[2023-03-23 14:50:27,270] {taskinstance.py:1357} INFO - Starting attempt 1 of 2
[2023-03-23 14:50:27,272] {taskinstance.py:1358} INFO - 
--------------------------------------------------------------------------------
[2023-03-23 14:50:27,434] {taskinstance.py:1377} INFO - Executing <Task(BranchPythonOperator): to_attack2> on 2023-03-23 14:50:03.746635+00:00
[2023-03-23 14:50:27,473] {standard_task_runner.py:52} INFO - Started process 10806 to run task
[2023-03-23 14:50:27,502] {standard_task_runner.py:79} INFO - Running: ['***', 'tasks', 'run', 'multi_attack_dag', 'to_attack2', 'manual__2023-03-23T14:50:03.746635+00:00', '--job-id', '2735', '--raw', '--subdir', 'DAGS_FOLDER/attack_dag.py', '--cfg-path', '/tmp/tmpm7ebsxrl', '--error-file', '/tmp/tmprme8yct5']
[2023-03-23 14:50:27,532] {standard_task_runner.py:80} INFO - Job 2735: Subtask to_attack2
[2023-03-23 14:50:28,484] {task_command.py:369} INFO - Running <TaskInstance: multi_attack_dag.to_attack2 manual__2023-03-23T14:50:03.746635+00:00 [running]> on host 6447f1dacd32
[2023-03-23 14:50:29,963] {taskinstance.py:1571} INFO - Exporting the following env vars:
AIRFLOW_CTX_DAG_OWNER=***
AIRFLOW_CTX_DAG_ID=multi_attack_dag
AIRFLOW_CTX_TASK_ID=to_attack2
AIRFLOW_CTX_EXECUTION_DATE=2023-03-23T14:50:03.746635+00:00
AIRFLOW_CTX_TRY_NUMBER=1
AIRFLOW_CTX_DAG_RUN_ID=manual__2023-03-23T14:50:03.746635+00:00
[2023-03-23 14:50:30,097] {python.py:173} INFO - Done. Returned value was: default
[2023-03-23 14:50:30,114] {skipmixin.py:140} INFO - Following branch default
[2023-03-23 14:50:30,119] {skipmixin.py:175} INFO - Skipping tasks ['attack2']
[2023-03-23 14:50:30,964] {taskinstance.py:1400} INFO - Marking task as SUCCESS. dag_id=multi_attack_dag, task_id=to_attack2, execution_date=20230323T145003, start_date=20230323T145027, end_date=20230323T145030
[2023-03-23 14:50:31,544] {local_task_job.py:156} INFO - Task exited with return code 0
[2023-03-23 14:50:32,167] {local_task_job.py:273} INFO - 0 downstream tasks scheduled from follow-on schedule check
