[2023-04-30 08:00:11,620] {taskinstance.py:1159} INFO - Dependencies all met for <TaskInstance: multi_defence_dag.to_defend scheduled__2023-04-27T00:00:00+00:00 [queued]>
[2023-04-30 08:00:11,643] {taskinstance.py:1159} INFO - Dependencies all met for <TaskInstance: multi_defence_dag.to_defend scheduled__2023-04-27T00:00:00+00:00 [queued]>
[2023-04-30 08:00:11,654] {taskinstance.py:1356} INFO - 
--------------------------------------------------------------------------------
[2023-04-30 08:00:11,660] {taskinstance.py:1357} INFO - Starting attempt 1 of 2
[2023-04-30 08:00:11,661] {taskinstance.py:1358} INFO - 
--------------------------------------------------------------------------------
[2023-04-30 08:00:11,706] {taskinstance.py:1377} INFO - Executing <Task(BranchPythonOperator): to_defend> on 2023-04-27 00:00:00+00:00
[2023-04-30 08:00:11,745] {standard_task_runner.py:52} INFO - Started process 353 to run task
[2023-04-30 08:00:11,739] {standard_task_runner.py:79} INFO - Running: ['***', 'tasks', 'run', 'multi_defence_dag', 'to_defend', 'scheduled__2023-04-27T00:00:00+00:00', '--job-id', '7072', '--raw', '--subdir', 'DAGS_FOLDER/defence_dag.py', '--cfg-path', '/tmp/tmpdvlokmzx', '--error-file', '/tmp/tmpcwyg44vx']
[2023-04-30 08:00:11,758] {standard_task_runner.py:80} INFO - Job 7072: Subtask to_defend
[2023-04-30 08:00:12,001] {task_command.py:369} INFO - Running <TaskInstance: multi_defence_dag.to_defend scheduled__2023-04-27T00:00:00+00:00 [running]> on host e7e31d5a6603
[2023-04-30 08:00:12,319] {taskinstance.py:1571} INFO - Exporting the following env vars:
AIRFLOW_CTX_DAG_OWNER=***
AIRFLOW_CTX_DAG_ID=multi_defence_dag
AIRFLOW_CTX_TASK_ID=to_defend
AIRFLOW_CTX_EXECUTION_DATE=2023-04-27T00:00:00+00:00
AIRFLOW_CTX_TRY_NUMBER=1
AIRFLOW_CTX_DAG_RUN_ID=scheduled__2023-04-27T00:00:00+00:00
[2023-04-30 08:00:12,328] {transport.py:157} INFO - Attempting refresh to obtain initial access_token
[2023-04-30 08:00:12,338] {client.py:777} INFO - Refreshing access_token
[2023-04-30 08:00:13,180] {python.py:173} INFO - Done. Returned value was: stop
[2023-04-30 08:00:13,181] {skipmixin.py:140} INFO - Following branch stop
[2023-04-30 08:00:13,183] {skipmixin.py:175} INFO - Skipping tasks ['trigger_offence']
[2023-04-30 08:00:13,449] {taskinstance.py:1400} INFO - Marking task as SUCCESS. dag_id=multi_defence_dag, task_id=to_defend, execution_date=20230427T000000, start_date=20230430T080011, end_date=20230430T080013
[2023-04-30 08:00:13,570] {local_task_job.py:156} INFO - Task exited with return code 0
[2023-04-30 08:00:13,683] {local_task_job.py:273} INFO - 1 downstream tasks scheduled from follow-on schedule check
