[2023-03-16 11:30:38,441] {taskinstance.py:1159} INFO - Dependencies all met for <TaskInstance: defence_dag.storing manual__2023-03-16T11:30:36.639583+00:00 [queued]>
[2023-03-16 11:30:38,455] {taskinstance.py:1159} INFO - Dependencies all met for <TaskInstance: defence_dag.storing manual__2023-03-16T11:30:36.639583+00:00 [queued]>
[2023-03-16 11:30:38,455] {taskinstance.py:1356} INFO - 
--------------------------------------------------------------------------------
[2023-03-16 11:30:38,456] {taskinstance.py:1357} INFO - Starting attempt 1 of 1
[2023-03-16 11:30:38,456] {taskinstance.py:1358} INFO - 
--------------------------------------------------------------------------------
[2023-03-16 11:30:38,476] {taskinstance.py:1377} INFO - Executing <Task(BashOperator): storing> on 2023-03-16 11:30:36.639583+00:00
[2023-03-16 11:30:38,543] {standard_task_runner.py:52} INFO - Started process 561 to run task
[2023-03-16 11:30:38,549] {standard_task_runner.py:79} INFO - Running: ['***', 'tasks', 'run', 'defence_dag', 'storing', 'manual__2023-03-16T11:30:36.639583+00:00', '--job-id', '857', '--raw', '--subdir', 'DAGS_FOLDER/defese.py', '--cfg-path', '/tmp/tmpmahihfr2', '--error-file', '/tmp/tmpicg0kpip']
[2023-03-16 11:30:38,549] {standard_task_runner.py:80} INFO - Job 857: Subtask storing
[2023-03-16 11:30:38,652] {task_command.py:369} INFO - Running <TaskInstance: defence_dag.storing manual__2023-03-16T11:30:36.639583+00:00 [running]> on host 596adcca7378
[2023-03-16 11:30:38,776] {taskinstance.py:1571} INFO - Exporting the following env vars:
AIRFLOW_CTX_DAG_OWNER=***
AIRFLOW_CTX_DAG_ID=defence_dag
AIRFLOW_CTX_TASK_ID=storing
AIRFLOW_CTX_EXECUTION_DATE=2023-03-16T11:30:36.639583+00:00
AIRFLOW_CTX_TRY_NUMBER=1
AIRFLOW_CTX_DAG_RUN_ID=manual__2023-03-16T11:30:36.639583+00:00
[2023-03-16 11:30:38,778] {subprocess.py:62} INFO - Tmp dir root location: 
 /tmp
[2023-03-16 11:30:38,779] {subprocess.py:74} INFO - Running command: ['bash', '-c', 'sleep 1']
[2023-03-16 11:30:38,793] {subprocess.py:85} INFO - Output:
[2023-03-16 11:30:39,797] {subprocess.py:96} INFO - Command exited with return code 0
[2023-03-16 11:30:39,835] {taskinstance.py:1400} INFO - Marking task as SUCCESS. dag_id=defence_dag, task_id=storing, execution_date=20230316T113036, start_date=20230316T113038, end_date=20230316T113039
[2023-03-16 11:30:39,885] {local_task_job.py:156} INFO - Task exited with return code 0
[2023-03-16 11:30:39,939] {local_task_job.py:273} INFO - 1 downstream tasks scheduled from follow-on schedule check
