[2023-03-23 15:19:33,131] {taskinstance.py:1159} INFO - Dependencies all met for <TaskInstance: multi_defence_dag.choose_best manual__2023-03-23T15:19:08.113218+00:00 [queued]>
[2023-03-23 15:19:33,193] {taskinstance.py:1159} INFO - Dependencies all met for <TaskInstance: multi_defence_dag.choose_best manual__2023-03-23T15:19:08.113218+00:00 [queued]>
[2023-03-23 15:19:33,195] {taskinstance.py:1356} INFO - 
--------------------------------------------------------------------------------
[2023-03-23 15:19:33,198] {taskinstance.py:1357} INFO - Starting attempt 1 of 2
[2023-03-23 15:19:33,199] {taskinstance.py:1358} INFO - 
--------------------------------------------------------------------------------
[2023-03-23 15:19:33,310] {taskinstance.py:1377} INFO - Executing <Task(PythonOperator): choose_best> on 2023-03-23 15:19:08.113218+00:00
[2023-03-23 15:19:33,329] {standard_task_runner.py:52} INFO - Started process 12130 to run task
[2023-03-23 15:19:33,349] {standard_task_runner.py:79} INFO - Running: ['***', 'tasks', 'run', 'multi_defence_dag', 'choose_best', 'manual__2023-03-23T15:19:08.113218+00:00', '--job-id', '3033', '--raw', '--subdir', 'DAGS_FOLDER/defence_dag.py', '--cfg-path', '/tmp/tmpfpwyefc0', '--error-file', '/tmp/tmpkkipnqt6']
[2023-03-23 15:19:33,355] {standard_task_runner.py:80} INFO - Job 3033: Subtask choose_best
[2023-03-23 15:19:33,719] {task_command.py:369} INFO - Running <TaskInstance: multi_defence_dag.choose_best manual__2023-03-23T15:19:08.113218+00:00 [running]> on host 6447f1dacd32
[2023-03-23 15:19:34,064] {taskinstance.py:1571} INFO - Exporting the following env vars:
AIRFLOW_CTX_DAG_OWNER=***
AIRFLOW_CTX_DAG_ID=multi_defence_dag
AIRFLOW_CTX_TASK_ID=choose_best
AIRFLOW_CTX_EXECUTION_DATE=2023-03-23T15:19:08.113218+00:00
AIRFLOW_CTX_TRY_NUMBER=1
AIRFLOW_CTX_DAG_RUN_ID=manual__2023-03-23T15:19:08.113218+00:00
[2023-03-23 15:19:34,322] {transport.py:157} INFO - Attempting refresh to obtain initial access_token
[2023-03-23 15:19:34,342] {client.py:777} INFO - Refreshing access_token
[2023-03-23 15:19:35,499] {python.py:173} INFO - Done. Returned value was: None
[2023-03-23 15:19:35,544] {taskinstance.py:1400} INFO - Marking task as SUCCESS. dag_id=multi_defence_dag, task_id=choose_best, execution_date=20230323T151908, start_date=20230323T151933, end_date=20230323T151935
[2023-03-23 15:19:35,634] {local_task_job.py:156} INFO - Task exited with return code 0
[2023-03-23 15:19:35,894] {local_task_job.py:273} INFO - 0 downstream tasks scheduled from follow-on schedule check
