[2023-03-19 12:41:16,147] {taskinstance.py:1159} INFO - Dependencies all met for <TaskInstance: defence_dag2.defence1 manual__2023-03-19T12:41:11.951301+00:00 [queued]>
[2023-03-19 12:41:16,160] {taskinstance.py:1159} INFO - Dependencies all met for <TaskInstance: defence_dag2.defence1 manual__2023-03-19T12:41:11.951301+00:00 [queued]>
[2023-03-19 12:41:16,161] {taskinstance.py:1356} INFO - 
--------------------------------------------------------------------------------
[2023-03-19 12:41:16,161] {taskinstance.py:1357} INFO - Starting attempt 1 of 1
[2023-03-19 12:41:16,162] {taskinstance.py:1358} INFO - 
--------------------------------------------------------------------------------
[2023-03-19 12:41:16,179] {taskinstance.py:1377} INFO - Executing <Task(PythonOperator): defence1> on 2023-03-19 12:41:11.951301+00:00
[2023-03-19 12:41:16,186] {standard_task_runner.py:52} INFO - Started process 92 to run task
[2023-03-19 12:41:16,191] {standard_task_runner.py:79} INFO - Running: ['***', 'tasks', 'run', 'defence_dag2', 'defence1', 'manual__2023-03-19T12:41:11.951301+00:00', '--job-id', '1692', '--raw', '--subdir', 'DAGS_FOLDER/defese.py', '--cfg-path', '/tmp/tmpl1iziqbf', '--error-file', '/tmp/tmpioxkz5ia']
[2023-03-19 12:41:16,192] {standard_task_runner.py:80} INFO - Job 1692: Subtask defence1
[2023-03-19 12:41:16,271] {task_command.py:369} INFO - Running <TaskInstance: defence_dag2.defence1 manual__2023-03-19T12:41:11.951301+00:00 [running]> on host e8c10a6b6dce
[2023-03-19 12:41:16,392] {taskinstance.py:1571} INFO - Exporting the following env vars:
AIRFLOW_CTX_DAG_OWNER=***
AIRFLOW_CTX_DAG_ID=defence_dag2
AIRFLOW_CTX_TASK_ID=defence1
AIRFLOW_CTX_EXECUTION_DATE=2023-03-19T12:41:11.951301+00:00
AIRFLOW_CTX_TRY_NUMBER=1
AIRFLOW_CTX_DAG_RUN_ID=manual__2023-03-19T12:41:11.951301+00:00
[2023-03-19 12:41:16,394] {logging_mixin.py:115} INFO - defensing
[2023-03-19 12:41:16,395] {python.py:173} INFO - Done. Returned value was: None
[2023-03-19 12:41:16,415] {taskinstance.py:1400} INFO - Marking task as SUCCESS. dag_id=defence_dag2, task_id=defence1, execution_date=20230319T124111, start_date=20230319T124116, end_date=20230319T124116
[2023-03-19 12:41:16,443] {local_task_job.py:156} INFO - Task exited with return code 0
[2023-03-19 12:41:16,517] {local_task_job.py:273} INFO - 1 downstream tasks scheduled from follow-on schedule check
