[2023-04-23 09:28:15,521] {taskinstance.py:1159} INFO - Dependencies all met for <TaskInstance: multi_defence_dag.to_defence1 manual__2023-04-23T09:28:03.088662+00:00 [queued]>
[2023-04-23 09:28:15,567] {taskinstance.py:1159} INFO - Dependencies all met for <TaskInstance: multi_defence_dag.to_defence1 manual__2023-04-23T09:28:03.088662+00:00 [queued]>
[2023-04-23 09:28:15,568] {taskinstance.py:1356} INFO - 
--------------------------------------------------------------------------------
[2023-04-23 09:28:15,569] {taskinstance.py:1357} INFO - Starting attempt 1 of 2
[2023-04-23 09:28:15,570] {taskinstance.py:1358} INFO - 
--------------------------------------------------------------------------------
[2023-04-23 09:28:15,681] {taskinstance.py:1377} INFO - Executing <Task(BranchPythonOperator): to_defence1> on 2023-04-23 09:28:03.088662+00:00
[2023-04-23 09:28:16,578] {standard_task_runner.py:52} INFO - Started process 695 to run task
[2023-04-23 09:28:16,592] {standard_task_runner.py:79} INFO - Running: ['***', 'tasks', 'run', 'multi_defence_dag', 'to_defence1', 'manual__2023-04-23T09:28:03.088662+00:00', '--job-id', '6050', '--raw', '--subdir', 'DAGS_FOLDER/defence_dag.py', '--cfg-path', '/tmp/tmpy1v220zz', '--error-file', '/tmp/tmpzd_vy9m8']
[2023-04-23 09:28:16,602] {standard_task_runner.py:80} INFO - Job 6050: Subtask to_defence1
[2023-04-23 09:28:16,719] {task_command.py:369} INFO - Running <TaskInstance: multi_defence_dag.to_defence1 manual__2023-04-23T09:28:03.088662+00:00 [running]> on host a3dd7d962104
[2023-04-23 09:28:16,946] {taskinstance.py:1571} INFO - Exporting the following env vars:
AIRFLOW_CTX_DAG_OWNER=***
AIRFLOW_CTX_DAG_ID=multi_defence_dag
AIRFLOW_CTX_TASK_ID=to_defence1
AIRFLOW_CTX_EXECUTION_DATE=2023-04-23T09:28:03.088662+00:00
AIRFLOW_CTX_TRY_NUMBER=1
AIRFLOW_CTX_DAG_RUN_ID=manual__2023-04-23T09:28:03.088662+00:00
[2023-04-23 09:28:16,978] {python.py:173} INFO - Done. Returned value was: Defence1
[2023-04-23 09:28:16,980] {skipmixin.py:140} INFO - Following branch Defence1
[2023-04-23 09:28:16,981] {skipmixin.py:175} INFO - Skipping tasks ['default']
[2023-04-23 09:28:17,163] {taskinstance.py:1400} INFO - Marking task as SUCCESS. dag_id=multi_defence_dag, task_id=to_defence1, execution_date=20230423T092803, start_date=20230423T092815, end_date=20230423T092817
[2023-04-23 09:28:17,245] {local_task_job.py:156} INFO - Task exited with return code 0
[2023-04-23 09:28:17,451] {local_task_job.py:273} INFO - 1 downstream tasks scheduled from follow-on schedule check
