[2023-03-28 09:58:48,895] {taskinstance.py:1159} INFO - Dependencies all met for <TaskInstance: attack_dag2.attack manual__2023-03-28T09:58:46.760933+00:00 [queued]>
[2023-03-28 09:58:48,904] {taskinstance.py:1159} INFO - Dependencies all met for <TaskInstance: attack_dag2.attack manual__2023-03-28T09:58:46.760933+00:00 [queued]>
[2023-03-28 09:58:48,905] {taskinstance.py:1356} INFO - 
--------------------------------------------------------------------------------
[2023-03-28 09:58:48,906] {taskinstance.py:1357} INFO - Starting attempt 1 of 1
[2023-03-28 09:58:48,911] {taskinstance.py:1358} INFO - 
--------------------------------------------------------------------------------
[2023-03-28 09:58:48,927] {taskinstance.py:1377} INFO - Executing <Task(PythonOperator): attack> on 2023-03-28 09:58:46.760933+00:00
[2023-03-28 09:58:48,932] {standard_task_runner.py:52} INFO - Started process 1245 to run task
[2023-03-28 09:58:48,936] {standard_task_runner.py:79} INFO - Running: ['***', 'tasks', 'run', 'attack_dag2', 'attack', 'manual__2023-03-28T09:58:46.760933+00:00', '--job-id', '4082', '--raw', '--subdir', 'DAGS_FOLDER/attack.py', '--cfg-path', '/tmp/tmp80m69nwp', '--error-file', '/tmp/tmp3x6u3mqd']
[2023-03-28 09:58:48,937] {standard_task_runner.py:80} INFO - Job 4082: Subtask attack
[2023-03-28 09:58:48,996] {task_command.py:369} INFO - Running <TaskInstance: attack_dag2.attack manual__2023-03-28T09:58:46.760933+00:00 [running]> on host 70f8824ef075
[2023-03-28 09:58:49,077] {taskinstance.py:1571} INFO - Exporting the following env vars:
AIRFLOW_CTX_DAG_OWNER=***
AIRFLOW_CTX_DAG_ID=attack_dag2
AIRFLOW_CTX_TASK_ID=attack
AIRFLOW_CTX_EXECUTION_DATE=2023-03-28T09:58:46.760933+00:00
AIRFLOW_CTX_TRY_NUMBER=1
AIRFLOW_CTX_DAG_RUN_ID=manual__2023-03-28T09:58:46.760933+00:00
[2023-03-28 09:58:49,080] {transport.py:157} INFO - Attempting refresh to obtain initial access_token
[2023-03-28 09:58:49,084] {client.py:777} INFO - Refreshing access_token
[2023-03-28 09:58:49,996] {transport.py:157} INFO - Attempting refresh to obtain initial access_token
[2023-03-28 09:58:50,000] {client.py:777} INFO - Refreshing access_token
[2023-03-28 09:58:50,555] {python.py:173} INFO - Done. Returned value was: None
[2023-03-28 09:58:50,573] {taskinstance.py:1400} INFO - Marking task as SUCCESS. dag_id=attack_dag2, task_id=attack, execution_date=20230328T095846, start_date=20230328T095848, end_date=20230328T095850
[2023-03-28 09:58:50,602] {local_task_job.py:156} INFO - Task exited with return code 0
[2023-03-28 09:58:50,645] {local_task_job.py:273} INFO - 1 downstream tasks scheduled from follow-on schedule check
