[2023-03-23 15:01:43,403] {taskinstance.py:1159} INFO - Dependencies all met for <TaskInstance: multi_defence_dag.Defence2 manual__2023-03-23T15:01:17.427334+00:00 [queued]>
[2023-03-23 15:01:43,520] {taskinstance.py:1159} INFO - Dependencies all met for <TaskInstance: multi_defence_dag.Defence2 manual__2023-03-23T15:01:17.427334+00:00 [queued]>
[2023-03-23 15:01:43,531] {taskinstance.py:1356} INFO - 
--------------------------------------------------------------------------------
[2023-03-23 15:01:43,538] {taskinstance.py:1357} INFO - Starting attempt 1 of 2
[2023-03-23 15:01:43,548] {taskinstance.py:1358} INFO - 
--------------------------------------------------------------------------------
[2023-03-23 15:01:43,980] {taskinstance.py:1377} INFO - Executing <Task(PythonOperator): Defence2> on 2023-03-23 15:01:17.427334+00:00
[2023-03-23 15:01:44,051] {standard_task_runner.py:52} INFO - Started process 11115 to run task
[2023-03-23 15:01:44,113] {standard_task_runner.py:79} INFO - Running: ['***', 'tasks', 'run', 'multi_defence_dag', 'Defence2', 'manual__2023-03-23T15:01:17.427334+00:00', '--job-id', '2765', '--raw', '--subdir', 'DAGS_FOLDER/defence_dag.py', '--cfg-path', '/tmp/tmpj8_zx85c', '--error-file', '/tmp/tmpje1e4tkg']
[2023-03-23 15:01:44,139] {standard_task_runner.py:80} INFO - Job 2765: Subtask Defence2
[2023-03-23 15:01:44,904] {task_command.py:369} INFO - Running <TaskInstance: multi_defence_dag.Defence2 manual__2023-03-23T15:01:17.427334+00:00 [running]> on host 6447f1dacd32
[2023-03-23 15:01:47,132] {taskinstance.py:1571} INFO - Exporting the following env vars:
AIRFLOW_CTX_DAG_OWNER=***
AIRFLOW_CTX_DAG_ID=multi_defence_dag
AIRFLOW_CTX_TASK_ID=Defence2
AIRFLOW_CTX_EXECUTION_DATE=2023-03-23T15:01:17.427334+00:00
AIRFLOW_CTX_TRY_NUMBER=1
AIRFLOW_CTX_DAG_RUN_ID=manual__2023-03-23T15:01:17.427334+00:00
[2023-03-23 15:01:47,305] {python.py:173} INFO - Done. Returned value was: None
[2023-03-23 15:01:47,492] {taskinstance.py:1400} INFO - Marking task as SUCCESS. dag_id=multi_defence_dag, task_id=Defence2, execution_date=20230323T150117, start_date=20230323T150143, end_date=20230323T150147
[2023-03-23 15:01:47,999] {local_task_job.py:156} INFO - Task exited with return code 0
[2023-03-23 15:01:48,330] {local_task_job.py:273} INFO - 1 downstream tasks scheduled from follow-on schedule check
