[2023-04-30 11:19:20,859] {taskinstance.py:1159} INFO - Dependencies all met for <TaskInstance: multi_attack_dag.metadata manual__2023-04-30T11:19:02.670029+00:00 [queued]>
[2023-04-30 11:19:20,895] {taskinstance.py:1159} INFO - Dependencies all met for <TaskInstance: multi_attack_dag.metadata manual__2023-04-30T11:19:02.670029+00:00 [queued]>
[2023-04-30 11:19:20,895] {taskinstance.py:1356} INFO - 
--------------------------------------------------------------------------------
[2023-04-30 11:19:20,900] {taskinstance.py:1357} INFO - Starting attempt 1 of 2
[2023-04-30 11:19:20,901] {taskinstance.py:1358} INFO - 
--------------------------------------------------------------------------------
[2023-04-30 11:19:20,952] {taskinstance.py:1377} INFO - Executing <Task(PythonOperator): metadata> on 2023-04-30 11:19:02.670029+00:00
[2023-04-30 11:19:20,962] {standard_task_runner.py:52} INFO - Started process 896 to run task
[2023-04-30 11:19:20,971] {standard_task_runner.py:79} INFO - Running: ['***', 'tasks', 'run', 'multi_attack_dag', 'metadata', 'manual__2023-04-30T11:19:02.670029+00:00', '--job-id', '7467', '--raw', '--subdir', 'DAGS_FOLDER/attack_dag.py', '--cfg-path', '/tmp/tmp3w0f_8c7', '--error-file', '/tmp/tmp18i1cmrp']
[2023-04-30 11:19:20,986] {standard_task_runner.py:80} INFO - Job 7467: Subtask metadata
[2023-04-30 11:19:21,086] {task_command.py:369} INFO - Running <TaskInstance: multi_attack_dag.metadata manual__2023-04-30T11:19:02.670029+00:00 [running]> on host 873e5d3a4399
[2023-04-30 11:19:21,306] {taskinstance.py:1571} INFO - Exporting the following env vars:
AIRFLOW_CTX_DAG_OWNER=***
AIRFLOW_CTX_DAG_ID=multi_attack_dag
AIRFLOW_CTX_TASK_ID=metadata
AIRFLOW_CTX_EXECUTION_DATE=2023-04-30T11:19:02.670029+00:00
AIRFLOW_CTX_TRY_NUMBER=1
AIRFLOW_CTX_DAG_RUN_ID=manual__2023-04-30T11:19:02.670029+00:00
[2023-04-30 11:19:21,310] {transport.py:157} INFO - Attempting refresh to obtain initial access_token
[2023-04-30 11:19:21,316] {client.py:777} INFO - Refreshing access_token
[2023-04-30 11:19:22,104] {python.py:173} INFO - Done. Returned value was: None
[2023-04-30 11:19:22,125] {taskinstance.py:1400} INFO - Marking task as SUCCESS. dag_id=multi_attack_dag, task_id=metadata, execution_date=20230430T111902, start_date=20230430T111920, end_date=20230430T111922
[2023-04-30 11:19:22,162] {local_task_job.py:156} INFO - Task exited with return code 0
[2023-04-30 11:19:22,313] {local_task_job.py:273} INFO - 6 downstream tasks scheduled from follow-on schedule check
