[2023-04-27 12:52:55,774] {taskinstance.py:1159} INFO - Dependencies all met for <TaskInstance: multi_defence_dag.stop manual__2023-04-27T12:44:43.915832+00:00 [queued]>
[2023-04-27 12:52:55,825] {taskinstance.py:1159} INFO - Dependencies all met for <TaskInstance: multi_defence_dag.stop manual__2023-04-27T12:44:43.915832+00:00 [queued]>
[2023-04-27 12:52:55,827] {taskinstance.py:1356} INFO - 
--------------------------------------------------------------------------------
[2023-04-27 12:52:55,828] {taskinstance.py:1357} INFO - Starting attempt 1 of 2
[2023-04-27 12:52:55,830] {taskinstance.py:1358} INFO - 
--------------------------------------------------------------------------------
[2023-04-27 12:52:55,892] {taskinstance.py:1377} INFO - Executing <Task(PythonOperator): stop> on 2023-04-27 12:44:43.915832+00:00
[2023-04-27 12:52:55,917] {standard_task_runner.py:52} INFO - Started process 497 to run task
[2023-04-27 12:52:55,930] {standard_task_runner.py:79} INFO - Running: ['***', 'tasks', 'run', 'multi_defence_dag', 'stop', 'manual__2023-04-27T12:44:43.915832+00:00', '--job-id', '6881', '--raw', '--subdir', 'DAGS_FOLDER/defence_dag.py', '--cfg-path', '/tmp/tmpek33d_4q', '--error-file', '/tmp/tmp10u8h91q']
[2023-04-27 12:52:55,934] {standard_task_runner.py:80} INFO - Job 6881: Subtask stop
[2023-04-27 12:52:56,207] {task_command.py:369} INFO - Running <TaskInstance: multi_defence_dag.stop manual__2023-04-27T12:44:43.915832+00:00 [running]> on host e7e31d5a6603
[2023-04-27 12:52:56,673] {taskinstance.py:1571} INFO - Exporting the following env vars:
AIRFLOW_CTX_DAG_OWNER=***
AIRFLOW_CTX_DAG_ID=multi_defence_dag
AIRFLOW_CTX_TASK_ID=stop
AIRFLOW_CTX_EXECUTION_DATE=2023-04-27T12:44:43.915832+00:00
AIRFLOW_CTX_TRY_NUMBER=1
AIRFLOW_CTX_DAG_RUN_ID=manual__2023-04-27T12:44:43.915832+00:00
[2023-04-27 12:52:56,679] {python.py:173} INFO - Done. Returned value was: Cycle has ended
[2023-04-27 12:52:56,884] {taskinstance.py:1400} INFO - Marking task as SUCCESS. dag_id=multi_defence_dag, task_id=stop, execution_date=20230427T124443, start_date=20230427T125255, end_date=20230427T125256
[2023-04-27 12:52:57,023] {local_task_job.py:156} INFO - Task exited with return code 0
[2023-04-27 12:52:57,210] {local_task_job.py:273} INFO - 0 downstream tasks scheduled from follow-on schedule check
