[2023-03-23 11:41:16,047] {taskinstance.py:1159} INFO - Dependencies all met for <TaskInstance: defence_dag2.to_attack manual__2023-03-23T11:41:10.427518+00:00 [queued]>
[2023-03-23 11:41:16,055] {taskinstance.py:1159} INFO - Dependencies all met for <TaskInstance: defence_dag2.to_attack manual__2023-03-23T11:41:10.427518+00:00 [queued]>
[2023-03-23 11:41:16,056] {taskinstance.py:1356} INFO - 
--------------------------------------------------------------------------------
[2023-03-23 11:41:16,057] {taskinstance.py:1357} INFO - Starting attempt 1 of 1
[2023-03-23 11:41:16,058] {taskinstance.py:1358} INFO - 
--------------------------------------------------------------------------------
[2023-03-23 11:41:16,070] {taskinstance.py:1377} INFO - Executing <Task(BranchPythonOperator): to_attack> on 2023-03-23 11:41:10.427518+00:00
[2023-03-23 11:41:16,075] {standard_task_runner.py:52} INFO - Started process 2669 to run task
[2023-03-23 11:41:16,077] {standard_task_runner.py:79} INFO - Running: ['***', 'tasks', 'run', 'defence_dag2', 'to_attack', 'manual__2023-03-23T11:41:10.427518+00:00', '--job-id', '2654', '--raw', '--subdir', 'DAGS_FOLDER/defese.py', '--cfg-path', '/tmp/tmpri040svj', '--error-file', '/tmp/tmp4a56e7os']
[2023-03-23 11:41:16,078] {standard_task_runner.py:80} INFO - Job 2654: Subtask to_attack
[2023-03-23 11:41:16,119] {task_command.py:369} INFO - Running <TaskInstance: defence_dag2.to_attack manual__2023-03-23T11:41:10.427518+00:00 [running]> on host 6447f1dacd32
[2023-03-23 11:41:16,173] {taskinstance.py:1571} INFO - Exporting the following env vars:
AIRFLOW_CTX_DAG_OWNER=***
AIRFLOW_CTX_DAG_ID=defence_dag2
AIRFLOW_CTX_TASK_ID=to_attack
AIRFLOW_CTX_EXECUTION_DATE=2023-03-23T11:41:10.427518+00:00
AIRFLOW_CTX_TRY_NUMBER=1
AIRFLOW_CTX_DAG_RUN_ID=manual__2023-03-23T11:41:10.427518+00:00
[2023-03-23 11:41:16,181] {python.py:173} INFO - Done. Returned value was: stop
[2023-03-23 11:41:16,182] {skipmixin.py:140} INFO - Following branch stop
[2023-03-23 11:41:16,182] {skipmixin.py:175} INFO - Skipping tasks ['trigger_offence']
[2023-03-23 11:41:16,220] {taskinstance.py:1400} INFO - Marking task as SUCCESS. dag_id=defence_dag2, task_id=to_attack, execution_date=20230323T114110, start_date=20230323T114116, end_date=20230323T114116
[2023-03-23 11:41:16,250] {local_task_job.py:156} INFO - Task exited with return code 0
[2023-03-23 11:41:16,285] {local_task_job.py:273} INFO - 1 downstream tasks scheduled from follow-on schedule check
