[2023-03-28 09:56:08,734] {taskinstance.py:1159} INFO - Dependencies all met for <TaskInstance: defence_dag2.trigger_offence manual__2023-03-28T09:56:00.498057+00:00 [queued]>
[2023-03-28 09:56:08,752] {taskinstance.py:1159} INFO - Dependencies all met for <TaskInstance: defence_dag2.trigger_offence manual__2023-03-28T09:56:00.498057+00:00 [queued]>
[2023-03-28 09:56:08,753] {taskinstance.py:1356} INFO - 
--------------------------------------------------------------------------------
[2023-03-28 09:56:08,759] {taskinstance.py:1357} INFO - Starting attempt 1 of 1
[2023-03-28 09:56:08,759] {taskinstance.py:1358} INFO - 
--------------------------------------------------------------------------------
[2023-03-28 09:56:08,782] {taskinstance.py:1377} INFO - Executing <Task(TriggerDagRunOperator): trigger_offence> on 2023-03-28 09:56:00.498057+00:00
[2023-03-28 09:56:08,788] {standard_task_runner.py:52} INFO - Started process 1008 to run task
[2023-03-28 09:56:08,793] {standard_task_runner.py:79} INFO - Running: ['***', 'tasks', 'run', 'defence_dag2', 'trigger_offence', 'manual__2023-03-28T09:56:00.498057+00:00', '--job-id', '4047', '--raw', '--subdir', 'DAGS_FOLDER/defese.py', '--cfg-path', '/tmp/tmpg86lm56s', '--error-file', '/tmp/tmp5lpmurtx']
[2023-03-28 09:56:08,795] {standard_task_runner.py:80} INFO - Job 4047: Subtask trigger_offence
[2023-03-28 09:56:08,877] {task_command.py:369} INFO - Running <TaskInstance: defence_dag2.trigger_offence manual__2023-03-28T09:56:00.498057+00:00 [running]> on host 70f8824ef075
[2023-03-28 09:56:08,981] {taskinstance.py:1571} INFO - Exporting the following env vars:
AIRFLOW_CTX_DAG_OWNER=***
AIRFLOW_CTX_DAG_ID=defence_dag2
AIRFLOW_CTX_TASK_ID=trigger_offence
AIRFLOW_CTX_EXECUTION_DATE=2023-03-28T09:56:00.498057+00:00
AIRFLOW_CTX_TRY_NUMBER=1
AIRFLOW_CTX_DAG_RUN_ID=manual__2023-03-28T09:56:00.498057+00:00
[2023-03-28 09:56:09,646] {taskinstance.py:1400} INFO - Marking task as SUCCESS. dag_id=defence_dag2, task_id=trigger_offence, execution_date=20230328T095600, start_date=20230328T095608, end_date=20230328T095609
[2023-03-28 09:56:09,691] {local_task_job.py:156} INFO - Task exited with return code 0
[2023-03-28 09:56:09,731] {local_task_job.py:273} INFO - 0 downstream tasks scheduled from follow-on schedule check
