[2023-03-12 15:53:14,421] {taskinstance.py:1159} INFO - Dependencies all met for <TaskInstance: defence_dag.storing manual__2023-03-12T15:53:11.581009+00:00 [queued]>
[2023-03-12 15:53:14,434] {taskinstance.py:1159} INFO - Dependencies all met for <TaskInstance: defence_dag.storing manual__2023-03-12T15:53:11.581009+00:00 [queued]>
[2023-03-12 15:53:14,435] {taskinstance.py:1356} INFO - 
--------------------------------------------------------------------------------
[2023-03-12 15:53:14,435] {taskinstance.py:1357} INFO - Starting attempt 1 of 1
[2023-03-12 15:53:14,436] {taskinstance.py:1358} INFO - 
--------------------------------------------------------------------------------
[2023-03-12 15:53:14,453] {taskinstance.py:1377} INFO - Executing <Task(BashOperator): storing> on 2023-03-12 15:53:11.581009+00:00
[2023-03-12 15:53:14,457] {standard_task_runner.py:52} INFO - Started process 226 to run task
[2023-03-12 15:53:14,461] {standard_task_runner.py:79} INFO - Running: ['***', 'tasks', 'run', 'defence_dag', 'storing', 'manual__2023-03-12T15:53:11.581009+00:00', '--job-id', '637', '--raw', '--subdir', 'DAGS_FOLDER/defese.py', '--cfg-path', '/tmp/tmpr7fui8e2', '--error-file', '/tmp/tmpwko694vi']
[2023-03-12 15:53:14,462] {standard_task_runner.py:80} INFO - Job 637: Subtask storing
[2023-03-12 15:53:14,525] {task_command.py:369} INFO - Running <TaskInstance: defence_dag.storing manual__2023-03-12T15:53:11.581009+00:00 [running]> on host 596adcca7378
[2023-03-12 15:53:14,617] {taskinstance.py:1571} INFO - Exporting the following env vars:
AIRFLOW_CTX_DAG_OWNER=***
AIRFLOW_CTX_DAG_ID=defence_dag
AIRFLOW_CTX_TASK_ID=storing
AIRFLOW_CTX_EXECUTION_DATE=2023-03-12T15:53:11.581009+00:00
AIRFLOW_CTX_TRY_NUMBER=1
AIRFLOW_CTX_DAG_RUN_ID=manual__2023-03-12T15:53:11.581009+00:00
[2023-03-12 15:53:14,619] {subprocess.py:62} INFO - Tmp dir root location: 
 /tmp
[2023-03-12 15:53:14,620] {subprocess.py:74} INFO - Running command: ['bash', '-c', 'sleep 1']
[2023-03-12 15:53:14,631] {subprocess.py:85} INFO - Output:
[2023-03-12 15:53:15,634] {subprocess.py:96} INFO - Command exited with return code 0
[2023-03-12 15:53:15,661] {taskinstance.py:1400} INFO - Marking task as SUCCESS. dag_id=defence_dag, task_id=storing, execution_date=20230312T155311, start_date=20230312T155314, end_date=20230312T155315
[2023-03-12 15:53:15,679] {local_task_job.py:156} INFO - Task exited with return code 0
[2023-03-12 15:53:15,711] {local_task_job.py:273} INFO - 1 downstream tasks scheduled from follow-on schedule check
