[2023-03-28 10:26:31,126] {taskinstance.py:1159} INFO - Dependencies all met for <TaskInstance: attack_dag2.attack manual__2023-03-28T10:26:28.860815+00:00 [queued]>
[2023-03-28 10:26:31,134] {taskinstance.py:1159} INFO - Dependencies all met for <TaskInstance: attack_dag2.attack manual__2023-03-28T10:26:28.860815+00:00 [queued]>
[2023-03-28 10:26:31,134] {taskinstance.py:1356} INFO - 
--------------------------------------------------------------------------------
[2023-03-28 10:26:31,134] {taskinstance.py:1357} INFO - Starting attempt 1 of 1
[2023-03-28 10:26:31,135] {taskinstance.py:1358} INFO - 
--------------------------------------------------------------------------------
[2023-03-28 10:26:31,147] {taskinstance.py:1377} INFO - Executing <Task(PythonOperator): attack> on 2023-03-28 10:26:28.860815+00:00
[2023-03-28 10:26:31,153] {standard_task_runner.py:52} INFO - Started process 1862 to run task
[2023-03-28 10:26:31,156] {standard_task_runner.py:79} INFO - Running: ['***', 'tasks', 'run', 'attack_dag2', 'attack', 'manual__2023-03-28T10:26:28.860815+00:00', '--job-id', '4202', '--raw', '--subdir', 'DAGS_FOLDER/attack.py', '--cfg-path', '/tmp/tmpe8bt0w75', '--error-file', '/tmp/tmpl8223gt1']
[2023-03-28 10:26:31,157] {standard_task_runner.py:80} INFO - Job 4202: Subtask attack
[2023-03-28 10:26:31,211] {task_command.py:369} INFO - Running <TaskInstance: attack_dag2.attack manual__2023-03-28T10:26:28.860815+00:00 [running]> on host 70f8824ef075
[2023-03-28 10:26:31,278] {taskinstance.py:1571} INFO - Exporting the following env vars:
AIRFLOW_CTX_DAG_OWNER=***
AIRFLOW_CTX_DAG_ID=attack_dag2
AIRFLOW_CTX_TASK_ID=attack
AIRFLOW_CTX_EXECUTION_DATE=2023-03-28T10:26:28.860815+00:00
AIRFLOW_CTX_TRY_NUMBER=1
AIRFLOW_CTX_DAG_RUN_ID=manual__2023-03-28T10:26:28.860815+00:00
[2023-03-28 10:26:31,281] {transport.py:157} INFO - Attempting refresh to obtain initial access_token
[2023-03-28 10:26:31,284] {client.py:777} INFO - Refreshing access_token
[2023-03-28 10:26:32,338] {transport.py:157} INFO - Attempting refresh to obtain initial access_token
[2023-03-28 10:26:32,343] {client.py:777} INFO - Refreshing access_token
[2023-03-28 10:26:33,023] {python.py:173} INFO - Done. Returned value was: None
[2023-03-28 10:26:33,041] {taskinstance.py:1400} INFO - Marking task as SUCCESS. dag_id=attack_dag2, task_id=attack, execution_date=20230328T102628, start_date=20230328T102631, end_date=20230328T102633
[2023-03-28 10:26:33,102] {local_task_job.py:156} INFO - Task exited with return code 0
[2023-03-28 10:26:33,163] {local_task_job.py:273} INFO - 1 downstream tasks scheduled from follow-on schedule check
