[2023-04-27 13:31:49,792] {taskinstance.py:1159} INFO - Dependencies all met for <TaskInstance: multi_attack_dag.metadata manual__2023-04-27T13:31:42.063982+00:00 [queued]>
[2023-04-27 13:31:49,803] {taskinstance.py:1159} INFO - Dependencies all met for <TaskInstance: multi_attack_dag.metadata manual__2023-04-27T13:31:42.063982+00:00 [queued]>
[2023-04-27 13:31:49,804] {taskinstance.py:1356} INFO - 
--------------------------------------------------------------------------------
[2023-04-27 13:31:49,804] {taskinstance.py:1357} INFO - Starting attempt 1 of 2
[2023-04-27 13:31:49,805] {taskinstance.py:1358} INFO - 
--------------------------------------------------------------------------------
[2023-04-27 13:31:49,821] {taskinstance.py:1377} INFO - Executing <Task(PythonOperator): metadata> on 2023-04-27 13:31:42.063982+00:00
[2023-04-27 13:31:49,828] {standard_task_runner.py:52} INFO - Started process 419 to run task
[2023-04-27 13:31:49,832] {standard_task_runner.py:79} INFO - Running: ['***', 'tasks', 'run', 'multi_attack_dag', 'metadata', 'manual__2023-04-27T13:31:42.063982+00:00', '--job-id', '6926', '--raw', '--subdir', 'DAGS_FOLDER/attack_dag.py', '--cfg-path', '/tmp/tmpdsgvoups', '--error-file', '/tmp/tmpkg5ecncm']
[2023-04-27 13:31:49,833] {standard_task_runner.py:80} INFO - Job 6926: Subtask metadata
[2023-04-27 13:31:49,890] {task_command.py:369} INFO - Running <TaskInstance: multi_attack_dag.metadata manual__2023-04-27T13:31:42.063982+00:00 [running]> on host e7e31d5a6603
[2023-04-27 13:31:50,017] {taskinstance.py:1571} INFO - Exporting the following env vars:
AIRFLOW_CTX_DAG_OWNER=***
AIRFLOW_CTX_DAG_ID=multi_attack_dag
AIRFLOW_CTX_TASK_ID=metadata
AIRFLOW_CTX_EXECUTION_DATE=2023-04-27T13:31:42.063982+00:00
AIRFLOW_CTX_TRY_NUMBER=1
AIRFLOW_CTX_DAG_RUN_ID=manual__2023-04-27T13:31:42.063982+00:00
[2023-04-27 13:31:50,020] {transport.py:157} INFO - Attempting refresh to obtain initial access_token
[2023-04-27 13:31:50,024] {client.py:777} INFO - Refreshing access_token
[2023-04-27 13:31:50,816] {python.py:173} INFO - Done. Returned value was: None
[2023-04-27 13:31:50,842] {taskinstance.py:1400} INFO - Marking task as SUCCESS. dag_id=multi_attack_dag, task_id=metadata, execution_date=20230427T133142, start_date=20230427T133149, end_date=20230427T133150
[2023-04-27 13:31:50,889] {local_task_job.py:156} INFO - Task exited with return code 0
[2023-04-27 13:31:50,988] {local_task_job.py:273} INFO - 6 downstream tasks scheduled from follow-on schedule check
