[2023-03-23 15:35:27,415] {taskinstance.py:1159} INFO - Dependencies all met for <TaskInstance: multi_attack_dag.trigger_defence manual__2023-03-23T15:35:04.233780+00:00 [queued]>
[2023-03-23 15:35:27,433] {taskinstance.py:1159} INFO - Dependencies all met for <TaskInstance: multi_attack_dag.trigger_defence manual__2023-03-23T15:35:04.233780+00:00 [queued]>
[2023-03-23 15:35:27,434] {taskinstance.py:1356} INFO - 
--------------------------------------------------------------------------------
[2023-03-23 15:35:27,436] {taskinstance.py:1357} INFO - Starting attempt 1 of 2
[2023-03-23 15:35:27,436] {taskinstance.py:1358} INFO - 
--------------------------------------------------------------------------------
[2023-03-23 15:35:27,458] {taskinstance.py:1377} INFO - Executing <Task(TriggerDagRunOperator): trigger_defence> on 2023-03-23 15:35:04.233780+00:00
[2023-03-23 15:35:27,465] {standard_task_runner.py:52} INFO - Started process 13002 to run task
[2023-03-23 15:35:27,469] {standard_task_runner.py:79} INFO - Running: ['***', 'tasks', 'run', 'multi_attack_dag', 'trigger_defence', 'manual__2023-03-23T15:35:04.233780+00:00', '--job-id', '3357', '--raw', '--subdir', 'DAGS_FOLDER/attack_dag.py', '--cfg-path', '/tmp/tmpbjq7c3c6', '--error-file', '/tmp/tmpb6030tw6']
[2023-03-23 15:35:27,471] {standard_task_runner.py:80} INFO - Job 3357: Subtask trigger_defence
[2023-03-23 15:35:27,568] {task_command.py:369} INFO - Running <TaskInstance: multi_attack_dag.trigger_defence manual__2023-03-23T15:35:04.233780+00:00 [running]> on host 6447f1dacd32
[2023-03-23 15:35:27,712] {taskinstance.py:1571} INFO - Exporting the following env vars:
AIRFLOW_CTX_DAG_OWNER=***
AIRFLOW_CTX_DAG_ID=multi_attack_dag
AIRFLOW_CTX_TASK_ID=trigger_defence
AIRFLOW_CTX_EXECUTION_DATE=2023-03-23T15:35:04.233780+00:00
AIRFLOW_CTX_TRY_NUMBER=1
AIRFLOW_CTX_DAG_RUN_ID=manual__2023-03-23T15:35:04.233780+00:00
[2023-03-23 15:35:29,240] {taskinstance.py:1400} INFO - Marking task as SUCCESS. dag_id=multi_attack_dag, task_id=trigger_defence, execution_date=20230323T153504, start_date=20230323T153527, end_date=20230323T153529
[2023-03-23 15:35:29,292] {local_task_job.py:156} INFO - Task exited with return code 0
[2023-03-23 15:35:29,381] {local_task_job.py:273} INFO - 0 downstream tasks scheduled from follow-on schedule check
