[2023-04-27 08:27:49,991] {taskinstance.py:1159} INFO - Dependencies all met for <TaskInstance: multi_attack_dag.to_attack_AutoAttack scheduled__2023-04-26T00:00:00+00:00 [queued]>
[2023-04-27 08:27:50,085] {taskinstance.py:1159} INFO - Dependencies all met for <TaskInstance: multi_attack_dag.to_attack_AutoAttack scheduled__2023-04-26T00:00:00+00:00 [queued]>
[2023-04-27 08:27:50,094] {taskinstance.py:1356} INFO - 
--------------------------------------------------------------------------------
[2023-04-27 08:27:50,098] {taskinstance.py:1357} INFO - Starting attempt 2 of 2
[2023-04-27 08:27:50,101] {taskinstance.py:1358} INFO - 
--------------------------------------------------------------------------------
[2023-04-27 08:27:50,183] {taskinstance.py:1377} INFO - Executing <Task(BranchPythonOperator): to_attack_AutoAttack> on 2023-04-26 00:00:00+00:00
[2023-04-27 08:27:50,234] {standard_task_runner.py:52} INFO - Started process 709 to run task
[2023-04-27 08:27:50,258] {standard_task_runner.py:79} INFO - Running: ['***', 'tasks', 'run', 'multi_attack_dag', 'to_attack_AutoAttack', 'scheduled__2023-04-26T00:00:00+00:00', '--job-id', '6351', '--raw', '--subdir', 'DAGS_FOLDER/attack_dag.py', '--cfg-path', '/tmp/tmpfu7a4jnc', '--error-file', '/tmp/tmp4vrdnbtt']
[2023-04-27 08:27:50,309] {standard_task_runner.py:80} INFO - Job 6351: Subtask to_attack_AutoAttack
[2023-04-27 08:27:50,732] {task_command.py:369} INFO - Running <TaskInstance: multi_attack_dag.to_attack_AutoAttack scheduled__2023-04-26T00:00:00+00:00 [running]> on host e7e31d5a6603
[2023-04-27 08:27:51,214] {taskinstance.py:1571} INFO - Exporting the following env vars:
AIRFLOW_CTX_DAG_OWNER=***
AIRFLOW_CTX_DAG_ID=multi_attack_dag
AIRFLOW_CTX_TASK_ID=to_attack_AutoAttack
AIRFLOW_CTX_EXECUTION_DATE=2023-04-26T00:00:00+00:00
AIRFLOW_CTX_TRY_NUMBER=2
AIRFLOW_CTX_DAG_RUN_ID=scheduled__2023-04-26T00:00:00+00:00
[2023-04-27 08:27:51,506] {python.py:173} INFO - Done. Returned value was: default
[2023-04-27 08:27:51,508] {skipmixin.py:140} INFO - Following branch default
[2023-04-27 08:27:51,509] {skipmixin.py:175} INFO - Skipping tasks ['attack_AutoAttack']
[2023-04-27 08:27:51,903] {taskinstance.py:1400} INFO - Marking task as SUCCESS. dag_id=multi_attack_dag, task_id=to_attack_AutoAttack, execution_date=20230426T000000, start_date=20230427T082749, end_date=20230427T082751
[2023-04-27 08:27:52,242] {local_task_job.py:156} INFO - Task exited with return code 0
[2023-04-27 08:27:52,902] {local_task_job.py:273} INFO - 0 downstream tasks scheduled from follow-on schedule check
