[2023-03-28 10:26:34,187] {taskinstance.py:1159} INFO - Dependencies all met for <TaskInstance: attack_dag2.trigger_defence manual__2023-03-28T10:26:28.860815+00:00 [queued]>
[2023-03-28 10:26:34,198] {taskinstance.py:1159} INFO - Dependencies all met for <TaskInstance: attack_dag2.trigger_defence manual__2023-03-28T10:26:28.860815+00:00 [queued]>
[2023-03-28 10:26:34,199] {taskinstance.py:1356} INFO - 
--------------------------------------------------------------------------------
[2023-03-28 10:26:34,200] {taskinstance.py:1357} INFO - Starting attempt 1 of 1
[2023-03-28 10:26:34,201] {taskinstance.py:1358} INFO - 
--------------------------------------------------------------------------------
[2023-03-28 10:26:34,217] {taskinstance.py:1377} INFO - Executing <Task(TriggerDagRunOperator): trigger_defence> on 2023-03-28 10:26:28.860815+00:00
[2023-03-28 10:26:34,224] {standard_task_runner.py:52} INFO - Started process 1872 to run task
[2023-03-28 10:26:34,228] {standard_task_runner.py:79} INFO - Running: ['***', 'tasks', 'run', 'attack_dag2', 'trigger_defence', 'manual__2023-03-28T10:26:28.860815+00:00', '--job-id', '4203', '--raw', '--subdir', 'DAGS_FOLDER/attack.py', '--cfg-path', '/tmp/tmpkeyj5l37', '--error-file', '/tmp/tmp01jwdnws']
[2023-03-28 10:26:34,230] {standard_task_runner.py:80} INFO - Job 4203: Subtask trigger_defence
[2023-03-28 10:26:34,290] {task_command.py:369} INFO - Running <TaskInstance: attack_dag2.trigger_defence manual__2023-03-28T10:26:28.860815+00:00 [running]> on host 70f8824ef075
[2023-03-28 10:26:34,374] {taskinstance.py:1571} INFO - Exporting the following env vars:
AIRFLOW_CTX_DAG_OWNER=***
AIRFLOW_CTX_DAG_ID=attack_dag2
AIRFLOW_CTX_TASK_ID=trigger_defence
AIRFLOW_CTX_EXECUTION_DATE=2023-03-28T10:26:28.860815+00:00
AIRFLOW_CTX_TRY_NUMBER=1
AIRFLOW_CTX_DAG_RUN_ID=manual__2023-03-28T10:26:28.860815+00:00
[2023-03-28 10:26:34,953] {taskinstance.py:1400} INFO - Marking task as SUCCESS. dag_id=attack_dag2, task_id=trigger_defence, execution_date=20230328T102628, start_date=20230328T102634, end_date=20230328T102634
[2023-03-28 10:26:35,005] {local_task_job.py:156} INFO - Task exited with return code 0
[2023-03-28 10:26:35,039] {local_task_job.py:273} INFO - 0 downstream tasks scheduled from follow-on schedule check
