[2023-03-28 10:00:05,685] {taskinstance.py:1159} INFO - Dependencies all met for <TaskInstance: attack_dag2.attack manual__2023-03-28T10:00:03.280337+00:00 [queued]>
[2023-03-28 10:00:05,699] {taskinstance.py:1159} INFO - Dependencies all met for <TaskInstance: attack_dag2.attack manual__2023-03-28T10:00:03.280337+00:00 [queued]>
[2023-03-28 10:00:05,700] {taskinstance.py:1356} INFO - 
--------------------------------------------------------------------------------
[2023-03-28 10:00:05,701] {taskinstance.py:1357} INFO - Starting attempt 1 of 1
[2023-03-28 10:00:05,702] {taskinstance.py:1358} INFO - 
--------------------------------------------------------------------------------
[2023-03-28 10:00:05,722] {taskinstance.py:1377} INFO - Executing <Task(PythonOperator): attack> on 2023-03-28 10:00:03.280337+00:00
[2023-03-28 10:00:05,728] {standard_task_runner.py:52} INFO - Started process 1404 to run task
[2023-03-28 10:00:05,733] {standard_task_runner.py:79} INFO - Running: ['***', 'tasks', 'run', 'attack_dag2', 'attack', 'manual__2023-03-28T10:00:03.280337+00:00', '--job-id', '4112', '--raw', '--subdir', 'DAGS_FOLDER/attack.py', '--cfg-path', '/tmp/tmplcb_aq3t', '--error-file', '/tmp/tmpn9wvqdk4']
[2023-03-28 10:00:05,735] {standard_task_runner.py:80} INFO - Job 4112: Subtask attack
[2023-03-28 10:00:05,824] {task_command.py:369} INFO - Running <TaskInstance: attack_dag2.attack manual__2023-03-28T10:00:03.280337+00:00 [running]> on host 70f8824ef075
[2023-03-28 10:00:05,924] {taskinstance.py:1571} INFO - Exporting the following env vars:
AIRFLOW_CTX_DAG_OWNER=***
AIRFLOW_CTX_DAG_ID=attack_dag2
AIRFLOW_CTX_TASK_ID=attack
AIRFLOW_CTX_EXECUTION_DATE=2023-03-28T10:00:03.280337+00:00
AIRFLOW_CTX_TRY_NUMBER=1
AIRFLOW_CTX_DAG_RUN_ID=manual__2023-03-28T10:00:03.280337+00:00
[2023-03-28 10:00:05,927] {transport.py:157} INFO - Attempting refresh to obtain initial access_token
[2023-03-28 10:00:05,931] {client.py:777} INFO - Refreshing access_token
[2023-03-28 10:00:06,874] {transport.py:157} INFO - Attempting refresh to obtain initial access_token
[2023-03-28 10:00:06,876] {client.py:777} INFO - Refreshing access_token
[2023-03-28 10:00:07,489] {python.py:173} INFO - Done. Returned value was: None
[2023-03-28 10:00:07,538] {taskinstance.py:1400} INFO - Marking task as SUCCESS. dag_id=attack_dag2, task_id=attack, execution_date=20230328T100003, start_date=20230328T100005, end_date=20230328T100007
[2023-03-28 10:00:07,561] {local_task_job.py:156} INFO - Task exited with return code 0
[2023-03-28 10:00:07,599] {local_task_job.py:273} INFO - 1 downstream tasks scheduled from follow-on schedule check
