[2023-04-23 09:19:37,964] {taskinstance.py:1159} INFO - Dependencies all met for <TaskInstance: multi_attack_dag.trigger_defence manual__2023-04-23T09:19:00.423784+00:00 [queued]>
[2023-04-23 09:19:37,981] {taskinstance.py:1159} INFO - Dependencies all met for <TaskInstance: multi_attack_dag.trigger_defence manual__2023-04-23T09:19:00.423784+00:00 [queued]>
[2023-04-23 09:19:37,982] {taskinstance.py:1356} INFO - 
--------------------------------------------------------------------------------
[2023-04-23 09:19:37,987] {taskinstance.py:1357} INFO - Starting attempt 1 of 2
[2023-04-23 09:19:37,988] {taskinstance.py:1358} INFO - 
--------------------------------------------------------------------------------
[2023-04-23 09:19:38,011] {taskinstance.py:1377} INFO - Executing <Task(TriggerDagRunOperator): trigger_defence> on 2023-04-23 09:19:00.423784+00:00
[2023-04-23 09:19:38,022] {standard_task_runner.py:52} INFO - Started process 202 to run task
[2023-04-23 09:19:38,027] {standard_task_runner.py:79} INFO - Running: ['***', 'tasks', 'run', 'multi_attack_dag', 'trigger_defence', 'manual__2023-04-23T09:19:00.423784+00:00', '--job-id', '6021', '--raw', '--subdir', 'DAGS_FOLDER/attack_dag.py', '--cfg-path', '/tmp/tmpjqv82jcl', '--error-file', '/tmp/tmp2u1ri08_']
[2023-04-23 09:19:38,029] {standard_task_runner.py:80} INFO - Job 6021: Subtask trigger_defence
[2023-04-23 09:19:38,148] {task_command.py:369} INFO - Running <TaskInstance: multi_attack_dag.trigger_defence manual__2023-04-23T09:19:00.423784+00:00 [running]> on host a3dd7d962104
[2023-04-23 09:19:38,286] {taskinstance.py:1571} INFO - Exporting the following env vars:
AIRFLOW_CTX_DAG_OWNER=***
AIRFLOW_CTX_DAG_ID=multi_attack_dag
AIRFLOW_CTX_TASK_ID=trigger_defence
AIRFLOW_CTX_EXECUTION_DATE=2023-04-23T09:19:00.423784+00:00
AIRFLOW_CTX_TRY_NUMBER=1
AIRFLOW_CTX_DAG_RUN_ID=manual__2023-04-23T09:19:00.423784+00:00
[2023-04-23 09:19:40,111] {taskinstance.py:1400} INFO - Marking task as SUCCESS. dag_id=multi_attack_dag, task_id=trigger_defence, execution_date=20230423T091900, start_date=20230423T091937, end_date=20230423T091940
[2023-04-23 09:19:40,213] {local_task_job.py:156} INFO - Task exited with return code 0
[2023-04-23 09:19:40,290] {local_task_job.py:273} INFO - 0 downstream tasks scheduled from follow-on schedule check
