[2023-04-27 12:51:59,133] {taskinstance.py:1159} INFO - Dependencies all met for <TaskInstance: multi_defence_dag.Defence3 manual__2023-04-27T12:44:43.915832+00:00 [queued]>
[2023-04-27 12:51:59,229] {taskinstance.py:1159} INFO - Dependencies all met for <TaskInstance: multi_defence_dag.Defence3 manual__2023-04-27T12:44:43.915832+00:00 [queued]>
[2023-04-27 12:51:59,239] {taskinstance.py:1356} INFO - 
--------------------------------------------------------------------------------
[2023-04-27 12:51:59,242] {taskinstance.py:1357} INFO - Starting attempt 2 of 2
[2023-04-27 12:51:59,244] {taskinstance.py:1358} INFO - 
--------------------------------------------------------------------------------
[2023-04-27 12:51:59,362] {taskinstance.py:1377} INFO - Executing <Task(PythonOperator): Defence3> on 2023-04-27 12:44:43.915832+00:00
[2023-04-27 12:51:59,408] {standard_task_runner.py:52} INFO - Started process 459 to run task
[2023-04-27 12:51:59,440] {standard_task_runner.py:79} INFO - Running: ['***', 'tasks', 'run', 'multi_defence_dag', 'Defence3', 'manual__2023-04-27T12:44:43.915832+00:00', '--job-id', '6877', '--raw', '--subdir', 'DAGS_FOLDER/defence_dag.py', '--cfg-path', '/tmp/tmpq4bzn0kk', '--error-file', '/tmp/tmpgsjl6km1']
[2023-04-27 12:51:59,445] {standard_task_runner.py:80} INFO - Job 6877: Subtask Defence3
[2023-04-27 12:51:59,964] {task_command.py:369} INFO - Running <TaskInstance: multi_defence_dag.Defence3 manual__2023-04-27T12:44:43.915832+00:00 [running]> on host e7e31d5a6603
[2023-04-27 12:52:00,544] {taskinstance.py:1571} INFO - Exporting the following env vars:
AIRFLOW_CTX_DAG_OWNER=***
AIRFLOW_CTX_DAG_ID=multi_defence_dag
AIRFLOW_CTX_TASK_ID=Defence3
AIRFLOW_CTX_EXECUTION_DATE=2023-04-27T12:44:43.915832+00:00
AIRFLOW_CTX_TRY_NUMBER=2
AIRFLOW_CTX_DAG_RUN_ID=manual__2023-04-27T12:44:43.915832+00:00
[2023-04-27 12:52:00,635] {python.py:173} INFO - Done. Returned value was: None
[2023-04-27 12:52:00,725] {taskinstance.py:1400} INFO - Marking task as SUCCESS. dag_id=multi_defence_dag, task_id=Defence3, execution_date=20230427T124443, start_date=20230427T125159, end_date=20230427T125200
[2023-04-27 12:52:00,825] {local_task_job.py:156} INFO - Task exited with return code 0
[2023-04-27 12:52:01,039] {local_task_job.py:273} INFO - 0 downstream tasks scheduled from follow-on schedule check
