[2023-04-18 06:13:49,004] {taskinstance.py:1159} INFO - Dependencies all met for <TaskInstance: multi_defence_dag.to_defence3 scheduled__2023-04-16T00:00:00+00:00 [queued]>
[2023-04-18 06:13:49,177] {taskinstance.py:1159} INFO - Dependencies all met for <TaskInstance: multi_defence_dag.to_defence3 scheduled__2023-04-16T00:00:00+00:00 [queued]>
[2023-04-18 06:13:49,187] {taskinstance.py:1356} INFO - 
--------------------------------------------------------------------------------
[2023-04-18 06:13:49,197] {taskinstance.py:1357} INFO - Starting attempt 1 of 2
[2023-04-18 06:13:49,207] {taskinstance.py:1358} INFO - 
--------------------------------------------------------------------------------
[2023-04-18 06:13:49,301] {taskinstance.py:1377} INFO - Executing <Task(BranchPythonOperator): to_defence3> on 2023-04-16 00:00:00+00:00
[2023-04-18 06:13:49,331] {standard_task_runner.py:52} INFO - Started process 201 to run task
[2023-04-18 06:13:49,408] {standard_task_runner.py:79} INFO - Running: ['***', 'tasks', 'run', 'multi_defence_dag', 'to_defence3', 'scheduled__2023-04-16T00:00:00+00:00', '--job-id', '5437', '--raw', '--subdir', 'DAGS_FOLDER/defence_dag.py', '--cfg-path', '/tmp/tmpoieucoee', '--error-file', '/tmp/tmpsk4ham7l']
[2023-04-18 06:13:49,433] {standard_task_runner.py:80} INFO - Job 5437: Subtask to_defence3
[2023-04-18 06:13:49,653] {task_command.py:369} INFO - Running <TaskInstance: multi_defence_dag.to_defence3 scheduled__2023-04-16T00:00:00+00:00 [running]> on host a3dd7d962104
[2023-04-18 06:13:49,862] {taskinstance.py:1571} INFO - Exporting the following env vars:
AIRFLOW_CTX_DAG_OWNER=***
AIRFLOW_CTX_DAG_ID=multi_defence_dag
AIRFLOW_CTX_TASK_ID=to_defence3
AIRFLOW_CTX_EXECUTION_DATE=2023-04-16T00:00:00+00:00
AIRFLOW_CTX_TRY_NUMBER=1
AIRFLOW_CTX_DAG_RUN_ID=scheduled__2023-04-16T00:00:00+00:00
[2023-04-18 06:13:49,906] {python.py:173} INFO - Done. Returned value was: Defence3
[2023-04-18 06:13:49,907] {skipmixin.py:140} INFO - Following branch Defence3
[2023-04-18 06:13:49,907] {skipmixin.py:175} INFO - Skipping tasks ['default']
[2023-04-18 06:13:50,276] {taskinstance.py:1400} INFO - Marking task as SUCCESS. dag_id=multi_defence_dag, task_id=to_defence3, execution_date=20230416T000000, start_date=20230418T061349, end_date=20230418T061350
[2023-04-18 06:13:50,404] {local_task_job.py:156} INFO - Task exited with return code 0
[2023-04-18 06:13:50,762] {local_task_job.py:273} INFO - 1 downstream tasks scheduled from follow-on schedule check
