[2023-04-23 07:53:42,901] {taskinstance.py:1159} INFO - Dependencies all met for <TaskInstance: multi_defence_dag.to_defence3 manual__2023-04-23T07:53:23.573684+00:00 [queued]>
[2023-04-23 07:53:42,967] {taskinstance.py:1159} INFO - Dependencies all met for <TaskInstance: multi_defence_dag.to_defence3 manual__2023-04-23T07:53:23.573684+00:00 [queued]>
[2023-04-23 07:53:42,967] {taskinstance.py:1356} INFO - 
--------------------------------------------------------------------------------
[2023-04-23 07:53:42,968] {taskinstance.py:1357} INFO - Starting attempt 1 of 2
[2023-04-23 07:53:42,969] {taskinstance.py:1358} INFO - 
--------------------------------------------------------------------------------
[2023-04-23 07:53:43,043] {taskinstance.py:1377} INFO - Executing <Task(BranchPythonOperator): to_defence3> on 2023-04-23 07:53:23.573684+00:00
[2023-04-23 07:53:43,067] {standard_task_runner.py:52} INFO - Started process 370 to run task
[2023-04-23 07:53:43,066] {standard_task_runner.py:79} INFO - Running: ['***', 'tasks', 'run', 'multi_defence_dag', 'to_defence3', 'manual__2023-04-23T07:53:23.573684+00:00', '--job-id', '5879', '--raw', '--subdir', 'DAGS_FOLDER/defence_dag.py', '--cfg-path', '/tmp/tmpk4q5sj8k', '--error-file', '/tmp/tmp9laa8xeh']
[2023-04-23 07:53:43,084] {standard_task_runner.py:80} INFO - Job 5879: Subtask to_defence3
[2023-04-23 07:53:43,300] {task_command.py:369} INFO - Running <TaskInstance: multi_defence_dag.to_defence3 manual__2023-04-23T07:53:23.573684+00:00 [running]> on host a3dd7d962104
[2023-04-23 07:53:43,670] {taskinstance.py:1571} INFO - Exporting the following env vars:
AIRFLOW_CTX_DAG_OWNER=***
AIRFLOW_CTX_DAG_ID=multi_defence_dag
AIRFLOW_CTX_TASK_ID=to_defence3
AIRFLOW_CTX_EXECUTION_DATE=2023-04-23T07:53:23.573684+00:00
AIRFLOW_CTX_TRY_NUMBER=1
AIRFLOW_CTX_DAG_RUN_ID=manual__2023-04-23T07:53:23.573684+00:00
[2023-04-23 07:53:43,716] {python.py:173} INFO - Done. Returned value was: Defence3
[2023-04-23 07:53:43,717] {skipmixin.py:140} INFO - Following branch Defence3
[2023-04-23 07:53:43,718] {skipmixin.py:175} INFO - Skipping tasks ['default']
[2023-04-23 07:53:43,873] {taskinstance.py:1400} INFO - Marking task as SUCCESS. dag_id=multi_defence_dag, task_id=to_defence3, execution_date=20230423T075323, start_date=20230423T075342, end_date=20230423T075343
[2023-04-23 07:53:43,927] {local_task_job.py:156} INFO - Task exited with return code 0
[2023-04-23 07:53:44,152] {local_task_job.py:273} INFO - 1 downstream tasks scheduled from follow-on schedule check
