[2023-04-09 07:22:16,885] {taskinstance.py:1159} INFO - Dependencies all met for <TaskInstance: multi_attack_dag.attack_BasicIterativeMethod manual__2023-04-09T07:15:36.702324+00:00 [queued]>
[2023-04-09 07:22:16,896] {taskinstance.py:1159} INFO - Dependencies all met for <TaskInstance: multi_attack_dag.attack_BasicIterativeMethod manual__2023-04-09T07:15:36.702324+00:00 [queued]>
[2023-04-09 07:22:16,897] {taskinstance.py:1356} INFO - 
--------------------------------------------------------------------------------
[2023-04-09 07:22:16,897] {taskinstance.py:1357} INFO - Starting attempt 2 of 2
[2023-04-09 07:22:16,898] {taskinstance.py:1358} INFO - 
--------------------------------------------------------------------------------
[2023-04-09 07:22:16,908] {taskinstance.py:1377} INFO - Executing <Task(PythonOperator): attack_BasicIterativeMethod> on 2023-04-09 07:15:36.702324+00:00
[2023-04-09 07:22:16,915] {standard_task_runner.py:52} INFO - Started process 1357 to run task
[2023-04-09 07:22:16,917] {standard_task_runner.py:79} INFO - Running: ['***', 'tasks', 'run', 'multi_attack_dag', 'attack_BasicIterativeMethod', 'manual__2023-04-09T07:15:36.702324+00:00', '--job-id', '4739', '--raw', '--subdir', 'DAGS_FOLDER/attack_dag.py', '--cfg-path', '/tmp/tmpnuyipgen', '--error-file', '/tmp/tmpphcbdktz']
[2023-04-09 07:22:16,918] {standard_task_runner.py:80} INFO - Job 4739: Subtask attack_BasicIterativeMethod
[2023-04-09 07:22:16,961] {task_command.py:369} INFO - Running <TaskInstance: multi_attack_dag.attack_BasicIterativeMethod manual__2023-04-09T07:15:36.702324+00:00 [running]> on host ff3d40af78f9
[2023-04-09 07:22:17,095] {taskinstance.py:1571} INFO - Exporting the following env vars:
AIRFLOW_CTX_DAG_OWNER=***
AIRFLOW_CTX_DAG_ID=multi_attack_dag
AIRFLOW_CTX_TASK_ID=attack_BasicIterativeMethod
AIRFLOW_CTX_EXECUTION_DATE=2023-04-09T07:15:36.702324+00:00
AIRFLOW_CTX_TRY_NUMBER=2
AIRFLOW_CTX_DAG_RUN_ID=manual__2023-04-09T07:15:36.702324+00:00
[2023-04-09 07:22:17,098] {transport.py:157} INFO - Attempting refresh to obtain initial access_token
[2023-04-09 07:22:17,101] {client.py:777} INFO - Refreshing access_token
[2023-04-09 07:22:17,947] {transport.py:157} INFO - Attempting refresh to obtain initial access_token
[2023-04-09 07:22:17,949] {client.py:777} INFO - Refreshing access_token
[2023-04-09 07:22:18,764] {transport.py:157} INFO - Attempting refresh to obtain initial access_token
[2023-04-09 07:22:18,766] {client.py:777} INFO - Refreshing access_token
[2023-04-09 07:22:19,463] {pytorch.py:1198} INFO - Inferred 5 hidden layers on PyTorch classifier.
[2023-04-09 07:22:19,477] {transport.py:157} INFO - Attempting refresh to obtain initial access_token
[2023-04-09 07:22:19,479] {client.py:777} INFO - Refreshing access_token
[2023-04-09 07:23:16,857] {projected_gradient_descent.py:199} INFO - Creating adversarial samples.
[2023-04-09 07:23:16,891] {logging_mixin.py:115} WARNING - PGD - Batches:   0%|          | 0/32 [00:00<?, ?it/s]
[2023-04-09 07:23:16,904] {logging_mixin.py:115} WARNING -                                                      
[2023-04-09 07:23:16,905] {taskinstance.py:1889} ERROR - Task failed with exception
Traceback (most recent call last):
  File "/home/airflow/.local/lib/python3.7/site-packages/airflow/operators/python.py", line 171, in execute
    return_value = self.execute_callable()
  File "/home/airflow/.local/lib/python3.7/site-packages/airflow/operators/python.py", line 189, in execute_callable
    return self.python_callable(*self.op_args, **self.op_kwargs)
  File "/opt/airflow/dags/attack_dag.py", line 122, in attack_BasicIterativeMethod
    model_acc = attack(BasicIterativeMethod)
  File "/opt/airflow/dags/attack_dag.py", line 138, in attack
    adversarial_examples = wrap_attack.generate(np.asarray(x_train))
  File "/home/airflow/.local/lib/python3.7/site-packages/art/attacks/evasion/projected_gradient_descent/projected_gradient_descent.py", line 200, in generate
    return self._attack.generate(x=x, y=y, **kwargs)
  File "/home/airflow/.local/lib/python3.7/site-packages/art/attacks/evasion/projected_gradient_descent/projected_gradient_descent_pytorch.py", line 219, in generate
    x=batch, targets=batch_labels, mask=mask_batch, eps=batch_eps, eps_step=batch_eps_step
  File "/home/airflow/.local/lib/python3.7/site-packages/art/attacks/evasion/projected_gradient_descent/projected_gradient_descent_pytorch.py", line 280, in _generate_batch
    adv_x, inputs, targets, mask, eps, eps_step, self.num_random_init > 0 and i_max_iter == 0, momentum
  File "/home/airflow/.local/lib/python3.7/site-packages/art/attacks/evasion/projected_gradient_descent/projected_gradient_descent_pytorch.py", line 435, in _compute_pytorch
    perturbation = self._compute_perturbation_pytorch(x_adv, y, mask, momentum)
  File "/home/airflow/.local/lib/python3.7/site-packages/art/attacks/evasion/projected_gradient_descent/projected_gradient_descent_pytorch.py", line 307, in _compute_perturbation_pytorch
    grad = self.estimator.loss_gradient(x=x, y=y) * (1 - 2 * int(self.targeted))
  File "/home/airflow/.local/lib/python3.7/site-packages/art/estimators/classification/pytorch.py", line 843, in loss_gradient
    loss = self._loss(model_outputs[-1], labels_t)
  File "/home/airflow/.local/lib/python3.7/site-packages/torch/nn/modules/loss.py", line 98, in __init__
    super(L1Loss, self).__init__(size_average, reduce, reduction)
  File "/home/airflow/.local/lib/python3.7/site-packages/torch/nn/modules/loss.py", line 23, in __init__
    self.reduction: str = _Reduction.legacy_get_string(size_average, reduce)
  File "/home/airflow/.local/lib/python3.7/site-packages/torch/nn/_reduction.py", line 35, in legacy_get_string
    if size_average and reduce:
RuntimeError: Boolean value of Tensor with more than one value is ambiguous
[2023-04-09 07:23:16,927] {taskinstance.py:1400} INFO - Marking task as FAILED. dag_id=multi_attack_dag, task_id=attack_BasicIterativeMethod, execution_date=20230409T071536, start_date=20230409T072216, end_date=20230409T072316
[2023-04-09 07:23:16,946] {standard_task_runner.py:97} ERROR - Failed to execute job 4739 for task attack_BasicIterativeMethod (Boolean value of Tensor with more than one value is ambiguous; 1357)
[2023-04-09 07:23:17,026] {local_task_job.py:156} INFO - Task exited with return code 1
[2023-04-09 07:23:17,107] {local_task_job.py:273} INFO - 0 downstream tasks scheduled from follow-on schedule check
