[2023-03-27 12:46:57,859] {taskinstance.py:1159} INFO - Dependencies all met for <TaskInstance: multi_defence_dag.to_defence3 manual__2023-03-27T12:44:05.561400+00:00 [queued]>
[2023-03-27 12:46:57,881] {taskinstance.py:1159} INFO - Dependencies all met for <TaskInstance: multi_defence_dag.to_defence3 manual__2023-03-27T12:44:05.561400+00:00 [queued]>
[2023-03-27 12:46:57,882] {taskinstance.py:1356} INFO - 
--------------------------------------------------------------------------------
[2023-03-27 12:46:57,883] {taskinstance.py:1357} INFO - Starting attempt 1 of 2
[2023-03-27 12:46:57,884] {taskinstance.py:1358} INFO - 
--------------------------------------------------------------------------------
[2023-03-27 12:46:57,922] {taskinstance.py:1377} INFO - Executing <Task(BranchPythonOperator): to_defence3> on 2023-03-27 12:44:05.561400+00:00
[2023-03-27 12:46:57,964] {standard_task_runner.py:52} INFO - Started process 428 to run task
[2023-03-27 12:46:57,971] {standard_task_runner.py:79} INFO - Running: ['***', 'tasks', 'run', 'multi_defence_dag', 'to_defence3', 'manual__2023-03-27T12:44:05.561400+00:00', '--job-id', '3892', '--raw', '--subdir', 'DAGS_FOLDER/defence_dag.py', '--cfg-path', '/tmp/tmp34ufca03', '--error-file', '/tmp/tmpfj5ojce6']
[2023-03-27 12:47:01,937] {standard_task_runner.py:80} INFO - Job 3892: Subtask to_defence3
[2023-03-27 12:47:42,478] {task_command.py:369} INFO - Running <TaskInstance: multi_defence_dag.to_defence3 manual__2023-03-27T12:44:05.561400+00:00 [running]> on host 9ccd24501083
[2023-03-27 12:47:42,811] {taskinstance.py:1571} INFO - Exporting the following env vars:
AIRFLOW_CTX_DAG_OWNER=***
AIRFLOW_CTX_DAG_ID=multi_defence_dag
AIRFLOW_CTX_TASK_ID=to_defence3
AIRFLOW_CTX_EXECUTION_DATE=2023-03-27T12:44:05.561400+00:00
AIRFLOW_CTX_TRY_NUMBER=1
AIRFLOW_CTX_DAG_RUN_ID=manual__2023-03-27T12:44:05.561400+00:00
[2023-03-27 12:47:42,835] {python.py:173} INFO - Done. Returned value was: Defence3
[2023-03-27 12:47:42,836] {skipmixin.py:140} INFO - Following branch Defence3
[2023-03-27 12:47:42,837] {skipmixin.py:175} INFO - Skipping tasks ['default']
[2023-03-27 12:47:57,276] {taskinstance.py:1400} INFO - Marking task as SUCCESS. dag_id=multi_defence_dag, task_id=to_defence3, execution_date=20230327T124405, start_date=20230327T124657, end_date=20230327T124757
[2023-03-27 12:48:01,007] {local_task_job.py:156} INFO - Task exited with return code 0
[2023-03-27 12:48:01,131] {local_task_job.py:273} INFO - 1 downstream tasks scheduled from follow-on schedule check
