[2023-03-28 12:16:02,400] {taskinstance.py:1159} INFO - Dependencies all met for <TaskInstance: defence_dag2.storing manual__2023-03-28T12:16:00.475072+00:00 [queued]>
[2023-03-28 12:16:02,412] {taskinstance.py:1159} INFO - Dependencies all met for <TaskInstance: defence_dag2.storing manual__2023-03-28T12:16:00.475072+00:00 [queued]>
[2023-03-28 12:16:02,414] {taskinstance.py:1356} INFO - 
--------------------------------------------------------------------------------
[2023-03-28 12:16:02,415] {taskinstance.py:1357} INFO - Starting attempt 1 of 1
[2023-03-28 12:16:02,416] {taskinstance.py:1358} INFO - 
--------------------------------------------------------------------------------
[2023-03-28 12:16:02,436] {taskinstance.py:1377} INFO - Executing <Task(BashOperator): storing> on 2023-03-28 12:16:00.475072+00:00
[2023-03-28 12:16:02,448] {standard_task_runner.py:52} INFO - Started process 2442 to run task
[2023-03-28 12:16:02,453] {standard_task_runner.py:79} INFO - Running: ['***', 'tasks', 'run', 'defence_dag2', 'storing', 'manual__2023-03-28T12:16:00.475072+00:00', '--job-id', '4571', '--raw', '--subdir', 'DAGS_FOLDER/defese.py', '--cfg-path', '/tmp/tmp_fto3f1v', '--error-file', '/tmp/tmp1hk4wbns']
[2023-03-28 12:16:02,455] {standard_task_runner.py:80} INFO - Job 4571: Subtask storing
[2023-03-28 12:16:02,547] {task_command.py:369} INFO - Running <TaskInstance: defence_dag2.storing manual__2023-03-28T12:16:00.475072+00:00 [running]> on host ff3d40af78f9
[2023-03-28 12:16:02,660] {taskinstance.py:1571} INFO - Exporting the following env vars:
AIRFLOW_CTX_DAG_OWNER=***
AIRFLOW_CTX_DAG_ID=defence_dag2
AIRFLOW_CTX_TASK_ID=storing
AIRFLOW_CTX_EXECUTION_DATE=2023-03-28T12:16:00.475072+00:00
AIRFLOW_CTX_TRY_NUMBER=1
AIRFLOW_CTX_DAG_RUN_ID=manual__2023-03-28T12:16:00.475072+00:00
[2023-03-28 12:16:02,662] {subprocess.py:62} INFO - Tmp dir root location: 
 /tmp
[2023-03-28 12:16:02,663] {subprocess.py:74} INFO - Running command: ['bash', '-c', 'sleep 1']
[2023-03-28 12:16:02,683] {subprocess.py:85} INFO - Output:
[2023-03-28 12:16:03,687] {subprocess.py:96} INFO - Command exited with return code 0
[2023-03-28 12:16:03,724] {taskinstance.py:1400} INFO - Marking task as SUCCESS. dag_id=defence_dag2, task_id=storing, execution_date=20230328T121600, start_date=20230328T121602, end_date=20230328T121603
[2023-03-28 12:16:03,791] {local_task_job.py:156} INFO - Task exited with return code 0
[2023-03-28 12:16:03,850] {local_task_job.py:273} INFO - 1 downstream tasks scheduled from follow-on schedule check
