[2023-03-16 11:29:47,882] {taskinstance.py:1159} INFO - Dependencies all met for <TaskInstance: defence_dag.trigger_offence manual__2023-03-16T11:29:41.502181+00:00 [queued]>
[2023-03-16 11:29:47,899] {taskinstance.py:1159} INFO - Dependencies all met for <TaskInstance: defence_dag.trigger_offence manual__2023-03-16T11:29:41.502181+00:00 [queued]>
[2023-03-16 11:29:47,899] {taskinstance.py:1356} INFO - 
--------------------------------------------------------------------------------
[2023-03-16 11:29:47,900] {taskinstance.py:1357} INFO - Starting attempt 1 of 1
[2023-03-16 11:29:47,901] {taskinstance.py:1358} INFO - 
--------------------------------------------------------------------------------
[2023-03-16 11:29:47,919] {taskinstance.py:1377} INFO - Executing <Task(TriggerDagRunOperator): trigger_offence> on 2023-03-16 11:29:41.502181+00:00
[2023-03-16 11:29:47,924] {standard_task_runner.py:52} INFO - Started process 248 to run task
[2023-03-16 11:29:47,928] {standard_task_runner.py:79} INFO - Running: ['***', 'tasks', 'run', 'defence_dag', 'trigger_offence', 'manual__2023-03-16T11:29:41.502181+00:00', '--job-id', '744', '--raw', '--subdir', 'DAGS_FOLDER/defese.py', '--cfg-path', '/tmp/tmpzx0q9spb', '--error-file', '/tmp/tmpsiecopu7']
[2023-03-16 11:29:47,929] {standard_task_runner.py:80} INFO - Job 744: Subtask trigger_offence
[2023-03-16 11:29:48,007] {task_command.py:369} INFO - Running <TaskInstance: defence_dag.trigger_offence manual__2023-03-16T11:29:41.502181+00:00 [running]> on host 596adcca7378
[2023-03-16 11:29:48,118] {taskinstance.py:1571} INFO - Exporting the following env vars:
AIRFLOW_CTX_DAG_OWNER=***
AIRFLOW_CTX_DAG_ID=defence_dag
AIRFLOW_CTX_TASK_ID=trigger_offence
AIRFLOW_CTX_EXECUTION_DATE=2023-03-16T11:29:41.502181+00:00
AIRFLOW_CTX_TRY_NUMBER=1
AIRFLOW_CTX_DAG_RUN_ID=manual__2023-03-16T11:29:41.502181+00:00
[2023-03-16 11:29:49,269] {taskinstance.py:1400} INFO - Marking task as SUCCESS. dag_id=defence_dag, task_id=trigger_offence, execution_date=20230316T112941, start_date=20230316T112947, end_date=20230316T112949
[2023-03-16 11:29:49,312] {local_task_job.py:156} INFO - Task exited with return code 0
[2023-03-16 11:29:49,352] {local_task_job.py:273} INFO - 0 downstream tasks scheduled from follow-on schedule check
