[2023-03-23 15:10:34,488] {taskinstance.py:1159} INFO - Dependencies all met for <TaskInstance: multi_attack_dag.choose_attack manual__2023-03-23T15:10:25.032388+00:00 [queued]>
[2023-03-23 15:10:34,585] {taskinstance.py:1159} INFO - Dependencies all met for <TaskInstance: multi_attack_dag.choose_attack manual__2023-03-23T15:10:25.032388+00:00 [queued]>
[2023-03-23 15:10:34,587] {taskinstance.py:1356} INFO - 
--------------------------------------------------------------------------------
[2023-03-23 15:10:34,590] {taskinstance.py:1357} INFO - Starting attempt 1 of 2
[2023-03-23 15:10:34,593] {taskinstance.py:1358} INFO - 
--------------------------------------------------------------------------------
[2023-03-23 15:10:34,733] {taskinstance.py:1377} INFO - Executing <Task(PythonOperator): choose_attack> on 2023-03-23 15:10:25.032388+00:00
[2023-03-23 15:10:34,760] {standard_task_runner.py:52} INFO - Started process 11426 to run task
[2023-03-23 15:10:34,790] {standard_task_runner.py:79} INFO - Running: ['***', 'tasks', 'run', 'multi_attack_dag', 'choose_attack', 'manual__2023-03-23T15:10:25.032388+00:00', '--job-id', '2824', '--raw', '--subdir', 'DAGS_FOLDER/attack_dag.py', '--cfg-path', '/tmp/tmp3d0gv_tm', '--error-file', '/tmp/tmpcnf8tbj8']
[2023-03-23 15:10:34,801] {standard_task_runner.py:80} INFO - Job 2824: Subtask choose_attack
[2023-03-23 15:10:36,028] {task_command.py:369} INFO - Running <TaskInstance: multi_attack_dag.choose_attack manual__2023-03-23T15:10:25.032388+00:00 [running]> on host 6447f1dacd32
[2023-03-23 15:10:37,489] {taskinstance.py:1571} INFO - Exporting the following env vars:
AIRFLOW_CTX_DAG_OWNER=***
AIRFLOW_CTX_DAG_ID=multi_attack_dag
AIRFLOW_CTX_TASK_ID=choose_attack
AIRFLOW_CTX_EXECUTION_DATE=2023-03-23T15:10:25.032388+00:00
AIRFLOW_CTX_TRY_NUMBER=1
AIRFLOW_CTX_DAG_RUN_ID=manual__2023-03-23T15:10:25.032388+00:00
[2023-03-23 15:10:37,909] {python.py:173} INFO - Done. Returned value was: None
[2023-03-23 15:10:38,064] {taskinstance.py:1400} INFO - Marking task as SUCCESS. dag_id=multi_attack_dag, task_id=choose_attack, execution_date=20230323T151025, start_date=20230323T151034, end_date=20230323T151038
[2023-03-23 15:10:38,265] {local_task_job.py:156} INFO - Task exited with return code 0
[2023-03-23 15:10:46,436] {local_task_job.py:273} INFO - 1 downstream tasks scheduled from follow-on schedule check
