[2023-04-09 08:52:31,647] {taskinstance.py:1159} INFO - Dependencies all met for <TaskInstance: multi_defence_dag.Defence2 manual__2023-04-09T08:52:14.995340+00:00 [queued]>
[2023-04-09 08:52:31,681] {taskinstance.py:1159} INFO - Dependencies all met for <TaskInstance: multi_defence_dag.Defence2 manual__2023-04-09T08:52:14.995340+00:00 [queued]>
[2023-04-09 08:52:31,681] {taskinstance.py:1356} INFO - 
--------------------------------------------------------------------------------
[2023-04-09 08:52:31,687] {taskinstance.py:1357} INFO - Starting attempt 1 of 2
[2023-04-09 08:52:31,687] {taskinstance.py:1358} INFO - 
--------------------------------------------------------------------------------
[2023-04-09 08:52:31,731] {taskinstance.py:1377} INFO - Executing <Task(PythonOperator): Defence2> on 2023-04-09 08:52:14.995340+00:00
[2023-04-09 08:52:31,747] {standard_task_runner.py:52} INFO - Started process 5457 to run task
[2023-04-09 08:52:31,755] {standard_task_runner.py:79} INFO - Running: ['***', 'tasks', 'run', 'multi_defence_dag', 'Defence2', 'manual__2023-04-09T08:52:14.995340+00:00', '--job-id', '4882', '--raw', '--subdir', 'DAGS_FOLDER/defence_dag.py', '--cfg-path', '/tmp/tmp07vfuz80', '--error-file', '/tmp/tmpz9xllk2x']
[2023-04-09 08:52:31,758] {standard_task_runner.py:80} INFO - Job 4882: Subtask Defence2
[2023-04-09 08:52:31,876] {task_command.py:369} INFO - Running <TaskInstance: multi_defence_dag.Defence2 manual__2023-04-09T08:52:14.995340+00:00 [running]> on host ff3d40af78f9
[2023-04-09 08:52:32,123] {taskinstance.py:1571} INFO - Exporting the following env vars:
AIRFLOW_CTX_DAG_OWNER=***
AIRFLOW_CTX_DAG_ID=multi_defence_dag
AIRFLOW_CTX_TASK_ID=Defence2
AIRFLOW_CTX_EXECUTION_DATE=2023-04-09T08:52:14.995340+00:00
AIRFLOW_CTX_TRY_NUMBER=1
AIRFLOW_CTX_DAG_RUN_ID=manual__2023-04-09T08:52:14.995340+00:00
[2023-04-09 08:52:32,156] {python.py:173} INFO - Done. Returned value was: None
[2023-04-09 08:52:32,188] {taskinstance.py:1400} INFO - Marking task as SUCCESS. dag_id=multi_defence_dag, task_id=Defence2, execution_date=20230409T085214, start_date=20230409T085231, end_date=20230409T085232
[2023-04-09 08:52:32,249] {local_task_job.py:156} INFO - Task exited with return code 0
[2023-04-09 08:52:32,369] {local_task_job.py:273} INFO - 0 downstream tasks scheduled from follow-on schedule check
