[2023-03-23 15:49:05,489] {taskinstance.py:1159} INFO - Dependencies all met for <TaskInstance: multi_defence_dag.choose_best manual__2023-03-23T15:48:47.419987+00:00 [queued]>
[2023-03-23 15:49:05,516] {taskinstance.py:1159} INFO - Dependencies all met for <TaskInstance: multi_defence_dag.choose_best manual__2023-03-23T15:48:47.419987+00:00 [queued]>
[2023-03-23 15:49:05,517] {taskinstance.py:1356} INFO - 
--------------------------------------------------------------------------------
[2023-03-23 15:49:05,519] {taskinstance.py:1357} INFO - Starting attempt 1 of 2
[2023-03-23 15:49:05,520] {taskinstance.py:1358} INFO - 
--------------------------------------------------------------------------------
[2023-03-23 15:49:05,558] {taskinstance.py:1377} INFO - Executing <Task(PythonOperator): choose_best> on 2023-03-23 15:48:47.419987+00:00
[2023-03-23 15:49:05,569] {standard_task_runner.py:52} INFO - Started process 13968 to run task
[2023-03-23 15:49:05,577] {standard_task_runner.py:79} INFO - Running: ['***', 'tasks', 'run', 'multi_defence_dag', 'choose_best', 'manual__2023-03-23T15:48:47.419987+00:00', '--job-id', '3584', '--raw', '--subdir', 'DAGS_FOLDER/defence_dag.py', '--cfg-path', '/tmp/tmpur3auzea', '--error-file', '/tmp/tmpxd_nu5m7']
[2023-03-23 15:49:05,580] {standard_task_runner.py:80} INFO - Job 3584: Subtask choose_best
[2023-03-23 15:49:05,713] {task_command.py:369} INFO - Running <TaskInstance: multi_defence_dag.choose_best manual__2023-03-23T15:48:47.419987+00:00 [running]> on host 6447f1dacd32
[2023-03-23 15:49:05,872] {taskinstance.py:1571} INFO - Exporting the following env vars:
AIRFLOW_CTX_DAG_OWNER=***
AIRFLOW_CTX_DAG_ID=multi_defence_dag
AIRFLOW_CTX_TASK_ID=choose_best
AIRFLOW_CTX_EXECUTION_DATE=2023-03-23T15:48:47.419987+00:00
AIRFLOW_CTX_TRY_NUMBER=1
AIRFLOW_CTX_DAG_RUN_ID=manual__2023-03-23T15:48:47.419987+00:00
[2023-03-23 15:49:05,976] {transport.py:157} INFO - Attempting refresh to obtain initial access_token
[2023-03-23 15:49:05,982] {client.py:777} INFO - Refreshing access_token
[2023-03-23 15:49:07,062] {transport.py:157} INFO - Attempting refresh to obtain initial access_token
[2023-03-23 15:49:07,065] {client.py:777} INFO - Refreshing access_token
[2023-03-23 15:49:07,725] {python.py:173} INFO - Done. Returned value was: None
[2023-03-23 15:49:07,755] {taskinstance.py:1400} INFO - Marking task as SUCCESS. dag_id=multi_defence_dag, task_id=choose_best, execution_date=20230323T154847, start_date=20230323T154905, end_date=20230323T154907
[2023-03-23 15:49:07,806] {local_task_job.py:156} INFO - Task exited with return code 0
[2023-03-23 15:49:07,872] {local_task_job.py:273} INFO - 1 downstream tasks scheduled from follow-on schedule check
