[2023-03-12 15:19:13,293] {taskinstance.py:1159} INFO - Dependencies all met for <TaskInstance: defence_dag.trigger_offence manual__2023-03-12T15:19:08.042572+00:00 [queued]>
[2023-03-12 15:19:13,320] {taskinstance.py:1159} INFO - Dependencies all met for <TaskInstance: defence_dag.trigger_offence manual__2023-03-12T15:19:08.042572+00:00 [queued]>
[2023-03-12 15:19:13,322] {taskinstance.py:1356} INFO - 
--------------------------------------------------------------------------------
[2023-03-12 15:19:13,323] {taskinstance.py:1357} INFO - Starting attempt 1 of 1
[2023-03-12 15:19:13,323] {taskinstance.py:1358} INFO - 
--------------------------------------------------------------------------------
[2023-03-12 15:19:13,359] {taskinstance.py:1377} INFO - Executing <Task(TriggerDagRunOperator): trigger_offence> on 2023-03-12 15:19:08.042572+00:00
[2023-03-12 15:19:13,367] {standard_task_runner.py:52} INFO - Started process 188 to run task
[2023-03-12 15:19:13,372] {standard_task_runner.py:79} INFO - Running: ['***', 'tasks', 'run', 'defence_dag', 'trigger_offence', 'manual__2023-03-12T15:19:08.042572+00:00', '--job-id', '461', '--raw', '--subdir', 'DAGS_FOLDER/defese.py', '--cfg-path', '/tmp/tmpuwva_pet', '--error-file', '/tmp/tmpxy4bon2h']
[2023-03-12 15:19:13,373] {standard_task_runner.py:80} INFO - Job 461: Subtask trigger_offence
[2023-03-12 15:19:13,477] {task_command.py:369} INFO - Running <TaskInstance: defence_dag.trigger_offence manual__2023-03-12T15:19:08.042572+00:00 [running]> on host 596adcca7378
[2023-03-12 15:19:13,585] {taskinstance.py:1571} INFO - Exporting the following env vars:
AIRFLOW_CTX_DAG_OWNER=***
AIRFLOW_CTX_DAG_ID=defence_dag
AIRFLOW_CTX_TASK_ID=trigger_offence
AIRFLOW_CTX_EXECUTION_DATE=2023-03-12T15:19:08.042572+00:00
AIRFLOW_CTX_TRY_NUMBER=1
AIRFLOW_CTX_DAG_RUN_ID=manual__2023-03-12T15:19:08.042572+00:00
[2023-03-12 15:19:14,635] {taskinstance.py:1400} INFO - Marking task as SUCCESS. dag_id=defence_dag, task_id=trigger_offence, execution_date=20230312T151908, start_date=20230312T151913, end_date=20230312T151914
[2023-03-12 15:19:14,675] {local_task_job.py:156} INFO - Task exited with return code 0
[2023-03-12 15:19:14,708] {local_task_job.py:273} INFO - 0 downstream tasks scheduled from follow-on schedule check
