[2023-03-19 12:43:01,605] {taskinstance.py:1159} INFO - Dependencies all met for <TaskInstance: attack_dag2.attack manual__2023-03-19T12:43:00.260844+00:00 [queued]>
[2023-03-19 12:43:01,613] {taskinstance.py:1159} INFO - Dependencies all met for <TaskInstance: attack_dag2.attack manual__2023-03-19T12:43:00.260844+00:00 [queued]>
[2023-03-19 12:43:01,613] {taskinstance.py:1356} INFO - 
--------------------------------------------------------------------------------
[2023-03-19 12:43:01,614] {taskinstance.py:1357} INFO - Starting attempt 1 of 1
[2023-03-19 12:43:01,614] {taskinstance.py:1358} INFO - 
--------------------------------------------------------------------------------
[2023-03-19 12:43:01,630] {taskinstance.py:1377} INFO - Executing <Task(PythonOperator): attack> on 2023-03-19 12:43:00.260844+00:00
[2023-03-19 12:43:01,635] {standard_task_runner.py:52} INFO - Started process 76 to run task
[2023-03-19 12:43:01,638] {standard_task_runner.py:79} INFO - Running: ['***', 'tasks', 'run', 'attack_dag2', 'attack', 'manual__2023-03-19T12:43:00.260844+00:00', '--job-id', '1722', '--raw', '--subdir', 'DAGS_FOLDER/attack.py', '--cfg-path', '/tmp/tmpq3sv4f6n', '--error-file', '/tmp/tmpwkoe0mf_']
[2023-03-19 12:43:01,639] {standard_task_runner.py:80} INFO - Job 1722: Subtask attack
[2023-03-19 12:43:01,696] {task_command.py:369} INFO - Running <TaskInstance: attack_dag2.attack manual__2023-03-19T12:43:00.260844+00:00 [running]> on host e8c10a6b6dce
[2023-03-19 12:43:01,784] {taskinstance.py:1571} INFO - Exporting the following env vars:
AIRFLOW_CTX_DAG_OWNER=***
AIRFLOW_CTX_DAG_ID=attack_dag2
AIRFLOW_CTX_TASK_ID=attack
AIRFLOW_CTX_EXECUTION_DATE=2023-03-19T12:43:00.260844+00:00
AIRFLOW_CTX_TRY_NUMBER=1
AIRFLOW_CTX_DAG_RUN_ID=manual__2023-03-19T12:43:00.260844+00:00
[2023-03-19 12:43:01,792] {transport.py:157} INFO - Attempting refresh to obtain initial access_token
[2023-03-19 12:43:01,795] {client.py:777} INFO - Refreshing access_token
[2023-03-19 12:43:02,816] {logging_mixin.py:115} INFO - Ran out of input
[2023-03-19 12:43:02,821] {transport.py:157} INFO - Attempting refresh to obtain initial access_token
[2023-03-19 12:43:02,822] {client.py:777} INFO - Refreshing access_token
[2023-03-19 12:43:03,574] {python.py:173} INFO - Done. Returned value was: None
[2023-03-19 12:43:03,585] {taskinstance.py:1400} INFO - Marking task as SUCCESS. dag_id=attack_dag2, task_id=attack, execution_date=20230319T124300, start_date=20230319T124301, end_date=20230319T124303
[2023-03-19 12:43:03,622] {local_task_job.py:156} INFO - Task exited with return code 0
[2023-03-19 12:43:03,652] {local_task_job.py:273} INFO - 1 downstream tasks scheduled from follow-on schedule check
