[2023-04-27 09:09:57,312] {taskinstance.py:1159} INFO - Dependencies all met for <TaskInstance: multi_attack_dag.attack_SpatialTransformation manual__2023-04-27T09:01:19.609297+00:00 [queued]>
[2023-04-27 09:09:57,413] {taskinstance.py:1159} INFO - Dependencies all met for <TaskInstance: multi_attack_dag.attack_SpatialTransformation manual__2023-04-27T09:01:19.609297+00:00 [queued]>
[2023-04-27 09:09:57,415] {taskinstance.py:1356} INFO - 
--------------------------------------------------------------------------------
[2023-04-27 09:09:57,418] {taskinstance.py:1357} INFO - Starting attempt 1 of 2
[2023-04-27 09:09:57,422] {taskinstance.py:1358} INFO - 
--------------------------------------------------------------------------------
[2023-04-27 09:09:57,512] {taskinstance.py:1377} INFO - Executing <Task(PythonOperator): attack_SpatialTransformation> on 2023-04-27 09:01:19.609297+00:00
[2023-04-27 09:09:57,735] {standard_task_runner.py:52} INFO - Started process 2883 to run task
[2023-04-27 09:09:57,795] {standard_task_runner.py:79} INFO - Running: ['***', 'tasks', 'run', 'multi_attack_dag', 'attack_SpatialTransformation', 'manual__2023-04-27T09:01:19.609297+00:00', '--job-id', '6475', '--raw', '--subdir', 'DAGS_FOLDER/attack_dag.py', '--cfg-path', '/tmp/tmpwlg_3ndk', '--error-file', '/tmp/tmpezwkiqx7']
[2023-04-27 09:09:57,826] {standard_task_runner.py:80} INFO - Job 6475: Subtask attack_SpatialTransformation
[2023-04-27 09:09:58,213] {task_command.py:369} INFO - Running <TaskInstance: multi_attack_dag.attack_SpatialTransformation manual__2023-04-27T09:01:19.609297+00:00 [running]> on host e7e31d5a6603
[2023-04-27 09:09:59,018] {taskinstance.py:1571} INFO - Exporting the following env vars:
AIRFLOW_CTX_DAG_OWNER=***
AIRFLOW_CTX_DAG_ID=multi_attack_dag
AIRFLOW_CTX_TASK_ID=attack_SpatialTransformation
AIRFLOW_CTX_EXECUTION_DATE=2023-04-27T09:01:19.609297+00:00
AIRFLOW_CTX_TRY_NUMBER=1
AIRFLOW_CTX_DAG_RUN_ID=manual__2023-04-27T09:01:19.609297+00:00
[2023-04-27 09:09:59,042] {transport.py:157} INFO - Attempting refresh to obtain initial access_token
[2023-04-27 09:09:59,048] {client.py:777} INFO - Refreshing access_token
[2023-04-27 09:09:59,813] {transport.py:157} INFO - Attempting refresh to obtain initial access_token
[2023-04-27 09:09:59,816] {client.py:777} INFO - Refreshing access_token
[2023-04-27 09:10:15,127] {pytorch.py:1198} INFO - Inferred 5 hidden layers on PyTorch classifier.
[2023-04-27 09:13:09,922] {attack_dag.py:642} INFO - Optimizing...
[2023-04-27 09:13:09,923] {logging_mixin.py:115} INFO - I am right here on <class 'art.attacks.evasion.spatial_transformation.SpatialTransformation'>
[2023-04-27 09:13:09,923] {taskinstance.py:1889} ERROR - Task failed with exception
Traceback (most recent call last):
  File "/home/airflow/.local/lib/python3.7/site-packages/airflow/operators/python.py", line 171, in execute
    return_value = self.execute_callable()
  File "/home/airflow/.local/lib/python3.7/site-packages/airflow/operators/python.py", line 189, in execute_callable
    return self.python_callable(*self.op_args, **self.op_kwargs)
  File "/opt/airflow/dags/attack_dag.py", line 509, in attack_SpatialTransformation
    model_acc, adversarial_examples  = attack(SpatialTransformation)
  File "/opt/airflow/dags/attack_dag.py", line 643, in attack
    optimized_attack = optimize_evasion_attack(attack_obj,estimator,x_test,y_test)
  File "/opt/airflow/dags/attack_dag.py", line 616, in optimize_evasion_attack
    search_space = [v for k, v in attack_parameter_range[attack.__name__].items()]
KeyError: 'SpatialTransformation'
[2023-04-27 09:13:09,945] {taskinstance.py:1400} INFO - Marking task as UP_FOR_RETRY. dag_id=multi_attack_dag, task_id=attack_SpatialTransformation, execution_date=20230427T090119, start_date=20230427T090957, end_date=20230427T091309
[2023-04-27 09:13:09,984] {standard_task_runner.py:97} ERROR - Failed to execute job 6475 for task attack_SpatialTransformation ('SpatialTransformation'; 2883)
[2023-04-27 09:13:10,187] {local_task_job.py:156} INFO - Task exited with return code 1
[2023-04-27 09:13:10,331] {local_task_job.py:273} INFO - 0 downstream tasks scheduled from follow-on schedule check
