[2023-03-23 15:52:09,477] {taskinstance.py:1159} INFO - Dependencies all met for <TaskInstance: multi_defence_dag.Defence2 manual__2023-03-23T15:51:46.878965+00:00 [queued]>
[2023-03-23 15:52:09,518] {taskinstance.py:1159} INFO - Dependencies all met for <TaskInstance: multi_defence_dag.Defence2 manual__2023-03-23T15:51:46.878965+00:00 [queued]>
[2023-03-23 15:52:09,520] {taskinstance.py:1356} INFO - 
--------------------------------------------------------------------------------
[2023-03-23 15:52:09,523] {taskinstance.py:1357} INFO - Starting attempt 1 of 2
[2023-03-23 15:52:09,524] {taskinstance.py:1358} INFO - 
--------------------------------------------------------------------------------
[2023-03-23 15:52:09,579] {taskinstance.py:1377} INFO - Executing <Task(PythonOperator): Defence2> on 2023-03-23 15:51:46.878965+00:00
[2023-03-23 15:52:09,598] {standard_task_runner.py:52} INFO - Started process 14174 to run task
[2023-03-23 15:52:09,616] {standard_task_runner.py:79} INFO - Running: ['***', 'tasks', 'run', 'multi_defence_dag', 'Defence2', 'manual__2023-03-23T15:51:46.878965+00:00', '--job-id', '3638', '--raw', '--subdir', 'DAGS_FOLDER/defence_dag.py', '--cfg-path', '/tmp/tmp4n6_it3q', '--error-file', '/tmp/tmpzetzoadk']
[2023-03-23 15:52:09,622] {standard_task_runner.py:80} INFO - Job 3638: Subtask Defence2
[2023-03-23 15:52:09,993] {task_command.py:369} INFO - Running <TaskInstance: multi_defence_dag.Defence2 manual__2023-03-23T15:51:46.878965+00:00 [running]> on host 6447f1dacd32
[2023-03-23 15:52:10,470] {taskinstance.py:1571} INFO - Exporting the following env vars:
AIRFLOW_CTX_DAG_OWNER=***
AIRFLOW_CTX_DAG_ID=multi_defence_dag
AIRFLOW_CTX_TASK_ID=Defence2
AIRFLOW_CTX_EXECUTION_DATE=2023-03-23T15:51:46.878965+00:00
AIRFLOW_CTX_TRY_NUMBER=1
AIRFLOW_CTX_DAG_RUN_ID=manual__2023-03-23T15:51:46.878965+00:00
[2023-03-23 15:52:10,546] {python.py:173} INFO - Done. Returned value was: None
[2023-03-23 15:52:10,640] {taskinstance.py:1400} INFO - Marking task as SUCCESS. dag_id=multi_defence_dag, task_id=Defence2, execution_date=20230323T155146, start_date=20230323T155209, end_date=20230323T155210
[2023-03-23 15:52:10,731] {local_task_job.py:156} INFO - Task exited with return code 0
[2023-03-23 15:52:11,114] {local_task_job.py:273} INFO - 0 downstream tasks scheduled from follow-on schedule check
