[2023-03-19 09:47:29,421] {taskinstance.py:1159} INFO - Dependencies all met for <TaskInstance: xcom_dag.to_attack3 manual__2023-03-19T09:47:26.619199+00:00 [queued]>
[2023-03-19 09:47:29,442] {taskinstance.py:1159} INFO - Dependencies all met for <TaskInstance: xcom_dag.to_attack3 manual__2023-03-19T09:47:26.619199+00:00 [queued]>
[2023-03-19 09:47:29,443] {taskinstance.py:1356} INFO - 
--------------------------------------------------------------------------------
[2023-03-19 09:47:29,444] {taskinstance.py:1357} INFO - Starting attempt 1 of 2
[2023-03-19 09:47:29,445] {taskinstance.py:1358} INFO - 
--------------------------------------------------------------------------------
[2023-03-19 09:47:29,465] {taskinstance.py:1377} INFO - Executing <Task(BranchPythonOperator): to_attack3> on 2023-03-19 09:47:26.619199+00:00
[2023-03-19 09:47:29,472] {standard_task_runner.py:52} INFO - Started process 414 to run task
[2023-03-19 09:47:29,477] {standard_task_runner.py:79} INFO - Running: ['***', 'tasks', 'run', 'xcom_dag', 'to_attack3', 'manual__2023-03-19T09:47:26.619199+00:00', '--job-id', '1535', '--raw', '--subdir', 'DAGS_FOLDER/dynamic_dag.py', '--cfg-path', '/tmp/tmppwa3r6n_', '--error-file', '/tmp/tmpgrv0pzgd']
[2023-03-19 09:47:29,479] {standard_task_runner.py:80} INFO - Job 1535: Subtask to_attack3
[2023-03-19 09:47:29,571] {task_command.py:369} INFO - Running <TaskInstance: xcom_dag.to_attack3 manual__2023-03-19T09:47:26.619199+00:00 [running]> on host cff84a72f41c
[2023-03-19 09:47:29,684] {taskinstance.py:1571} INFO - Exporting the following env vars:
AIRFLOW_CTX_DAG_OWNER=***
AIRFLOW_CTX_DAG_ID=xcom_dag
AIRFLOW_CTX_TASK_ID=to_attack3
AIRFLOW_CTX_EXECUTION_DATE=2023-03-19T09:47:26.619199+00:00
AIRFLOW_CTX_TRY_NUMBER=1
AIRFLOW_CTX_DAG_RUN_ID=manual__2023-03-19T09:47:26.619199+00:00
[2023-03-19 09:47:29,703] {python.py:173} INFO - Done. Returned value was: attack3
[2023-03-19 09:47:29,704] {skipmixin.py:140} INFO - Following branch attack3
[2023-03-19 09:47:29,705] {skipmixin.py:175} INFO - Skipping tasks ['default']
[2023-03-19 09:47:29,777] {taskinstance.py:1400} INFO - Marking task as SUCCESS. dag_id=xcom_dag, task_id=to_attack3, execution_date=20230319T094726, start_date=20230319T094729, end_date=20230319T094729
[2023-03-19 09:47:29,814] {local_task_job.py:156} INFO - Task exited with return code 0
[2023-03-19 09:47:29,881] {local_task_job.py:273} INFO - 1 downstream tasks scheduled from follow-on schedule check
