[2023-04-18 10:16:56,210] {taskinstance.py:1159} INFO - Dependencies all met for <TaskInstance: multi_attack_dag.choose_attack manual__2023-04-18T10:16:52.131317+00:00 [queued]>
[2023-04-18 10:16:56,228] {taskinstance.py:1159} INFO - Dependencies all met for <TaskInstance: multi_attack_dag.choose_attack manual__2023-04-18T10:16:52.131317+00:00 [queued]>
[2023-04-18 10:16:56,229] {taskinstance.py:1356} INFO - 
--------------------------------------------------------------------------------
[2023-04-18 10:16:56,230] {taskinstance.py:1357} INFO - Starting attempt 1 of 2
[2023-04-18 10:16:56,230] {taskinstance.py:1358} INFO - 
--------------------------------------------------------------------------------
[2023-04-18 10:16:56,255] {taskinstance.py:1377} INFO - Executing <Task(PythonOperator): choose_attack> on 2023-04-18 10:16:52.131317+00:00
[2023-04-18 10:16:56,267] {standard_task_runner.py:52} INFO - Started process 804 to run task
[2023-04-18 10:16:56,274] {standard_task_runner.py:79} INFO - Running: ['***', 'tasks', 'run', 'multi_attack_dag', 'choose_attack', 'manual__2023-04-18T10:16:52.131317+00:00', '--job-id', '5639', '--raw', '--subdir', 'DAGS_FOLDER/attack_dag.py', '--cfg-path', '/tmp/tmperd5g3ss', '--error-file', '/tmp/tmpun2wg9up']
[2023-04-18 10:16:56,277] {standard_task_runner.py:80} INFO - Job 5639: Subtask choose_attack
[2023-04-18 10:16:56,404] {task_command.py:369} INFO - Running <TaskInstance: multi_attack_dag.choose_attack manual__2023-04-18T10:16:52.131317+00:00 [running]> on host a3dd7d962104
[2023-04-18 10:16:56,539] {taskinstance.py:1571} INFO - Exporting the following env vars:
AIRFLOW_CTX_DAG_OWNER=***
AIRFLOW_CTX_DAG_ID=multi_attack_dag
AIRFLOW_CTX_TASK_ID=choose_attack
AIRFLOW_CTX_EXECUTION_DATE=2023-04-18T10:16:52.131317+00:00
AIRFLOW_CTX_TRY_NUMBER=1
AIRFLOW_CTX_DAG_RUN_ID=manual__2023-04-18T10:16:52.131317+00:00
[2023-04-18 10:16:56,545] {transport.py:157} INFO - Attempting refresh to obtain initial access_token
[2023-04-18 10:16:56,550] {client.py:777} INFO - Refreshing access_token
[2023-04-18 10:16:57,383] {taskinstance.py:1889} ERROR - Task failed with exception
Traceback (most recent call last):
  File "/home/airflow/.local/lib/python3.7/site-packages/airflow/operators/python.py", line 171, in execute
    return_value = self.execute_callable()
  File "/home/airflow/.local/lib/python3.7/site-packages/airflow/operators/python.py", line 189, in execute_callable
    return self.python_callable(*self.op_args, **self.op_kwargs)
  File "/opt/airflow/dags/attack_dag.py", line 88, in pars_json
    model = load_from_bucket("ML_model.pickle")
  File "/opt/airflow/dags/helpers.py", line 120, in load_from_bucket
    raise err
  File "/opt/airflow/dags/helpers.py", line 117, in load_from_bucket
    loaded_obj = cloudpickle.load(f)
AttributeError: Can't get attribute 'NeuralNetworkClassificationModel' on <module '__main__' from '/home/***/.local/bin/***'>
[2023-04-18 10:16:57,395] {taskinstance.py:1400} INFO - Marking task as UP_FOR_RETRY. dag_id=multi_attack_dag, task_id=choose_attack, execution_date=20230418T101652, start_date=20230418T101656, end_date=20230418T101657
[2023-04-18 10:16:57,411] {standard_task_runner.py:97} ERROR - Failed to execute job 5639 for task choose_attack (Can't get attribute 'NeuralNetworkClassificationModel' on <module '__main__' from '/home/***/.local/bin/***'>; 804)
[2023-04-18 10:16:57,452] {local_task_job.py:156} INFO - Task exited with return code 1
[2023-04-18 10:16:57,492] {local_task_job.py:273} INFO - 0 downstream tasks scheduled from follow-on schedule check
