[2023-03-27 12:50:33,429] {taskinstance.py:1159} INFO - Dependencies all met for <TaskInstance: multi_defence_dag.to_defend manual__2023-03-27T12:44:05.561400+00:00 [queued]>
[2023-03-27 12:50:33,445] {taskinstance.py:1159} INFO - Dependencies all met for <TaskInstance: multi_defence_dag.to_defend manual__2023-03-27T12:44:05.561400+00:00 [queued]>
[2023-03-27 12:50:33,445] {taskinstance.py:1356} INFO - 
--------------------------------------------------------------------------------
[2023-03-27 12:50:33,446] {taskinstance.py:1357} INFO - Starting attempt 1 of 2
[2023-03-27 12:50:33,447] {taskinstance.py:1358} INFO - 
--------------------------------------------------------------------------------
[2023-03-27 12:50:33,466] {taskinstance.py:1377} INFO - Executing <Task(BranchPythonOperator): to_defend> on 2023-03-27 12:44:05.561400+00:00
[2023-03-27 12:50:36,942] {standard_task_runner.py:52} INFO - Started process 491 to run task
[2023-03-27 12:50:38,307] {standard_task_runner.py:79} INFO - Running: ['***', 'tasks', 'run', 'multi_defence_dag', 'to_defend', 'manual__2023-03-27T12:44:05.561400+00:00', '--job-id', '3898', '--raw', '--subdir', 'DAGS_FOLDER/defence_dag.py', '--cfg-path', '/tmp/tmppjyocsed', '--error-file', '/tmp/tmpyan3_8rm']
[2023-03-27 12:50:53,774] {standard_task_runner.py:80} INFO - Job 3898: Subtask to_defend
[2023-03-27 12:51:03,833] {task_command.py:369} INFO - Running <TaskInstance: multi_defence_dag.to_defend manual__2023-03-27T12:44:05.561400+00:00 [running]> on host 9ccd24501083
[2023-03-27 12:51:06,193] {taskinstance.py:1571} INFO - Exporting the following env vars:
AIRFLOW_CTX_DAG_OWNER=***
AIRFLOW_CTX_DAG_ID=multi_defence_dag
AIRFLOW_CTX_TASK_ID=to_defend
AIRFLOW_CTX_EXECUTION_DATE=2023-03-27T12:44:05.561400+00:00
AIRFLOW_CTX_TRY_NUMBER=1
AIRFLOW_CTX_DAG_RUN_ID=manual__2023-03-27T12:44:05.561400+00:00
[2023-03-27 12:51:06,202] {transport.py:157} INFO - Attempting refresh to obtain initial access_token
[2023-03-27 12:51:06,216] {client.py:777} INFO - Refreshing access_token
[2023-03-27 12:51:07,314] {python.py:173} INFO - Done. Returned value was: stop
[2023-03-27 12:51:07,315] {skipmixin.py:140} INFO - Following branch stop
[2023-03-27 12:51:07,317] {skipmixin.py:175} INFO - Skipping tasks ['trigger_offence']
[2023-03-27 12:51:07,424] {taskinstance.py:1400} INFO - Marking task as SUCCESS. dag_id=multi_defence_dag, task_id=to_defend, execution_date=20230327T124405, start_date=20230327T125033, end_date=20230327T125107
[2023-03-27 12:51:07,471] {local_task_job.py:156} INFO - Task exited with return code 0
[2023-03-27 12:51:07,561] {local_task_job.py:273} INFO - 1 downstream tasks scheduled from follow-on schedule check
