[2023-04-27 12:21:27,689] {taskinstance.py:1159} INFO - Dependencies all met for <TaskInstance: multi_attack_dag.attack_BasicIterativeMethod manual__2023-04-27T12:06:56.081840+00:00 [queued]>
[2023-04-27 12:21:27,721] {taskinstance.py:1159} INFO - Dependencies all met for <TaskInstance: multi_attack_dag.attack_BasicIterativeMethod manual__2023-04-27T12:06:56.081840+00:00 [queued]>
[2023-04-27 12:21:27,721] {taskinstance.py:1356} INFO - 
--------------------------------------------------------------------------------
[2023-04-27 12:21:27,727] {taskinstance.py:1357} INFO - Starting attempt 2 of 2
[2023-04-27 12:21:27,727] {taskinstance.py:1358} INFO - 
--------------------------------------------------------------------------------
[2023-04-27 12:21:27,752] {taskinstance.py:1377} INFO - Executing <Task(PythonOperator): attack_BasicIterativeMethod> on 2023-04-27 12:06:56.081840+00:00
[2023-04-27 12:21:27,771] {standard_task_runner.py:52} INFO - Started process 3708 to run task
[2023-04-27 12:21:27,777] {standard_task_runner.py:79} INFO - Running: ['***', 'tasks', 'run', 'multi_attack_dag', 'attack_BasicIterativeMethod', 'manual__2023-04-27T12:06:56.081840+00:00', '--job-id', '6816', '--raw', '--subdir', 'DAGS_FOLDER/attack_dag.py', '--cfg-path', '/tmp/tmpb6qe1yz0', '--error-file', '/tmp/tmpo2xxr_lg']
[2023-04-27 12:21:27,779] {standard_task_runner.py:80} INFO - Job 6816: Subtask attack_BasicIterativeMethod
[2023-04-27 12:21:27,906] {task_command.py:369} INFO - Running <TaskInstance: multi_attack_dag.attack_BasicIterativeMethod manual__2023-04-27T12:06:56.081840+00:00 [running]> on host e7e31d5a6603
[2023-04-27 12:21:28,104] {taskinstance.py:1571} INFO - Exporting the following env vars:
AIRFLOW_CTX_DAG_OWNER=***
AIRFLOW_CTX_DAG_ID=multi_attack_dag
AIRFLOW_CTX_TASK_ID=attack_BasicIterativeMethod
AIRFLOW_CTX_EXECUTION_DATE=2023-04-27T12:06:56.081840+00:00
AIRFLOW_CTX_TRY_NUMBER=2
AIRFLOW_CTX_DAG_RUN_ID=manual__2023-04-27T12:06:56.081840+00:00
[2023-04-27 12:21:28,137] {transport.py:157} INFO - Attempting refresh to obtain initial access_token
[2023-04-27 12:21:28,145] {client.py:777} INFO - Refreshing access_token
[2023-04-27 12:21:28,929] {transport.py:157} INFO - Attempting refresh to obtain initial access_token
[2023-04-27 12:21:28,933] {client.py:777} INFO - Refreshing access_token
[2023-04-27 12:21:35,485] {pytorch.py:1198} INFO - Inferred 5 hidden layers on PyTorch classifier.
[2023-04-27 12:21:37,763] {attack.py:33} INFO - Optimizing...
[2023-04-27 12:21:37,764] {logging_mixin.py:115} INFO - I am right here on <class 'art.attacks.evasion.iterative_method.BasicIterativeMethod'>
[2023-04-27 12:21:37,773] {logging_mixin.py:115} INFO - <function optimize_evasion_attack.<locals>.<lambda> at 0x7f6dc10524d0>
[2023-04-27 12:21:37,789] {logging_mixin.py:115} INFO - This is the attack : <class 'art.attacks.evasion.iterative_method.BasicIterativeMethod'> and its HP : {'eps': 0.6738418725705879, 'eps_step': 0.9042237726440115}
[2023-04-27 12:21:37,789] {attack.py:39} INFO - Optimizing failed! using default: 0.026718616485595703
[2023-04-27 12:21:37,840] {python.py:173} INFO - Done. Returned value was: None
[2023-04-27 12:21:37,867] {taskinstance.py:1400} INFO - Marking task as SUCCESS. dag_id=multi_attack_dag, task_id=attack_BasicIterativeMethod, execution_date=20230427T120656, start_date=20230427T122127, end_date=20230427T122137
[2023-04-27 12:21:37,971] {local_task_job.py:156} INFO - Task exited with return code 0
[2023-04-27 12:21:38,052] {local_task_job.py:273} INFO - 0 downstream tasks scheduled from follow-on schedule check
