[2023-04-23 07:54:22,289] {taskinstance.py:1159} INFO - Dependencies all met for <TaskInstance: multi_attack_dag.to_attack_BasicIterativeMethod manual__2023-04-23T07:54:04.705930+00:00 [queued]>
[2023-04-23 07:54:22,307] {taskinstance.py:1159} INFO - Dependencies all met for <TaskInstance: multi_attack_dag.to_attack_BasicIterativeMethod manual__2023-04-23T07:54:04.705930+00:00 [queued]>
[2023-04-23 07:54:22,308] {taskinstance.py:1356} INFO - 
--------------------------------------------------------------------------------
[2023-04-23 07:54:22,322] {taskinstance.py:1357} INFO - Starting attempt 1 of 2
[2023-04-23 07:54:22,323] {taskinstance.py:1358} INFO - 
--------------------------------------------------------------------------------
[2023-04-23 07:54:22,399] {taskinstance.py:1377} INFO - Executing <Task(BranchPythonOperator): to_attack_BasicIterativeMethod> on 2023-04-23 07:54:04.705930+00:00
[2023-04-23 07:54:22,460] {standard_task_runner.py:52} INFO - Started process 454 to run task
[2023-04-23 07:54:22,466] {standard_task_runner.py:79} INFO - Running: ['***', 'tasks', 'run', 'multi_attack_dag', 'to_attack_BasicIterativeMethod', 'manual__2023-04-23T07:54:04.705930+00:00', '--job-id', '5901', '--raw', '--subdir', 'DAGS_FOLDER/attack_dag.py', '--cfg-path', '/tmp/tmpdlj12vqj', '--error-file', '/tmp/tmpbvyh7a9b']
[2023-04-23 07:54:22,470] {standard_task_runner.py:80} INFO - Job 5901: Subtask to_attack_BasicIterativeMethod
[2023-04-23 07:54:22,698] {task_command.py:369} INFO - Running <TaskInstance: multi_attack_dag.to_attack_BasicIterativeMethod manual__2023-04-23T07:54:04.705930+00:00 [running]> on host a3dd7d962104
[2023-04-23 07:54:23,312] {taskinstance.py:1571} INFO - Exporting the following env vars:
AIRFLOW_CTX_DAG_OWNER=***
AIRFLOW_CTX_DAG_ID=multi_attack_dag
AIRFLOW_CTX_TASK_ID=to_attack_BasicIterativeMethod
AIRFLOW_CTX_EXECUTION_DATE=2023-04-23T07:54:04.705930+00:00
AIRFLOW_CTX_TRY_NUMBER=1
AIRFLOW_CTX_DAG_RUN_ID=manual__2023-04-23T07:54:04.705930+00:00
[2023-04-23 07:54:23,379] {python.py:173} INFO - Done. Returned value was: attack_BasicIterativeMethod
[2023-04-23 07:54:23,383] {skipmixin.py:140} INFO - Following branch attack_BasicIterativeMethod
[2023-04-23 07:54:23,384] {skipmixin.py:175} INFO - Skipping tasks ['default']
[2023-04-23 07:54:23,700] {taskinstance.py:1400} INFO - Marking task as SUCCESS. dag_id=multi_attack_dag, task_id=to_attack_BasicIterativeMethod, execution_date=20230423T075404, start_date=20230423T075422, end_date=20230423T075423
[2023-04-23 07:54:23,871] {local_task_job.py:156} INFO - Task exited with return code 0
[2023-04-23 07:54:24,108] {local_task_job.py:273} INFO - 1 downstream tasks scheduled from follow-on schedule check
