[2023-04-08 11:12:08,396] {taskinstance.py:1159} INFO - Dependencies all met for <TaskInstance: defence_dag2.storing scheduled__2023-04-07T00:00:00+00:00 [queued]>
[2023-04-08 11:12:08,409] {taskinstance.py:1159} INFO - Dependencies all met for <TaskInstance: defence_dag2.storing scheduled__2023-04-07T00:00:00+00:00 [queued]>
[2023-04-08 11:12:08,410] {taskinstance.py:1356} INFO - 
--------------------------------------------------------------------------------
[2023-04-08 11:12:08,410] {taskinstance.py:1357} INFO - Starting attempt 1 of 1
[2023-04-08 11:12:08,411] {taskinstance.py:1358} INFO - 
--------------------------------------------------------------------------------
[2023-04-08 11:12:08,426] {taskinstance.py:1377} INFO - Executing <Task(BashOperator): storing> on 2023-04-07 00:00:00+00:00
[2023-04-08 11:12:08,433] {standard_task_runner.py:52} INFO - Started process 1154 to run task
[2023-04-08 11:12:08,436] {standard_task_runner.py:79} INFO - Running: ['***', 'tasks', 'run', 'defence_dag2', 'storing', 'scheduled__2023-04-07T00:00:00+00:00', '--job-id', '4634', '--raw', '--subdir', 'DAGS_FOLDER/defese.py', '--cfg-path', '/tmp/tmpnlwjqte4', '--error-file', '/tmp/tmp7ltx4h8h']
[2023-04-08 11:12:08,437] {standard_task_runner.py:80} INFO - Job 4634: Subtask storing
[2023-04-08 11:12:08,493] {task_command.py:369} INFO - Running <TaskInstance: defence_dag2.storing scheduled__2023-04-07T00:00:00+00:00 [running]> on host ff3d40af78f9
[2023-04-08 11:12:08,577] {taskinstance.py:1571} INFO - Exporting the following env vars:
AIRFLOW_CTX_DAG_OWNER=***
AIRFLOW_CTX_DAG_ID=defence_dag2
AIRFLOW_CTX_TASK_ID=storing
AIRFLOW_CTX_EXECUTION_DATE=2023-04-07T00:00:00+00:00
AIRFLOW_CTX_TRY_NUMBER=1
AIRFLOW_CTX_DAG_RUN_ID=scheduled__2023-04-07T00:00:00+00:00
[2023-04-08 11:12:08,579] {subprocess.py:62} INFO - Tmp dir root location: 
 /tmp
[2023-04-08 11:12:08,579] {subprocess.py:74} INFO - Running command: ['bash', '-c', 'sleep 1']
[2023-04-08 11:12:08,593] {subprocess.py:85} INFO - Output:
[2023-04-08 11:12:09,598] {subprocess.py:96} INFO - Command exited with return code 0
[2023-04-08 11:12:09,640] {taskinstance.py:1400} INFO - Marking task as SUCCESS. dag_id=defence_dag2, task_id=storing, execution_date=20230407T000000, start_date=20230408T111208, end_date=20230408T111209
[2023-04-08 11:12:09,695] {local_task_job.py:156} INFO - Task exited with return code 0
[2023-04-08 11:12:09,747] {local_task_job.py:273} INFO - 0 downstream tasks scheduled from follow-on schedule check
