[2023-04-09 08:47:27,178] {taskinstance.py:1159} INFO - Dependencies all met for <TaskInstance: multi_attack_dag.choose_attack manual__2023-04-09T08:47:18.637735+00:00 [queued]>
[2023-04-09 08:47:27,247] {taskinstance.py:1159} INFO - Dependencies all met for <TaskInstance: multi_attack_dag.choose_attack manual__2023-04-09T08:47:18.637735+00:00 [queued]>
[2023-04-09 08:47:27,248] {taskinstance.py:1356} INFO - 
--------------------------------------------------------------------------------
[2023-04-09 08:47:27,249] {taskinstance.py:1357} INFO - Starting attempt 1 of 2
[2023-04-09 08:47:27,250] {taskinstance.py:1358} INFO - 
--------------------------------------------------------------------------------
[2023-04-09 08:47:27,302] {taskinstance.py:1377} INFO - Executing <Task(PythonOperator): choose_attack> on 2023-04-09 08:47:18.637735+00:00
[2023-04-09 08:47:27,367] {standard_task_runner.py:52} INFO - Started process 5114 to run task
[2023-04-09 08:47:27,381] {standard_task_runner.py:79} INFO - Running: ['***', 'tasks', 'run', 'multi_attack_dag', 'choose_attack', 'manual__2023-04-09T08:47:18.637735+00:00', '--job-id', '4839', '--raw', '--subdir', 'DAGS_FOLDER/attack_dag.py', '--cfg-path', '/tmp/tmpzpjt5eh_', '--error-file', '/tmp/tmpk4xg0ttl']
[2023-04-09 08:47:27,396] {standard_task_runner.py:80} INFO - Job 4839: Subtask choose_attack
[2023-04-09 08:47:27,568] {task_command.py:369} INFO - Running <TaskInstance: multi_attack_dag.choose_attack manual__2023-04-09T08:47:18.637735+00:00 [running]> on host ff3d40af78f9
[2023-04-09 08:47:27,969] {taskinstance.py:1571} INFO - Exporting the following env vars:
AIRFLOW_CTX_DAG_OWNER=***
AIRFLOW_CTX_DAG_ID=multi_attack_dag
AIRFLOW_CTX_TASK_ID=choose_attack
AIRFLOW_CTX_EXECUTION_DATE=2023-04-09T08:47:18.637735+00:00
AIRFLOW_CTX_TRY_NUMBER=1
AIRFLOW_CTX_DAG_RUN_ID=manual__2023-04-09T08:47:18.637735+00:00
[2023-04-09 08:47:28,123] {python.py:173} INFO - Done. Returned value was: None
[2023-04-09 08:47:28,316] {taskinstance.py:1400} INFO - Marking task as SUCCESS. dag_id=multi_attack_dag, task_id=choose_attack, execution_date=20230409T084718, start_date=20230409T084727, end_date=20230409T084728
[2023-04-09 08:47:28,494] {local_task_job.py:156} INFO - Task exited with return code 0
[2023-04-09 08:47:28,767] {local_task_job.py:273} INFO - 1 downstream tasks scheduled from follow-on schedule check
