[2023-03-19 12:43:08,908] {taskinstance.py:1159} INFO - Dependencies all met for <TaskInstance: defence_dag2.defence1 manual__2023-03-19T12:43:04.570427+00:00 [queued]>
[2023-03-19 12:43:08,915] {taskinstance.py:1159} INFO - Dependencies all met for <TaskInstance: defence_dag2.defence1 manual__2023-03-19T12:43:04.570427+00:00 [queued]>
[2023-03-19 12:43:08,916] {taskinstance.py:1356} INFO - 
--------------------------------------------------------------------------------
[2023-03-19 12:43:08,916] {taskinstance.py:1357} INFO - Starting attempt 1 of 1
[2023-03-19 12:43:08,917] {taskinstance.py:1358} INFO - 
--------------------------------------------------------------------------------
[2023-03-19 12:43:08,932] {taskinstance.py:1377} INFO - Executing <Task(PythonOperator): defence1> on 2023-03-19 12:43:04.570427+00:00
[2023-03-19 12:43:08,936] {standard_task_runner.py:52} INFO - Started process 93 to run task
[2023-03-19 12:43:08,938] {standard_task_runner.py:79} INFO - Running: ['***', 'tasks', 'run', 'defence_dag2', 'defence1', 'manual__2023-03-19T12:43:04.570427+00:00', '--job-id', '1725', '--raw', '--subdir', 'DAGS_FOLDER/defese.py', '--cfg-path', '/tmp/tmpup51sjij', '--error-file', '/tmp/tmpom2ru_29']
[2023-03-19 12:43:08,939] {standard_task_runner.py:80} INFO - Job 1725: Subtask defence1
[2023-03-19 12:43:08,991] {task_command.py:369} INFO - Running <TaskInstance: defence_dag2.defence1 manual__2023-03-19T12:43:04.570427+00:00 [running]> on host e8c10a6b6dce
[2023-03-19 12:43:09,064] {taskinstance.py:1571} INFO - Exporting the following env vars:
AIRFLOW_CTX_DAG_OWNER=***
AIRFLOW_CTX_DAG_ID=defence_dag2
AIRFLOW_CTX_TASK_ID=defence1
AIRFLOW_CTX_EXECUTION_DATE=2023-03-19T12:43:04.570427+00:00
AIRFLOW_CTX_TRY_NUMBER=1
AIRFLOW_CTX_DAG_RUN_ID=manual__2023-03-19T12:43:04.570427+00:00
[2023-03-19 12:43:09,066] {logging_mixin.py:115} INFO - defensing
[2023-03-19 12:43:09,067] {python.py:173} INFO - Done. Returned value was: None
[2023-03-19 12:43:09,081] {taskinstance.py:1400} INFO - Marking task as SUCCESS. dag_id=defence_dag2, task_id=defence1, execution_date=20230319T124304, start_date=20230319T124308, end_date=20230319T124309
[2023-03-19 12:43:09,111] {local_task_job.py:156} INFO - Task exited with return code 0
[2023-03-19 12:43:09,180] {local_task_job.py:273} INFO - 0 downstream tasks scheduled from follow-on schedule check
