[2023-03-28 11:46:43,439] {taskinstance.py:1159} INFO - Dependencies all met for <TaskInstance: multi_attack_dag.to_attack_zoo manual__2023-03-28T11:46:33.273337+00:00 [queued]>
[2023-03-28 11:46:43,450] {taskinstance.py:1159} INFO - Dependencies all met for <TaskInstance: multi_attack_dag.to_attack_zoo manual__2023-03-28T11:46:33.273337+00:00 [queued]>
[2023-03-28 11:46:43,450] {taskinstance.py:1356} INFO - 
--------------------------------------------------------------------------------
[2023-03-28 11:46:43,451] {taskinstance.py:1357} INFO - Starting attempt 1 of 2
[2023-03-28 11:46:43,451] {taskinstance.py:1358} INFO - 
--------------------------------------------------------------------------------
[2023-03-28 11:46:43,466] {taskinstance.py:1377} INFO - Executing <Task(BranchPythonOperator): to_attack_zoo> on 2023-03-28 11:46:33.273337+00:00
[2023-03-28 11:46:43,474] {standard_task_runner.py:52} INFO - Started process 915 to run task
[2023-03-28 11:46:43,478] {standard_task_runner.py:79} INFO - Running: ['***', 'tasks', 'run', 'multi_attack_dag', 'to_attack_zoo', 'manual__2023-03-28T11:46:33.273337+00:00', '--job-id', '4531', '--raw', '--subdir', 'DAGS_FOLDER/sklearn_attack_dag.py', '--cfg-path', '/tmp/tmptlk1788e', '--error-file', '/tmp/tmpvn4d73g4']
[2023-03-28 11:46:43,479] {standard_task_runner.py:80} INFO - Job 4531: Subtask to_attack_zoo
[2023-03-28 11:46:43,535] {task_command.py:369} INFO - Running <TaskInstance: multi_attack_dag.to_attack_zoo manual__2023-03-28T11:46:33.273337+00:00 [running]> on host ff3d40af78f9
[2023-03-28 11:46:43,608] {taskinstance.py:1571} INFO - Exporting the following env vars:
AIRFLOW_CTX_DAG_OWNER=***
AIRFLOW_CTX_DAG_ID=multi_attack_dag
AIRFLOW_CTX_TASK_ID=to_attack_zoo
AIRFLOW_CTX_EXECUTION_DATE=2023-03-28T11:46:33.273337+00:00
AIRFLOW_CTX_TRY_NUMBER=1
AIRFLOW_CTX_DAG_RUN_ID=manual__2023-03-28T11:46:33.273337+00:00
[2023-03-28 11:46:43,620] {python.py:173} INFO - Done. Returned value was: attack_zoo
[2023-03-28 11:46:43,621] {skipmixin.py:140} INFO - Following branch attack_zoo
[2023-03-28 11:46:43,622] {skipmixin.py:175} INFO - Skipping tasks ['default']
[2023-03-28 11:46:43,674] {taskinstance.py:1400} INFO - Marking task as SUCCESS. dag_id=multi_attack_dag, task_id=to_attack_zoo, execution_date=20230328T114633, start_date=20230328T114643, end_date=20230328T114643
[2023-03-28 11:46:43,733] {local_task_job.py:156} INFO - Task exited with return code 0
[2023-03-28 11:46:43,786] {local_task_job.py:273} INFO - 1 downstream tasks scheduled from follow-on schedule check
