[2023-03-26 16:41:23,597] {taskinstance.py:1159} INFO - Dependencies all met for <TaskInstance: multi_defence_dag.to_defence2 scheduled__2023-03-25T00:00:00+00:00 [queued]>
[2023-03-26 16:41:23,684] {taskinstance.py:1159} INFO - Dependencies all met for <TaskInstance: multi_defence_dag.to_defence2 scheduled__2023-03-25T00:00:00+00:00 [queued]>
[2023-03-26 16:41:23,685] {taskinstance.py:1356} INFO - 
--------------------------------------------------------------------------------
[2023-03-26 16:41:23,687] {taskinstance.py:1357} INFO - Starting attempt 1 of 2
[2023-03-26 16:41:23,688] {taskinstance.py:1358} INFO - 
--------------------------------------------------------------------------------
[2023-03-26 16:41:24,022] {taskinstance.py:1377} INFO - Executing <Task(BranchPythonOperator): to_defence2> on 2023-03-25 00:00:00+00:00
[2023-03-26 16:41:24,059] {standard_task_runner.py:52} INFO - Started process 112 to run task
[2023-03-26 16:41:24,087] {standard_task_runner.py:79} INFO - Running: ['***', 'tasks', 'run', 'multi_defence_dag', 'to_defence2', 'scheduled__2023-03-25T00:00:00+00:00', '--job-id', '3653', '--raw', '--subdir', 'DAGS_FOLDER/defence_dag.py', '--cfg-path', '/tmp/tmpn_2n0bo1', '--error-file', '/tmp/tmp62_agdik']
[2023-03-26 16:41:24,090] {standard_task_runner.py:80} INFO - Job 3653: Subtask to_defence2
[2023-03-26 16:41:24,501] {task_command.py:369} INFO - Running <TaskInstance: multi_defence_dag.to_defence2 scheduled__2023-03-25T00:00:00+00:00 [running]> on host 6447f1dacd32
[2023-03-26 16:41:25,501] {taskinstance.py:1571} INFO - Exporting the following env vars:
AIRFLOW_CTX_DAG_OWNER=***
AIRFLOW_CTX_DAG_ID=multi_defence_dag
AIRFLOW_CTX_TASK_ID=to_defence2
AIRFLOW_CTX_EXECUTION_DATE=2023-03-25T00:00:00+00:00
AIRFLOW_CTX_TRY_NUMBER=1
AIRFLOW_CTX_DAG_RUN_ID=scheduled__2023-03-25T00:00:00+00:00
[2023-03-26 16:41:25,602] {python.py:173} INFO - Done. Returned value was: Defence2
[2023-03-26 16:41:25,603] {skipmixin.py:140} INFO - Following branch Defence2
[2023-03-26 16:41:25,604] {skipmixin.py:175} INFO - Skipping tasks ['default']
[2023-03-26 16:41:25,942] {taskinstance.py:1400} INFO - Marking task as SUCCESS. dag_id=multi_defence_dag, task_id=to_defence2, execution_date=20230325T000000, start_date=20230326T164123, end_date=20230326T164125
[2023-03-26 16:41:26,129] {local_task_job.py:156} INFO - Task exited with return code 0
[2023-03-26 16:41:27,059] {local_task_job.py:273} INFO - 1 downstream tasks scheduled from follow-on schedule check
