[2023-03-19 10:44:40,380] {taskinstance.py:1159} INFO - Dependencies all met for <TaskInstance: xcom_dag.choose_best manual__2023-03-19T10:39:32.588758+00:00 [queued]>
[2023-03-19 10:44:40,391] {taskinstance.py:1159} INFO - Dependencies all met for <TaskInstance: xcom_dag.choose_best manual__2023-03-19T10:39:32.588758+00:00 [queued]>
[2023-03-19 10:44:40,391] {taskinstance.py:1356} INFO - 
--------------------------------------------------------------------------------
[2023-03-19 10:44:40,391] {taskinstance.py:1357} INFO - Starting attempt 1 of 2
[2023-03-19 10:44:40,392] {taskinstance.py:1358} INFO - 
--------------------------------------------------------------------------------
[2023-03-19 10:44:40,405] {taskinstance.py:1377} INFO - Executing <Task(PythonOperator): choose_best> on 2023-03-19 10:39:32.588758+00:00
[2023-03-19 10:44:40,409] {standard_task_runner.py:52} INFO - Started process 95 to run task
[2023-03-19 10:44:40,412] {standard_task_runner.py:79} INFO - Running: ['***', 'tasks', 'run', 'xcom_dag', 'choose_best', 'manual__2023-03-19T10:39:32.588758+00:00', '--job-id', '1637', '--raw', '--subdir', 'DAGS_FOLDER/dynamic_dag.py', '--cfg-path', '/tmp/tmp32ybu0ya', '--error-file', '/tmp/tmp1xn13_om']
[2023-03-19 10:44:40,413] {standard_task_runner.py:80} INFO - Job 1637: Subtask choose_best
[2023-03-19 10:44:40,460] {task_command.py:369} INFO - Running <TaskInstance: xcom_dag.choose_best manual__2023-03-19T10:39:32.588758+00:00 [running]> on host de4be3e36311
[2023-03-19 10:44:40,520] {taskinstance.py:1571} INFO - Exporting the following env vars:
AIRFLOW_CTX_DAG_OWNER=***
AIRFLOW_CTX_DAG_ID=xcom_dag
AIRFLOW_CTX_TASK_ID=choose_best
AIRFLOW_CTX_EXECUTION_DATE=2023-03-19T10:39:32.588758+00:00
AIRFLOW_CTX_TRY_NUMBER=1
AIRFLOW_CTX_DAG_RUN_ID=manual__2023-03-19T10:39:32.588758+00:00
[2023-03-19 10:44:40,563] {python.py:173} INFO - Done. Returned value was: None
[2023-03-19 10:44:40,575] {taskinstance.py:1400} INFO - Marking task as SUCCESS. dag_id=xcom_dag, task_id=choose_best, execution_date=20230319T103932, start_date=20230319T104440, end_date=20230319T104440
[2023-03-19 10:44:40,625] {local_task_job.py:156} INFO - Task exited with return code 0
[2023-03-19 10:44:40,666] {local_task_job.py:273} INFO - 1 downstream tasks scheduled from follow-on schedule check
