[2023-04-09 11:30:54,479] {taskinstance.py:1159} INFO - Dependencies all met for <TaskInstance: multi_defence_dag.Defence1 manual__2023-04-09T11:30:41.812420+00:00 [queued]>
[2023-04-09 11:30:54,498] {taskinstance.py:1159} INFO - Dependencies all met for <TaskInstance: multi_defence_dag.Defence1 manual__2023-04-09T11:30:41.812420+00:00 [queued]>
[2023-04-09 11:30:54,499] {taskinstance.py:1356} INFO - 
--------------------------------------------------------------------------------
[2023-04-09 11:30:54,500] {taskinstance.py:1357} INFO - Starting attempt 1 of 2
[2023-04-09 11:30:54,500] {taskinstance.py:1358} INFO - 
--------------------------------------------------------------------------------
[2023-04-09 11:30:54,519] {taskinstance.py:1377} INFO - Executing <Task(PythonOperator): Defence1> on 2023-04-09 11:30:41.812420+00:00
[2023-04-09 11:30:54,528] {standard_task_runner.py:52} INFO - Started process 11577 to run task
[2023-04-09 11:30:54,533] {standard_task_runner.py:79} INFO - Running: ['***', 'tasks', 'run', 'multi_defence_dag', 'Defence1', 'manual__2023-04-09T11:30:41.812420+00:00', '--job-id', '4937', '--raw', '--subdir', 'DAGS_FOLDER/defence_dag.py', '--cfg-path', '/tmp/tmpw2kyjwg8', '--error-file', '/tmp/tmpud5nklvw']
[2023-04-09 11:30:54,534] {standard_task_runner.py:80} INFO - Job 4937: Subtask Defence1
[2023-04-09 11:30:54,628] {task_command.py:369} INFO - Running <TaskInstance: multi_defence_dag.Defence1 manual__2023-04-09T11:30:41.812420+00:00 [running]> on host ff3d40af78f9
[2023-04-09 11:30:54,726] {taskinstance.py:1571} INFO - Exporting the following env vars:
AIRFLOW_CTX_DAG_OWNER=***
AIRFLOW_CTX_DAG_ID=multi_defence_dag
AIRFLOW_CTX_TASK_ID=Defence1
AIRFLOW_CTX_EXECUTION_DATE=2023-04-09T11:30:41.812420+00:00
AIRFLOW_CTX_TRY_NUMBER=1
AIRFLOW_CTX_DAG_RUN_ID=manual__2023-04-09T11:30:41.812420+00:00
[2023-04-09 11:30:54,749] {python.py:173} INFO - Done. Returned value was: None
[2023-04-09 11:30:54,768] {taskinstance.py:1400} INFO - Marking task as SUCCESS. dag_id=multi_defence_dag, task_id=Defence1, execution_date=20230409T113041, start_date=20230409T113054, end_date=20230409T113054
[2023-04-09 11:30:54,828] {local_task_job.py:156} INFO - Task exited with return code 0
[2023-04-09 11:30:54,884] {local_task_job.py:273} INFO - 0 downstream tasks scheduled from follow-on schedule check
