[2023-04-23 09:33:37,093] {taskinstance.py:1159} INFO - Dependencies all met for <TaskInstance: multi_attack_dag.metadata manual__2023-04-23T09:33:28.849268+00:00 [queued]>
[2023-04-23 09:33:37,106] {taskinstance.py:1159} INFO - Dependencies all met for <TaskInstance: multi_attack_dag.metadata manual__2023-04-23T09:33:28.849268+00:00 [queued]>
[2023-04-23 09:33:37,107] {taskinstance.py:1356} INFO - 
--------------------------------------------------------------------------------
[2023-04-23 09:33:37,108] {taskinstance.py:1357} INFO - Starting attempt 1 of 2
[2023-04-23 09:33:37,108] {taskinstance.py:1358} INFO - 
--------------------------------------------------------------------------------
[2023-04-23 09:33:37,127] {taskinstance.py:1377} INFO - Executing <Task(PythonOperator): metadata> on 2023-04-23 09:33:28.849268+00:00
[2023-04-23 09:33:37,135] {standard_task_runner.py:52} INFO - Started process 1004 to run task
[2023-04-23 09:33:37,139] {standard_task_runner.py:79} INFO - Running: ['***', 'tasks', 'run', 'multi_attack_dag', 'metadata', 'manual__2023-04-23T09:33:28.849268+00:00', '--job-id', '6073', '--raw', '--subdir', 'DAGS_FOLDER/attack_dag.py', '--cfg-path', '/tmp/tmpl34eaqvp', '--error-file', '/tmp/tmp_5k4wvhw']
[2023-04-23 09:33:37,141] {standard_task_runner.py:80} INFO - Job 6073: Subtask metadata
[2023-04-23 09:33:37,205] {task_command.py:369} INFO - Running <TaskInstance: multi_attack_dag.metadata manual__2023-04-23T09:33:28.849268+00:00 [running]> on host a3dd7d962104
[2023-04-23 09:33:37,301] {taskinstance.py:1571} INFO - Exporting the following env vars:
AIRFLOW_CTX_DAG_OWNER=***
AIRFLOW_CTX_DAG_ID=multi_attack_dag
AIRFLOW_CTX_TASK_ID=metadata
AIRFLOW_CTX_EXECUTION_DATE=2023-04-23T09:33:28.849268+00:00
AIRFLOW_CTX_TRY_NUMBER=1
AIRFLOW_CTX_DAG_RUN_ID=manual__2023-04-23T09:33:28.849268+00:00
[2023-04-23 09:33:37,304] {transport.py:157} INFO - Attempting refresh to obtain initial access_token
[2023-04-23 09:33:37,308] {client.py:777} INFO - Refreshing access_token
[2023-04-23 09:33:37,871] {transport.py:157} INFO - Attempting refresh to obtain initial access_token
[2023-04-23 09:33:37,874] {client.py:777} INFO - Refreshing access_token
[2023-04-23 09:33:38,362] {python.py:173} INFO - Done. Returned value was: None
[2023-04-23 09:33:38,380] {taskinstance.py:1400} INFO - Marking task as SUCCESS. dag_id=multi_attack_dag, task_id=metadata, execution_date=20230423T093328, start_date=20230423T093337, end_date=20230423T093338
[2023-04-23 09:33:38,439] {local_task_job.py:156} INFO - Task exited with return code 0
[2023-04-23 09:33:38,502] {local_task_job.py:273} INFO - 3 downstream tasks scheduled from follow-on schedule check
