[2023-03-12 15:04:49,269] {taskinstance.py:1159} INFO - Dependencies all met for <TaskInstance: defence_dag.storing manual__2023-03-12T15:04:48.197147+00:00 [queued]>
[2023-03-12 15:04:49,277] {taskinstance.py:1159} INFO - Dependencies all met for <TaskInstance: defence_dag.storing manual__2023-03-12T15:04:48.197147+00:00 [queued]>
[2023-03-12 15:04:49,277] {taskinstance.py:1356} INFO - 
--------------------------------------------------------------------------------
[2023-03-12 15:04:49,277] {taskinstance.py:1357} INFO - Starting attempt 1 of 1
[2023-03-12 15:04:49,278] {taskinstance.py:1358} INFO - 
--------------------------------------------------------------------------------
[2023-03-12 15:04:49,290] {taskinstance.py:1377} INFO - Executing <Task(BashOperator): storing> on 2023-03-12 15:04:48.197147+00:00
[2023-03-12 15:04:49,294] {standard_task_runner.py:52} INFO - Started process 138 to run task
[2023-03-12 15:04:49,297] {standard_task_runner.py:79} INFO - Running: ['***', 'tasks', 'run', 'defence_dag', 'storing', 'manual__2023-03-12T15:04:48.197147+00:00', '--job-id', '413', '--raw', '--subdir', 'DAGS_FOLDER/defese.py', '--cfg-path', '/tmp/tmpfr7n84o7', '--error-file', '/tmp/tmpacdydlyl']
[2023-03-12 15:04:49,297] {standard_task_runner.py:80} INFO - Job 413: Subtask storing
[2023-03-12 15:04:49,344] {task_command.py:369} INFO - Running <TaskInstance: defence_dag.storing manual__2023-03-12T15:04:48.197147+00:00 [running]> on host 596adcca7378
[2023-03-12 15:04:49,400] {taskinstance.py:1571} INFO - Exporting the following env vars:
AIRFLOW_CTX_DAG_OWNER=***
AIRFLOW_CTX_DAG_ID=defence_dag
AIRFLOW_CTX_TASK_ID=storing
AIRFLOW_CTX_EXECUTION_DATE=2023-03-12T15:04:48.197147+00:00
AIRFLOW_CTX_TRY_NUMBER=1
AIRFLOW_CTX_DAG_RUN_ID=manual__2023-03-12T15:04:48.197147+00:00
[2023-03-12 15:04:49,401] {subprocess.py:62} INFO - Tmp dir root location: 
 /tmp
[2023-03-12 15:04:49,402] {subprocess.py:74} INFO - Running command: ['bash', '-c', 'sleep 1']
[2023-03-12 15:04:49,409] {subprocess.py:85} INFO - Output:
[2023-03-12 15:04:50,412] {subprocess.py:96} INFO - Command exited with return code 0
[2023-03-12 15:04:50,439] {taskinstance.py:1400} INFO - Marking task as SUCCESS. dag_id=defence_dag, task_id=storing, execution_date=20230312T150448, start_date=20230312T150449, end_date=20230312T150450
[2023-03-12 15:04:50,477] {local_task_job.py:156} INFO - Task exited with return code 0
[2023-03-12 15:04:50,503] {local_task_job.py:273} INFO - 1 downstream tasks scheduled from follow-on schedule check
