[2023-03-28 11:35:21,314] {taskinstance.py:1159} INFO - Dependencies all met for <TaskInstance: attack_dag2.attack manual__2023-03-28T11:35:15.869012+00:00 [queued]>
[2023-03-28 11:35:21,327] {taskinstance.py:1159} INFO - Dependencies all met for <TaskInstance: attack_dag2.attack manual__2023-03-28T11:35:15.869012+00:00 [queued]>
[2023-03-28 11:35:21,327] {taskinstance.py:1356} INFO - 
--------------------------------------------------------------------------------
[2023-03-28 11:35:21,328] {taskinstance.py:1357} INFO - Starting attempt 1 of 1
[2023-03-28 11:35:21,330] {taskinstance.py:1358} INFO - 
--------------------------------------------------------------------------------
[2023-03-28 11:35:21,350] {taskinstance.py:1377} INFO - Executing <Task(PythonOperator): attack> on 2023-03-28 11:35:15.869012+00:00
[2023-03-28 11:35:21,359] {standard_task_runner.py:52} INFO - Started process 355 to run task
[2023-03-28 11:35:21,363] {standard_task_runner.py:79} INFO - Running: ['***', 'tasks', 'run', 'attack_dag2', 'attack', 'manual__2023-03-28T11:35:15.869012+00:00', '--job-id', '4521', '--raw', '--subdir', 'DAGS_FOLDER/attack.py', '--cfg-path', '/tmp/tmp5s94x2w0', '--error-file', '/tmp/tmpt3_y8cj8']
[2023-03-28 11:35:21,364] {standard_task_runner.py:80} INFO - Job 4521: Subtask attack
[2023-03-28 11:35:21,428] {task_command.py:369} INFO - Running <TaskInstance: attack_dag2.attack manual__2023-03-28T11:35:15.869012+00:00 [running]> on host ff3d40af78f9
[2023-03-28 11:35:21,514] {taskinstance.py:1571} INFO - Exporting the following env vars:
AIRFLOW_CTX_DAG_OWNER=***
AIRFLOW_CTX_DAG_ID=attack_dag2
AIRFLOW_CTX_TASK_ID=attack
AIRFLOW_CTX_EXECUTION_DATE=2023-03-28T11:35:15.869012+00:00
AIRFLOW_CTX_TRY_NUMBER=1
AIRFLOW_CTX_DAG_RUN_ID=manual__2023-03-28T11:35:15.869012+00:00
[2023-03-28 11:35:21,518] {transport.py:157} INFO - Attempting refresh to obtain initial access_token
[2023-03-28 11:35:21,521] {client.py:777} INFO - Refreshing access_token
[2023-03-28 11:35:22,382] {taskinstance.py:1889} ERROR - Task failed with exception
Traceback (most recent call last):
  File "/home/airflow/.local/lib/python3.7/site-packages/airflow/operators/python.py", line 171, in execute
    return_value = self.execute_callable()
  File "/home/airflow/.local/lib/python3.7/site-packages/airflow/operators/python.py", line 189, in execute_callable
    return self.python_callable(*self.op_args, **self.op_kwargs)
  File "/opt/airflow/dags/attack.py", line 18, in attack_A
    counter = load_from_bucket('counter.pickle')
  File "/opt/airflow/dags/helpers.py", line 45, in load_from_bucket
    raise err
  File "/opt/airflow/dags/helpers.py", line 42, in load_from_bucket
    loaded_obj = cloudpickle.load(f)
EOFError: Ran out of input
[2023-03-28 11:35:22,391] {taskinstance.py:1400} INFO - Marking task as FAILED. dag_id=attack_dag2, task_id=attack, execution_date=20230328T113515, start_date=20230328T113521, end_date=20230328T113522
[2023-03-28 11:35:22,402] {standard_task_runner.py:97} ERROR - Failed to execute job 4521 for task attack (Ran out of input; 355)
[2023-03-28 11:35:22,420] {local_task_job.py:156} INFO - Task exited with return code 1
[2023-03-28 11:35:22,452] {local_task_job.py:273} INFO - 0 downstream tasks scheduled from follow-on schedule check
