[2023-03-23 15:31:54,125] {taskinstance.py:1159} INFO - Dependencies all met for <TaskInstance: multi_attack_dag.to_attack1 manual__2023-03-23T15:21:00.160344+00:00 [queued]>
[2023-03-23 15:31:54,155] {taskinstance.py:1159} INFO - Dependencies all met for <TaskInstance: multi_attack_dag.to_attack1 manual__2023-03-23T15:21:00.160344+00:00 [queued]>
[2023-03-23 15:31:54,156] {taskinstance.py:1356} INFO - 
--------------------------------------------------------------------------------
[2023-03-23 15:31:54,157] {taskinstance.py:1357} INFO - Starting attempt 1 of 2
[2023-03-23 15:31:54,158] {taskinstance.py:1358} INFO - 
--------------------------------------------------------------------------------
[2023-03-23 15:31:54,190] {taskinstance.py:1377} INFO - Executing <Task(BranchPythonOperator): to_attack1> on 2023-03-23 15:21:00.160344+00:00
[2023-03-23 15:31:54,198] {standard_task_runner.py:52} INFO - Started process 12291 to run task
[2023-03-23 15:31:54,207] {standard_task_runner.py:79} INFO - Running: ['***', 'tasks', 'run', 'multi_attack_dag', 'to_attack1', 'manual__2023-03-23T15:21:00.160344+00:00', '--job-id', '3086', '--raw', '--subdir', 'DAGS_FOLDER/attack_dag.py', '--cfg-path', '/tmp/tmpre_b1y1c', '--error-file', '/tmp/tmpoh_qgakz']
[2023-03-23 15:31:54,211] {standard_task_runner.py:80} INFO - Job 3086: Subtask to_attack1
[2023-03-23 15:31:54,398] {task_command.py:369} INFO - Running <TaskInstance: multi_attack_dag.to_attack1 manual__2023-03-23T15:21:00.160344+00:00 [running]> on host 6447f1dacd32
[2023-03-23 15:31:55,788] {taskinstance.py:1571} INFO - Exporting the following env vars:
AIRFLOW_CTX_DAG_OWNER=***
AIRFLOW_CTX_DAG_ID=multi_attack_dag
AIRFLOW_CTX_TASK_ID=to_attack1
AIRFLOW_CTX_EXECUTION_DATE=2023-03-23T15:21:00.160344+00:00
AIRFLOW_CTX_TRY_NUMBER=1
AIRFLOW_CTX_DAG_RUN_ID=manual__2023-03-23T15:21:00.160344+00:00
[2023-03-23 15:31:55,805] {python.py:173} INFO - Done. Returned value was: attack1
[2023-03-23 15:31:55,806] {skipmixin.py:140} INFO - Following branch attack1
[2023-03-23 15:31:55,807] {skipmixin.py:175} INFO - Skipping tasks ['default']
[2023-03-23 15:31:59,490] {taskinstance.py:1400} INFO - Marking task as SUCCESS. dag_id=multi_attack_dag, task_id=to_attack1, execution_date=20230323T152100, start_date=20230323T153154, end_date=20230323T153159
[2023-03-23 15:31:59,552] {local_task_job.py:156} INFO - Task exited with return code 0
[2023-03-23 15:31:59,617] {local_task_job.py:273} INFO - 1 downstream tasks scheduled from follow-on schedule check
