[2023-03-19 10:02:15,536] {taskinstance.py:1159} INFO - Dependencies all met for <TaskInstance: xcom_dag.to_attack2 manual__2023-03-19T10:02:13.021226+00:00 [queued]>
[2023-03-19 10:02:15,547] {taskinstance.py:1159} INFO - Dependencies all met for <TaskInstance: xcom_dag.to_attack2 manual__2023-03-19T10:02:13.021226+00:00 [queued]>
[2023-03-19 10:02:15,547] {taskinstance.py:1356} INFO - 
--------------------------------------------------------------------------------
[2023-03-19 10:02:15,547] {taskinstance.py:1357} INFO - Starting attempt 1 of 2
[2023-03-19 10:02:15,548] {taskinstance.py:1358} INFO - 
--------------------------------------------------------------------------------
[2023-03-19 10:02:15,560] {taskinstance.py:1377} INFO - Executing <Task(BranchPythonOperator): to_attack2> on 2023-03-19 10:02:13.021226+00:00
[2023-03-19 10:02:15,564] {standard_task_runner.py:52} INFO - Started process 80 to run task
[2023-03-19 10:02:15,568] {standard_task_runner.py:79} INFO - Running: ['***', 'tasks', 'run', 'xcom_dag', 'to_attack2', 'manual__2023-03-19T10:02:13.021226+00:00', '--job-id', '1544', '--raw', '--subdir', 'DAGS_FOLDER/dynamic_dag.py', '--cfg-path', '/tmp/tmpwn7t9eml', '--error-file', '/tmp/tmpr_bm5cxz']
[2023-03-19 10:02:15,568] {standard_task_runner.py:80} INFO - Job 1544: Subtask to_attack2
[2023-03-19 10:02:15,629] {task_command.py:369} INFO - Running <TaskInstance: xcom_dag.to_attack2 manual__2023-03-19T10:02:13.021226+00:00 [running]> on host cff84a72f41c
[2023-03-19 10:02:15,698] {taskinstance.py:1571} INFO - Exporting the following env vars:
AIRFLOW_CTX_DAG_OWNER=***
AIRFLOW_CTX_DAG_ID=xcom_dag
AIRFLOW_CTX_TASK_ID=to_attack2
AIRFLOW_CTX_EXECUTION_DATE=2023-03-19T10:02:13.021226+00:00
AIRFLOW_CTX_TRY_NUMBER=1
AIRFLOW_CTX_DAG_RUN_ID=manual__2023-03-19T10:02:13.021226+00:00
[2023-03-19 10:02:15,710] {python.py:173} INFO - Done. Returned value was: default
[2023-03-19 10:02:15,711] {skipmixin.py:140} INFO - Following branch default
[2023-03-19 10:02:15,711] {skipmixin.py:175} INFO - Skipping tasks ['attack2']
[2023-03-19 10:02:15,759] {taskinstance.py:1400} INFO - Marking task as SUCCESS. dag_id=xcom_dag, task_id=to_attack2, execution_date=20230319T100213, start_date=20230319T100215, end_date=20230319T100215
[2023-03-19 10:02:15,780] {local_task_job.py:156} INFO - Task exited with return code 0
[2023-03-19 10:02:15,826] {local_task_job.py:273} INFO - 0 downstream tasks scheduled from follow-on schedule check
