[2023-03-28 11:49:19,897] {taskinstance.py:1159} INFO - Dependencies all met for <TaskInstance: defence_dag2.storing manual__2023-03-28T11:49:16.955953+00:00 [queued]>
[2023-03-28 11:49:19,911] {taskinstance.py:1159} INFO - Dependencies all met for <TaskInstance: defence_dag2.storing manual__2023-03-28T11:49:16.955953+00:00 [queued]>
[2023-03-28 11:49:19,911] {taskinstance.py:1356} INFO - 
--------------------------------------------------------------------------------
[2023-03-28 11:49:19,912] {taskinstance.py:1357} INFO - Starting attempt 1 of 1
[2023-03-28 11:49:19,913] {taskinstance.py:1358} INFO - 
--------------------------------------------------------------------------------
[2023-03-28 11:49:19,936] {taskinstance.py:1377} INFO - Executing <Task(BashOperator): storing> on 2023-03-28 11:49:16.955953+00:00
[2023-03-28 11:49:19,946] {standard_task_runner.py:52} INFO - Started process 1046 to run task
[2023-03-28 11:49:19,950] {standard_task_runner.py:79} INFO - Running: ['***', 'tasks', 'run', 'defence_dag2', 'storing', 'manual__2023-03-28T11:49:16.955953+00:00', '--job-id', '4535', '--raw', '--subdir', 'DAGS_FOLDER/defese.py', '--cfg-path', '/tmp/tmpw2plim_1', '--error-file', '/tmp/tmpd42i9226']
[2023-03-28 11:49:19,953] {standard_task_runner.py:80} INFO - Job 4535: Subtask storing
[2023-03-28 11:49:20,031] {task_command.py:369} INFO - Running <TaskInstance: defence_dag2.storing manual__2023-03-28T11:49:16.955953+00:00 [running]> on host ff3d40af78f9
[2023-03-28 11:49:20,114] {taskinstance.py:1571} INFO - Exporting the following env vars:
AIRFLOW_CTX_DAG_OWNER=***
AIRFLOW_CTX_DAG_ID=defence_dag2
AIRFLOW_CTX_TASK_ID=storing
AIRFLOW_CTX_EXECUTION_DATE=2023-03-28T11:49:16.955953+00:00
AIRFLOW_CTX_TRY_NUMBER=1
AIRFLOW_CTX_DAG_RUN_ID=manual__2023-03-28T11:49:16.955953+00:00
[2023-03-28 11:49:20,115] {subprocess.py:62} INFO - Tmp dir root location: 
 /tmp
[2023-03-28 11:49:20,116] {subprocess.py:74} INFO - Running command: ['bash', '-c', 'sleep 1']
[2023-03-28 11:49:20,130] {subprocess.py:85} INFO - Output:
[2023-03-28 11:49:21,134] {subprocess.py:96} INFO - Command exited with return code 0
[2023-03-28 11:49:21,174] {taskinstance.py:1400} INFO - Marking task as SUCCESS. dag_id=defence_dag2, task_id=storing, execution_date=20230328T114916, start_date=20230328T114919, end_date=20230328T114921
[2023-03-28 11:49:21,212] {local_task_job.py:156} INFO - Task exited with return code 0
[2023-03-28 11:49:21,261] {local_task_job.py:273} INFO - 1 downstream tasks scheduled from follow-on schedule check
