[2023-04-23 08:25:54,485] {taskinstance.py:1159} INFO - Dependencies all met for <TaskInstance: multi_attack_dag.choose_attack manual__2023-04-23T08:25:51.789172+00:00 [queued]>
[2023-04-23 08:25:54,493] {taskinstance.py:1159} INFO - Dependencies all met for <TaskInstance: multi_attack_dag.choose_attack manual__2023-04-23T08:25:51.789172+00:00 [queued]>
[2023-04-23 08:25:54,494] {taskinstance.py:1356} INFO - 
--------------------------------------------------------------------------------
[2023-04-23 08:25:54,494] {taskinstance.py:1357} INFO - Starting attempt 1 of 2
[2023-04-23 08:25:54,494] {taskinstance.py:1358} INFO - 
--------------------------------------------------------------------------------
[2023-04-23 08:25:54,506] {taskinstance.py:1377} INFO - Executing <Task(PythonOperator): choose_attack> on 2023-04-23 08:25:51.789172+00:00
[2023-04-23 08:25:54,512] {standard_task_runner.py:52} INFO - Started process 1841 to run task
[2023-04-23 08:25:54,514] {standard_task_runner.py:79} INFO - Running: ['***', 'tasks', 'run', 'multi_attack_dag', 'choose_attack', 'manual__2023-04-23T08:25:51.789172+00:00', '--job-id', '5963', '--raw', '--subdir', 'DAGS_FOLDER/attack_dag.py', '--cfg-path', '/tmp/tmpj3biscsv', '--error-file', '/tmp/tmpwa38tdw7']
[2023-04-23 08:25:54,515] {standard_task_runner.py:80} INFO - Job 5963: Subtask choose_attack
[2023-04-23 08:25:54,564] {task_command.py:369} INFO - Running <TaskInstance: multi_attack_dag.choose_attack manual__2023-04-23T08:25:51.789172+00:00 [running]> on host a3dd7d962104
[2023-04-23 08:25:54,658] {taskinstance.py:1571} INFO - Exporting the following env vars:
AIRFLOW_CTX_DAG_OWNER=***
AIRFLOW_CTX_DAG_ID=multi_attack_dag
AIRFLOW_CTX_TASK_ID=choose_attack
AIRFLOW_CTX_EXECUTION_DATE=2023-04-23T08:25:51.789172+00:00
AIRFLOW_CTX_TRY_NUMBER=1
AIRFLOW_CTX_DAG_RUN_ID=manual__2023-04-23T08:25:51.789172+00:00
[2023-04-23 08:25:54,709] {python.py:173} INFO - Done. Returned value was: None
[2023-04-23 08:25:54,721] {taskinstance.py:1400} INFO - Marking task as SUCCESS. dag_id=multi_attack_dag, task_id=choose_attack, execution_date=20230423T082551, start_date=20230423T082554, end_date=20230423T082554
[2023-04-23 08:25:54,768] {local_task_job.py:156} INFO - Task exited with return code 0
[2023-04-23 08:25:54,811] {local_task_job.py:273} INFO - 1 downstream tasks scheduled from follow-on schedule check
