[2023-04-16 13:23:15,160] {taskinstance.py:1159} INFO - Dependencies all met for <TaskInstance: estimator_match_DAG.get_estiamtor scheduled__2023-04-15T00:00:00+00:00 [queued]>
[2023-04-16 13:23:15,217] {taskinstance.py:1159} INFO - Dependencies all met for <TaskInstance: estimator_match_DAG.get_estiamtor scheduled__2023-04-15T00:00:00+00:00 [queued]>
[2023-04-16 13:23:15,218] {taskinstance.py:1356} INFO - 
--------------------------------------------------------------------------------
[2023-04-16 13:23:15,218] {taskinstance.py:1357} INFO - Starting attempt 1 of 2
[2023-04-16 13:23:15,219] {taskinstance.py:1358} INFO - 
--------------------------------------------------------------------------------
[2023-04-16 13:23:15,317] {taskinstance.py:1377} INFO - Executing <Task(PythonOperator): get_estiamtor> on 2023-04-15 00:00:00+00:00
[2023-04-16 13:23:15,460] {standard_task_runner.py:52} INFO - Started process 120 to run task
[2023-04-16 13:23:15,757] {standard_task_runner.py:79} INFO - Running: ['***', 'tasks', 'run', 'estimator_match_DAG', 'get_estiamtor', 'scheduled__2023-04-15T00:00:00+00:00', '--job-id', '5105', '--raw', '--subdir', 'DAGS_FOLDER/estimator_match.py', '--cfg-path', '/tmp/tmp_a9mh4qp', '--error-file', '/tmp/tmp69ajxndp']
[2023-04-16 13:23:15,767] {standard_task_runner.py:80} INFO - Job 5105: Subtask get_estiamtor
[2023-04-16 13:23:17,689] {task_command.py:369} INFO - Running <TaskInstance: estimator_match_DAG.get_estiamtor scheduled__2023-04-15T00:00:00+00:00 [running]> on host c5458bb8a35c
[2023-04-16 13:23:18,542] {taskinstance.py:1571} INFO - Exporting the following env vars:
AIRFLOW_CTX_DAG_OWNER=***
AIRFLOW_CTX_DAG_ID=estimator_match_DAG
AIRFLOW_CTX_TASK_ID=get_estiamtor
AIRFLOW_CTX_EXECUTION_DATE=2023-04-15T00:00:00+00:00
AIRFLOW_CTX_TRY_NUMBER=1
AIRFLOW_CTX_DAG_RUN_ID=scheduled__2023-04-15T00:00:00+00:00
[2023-04-16 13:23:18,549] {transport.py:157} INFO - Attempting refresh to obtain initial access_token
[2023-04-16 13:23:18,591] {client.py:777} INFO - Refreshing access_token
[2023-04-16 13:23:19,958] {transport.py:157} INFO - Attempting refresh to obtain initial access_token
[2023-04-16 13:23:19,967] {client.py:777} INFO - Refreshing access_token
[2023-04-16 13:23:21,671] {transport.py:157} INFO - Attempting refresh to obtain initial access_token
[2023-04-16 13:23:21,678] {client.py:777} INFO - Refreshing access_token
[2023-04-16 13:23:22,938] {pytorch.py:1198} INFO - Inferred 5 hidden layers on PyTorch classifier.
[2023-04-16 13:23:23,099] {python.py:173} INFO - Done. Returned value was: None
[2023-04-16 13:23:23,152] {taskinstance.py:1400} INFO - Marking task as SUCCESS. dag_id=estimator_match_DAG, task_id=get_estiamtor, execution_date=20230415T000000, start_date=20230416T132315, end_date=20230416T132323
[2023-04-16 13:23:23,316] {local_task_job.py:156} INFO - Task exited with return code 0
[2023-04-16 13:23:23,392] {local_task_job.py:273} INFO - 0 downstream tasks scheduled from follow-on schedule check
