[2023-03-23 15:48:21,292] {taskinstance.py:1159} INFO - Dependencies all met for <TaskInstance: multi_defence_dag.trigger_offence manual__2023-03-23T15:47:56.691694+00:00 [queued]>
[2023-03-23 15:48:21,323] {taskinstance.py:1159} INFO - Dependencies all met for <TaskInstance: multi_defence_dag.trigger_offence manual__2023-03-23T15:47:56.691694+00:00 [queued]>
[2023-03-23 15:48:21,324] {taskinstance.py:1356} INFO - 
--------------------------------------------------------------------------------
[2023-03-23 15:48:21,326] {taskinstance.py:1357} INFO - Starting attempt 1 of 2
[2023-03-23 15:48:21,330] {taskinstance.py:1358} INFO - 
--------------------------------------------------------------------------------
[2023-03-23 15:48:21,387] {taskinstance.py:1377} INFO - Executing <Task(TriggerDagRunOperator): trigger_offence> on 2023-03-23 15:47:56.691694+00:00
[2023-03-23 15:48:21,397] {standard_task_runner.py:52} INFO - Started process 13905 to run task
[2023-03-23 15:48:21,409] {standard_task_runner.py:79} INFO - Running: ['***', 'tasks', 'run', 'multi_defence_dag', 'trigger_offence', 'manual__2023-03-23T15:47:56.691694+00:00', '--job-id', '3567', '--raw', '--subdir', 'DAGS_FOLDER/defence_dag.py', '--cfg-path', '/tmp/tmp4f2rb9l9', '--error-file', '/tmp/tmpd8roq0r2']
[2023-03-23 15:48:21,411] {standard_task_runner.py:80} INFO - Job 3567: Subtask trigger_offence
[2023-03-23 15:48:21,667] {task_command.py:369} INFO - Running <TaskInstance: multi_defence_dag.trigger_offence manual__2023-03-23T15:47:56.691694+00:00 [running]> on host 6447f1dacd32
[2023-03-23 15:48:21,863] {taskinstance.py:1571} INFO - Exporting the following env vars:
AIRFLOW_CTX_DAG_OWNER=***
AIRFLOW_CTX_DAG_ID=multi_defence_dag
AIRFLOW_CTX_TASK_ID=trigger_offence
AIRFLOW_CTX_EXECUTION_DATE=2023-03-23T15:47:56.691694+00:00
AIRFLOW_CTX_TRY_NUMBER=1
AIRFLOW_CTX_DAG_RUN_ID=manual__2023-03-23T15:47:56.691694+00:00
[2023-03-23 15:48:24,960] {taskinstance.py:1400} INFO - Marking task as SUCCESS. dag_id=multi_defence_dag, task_id=trigger_offence, execution_date=20230323T154756, start_date=20230323T154821, end_date=20230323T154824
[2023-03-23 15:48:25,057] {local_task_job.py:156} INFO - Task exited with return code 0
[2023-03-23 15:48:25,188] {local_task_job.py:273} INFO - 0 downstream tasks scheduled from follow-on schedule check
