[2023-04-23 09:59:19,662] {taskinstance.py:1159} INFO - Dependencies all met for <TaskInstance: multi_defence_dag.choose_best manual__2023-04-23T09:59:02.340289+00:00 [queued]>
[2023-04-23 09:59:19,674] {taskinstance.py:1159} INFO - Dependencies all met for <TaskInstance: multi_defence_dag.choose_best manual__2023-04-23T09:59:02.340289+00:00 [queued]>
[2023-04-23 09:59:19,674] {taskinstance.py:1356} INFO - 
--------------------------------------------------------------------------------
[2023-04-23 09:59:19,675] {taskinstance.py:1357} INFO - Starting attempt 1 of 2
[2023-04-23 09:59:19,676] {taskinstance.py:1358} INFO - 
--------------------------------------------------------------------------------
[2023-04-23 09:59:19,693] {taskinstance.py:1377} INFO - Executing <Task(PythonOperator): choose_best> on 2023-04-23 09:59:02.340289+00:00
[2023-04-23 09:59:19,701] {standard_task_runner.py:52} INFO - Started process 2548 to run task
[2023-04-23 09:59:19,704] {standard_task_runner.py:79} INFO - Running: ['***', 'tasks', 'run', 'multi_defence_dag', 'choose_best', 'manual__2023-04-23T09:59:02.340289+00:00', '--job-id', '6183', '--raw', '--subdir', 'DAGS_FOLDER/defence_dag.py', '--cfg-path', '/tmp/tmpv4wqfmpv', '--error-file', '/tmp/tmpj9zp35uc']
[2023-04-23 09:59:19,706] {standard_task_runner.py:80} INFO - Job 6183: Subtask choose_best
[2023-04-23 09:59:19,769] {task_command.py:369} INFO - Running <TaskInstance: multi_defence_dag.choose_best manual__2023-04-23T09:59:02.340289+00:00 [running]> on host a3dd7d962104
[2023-04-23 09:59:19,866] {taskinstance.py:1571} INFO - Exporting the following env vars:
AIRFLOW_CTX_DAG_OWNER=***
AIRFLOW_CTX_DAG_ID=multi_defence_dag
AIRFLOW_CTX_TASK_ID=choose_best
AIRFLOW_CTX_EXECUTION_DATE=2023-04-23T09:59:02.340289+00:00
AIRFLOW_CTX_TRY_NUMBER=1
AIRFLOW_CTX_DAG_RUN_ID=manual__2023-04-23T09:59:02.340289+00:00
[2023-04-23 09:59:19,947] {transport.py:157} INFO - Attempting refresh to obtain initial access_token
[2023-04-23 09:59:19,954] {client.py:777} INFO - Refreshing access_token
[2023-04-23 09:59:20,842] {transport.py:157} INFO - Attempting refresh to obtain initial access_token
[2023-04-23 09:59:20,847] {client.py:777} INFO - Refreshing access_token
[2023-04-23 09:59:21,326] {python.py:173} INFO - Done. Returned value was: None
[2023-04-23 09:59:21,350] {taskinstance.py:1400} INFO - Marking task as SUCCESS. dag_id=multi_defence_dag, task_id=choose_best, execution_date=20230423T095902, start_date=20230423T095919, end_date=20230423T095921
[2023-04-23 09:59:21,406] {local_task_job.py:156} INFO - Task exited with return code 0
[2023-04-23 09:59:21,478] {local_task_job.py:273} INFO - 1 downstream tasks scheduled from follow-on schedule check
