[2023-04-27 11:40:59,781] {taskinstance.py:1159} INFO - Dependencies all met for <TaskInstance: multi_defence_dag.choose_defence manual__2023-04-27T11:40:52.281856+00:00 [queued]>
[2023-04-27 11:40:59,822] {taskinstance.py:1159} INFO - Dependencies all met for <TaskInstance: multi_defence_dag.choose_defence manual__2023-04-27T11:40:52.281856+00:00 [queued]>
[2023-04-27 11:40:59,828] {taskinstance.py:1356} INFO - 
--------------------------------------------------------------------------------
[2023-04-27 11:40:59,857] {taskinstance.py:1357} INFO - Starting attempt 1 of 2
[2023-04-27 11:40:59,868] {taskinstance.py:1358} INFO - 
--------------------------------------------------------------------------------
[2023-04-27 11:40:59,950] {taskinstance.py:1377} INFO - Executing <Task(PythonOperator): choose_defence> on 2023-04-27 11:40:52.281856+00:00
[2023-04-27 11:41:00,005] {standard_task_runner.py:52} INFO - Started process 1960 to run task
[2023-04-27 11:41:00,012] {standard_task_runner.py:79} INFO - Running: ['***', 'tasks', 'run', 'multi_defence_dag', 'choose_defence', 'manual__2023-04-27T11:40:52.281856+00:00', '--job-id', '6742', '--raw', '--subdir', 'DAGS_FOLDER/defence_dag.py', '--cfg-path', '/tmp/tmpyvvbks98', '--error-file', '/tmp/tmp2mc4knuu']
[2023-04-27 11:41:00,028] {standard_task_runner.py:80} INFO - Job 6742: Subtask choose_defence
[2023-04-27 11:41:00,129] {task_command.py:369} INFO - Running <TaskInstance: multi_defence_dag.choose_defence manual__2023-04-27T11:40:52.281856+00:00 [running]> on host e7e31d5a6603
[2023-04-27 11:41:00,388] {taskinstance.py:1571} INFO - Exporting the following env vars:
AIRFLOW_CTX_DAG_OWNER=***
AIRFLOW_CTX_DAG_ID=multi_defence_dag
AIRFLOW_CTX_TASK_ID=choose_defence
AIRFLOW_CTX_EXECUTION_DATE=2023-04-27T11:40:52.281856+00:00
AIRFLOW_CTX_TRY_NUMBER=1
AIRFLOW_CTX_DAG_RUN_ID=manual__2023-04-27T11:40:52.281856+00:00
[2023-04-27 11:41:00,489] {python.py:173} INFO - Done. Returned value was: None
[2023-04-27 11:41:00,563] {taskinstance.py:1400} INFO - Marking task as SUCCESS. dag_id=multi_defence_dag, task_id=choose_defence, execution_date=20230427T114052, start_date=20230427T114059, end_date=20230427T114100
[2023-04-27 11:41:00,628] {local_task_job.py:156} INFO - Task exited with return code 0
[2023-04-27 11:41:00,786] {local_task_job.py:273} INFO - 3 downstream tasks scheduled from follow-on schedule check
