[2023-04-27 10:31:23,554] {taskinstance.py:1159} INFO - Dependencies all met for <TaskInstance: multi_attack_dag.to_attack_LowProFool manual__2023-04-27T10:30:40.186391+00:00 [queued]>
[2023-04-27 10:31:23,741] {taskinstance.py:1159} INFO - Dependencies all met for <TaskInstance: multi_attack_dag.to_attack_LowProFool manual__2023-04-27T10:30:40.186391+00:00 [queued]>
[2023-04-27 10:31:23,743] {taskinstance.py:1356} INFO - 
--------------------------------------------------------------------------------
[2023-04-27 10:31:23,745] {taskinstance.py:1357} INFO - Starting attempt 1 of 2
[2023-04-27 10:31:23,750] {taskinstance.py:1358} INFO - 
--------------------------------------------------------------------------------
[2023-04-27 10:31:23,995] {taskinstance.py:1377} INFO - Executing <Task(BranchPythonOperator): to_attack_LowProFool> on 2023-04-27 10:30:40.186391+00:00
[2023-04-27 10:31:24,081] {standard_task_runner.py:52} INFO - Started process 5300 to run task
[2023-04-27 10:31:24,100] {standard_task_runner.py:79} INFO - Running: ['***', 'tasks', 'run', 'multi_attack_dag', 'to_attack_LowProFool', 'manual__2023-04-27T10:30:40.186391+00:00', '--job-id', '6599', '--raw', '--subdir', 'DAGS_FOLDER/attack_dag.py', '--cfg-path', '/tmp/tmpgdu1esjw', '--error-file', '/tmp/tmp8az4809r']
[2023-04-27 10:31:24,119] {standard_task_runner.py:80} INFO - Job 6599: Subtask to_attack_LowProFool
[2023-04-27 10:31:24,602] {task_command.py:369} INFO - Running <TaskInstance: multi_attack_dag.to_attack_LowProFool manual__2023-04-27T10:30:40.186391+00:00 [running]> on host e7e31d5a6603
[2023-04-27 10:31:25,292] {taskinstance.py:1571} INFO - Exporting the following env vars:
AIRFLOW_CTX_DAG_OWNER=***
AIRFLOW_CTX_DAG_ID=multi_attack_dag
AIRFLOW_CTX_TASK_ID=to_attack_LowProFool
AIRFLOW_CTX_EXECUTION_DATE=2023-04-27T10:30:40.186391+00:00
AIRFLOW_CTX_TRY_NUMBER=1
AIRFLOW_CTX_DAG_RUN_ID=manual__2023-04-27T10:30:40.186391+00:00
[2023-04-27 10:31:25,413] {python.py:173} INFO - Done. Returned value was: attack_LowProFool
[2023-04-27 10:31:25,420] {skipmixin.py:140} INFO - Following branch attack_LowProFool
[2023-04-27 10:31:25,424] {skipmixin.py:175} INFO - Skipping tasks ['default']
[2023-04-27 10:31:26,694] {taskinstance.py:1400} INFO - Marking task as SUCCESS. dag_id=multi_attack_dag, task_id=to_attack_LowProFool, execution_date=20230427T103040, start_date=20230427T103123, end_date=20230427T103126
[2023-04-27 10:31:26,930] {local_task_job.py:156} INFO - Task exited with return code 0
[2023-04-27 10:31:27,846] {local_task_job.py:273} INFO - 1 downstream tasks scheduled from follow-on schedule check
