[2023-03-23 15:17:24,085] {taskinstance.py:1159} INFO - Dependencies all met for <TaskInstance: multi_attack_dag.metadata manual__2023-03-23T15:17:08.856488+00:00 [queued]>
[2023-03-23 15:17:24,145] {taskinstance.py:1159} INFO - Dependencies all met for <TaskInstance: multi_attack_dag.metadata manual__2023-03-23T15:17:08.856488+00:00 [queued]>
[2023-03-23 15:17:24,147] {taskinstance.py:1356} INFO - 
--------------------------------------------------------------------------------
[2023-03-23 15:17:24,150] {taskinstance.py:1357} INFO - Starting attempt 1 of 2
[2023-03-23 15:17:24,152] {taskinstance.py:1358} INFO - 
--------------------------------------------------------------------------------
[2023-03-23 15:17:24,235] {taskinstance.py:1377} INFO - Executing <Task(PythonOperator): metadata> on 2023-03-23 15:17:08.856488+00:00
[2023-03-23 15:17:24,255] {standard_task_runner.py:52} INFO - Started process 11930 to run task
[2023-03-23 15:17:24,273] {standard_task_runner.py:79} INFO - Running: ['***', 'tasks', 'run', 'multi_attack_dag', 'metadata', 'manual__2023-03-23T15:17:08.856488+00:00', '--job-id', '2969', '--raw', '--subdir', 'DAGS_FOLDER/attack_dag.py', '--cfg-path', '/tmp/tmpxdik3jd6', '--error-file', '/tmp/tmpfd5pgcyt']
[2023-03-23 15:17:24,285] {standard_task_runner.py:80} INFO - Job 2969: Subtask metadata
[2023-03-23 15:17:24,593] {task_command.py:369} INFO - Running <TaskInstance: multi_attack_dag.metadata manual__2023-03-23T15:17:08.856488+00:00 [running]> on host 6447f1dacd32
[2023-03-23 15:17:24,949] {taskinstance.py:1571} INFO - Exporting the following env vars:
AIRFLOW_CTX_DAG_OWNER=***
AIRFLOW_CTX_DAG_ID=multi_attack_dag
AIRFLOW_CTX_TASK_ID=metadata
AIRFLOW_CTX_EXECUTION_DATE=2023-03-23T15:17:08.856488+00:00
AIRFLOW_CTX_TRY_NUMBER=1
AIRFLOW_CTX_DAG_RUN_ID=manual__2023-03-23T15:17:08.856488+00:00
[2023-03-23 15:17:24,980] {transport.py:157} INFO - Attempting refresh to obtain initial access_token
[2023-03-23 15:17:24,996] {client.py:777} INFO - Refreshing access_token
[2023-03-23 15:17:26,286] {python.py:173} INFO - Done. Returned value was: None
[2023-03-23 15:17:26,421] {taskinstance.py:1400} INFO - Marking task as SUCCESS. dag_id=multi_attack_dag, task_id=metadata, execution_date=20230323T151708, start_date=20230323T151724, end_date=20230323T151726
[2023-03-23 15:17:26,567] {local_task_job.py:156} INFO - Task exited with return code 0
[2023-03-23 15:17:26,815] {local_task_job.py:273} INFO - 3 downstream tasks scheduled from follow-on schedule check
