[2023-03-23 14:50:43,942] {taskinstance.py:1159} INFO - Dependencies all met for <TaskInstance: multi_attack_dag.choose_best manual__2023-03-23T14:50:03.746635+00:00 [queued]>
[2023-03-23 14:50:44,010] {taskinstance.py:1159} INFO - Dependencies all met for <TaskInstance: multi_attack_dag.choose_best manual__2023-03-23T14:50:03.746635+00:00 [queued]>
[2023-03-23 14:50:44,012] {taskinstance.py:1356} INFO - 
--------------------------------------------------------------------------------
[2023-03-23 14:50:44,015] {taskinstance.py:1357} INFO - Starting attempt 1 of 2
[2023-03-23 14:50:44,017] {taskinstance.py:1358} INFO - 
--------------------------------------------------------------------------------
[2023-03-23 14:50:44,108] {taskinstance.py:1377} INFO - Executing <Task(PythonOperator): choose_best> on 2023-03-23 14:50:03.746635+00:00
[2023-03-23 14:50:44,129] {standard_task_runner.py:52} INFO - Started process 10816 to run task
[2023-03-23 14:50:44,151] {standard_task_runner.py:79} INFO - Running: ['***', 'tasks', 'run', 'multi_attack_dag', 'choose_best', 'manual__2023-03-23T14:50:03.746635+00:00', '--job-id', '2740', '--raw', '--subdir', 'DAGS_FOLDER/attack_dag.py', '--cfg-path', '/tmp/tmpv6mlxe99', '--error-file', '/tmp/tmp3be1c600']
[2023-03-23 14:50:44,157] {standard_task_runner.py:80} INFO - Job 2740: Subtask choose_best
[2023-03-23 14:50:44,544] {task_command.py:369} INFO - Running <TaskInstance: multi_attack_dag.choose_best manual__2023-03-23T14:50:03.746635+00:00 [running]> on host 6447f1dacd32
[2023-03-23 14:50:45,128] {taskinstance.py:1571} INFO - Exporting the following env vars:
AIRFLOW_CTX_DAG_OWNER=***
AIRFLOW_CTX_DAG_ID=multi_attack_dag
AIRFLOW_CTX_TASK_ID=choose_best
AIRFLOW_CTX_EXECUTION_DATE=2023-03-23T14:50:03.746635+00:00
AIRFLOW_CTX_TRY_NUMBER=1
AIRFLOW_CTX_DAG_RUN_ID=manual__2023-03-23T14:50:03.746635+00:00
[2023-03-23 14:50:45,545] {transport.py:157} INFO - Attempting refresh to obtain initial access_token
[2023-03-23 14:50:45,578] {client.py:777} INFO - Refreshing access_token
[2023-03-23 14:50:47,160] {python.py:173} INFO - Done. Returned value was: None
[2023-03-23 14:50:47,206] {taskinstance.py:1400} INFO - Marking task as SUCCESS. dag_id=multi_attack_dag, task_id=choose_best, execution_date=20230323T145003, start_date=20230323T145043, end_date=20230323T145047
[2023-03-23 14:50:47,339] {local_task_job.py:156} INFO - Task exited with return code 0
[2023-03-23 14:50:47,578] {local_task_job.py:273} INFO - 1 downstream tasks scheduled from follow-on schedule check
