[2023-04-27 08:27:32,031] {taskinstance.py:1159} INFO - Dependencies all met for <TaskInstance: multi_attack_dag.to_attack_AdversarialPatchPyTorch scheduled__2023-04-23T00:00:00+00:00 [queued]>
[2023-04-27 08:27:32,210] {taskinstance.py:1159} INFO - Dependencies all met for <TaskInstance: multi_attack_dag.to_attack_AdversarialPatchPyTorch scheduled__2023-04-23T00:00:00+00:00 [queued]>
[2023-04-27 08:27:32,215] {taskinstance.py:1356} INFO - 
--------------------------------------------------------------------------------
[2023-04-27 08:27:32,217] {taskinstance.py:1357} INFO - Starting attempt 2 of 2
[2023-04-27 08:27:32,220] {taskinstance.py:1358} INFO - 
--------------------------------------------------------------------------------
[2023-04-27 08:27:32,374] {taskinstance.py:1377} INFO - Executing <Task(BranchPythonOperator): to_attack_AdversarialPatchPyTorch> on 2023-04-23 00:00:00+00:00
[2023-04-27 08:27:32,486] {standard_task_runner.py:52} INFO - Started process 675 to run task
[2023-04-27 08:27:32,521] {standard_task_runner.py:79} INFO - Running: ['***', 'tasks', 'run', 'multi_attack_dag', 'to_attack_AdversarialPatchPyTorch', 'scheduled__2023-04-23T00:00:00+00:00', '--job-id', '6341', '--raw', '--subdir', 'DAGS_FOLDER/attack_dag.py', '--cfg-path', '/tmp/tmp5nd446qp', '--error-file', '/tmp/tmphxks83bc']
[2023-04-27 08:27:32,580] {standard_task_runner.py:80} INFO - Job 6341: Subtask to_attack_AdversarialPatchPyTorch
[2023-04-27 08:27:33,000] {task_command.py:369} INFO - Running <TaskInstance: multi_attack_dag.to_attack_AdversarialPatchPyTorch scheduled__2023-04-23T00:00:00+00:00 [running]> on host e7e31d5a6603
[2023-04-27 08:27:34,037] {taskinstance.py:1571} INFO - Exporting the following env vars:
AIRFLOW_CTX_DAG_OWNER=***
AIRFLOW_CTX_DAG_ID=multi_attack_dag
AIRFLOW_CTX_TASK_ID=to_attack_AdversarialPatchPyTorch
AIRFLOW_CTX_EXECUTION_DATE=2023-04-23T00:00:00+00:00
AIRFLOW_CTX_TRY_NUMBER=2
AIRFLOW_CTX_DAG_RUN_ID=scheduled__2023-04-23T00:00:00+00:00
[2023-04-27 08:27:34,138] {python.py:173} INFO - Done. Returned value was: default
[2023-04-27 08:27:34,154] {skipmixin.py:140} INFO - Following branch default
[2023-04-27 08:27:34,185] {skipmixin.py:175} INFO - Skipping tasks ['attack_AdversarialPatchPyTorch']
[2023-04-27 08:27:34,506] {taskinstance.py:1400} INFO - Marking task as SUCCESS. dag_id=multi_attack_dag, task_id=to_attack_AdversarialPatchPyTorch, execution_date=20230423T000000, start_date=20230427T082732, end_date=20230427T082734
[2023-04-27 08:27:34,685] {local_task_job.py:156} INFO - Task exited with return code 0
[2023-04-27 08:27:35,371] {local_task_job.py:273} INFO - 0 downstream tasks scheduled from follow-on schedule check
