[2023-03-12 15:18:54,632] {taskinstance.py:1159} INFO - Dependencies all met for <TaskInstance: defence_dag.defence1 manual__2023-03-12T15:18:50.089265+00:00 [queued]>
[2023-03-12 15:18:54,642] {taskinstance.py:1159} INFO - Dependencies all met for <TaskInstance: defence_dag.defence1 manual__2023-03-12T15:18:50.089265+00:00 [queued]>
[2023-03-12 15:18:54,643] {taskinstance.py:1356} INFO - 
--------------------------------------------------------------------------------
[2023-03-12 15:18:54,643] {taskinstance.py:1357} INFO - Starting attempt 1 of 1
[2023-03-12 15:18:54,643] {taskinstance.py:1358} INFO - 
--------------------------------------------------------------------------------
[2023-03-12 15:18:54,654] {taskinstance.py:1377} INFO - Executing <Task(PythonOperator): defence1> on 2023-03-12 15:18:50.089265+00:00
[2023-03-12 15:18:54,659] {standard_task_runner.py:52} INFO - Started process 143 to run task
[2023-03-12 15:18:54,661] {standard_task_runner.py:79} INFO - Running: ['***', 'tasks', 'run', 'defence_dag', 'defence1', 'manual__2023-03-12T15:18:50.089265+00:00', '--job-id', '450', '--raw', '--subdir', 'DAGS_FOLDER/defese.py', '--cfg-path', '/tmp/tmpk9kdugra', '--error-file', '/tmp/tmp4q619sx2']
[2023-03-12 15:18:54,662] {standard_task_runner.py:80} INFO - Job 450: Subtask defence1
[2023-03-12 15:18:54,709] {task_command.py:369} INFO - Running <TaskInstance: defence_dag.defence1 manual__2023-03-12T15:18:50.089265+00:00 [running]> on host 596adcca7378
[2023-03-12 15:18:54,770] {taskinstance.py:1571} INFO - Exporting the following env vars:
AIRFLOW_CTX_DAG_OWNER=***
AIRFLOW_CTX_DAG_ID=defence_dag
AIRFLOW_CTX_TASK_ID=defence1
AIRFLOW_CTX_EXECUTION_DATE=2023-03-12T15:18:50.089265+00:00
AIRFLOW_CTX_TRY_NUMBER=1
AIRFLOW_CTX_DAG_RUN_ID=manual__2023-03-12T15:18:50.089265+00:00
[2023-03-12 15:18:54,771] {logging_mixin.py:115} INFO - defensing
[2023-03-12 15:18:54,771] {python.py:173} INFO - Done. Returned value was: None
[2023-03-12 15:18:54,782] {taskinstance.py:1400} INFO - Marking task as SUCCESS. dag_id=defence_dag, task_id=defence1, execution_date=20230312T151850, start_date=20230312T151854, end_date=20230312T151854
[2023-03-12 15:18:54,794] {local_task_job.py:156} INFO - Task exited with return code 0
[2023-03-12 15:18:54,824] {local_task_job.py:273} INFO - 1 downstream tasks scheduled from follow-on schedule check
