[2023-04-27 08:18:55,151] {taskinstance.py:1159} INFO - Dependencies all met for <TaskInstance: multi_sklearn_attack_dag.choose_attack scheduled__2023-04-23T00:00:00+00:00 [queued]>
[2023-04-27 08:18:55,209] {taskinstance.py:1159} INFO - Dependencies all met for <TaskInstance: multi_sklearn_attack_dag.choose_attack scheduled__2023-04-23T00:00:00+00:00 [queued]>
[2023-04-27 08:18:55,213] {taskinstance.py:1356} INFO - 
--------------------------------------------------------------------------------
[2023-04-27 08:18:55,214] {taskinstance.py:1357} INFO - Starting attempt 1 of 2
[2023-04-27 08:18:55,215] {taskinstance.py:1358} INFO - 
--------------------------------------------------------------------------------
[2023-04-27 08:18:55,310] {taskinstance.py:1377} INFO - Executing <Task(PythonOperator): choose_attack> on 2023-04-23 00:00:00+00:00
[2023-04-27 08:18:55,336] {standard_task_runner.py:52} INFO - Started process 108 to run task
[2023-04-27 08:18:55,370] {standard_task_runner.py:79} INFO - Running: ['***', 'tasks', 'run', 'multi_sklearn_attack_dag', 'choose_attack', 'scheduled__2023-04-23T00:00:00+00:00', '--job-id', '6288', '--raw', '--subdir', 'DAGS_FOLDER/sklearn_attack_dag.py', '--cfg-path', '/tmp/tmp4qkz18_k', '--error-file', '/tmp/tmp8nnu2irz']
[2023-04-27 08:18:55,374] {standard_task_runner.py:80} INFO - Job 6288: Subtask choose_attack
[2023-04-27 08:18:55,704] {task_command.py:369} INFO - Running <TaskInstance: multi_sklearn_attack_dag.choose_attack scheduled__2023-04-23T00:00:00+00:00 [running]> on host e7e31d5a6603
[2023-04-27 08:18:56,003] {taskinstance.py:1571} INFO - Exporting the following env vars:
AIRFLOW_CTX_DAG_OWNER=***
AIRFLOW_CTX_DAG_ID=multi_sklearn_attack_dag
AIRFLOW_CTX_TASK_ID=choose_attack
AIRFLOW_CTX_EXECUTION_DATE=2023-04-23T00:00:00+00:00
AIRFLOW_CTX_TRY_NUMBER=1
AIRFLOW_CTX_DAG_RUN_ID=scheduled__2023-04-23T00:00:00+00:00
[2023-04-27 08:18:56,081] {python.py:173} INFO - Done. Returned value was: None
[2023-04-27 08:18:56,115] {taskinstance.py:1400} INFO - Marking task as SUCCESS. dag_id=multi_sklearn_attack_dag, task_id=choose_attack, execution_date=20230423T000000, start_date=20230427T081855, end_date=20230427T081856
[2023-04-27 08:18:56,221] {local_task_job.py:156} INFO - Task exited with return code 0
[2023-04-27 08:18:56,361] {local_task_job.py:273} INFO - 1 downstream tasks scheduled from follow-on schedule check
