[2023-03-28 10:01:19,098] {taskinstance.py:1159} INFO - Dependencies all met for <TaskInstance: attack_dag2.attack manual__2023-03-28T10:01:17.027823+00:00 [queued]>
[2023-03-28 10:01:19,106] {taskinstance.py:1159} INFO - Dependencies all met for <TaskInstance: attack_dag2.attack manual__2023-03-28T10:01:17.027823+00:00 [queued]>
[2023-03-28 10:01:19,106] {taskinstance.py:1356} INFO - 
--------------------------------------------------------------------------------
[2023-03-28 10:01:19,106] {taskinstance.py:1357} INFO - Starting attempt 1 of 1
[2023-03-28 10:01:19,112] {taskinstance.py:1358} INFO - 
--------------------------------------------------------------------------------
[2023-03-28 10:01:19,133] {taskinstance.py:1377} INFO - Executing <Task(PythonOperator): attack> on 2023-03-28 10:01:17.027823+00:00
[2023-03-28 10:01:19,142] {standard_task_runner.py:52} INFO - Started process 1555 to run task
[2023-03-28 10:01:19,148] {standard_task_runner.py:79} INFO - Running: ['***', 'tasks', 'run', 'attack_dag2', 'attack', 'manual__2023-03-28T10:01:17.027823+00:00', '--job-id', '4142', '--raw', '--subdir', 'DAGS_FOLDER/attack.py', '--cfg-path', '/tmp/tmpc5ltzz5t', '--error-file', '/tmp/tmpga_4vdv6']
[2023-03-28 10:01:19,150] {standard_task_runner.py:80} INFO - Job 4142: Subtask attack
[2023-03-28 10:01:19,219] {task_command.py:369} INFO - Running <TaskInstance: attack_dag2.attack manual__2023-03-28T10:01:17.027823+00:00 [running]> on host 70f8824ef075
[2023-03-28 10:01:19,300] {taskinstance.py:1571} INFO - Exporting the following env vars:
AIRFLOW_CTX_DAG_OWNER=***
AIRFLOW_CTX_DAG_ID=attack_dag2
AIRFLOW_CTX_TASK_ID=attack
AIRFLOW_CTX_EXECUTION_DATE=2023-03-28T10:01:17.027823+00:00
AIRFLOW_CTX_TRY_NUMBER=1
AIRFLOW_CTX_DAG_RUN_ID=manual__2023-03-28T10:01:17.027823+00:00
[2023-03-28 10:01:19,303] {transport.py:157} INFO - Attempting refresh to obtain initial access_token
[2023-03-28 10:01:19,306] {client.py:777} INFO - Refreshing access_token
[2023-03-28 10:01:20,313] {transport.py:157} INFO - Attempting refresh to obtain initial access_token
[2023-03-28 10:01:20,317] {client.py:777} INFO - Refreshing access_token
[2023-03-28 10:01:20,911] {python.py:173} INFO - Done. Returned value was: None
[2023-03-28 10:01:20,945] {taskinstance.py:1400} INFO - Marking task as SUCCESS. dag_id=attack_dag2, task_id=attack, execution_date=20230328T100117, start_date=20230328T100119, end_date=20230328T100120
[2023-03-28 10:01:20,974] {local_task_job.py:156} INFO - Task exited with return code 0
[2023-03-28 10:01:21,012] {local_task_job.py:273} INFO - 1 downstream tasks scheduled from follow-on schedule check
