[2023-04-27 08:58:02,250] {taskinstance.py:1159} INFO - Dependencies all met for <TaskInstance: multi_attack_dag.to_attack_ShapeShifter manual__2023-04-27T08:51:22.380115+00:00 [queued]>
[2023-04-27 08:58:02,316] {taskinstance.py:1159} INFO - Dependencies all met for <TaskInstance: multi_attack_dag.to_attack_ShapeShifter manual__2023-04-27T08:51:22.380115+00:00 [queued]>
[2023-04-27 08:58:02,317] {taskinstance.py:1356} INFO - 
--------------------------------------------------------------------------------
[2023-04-27 08:58:02,319] {taskinstance.py:1357} INFO - Starting attempt 2 of 2
[2023-04-27 08:58:02,331] {taskinstance.py:1358} INFO - 
--------------------------------------------------------------------------------
[2023-04-27 08:58:02,379] {taskinstance.py:1377} INFO - Executing <Task(BranchPythonOperator): to_attack_ShapeShifter> on 2023-04-27 08:51:22.380115+00:00
[2023-04-27 08:58:02,392] {standard_task_runner.py:52} INFO - Started process 2228 to run task
[2023-04-27 08:58:02,400] {standard_task_runner.py:79} INFO - Running: ['***', 'tasks', 'run', 'multi_attack_dag', 'to_attack_ShapeShifter', 'manual__2023-04-27T08:51:22.380115+00:00', '--job-id', '6405', '--raw', '--subdir', 'DAGS_FOLDER/attack_dag.py', '--cfg-path', '/tmp/tmpfe84s7du', '--error-file', '/tmp/tmp20v9lt15']
[2023-04-27 08:58:02,402] {standard_task_runner.py:80} INFO - Job 6405: Subtask to_attack_ShapeShifter
[2023-04-27 08:58:02,561] {task_command.py:369} INFO - Running <TaskInstance: multi_attack_dag.to_attack_ShapeShifter manual__2023-04-27T08:51:22.380115+00:00 [running]> on host e7e31d5a6603
[2023-04-27 08:58:02,778] {taskinstance.py:1571} INFO - Exporting the following env vars:
AIRFLOW_CTX_DAG_OWNER=***
AIRFLOW_CTX_DAG_ID=multi_attack_dag
AIRFLOW_CTX_TASK_ID=to_attack_ShapeShifter
AIRFLOW_CTX_EXECUTION_DATE=2023-04-27T08:51:22.380115+00:00
AIRFLOW_CTX_TRY_NUMBER=2
AIRFLOW_CTX_DAG_RUN_ID=manual__2023-04-27T08:51:22.380115+00:00
[2023-04-27 08:58:02,829] {python.py:173} INFO - Done. Returned value was: default
[2023-04-27 08:58:02,833] {skipmixin.py:140} INFO - Following branch default
[2023-04-27 08:58:02,834] {skipmixin.py:175} INFO - Skipping tasks ['attack_ShapeShifter']
[2023-04-27 08:58:02,978] {taskinstance.py:1400} INFO - Marking task as SUCCESS. dag_id=multi_attack_dag, task_id=to_attack_ShapeShifter, execution_date=20230427T085122, start_date=20230427T085802, end_date=20230427T085802
[2023-04-27 08:58:03,046] {local_task_job.py:156} INFO - Task exited with return code 0
[2023-04-27 08:58:03,283] {local_task_job.py:273} INFO - 0 downstream tasks scheduled from follow-on schedule check
