[2023-03-16 11:56:51,517] {taskinstance.py:1159} INFO - Dependencies all met for <TaskInstance: defence_dag.storing manual__2023-03-12T15:20:07.916504+00:00 [queued]>
[2023-03-16 11:56:51,536] {taskinstance.py:1159} INFO - Dependencies all met for <TaskInstance: defence_dag.storing manual__2023-03-12T15:20:07.916504+00:00 [queued]>
[2023-03-16 11:56:51,537] {taskinstance.py:1356} INFO - 
--------------------------------------------------------------------------------
[2023-03-16 11:56:51,537] {taskinstance.py:1357} INFO - Starting attempt 2 of 2
[2023-03-16 11:56:51,539] {taskinstance.py:1358} INFO - 
--------------------------------------------------------------------------------
[2023-03-16 11:56:51,680] {taskinstance.py:1377} INFO - Executing <Task(BashOperator): storing> on 2023-03-12 15:20:07.916504+00:00
[2023-03-16 11:56:51,696] {standard_task_runner.py:52} INFO - Started process 780 to run task
[2023-03-16 11:56:51,708] {standard_task_runner.py:79} INFO - Running: ['***', 'tasks', 'run', 'defence_dag', 'storing', 'manual__2023-03-12T15:20:07.916504+00:00', '--job-id', '1014', '--raw', '--subdir', 'DAGS_FOLDER/defese.py', '--cfg-path', '/tmp/tmppl6w6dbg', '--error-file', '/tmp/tmpkcn6tbxk']
[2023-03-16 11:56:51,723] {standard_task_runner.py:80} INFO - Job 1014: Subtask storing
[2023-03-16 11:56:52,189] {task_command.py:369} INFO - Running <TaskInstance: defence_dag.storing manual__2023-03-12T15:20:07.916504+00:00 [running]> on host 596adcca7378
[2023-03-16 11:56:52,568] {taskinstance.py:1571} INFO - Exporting the following env vars:
AIRFLOW_CTX_DAG_OWNER=***
AIRFLOW_CTX_DAG_ID=defence_dag
AIRFLOW_CTX_TASK_ID=storing
AIRFLOW_CTX_EXECUTION_DATE=2023-03-12T15:20:07.916504+00:00
AIRFLOW_CTX_TRY_NUMBER=2
AIRFLOW_CTX_DAG_RUN_ID=manual__2023-03-12T15:20:07.916504+00:00
[2023-03-16 11:56:52,571] {subprocess.py:62} INFO - Tmp dir root location: 
 /tmp
[2023-03-16 11:56:52,573] {subprocess.py:74} INFO - Running command: ['bash', '-c', 'sleep 1']
[2023-03-16 11:56:52,672] {subprocess.py:85} INFO - Output:
[2023-03-16 11:56:53,704] {subprocess.py:96} INFO - Command exited with return code 0
[2023-03-16 11:56:54,453] {taskinstance.py:1400} INFO - Marking task as SUCCESS. dag_id=defence_dag, task_id=storing, execution_date=20230312T152007, start_date=20230316T115651, end_date=20230316T115654
[2023-03-16 11:56:54,574] {local_task_job.py:156} INFO - Task exited with return code 0
[2023-03-16 11:56:54,866] {local_task_job.py:273} INFO - 1 downstream tasks scheduled from follow-on schedule check
