[2023-04-09 08:52:46,760] {taskinstance.py:1159} INFO - Dependencies all met for <TaskInstance: multi_defence_dag.stop manual__2023-04-09T08:52:14.995340+00:00 [queued]>
[2023-04-09 08:52:46,785] {taskinstance.py:1159} INFO - Dependencies all met for <TaskInstance: multi_defence_dag.stop manual__2023-04-09T08:52:14.995340+00:00 [queued]>
[2023-04-09 08:52:46,786] {taskinstance.py:1356} INFO - 
--------------------------------------------------------------------------------
[2023-04-09 08:52:46,786] {taskinstance.py:1357} INFO - Starting attempt 1 of 2
[2023-04-09 08:52:46,788] {taskinstance.py:1358} INFO - 
--------------------------------------------------------------------------------
[2023-04-09 08:52:46,812] {taskinstance.py:1377} INFO - Executing <Task(PythonOperator): stop> on 2023-04-09 08:52:14.995340+00:00
[2023-04-09 08:52:46,822] {standard_task_runner.py:52} INFO - Started process 5477 to run task
[2023-04-09 08:52:46,828] {standard_task_runner.py:79} INFO - Running: ['***', 'tasks', 'run', 'multi_defence_dag', 'stop', 'manual__2023-04-09T08:52:14.995340+00:00', '--job-id', '4887', '--raw', '--subdir', 'DAGS_FOLDER/defence_dag.py', '--cfg-path', '/tmp/tmpdaob0b7v', '--error-file', '/tmp/tmppw5uezbg']
[2023-04-09 08:52:46,830] {standard_task_runner.py:80} INFO - Job 4887: Subtask stop
[2023-04-09 08:52:46,935] {task_command.py:369} INFO - Running <TaskInstance: multi_defence_dag.stop manual__2023-04-09T08:52:14.995340+00:00 [running]> on host ff3d40af78f9
[2023-04-09 08:52:47,068] {taskinstance.py:1571} INFO - Exporting the following env vars:
AIRFLOW_CTX_DAG_OWNER=***
AIRFLOW_CTX_DAG_ID=multi_defence_dag
AIRFLOW_CTX_TASK_ID=stop
AIRFLOW_CTX_EXECUTION_DATE=2023-04-09T08:52:14.995340+00:00
AIRFLOW_CTX_TRY_NUMBER=1
AIRFLOW_CTX_DAG_RUN_ID=manual__2023-04-09T08:52:14.995340+00:00
[2023-04-09 08:52:47,070] {python.py:173} INFO - Done. Returned value was: Cycle has ended
[2023-04-09 08:52:47,122] {taskinstance.py:1400} INFO - Marking task as SUCCESS. dag_id=multi_defence_dag, task_id=stop, execution_date=20230409T085214, start_date=20230409T085246, end_date=20230409T085247
[2023-04-09 08:52:47,161] {local_task_job.py:156} INFO - Task exited with return code 0
[2023-04-09 08:52:47,223] {local_task_job.py:273} INFO - 0 downstream tasks scheduled from follow-on schedule check
