[2023-03-23 15:16:22,381] {taskinstance.py:1159} INFO - Dependencies all met for <TaskInstance: multi_defence_dag.to_defence1 manual__2023-03-23T15:16:09.085439+00:00 [queued]>
[2023-03-23 15:16:22,439] {taskinstance.py:1159} INFO - Dependencies all met for <TaskInstance: multi_defence_dag.to_defence1 manual__2023-03-23T15:16:09.085439+00:00 [queued]>
[2023-03-23 15:16:22,440] {taskinstance.py:1356} INFO - 
--------------------------------------------------------------------------------
[2023-03-23 15:16:22,442] {taskinstance.py:1357} INFO - Starting attempt 1 of 2
[2023-03-23 15:16:22,444] {taskinstance.py:1358} INFO - 
--------------------------------------------------------------------------------
[2023-03-23 15:16:22,513] {taskinstance.py:1377} INFO - Executing <Task(BranchPythonOperator): to_defence1> on 2023-03-23 15:16:09.085439+00:00
[2023-03-23 15:16:22,561] {standard_task_runner.py:52} INFO - Started process 11845 to run task
[2023-03-23 15:16:22,571] {standard_task_runner.py:79} INFO - Running: ['***', 'tasks', 'run', 'multi_defence_dag', 'to_defence1', 'manual__2023-03-23T15:16:09.085439+00:00', '--job-id', '2941', '--raw', '--subdir', 'DAGS_FOLDER/defence_dag.py', '--cfg-path', '/tmp/tmpx2j0gi7w', '--error-file', '/tmp/tmp7zron3i5']
[2023-03-23 15:16:22,576] {standard_task_runner.py:80} INFO - Job 2941: Subtask to_defence1
[2023-03-23 15:16:22,920] {task_command.py:369} INFO - Running <TaskInstance: multi_defence_dag.to_defence1 manual__2023-03-23T15:16:09.085439+00:00 [running]> on host 6447f1dacd32
[2023-03-23 15:16:23,594] {taskinstance.py:1571} INFO - Exporting the following env vars:
AIRFLOW_CTX_DAG_OWNER=***
AIRFLOW_CTX_DAG_ID=multi_defence_dag
AIRFLOW_CTX_TASK_ID=to_defence1
AIRFLOW_CTX_EXECUTION_DATE=2023-03-23T15:16:09.085439+00:00
AIRFLOW_CTX_TRY_NUMBER=1
AIRFLOW_CTX_DAG_RUN_ID=manual__2023-03-23T15:16:09.085439+00:00
[2023-03-23 15:16:23,728] {python.py:173} INFO - Done. Returned value was: Defence1
[2023-03-23 15:16:23,734] {skipmixin.py:140} INFO - Following branch Defence1
[2023-03-23 15:16:23,741] {skipmixin.py:175} INFO - Skipping tasks ['default']
[2023-03-23 15:16:24,191] {taskinstance.py:1400} INFO - Marking task as SUCCESS. dag_id=multi_defence_dag, task_id=to_defence1, execution_date=20230323T151609, start_date=20230323T151622, end_date=20230323T151624
[2023-03-23 15:16:24,368] {local_task_job.py:156} INFO - Task exited with return code 0
[2023-03-23 15:16:24,950] {local_task_job.py:273} INFO - 1 downstream tasks scheduled from follow-on schedule check
