[2023-03-28 09:59:25,735] {taskinstance.py:1159} INFO - Dependencies all met for <TaskInstance: defence_dag2.storing manual__2023-03-28T09:59:23.605581+00:00 [queued]>
[2023-03-28 09:59:25,743] {taskinstance.py:1159} INFO - Dependencies all met for <TaskInstance: defence_dag2.storing manual__2023-03-28T09:59:23.605581+00:00 [queued]>
[2023-03-28 09:59:25,744] {taskinstance.py:1356} INFO - 
--------------------------------------------------------------------------------
[2023-03-28 09:59:25,744] {taskinstance.py:1357} INFO - Starting attempt 1 of 1
[2023-03-28 09:59:25,744] {taskinstance.py:1358} INFO - 
--------------------------------------------------------------------------------
[2023-03-28 09:59:25,756] {taskinstance.py:1377} INFO - Executing <Task(BashOperator): storing> on 2023-03-28 09:59:23.605581+00:00
[2023-03-28 09:59:25,762] {standard_task_runner.py:52} INFO - Started process 1316 to run task
[2023-03-28 09:59:25,765] {standard_task_runner.py:79} INFO - Running: ['***', 'tasks', 'run', 'defence_dag2', 'storing', 'manual__2023-03-28T09:59:23.605581+00:00', '--job-id', '4096', '--raw', '--subdir', 'DAGS_FOLDER/defese.py', '--cfg-path', '/tmp/tmp9vhowcfb', '--error-file', '/tmp/tmp0bgx_5ax']
[2023-03-28 09:59:25,766] {standard_task_runner.py:80} INFO - Job 4096: Subtask storing
[2023-03-28 09:59:25,816] {task_command.py:369} INFO - Running <TaskInstance: defence_dag2.storing manual__2023-03-28T09:59:23.605581+00:00 [running]> on host 70f8824ef075
[2023-03-28 09:59:25,885] {taskinstance.py:1571} INFO - Exporting the following env vars:
AIRFLOW_CTX_DAG_OWNER=***
AIRFLOW_CTX_DAG_ID=defence_dag2
AIRFLOW_CTX_TASK_ID=storing
AIRFLOW_CTX_EXECUTION_DATE=2023-03-28T09:59:23.605581+00:00
AIRFLOW_CTX_TRY_NUMBER=1
AIRFLOW_CTX_DAG_RUN_ID=manual__2023-03-28T09:59:23.605581+00:00
[2023-03-28 09:59:25,887] {subprocess.py:62} INFO - Tmp dir root location: 
 /tmp
[2023-03-28 09:59:25,887] {subprocess.py:74} INFO - Running command: ['bash', '-c', 'sleep 1']
[2023-03-28 09:59:25,897] {subprocess.py:85} INFO - Output:
[2023-03-28 09:59:26,900] {subprocess.py:96} INFO - Command exited with return code 0
[2023-03-28 09:59:26,945] {taskinstance.py:1400} INFO - Marking task as SUCCESS. dag_id=defence_dag2, task_id=storing, execution_date=20230328T095923, start_date=20230328T095925, end_date=20230328T095926
[2023-03-28 09:59:26,985] {local_task_job.py:156} INFO - Task exited with return code 0
[2023-03-28 09:59:27,139] {local_task_job.py:273} INFO - 1 downstream tasks scheduled from follow-on schedule check
