[2023-03-19 12:52:44,028] {taskinstance.py:1159} INFO - Dependencies all met for <TaskInstance: defence_dag2.defence1 manual__2023-03-19T12:52:39.583847+00:00 [queued]>
[2023-03-19 12:52:44,036] {taskinstance.py:1159} INFO - Dependencies all met for <TaskInstance: defence_dag2.defence1 manual__2023-03-19T12:52:39.583847+00:00 [queued]>
[2023-03-19 12:52:44,036] {taskinstance.py:1356} INFO - 
--------------------------------------------------------------------------------
[2023-03-19 12:52:44,037] {taskinstance.py:1357} INFO - Starting attempt 1 of 1
[2023-03-19 12:52:44,037] {taskinstance.py:1358} INFO - 
--------------------------------------------------------------------------------
[2023-03-19 12:52:44,048] {taskinstance.py:1377} INFO - Executing <Task(PythonOperator): defence1> on 2023-03-19 12:52:39.583847+00:00
[2023-03-19 12:52:44,051] {standard_task_runner.py:52} INFO - Started process 86 to run task
[2023-03-19 12:52:44,054] {standard_task_runner.py:79} INFO - Running: ['***', 'tasks', 'run', 'defence_dag2', 'defence1', 'manual__2023-03-19T12:52:39.583847+00:00', '--job-id', '1730', '--raw', '--subdir', 'DAGS_FOLDER/defese.py', '--cfg-path', '/tmp/tmpyn3g7mqq', '--error-file', '/tmp/tmpkr3vvovc']
[2023-03-19 12:52:44,055] {standard_task_runner.py:80} INFO - Job 1730: Subtask defence1
[2023-03-19 12:52:44,122] {task_command.py:369} INFO - Running <TaskInstance: defence_dag2.defence1 manual__2023-03-19T12:52:39.583847+00:00 [running]> on host e8c10a6b6dce
[2023-03-19 12:52:44,181] {taskinstance.py:1571} INFO - Exporting the following env vars:
AIRFLOW_CTX_DAG_OWNER=***
AIRFLOW_CTX_DAG_ID=defence_dag2
AIRFLOW_CTX_TASK_ID=defence1
AIRFLOW_CTX_EXECUTION_DATE=2023-03-19T12:52:39.583847+00:00
AIRFLOW_CTX_TRY_NUMBER=1
AIRFLOW_CTX_DAG_RUN_ID=manual__2023-03-19T12:52:39.583847+00:00
[2023-03-19 12:52:44,183] {logging_mixin.py:115} INFO - defensing
[2023-03-19 12:52:44,183] {python.py:173} INFO - Done. Returned value was: None
[2023-03-19 12:52:44,192] {taskinstance.py:1400} INFO - Marking task as SUCCESS. dag_id=defence_dag2, task_id=defence1, execution_date=20230319T125239, start_date=20230319T125244, end_date=20230319T125244
[2023-03-19 12:52:44,227] {local_task_job.py:156} INFO - Task exited with return code 0
[2023-03-19 12:52:44,266] {local_task_job.py:273} INFO - 1 downstream tasks scheduled from follow-on schedule check
