[2023-04-18 07:31:38,124] {taskinstance.py:1159} INFO - Dependencies all met for <TaskInstance: multi_attack_dag.to_attack_BasicIterativeMethod manual__2023-04-18T07:31:26.349457+00:00 [queued]>
[2023-04-18 07:31:38,154] {taskinstance.py:1159} INFO - Dependencies all met for <TaskInstance: multi_attack_dag.to_attack_BasicIterativeMethod manual__2023-04-18T07:31:26.349457+00:00 [queued]>
[2023-04-18 07:31:38,154] {taskinstance.py:1356} INFO - 
--------------------------------------------------------------------------------
[2023-04-18 07:31:38,157] {taskinstance.py:1357} INFO - Starting attempt 1 of 2
[2023-04-18 07:31:38,157] {taskinstance.py:1358} INFO - 
--------------------------------------------------------------------------------
[2023-04-18 07:31:38,193] {taskinstance.py:1377} INFO - Executing <Task(BranchPythonOperator): to_attack_BasicIterativeMethod> on 2023-04-18 07:31:26.349457+00:00
[2023-04-18 07:31:38,207] {standard_task_runner.py:52} INFO - Started process 4014 to run task
[2023-04-18 07:31:38,215] {standard_task_runner.py:79} INFO - Running: ['***', 'tasks', 'run', 'multi_attack_dag', 'to_attack_BasicIterativeMethod', 'manual__2023-04-18T07:31:26.349457+00:00', '--job-id', '5575', '--raw', '--subdir', 'DAGS_FOLDER/attack_dag.py', '--cfg-path', '/tmp/tmp98coa9zc', '--error-file', '/tmp/tmpx9mmip8a']
[2023-04-18 07:31:38,220] {standard_task_runner.py:80} INFO - Job 5575: Subtask to_attack_BasicIterativeMethod
[2023-04-18 07:31:38,345] {task_command.py:369} INFO - Running <TaskInstance: multi_attack_dag.to_attack_BasicIterativeMethod manual__2023-04-18T07:31:26.349457+00:00 [running]> on host a3dd7d962104
[2023-04-18 07:31:38,494] {taskinstance.py:1571} INFO - Exporting the following env vars:
AIRFLOW_CTX_DAG_OWNER=***
AIRFLOW_CTX_DAG_ID=multi_attack_dag
AIRFLOW_CTX_TASK_ID=to_attack_BasicIterativeMethod
AIRFLOW_CTX_EXECUTION_DATE=2023-04-18T07:31:26.349457+00:00
AIRFLOW_CTX_TRY_NUMBER=1
AIRFLOW_CTX_DAG_RUN_ID=manual__2023-04-18T07:31:26.349457+00:00
[2023-04-18 07:31:38,517] {python.py:173} INFO - Done. Returned value was: attack_BasicIterativeMethod
[2023-04-18 07:31:38,518] {skipmixin.py:140} INFO - Following branch attack_BasicIterativeMethod
[2023-04-18 07:31:38,519] {skipmixin.py:175} INFO - Skipping tasks ['default']
[2023-04-18 07:31:38,642] {taskinstance.py:1400} INFO - Marking task as SUCCESS. dag_id=multi_attack_dag, task_id=to_attack_BasicIterativeMethod, execution_date=20230418T073126, start_date=20230418T073138, end_date=20230418T073138
[2023-04-18 07:31:38,709] {local_task_job.py:156} INFO - Task exited with return code 0
[2023-04-18 07:31:38,814] {local_task_job.py:273} INFO - 1 downstream tasks scheduled from follow-on schedule check
