[2023-03-12 08:56:15,466] {taskinstance.py:1159} INFO - Dependencies all met for <TaskInstance: cycle.attack_FG scheduled__2023-01-04T00:00:00+00:00 [queued]>
[2023-03-12 08:56:15,493] {taskinstance.py:1159} INFO - Dependencies all met for <TaskInstance: cycle.attack_FG scheduled__2023-01-04T00:00:00+00:00 [queued]>
[2023-03-12 08:56:15,494] {taskinstance.py:1356} INFO - 
--------------------------------------------------------------------------------
[2023-03-12 08:56:15,494] {taskinstance.py:1357} INFO - Starting attempt 1 of 3
[2023-03-12 08:56:15,495] {taskinstance.py:1358} INFO - 
--------------------------------------------------------------------------------
[2023-03-12 08:56:15,557] {taskinstance.py:1377} INFO - Executing <Task(_PythonDecoratedOperator): attack_FG> on 2023-01-04 00:00:00+00:00
[2023-03-12 08:56:15,566] {standard_task_runner.py:52} INFO - Started process 143 to run task
[2023-03-12 08:56:15,589] {standard_task_runner.py:79} INFO - Running: ['***', 'tasks', 'run', 'cycle', 'attack_FG', 'scheduled__2023-01-04T00:00:00+00:00', '--job-id', '155', '--raw', '--subdir', 'DAGS_FOLDER/cycle_dag.py', '--cfg-path', '/tmp/tmpqmofrt57', '--error-file', '/tmp/tmpk_36er68']
[2023-03-12 08:56:15,599] {standard_task_runner.py:80} INFO - Job 155: Subtask attack_FG
[2023-03-12 08:56:15,842] {task_command.py:369} INFO - Running <TaskInstance: cycle.attack_FG scheduled__2023-01-04T00:00:00+00:00 [running]> on host 596adcca7378
[2023-03-12 08:56:16,176] {taskinstance.py:1571} INFO - Exporting the following env vars:
AIRFLOW_CTX_DAG_OWNER=***
AIRFLOW_CTX_DAG_ID=cycle
AIRFLOW_CTX_TASK_ID=attack_FG
AIRFLOW_CTX_EXECUTION_DATE=2023-01-04T00:00:00+00:00
AIRFLOW_CTX_TRY_NUMBER=1
AIRFLOW_CTX_DAG_RUN_ID=scheduled__2023-01-04T00:00:00+00:00
[2023-03-12 08:56:16,182] {python.py:173} INFO - Done. Returned value was: None
[2023-03-12 08:56:16,234] {taskinstance.py:1400} INFO - Marking task as SUCCESS. dag_id=cycle, task_id=attack_FG, execution_date=20230104T000000, start_date=20230312T085615, end_date=20230312T085616
[2023-03-12 08:56:16,307] {local_task_job.py:156} INFO - Task exited with return code 0
[2023-03-12 08:56:16,485] {local_task_job.py:273} INFO - 0 downstream tasks scheduled from follow-on schedule check
