[2023-03-19 15:37:46,544] {taskinstance.py:1159} INFO - Dependencies all met for <TaskInstance: defence_dag2.stop manual__2023-03-19T15:37:38.835733+00:00 [queued]>
[2023-03-19 15:37:46,552] {taskinstance.py:1159} INFO - Dependencies all met for <TaskInstance: defence_dag2.stop manual__2023-03-19T15:37:38.835733+00:00 [queued]>
[2023-03-19 15:37:46,552] {taskinstance.py:1356} INFO - 
--------------------------------------------------------------------------------
[2023-03-19 15:37:46,552] {taskinstance.py:1357} INFO - Starting attempt 1 of 1
[2023-03-19 15:37:46,553] {taskinstance.py:1358} INFO - 
--------------------------------------------------------------------------------
[2023-03-19 15:37:46,567] {taskinstance.py:1377} INFO - Executing <Task(PythonOperator): stop> on 2023-03-19 15:37:38.835733+00:00
[2023-03-19 15:37:46,571] {standard_task_runner.py:52} INFO - Started process 412 to run task
[2023-03-19 15:37:46,574] {standard_task_runner.py:79} INFO - Running: ['***', 'tasks', 'run', 'defence_dag2', 'stop', 'manual__2023-03-19T15:37:38.835733+00:00', '--job-id', '1895', '--raw', '--subdir', 'DAGS_FOLDER/defese.py', '--cfg-path', '/tmp/tmpke86qxhb', '--error-file', '/tmp/tmpnrmde8f2']
[2023-03-19 15:37:46,574] {standard_task_runner.py:80} INFO - Job 1895: Subtask stop
[2023-03-19 15:37:46,616] {task_command.py:369} INFO - Running <TaskInstance: defence_dag2.stop manual__2023-03-19T15:37:38.835733+00:00 [running]> on host 6447f1dacd32
[2023-03-19 15:37:46,670] {taskinstance.py:1571} INFO - Exporting the following env vars:
AIRFLOW_CTX_DAG_OWNER=***
AIRFLOW_CTX_DAG_ID=defence_dag2
AIRFLOW_CTX_TASK_ID=stop
AIRFLOW_CTX_EXECUTION_DATE=2023-03-19T15:37:38.835733+00:00
AIRFLOW_CTX_TRY_NUMBER=1
AIRFLOW_CTX_DAG_RUN_ID=manual__2023-03-19T15:37:38.835733+00:00
[2023-03-19 15:37:46,671] {python.py:173} INFO - Done. Returned value was: Cycle has ended
[2023-03-19 15:37:46,694] {taskinstance.py:1400} INFO - Marking task as SUCCESS. dag_id=defence_dag2, task_id=stop, execution_date=20230319T153738, start_date=20230319T153746, end_date=20230319T153746
[2023-03-19 15:37:46,747] {local_task_job.py:156} INFO - Task exited with return code 0
[2023-03-19 15:37:46,786] {local_task_job.py:273} INFO - 0 downstream tasks scheduled from follow-on schedule check
